5.4382 	WARNING 	We strongly recommend you activate the PTB sound engine in PsychoPy prefs as the preferred audio engine. Its timing is vastly superior. Your prefs are currently set to use ['sounddevice', 'PTB', 'pyo', 'pygame'] (in that order).
8.9659 	WARNING 	User requested fullscreen with size [1024  768], but screen is actually [1920, 1200]. Using actual size
10.9225 	EXP 	Created window1 = Window(allowGUI=False, allowStencil=False, args=UNKNOWN, autoLog=True, bitsMode=UNKNOWN, blendMode='avg', bpc=(8, 8, 8), color=array([0., 0., 0.]), colorSpace='rgb', depthBits=8, fullscr=<method-wrapper '__getattribute__' of attributeSetter object at 0x000001BE5942AA58>, gamma=None, gammaErrorPolicy='raise', kwargs=UNKNOWN, lms=UNKNOWN, monitor=<psychopy.monitors.calibTools.Monitor object at 0x000001BE59194C88>, multiSample=False, name='window1', numSamples=2, pos=[0.0, 0.0], screen=0, size=array([1920, 1200]), stencilBits=0, stereo=False, units='height', useFBO=True, useRetina=False, viewOri=0.0, viewPos=None, viewScale=None, waitBlanking=True, winType='pyglet')
10.9228 	EXP 	window1: mouseVisible = True
10.9229 	EXP 	window1: recordFrameIntervals = False
11.0879 	EXP 	window1: recordFrameIntervals = True
11.2720 	EXP 	window1: recordFrameIntervals = False
11.5361 	EXP 	Created instrTxt = TextStim(__class__=<class 'psychopy.visual.text.TextStim'>, alignHoriz=method-wrapper(...), alignText='center', alignVert=method-wrapper(...), anchorHoriz='center', anchorVert='center', antialias=True, autoLog=True, bold=False, color='white', colorSpace='named', contrast=1.0, depth=0.0, flipHoriz=False, flipVert=False, font='Arial', fontFiles=[], height=0.1, italic=False, languageStyle='LTR', name='instrTxt', opacity=1.0, ori=0, pos=array([0., 0.]), rgb=array([255., 255., 255.]), text=str(...), units='height', win=Window(...), wrapWidth=1)
11.5362 	EXP 	window1: mouseVisible = True
12.3109 	EXP 	Created Tstim = TextStim(__class__=<class 'psychopy.visual.text.TextStim'>, alignHoriz=method-wrapper(...), alignText='center', alignVert=method-wrapper(...), anchorHoriz='center', anchorVert='center', antialias=True, autoLog=True, bold=False, color='black', colorSpace='named', contrast=1.0, depth=-2.0, flipHoriz=False, flipVert=False, font='Arial', fontFiles=[], height=1.0, italic=False, languageStyle='LTR', name='Tstim', opacity=1.0, ori=0, pos=array([0., 0.]), rgb=array([0., 0., 0.]), text='T', units='height', win=Window(...), wrapWidth=1)
12.3122 	EXP 	Created Tstim_2 = TextStim(__class__=<class 'psychopy.visual.text.TextStim'>, alignHoriz=method-wrapper(...), alignText='center', alignVert=method-wrapper(...), anchorHoriz='center', anchorVert='center', antialias=True, autoLog=True, bold=False, color='black', colorSpace='named', contrast=1.0, depth=-3.0, flipHoriz=False, flipVert=False, font='Arial', fontFiles=[], height=1.0, italic=False, languageStyle='LTR', name='Tstim_2', opacity=1.0, ori=0, pos=array([0., 0.]), rgb=array([0., 0., 0.]), text='T', units='height', win=Window(...), wrapWidth=1)
12.3134 	EXP 	Created Tstim_3 = TextStim(__class__=<class 'psychopy.visual.text.TextStim'>, alignHoriz=method-wrapper(...), alignText='center', alignVert=method-wrapper(...), anchorHoriz='center', anchorVert='center', antialias=True, autoLog=True, bold=False, color='black', colorSpace='named', contrast=1.0, depth=-4.0, flipHoriz=False, flipVert=False, font='Arial', fontFiles=[], height=1.0, italic=False, languageStyle='LTR', name='Tstim_3', opacity=1.0, ori=0, pos=array([0., 0.]), rgb=array([0., 0., 0.]), text='T', units='height', win=Window(...), wrapWidth=1)
12.3145 	EXP 	Created Tstim_4 = TextStim(__class__=<class 'psychopy.visual.text.TextStim'>, alignHoriz=method-wrapper(...), alignText='center', alignVert=method-wrapper(...), anchorHoriz='center', anchorVert='center', antialias=True, autoLog=True, bold=False, color='black', colorSpace='named', contrast=1.0, depth=-5.0, flipHoriz=False, flipVert=False, font='Arial', fontFiles=[], height=1.0, italic=False, languageStyle='LTR', name='Tstim_4', opacity=1.0, ori=0, pos=array([0., 0.]), rgb=array([0., 0., 0.]), text='T', units='height', win=Window(...), wrapWidth=1)
12.3156 	EXP 	Created Tstim_5 = TextStim(__class__=<class 'psychopy.visual.text.TextStim'>, alignHoriz=method-wrapper(...), alignText='center', alignVert=method-wrapper(...), anchorHoriz='center', anchorVert='center', antialias=True, autoLog=True, bold=False, color='black', colorSpace='named', contrast=1.0, depth=-6.0, flipHoriz=False, flipVert=False, font='Arial', fontFiles=[], height=1.0, italic=False, languageStyle='LTR', name='Tstim_5', opacity=1.0, ori=0, pos=array([0., 0.]), rgb=array([0., 0., 0.]), text='T', units='height', win=Window(...), wrapWidth=1)
12.3168 	EXP 	Created Tstim_6 = TextStim(__class__=<class 'psychopy.visual.text.TextStim'>, alignHoriz=method-wrapper(...), alignText='center', alignVert=method-wrapper(...), anchorHoriz='center', anchorVert='center', antialias=True, autoLog=True, bold=False, color='black', colorSpace='named', contrast=1.0, depth=-7.0, flipHoriz=False, flipVert=False, font='Arial', fontFiles=[], height=1.0, italic=False, languageStyle='LTR', name='Tstim_6', opacity=1.0, ori=0, pos=array([0., 0.]), rgb=array([0., 0., 0.]), text='T', units='height', win=Window(...), wrapWidth=1)
12.3190 	EXP 	Created Tstim_7 = TextStim(__class__=<class 'psychopy.visual.text.TextStim'>, alignHoriz=method-wrapper(...), alignText='center', alignVert=method-wrapper(...), anchorHoriz='center', anchorVert='center', antialias=True, autoLog=True, bold=False, color='black', colorSpace='named', contrast=1.0, depth=-8.0, flipHoriz=False, flipVert=False, font='Arial', fontFiles=[], height=1.0, italic=False, languageStyle='LTR', name='Tstim_7', opacity=1.0, ori=0, pos=array([0., 0.]), rgb=array([0., 0., 0.]), text='T', units='height', win=Window(...), wrapWidth=1)
12.3206 	EXP 	Created Tstim_8 = TextStim(__class__=<class 'psychopy.visual.text.TextStim'>, alignHoriz=method-wrapper(...), alignText='center', alignVert=method-wrapper(...), anchorHoriz='center', anchorVert='center', antialias=True, autoLog=True, bold=False, color='black', colorSpace='named', contrast=1.0, depth=-9.0, flipHoriz=False, flipVert=False, font='Arial', fontFiles=[], height=1.0, italic=False, languageStyle='LTR', name='Tstim_8', opacity=1.0, ori=0, pos=array([0., 0.]), rgb=array([0., 0., 0.]), text='T', units='height', win=Window(...), wrapWidth=1)
12.3226 	EXP 	Created Tstim_9 = TextStim(__class__=<class 'psychopy.visual.text.TextStim'>, alignHoriz=method-wrapper(...), alignText='center', alignVert=method-wrapper(...), anchorHoriz='center', anchorVert='center', antialias=True, autoLog=True, bold=False, color='black', colorSpace='named', contrast=1.0, depth=-10.0, flipHoriz=False, flipVert=False, font='Arial', fontFiles=[], height=1.0, italic=False, languageStyle='LTR', name='Tstim_9', opacity=1.0, ori=0, pos=array([0., 0.]), rgb=array([0., 0., 0.]), text='T', units='height', win=Window(...), wrapWidth=1)
12.3247 	EXP 	Created Tstim_10 = TextStim(__class__=<class 'psychopy.visual.text.TextStim'>, alignHoriz=method-wrapper(...), alignText='center', alignVert=method-wrapper(...), anchorHoriz='center', anchorVert='center', antialias=True, autoLog=True, bold=False, color='black', colorSpace='named', contrast=1.0, depth=-11.0, flipHoriz=False, flipVert=False, font='Arial', fontFiles=[], height=1.0, italic=False, languageStyle='LTR', name='Tstim_10', opacity=1.0, ori=0, pos=array([0., 0.]), rgb=array([0., 0., 0.]), text='T', units='height', win=Window(...), wrapWidth=1)
12.3268 	EXP 	Created Tstim_11 = TextStim(__class__=<class 'psychopy.visual.text.TextStim'>, alignHoriz=method-wrapper(...), alignText='center', alignVert=method-wrapper(...), anchorHoriz='center', anchorVert='center', antialias=True, autoLog=True, bold=False, color='black', colorSpace='named', contrast=1.0, depth=-12.0, flipHoriz=False, flipVert=False, font='Arial', fontFiles=[], height=1.0, italic=False, languageStyle='LTR', name='Tstim_11', opacity=1.0, ori=0, pos=array([0., 0.]), rgb=array([0., 0., 0.]), text='T', units='height', win=Window(...), wrapWidth=1)
12.3288 	EXP 	Created Tstim_12 = TextStim(__class__=<class 'psychopy.visual.text.TextStim'>, alignHoriz=method-wrapper(...), alignText='center', alignVert=method-wrapper(...), anchorHoriz='center', anchorVert='center', antialias=True, autoLog=True, bold=False, color='black', colorSpace='named', contrast=1.0, depth=-13.0, flipHoriz=False, flipVert=False, font='Arial', fontFiles=[], height=1.0, italic=False, languageStyle='LTR', name='Tstim_12', opacity=1.0, ori=0, pos=array([0., 0.]), rgb=array([0., 0., 0.]), text='T', units='height', win=Window(...), wrapWidth=1)
12.3308 	EXP 	Created Tstim_13 = TextStim(__class__=<class 'psychopy.visual.text.TextStim'>, alignHoriz=method-wrapper(...), alignText='center', alignVert=method-wrapper(...), anchorHoriz='center', anchorVert='center', antialias=True, autoLog=True, bold=False, color='black', colorSpace='named', contrast=1.0, depth=-14.0, flipHoriz=False, flipVert=False, font='Arial', fontFiles=[], height=1.0, italic=False, languageStyle='LTR', name='Tstim_13', opacity=1.0, ori=0, pos=array([0., 0.]), rgb=array([0., 0., 0.]), text='T', units='height', win=Window(...), wrapWidth=1)
12.3336 	EXP 	Created Tstim_14 = TextStim(__class__=<class 'psychopy.visual.text.TextStim'>, alignHoriz=method-wrapper(...), alignText='center', alignVert=method-wrapper(...), anchorHoriz='center', anchorVert='center', antialias=True, autoLog=True, bold=False, color='black', colorSpace='named', contrast=1.0, depth=-15.0, flipHoriz=False, flipVert=False, font='Arial', fontFiles=[], height=1.0, italic=False, languageStyle='LTR', name='Tstim_14', opacity=1.0, ori=0, pos=array([0., 0.]), rgb=array([0., 0., 0.]), text='T', units='height', win=Window(...), wrapWidth=1)
12.3365 	EXP 	Created Tstim_15 = TextStim(__class__=<class 'psychopy.visual.text.TextStim'>, alignHoriz=method-wrapper(...), alignText='center', alignVert=method-wrapper(...), anchorHoriz='center', anchorVert='center', antialias=True, autoLog=True, bold=False, color='black', colorSpace='named', contrast=1.0, depth=-16.0, flipHoriz=False, flipVert=False, font='Arial', fontFiles=[], height=1.0, italic=False, languageStyle='LTR', name='Tstim_15', opacity=1.0, ori=0, pos=array([0., 0.]), rgb=array([0., 0., 0.]), text='T', units='height', win=Window(...), wrapWidth=1)
12.3391 	EXP 	Created Tstim_16 = TextStim(__class__=<class 'psychopy.visual.text.TextStim'>, alignHoriz=method-wrapper(...), alignText='center', alignVert=method-wrapper(...), anchorHoriz='center', anchorVert='center', antialias=True, autoLog=True, bold=False, color='black', colorSpace='named', contrast=1.0, depth=-17.0, flipHoriz=False, flipVert=False, font='Arial', fontFiles=[], height=1.0, italic=False, languageStyle='LTR', name='Tstim_16', opacity=1.0, ori=0, pos=array([0., 0.]), rgb=array([0., 0., 0.]), text='T', units='height', win=Window(...), wrapWidth=1)
12.3415 	EXP 	Created Tstim_17 = TextStim(__class__=<class 'psychopy.visual.text.TextStim'>, alignHoriz=method-wrapper(...), alignText='center', alignVert=method-wrapper(...), anchorHoriz='center', anchorVert='center', antialias=True, autoLog=True, bold=False, color='black', colorSpace='named', contrast=1.0, depth=-18.0, flipHoriz=False, flipVert=False, font='Arial', fontFiles=[], height=1.0, italic=False, languageStyle='LTR', name='Tstim_17', opacity=1.0, ori=0, pos=array([0., 0.]), rgb=array([0., 0., 0.]), text='T', units='height', win=Window(...), wrapWidth=1)
12.3445 	EXP 	Created Tstim_18 = TextStim(__class__=<class 'psychopy.visual.text.TextStim'>, alignHoriz=method-wrapper(...), alignText='center', alignVert=method-wrapper(...), anchorHoriz='center', anchorVert='center', antialias=True, autoLog=True, bold=False, color='black', colorSpace='named', contrast=1.0, depth=-19.0, flipHoriz=False, flipVert=False, font='Arial', fontFiles=[], height=1.0, italic=False, languageStyle='LTR', name='Tstim_18', opacity=1.0, ori=0, pos=array([0., 0.]), rgb=array([0., 0., 0.]), text='T', units='height', win=Window(...), wrapWidth=1)
12.3482 	EXP 	Created Tstim_19 = TextStim(__class__=<class 'psychopy.visual.text.TextStim'>, alignHoriz=method-wrapper(...), alignText='center', alignVert=method-wrapper(...), anchorHoriz='center', anchorVert='center', antialias=True, autoLog=True, bold=False, color='black', colorSpace='named', contrast=1.0, depth=-20.0, flipHoriz=False, flipVert=False, font='Arial', fontFiles=[], height=1.0, italic=False, languageStyle='LTR', name='Tstim_19', opacity=1.0, ori=0, pos=array([0., 0.]), rgb=array([0., 0., 0.]), text='T', units='height', win=Window(...), wrapWidth=1)
12.3504 	EXP 	Created Tstim_20 = TextStim(__class__=<class 'psychopy.visual.text.TextStim'>, alignHoriz=method-wrapper(...), alignText='center', alignVert=method-wrapper(...), anchorHoriz='center', anchorVert='center', antialias=True, autoLog=True, bold=False, color='black', colorSpace='named', contrast=1.0, depth=-21.0, flipHoriz=False, flipVert=False, font='Arial', fontFiles=[], height=1.0, italic=False, languageStyle='LTR', name='Tstim_20', opacity=1.0, ori=0, pos=array([0., 0.]), rgb=array([0., 0., 0.]), text='T', units='height', win=Window(...), wrapWidth=1)
12.4854 	EXP 	Created Lstim = TextStim(__class__=<class 'psychopy.visual.text.TextStim'>, alignHoriz=method-wrapper(...), alignText='center', alignVert=method-wrapper(...), anchorHoriz='center', anchorVert='center', antialias=True, autoLog=True, bold=False, color='black', colorSpace='named', contrast=1.0, depth=-22.0, flipHoriz=False, flipVert=False, font='Arial', fontFiles=[], height=1.0, italic=False, languageStyle='LTR', name='Lstim', opacity=1.0, ori=0, pos=array([0., 0.]), rgb=array([0., 0., 0.]), text='L', units='height', win=Window(...), wrapWidth=1)
12.4855 	EXP 	window1: mouseVisible = True
12.4949 	EXP 	Created text = TextStim(__class__=<class 'psychopy.visual.text.TextStim'>, alignHoriz=method-wrapper(...), alignText='center', alignVert=method-wrapper(...), anchorHoriz='center', anchorVert='center', antialias=True, autoLog=True, bold=False, color='white', colorSpace='named', contrast=1.0, depth=-1.0, flipHoriz=False, flipVert=False, font='Arial', fontFiles=[], height=0.1, italic=False, languageStyle='LTR', name='text', opacity=1.0, ori=0, pos=array([0., 0.]), rgb=array([255., 255., 255.]), text='default text', units='height', win=Window(...), wrapWidth=1)
12.5404 	EXP 	instrTxt: autoDraw = True
13.2580 	DATA 	Mouse: Left button down, pos=(838,687)
13.2606 	EXP 	Created sequence: random, trialTypes=1, nReps=5, seed=None
13.2610 	EXP 	New trial (rep=0, index=0): None
13.3414 	DATA 	Mouse:  Left button up, pos=(838,687)
13.3949 	EXP 	instrTxt: autoDraw = False
13.3949 	EXP 	Lstim: ori = 302.0
13.3949 	EXP 	Tstim: ori = 304.0
13.3949 	EXP 	Tstim_2: ori = 94.0
13.3949 	EXP 	Tstim_3: ori = 341.0
13.3949 	EXP 	Tstim_4: ori = 315.0
13.3949 	EXP 	Tstim_5: ori = 101.0
13.3949 	EXP 	Tstim_6: ori = 99.0
13.3949 	EXP 	Tstim_7: ori = 1.0
13.3949 	EXP 	Tstim_8: ori = 86.0
13.3949 	EXP 	Tstim_9: ori = 349.0
13.3949 	EXP 	Tstim_10: ori = 10.0
13.3949 	EXP 	Tstim_11: ori = 95.0
13.3949 	EXP 	Tstim_12: ori = 307.0
13.3949 	EXP 	Tstim_13: ori = 78.0
13.3949 	EXP 	Tstim_14: ori = 295.0
13.3949 	EXP 	Tstim_15: ori = 332.0
13.3949 	EXP 	Tstim_16: ori = 195.0
13.3949 	EXP 	Tstim_17: ori = 101.0
13.3949 	EXP 	Tstim_18: ori = 349.0
13.3949 	EXP 	Tstim_19: ori = 214.0
13.3949 	EXP 	Tstim_20: ori = 93.0
13.3949 	EXP 	Tstim: opacity = 0.5
13.3949 	EXP 	Tstim: pos = array([-0.3, -0.3])
13.3949 	EXP 	Tstim: height = 0.1
13.3949 	EXP 	Tstim_2: opacity = 0.5
13.3949 	EXP 	Tstim_2: height = 0.1
13.3949 	EXP 	Tstim_3: opacity = 0.5
13.3949 	EXP 	Tstim_3: pos = array([-0.09, -0.24])
13.3949 	EXP 	Tstim_3: height = 0.1
13.3949 	EXP 	Tstim_4: opacity = 0.5
13.3949 	EXP 	Tstim_4: pos = array([ 0.24, -0.18])
13.3949 	EXP 	Tstim_4: height = 0.1
13.3949 	EXP 	Tstim_5: opacity = 0.5
13.3949 	EXP 	Tstim_5: pos = array([-0.24,  0.09])
13.3949 	EXP 	Tstim_5: height = 0.1
13.3949 	EXP 	Tstim_6: opacity = 0.5
13.3949 	EXP 	Tstim_6: pos = array([-0.06,  0.18])
13.3949 	EXP 	Tstim_6: height = 0.1
13.3949 	EXP 	Tstim_7: opacity = 0.5
13.3949 	EXP 	Tstim_7: pos = array([0.15, 0.24])
13.3949 	EXP 	Tstim_7: height = 0.1
13.3949 	EXP 	Tstim_8: opacity = 0.5
13.3949 	EXP 	Tstim_8: pos = array([0.3 , 0.27])
13.3949 	EXP 	Tstim_8: height = 0.1
13.3949 	EXP 	Tstim_9: opacity = 0.5
13.3949 	EXP 	Tstim_9: pos = array([-0.27,  0.12])
13.3949 	EXP 	Tstim_9: height = 0.1
13.3949 	EXP 	Tstim_10: opacity = 0.5
13.3949 	EXP 	Tstim_10: pos = array([ 0.  , -0.21])
13.3949 	EXP 	Tstim_10: height = 0.1
13.3949 	EXP 	Tstim_11: opacity = 0.5
13.3949 	EXP 	Tstim_11: pos = array([-0.12,  0.3 ])
13.3949 	EXP 	Tstim_11: height = 0.1
13.3949 	EXP 	Tstim_12: opacity = 0.5
13.3949 	EXP 	Tstim_12: pos = array([-0.03,  0.15])
13.3949 	EXP 	Tstim_12: height = 0.1
13.3949 	EXP 	Tstim_13: opacity = 0.5
13.3949 	EXP 	Tstim_13: pos = array([0.06, 0.03])
13.3949 	EXP 	Tstim_13: height = 0.1
13.3949 	EXP 	Tstim_14: opacity = 0.5
13.3949 	EXP 	Tstim_14: pos = array([-0.15, -0.03])
13.3949 	EXP 	Tstim_14: height = 0.1
13.3949 	EXP 	Tstim_15: opacity = 0.5
13.3949 	EXP 	Tstim_15: pos = array([-0.18, -0.27])
13.3949 	EXP 	Tstim_15: height = 0.1
13.3949 	EXP 	Tstim_16: opacity = 0.5
13.3949 	EXP 	Tstim_16: pos = array([ 0.03, -0.12])
13.3949 	EXP 	Tstim_16: height = 0.1
13.3949 	EXP 	Tstim_17: opacity = 0.5
13.3949 	EXP 	Tstim_17: pos = array([0.27, 0.06])
13.3949 	EXP 	Tstim_17: height = 0.1
13.3949 	EXP 	Tstim_18: opacity = 0.5
13.3949 	EXP 	Tstim_18: pos = array([0.09, 0.21])
13.3949 	EXP 	Tstim_18: height = 0.1
13.3949 	EXP 	Tstim_19: opacity = 0.5
13.3949 	EXP 	Tstim_19: pos = array([ 0.21, -0.15])
13.3949 	EXP 	Tstim_19: height = 0.1
13.3949 	EXP 	Tstim_20: opacity = 0.5
13.3949 	EXP 	Tstim_20: pos = array([ 0.12, -0.09])
13.3949 	EXP 	Tstim_20: height = 0.1
13.3949 	EXP 	Lstim: opacity = 0.5
13.3949 	EXP 	Lstim: pos = array([0.18, 0.  ])
13.3949 	EXP 	Lstim: height = 0.1
13.3949 	EXP 	Tstim: autoDraw = True
13.3949 	EXP 	Tstim_2: autoDraw = True
13.3949 	EXP 	Tstim_3: autoDraw = True
13.3949 	EXP 	Tstim_4: autoDraw = True
13.3949 	EXP 	Tstim_5: autoDraw = True
13.3949 	EXP 	Tstim_6: autoDraw = True
13.3949 	EXP 	Tstim_7: autoDraw = True
13.3949 	EXP 	Tstim_8: autoDraw = True
13.3949 	EXP 	Tstim_9: autoDraw = True
13.3949 	EXP 	Tstim_10: autoDraw = True
13.3949 	EXP 	Tstim_11: autoDraw = True
13.3949 	EXP 	Tstim_12: autoDraw = True
13.3949 	EXP 	Tstim_13: autoDraw = True
13.3949 	EXP 	Tstim_14: autoDraw = True
13.3949 	EXP 	Tstim_15: autoDraw = True
13.3949 	EXP 	Tstim_16: autoDraw = True
13.3949 	EXP 	Tstim_17: autoDraw = True
13.3949 	EXP 	Tstim_18: autoDraw = True
13.3949 	EXP 	Tstim_19: autoDraw = True
13.3949 	EXP 	Tstim_20: autoDraw = True
13.3949 	EXP 	Lstim: autoDraw = True
13.3949 	EXP 	Tstim: text = 'T'
13.3949 	EXP 	Tstim_2: text = 'T'
13.3949 	EXP 	Tstim_3: text = 'T'
13.3949 	EXP 	Tstim_4: text = 'T'
13.3949 	EXP 	Tstim_5: text = 'T'
13.3949 	EXP 	Tstim_6: text = 'T'
13.3949 	EXP 	Tstim_7: text = 'T'
13.3949 	EXP 	Tstim_8: text = 'T'
13.3949 	EXP 	Tstim_9: text = 'T'
13.3949 	EXP 	Tstim_10: text = 'T'
13.3949 	EXP 	Tstim_11: text = 'T'
13.3949 	EXP 	Tstim_12: text = 'T'
13.3949 	EXP 	Tstim_13: text = 'T'
13.3949 	EXP 	Tstim_14: text = 'T'
13.3949 	EXP 	Tstim_15: text = 'T'
13.3949 	EXP 	Tstim_16: text = 'T'
13.3949 	EXP 	Tstim_17: text = 'T'
13.3949 	EXP 	Tstim_18: text = 'T'
13.3949 	EXP 	Tstim_19: text = 'T'
13.3949 	EXP 	Tstim_20: text = 'T'
13.3949 	EXP 	Lstim: text = 'L'
16.3264 	DATA 	Mouse: Left button down, pos=(1216,580)
16.3852 	EXP 	Tstim: autoDraw = False
16.3852 	EXP 	Tstim_2: autoDraw = False
16.3852 	EXP 	Tstim_3: autoDraw = False
16.3852 	EXP 	Tstim_4: autoDraw = False
16.3852 	EXP 	Tstim_5: autoDraw = False
16.3852 	EXP 	Tstim_6: autoDraw = False
16.3852 	EXP 	Tstim_7: autoDraw = False
16.3852 	EXP 	Tstim_8: autoDraw = False
16.3852 	EXP 	Tstim_9: autoDraw = False
16.3852 	EXP 	Tstim_10: autoDraw = False
16.3852 	EXP 	Tstim_11: autoDraw = False
16.3852 	EXP 	Tstim_12: autoDraw = False
16.3852 	EXP 	Tstim_13: autoDraw = False
16.3852 	EXP 	Tstim_14: autoDraw = False
16.3852 	EXP 	Tstim_15: autoDraw = False
16.3852 	EXP 	Tstim_16: autoDraw = False
16.3852 	EXP 	Tstim_17: autoDraw = False
16.3852 	EXP 	Tstim_18: autoDraw = False
16.3852 	EXP 	Tstim_19: autoDraw = False
16.3852 	EXP 	Tstim_20: autoDraw = False
16.3852 	EXP 	Lstim: autoDraw = False
16.3852 	EXP 	text: text = 'Inorrect'
16.3852 	EXP 	text: autoDraw = True
16.4132 	DATA 	Mouse:  Left button up, pos=(1216,580)
17.3448 	EXP 	New trial (rep=1, index=0): None
17.4761 	EXP 	text: autoDraw = False
17.4761 	EXP 	Lstim: ori = 83.0
17.4761 	EXP 	Tstim: ori = 275.0
17.4761 	EXP 	Tstim_2: ori = 354.0
17.4761 	EXP 	Tstim_3: ori = 351.0
17.4761 	EXP 	Tstim_4: ori = 77.0
17.4761 	EXP 	Tstim_5: ori = 111.0
17.4761 	EXP 	Tstim_6: ori = 152.0
17.4761 	EXP 	Tstim_7: ori = 98.0
17.4761 	EXP 	Tstim_8: ori = 121.0
17.4761 	EXP 	Tstim_9: ori = 165.0
17.4761 	EXP 	Tstim_10: ori = 353.0
17.4761 	EXP 	Tstim_11: ori = 72.0
17.4761 	EXP 	Tstim_12: ori = 151.0
17.4761 	EXP 	Tstim_13: ori = 349.0
17.4761 	EXP 	Tstim_14: ori = 191.0
17.4761 	EXP 	Tstim_15: ori = 328.0
17.4761 	EXP 	Tstim_16: ori = 5.0
17.4761 	EXP 	Tstim_17: ori = 85.0
17.4761 	EXP 	Tstim_18: ori = 134.0
17.4761 	EXP 	Tstim_19: ori = 337.0
17.4761 	EXP 	Tstim_20: ori = 213.0
17.4761 	EXP 	Tstim: opacity = 0.5
17.4761 	EXP 	Tstim: pos = array([0.09, 0.18])
17.4761 	EXP 	Tstim: height = 0.1
17.4761 	EXP 	Tstim_2: opacity = 0.5
17.4761 	EXP 	Tstim_2: height = 0.1
17.4761 	EXP 	Tstim_3: opacity = 0.5
17.4761 	EXP 	Tstim_3: pos = array([-0.27,  0.15])
17.4761 	EXP 	Tstim_3: height = 0.1
17.4761 	EXP 	Tstim_4: opacity = 0.5
17.4761 	EXP 	Tstim_4: pos = array([-0.03, -0.24])
17.4761 	EXP 	Tstim_4: height = 0.1
17.4761 	EXP 	Tstim_5: opacity = 0.5
17.4761 	EXP 	Tstim_5: pos = array([-0.12, -0.06])
17.4761 	EXP 	Tstim_5: height = 0.1
17.4761 	EXP 	Tstim_6: opacity = 0.5
17.4761 	EXP 	Tstim_6: pos = array([0.3 , 0.03])
17.4761 	EXP 	Tstim_6: height = 0.1
17.4761 	EXP 	Tstim_7: opacity = 0.5
17.4761 	EXP 	Tstim_7: pos = array([ 0.06, -0.12])
17.4761 	EXP 	Tstim_7: height = 0.1
17.4761 	EXP 	Tstim_8: opacity = 0.5
17.4761 	EXP 	Tstim_8: pos = array([0.24, 0.  ])
17.4761 	EXP 	Tstim_8: height = 0.1
17.4761 	EXP 	Tstim_9: opacity = 0.5
17.4761 	EXP 	Tstim_9: pos = array([ 0.18, -0.21])
17.4761 	EXP 	Tstim_9: height = 0.1
17.4761 	EXP 	Tstim_10: opacity = 0.5
17.4761 	EXP 	Tstim_10: pos = array([-0.21, -0.09])
17.4761 	EXP 	Tstim_10: height = 0.1
17.4761 	EXP 	Tstim_11: opacity = 0.5
17.4761 	EXP 	Tstim_11: pos = array([0.12, 0.24])
17.4761 	EXP 	Tstim_11: height = 0.1
17.4761 	EXP 	Tstim_12: opacity = 0.5
17.4761 	EXP 	Tstim_12: pos = array([-0.15, -0.27])
17.4761 	EXP 	Tstim_12: height = 0.1
17.4761 	EXP 	Tstim_13: opacity = 0.5
17.4761 	EXP 	Tstim_13: pos = array([0.21, 0.21])
17.4761 	EXP 	Tstim_13: height = 0.1
17.4761 	EXP 	Tstim_14: opacity = 0.5
17.4761 	EXP 	Tstim_14: pos = array([ 0.  , -0.03])
17.4761 	EXP 	Tstim_14: height = 0.1
17.4761 	EXP 	Tstim_15: opacity = 0.5
17.4761 	EXP 	Tstim_15: pos = array([-0.3 ,  0.06])
17.4761 	EXP 	Tstim_15: height = 0.1
17.4761 	EXP 	Tstim_16: opacity = 0.5
17.4761 	EXP 	Tstim_16: pos = array([-0.18, -0.15])
17.4761 	EXP 	Tstim_16: height = 0.1
17.4761 	EXP 	Tstim_17: opacity = 0.5
17.4761 	EXP 	Tstim_17: pos = array([-0.24,  0.12])
17.4761 	EXP 	Tstim_17: height = 0.1
17.4761 	EXP 	Tstim_18: opacity = 0.5
17.4761 	EXP 	Tstim_18: pos = array([ 0.15, -0.3 ])
17.4761 	EXP 	Tstim_18: height = 0.1
17.4761 	EXP 	Tstim_19: opacity = 0.5
17.4761 	EXP 	Tstim_19: pos = array([0.27, 0.27])
17.4761 	EXP 	Tstim_19: height = 0.1
17.4761 	EXP 	Tstim_20: opacity = 0.5
17.4761 	EXP 	Tstim_20: pos = array([-0.06, -0.18])
17.4761 	EXP 	Tstim_20: height = 0.1
17.4761 	EXP 	Lstim: opacity = 0.5
17.4761 	EXP 	Lstim: pos = array([-0.09,  0.3 ])
17.4761 	EXP 	Lstim: height = 0.1
17.4761 	EXP 	Tstim: autoDraw = True
17.4761 	EXP 	Tstim_2: autoDraw = True
17.4761 	EXP 	Tstim_3: autoDraw = True
17.4761 	EXP 	Tstim_4: autoDraw = True
17.4761 	EXP 	Tstim_5: autoDraw = True
17.4761 	EXP 	Tstim_6: autoDraw = True
17.4761 	EXP 	Tstim_7: autoDraw = True
17.4761 	EXP 	Tstim_8: autoDraw = True
17.4761 	EXP 	Tstim_9: autoDraw = True
17.4761 	EXP 	Tstim_10: autoDraw = True
17.4761 	EXP 	Tstim_11: autoDraw = True
17.4761 	EXP 	Tstim_12: autoDraw = True
17.4761 	EXP 	Tstim_13: autoDraw = True
17.4761 	EXP 	Tstim_14: autoDraw = True
17.4761 	EXP 	Tstim_15: autoDraw = True
17.4761 	EXP 	Tstim_16: autoDraw = True
17.4761 	EXP 	Tstim_17: autoDraw = True
17.4761 	EXP 	Tstim_18: autoDraw = True
17.4761 	EXP 	Tstim_19: autoDraw = True
17.4761 	EXP 	Tstim_20: autoDraw = True
17.4761 	EXP 	Lstim: autoDraw = True
17.4761 	EXP 	Tstim: text = 'T'
17.4761 	EXP 	Tstim_2: text = 'T'
17.4761 	EXP 	Tstim_3: text = 'T'
17.4761 	EXP 	Tstim_4: text = 'T'
17.4761 	EXP 	Tstim_5: text = 'T'
17.4761 	EXP 	Tstim_6: text = 'T'
17.4761 	EXP 	Tstim_7: text = 'T'
17.4761 	EXP 	Tstim_8: text = 'T'
17.4761 	EXP 	Tstim_9: text = 'T'
17.4761 	EXP 	Tstim_10: text = 'T'
17.4761 	EXP 	Tstim_11: text = 'T'
17.4761 	EXP 	Tstim_12: text = 'T'
17.4761 	EXP 	Tstim_13: text = 'T'
17.4761 	EXP 	Tstim_14: text = 'T'
17.4761 	EXP 	Tstim_15: text = 'T'
17.4761 	EXP 	Tstim_16: text = 'T'
17.4761 	EXP 	Tstim_17: text = 'T'
17.4761 	EXP 	Tstim_18: text = 'T'
17.4761 	EXP 	Tstim_19: text = 'T'
17.4761 	EXP 	Tstim_20: text = 'T'
17.4761 	EXP 	Lstim: text = 'L'
18.0056 	DATA 	Keypress: escape
18.3553 	EXP 	window1: mouseVisible = True
