5.3813 	WARNING 	We strongly recommend you activate the PTB sound engine in PsychoPy prefs as the preferred audio engine. Its timing is vastly superior. Your prefs are currently set to use ['sounddevice', 'PTB', 'pyo', 'pygame'] (in that order).
9.6120 	WARNING 	User requested fullscreen with size [1024  768], but screen is actually [1920, 1200]. Using actual size
11.5080 	EXP 	Created window1 = Window(allowGUI=False, allowStencil=False, args=UNKNOWN, autoLog=True, bitsMode=UNKNOWN, blendMode='avg', bpc=(8, 8, 8), color=array([0., 0., 0.]), colorSpace='rgb', depthBits=8, fullscr=<method-wrapper '__getattribute__' of attributeSetter object at 0x00000162657ABAC8>, gamma=None, gammaErrorPolicy='raise', kwargs=UNKNOWN, lms=UNKNOWN, monitor=<psychopy.monitors.calibTools.Monitor object at 0x0000016265503CF8>, multiSample=False, name='window1', numSamples=2, pos=[0.0, 0.0], screen=0, size=array([1920, 1200]), stencilBits=0, stereo=False, units='height', useFBO=True, useRetina=False, viewOri=0.0, viewPos=None, viewScale=None, waitBlanking=True, winType='pyglet')
11.5084 	EXP 	window1: mouseVisible = True
11.5084 	EXP 	window1: recordFrameIntervals = False
11.6740 	EXP 	window1: recordFrameIntervals = True
11.8578 	EXP 	window1: recordFrameIntervals = False
12.1233 	EXP 	Created instrTxt = TextStim(__class__=<class 'psychopy.visual.text.TextStim'>, alignHoriz=method-wrapper(...), alignText='center', alignVert=method-wrapper(...), anchorHoriz='center', anchorVert='center', antialias=True, autoLog=True, bold=False, color='white', colorSpace='named', contrast=1.0, depth=0.0, flipHoriz=False, flipVert=False, font='Arial', fontFiles=[], height=0.1, italic=False, languageStyle='LTR', name='instrTxt', opacity=1.0, ori=0, pos=array([0., 0.]), rgb=array([255., 255., 255.]), text=str(...), units='height', win=Window(...), wrapWidth=1)
12.1235 	EXP 	window1: mouseVisible = True
13.0470 	EXP 	Created Tstim = TextStim(__class__=<class 'psychopy.visual.text.TextStim'>, alignHoriz=method-wrapper(...), alignText='center', alignVert=method-wrapper(...), anchorHoriz='center', anchorVert='center', antialias=True, autoLog=True, bold=False, color='black', colorSpace='named', contrast=1.0, depth=-2.0, flipHoriz=False, flipVert=False, font='Arial', fontFiles=[], height=1.0, italic=False, languageStyle='LTR', name='Tstim', opacity=1.0, ori=0, pos=array([0., 0.]), rgb=array([0., 0., 0.]), text='T', units='height', win=Window(...), wrapWidth=1)
13.0493 	EXP 	Created Tstim_2 = TextStim(__class__=<class 'psychopy.visual.text.TextStim'>, alignHoriz=method-wrapper(...), alignText='center', alignVert=method-wrapper(...), anchorHoriz='center', anchorVert='center', antialias=True, autoLog=True, bold=False, color='black', colorSpace='named', contrast=1.0, depth=-3.0, flipHoriz=False, flipVert=False, font='Arial', fontFiles=[], height=1.0, italic=False, languageStyle='LTR', name='Tstim_2', opacity=1.0, ori=0, pos=array([0., 0.]), rgb=array([0., 0., 0.]), text='T', units='height', win=Window(...), wrapWidth=1)
13.0517 	EXP 	Created Tstim_3 = TextStim(__class__=<class 'psychopy.visual.text.TextStim'>, alignHoriz=method-wrapper(...), alignText='center', alignVert=method-wrapper(...), anchorHoriz='center', anchorVert='center', antialias=True, autoLog=True, bold=False, color='black', colorSpace='named', contrast=1.0, depth=-4.0, flipHoriz=False, flipVert=False, font='Arial', fontFiles=[], height=1.0, italic=False, languageStyle='LTR', name='Tstim_3', opacity=1.0, ori=0, pos=array([0., 0.]), rgb=array([0., 0., 0.]), text='T', units='height', win=Window(...), wrapWidth=1)
13.0541 	EXP 	Created Tstim_4 = TextStim(__class__=<class 'psychopy.visual.text.TextStim'>, alignHoriz=method-wrapper(...), alignText='center', alignVert=method-wrapper(...), anchorHoriz='center', anchorVert='center', antialias=True, autoLog=True, bold=False, color='black', colorSpace='named', contrast=1.0, depth=-5.0, flipHoriz=False, flipVert=False, font='Arial', fontFiles=[], height=1.0, italic=False, languageStyle='LTR', name='Tstim_4', opacity=1.0, ori=0, pos=array([0., 0.]), rgb=array([0., 0., 0.]), text='T', units='height', win=Window(...), wrapWidth=1)
13.0568 	EXP 	Created Tstim_5 = TextStim(__class__=<class 'psychopy.visual.text.TextStim'>, alignHoriz=method-wrapper(...), alignText='center', alignVert=method-wrapper(...), anchorHoriz='center', anchorVert='center', antialias=True, autoLog=True, bold=False, color='black', colorSpace='named', contrast=1.0, depth=-6.0, flipHoriz=False, flipVert=False, font='Arial', fontFiles=[], height=1.0, italic=False, languageStyle='LTR', name='Tstim_5', opacity=1.0, ori=0, pos=array([0., 0.]), rgb=array([0., 0., 0.]), text='T', units='height', win=Window(...), wrapWidth=1)
13.0593 	EXP 	Created Tstim_6 = TextStim(__class__=<class 'psychopy.visual.text.TextStim'>, alignHoriz=method-wrapper(...), alignText='center', alignVert=method-wrapper(...), anchorHoriz='center', anchorVert='center', antialias=True, autoLog=True, bold=False, color='black', colorSpace='named', contrast=1.0, depth=-7.0, flipHoriz=False, flipVert=False, font='Arial', fontFiles=[], height=1.0, italic=False, languageStyle='LTR', name='Tstim_6', opacity=1.0, ori=0, pos=array([0., 0.]), rgb=array([0., 0., 0.]), text='T', units='height', win=Window(...), wrapWidth=1)
13.0612 	EXP 	Created Tstim_7 = TextStim(__class__=<class 'psychopy.visual.text.TextStim'>, alignHoriz=method-wrapper(...), alignText='center', alignVert=method-wrapper(...), anchorHoriz='center', anchorVert='center', antialias=True, autoLog=True, bold=False, color='black', colorSpace='named', contrast=1.0, depth=-8.0, flipHoriz=False, flipVert=False, font='Arial', fontFiles=[], height=1.0, italic=False, languageStyle='LTR', name='Tstim_7', opacity=1.0, ori=0, pos=array([0., 0.]), rgb=array([0., 0., 0.]), text='T', units='height', win=Window(...), wrapWidth=1)
13.0631 	EXP 	Created Tstim_8 = TextStim(__class__=<class 'psychopy.visual.text.TextStim'>, alignHoriz=method-wrapper(...), alignText='center', alignVert=method-wrapper(...), anchorHoriz='center', anchorVert='center', antialias=True, autoLog=True, bold=False, color='black', colorSpace='named', contrast=1.0, depth=-9.0, flipHoriz=False, flipVert=False, font='Arial', fontFiles=[], height=1.0, italic=False, languageStyle='LTR', name='Tstim_8', opacity=1.0, ori=0, pos=array([0., 0.]), rgb=array([0., 0., 0.]), text='T', units='height', win=Window(...), wrapWidth=1)
13.0647 	EXP 	Created Tstim_9 = TextStim(__class__=<class 'psychopy.visual.text.TextStim'>, alignHoriz=method-wrapper(...), alignText='center', alignVert=method-wrapper(...), anchorHoriz='center', anchorVert='center', antialias=True, autoLog=True, bold=False, color='black', colorSpace='named', contrast=1.0, depth=-10.0, flipHoriz=False, flipVert=False, font='Arial', fontFiles=[], height=1.0, italic=False, languageStyle='LTR', name='Tstim_9', opacity=1.0, ori=0, pos=array([0., 0.]), rgb=array([0., 0., 0.]), text='T', units='height', win=Window(...), wrapWidth=1)
13.0668 	EXP 	Created Tstim_10 = TextStim(__class__=<class 'psychopy.visual.text.TextStim'>, alignHoriz=method-wrapper(...), alignText='center', alignVert=method-wrapper(...), anchorHoriz='center', anchorVert='center', antialias=True, autoLog=True, bold=False, color='black', colorSpace='named', contrast=1.0, depth=-11.0, flipHoriz=False, flipVert=False, font='Arial', fontFiles=[], height=1.0, italic=False, languageStyle='LTR', name='Tstim_10', opacity=1.0, ori=0, pos=array([0., 0.]), rgb=array([0., 0., 0.]), text='T', units='height', win=Window(...), wrapWidth=1)
13.0699 	EXP 	Created Tstim_11 = TextStim(__class__=<class 'psychopy.visual.text.TextStim'>, alignHoriz=method-wrapper(...), alignText='center', alignVert=method-wrapper(...), anchorHoriz='center', anchorVert='center', antialias=True, autoLog=True, bold=False, color='black', colorSpace='named', contrast=1.0, depth=-12.0, flipHoriz=False, flipVert=False, font='Arial', fontFiles=[], height=1.0, italic=False, languageStyle='LTR', name='Tstim_11', opacity=1.0, ori=0, pos=array([0., 0.]), rgb=array([0., 0., 0.]), text='T', units='height', win=Window(...), wrapWidth=1)
13.0728 	EXP 	Created Tstim_12 = TextStim(__class__=<class 'psychopy.visual.text.TextStim'>, alignHoriz=method-wrapper(...), alignText='center', alignVert=method-wrapper(...), anchorHoriz='center', anchorVert='center', antialias=True, autoLog=True, bold=False, color='black', colorSpace='named', contrast=1.0, depth=-13.0, flipHoriz=False, flipVert=False, font='Arial', fontFiles=[], height=1.0, italic=False, languageStyle='LTR', name='Tstim_12', opacity=1.0, ori=0, pos=array([0., 0.]), rgb=array([0., 0., 0.]), text='T', units='height', win=Window(...), wrapWidth=1)
13.0758 	EXP 	Created Tstim_13 = TextStim(__class__=<class 'psychopy.visual.text.TextStim'>, alignHoriz=method-wrapper(...), alignText='center', alignVert=method-wrapper(...), anchorHoriz='center', anchorVert='center', antialias=True, autoLog=True, bold=False, color='black', colorSpace='named', contrast=1.0, depth=-14.0, flipHoriz=False, flipVert=False, font='Arial', fontFiles=[], height=1.0, italic=False, languageStyle='LTR', name='Tstim_13', opacity=1.0, ori=0, pos=array([0., 0.]), rgb=array([0., 0., 0.]), text='T', units='height', win=Window(...), wrapWidth=1)
13.0786 	EXP 	Created Tstim_14 = TextStim(__class__=<class 'psychopy.visual.text.TextStim'>, alignHoriz=method-wrapper(...), alignText='center', alignVert=method-wrapper(...), anchorHoriz='center', anchorVert='center', antialias=True, autoLog=True, bold=False, color='black', colorSpace='named', contrast=1.0, depth=-15.0, flipHoriz=False, flipVert=False, font='Arial', fontFiles=[], height=1.0, italic=False, languageStyle='LTR', name='Tstim_14', opacity=1.0, ori=0, pos=array([0., 0.]), rgb=array([0., 0., 0.]), text='T', units='height', win=Window(...), wrapWidth=1)
13.0816 	EXP 	Created Tstim_15 = TextStim(__class__=<class 'psychopy.visual.text.TextStim'>, alignHoriz=method-wrapper(...), alignText='center', alignVert=method-wrapper(...), anchorHoriz='center', anchorVert='center', antialias=True, autoLog=True, bold=False, color='black', colorSpace='named', contrast=1.0, depth=-16.0, flipHoriz=False, flipVert=False, font='Arial', fontFiles=[], height=1.0, italic=False, languageStyle='LTR', name='Tstim_15', opacity=1.0, ori=0, pos=array([0., 0.]), rgb=array([0., 0., 0.]), text='T', units='height', win=Window(...), wrapWidth=1)
13.0843 	EXP 	Created Tstim_16 = TextStim(__class__=<class 'psychopy.visual.text.TextStim'>, alignHoriz=method-wrapper(...), alignText='center', alignVert=method-wrapper(...), anchorHoriz='center', anchorVert='center', antialias=True, autoLog=True, bold=False, color='black', colorSpace='named', contrast=1.0, depth=-17.0, flipHoriz=False, flipVert=False, font='Arial', fontFiles=[], height=1.0, italic=False, languageStyle='LTR', name='Tstim_16', opacity=1.0, ori=0, pos=array([0., 0.]), rgb=array([0., 0., 0.]), text='T', units='height', win=Window(...), wrapWidth=1)
13.0875 	EXP 	Created Tstim_17 = TextStim(__class__=<class 'psychopy.visual.text.TextStim'>, alignHoriz=method-wrapper(...), alignText='center', alignVert=method-wrapper(...), anchorHoriz='center', anchorVert='center', antialias=True, autoLog=True, bold=False, color='black', colorSpace='named', contrast=1.0, depth=-18.0, flipHoriz=False, flipVert=False, font='Arial', fontFiles=[], height=1.0, italic=False, languageStyle='LTR', name='Tstim_17', opacity=1.0, ori=0, pos=array([0., 0.]), rgb=array([0., 0., 0.]), text='T', units='height', win=Window(...), wrapWidth=1)
13.0905 	EXP 	Created Tstim_18 = TextStim(__class__=<class 'psychopy.visual.text.TextStim'>, alignHoriz=method-wrapper(...), alignText='center', alignVert=method-wrapper(...), anchorHoriz='center', anchorVert='center', antialias=True, autoLog=True, bold=False, color='black', colorSpace='named', contrast=1.0, depth=-19.0, flipHoriz=False, flipVert=False, font='Arial', fontFiles=[], height=1.0, italic=False, languageStyle='LTR', name='Tstim_18', opacity=1.0, ori=0, pos=array([0., 0.]), rgb=array([0., 0., 0.]), text='T', units='height', win=Window(...), wrapWidth=1)
13.0938 	EXP 	Created Tstim_19 = TextStim(__class__=<class 'psychopy.visual.text.TextStim'>, alignHoriz=method-wrapper(...), alignText='center', alignVert=method-wrapper(...), anchorHoriz='center', anchorVert='center', antialias=True, autoLog=True, bold=False, color='black', colorSpace='named', contrast=1.0, depth=-20.0, flipHoriz=False, flipVert=False, font='Arial', fontFiles=[], height=1.0, italic=False, languageStyle='LTR', name='Tstim_19', opacity=1.0, ori=0, pos=array([0., 0.]), rgb=array([0., 0., 0.]), text='T', units='height', win=Window(...), wrapWidth=1)
13.0965 	EXP 	Created Tstim_20 = TextStim(__class__=<class 'psychopy.visual.text.TextStim'>, alignHoriz=method-wrapper(...), alignText='center', alignVert=method-wrapper(...), anchorHoriz='center', anchorVert='center', antialias=True, autoLog=True, bold=False, color='black', colorSpace='named', contrast=1.0, depth=-21.0, flipHoriz=False, flipVert=False, font='Arial', fontFiles=[], height=1.0, italic=False, languageStyle='LTR', name='Tstim_20', opacity=1.0, ori=0, pos=array([0., 0.]), rgb=array([0., 0., 0.]), text='T', units='height', win=Window(...), wrapWidth=1)
13.2604 	EXP 	Created Lstim = TextStim(__class__=<class 'psychopy.visual.text.TextStim'>, alignHoriz=method-wrapper(...), alignText='center', alignVert=method-wrapper(...), anchorHoriz='center', anchorVert='center', antialias=True, autoLog=True, bold=False, color='black', colorSpace='named', contrast=1.0, depth=-22.0, flipHoriz=False, flipVert=False, font='Arial', fontFiles=[], height=1.0, italic=False, languageStyle='LTR', name='Lstim', opacity=1.0, ori=0, pos=array([0., 0.]), rgb=array([0., 0., 0.]), text='L', units='height', win=Window(...), wrapWidth=1)
13.2605 	EXP 	window1: mouseVisible = True
13.2669 	EXP 	Created text = TextStim(__class__=<class 'psychopy.visual.text.TextStim'>, alignHoriz=method-wrapper(...), alignText='center', alignVert=method-wrapper(...), anchorHoriz='center', anchorVert='center', antialias=True, autoLog=True, bold=False, color='white', colorSpace='named', contrast=1.0, depth=-1.0, flipHoriz=False, flipVert=False, font='Arial', fontFiles=[], height=0.1, italic=False, languageStyle='LTR', name='text', opacity=1.0, ori=0, pos=array([0., 0.]), rgb=array([255., 255., 255.]), text='default text', units='height', win=Window(...), wrapWidth=1)
13.3079 	EXP 	instrTxt: autoDraw = True
14.1118 	DATA 	Mouse: Left button down, pos=(869,607)
14.1147 	EXP 	Created sequence: random, trialTypes=1, nReps=5, seed=None
14.1150 	EXP 	New trial (rep=0, index=0): None
14.2230 	DATA 	Mouse:  Left button up, pos=(869,607)
14.2248 	EXP 	instrTxt: autoDraw = False
14.2248 	EXP 	Lstim: ori = 294.0
14.2248 	EXP 	Tstim: ori = 339.0
14.2248 	EXP 	Tstim_2: ori = 213.0
14.2248 	EXP 	Tstim_3: ori = 330.0
14.2248 	EXP 	Tstim_4: ori = 265.0
14.2248 	EXP 	Tstim_5: ori = 95.0
14.2248 	EXP 	Tstim_6: ori = 299.0
14.2248 	EXP 	Tstim_7: ori = 202.0
14.2248 	EXP 	Tstim_8: ori = 182.0
14.2248 	EXP 	Tstim_9: ori = 140.0
14.2248 	EXP 	Tstim_10: ori = 262.0
14.2248 	EXP 	Tstim_11: ori = 355.0
14.2248 	EXP 	Tstim_12: ori = 177.0
14.2248 	EXP 	Tstim_13: ori = 351.0
14.2248 	EXP 	Tstim_14: ori = 104.0
14.2248 	EXP 	Tstim_15: ori = 15.0
14.2248 	EXP 	Tstim_16: ori = 190.0
14.2248 	EXP 	Tstim_17: ori = 9.0
14.2248 	EXP 	Tstim_18: ori = 221.0
14.2248 	EXP 	Tstim_19: ori = 117.0
14.2248 	EXP 	Tstim_20: ori = 354.0
14.2248 	EXP 	Tstim: opacity = 0.5
14.2248 	EXP 	Tstim: pos = array([-0.09, -0.03])
14.2248 	EXP 	Tstim: height = 0.1
14.2248 	EXP 	Tstim_2: opacity = 0.5
14.2248 	EXP 	Tstim_2: height = 0.1
14.2248 	EXP 	Tstim_3: opacity = 0.5
14.2248 	EXP 	Tstim_3: pos = array([ 0.15, -0.06])
14.2248 	EXP 	Tstim_3: height = 0.1
14.2248 	EXP 	Tstim_4: opacity = 0.5
14.2248 	EXP 	Tstim_4: pos = array([-0.03, -0.27])
14.2248 	EXP 	Tstim_4: height = 0.1
14.2248 	EXP 	Tstim_5: opacity = 0.5
14.2248 	EXP 	Tstim_5: pos = array([-0.18,  0.09])
14.2248 	EXP 	Tstim_5: height = 0.1
14.2248 	EXP 	Tstim_6: opacity = 0.5
14.2248 	EXP 	Tstim_6: pos = array([-0.24,  0.06])
14.2248 	EXP 	Tstim_6: height = 0.1
14.2248 	EXP 	Tstim_7: opacity = 0.5
14.2248 	EXP 	Tstim_7: pos = array([-0.3 , -0.09])
14.2248 	EXP 	Tstim_7: height = 0.1
14.2248 	EXP 	Tstim_8: opacity = 0.5
14.2248 	EXP 	Tstim_8: pos = array([-0.06,  0.3 ])
14.2248 	EXP 	Tstim_8: height = 0.1
14.2248 	EXP 	Tstim_9: opacity = 0.5
14.2248 	EXP 	Tstim_9: pos = array([-0.21, -0.21])
14.2248 	EXP 	Tstim_9: height = 0.1
14.2248 	EXP 	Tstim_10: opacity = 0.5
14.2248 	EXP 	Tstim_10: pos = array([0.21, 0.12])
14.2248 	EXP 	Tstim_10: height = 0.1
14.2248 	EXP 	Tstim_11: opacity = 0.5
14.2248 	EXP 	Tstim_11: pos = array([0.12, 0.21])
14.2248 	EXP 	Tstim_11: height = 0.1
14.2248 	EXP 	Tstim_12: opacity = 0.5
14.2248 	EXP 	Tstim_12: pos = array([ 0.3 , -0.15])
14.2248 	EXP 	Tstim_12: height = 0.1
14.2248 	EXP 	Tstim_13: opacity = 0.5
14.2248 	EXP 	Tstim_13: pos = array([ 0.06, -0.24])
14.2248 	EXP 	Tstim_13: height = 0.1
14.2248 	EXP 	Tstim_14: opacity = 0.5
14.2248 	EXP 	Tstim_14: pos = array([ 0.09, -0.12])
14.2248 	EXP 	Tstim_14: height = 0.1
14.2248 	EXP 	Tstim_15: opacity = 0.5
14.2248 	EXP 	Tstim_15: pos = array([0.03, 0.27])
14.2248 	EXP 	Tstim_15: height = 0.1
14.2248 	EXP 	Tstim_16: opacity = 0.5
14.2248 	EXP 	Tstim_16: pos = array([0.  , 0.24])
14.2248 	EXP 	Tstim_16: height = 0.1
14.2248 	EXP 	Tstim_17: opacity = 0.5
14.2248 	EXP 	Tstim_17: pos = array([-0.27,  0.03])
14.2248 	EXP 	Tstim_17: height = 0.1
14.2248 	EXP 	Tstim_18: opacity = 0.5
14.2248 	EXP 	Tstim_18: pos = array([-0.12, -0.3 ])
14.2248 	EXP 	Tstim_18: height = 0.1
14.2248 	EXP 	Tstim_19: opacity = 0.5
14.2248 	EXP 	Tstim_19: pos = array([0.24, 0.  ])
14.2248 	EXP 	Tstim_19: height = 0.1
14.2248 	EXP 	Tstim_20: opacity = 0.5
14.2248 	EXP 	Tstim_20: pos = array([ 0.27, -0.18])
14.2248 	EXP 	Tstim_20: height = 0.1
14.2248 	EXP 	Lstim: opacity = 0.5
14.2248 	EXP 	Lstim: pos = array([0.18, 0.15])
14.2248 	EXP 	Lstim: height = 0.1
14.2248 	EXP 	Tstim: autoDraw = True
14.2248 	EXP 	Tstim_2: autoDraw = True
14.2248 	EXP 	Tstim_3: autoDraw = True
14.2248 	EXP 	Tstim_4: autoDraw = True
14.2248 	EXP 	Tstim_5: autoDraw = True
14.2248 	EXP 	Tstim_6: autoDraw = True
14.2248 	EXP 	Tstim_7: autoDraw = True
14.2248 	EXP 	Tstim_8: autoDraw = True
14.2248 	EXP 	Tstim_9: autoDraw = True
14.2248 	EXP 	Tstim_10: autoDraw = True
14.2248 	EXP 	Tstim_11: autoDraw = True
14.2248 	EXP 	Tstim_12: autoDraw = True
14.2248 	EXP 	Tstim_13: autoDraw = True
14.2248 	EXP 	Tstim_14: autoDraw = True
14.2248 	EXP 	Tstim_15: autoDraw = True
14.2248 	EXP 	Tstim_16: autoDraw = True
14.2248 	EXP 	Tstim_17: autoDraw = True
14.2248 	EXP 	Tstim_18: autoDraw = True
14.2248 	EXP 	Tstim_19: autoDraw = True
14.2248 	EXP 	Tstim_20: autoDraw = True
14.2248 	EXP 	Lstim: autoDraw = True
14.2248 	EXP 	Tstim: text = 'T'
14.2248 	EXP 	Tstim_2: text = 'T'
14.2248 	EXP 	Tstim_3: text = 'T'
14.2248 	EXP 	Tstim_4: text = 'T'
14.2248 	EXP 	Tstim_5: text = 'T'
14.2248 	EXP 	Tstim_6: text = 'T'
14.2248 	EXP 	Tstim_7: text = 'T'
14.2248 	EXP 	Tstim_8: text = 'T'
14.2248 	EXP 	Tstim_9: text = 'T'
14.2248 	EXP 	Tstim_10: text = 'T'
14.2248 	EXP 	Tstim_11: text = 'T'
14.2248 	EXP 	Tstim_12: text = 'T'
14.2248 	EXP 	Tstim_13: text = 'T'
14.2248 	EXP 	Tstim_14: text = 'T'
14.2248 	EXP 	Tstim_15: text = 'T'
14.2248 	EXP 	Tstim_16: text = 'T'
14.2248 	EXP 	Tstim_17: text = 'T'
14.2248 	EXP 	Tstim_18: text = 'T'
14.2248 	EXP 	Tstim_19: text = 'T'
14.2248 	EXP 	Tstim_20: text = 'T'
14.2248 	EXP 	Lstim: text = 'L'
17.5216 	DATA 	Mouse: Left button down, pos=(1223,775)
17.5476 	EXP 	Tstim: autoDraw = False
17.5476 	EXP 	Tstim_2: autoDraw = False
17.5476 	EXP 	Tstim_3: autoDraw = False
17.5476 	EXP 	Tstim_4: autoDraw = False
17.5476 	EXP 	Tstim_5: autoDraw = False
17.5476 	EXP 	Tstim_6: autoDraw = False
17.5476 	EXP 	Tstim_7: autoDraw = False
17.5476 	EXP 	Tstim_8: autoDraw = False
17.5476 	EXP 	Tstim_9: autoDraw = False
17.5476 	EXP 	Tstim_10: autoDraw = False
17.5476 	EXP 	Tstim_11: autoDraw = False
17.5476 	EXP 	Tstim_12: autoDraw = False
17.5476 	EXP 	Tstim_13: autoDraw = False
17.5476 	EXP 	Tstim_14: autoDraw = False
17.5476 	EXP 	Tstim_15: autoDraw = False
17.5476 	EXP 	Tstim_16: autoDraw = False
17.5476 	EXP 	Tstim_17: autoDraw = False
17.5476 	EXP 	Tstim_18: autoDraw = False
17.5476 	EXP 	Tstim_19: autoDraw = False
17.5476 	EXP 	Tstim_20: autoDraw = False
17.5476 	EXP 	Lstim: autoDraw = False
17.5476 	EXP 	text: text = 'Incorrect'
17.5476 	EXP 	text: autoDraw = True
17.6162 	DATA 	Mouse:  Left button up, pos=(1223,775)
18.5336 	EXP 	New trial (rep=1, index=0): None
18.6324 	EXP 	text: autoDraw = False
18.6324 	EXP 	text: autoDraw = False
18.6324 	EXP 	Lstim: ori = 270.0
18.6324 	EXP 	Tstim: ori = 230.0
18.6324 	EXP 	Tstim_2: ori = 318.0
18.6324 	EXP 	Tstim_3: ori = 269.0
18.6324 	EXP 	Tstim_4: ori = 253.0
18.6324 	EXP 	Tstim_5: ori = 316.0
18.6324 	EXP 	Tstim_6: ori = 65.0
18.6324 	EXP 	Tstim_7: ori = 41.0
18.6324 	EXP 	Tstim_8: ori = 118.0
18.6324 	EXP 	Tstim_9: ori = 9.0
18.6324 	EXP 	Tstim_10: ori = 236.0
18.6324 	EXP 	Tstim_11: ori = 187.0
18.6324 	EXP 	Tstim_12: ori = 27.0
18.6324 	EXP 	Tstim_13: ori = 17.0
18.6324 	EXP 	Tstim_14: ori = 314.0
18.6324 	EXP 	Tstim_15: ori = 292.0
18.6324 	EXP 	Tstim_16: ori = 337.0
18.6324 	EXP 	Tstim_17: ori = 255.0
18.6324 	EXP 	Tstim_18: ori = 131.0
18.6324 	EXP 	Tstim_19: ori = 311.0
18.6324 	EXP 	Tstim_20: ori = 146.0
18.6324 	EXP 	Tstim: opacity = 0.5
18.6324 	EXP 	Tstim: pos = array([ 0.09, -0.12])
18.6324 	EXP 	Tstim: height = 0.1
18.6324 	EXP 	Tstim_2: opacity = 0.5
18.6324 	EXP 	Tstim_2: height = 0.1
18.6324 	EXP 	Tstim_3: opacity = 0.5
18.6324 	EXP 	Tstim_3: pos = array([ 0.27, -0.27])
18.6324 	EXP 	Tstim_3: height = 0.1
18.6324 	EXP 	Tstim_4: opacity = 0.5
18.6324 	EXP 	Tstim_4: pos = array([-0.03,  0.24])
18.6324 	EXP 	Tstim_4: height = 0.1
18.6324 	EXP 	Tstim_5: opacity = 0.5
18.6324 	EXP 	Tstim_5: pos = array([-0.15, -0.06])
18.6324 	EXP 	Tstim_5: height = 0.1
18.6324 	EXP 	Tstim_6: opacity = 0.5
18.6324 	EXP 	Tstim_6: pos = array([-0.27,  0.21])
18.6324 	EXP 	Tstim_6: height = 0.1
18.6324 	EXP 	Tstim_7: opacity = 0.5
18.6324 	EXP 	Tstim_7: pos = array([-0.18,  0.15])
18.6324 	EXP 	Tstim_7: height = 0.1
18.6324 	EXP 	Tstim_8: opacity = 0.5
18.6324 	EXP 	Tstim_8: pos = array([0.03, 0.  ])
18.6324 	EXP 	Tstim_8: height = 0.1
18.6324 	EXP 	Tstim_9: opacity = 0.5
18.6324 	EXP 	Tstim_9: pos = array([ 0.06, -0.21])
18.6324 	EXP 	Tstim_9: height = 0.1
18.6324 	EXP 	Tstim_10: opacity = 0.5
18.6324 	EXP 	Tstim_10: pos = array([ 0.  , -0.24])
18.6324 	EXP 	Tstim_10: height = 0.1
18.6324 	EXP 	Tstim_11: opacity = 0.5
18.6324 	EXP 	Tstim_11: pos = array([-0.3,  0.3])
18.6324 	EXP 	Tstim_11: height = 0.1
18.6324 	EXP 	Tstim_12: opacity = 0.5
18.6324 	EXP 	Tstim_12: pos = array([ 0.12, -0.15])
18.6324 	EXP 	Tstim_12: height = 0.1
18.6324 	EXP 	Tstim_13: opacity = 0.5
18.6324 	EXP 	Tstim_13: pos = array([0.15, 0.09])
18.6324 	EXP 	Tstim_13: height = 0.1
18.6324 	EXP 	Tstim_14: opacity = 0.5
18.6324 	EXP 	Tstim_14: pos = array([-0.12,  0.03])
18.6324 	EXP 	Tstim_14: height = 0.1
18.6324 	EXP 	Tstim_15: opacity = 0.5
18.6324 	EXP 	Tstim_15: pos = array([-0.24,  0.12])
18.6324 	EXP 	Tstim_15: height = 0.1
18.6324 	EXP 	Tstim_16: opacity = 0.5
18.6324 	EXP 	Tstim_16: pos = array([0.3 , 0.06])
18.6324 	EXP 	Tstim_16: height = 0.1
18.6324 	EXP 	Tstim_17: opacity = 0.5
18.6324 	EXP 	Tstim_17: pos = array([-0.06,  0.18])
18.6324 	EXP 	Tstim_17: height = 0.1
18.6324 	EXP 	Tstim_18: opacity = 0.5
18.6324 	EXP 	Tstim_18: pos = array([ 0.24, -0.09])
18.6324 	EXP 	Tstim_18: height = 0.1
18.6324 	EXP 	Tstim_19: opacity = 0.5
18.6324 	EXP 	Tstim_19: pos = array([ 0.21, -0.03])
18.6324 	EXP 	Tstim_19: height = 0.1
18.6324 	EXP 	Tstim_20: opacity = 0.5
18.6324 	EXP 	Tstim_20: pos = array([-0.21, -0.3 ])
18.6324 	EXP 	Tstim_20: height = 0.1
18.6324 	EXP 	Lstim: opacity = 0.5
18.6324 	EXP 	Lstim: pos = array([0.18, 0.27])
18.6324 	EXP 	Lstim: height = 0.1
18.6324 	EXP 	Tstim: autoDraw = True
18.6324 	EXP 	Tstim_2: autoDraw = True
18.6324 	EXP 	Tstim_3: autoDraw = True
18.6324 	EXP 	Tstim_4: autoDraw = True
18.6324 	EXP 	Tstim_5: autoDraw = True
18.6324 	EXP 	Tstim_6: autoDraw = True
18.6324 	EXP 	Tstim_7: autoDraw = True
18.6324 	EXP 	Tstim_8: autoDraw = True
18.6324 	EXP 	Tstim_9: autoDraw = True
18.6324 	EXP 	Tstim_10: autoDraw = True
18.6324 	EXP 	Tstim_11: autoDraw = True
18.6324 	EXP 	Tstim_12: autoDraw = True
18.6324 	EXP 	Tstim_13: autoDraw = True
18.6324 	EXP 	Tstim_14: autoDraw = True
18.6324 	EXP 	Tstim_15: autoDraw = True
18.6324 	EXP 	Tstim_16: autoDraw = True
18.6324 	EXP 	Tstim_17: autoDraw = True
18.6324 	EXP 	Tstim_18: autoDraw = True
18.6324 	EXP 	Tstim_19: autoDraw = True
18.6324 	EXP 	Tstim_20: autoDraw = True
18.6324 	EXP 	Lstim: autoDraw = True
18.6324 	EXP 	Tstim: text = 'T'
18.6324 	EXP 	Tstim_2: text = 'T'
18.6324 	EXP 	Tstim_3: text = 'T'
18.6324 	EXP 	Tstim_4: text = 'T'
18.6324 	EXP 	Tstim_5: text = 'T'
18.6324 	EXP 	Tstim_6: text = 'T'
18.6324 	EXP 	Tstim_7: text = 'T'
18.6324 	EXP 	Tstim_8: text = 'T'
18.6324 	EXP 	Tstim_9: text = 'T'
18.6324 	EXP 	Tstim_10: text = 'T'
18.6324 	EXP 	Tstim_11: text = 'T'
18.6324 	EXP 	Tstim_12: text = 'T'
18.6324 	EXP 	Tstim_13: text = 'T'
18.6324 	EXP 	Tstim_14: text = 'T'
18.6324 	EXP 	Tstim_15: text = 'T'
18.6324 	EXP 	Tstim_16: text = 'T'
18.6324 	EXP 	Tstim_17: text = 'T'
18.6324 	EXP 	Tstim_18: text = 'T'
18.6324 	EXP 	Tstim_19: text = 'T'
18.6324 	EXP 	Tstim_20: text = 'T'
18.6324 	EXP 	Lstim: text = 'L'
20.0728 	DATA 	Mouse: Left button down, pos=(1198,915)
20.0994 	EXP 	Tstim: autoDraw = False
20.0994 	EXP 	Tstim_2: autoDraw = False
20.0994 	EXP 	Tstim_3: autoDraw = False
20.0994 	EXP 	Tstim_4: autoDraw = False
20.0994 	EXP 	Tstim_5: autoDraw = False
20.0994 	EXP 	Tstim_6: autoDraw = False
20.0994 	EXP 	Tstim_7: autoDraw = False
20.0994 	EXP 	Tstim_8: autoDraw = False
20.0994 	EXP 	Tstim_9: autoDraw = False
20.0994 	EXP 	Tstim_10: autoDraw = False
20.0994 	EXP 	Tstim_11: autoDraw = False
20.0994 	EXP 	Tstim_12: autoDraw = False
20.0994 	EXP 	Tstim_13: autoDraw = False
20.0994 	EXP 	Tstim_14: autoDraw = False
20.0994 	EXP 	Tstim_15: autoDraw = False
20.0994 	EXP 	Tstim_16: autoDraw = False
20.0994 	EXP 	Tstim_17: autoDraw = False
20.0994 	EXP 	Tstim_18: autoDraw = False
20.0994 	EXP 	Tstim_19: autoDraw = False
20.0994 	EXP 	Tstim_20: autoDraw = False
20.0994 	EXP 	Lstim: autoDraw = False
20.0994 	EXP 	text: text = 'Incorrect'
20.0994 	EXP 	text: autoDraw = True
20.2017 	DATA 	Mouse:  Left button up, pos=(1198,915)
21.0843 	EXP 	New trial (rep=2, index=0): None
21.1972 	EXP 	text: autoDraw = False
21.1972 	EXP 	text: autoDraw = False
21.1972 	EXP 	Lstim: ori = 134.0
21.1972 	EXP 	Tstim: ori = 87.0
21.1972 	EXP 	Tstim_2: ori = 327.0
21.1972 	EXP 	Tstim_3: ori = 176.0
21.1972 	EXP 	Tstim_4: ori = 48.0
21.1972 	EXP 	Tstim_5: ori = 0.0
21.1972 	EXP 	Tstim_6: ori = 43.0
21.1972 	EXP 	Tstim_7: ori = 208.0
21.1972 	EXP 	Tstim_8: ori = 311.0
21.1972 	EXP 	Tstim_9: ori = 147.0
21.1972 	EXP 	Tstim_10: ori = 25.0
21.1972 	EXP 	Tstim_11: ori = 234.0
21.1972 	EXP 	Tstim_12: ori = 13.0
21.1972 	EXP 	Tstim_13: ori = 13.0
21.1972 	EXP 	Tstim_14: ori = 180.0
21.1972 	EXP 	Tstim_15: ori = 347.0
21.1972 	EXP 	Tstim_16: ori = 79.0
21.1972 	EXP 	Tstim_17: ori = 300.0
21.1972 	EXP 	Tstim_18: ori = 73.0
21.1972 	EXP 	Tstim_19: ori = 94.0
21.1972 	EXP 	Tstim_20: ori = 219.0
21.1972 	EXP 	Tstim: opacity = 0.5
21.1972 	EXP 	Tstim: pos = array([-0.21, -0.06])
21.1972 	EXP 	Tstim: height = 0.1
21.1972 	EXP 	Tstim_2: opacity = 0.5
21.1972 	EXP 	Tstim_2: height = 0.1
21.1972 	EXP 	Tstim_3: opacity = 0.5
21.1972 	EXP 	Tstim_3: pos = array([0.24, 0.24])
21.1972 	EXP 	Tstim_3: height = 0.1
21.1972 	EXP 	Tstim_4: opacity = 0.5
21.1972 	EXP 	Tstim_4: pos = array([-0.24,  0.06])
21.1972 	EXP 	Tstim_4: height = 0.1
21.1972 	EXP 	Tstim_5: opacity = 0.5
21.1972 	EXP 	Tstim_5: pos = array([-0.27, -0.03])
21.1972 	EXP 	Tstim_5: height = 0.1
21.1972 	EXP 	Tstim_6: opacity = 0.5
21.1972 	EXP 	Tstim_6: pos = array([0.06, 0.21])
21.1972 	EXP 	Tstim_6: height = 0.1
21.1972 	EXP 	Tstim_7: opacity = 0.5
21.1972 	EXP 	Tstim_7: pos = array([-0.03,  0.12])
21.1972 	EXP 	Tstim_7: height = 0.1
21.1972 	EXP 	Tstim_8: opacity = 0.5
21.1972 	EXP 	Tstim_8: pos = array([ 0.3 , -0.21])
21.1972 	EXP 	Tstim_8: height = 0.1
21.1972 	EXP 	Tstim_9: opacity = 0.5
21.1972 	EXP 	Tstim_9: pos = array([-0.18,  0.15])
21.1972 	EXP 	Tstim_9: height = 0.1
21.1972 	EXP 	Tstim_10: opacity = 0.5
21.1972 	EXP 	Tstim_10: pos = array([-0.3 , -0.12])
21.1972 	EXP 	Tstim_10: height = 0.1
21.1972 	EXP 	Tstim_11: opacity = 0.5
21.1972 	EXP 	Tstim_11: pos = array([-0.06,  0.  ])
21.1972 	EXP 	Tstim_11: height = 0.1
21.1972 	EXP 	Tstim_12: opacity = 0.5
21.1972 	EXP 	Tstim_12: pos = array([0.21, 0.03])
21.1972 	EXP 	Tstim_12: height = 0.1
21.1972 	EXP 	Tstim_13: opacity = 0.5
21.1972 	EXP 	Tstim_13: pos = array([0.12, 0.09])
21.1972 	EXP 	Tstim_13: height = 0.1
21.1972 	EXP 	Tstim_14: opacity = 0.5
21.1972 	EXP 	Tstim_14: pos = array([ 0.03, -0.24])
21.1972 	EXP 	Tstim_14: height = 0.1
21.1972 	EXP 	Tstim_15: opacity = 0.5
21.1972 	EXP 	Tstim_15: pos = array([-0.09,  0.18])
21.1972 	EXP 	Tstim_15: height = 0.1
21.1972 	EXP 	Tstim_16: opacity = 0.5
21.1972 	EXP 	Tstim_16: pos = array([ 0.  , -0.15])
21.1972 	EXP 	Tstim_16: height = 0.1
21.1972 	EXP 	Tstim_17: opacity = 0.5
21.1972 	EXP 	Tstim_17: pos = array([ 0.09, -0.18])
21.1972 	EXP 	Tstim_17: height = 0.1
21.1972 	EXP 	Tstim_18: opacity = 0.5
21.1972 	EXP 	Tstim_18: pos = array([ 0.18, -0.3 ])
21.1972 	EXP 	Tstim_18: height = 0.1
21.1972 	EXP 	Tstim_19: opacity = 0.5
21.1972 	EXP 	Tstim_19: pos = array([ 0.27, -0.09])
21.1972 	EXP 	Tstim_19: height = 0.1
21.1972 	EXP 	Tstim_20: opacity = 0.5
21.1972 	EXP 	Tstim_20: pos = array([-0.15, -0.27])
21.1972 	EXP 	Tstim_20: height = 0.1
21.1972 	EXP 	Lstim: opacity = 0.5
21.1972 	EXP 	Lstim: pos = array([-0.12,  0.3 ])
21.1972 	EXP 	Lstim: height = 0.1
21.1972 	EXP 	Tstim: autoDraw = True
21.1972 	EXP 	Tstim_2: autoDraw = True
21.1972 	EXP 	Tstim_3: autoDraw = True
21.1972 	EXP 	Tstim_4: autoDraw = True
21.1972 	EXP 	Tstim_5: autoDraw = True
21.1972 	EXP 	Tstim_6: autoDraw = True
21.1972 	EXP 	Tstim_7: autoDraw = True
21.1972 	EXP 	Tstim_8: autoDraw = True
21.1972 	EXP 	Tstim_9: autoDraw = True
21.1972 	EXP 	Tstim_10: autoDraw = True
21.1972 	EXP 	Tstim_11: autoDraw = True
21.1972 	EXP 	Tstim_12: autoDraw = True
21.1972 	EXP 	Tstim_13: autoDraw = True
21.1972 	EXP 	Tstim_14: autoDraw = True
21.1972 	EXP 	Tstim_15: autoDraw = True
21.1972 	EXP 	Tstim_16: autoDraw = True
21.1972 	EXP 	Tstim_17: autoDraw = True
21.1972 	EXP 	Tstim_18: autoDraw = True
21.1972 	EXP 	Tstim_19: autoDraw = True
21.1972 	EXP 	Tstim_20: autoDraw = True
21.1972 	EXP 	Lstim: autoDraw = True
21.1972 	EXP 	Tstim: text = 'T'
21.1972 	EXP 	Tstim_2: text = 'T'
21.1972 	EXP 	Tstim_3: text = 'T'
21.1972 	EXP 	Tstim_4: text = 'T'
21.1972 	EXP 	Tstim_5: text = 'T'
21.1972 	EXP 	Tstim_6: text = 'T'
21.1972 	EXP 	Tstim_7: text = 'T'
21.1972 	EXP 	Tstim_8: text = 'T'
21.1972 	EXP 	Tstim_9: text = 'T'
21.1972 	EXP 	Tstim_10: text = 'T'
21.1972 	EXP 	Tstim_11: text = 'T'
21.1972 	EXP 	Tstim_12: text = 'T'
21.1972 	EXP 	Tstim_13: text = 'T'
21.1972 	EXP 	Tstim_14: text = 'T'
21.1972 	EXP 	Tstim_15: text = 'T'
21.1972 	EXP 	Tstim_16: text = 'T'
21.1972 	EXP 	Tstim_17: text = 'T'
21.1972 	EXP 	Tstim_18: text = 'T'
21.1972 	EXP 	Tstim_19: text = 'T'
21.1972 	EXP 	Tstim_20: text = 'T'
21.1972 	EXP 	Lstim: text = 'L'
21.4499 	DATA 	Keypress: escape
21.7523 	EXP 	window1: mouseVisible = True
