5.5304 	WARNING 	We strongly recommend you activate the PTB sound engine in PsychoPy prefs as the preferred audio engine. Its timing is vastly superior. Your prefs are currently set to use ['sounddevice', 'PTB', 'pyo', 'pygame'] (in that order).
9.6628 	WARNING 	User requested fullscreen with size [1024  768], but screen is actually [1920, 1200]. Using actual size
11.6194 	EXP 	Created window1 = Window(allowGUI=False, allowStencil=False, args=UNKNOWN, autoLog=True, bitsMode=UNKNOWN, blendMode='avg', bpc=(8, 8, 8), color=array([0., 0., 0.]), colorSpace='rgb', depthBits=8, fullscr=<method-wrapper '__getattribute__' of attributeSetter object at 0x00000261F7872B00>, gamma=None, gammaErrorPolicy='raise', kwargs=UNKNOWN, lms=UNKNOWN, monitor=<psychopy.monitors.calibTools.Monitor object at 0x00000261F7741D30>, multiSample=False, name='window1', numSamples=2, pos=[0.0, 0.0], screen=0, size=array([1920, 1200]), stencilBits=0, stereo=False, units='height', useFBO=True, useRetina=False, viewOri=0.0, viewPos=None, viewScale=None, waitBlanking=True, winType='pyglet')
11.6197 	EXP 	window1: mouseVisible = True
11.6198 	EXP 	window1: recordFrameIntervals = False
11.7853 	EXP 	window1: recordFrameIntervals = True
11.9694 	EXP 	window1: recordFrameIntervals = False
12.2158 	EXP 	Created instrTxt = TextStim(__class__=<class 'psychopy.visual.text.TextStim'>, alignHoriz=method-wrapper(...), alignText='center', alignVert=method-wrapper(...), anchorHoriz='center', anchorVert='center', antialias=True, autoLog=True, bold=False, color='white', colorSpace='named', contrast=1.0, depth=0.0, flipHoriz=False, flipVert=False, font='Arial', fontFiles=[], height=0.1, italic=False, languageStyle='LTR', name='instrTxt', opacity=1.0, ori=0, pos=array([0., 0.]), rgb=array([255., 255., 255.]), text=str(...), units='height', win=Window(...), wrapWidth=1)
12.2159 	EXP 	window1: mouseVisible = True
13.1309 	EXP 	Created Tstim = TextStim(__class__=<class 'psychopy.visual.text.TextStim'>, alignHoriz=method-wrapper(...), alignText='center', alignVert=method-wrapper(...), anchorHoriz='center', anchorVert='center', antialias=True, autoLog=True, bold=False, color='black', colorSpace='named', contrast=1.0, depth=-3.0, flipHoriz=False, flipVert=False, font='Arial', fontFiles=[], height=1.0, italic=False, languageStyle='LTR', name='Tstim', opacity=1.0, ori=0, pos=array([0., 0.]), rgb=array([0., 0., 0.]), text='T', units='height', win=Window(...), wrapWidth=1)
13.1323 	EXP 	Created Tstim_2 = TextStim(__class__=<class 'psychopy.visual.text.TextStim'>, alignHoriz=method-wrapper(...), alignText='center', alignVert=method-wrapper(...), anchorHoriz='center', anchorVert='center', antialias=True, autoLog=True, bold=False, color='black', colorSpace='named', contrast=1.0, depth=-4.0, flipHoriz=False, flipVert=False, font='Arial', fontFiles=[], height=1.0, italic=False, languageStyle='LTR', name='Tstim_2', opacity=1.0, ori=0, pos=array([0., 0.]), rgb=array([0., 0., 0.]), text='T', units='height', win=Window(...), wrapWidth=1)
13.1335 	EXP 	Created Tstim_3 = TextStim(__class__=<class 'psychopy.visual.text.TextStim'>, alignHoriz=method-wrapper(...), alignText='center', alignVert=method-wrapper(...), anchorHoriz='center', anchorVert='center', antialias=True, autoLog=True, bold=False, color='black', colorSpace='named', contrast=1.0, depth=-5.0, flipHoriz=False, flipVert=False, font='Arial', fontFiles=[], height=1.0, italic=False, languageStyle='LTR', name='Tstim_3', opacity=1.0, ori=0, pos=array([0., 0.]), rgb=array([0., 0., 0.]), text='T', units='height', win=Window(...), wrapWidth=1)
13.1345 	EXP 	Created Tstim_4 = TextStim(__class__=<class 'psychopy.visual.text.TextStim'>, alignHoriz=method-wrapper(...), alignText='center', alignVert=method-wrapper(...), anchorHoriz='center', anchorVert='center', antialias=True, autoLog=True, bold=False, color='black', colorSpace='named', contrast=1.0, depth=-6.0, flipHoriz=False, flipVert=False, font='Arial', fontFiles=[], height=1.0, italic=False, languageStyle='LTR', name='Tstim_4', opacity=1.0, ori=0, pos=array([0., 0.]), rgb=array([0., 0., 0.]), text='T', units='height', win=Window(...), wrapWidth=1)
13.1357 	EXP 	Created Tstim_5 = TextStim(__class__=<class 'psychopy.visual.text.TextStim'>, alignHoriz=method-wrapper(...), alignText='center', alignVert=method-wrapper(...), anchorHoriz='center', anchorVert='center', antialias=True, autoLog=True, bold=False, color='black', colorSpace='named', contrast=1.0, depth=-7.0, flipHoriz=False, flipVert=False, font='Arial', fontFiles=[], height=1.0, italic=False, languageStyle='LTR', name='Tstim_5', opacity=1.0, ori=0, pos=array([0., 0.]), rgb=array([0., 0., 0.]), text='T', units='height', win=Window(...), wrapWidth=1)
13.1367 	EXP 	Created Tstim_6 = TextStim(__class__=<class 'psychopy.visual.text.TextStim'>, alignHoriz=method-wrapper(...), alignText='center', alignVert=method-wrapper(...), anchorHoriz='center', anchorVert='center', antialias=True, autoLog=True, bold=False, color='black', colorSpace='named', contrast=1.0, depth=-8.0, flipHoriz=False, flipVert=False, font='Arial', fontFiles=[], height=1.0, italic=False, languageStyle='LTR', name='Tstim_6', opacity=1.0, ori=0, pos=array([0., 0.]), rgb=array([0., 0., 0.]), text='T', units='height', win=Window(...), wrapWidth=1)
13.1379 	EXP 	Created Tstim_7 = TextStim(__class__=<class 'psychopy.visual.text.TextStim'>, alignHoriz=method-wrapper(...), alignText='center', alignVert=method-wrapper(...), anchorHoriz='center', anchorVert='center', antialias=True, autoLog=True, bold=False, color='black', colorSpace='named', contrast=1.0, depth=-9.0, flipHoriz=False, flipVert=False, font='Arial', fontFiles=[], height=1.0, italic=False, languageStyle='LTR', name='Tstim_7', opacity=1.0, ori=0, pos=array([0., 0.]), rgb=array([0., 0., 0.]), text='T', units='height', win=Window(...), wrapWidth=1)
13.1394 	EXP 	Created Tstim_8 = TextStim(__class__=<class 'psychopy.visual.text.TextStim'>, alignHoriz=method-wrapper(...), alignText='center', alignVert=method-wrapper(...), anchorHoriz='center', anchorVert='center', antialias=True, autoLog=True, bold=False, color='black', colorSpace='named', contrast=1.0, depth=-10.0, flipHoriz=False, flipVert=False, font='Arial', fontFiles=[], height=1.0, italic=False, languageStyle='LTR', name='Tstim_8', opacity=1.0, ori=0, pos=array([0., 0.]), rgb=array([0., 0., 0.]), text='T', units='height', win=Window(...), wrapWidth=1)
13.1408 	EXP 	Created Tstim_9 = TextStim(__class__=<class 'psychopy.visual.text.TextStim'>, alignHoriz=method-wrapper(...), alignText='center', alignVert=method-wrapper(...), anchorHoriz='center', anchorVert='center', antialias=True, autoLog=True, bold=False, color='black', colorSpace='named', contrast=1.0, depth=-11.0, flipHoriz=False, flipVert=False, font='Arial', fontFiles=[], height=1.0, italic=False, languageStyle='LTR', name='Tstim_9', opacity=1.0, ori=0, pos=array([0., 0.]), rgb=array([0., 0., 0.]), text='T', units='height', win=Window(...), wrapWidth=1)
13.1420 	EXP 	Created Tstim_10 = TextStim(__class__=<class 'psychopy.visual.text.TextStim'>, alignHoriz=method-wrapper(...), alignText='center', alignVert=method-wrapper(...), anchorHoriz='center', anchorVert='center', antialias=True, autoLog=True, bold=False, color='black', colorSpace='named', contrast=1.0, depth=-12.0, flipHoriz=False, flipVert=False, font='Arial', fontFiles=[], height=1.0, italic=False, languageStyle='LTR', name='Tstim_10', opacity=1.0, ori=0, pos=array([0., 0.]), rgb=array([0., 0., 0.]), text='T', units='height', win=Window(...), wrapWidth=1)
13.1432 	EXP 	Created Tstim_11 = TextStim(__class__=<class 'psychopy.visual.text.TextStim'>, alignHoriz=method-wrapper(...), alignText='center', alignVert=method-wrapper(...), anchorHoriz='center', anchorVert='center', antialias=True, autoLog=True, bold=False, color='black', colorSpace='named', contrast=1.0, depth=-13.0, flipHoriz=False, flipVert=False, font='Arial', fontFiles=[], height=1.0, italic=False, languageStyle='LTR', name='Tstim_11', opacity=1.0, ori=0, pos=array([0., 0.]), rgb=array([0., 0., 0.]), text='T', units='height', win=Window(...), wrapWidth=1)
13.1444 	EXP 	Created Tstim_12 = TextStim(__class__=<class 'psychopy.visual.text.TextStim'>, alignHoriz=method-wrapper(...), alignText='center', alignVert=method-wrapper(...), anchorHoriz='center', anchorVert='center', antialias=True, autoLog=True, bold=False, color='black', colorSpace='named', contrast=1.0, depth=-14.0, flipHoriz=False, flipVert=False, font='Arial', fontFiles=[], height=1.0, italic=False, languageStyle='LTR', name='Tstim_12', opacity=1.0, ori=0, pos=array([0., 0.]), rgb=array([0., 0., 0.]), text='T', units='height', win=Window(...), wrapWidth=1)
13.1455 	EXP 	Created Tstim_13 = TextStim(__class__=<class 'psychopy.visual.text.TextStim'>, alignHoriz=method-wrapper(...), alignText='center', alignVert=method-wrapper(...), anchorHoriz='center', anchorVert='center', antialias=True, autoLog=True, bold=False, color='black', colorSpace='named', contrast=1.0, depth=-15.0, flipHoriz=False, flipVert=False, font='Arial', fontFiles=[], height=1.0, italic=False, languageStyle='LTR', name='Tstim_13', opacity=1.0, ori=0, pos=array([0., 0.]), rgb=array([0., 0., 0.]), text='T', units='height', win=Window(...), wrapWidth=1)
13.1467 	EXP 	Created Tstim_14 = TextStim(__class__=<class 'psychopy.visual.text.TextStim'>, alignHoriz=method-wrapper(...), alignText='center', alignVert=method-wrapper(...), anchorHoriz='center', anchorVert='center', antialias=True, autoLog=True, bold=False, color='black', colorSpace='named', contrast=1.0, depth=-16.0, flipHoriz=False, flipVert=False, font='Arial', fontFiles=[], height=1.0, italic=False, languageStyle='LTR', name='Tstim_14', opacity=1.0, ori=0, pos=array([0., 0.]), rgb=array([0., 0., 0.]), text='T', units='height', win=Window(...), wrapWidth=1)
13.1479 	EXP 	Created Tstim_15 = TextStim(__class__=<class 'psychopy.visual.text.TextStim'>, alignHoriz=method-wrapper(...), alignText='center', alignVert=method-wrapper(...), anchorHoriz='center', anchorVert='center', antialias=True, autoLog=True, bold=False, color='black', colorSpace='named', contrast=1.0, depth=-17.0, flipHoriz=False, flipVert=False, font='Arial', fontFiles=[], height=1.0, italic=False, languageStyle='LTR', name='Tstim_15', opacity=1.0, ori=0, pos=array([0., 0.]), rgb=array([0., 0., 0.]), text='T', units='height', win=Window(...), wrapWidth=1)
13.1490 	EXP 	Created Tstim_16 = TextStim(__class__=<class 'psychopy.visual.text.TextStim'>, alignHoriz=method-wrapper(...), alignText='center', alignVert=method-wrapper(...), anchorHoriz='center', anchorVert='center', antialias=True, autoLog=True, bold=False, color='black', colorSpace='named', contrast=1.0, depth=-18.0, flipHoriz=False, flipVert=False, font='Arial', fontFiles=[], height=1.0, italic=False, languageStyle='LTR', name='Tstim_16', opacity=1.0, ori=0, pos=array([0., 0.]), rgb=array([0., 0., 0.]), text='T', units='height', win=Window(...), wrapWidth=1)
13.1502 	EXP 	Created Tstim_17 = TextStim(__class__=<class 'psychopy.visual.text.TextStim'>, alignHoriz=method-wrapper(...), alignText='center', alignVert=method-wrapper(...), anchorHoriz='center', anchorVert='center', antialias=True, autoLog=True, bold=False, color='black', colorSpace='named', contrast=1.0, depth=-19.0, flipHoriz=False, flipVert=False, font='Arial', fontFiles=[], height=1.0, italic=False, languageStyle='LTR', name='Tstim_17', opacity=1.0, ori=0, pos=array([0., 0.]), rgb=array([0., 0., 0.]), text='T', units='height', win=Window(...), wrapWidth=1)
13.1512 	EXP 	Created Tstim_18 = TextStim(__class__=<class 'psychopy.visual.text.TextStim'>, alignHoriz=method-wrapper(...), alignText='center', alignVert=method-wrapper(...), anchorHoriz='center', anchorVert='center', antialias=True, autoLog=True, bold=False, color='black', colorSpace='named', contrast=1.0, depth=-20.0, flipHoriz=False, flipVert=False, font='Arial', fontFiles=[], height=1.0, italic=False, languageStyle='LTR', name='Tstim_18', opacity=1.0, ori=0, pos=array([0., 0.]), rgb=array([0., 0., 0.]), text='T', units='height', win=Window(...), wrapWidth=1)
13.1523 	EXP 	Created Tstim_19 = TextStim(__class__=<class 'psychopy.visual.text.TextStim'>, alignHoriz=method-wrapper(...), alignText='center', alignVert=method-wrapper(...), anchorHoriz='center', anchorVert='center', antialias=True, autoLog=True, bold=False, color='black', colorSpace='named', contrast=1.0, depth=-21.0, flipHoriz=False, flipVert=False, font='Arial', fontFiles=[], height=1.0, italic=False, languageStyle='LTR', name='Tstim_19', opacity=1.0, ori=0, pos=array([0., 0.]), rgb=array([0., 0., 0.]), text='T', units='height', win=Window(...), wrapWidth=1)
13.1535 	EXP 	Created Tstim_20 = TextStim(__class__=<class 'psychopy.visual.text.TextStim'>, alignHoriz=method-wrapper(...), alignText='center', alignVert=method-wrapper(...), anchorHoriz='center', anchorVert='center', antialias=True, autoLog=True, bold=False, color='black', colorSpace='named', contrast=1.0, depth=-22.0, flipHoriz=False, flipVert=False, font='Arial', fontFiles=[], height=1.0, italic=False, languageStyle='LTR', name='Tstim_20', opacity=1.0, ori=0, pos=array([0., 0.]), rgb=array([0., 0., 0.]), text='T', units='height', win=Window(...), wrapWidth=1)
13.2800 	EXP 	Created Lstim = TextStim(__class__=<class 'psychopy.visual.text.TextStim'>, alignHoriz=method-wrapper(...), alignText='center', alignVert=method-wrapper(...), anchorHoriz='center', anchorVert='center', antialias=True, autoLog=True, bold=False, color='black', colorSpace='named', contrast=1.0, depth=-23.0, flipHoriz=False, flipVert=False, font='Arial', fontFiles=[], height=1.0, italic=False, languageStyle='LTR', name='Lstim', opacity=1.0, ori=0, pos=array([0., 0.]), rgb=array([0., 0., 0.]), text='L', units='height', win=Window(...), wrapWidth=1)
13.2802 	EXP 	window1: mouseVisible = True
13.2868 	EXP 	Created text = TextStim(__class__=<class 'psychopy.visual.text.TextStim'>, alignHoriz=method-wrapper(...), alignText='center', alignVert=method-wrapper(...), anchorHoriz='center', anchorVert='center', antialias=True, autoLog=True, bold=False, color='white', colorSpace='named', contrast=1.0, depth=-1.0, flipHoriz=False, flipVert=False, font='Arial', fontFiles=[], height=0.1, italic=False, languageStyle='LTR', name='text', opacity=1.0, ori=0, pos=array([0., 0.]), rgb=array([255., 255., 255.]), text='default text', units='height', win=Window(...), wrapWidth=1)
13.3260 	EXP 	instrTxt: autoDraw = True
23.8979 	DATA 	Mouse: Left button down, pos=(1020,581)
23.9408 	EXP 	Imported conditions.xlsx as conditions, 10 conditions, 4 params
23.9414 	EXP 	Created sequence: random, trialTypes=10, nReps=1, seed=None
23.9419 	EXP 	New trial (rep=0, index=0): OrderedDict([('targetCol', 'black'), ('distractorCol', 'black'), ('mixedOris', 0), ('setSize', 20)])
24.0155 	DATA 	Mouse:  Left button up, pos=(1020,581)
24.0584 	EXP 	instrTxt: autoDraw = False
24.0584 	EXP 	Tstim_20: color = 'black'
24.0584 	EXP 	Tstim_19: color = 'black'
24.0584 	EXP 	Tstim_18: color = 'black'
24.0584 	EXP 	Tstim_17: color = 'black'
24.0584 	EXP 	Tstim_16: color = 'black'
24.0584 	EXP 	Tstim_15: color = 'black'
24.0584 	EXP 	Tstim_14: color = 'black'
24.0584 	EXP 	Tstim_13: color = 'black'
24.0584 	EXP 	Tstim_12: color = 'black'
24.0584 	EXP 	Tstim_11: color = 'black'
24.0584 	EXP 	Tstim_10: color = 'black'
24.0584 	EXP 	Tstim_9: color = 'black'
24.0584 	EXP 	Tstim_8: color = 'black'
24.0584 	EXP 	Tstim_7: color = 'black'
24.0584 	EXP 	Tstim_6: color = 'black'
24.0584 	EXP 	Tstim_5: color = 'black'
24.0584 	EXP 	Tstim_4: color = 'black'
24.0584 	EXP 	Tstim_3: color = 'black'
24.0584 	EXP 	Tstim_2: color = 'black'
24.0584 	EXP 	Tstim: color = 'black'
24.0584 	EXP 	Lstim: color = 'black'
24.0584 	EXP 	Lstim: ori = 0.0
24.0584 	EXP 	Tstim: ori = 0.0
24.0584 	EXP 	Tstim_2: ori = 0.0
24.0584 	EXP 	Tstim_3: ori = 0.0
24.0584 	EXP 	Tstim_4: ori = 0.0
24.0584 	EXP 	Tstim_5: ori = 0.0
24.0584 	EXP 	Tstim_6: ori = 0.0
24.0584 	EXP 	Tstim_7: ori = 0.0
24.0584 	EXP 	Tstim_8: ori = 0.0
24.0584 	EXP 	Tstim_9: ori = 0.0
24.0584 	EXP 	Tstim_10: ori = 0.0
24.0584 	EXP 	Tstim_11: ori = 0.0
24.0584 	EXP 	Tstim_12: ori = 0.0
24.0584 	EXP 	Tstim_13: ori = 0.0
24.0584 	EXP 	Tstim_14: ori = 0.0
24.0584 	EXP 	Tstim_15: ori = 0.0
24.0584 	EXP 	Tstim_16: ori = 0.0
24.0584 	EXP 	Tstim_17: ori = 0.0
24.0584 	EXP 	Tstim_18: ori = 0.0
24.0584 	EXP 	Tstim_19: ori = 0.0
24.0584 	EXP 	Tstim_20: ori = 0.0
24.0584 	EXP 	Tstim: opacity = 0.5
24.0584 	EXP 	Tstim: pos = array([0.03, 0.06])
24.0584 	EXP 	Tstim: height = 0.1
24.0584 	EXP 	Tstim_2: opacity = 0.5
24.0584 	EXP 	Tstim_2: height = 0.1
24.0584 	EXP 	Tstim_3: opacity = 0.5
24.0584 	EXP 	Tstim_3: pos = array([-0.06, -0.06])
24.0584 	EXP 	Tstim_3: height = 0.1
24.0584 	EXP 	Tstim_4: opacity = 0.5
24.0584 	EXP 	Tstim_4: pos = array([-0.21, -0.03])
24.0584 	EXP 	Tstim_4: height = 0.1
24.0584 	EXP 	Tstim_5: opacity = 0.5
24.0584 	EXP 	Tstim_5: pos = array([-0.03, -0.09])
24.0584 	EXP 	Tstim_5: height = 0.1
24.0584 	EXP 	Tstim_6: opacity = 0.5
24.0584 	EXP 	Tstim_6: pos = array([ 0.09, -0.24])
24.0584 	EXP 	Tstim_6: height = 0.1
24.0584 	EXP 	Tstim_7: opacity = 0.5
24.0584 	EXP 	Tstim_7: pos = array([0.12, 0.03])
24.0584 	EXP 	Tstim_7: height = 0.1
24.0584 	EXP 	Tstim_8: opacity = 0.5
24.0584 	EXP 	Tstim_8: pos = array([0.06, 0.12])
24.0584 	EXP 	Tstim_8: height = 0.1
24.0584 	EXP 	Tstim_9: opacity = 0.5
24.0584 	EXP 	Tstim_9: pos = array([ 0.3 , -0.15])
24.0584 	EXP 	Tstim_9: height = 0.1
24.0584 	EXP 	Tstim_10: opacity = 0.5
24.0584 	EXP 	Tstim_10: pos = array([0., 0.])
24.0584 	EXP 	Tstim_10: height = 0.1
24.0584 	EXP 	Tstim_11: opacity = 0.5
24.0584 	EXP 	Tstim_11: pos = array([-0.12, -0.18])
24.0584 	EXP 	Tstim_11: height = 0.1
24.0584 	EXP 	Tstim_12: opacity = 0.5
24.0584 	EXP 	Tstim_12: pos = array([ 0.21, -0.27])
24.0584 	EXP 	Tstim_12: height = 0.1
24.0584 	EXP 	Tstim_13: opacity = 0.5
24.0584 	EXP 	Tstim_13: pos = array([-0.15, -0.21])
24.0584 	EXP 	Tstim_13: height = 0.1
24.0584 	EXP 	Tstim_14: opacity = 0.5
24.0584 	EXP 	Tstim_14: pos = array([0.15, 0.3 ])
24.0584 	EXP 	Tstim_14: height = 0.1
24.0584 	EXP 	Tstim_15: opacity = 0.5
24.0584 	EXP 	Tstim_15: pos = array([-0.09, -0.12])
24.0584 	EXP 	Tstim_15: height = 0.1
24.0584 	EXP 	Tstim_16: opacity = 0.5
24.0584 	EXP 	Tstim_16: pos = array([-0.24,  0.24])
24.0584 	EXP 	Tstim_16: height = 0.1
24.0584 	EXP 	Tstim_17: opacity = 0.5
24.0584 	EXP 	Tstim_17: pos = array([-0.18,  0.27])
24.0584 	EXP 	Tstim_17: height = 0.1
24.0584 	EXP 	Tstim_18: opacity = 0.5
24.0584 	EXP 	Tstim_18: pos = array([-0.27, -0.3 ])
24.0584 	EXP 	Tstim_18: height = 0.1
24.0584 	EXP 	Tstim_19: opacity = 0.5
24.0584 	EXP 	Tstim_19: pos = array([0.24, 0.21])
24.0584 	EXP 	Tstim_19: height = 0.1
24.0584 	EXP 	Tstim_20: opacity = 0.5
24.0584 	EXP 	Tstim_20: pos = array([0.27, 0.09])
24.0584 	EXP 	Tstim_20: height = 0.1
24.0584 	EXP 	Lstim: opacity = 0.5
24.0584 	EXP 	Lstim: pos = array([0.18, 0.15])
24.0584 	EXP 	Lstim: height = 0.1
24.0584 	EXP 	Tstim: autoDraw = True
24.0584 	EXP 	Tstim_2: autoDraw = True
24.0584 	EXP 	Tstim_3: autoDraw = True
24.0584 	EXP 	Tstim_4: autoDraw = True
24.0584 	EXP 	Tstim_5: autoDraw = True
24.0584 	EXP 	Tstim_6: autoDraw = True
24.0584 	EXP 	Tstim_7: autoDraw = True
24.0584 	EXP 	Tstim_8: autoDraw = True
24.0584 	EXP 	Tstim_9: autoDraw = True
24.0584 	EXP 	Tstim_10: autoDraw = True
24.0584 	EXP 	Tstim_11: autoDraw = True
24.0584 	EXP 	Tstim_12: autoDraw = True
24.0584 	EXP 	Tstim_13: autoDraw = True
24.0584 	EXP 	Tstim_14: autoDraw = True
24.0584 	EXP 	Tstim_15: autoDraw = True
24.0584 	EXP 	Tstim_16: autoDraw = True
24.0584 	EXP 	Tstim_17: autoDraw = True
24.0584 	EXP 	Tstim_18: autoDraw = True
24.0584 	EXP 	Tstim_19: autoDraw = True
24.0584 	EXP 	Tstim_20: autoDraw = True
24.0584 	EXP 	Lstim: autoDraw = True
24.0584 	EXP 	Tstim: text = 'T'
24.0584 	EXP 	Tstim_2: text = 'T'
24.0584 	EXP 	Tstim_3: text = 'T'
24.0584 	EXP 	Tstim_4: text = 'T'
24.0584 	EXP 	Tstim_5: text = 'T'
24.0584 	EXP 	Tstim_6: text = 'T'
24.0584 	EXP 	Tstim_7: text = 'T'
24.0584 	EXP 	Tstim_8: text = 'T'
24.0584 	EXP 	Tstim_9: text = 'T'
24.0584 	EXP 	Tstim_10: text = 'T'
24.0584 	EXP 	Tstim_11: text = 'T'
24.0584 	EXP 	Tstim_12: text = 'T'
24.0584 	EXP 	Tstim_13: text = 'T'
24.0584 	EXP 	Tstim_14: text = 'T'
24.0584 	EXP 	Tstim_15: text = 'T'
24.0584 	EXP 	Tstim_16: text = 'T'
24.0584 	EXP 	Tstim_17: text = 'T'
24.0584 	EXP 	Tstim_18: text = 'T'
24.0584 	EXP 	Tstim_19: text = 'T'
24.0584 	EXP 	Tstim_20: text = 'T'
24.0584 	EXP 	Lstim: text = 'L'
31.2469 	DATA 	Keypress: l
32.3860 	DATA 	Mouse: Left button down, pos=(1020,581)
32.4366 	EXP 	Tstim: autoDraw = False
32.4366 	EXP 	Tstim_2: autoDraw = False
32.4366 	EXP 	Tstim_3: autoDraw = False
32.4366 	EXP 	Tstim_4: autoDraw = False
32.4366 	EXP 	Tstim_5: autoDraw = False
32.4366 	EXP 	Tstim_6: autoDraw = False
32.4366 	EXP 	Tstim_7: autoDraw = False
32.4366 	EXP 	Tstim_8: autoDraw = False
32.4366 	EXP 	Tstim_9: autoDraw = False
32.4366 	EXP 	Tstim_10: autoDraw = False
32.4366 	EXP 	Tstim_11: autoDraw = False
32.4366 	EXP 	Tstim_12: autoDraw = False
32.4366 	EXP 	Tstim_13: autoDraw = False
32.4366 	EXP 	Tstim_14: autoDraw = False
32.4366 	EXP 	Tstim_15: autoDraw = False
32.4366 	EXP 	Tstim_16: autoDraw = False
32.4366 	EXP 	Tstim_17: autoDraw = False
32.4366 	EXP 	Tstim_18: autoDraw = False
32.4366 	EXP 	Tstim_19: autoDraw = False
32.4366 	EXP 	Tstim_20: autoDraw = False
32.4366 	EXP 	Lstim: autoDraw = False
32.4366 	EXP 	text: text = "oops, that wasn't the target8.371"
32.4366 	EXP 	text: autoDraw = True
32.5229 	DATA 	Mouse:  Left button up, pos=(1020,581)
33.4046 	EXP 	New trial (rep=0, index=1): OrderedDict([('targetCol', 'black'), ('distractorCol', 'black'), ('mixedOris', 1), ('setSize', 20)])
33.5373 	EXP 	text: autoDraw = False
33.5373 	EXP 	Tstim_20: color = 'black'
33.5373 	EXP 	Tstim_19: color = 'black'
33.5373 	EXP 	Tstim_18: color = 'black'
33.5373 	EXP 	Tstim_17: color = 'black'
33.5373 	EXP 	Tstim_16: color = 'black'
33.5373 	EXP 	Tstim_15: color = 'black'
33.5373 	EXP 	Tstim_14: color = 'black'
33.5373 	EXP 	Tstim_13: color = 'black'
33.5373 	EXP 	Tstim_12: color = 'black'
33.5373 	EXP 	Tstim_11: color = 'black'
33.5373 	EXP 	Tstim_10: color = 'black'
33.5373 	EXP 	Tstim_9: color = 'black'
33.5373 	EXP 	Tstim_8: color = 'black'
33.5373 	EXP 	Tstim_7: color = 'black'
33.5373 	EXP 	Tstim_6: color = 'black'
33.5373 	EXP 	Tstim_5: color = 'black'
33.5373 	EXP 	Tstim_4: color = 'black'
33.5373 	EXP 	Tstim_3: color = 'black'
33.5373 	EXP 	Tstim_2: color = 'black'
33.5373 	EXP 	Tstim: color = 'black'
33.5373 	EXP 	Lstim: color = 'black'
33.5373 	EXP 	Lstim: ori = 56.0
33.5373 	EXP 	Tstim: ori = 143.0
33.5373 	EXP 	Tstim_2: ori = 227.0
33.5373 	EXP 	Tstim_3: ori = 21.0
33.5373 	EXP 	Tstim_4: ori = 337.0
33.5373 	EXP 	Tstim_5: ori = 204.0
33.5373 	EXP 	Tstim_6: ori = 359.0
33.5373 	EXP 	Tstim_7: ori = 279.0
33.5373 	EXP 	Tstim_8: ori = 157.0
33.5373 	EXP 	Tstim_9: ori = 221.0
33.5373 	EXP 	Tstim_10: ori = 102.0
33.5373 	EXP 	Tstim_11: ori = 358.0
33.5373 	EXP 	Tstim_12: ori = 31.0
33.5373 	EXP 	Tstim_13: ori = 341.0
33.5373 	EXP 	Tstim_14: ori = 138.0
33.5373 	EXP 	Tstim_15: ori = 134.0
33.5373 	EXP 	Tstim_16: ori = 170.0
33.5373 	EXP 	Tstim_17: ori = 318.0
33.5373 	EXP 	Tstim_18: ori = 288.0
33.5373 	EXP 	Tstim_19: ori = 130.0
33.5373 	EXP 	Tstim_20: ori = 237.0
33.5373 	EXP 	Tstim: opacity = 0.5
33.5373 	EXP 	Tstim: pos = array([ 0.3 , -0.24])
33.5373 	EXP 	Tstim: height = 0.1
33.5373 	EXP 	Tstim_2: opacity = 0.5
33.5373 	EXP 	Tstim_2: height = 0.1
33.5373 	EXP 	Tstim_3: opacity = 0.5
33.5373 	EXP 	Tstim_3: pos = array([ 0.09, -0.09])
33.5373 	EXP 	Tstim_3: height = 0.1
33.5373 	EXP 	Tstim_4: opacity = 0.5
33.5373 	EXP 	Tstim_4: pos = array([0.03, 0.24])
33.5373 	EXP 	Tstim_4: height = 0.1
33.5373 	EXP 	Tstim_5: opacity = 0.5
33.5373 	EXP 	Tstim_5: pos = array([-0.09, -0.27])
33.5373 	EXP 	Tstim_5: height = 0.1
33.5373 	EXP 	Tstim_6: opacity = 0.5
33.5373 	EXP 	Tstim_6: pos = array([-0.06,  0.06])
33.5373 	EXP 	Tstim_6: height = 0.1
33.5373 	EXP 	Tstim_7: opacity = 0.5
33.5373 	EXP 	Tstim_7: pos = array([-0.21, -0.21])
33.5373 	EXP 	Tstim_7: height = 0.1
33.5373 	EXP 	Tstim_8: opacity = 0.5
33.5373 	EXP 	Tstim_8: pos = array([-0.27, -0.06])
33.5373 	EXP 	Tstim_8: height = 0.1
33.5373 	EXP 	Tstim_9: opacity = 0.5
33.5373 	EXP 	Tstim_9: pos = array([-0.15, -0.03])
33.5373 	EXP 	Tstim_9: height = 0.1
33.5373 	EXP 	Tstim_10: opacity = 0.5
33.5373 	EXP 	Tstim_10: pos = array([0.27, 0.27])
33.5373 	EXP 	Tstim_10: height = 0.1
33.5373 	EXP 	Tstim_11: opacity = 0.5
33.5373 	EXP 	Tstim_11: pos = array([0.06, 0.21])
33.5373 	EXP 	Tstim_11: height = 0.1
33.5373 	EXP 	Tstim_12: opacity = 0.5
33.5373 	EXP 	Tstim_12: pos = array([ 0.21, -0.3 ])
33.5373 	EXP 	Tstim_12: height = 0.1
33.5373 	EXP 	Tstim_13: opacity = 0.5
33.5373 	EXP 	Tstim_13: pos = array([-0.03, -0.15])
33.5373 	EXP 	Tstim_13: height = 0.1
33.5373 	EXP 	Tstim_14: opacity = 0.5
33.5373 	EXP 	Tstim_14: pos = array([-0.18,  0.09])
33.5373 	EXP 	Tstim_14: height = 0.1
33.5373 	EXP 	Tstim_15: opacity = 0.5
33.5373 	EXP 	Tstim_15: pos = array([-0.3 ,  0.15])
33.5373 	EXP 	Tstim_15: height = 0.1
33.5373 	EXP 	Tstim_16: opacity = 0.5
33.5373 	EXP 	Tstim_16: pos = array([0.12, 0.18])
33.5373 	EXP 	Tstim_16: height = 0.1
33.5373 	EXP 	Tstim_17: opacity = 0.5
33.5373 	EXP 	Tstim_17: pos = array([-0.24, -0.18])
33.5373 	EXP 	Tstim_17: height = 0.1
33.5373 	EXP 	Tstim_18: opacity = 0.5
33.5373 	EXP 	Tstim_18: pos = array([0.  , 0.12])
33.5373 	EXP 	Tstim_18: height = 0.1
33.5373 	EXP 	Tstim_19: opacity = 0.5
33.5373 	EXP 	Tstim_19: pos = array([ 0.24, -0.12])
33.5373 	EXP 	Tstim_19: height = 0.1
33.5373 	EXP 	Tstim_20: opacity = 0.5
33.5373 	EXP 	Tstim_20: pos = array([0.15, 0.3 ])
33.5373 	EXP 	Tstim_20: height = 0.1
33.5373 	EXP 	Lstim: opacity = 0.5
33.5373 	EXP 	Lstim: pos = array([-0.12,  0.  ])
33.5373 	EXP 	Lstim: height = 0.1
33.5373 	EXP 	Tstim: autoDraw = True
33.5373 	EXP 	Tstim_2: autoDraw = True
33.5373 	EXP 	Tstim_3: autoDraw = True
33.5373 	EXP 	Tstim_4: autoDraw = True
33.5373 	EXP 	Tstim_5: autoDraw = True
33.5373 	EXP 	Tstim_6: autoDraw = True
33.5373 	EXP 	Tstim_7: autoDraw = True
33.5373 	EXP 	Tstim_8: autoDraw = True
33.5373 	EXP 	Tstim_9: autoDraw = True
33.5373 	EXP 	Tstim_10: autoDraw = True
33.5373 	EXP 	Tstim_11: autoDraw = True
33.5373 	EXP 	Tstim_12: autoDraw = True
33.5373 	EXP 	Tstim_13: autoDraw = True
33.5373 	EXP 	Tstim_14: autoDraw = True
33.5373 	EXP 	Tstim_15: autoDraw = True
33.5373 	EXP 	Tstim_16: autoDraw = True
33.5373 	EXP 	Tstim_17: autoDraw = True
33.5373 	EXP 	Tstim_18: autoDraw = True
33.5373 	EXP 	Tstim_19: autoDraw = True
33.5373 	EXP 	Tstim_20: autoDraw = True
33.5373 	EXP 	Lstim: autoDraw = True
33.5373 	EXP 	Tstim: text = 'T'
33.5373 	EXP 	Tstim_2: text = 'T'
33.5373 	EXP 	Tstim_3: text = 'T'
33.5373 	EXP 	Tstim_4: text = 'T'
33.5373 	EXP 	Tstim_5: text = 'T'
33.5373 	EXP 	Tstim_6: text = 'T'
33.5373 	EXP 	Tstim_7: text = 'T'
33.5373 	EXP 	Tstim_8: text = 'T'
33.5373 	EXP 	Tstim_9: text = 'T'
33.5373 	EXP 	Tstim_10: text = 'T'
33.5373 	EXP 	Tstim_11: text = 'T'
33.5373 	EXP 	Tstim_12: text = 'T'
33.5373 	EXP 	Tstim_13: text = 'T'
33.5373 	EXP 	Tstim_14: text = 'T'
33.5373 	EXP 	Tstim_15: text = 'T'
33.5373 	EXP 	Tstim_16: text = 'T'
33.5373 	EXP 	Tstim_17: text = 'T'
33.5373 	EXP 	Tstim_18: text = 'T'
33.5373 	EXP 	Tstim_19: text = 'T'
33.5373 	EXP 	Tstim_20: text = 'T'
33.5373 	EXP 	Lstim: text = 'L'
35.8995 	DATA 	Mouse: Left button down, pos=(781,606)
35.9451 	EXP 	Tstim: autoDraw = False
35.9451 	EXP 	Tstim_2: autoDraw = False
35.9451 	EXP 	Tstim_3: autoDraw = False
35.9451 	EXP 	Tstim_4: autoDraw = False
35.9451 	EXP 	Tstim_5: autoDraw = False
35.9451 	EXP 	Tstim_6: autoDraw = False
35.9451 	EXP 	Tstim_7: autoDraw = False
35.9451 	EXP 	Tstim_8: autoDraw = False
35.9451 	EXP 	Tstim_9: autoDraw = False
35.9451 	EXP 	Tstim_10: autoDraw = False
35.9451 	EXP 	Tstim_11: autoDraw = False
35.9451 	EXP 	Tstim_12: autoDraw = False
35.9451 	EXP 	Tstim_13: autoDraw = False
35.9451 	EXP 	Tstim_14: autoDraw = False
35.9451 	EXP 	Tstim_15: autoDraw = False
35.9451 	EXP 	Tstim_16: autoDraw = False
35.9451 	EXP 	Tstim_17: autoDraw = False
35.9451 	EXP 	Tstim_18: autoDraw = False
35.9451 	EXP 	Tstim_19: autoDraw = False
35.9451 	EXP 	Tstim_20: autoDraw = False
35.9451 	EXP 	Lstim: autoDraw = False
35.9451 	EXP 	text: text = 'Target found!2.416'
35.9451 	EXP 	text: autoDraw = True
36.0093 	DATA 	Mouse:  Left button up, pos=(781,606)
36.9238 	EXP 	New trial (rep=0, index=2): OrderedDict([('targetCol', 'black'), ('distractorCol', 'black'), ('mixedOris', 1), ('setSize', 20)])
37.0610 	EXP 	text: autoDraw = False
37.0610 	EXP 	Tstim_20: color = 'black'
37.0610 	EXP 	Tstim_19: color = 'black'
37.0610 	EXP 	Tstim_18: color = 'black'
37.0610 	EXP 	Tstim_17: color = 'black'
37.0610 	EXP 	Tstim_16: color = 'black'
37.0610 	EXP 	Tstim_15: color = 'black'
37.0610 	EXP 	Tstim_14: color = 'black'
37.0610 	EXP 	Tstim_13: color = 'black'
37.0610 	EXP 	Tstim_12: color = 'black'
37.0610 	EXP 	Tstim_11: color = 'black'
37.0610 	EXP 	Tstim_10: color = 'black'
37.0610 	EXP 	Tstim_9: color = 'black'
37.0610 	EXP 	Tstim_8: color = 'black'
37.0610 	EXP 	Tstim_7: color = 'black'
37.0610 	EXP 	Tstim_6: color = 'black'
37.0610 	EXP 	Tstim_5: color = 'black'
37.0610 	EXP 	Tstim_4: color = 'black'
37.0610 	EXP 	Tstim_3: color = 'black'
37.0610 	EXP 	Tstim_2: color = 'black'
37.0610 	EXP 	Tstim: color = 'black'
37.0610 	EXP 	Lstim: color = 'black'
37.0610 	EXP 	Lstim: ori = 57.0
37.0610 	EXP 	Tstim: ori = 258.0
37.0610 	EXP 	Tstim_2: ori = 122.0
37.0610 	EXP 	Tstim_3: ori = 232.0
37.0610 	EXP 	Tstim_4: ori = 59.0
37.0610 	EXP 	Tstim_5: ori = 297.0
37.0610 	EXP 	Tstim_6: ori = 66.0
37.0610 	EXP 	Tstim_7: ori = 239.0
37.0610 	EXP 	Tstim_8: ori = 81.0
37.0610 	EXP 	Tstim_9: ori = 112.0
37.0610 	EXP 	Tstim_10: ori = 344.0
37.0610 	EXP 	Tstim_11: ori = 109.0
37.0610 	EXP 	Tstim_12: ori = 1.0
37.0610 	EXP 	Tstim_13: ori = 30.0
37.0610 	EXP 	Tstim_14: ori = 210.0
37.0610 	EXP 	Tstim_15: ori = 291.0
37.0610 	EXP 	Tstim_16: ori = 96.0
37.0610 	EXP 	Tstim_17: ori = 52.0
37.0610 	EXP 	Tstim_18: ori = 30.0
37.0610 	EXP 	Tstim_19: ori = 20.0
37.0610 	EXP 	Tstim_20: ori = 128.0
37.0610 	EXP 	Tstim: opacity = 0.5
37.0610 	EXP 	Tstim: pos = array([0.  , 0.03])
37.0610 	EXP 	Tstim: height = 0.1
37.0610 	EXP 	Tstim_2: opacity = 0.5
37.0610 	EXP 	Tstim_2: height = 0.1
37.0610 	EXP 	Tstim_3: opacity = 0.5
37.0610 	EXP 	Tstim_3: pos = array([-0.12, -0.18])
37.0610 	EXP 	Tstim_3: height = 0.1
37.0610 	EXP 	Tstim_4: opacity = 0.5
37.0610 	EXP 	Tstim_4: pos = array([-0.24, -0.06])
37.0610 	EXP 	Tstim_4: height = 0.1
37.0610 	EXP 	Tstim_5: opacity = 0.5
37.0610 	EXP 	Tstim_5: pos = array([-0.09,  0.27])
37.0610 	EXP 	Tstim_5: height = 0.1
37.0610 	EXP 	Tstim_6: opacity = 0.5
37.0610 	EXP 	Tstim_6: pos = array([-0.21, -0.03])
37.0610 	EXP 	Tstim_6: height = 0.1
37.0610 	EXP 	Tstim_7: opacity = 0.5
37.0610 	EXP 	Tstim_7: pos = array([-0.3 , -0.09])
37.0610 	EXP 	Tstim_7: height = 0.1
37.0610 	EXP 	Tstim_8: opacity = 0.5
37.0610 	EXP 	Tstim_8: pos = array([0.15, 0.24])
37.0610 	EXP 	Tstim_8: height = 0.1
37.0610 	EXP 	Tstim_9: opacity = 0.5
37.0610 	EXP 	Tstim_9: pos = array([0.06, 0.15])
37.0610 	EXP 	Tstim_9: height = 0.1
37.0610 	EXP 	Tstim_10: opacity = 0.5
37.0610 	EXP 	Tstim_10: pos = array([0.18, 0.  ])
37.0610 	EXP 	Tstim_10: height = 0.1
37.0610 	EXP 	Tstim_11: opacity = 0.5
37.0610 	EXP 	Tstim_11: pos = array([-0.18, -0.21])
37.0610 	EXP 	Tstim_11: height = 0.1
37.0610 	EXP 	Tstim_12: opacity = 0.5
37.0610 	EXP 	Tstim_12: pos = array([-0.27,  0.21])
37.0610 	EXP 	Tstim_12: height = 0.1
37.0610 	EXP 	Tstim_13: opacity = 0.5
37.0610 	EXP 	Tstim_13: pos = array([-0.03,  0.12])
37.0610 	EXP 	Tstim_13: height = 0.1
37.0610 	EXP 	Tstim_14: opacity = 0.5
37.0610 	EXP 	Tstim_14: pos = array([0.3 , 0.18])
37.0610 	EXP 	Tstim_14: height = 0.1
37.0610 	EXP 	Tstim_15: opacity = 0.5
37.0610 	EXP 	Tstim_15: pos = array([-0.15, -0.15])
37.0610 	EXP 	Tstim_15: height = 0.1
37.0610 	EXP 	Tstim_16: opacity = 0.5
37.0610 	EXP 	Tstim_16: pos = array([-0.06,  0.06])
37.0610 	EXP 	Tstim_16: height = 0.1
37.0610 	EXP 	Tstim_17: opacity = 0.5
37.0610 	EXP 	Tstim_17: pos = array([ 0.24, -0.12])
37.0610 	EXP 	Tstim_17: height = 0.1
37.0610 	EXP 	Tstim_18: opacity = 0.5
37.0610 	EXP 	Tstim_18: pos = array([ 0.03, -0.3 ])
37.0610 	EXP 	Tstim_18: height = 0.1
37.0610 	EXP 	Tstim_19: opacity = 0.5
37.0610 	EXP 	Tstim_19: pos = array([ 0.12, -0.27])
37.0610 	EXP 	Tstim_19: height = 0.1
37.0610 	EXP 	Tstim_20: opacity = 0.5
37.0610 	EXP 	Tstim_20: pos = array([0.27, 0.09])
37.0610 	EXP 	Tstim_20: height = 0.1
37.0610 	EXP 	Lstim: opacity = 0.5
37.0610 	EXP 	Lstim: pos = array([ 0.21, -0.24])
37.0610 	EXP 	Lstim: height = 0.1
37.0610 	EXP 	Tstim: autoDraw = True
37.0610 	EXP 	Tstim_2: autoDraw = True
37.0610 	EXP 	Tstim_3: autoDraw = True
37.0610 	EXP 	Tstim_4: autoDraw = True
37.0610 	EXP 	Tstim_5: autoDraw = True
37.0610 	EXP 	Tstim_6: autoDraw = True
37.0610 	EXP 	Tstim_7: autoDraw = True
37.0610 	EXP 	Tstim_8: autoDraw = True
37.0610 	EXP 	Tstim_9: autoDraw = True
37.0610 	EXP 	Tstim_10: autoDraw = True
37.0610 	EXP 	Tstim_11: autoDraw = True
37.0610 	EXP 	Tstim_12: autoDraw = True
37.0610 	EXP 	Tstim_13: autoDraw = True
37.0610 	EXP 	Tstim_14: autoDraw = True
37.0610 	EXP 	Tstim_15: autoDraw = True
37.0610 	EXP 	Tstim_16: autoDraw = True
37.0610 	EXP 	Tstim_17: autoDraw = True
37.0610 	EXP 	Tstim_18: autoDraw = True
37.0610 	EXP 	Tstim_19: autoDraw = True
37.0610 	EXP 	Tstim_20: autoDraw = True
37.0610 	EXP 	Lstim: autoDraw = True
37.0610 	EXP 	Tstim: text = 'T'
37.0610 	EXP 	Tstim_2: text = 'T'
37.0610 	EXP 	Tstim_3: text = 'T'
37.0610 	EXP 	Tstim_4: text = 'T'
37.0610 	EXP 	Tstim_5: text = 'T'
37.0610 	EXP 	Tstim_6: text = 'T'
37.0610 	EXP 	Tstim_7: text = 'T'
37.0610 	EXP 	Tstim_8: text = 'T'
37.0610 	EXP 	Tstim_9: text = 'T'
37.0610 	EXP 	Tstim_10: text = 'T'
37.0610 	EXP 	Tstim_11: text = 'T'
37.0610 	EXP 	Tstim_12: text = 'T'
37.0610 	EXP 	Tstim_13: text = 'T'
37.0610 	EXP 	Tstim_14: text = 'T'
37.0610 	EXP 	Tstim_15: text = 'T'
37.0610 	EXP 	Tstim_16: text = 'T'
37.0610 	EXP 	Tstim_17: text = 'T'
37.0610 	EXP 	Tstim_18: text = 'T'
37.0610 	EXP 	Tstim_19: text = 'T'
37.0610 	EXP 	Tstim_20: text = 'T'
37.0610 	EXP 	Lstim: text = 'L'
39.9100 	DATA 	Mouse: Left button down, pos=(1191,327)
39.9398 	EXP 	Tstim: autoDraw = False
39.9398 	EXP 	Tstim_2: autoDraw = False
39.9398 	EXP 	Tstim_3: autoDraw = False
39.9398 	EXP 	Tstim_4: autoDraw = False
39.9398 	EXP 	Tstim_5: autoDraw = False
39.9398 	EXP 	Tstim_6: autoDraw = False
39.9398 	EXP 	Tstim_7: autoDraw = False
39.9398 	EXP 	Tstim_8: autoDraw = False
39.9398 	EXP 	Tstim_9: autoDraw = False
39.9398 	EXP 	Tstim_10: autoDraw = False
39.9398 	EXP 	Tstim_11: autoDraw = False
39.9398 	EXP 	Tstim_12: autoDraw = False
39.9398 	EXP 	Tstim_13: autoDraw = False
39.9398 	EXP 	Tstim_14: autoDraw = False
39.9398 	EXP 	Tstim_15: autoDraw = False
39.9398 	EXP 	Tstim_16: autoDraw = False
39.9398 	EXP 	Tstim_17: autoDraw = False
39.9398 	EXP 	Tstim_18: autoDraw = False
39.9398 	EXP 	Tstim_19: autoDraw = False
39.9398 	EXP 	Tstim_20: autoDraw = False
39.9398 	EXP 	Lstim: autoDraw = False
39.9398 	EXP 	text: text = 'Target found!2.901'
39.9398 	EXP 	text: autoDraw = True
40.0308 	DATA 	Mouse:  Left button up, pos=(1191,327)
40.9276 	EXP 	New trial (rep=0, index=3): OrderedDict([('targetCol', 'black'), ('distractorCol', 'black'), ('mixedOris', 1), ('setSize', 5)])
41.0512 	EXP 	text: autoDraw = False
41.0512 	EXP 	Tstim_20: color = 'black'
41.0512 	EXP 	Tstim_19: color = 'black'
41.0512 	EXP 	Tstim_18: color = 'black'
41.0512 	EXP 	Tstim_17: color = 'black'
41.0512 	EXP 	Tstim_16: color = 'black'
41.0512 	EXP 	Tstim_15: color = 'grey'
41.0512 	EXP 	Tstim_14: color = 'grey'
41.0512 	EXP 	Tstim_13: color = 'grey'
41.0512 	EXP 	Tstim_12: color = 'grey'
41.0512 	EXP 	Tstim_11: color = 'grey'
41.0512 	EXP 	Tstim_10: color = 'grey'
41.0512 	EXP 	Tstim_9: color = 'grey'
41.0512 	EXP 	Tstim_8: color = 'grey'
41.0512 	EXP 	Tstim_7: color = 'grey'
41.0512 	EXP 	Tstim_6: color = 'grey'
41.0512 	EXP 	Tstim_5: color = 'grey'
41.0512 	EXP 	Tstim_4: color = 'grey'
41.0512 	EXP 	Tstim_3: color = 'grey'
41.0512 	EXP 	Tstim_2: color = 'grey'
41.0512 	EXP 	Tstim: color = 'grey'
41.0512 	EXP 	Lstim: color = 'black'
41.0512 	EXP 	Lstim: ori = 305.0
41.0512 	EXP 	Tstim: ori = 269.0
41.0512 	EXP 	Tstim_2: ori = 48.0
41.0512 	EXP 	Tstim_3: ori = 336.0
41.0512 	EXP 	Tstim_4: ori = 254.0
41.0512 	EXP 	Tstim_5: ori = 29.0
41.0512 	EXP 	Tstim_6: ori = 4.0
41.0512 	EXP 	Tstim_7: ori = 147.0
41.0512 	EXP 	Tstim_8: ori = 263.0
41.0512 	EXP 	Tstim_9: ori = 196.0
41.0512 	EXP 	Tstim_10: ori = 176.0
41.0512 	EXP 	Tstim_11: ori = 328.0
41.0512 	EXP 	Tstim_12: ori = 61.0
41.0512 	EXP 	Tstim_13: ori = 32.0
41.0512 	EXP 	Tstim_14: ori = 170.0
41.0512 	EXP 	Tstim_15: ori = 138.0
41.0512 	EXP 	Tstim_16: ori = 274.0
41.0512 	EXP 	Tstim_17: ori = 168.0
41.0512 	EXP 	Tstim_18: ori = 68.0
41.0512 	EXP 	Tstim_19: ori = 147.0
41.0512 	EXP 	Tstim_20: ori = 325.0
41.0512 	EXP 	Tstim: opacity = 0.5
41.0512 	EXP 	Tstim: pos = array([ 0.21, -0.09])
41.0512 	EXP 	Tstim: height = 0.1
41.0512 	EXP 	Tstim_2: opacity = 0.5
41.0512 	EXP 	Tstim_2: height = 0.1
41.0512 	EXP 	Tstim_3: opacity = 0.5
41.0512 	EXP 	Tstim_3: pos = array([0.18, 0.18])
41.0512 	EXP 	Tstim_3: height = 0.1
41.0512 	EXP 	Tstim_4: opacity = 0.5
41.0512 	EXP 	Tstim_4: pos = array([ 0.06, -0.27])
41.0512 	EXP 	Tstim_4: height = 0.1
41.0512 	EXP 	Tstim_5: opacity = 0.5
41.0512 	EXP 	Tstim_5: pos = array([-0.3 , -0.21])
41.0512 	EXP 	Tstim_5: height = 0.1
41.0512 	EXP 	Tstim_6: opacity = 0.5
41.0512 	EXP 	Tstim_6: pos = array([ 0.09, -0.3 ])
41.0512 	EXP 	Tstim_6: height = 0.1
41.0512 	EXP 	Tstim_7: opacity = 0.5
41.0512 	EXP 	Tstim_7: pos = array([ 0.15, -0.12])
41.0512 	EXP 	Tstim_7: height = 0.1
41.0512 	EXP 	Tstim_8: opacity = 0.5
41.0512 	EXP 	Tstim_8: pos = array([0.24, 0.3 ])
41.0512 	EXP 	Tstim_8: height = 0.1
41.0512 	EXP 	Tstim_9: opacity = 0.5
41.0512 	EXP 	Tstim_9: pos = array([-0.06,  0.15])
41.0512 	EXP 	Tstim_9: height = 0.1
41.0512 	EXP 	Tstim_10: opacity = 0.5
41.0512 	EXP 	Tstim_10: pos = array([ 0.3 , -0.03])
41.0512 	EXP 	Tstim_10: height = 0.1
41.0512 	EXP 	Tstim_11: opacity = 0.5
41.0512 	EXP 	Tstim_11: pos = array([-0.09,  0.27])
41.0512 	EXP 	Tstim_11: height = 0.1
41.0512 	EXP 	Tstim_12: opacity = 0.5
41.0512 	EXP 	Tstim_12: pos = array([-0.15, -0.18])
41.0512 	EXP 	Tstim_12: height = 0.1
41.0512 	EXP 	Tstim_13: opacity = 0.5
41.0512 	EXP 	Tstim_13: pos = array([-0.12,  0.  ])
41.0512 	EXP 	Tstim_13: height = 0.1
41.0512 	EXP 	Tstim_14: opacity = 0.5
41.0512 	EXP 	Tstim_14: pos = array([-0.21,  0.12])
41.0512 	EXP 	Tstim_14: height = 0.1
41.0512 	EXP 	Tstim_15: opacity = 0.5
41.0512 	EXP 	Tstim_15: pos = array([0.12, 0.24])
41.0512 	EXP 	Tstim_15: height = 0.1
41.0512 	EXP 	Tstim_16: opacity = 0.5
41.0512 	EXP 	Tstim_16: pos = array([ 0.  , -0.15])
41.0512 	EXP 	Tstim_16: height = 0.1
41.0512 	EXP 	Tstim_17: opacity = 0.5
41.0512 	EXP 	Tstim_17: pos = array([ 0.27, -0.24])
41.0512 	EXP 	Tstim_17: height = 0.1
41.0512 	EXP 	Tstim_18: opacity = 0.5
41.0512 	EXP 	Tstim_18: pos = array([-0.18,  0.03])
41.0512 	EXP 	Tstim_18: height = 0.1
41.0512 	EXP 	Tstim_19: opacity = 0.5
41.0512 	EXP 	Tstim_19: pos = array([-0.24,  0.06])
41.0512 	EXP 	Tstim_19: height = 0.1
41.0512 	EXP 	Tstim_20: opacity = 0.5
41.0512 	EXP 	Tstim_20: pos = array([0.03, 0.09])
41.0512 	EXP 	Tstim_20: height = 0.1
41.0512 	EXP 	Lstim: opacity = 0.5
41.0512 	EXP 	Lstim: pos = array([-0.03, -0.06])
41.0512 	EXP 	Lstim: height = 0.1
41.0512 	EXP 	Tstim: autoDraw = True
41.0512 	EXP 	Tstim_2: autoDraw = True
41.0512 	EXP 	Tstim_3: autoDraw = True
41.0512 	EXP 	Tstim_4: autoDraw = True
41.0512 	EXP 	Tstim_5: autoDraw = True
41.0512 	EXP 	Tstim_6: autoDraw = True
41.0512 	EXP 	Tstim_7: autoDraw = True
41.0512 	EXP 	Tstim_8: autoDraw = True
41.0512 	EXP 	Tstim_9: autoDraw = True
41.0512 	EXP 	Tstim_10: autoDraw = True
41.0512 	EXP 	Tstim_11: autoDraw = True
41.0512 	EXP 	Tstim_12: autoDraw = True
41.0512 	EXP 	Tstim_13: autoDraw = True
41.0512 	EXP 	Tstim_14: autoDraw = True
41.0512 	EXP 	Tstim_15: autoDraw = True
41.0512 	EXP 	Tstim_16: autoDraw = True
41.0512 	EXP 	Tstim_17: autoDraw = True
41.0512 	EXP 	Tstim_18: autoDraw = True
41.0512 	EXP 	Tstim_19: autoDraw = True
41.0512 	EXP 	Tstim_20: autoDraw = True
41.0512 	EXP 	Lstim: autoDraw = True
41.0512 	EXP 	Tstim: text = 'T'
41.0512 	EXP 	Tstim_2: text = 'T'
41.0512 	EXP 	Tstim_3: text = 'T'
41.0512 	EXP 	Tstim_4: text = 'T'
41.0512 	EXP 	Tstim_5: text = 'T'
41.0512 	EXP 	Tstim_6: text = 'T'
41.0512 	EXP 	Tstim_7: text = 'T'
41.0512 	EXP 	Tstim_8: text = 'T'
41.0512 	EXP 	Tstim_9: text = 'T'
41.0512 	EXP 	Tstim_10: text = 'T'
41.0512 	EXP 	Tstim_11: text = 'T'
41.0512 	EXP 	Tstim_12: text = 'T'
41.0512 	EXP 	Tstim_13: text = 'T'
41.0512 	EXP 	Tstim_14: text = 'T'
41.0512 	EXP 	Tstim_15: text = 'T'
41.0512 	EXP 	Tstim_16: text = 'T'
41.0512 	EXP 	Tstim_17: text = 'T'
41.0512 	EXP 	Tstim_18: text = 'T'
41.0512 	EXP 	Tstim_19: text = 'T'
41.0512 	EXP 	Tstim_20: text = 'T'
41.0512 	EXP 	Lstim: text = 'L'
42.2952 	DATA 	Mouse: Left button down, pos=(941,517)
42.3247 	EXP 	Tstim: autoDraw = False
42.3247 	EXP 	Tstim_2: autoDraw = False
42.3247 	EXP 	Tstim_3: autoDraw = False
42.3247 	EXP 	Tstim_4: autoDraw = False
42.3247 	EXP 	Tstim_5: autoDraw = False
42.3247 	EXP 	Tstim_6: autoDraw = False
42.3247 	EXP 	Tstim_7: autoDraw = False
42.3247 	EXP 	Tstim_8: autoDraw = False
42.3247 	EXP 	Tstim_9: autoDraw = False
42.3247 	EXP 	Tstim_10: autoDraw = False
42.3247 	EXP 	Tstim_11: autoDraw = False
42.3247 	EXP 	Tstim_12: autoDraw = False
42.3247 	EXP 	Tstim_13: autoDraw = False
42.3247 	EXP 	Tstim_14: autoDraw = False
42.3247 	EXP 	Tstim_15: autoDraw = False
42.3247 	EXP 	Tstim_16: autoDraw = False
42.3247 	EXP 	Tstim_17: autoDraw = False
42.3247 	EXP 	Tstim_18: autoDraw = False
42.3247 	EXP 	Tstim_19: autoDraw = False
42.3247 	EXP 	Tstim_20: autoDraw = False
42.3247 	EXP 	Lstim: autoDraw = False
42.3247 	EXP 	text: text = 'Target found!1.281'
42.3247 	EXP 	text: autoDraw = True
42.3813 	DATA 	Mouse:  Left button up, pos=(941,517)
43.3123 	EXP 	New trial (rep=0, index=4): OrderedDict([('targetCol', 'black'), ('distractorCol', 'black'), ('mixedOris', 1), ('setSize', 5)])
43.4237 	EXP 	text: autoDraw = False
43.4237 	EXP 	Tstim_20: color = 'black'
43.4237 	EXP 	Tstim_19: color = 'black'
43.4237 	EXP 	Tstim_18: color = 'black'
43.4237 	EXP 	Tstim_17: color = 'black'
43.4237 	EXP 	Tstim_16: color = 'black'
43.4237 	EXP 	Tstim_15: color = 'grey'
43.4237 	EXP 	Tstim_14: color = 'grey'
43.4237 	EXP 	Tstim_13: color = 'grey'
43.4237 	EXP 	Tstim_12: color = 'grey'
43.4237 	EXP 	Tstim_11: color = 'grey'
43.4237 	EXP 	Tstim_10: color = 'grey'
43.4237 	EXP 	Tstim_9: color = 'grey'
43.4237 	EXP 	Tstim_8: color = 'grey'
43.4237 	EXP 	Tstim_7: color = 'grey'
43.4237 	EXP 	Tstim_6: color = 'grey'
43.4237 	EXP 	Tstim_5: color = 'grey'
43.4237 	EXP 	Tstim_4: color = 'grey'
43.4237 	EXP 	Tstim_3: color = 'grey'
43.4237 	EXP 	Tstim_2: color = 'grey'
43.4237 	EXP 	Tstim: color = 'grey'
43.4237 	EXP 	Lstim: color = 'black'
43.4237 	EXP 	Lstim: ori = 246.0
43.4237 	EXP 	Tstim: ori = 51.0
43.4237 	EXP 	Tstim_2: ori = 82.0
43.4237 	EXP 	Tstim_3: ori = 186.0
43.4237 	EXP 	Tstim_4: ori = 320.0
43.4237 	EXP 	Tstim_5: ori = 312.0
43.4237 	EXP 	Tstim_6: ori = 96.0
43.4237 	EXP 	Tstim_7: ori = 30.0
43.4237 	EXP 	Tstim_8: ori = 178.0
43.4237 	EXP 	Tstim_9: ori = 348.0
43.4237 	EXP 	Tstim_10: ori = 9.0
43.4237 	EXP 	Tstim_11: ori = 99.0
43.4237 	EXP 	Tstim_12: ori = 64.0
43.4237 	EXP 	Tstim_13: ori = 46.0
43.4237 	EXP 	Tstim_14: ori = 3.0
43.4237 	EXP 	Tstim_15: ori = 316.0
43.4237 	EXP 	Tstim_16: ori = 116.0
43.4237 	EXP 	Tstim_17: ori = 15.0
43.4237 	EXP 	Tstim_18: ori = 344.0
43.4237 	EXP 	Tstim_19: ori = 351.0
43.4237 	EXP 	Tstim_20: ori = 317.0
43.4237 	EXP 	Tstim: opacity = 0.5
43.4237 	EXP 	Tstim: pos = array([-0.03, -0.21])
43.4237 	EXP 	Tstim: height = 0.1
43.4237 	EXP 	Tstim_2: opacity = 0.5
43.4237 	EXP 	Tstim_2: height = 0.1
43.4237 	EXP 	Tstim_3: opacity = 0.5
43.4237 	EXP 	Tstim_3: pos = array([-0.27, -0.3 ])
43.4237 	EXP 	Tstim_3: height = 0.1
43.4237 	EXP 	Tstim_4: opacity = 0.5
43.4237 	EXP 	Tstim_4: pos = array([ 0.27, -0.09])
43.4237 	EXP 	Tstim_4: height = 0.1
43.4237 	EXP 	Tstim_5: opacity = 0.5
43.4237 	EXP 	Tstim_5: pos = array([ 0.12, -0.27])
43.4237 	EXP 	Tstim_5: height = 0.1
43.4237 	EXP 	Tstim_6: opacity = 0.5
43.4237 	EXP 	Tstim_6: pos = array([0.06, 0.  ])
43.4237 	EXP 	Tstim_6: height = 0.1
43.4237 	EXP 	Tstim_7: opacity = 0.5
43.4237 	EXP 	Tstim_7: pos = array([-0.21, -0.24])
43.4237 	EXP 	Tstim_7: height = 0.1
43.4237 	EXP 	Tstim_8: opacity = 0.5
43.4237 	EXP 	Tstim_8: pos = array([-0.15,  0.06])
43.4237 	EXP 	Tstim_8: height = 0.1
43.4237 	EXP 	Tstim_9: opacity = 0.5
43.4237 	EXP 	Tstim_9: pos = array([-0.3 ,  0.24])
43.4237 	EXP 	Tstim_9: height = 0.1
43.4237 	EXP 	Tstim_10: opacity = 0.5
43.4237 	EXP 	Tstim_10: pos = array([-0.24,  0.3 ])
43.4237 	EXP 	Tstim_10: height = 0.1
43.4237 	EXP 	Tstim_11: opacity = 0.5
43.4237 	EXP 	Tstim_11: pos = array([-0.12,  0.12])
43.4237 	EXP 	Tstim_11: height = 0.1
43.4237 	EXP 	Tstim_12: opacity = 0.5
43.4237 	EXP 	Tstim_12: pos = array([-0.06, -0.03])
43.4237 	EXP 	Tstim_12: height = 0.1
43.4237 	EXP 	Tstim_13: opacity = 0.5
43.4237 	EXP 	Tstim_13: pos = array([0.3 , 0.03])
43.4237 	EXP 	Tstim_13: height = 0.1
43.4237 	EXP 	Tstim_14: opacity = 0.5
43.4237 	EXP 	Tstim_14: pos = array([0.21, 0.18])
43.4237 	EXP 	Tstim_14: height = 0.1
43.4237 	EXP 	Tstim_15: opacity = 0.5
43.4237 	EXP 	Tstim_15: pos = array([0.  , 0.21])
43.4237 	EXP 	Tstim_15: height = 0.1
43.4237 	EXP 	Tstim_16: opacity = 0.5
43.4237 	EXP 	Tstim_16: pos = array([ 0.03, -0.06])
43.4237 	EXP 	Tstim_16: height = 0.1
43.4237 	EXP 	Tstim_17: opacity = 0.5
43.4237 	EXP 	Tstim_17: pos = array([0.24, 0.27])
43.4237 	EXP 	Tstim_17: height = 0.1
43.4237 	EXP 	Tstim_18: opacity = 0.5
43.4237 	EXP 	Tstim_18: pos = array([-0.09, -0.12])
43.4237 	EXP 	Tstim_18: height = 0.1
43.4237 	EXP 	Tstim_19: opacity = 0.5
43.4237 	EXP 	Tstim_19: pos = array([ 0.18, -0.15])
43.4237 	EXP 	Tstim_19: height = 0.1
43.4237 	EXP 	Tstim_20: opacity = 0.5
43.4237 	EXP 	Tstim_20: pos = array([0.09, 0.09])
43.4237 	EXP 	Tstim_20: height = 0.1
43.4237 	EXP 	Lstim: opacity = 0.5
43.4237 	EXP 	Lstim: pos = array([-0.18, -0.18])
43.4237 	EXP 	Lstim: height = 0.1
43.4237 	EXP 	Tstim: autoDraw = True
43.4237 	EXP 	Tstim_2: autoDraw = True
43.4237 	EXP 	Tstim_3: autoDraw = True
43.4237 	EXP 	Tstim_4: autoDraw = True
43.4237 	EXP 	Tstim_5: autoDraw = True
43.4237 	EXP 	Tstim_6: autoDraw = True
43.4237 	EXP 	Tstim_7: autoDraw = True
43.4237 	EXP 	Tstim_8: autoDraw = True
43.4237 	EXP 	Tstim_9: autoDraw = True
43.4237 	EXP 	Tstim_10: autoDraw = True
43.4237 	EXP 	Tstim_11: autoDraw = True
43.4237 	EXP 	Tstim_12: autoDraw = True
43.4237 	EXP 	Tstim_13: autoDraw = True
43.4237 	EXP 	Tstim_14: autoDraw = True
43.4237 	EXP 	Tstim_15: autoDraw = True
43.4237 	EXP 	Tstim_16: autoDraw = True
43.4237 	EXP 	Tstim_17: autoDraw = True
43.4237 	EXP 	Tstim_18: autoDraw = True
43.4237 	EXP 	Tstim_19: autoDraw = True
43.4237 	EXP 	Tstim_20: autoDraw = True
43.4237 	EXP 	Lstim: autoDraw = True
43.4237 	EXP 	Tstim: text = 'T'
43.4237 	EXP 	Tstim_2: text = 'T'
43.4237 	EXP 	Tstim_3: text = 'T'
43.4237 	EXP 	Tstim_4: text = 'T'
43.4237 	EXP 	Tstim_5: text = 'T'
43.4237 	EXP 	Tstim_6: text = 'T'
43.4237 	EXP 	Tstim_7: text = 'T'
43.4237 	EXP 	Tstim_8: text = 'T'
43.4237 	EXP 	Tstim_9: text = 'T'
43.4237 	EXP 	Tstim_10: text = 'T'
43.4237 	EXP 	Tstim_11: text = 'T'
43.4237 	EXP 	Tstim_12: text = 'T'
43.4237 	EXP 	Tstim_13: text = 'T'
43.4237 	EXP 	Tstim_14: text = 'T'
43.4237 	EXP 	Tstim_15: text = 'T'
43.4237 	EXP 	Tstim_16: text = 'T'
43.4237 	EXP 	Tstim_17: text = 'T'
43.4237 	EXP 	Tstim_18: text = 'T'
43.4237 	EXP 	Tstim_19: text = 'T'
43.4237 	EXP 	Tstim_20: text = 'T'
43.4237 	EXP 	Lstim: text = 'L'
45.2310 	DATA 	Mouse: Left button down, pos=(797,407)
45.2518 	EXP 	Tstim: autoDraw = False
45.2518 	EXP 	Tstim_2: autoDraw = False
45.2518 	EXP 	Tstim_3: autoDraw = False
45.2518 	EXP 	Tstim_4: autoDraw = False
45.2518 	EXP 	Tstim_5: autoDraw = False
45.2518 	EXP 	Tstim_6: autoDraw = False
45.2518 	EXP 	Tstim_7: autoDraw = False
45.2518 	EXP 	Tstim_8: autoDraw = False
45.2518 	EXP 	Tstim_9: autoDraw = False
45.2518 	EXP 	Tstim_10: autoDraw = False
45.2518 	EXP 	Tstim_11: autoDraw = False
45.2518 	EXP 	Tstim_12: autoDraw = False
45.2518 	EXP 	Tstim_13: autoDraw = False
45.2518 	EXP 	Tstim_14: autoDraw = False
45.2518 	EXP 	Tstim_15: autoDraw = False
45.2518 	EXP 	Tstim_16: autoDraw = False
45.2518 	EXP 	Tstim_17: autoDraw = False
45.2518 	EXP 	Tstim_18: autoDraw = False
45.2518 	EXP 	Tstim_19: autoDraw = False
45.2518 	EXP 	Tstim_20: autoDraw = False
45.2518 	EXP 	Lstim: autoDraw = False
45.2518 	EXP 	text: text = 'Target found!1.84'
45.2518 	EXP 	text: autoDraw = True
45.3355 	DATA 	Mouse:  Left button up, pos=(797,407)
46.2485 	EXP 	New trial (rep=0, index=5): OrderedDict([('targetCol', 'black'), ('distractorCol', 'black'), ('mixedOris', 1), ('setSize', 5)])
46.3730 	EXP 	text: autoDraw = False
46.3730 	EXP 	Tstim_20: color = 'black'
46.3730 	EXP 	Tstim_19: color = 'black'
46.3730 	EXP 	Tstim_18: color = 'black'
46.3730 	EXP 	Tstim_17: color = 'black'
46.3730 	EXP 	Tstim_16: color = 'black'
46.3730 	EXP 	Tstim_15: color = 'grey'
46.3730 	EXP 	Tstim_14: color = 'grey'
46.3730 	EXP 	Tstim_13: color = 'grey'
46.3730 	EXP 	Tstim_12: color = 'grey'
46.3730 	EXP 	Tstim_11: color = 'grey'
46.3730 	EXP 	Tstim_10: color = 'grey'
46.3730 	EXP 	Tstim_9: color = 'grey'
46.3730 	EXP 	Tstim_8: color = 'grey'
46.3730 	EXP 	Tstim_7: color = 'grey'
46.3730 	EXP 	Tstim_6: color = 'grey'
46.3730 	EXP 	Tstim_5: color = 'grey'
46.3730 	EXP 	Tstim_4: color = 'grey'
46.3730 	EXP 	Tstim_3: color = 'grey'
46.3730 	EXP 	Tstim_2: color = 'grey'
46.3730 	EXP 	Tstim: color = 'grey'
46.3730 	EXP 	Lstim: color = 'black'
46.3730 	EXP 	Lstim: ori = 348.0
46.3730 	EXP 	Tstim: ori = 238.0
46.3730 	EXP 	Tstim_2: ori = 14.0
46.3730 	EXP 	Tstim_3: ori = 152.0
46.3730 	EXP 	Tstim_4: ori = 269.0
46.3730 	EXP 	Tstim_5: ori = 307.0
46.3730 	EXP 	Tstim_6: ori = 122.0
46.3730 	EXP 	Tstim_7: ori = 266.0
46.3730 	EXP 	Tstim_8: ori = 290.0
46.3730 	EXP 	Tstim_9: ori = 340.0
46.3730 	EXP 	Tstim_10: ori = 191.0
46.3730 	EXP 	Tstim_11: ori = 359.0
46.3730 	EXP 	Tstim_12: ori = 326.0
46.3730 	EXP 	Tstim_13: ori = 304.0
46.3730 	EXP 	Tstim_14: ori = 126.0
46.3730 	EXP 	Tstim_15: ori = 75.0
46.3730 	EXP 	Tstim_16: ori = 110.0
46.3730 	EXP 	Tstim_17: ori = 316.0
46.3730 	EXP 	Tstim_18: ori = 164.0
46.3730 	EXP 	Tstim_19: ori = 76.0
46.3730 	EXP 	Tstim_20: ori = 247.0
46.3730 	EXP 	Tstim: opacity = 0.5
46.3730 	EXP 	Tstim: pos = array([0.12, 0.  ])
46.3730 	EXP 	Tstim: height = 0.1
46.3730 	EXP 	Tstim_2: opacity = 0.5
46.3730 	EXP 	Tstim_2: height = 0.1
46.3730 	EXP 	Tstim_3: opacity = 0.5
46.3730 	EXP 	Tstim_3: pos = array([-0.03,  0.06])
46.3730 	EXP 	Tstim_3: height = 0.1
46.3730 	EXP 	Tstim_4: opacity = 0.5
46.3730 	EXP 	Tstim_4: pos = array([0.27, 0.3 ])
46.3730 	EXP 	Tstim_4: height = 0.1
46.3730 	EXP 	Tstim_5: opacity = 0.5
46.3730 	EXP 	Tstim_5: pos = array([ 0.15, -0.06])
46.3730 	EXP 	Tstim_5: height = 0.1
46.3730 	EXP 	Tstim_6: opacity = 0.5
46.3730 	EXP 	Tstim_6: pos = array([ 0.03, -0.12])
46.3730 	EXP 	Tstim_6: height = 0.1
46.3730 	EXP 	Tstim_7: opacity = 0.5
46.3730 	EXP 	Tstim_7: pos = array([-0.06,  0.09])
46.3730 	EXP 	Tstim_7: height = 0.1
46.3730 	EXP 	Tstim_8: opacity = 0.5
46.3730 	EXP 	Tstim_8: pos = array([0.  , 0.12])
46.3730 	EXP 	Tstim_8: height = 0.1
46.3730 	EXP 	Tstim_9: opacity = 0.5
46.3730 	EXP 	Tstim_9: pos = array([ 0.18, -0.09])
46.3730 	EXP 	Tstim_9: height = 0.1
46.3730 	EXP 	Tstim_10: opacity = 0.5
46.3730 	EXP 	Tstim_10: pos = array([-0.24,  0.03])
46.3730 	EXP 	Tstim_10: height = 0.1
46.3730 	EXP 	Tstim_11: opacity = 0.5
46.3730 	EXP 	Tstim_11: pos = array([0.06, 0.24])
46.3730 	EXP 	Tstim_11: height = 0.1
46.3730 	EXP 	Tstim_12: opacity = 0.5
46.3730 	EXP 	Tstim_12: pos = array([-0.12, -0.03])
46.3730 	EXP 	Tstim_12: height = 0.1
46.3730 	EXP 	Tstim_13: opacity = 0.5
46.3730 	EXP 	Tstim_13: pos = array([0.21, 0.18])
46.3730 	EXP 	Tstim_13: height = 0.1
46.3730 	EXP 	Tstim_14: opacity = 0.5
46.3730 	EXP 	Tstim_14: pos = array([ 0.3 , -0.15])
46.3730 	EXP 	Tstim_14: height = 0.1
46.3730 	EXP 	Tstim_15: opacity = 0.5
46.3730 	EXP 	Tstim_15: pos = array([-0.15,  0.21])
46.3730 	EXP 	Tstim_15: height = 0.1
46.3730 	EXP 	Tstim_16: opacity = 0.5
46.3730 	EXP 	Tstim_16: pos = array([-0.3, -0.3])
46.3730 	EXP 	Tstim_16: height = 0.1
46.3730 	EXP 	Tstim_17: opacity = 0.5
46.3730 	EXP 	Tstim_17: pos = array([0.24, 0.15])
46.3730 	EXP 	Tstim_17: height = 0.1
46.3730 	EXP 	Tstim_18: opacity = 0.5
46.3730 	EXP 	Tstim_18: pos = array([-0.21, -0.24])
46.3730 	EXP 	Tstim_18: height = 0.1
46.3730 	EXP 	Tstim_19: opacity = 0.5
46.3730 	EXP 	Tstim_19: pos = array([-0.18,  0.27])
46.3730 	EXP 	Tstim_19: height = 0.1
46.3730 	EXP 	Tstim_20: opacity = 0.5
46.3730 	EXP 	Tstim_20: pos = array([-0.27, -0.21])
46.3730 	EXP 	Tstim_20: height = 0.1
46.3730 	EXP 	Lstim: opacity = 0.5
46.3730 	EXP 	Lstim: pos = array([-0.09, -0.27])
46.3730 	EXP 	Lstim: height = 0.1
46.3730 	EXP 	Tstim: autoDraw = True
46.3730 	EXP 	Tstim_2: autoDraw = True
46.3730 	EXP 	Tstim_3: autoDraw = True
46.3730 	EXP 	Tstim_4: autoDraw = True
46.3730 	EXP 	Tstim_5: autoDraw = True
46.3730 	EXP 	Tstim_6: autoDraw = True
46.3730 	EXP 	Tstim_7: autoDraw = True
46.3730 	EXP 	Tstim_8: autoDraw = True
46.3730 	EXP 	Tstim_9: autoDraw = True
46.3730 	EXP 	Tstim_10: autoDraw = True
46.3730 	EXP 	Tstim_11: autoDraw = True
46.3730 	EXP 	Tstim_12: autoDraw = True
46.3730 	EXP 	Tstim_13: autoDraw = True
46.3730 	EXP 	Tstim_14: autoDraw = True
46.3730 	EXP 	Tstim_15: autoDraw = True
46.3730 	EXP 	Tstim_16: autoDraw = True
46.3730 	EXP 	Tstim_17: autoDraw = True
46.3730 	EXP 	Tstim_18: autoDraw = True
46.3730 	EXP 	Tstim_19: autoDraw = True
46.3730 	EXP 	Tstim_20: autoDraw = True
46.3730 	EXP 	Lstim: autoDraw = True
46.3730 	EXP 	Tstim: text = 'T'
46.3730 	EXP 	Tstim_2: text = 'T'
46.3730 	EXP 	Tstim_3: text = 'T'
46.3730 	EXP 	Tstim_4: text = 'T'
46.3730 	EXP 	Tstim_5: text = 'T'
46.3730 	EXP 	Tstim_6: text = 'T'
46.3730 	EXP 	Tstim_7: text = 'T'
46.3730 	EXP 	Tstim_8: text = 'T'
46.3730 	EXP 	Tstim_9: text = 'T'
46.3730 	EXP 	Tstim_10: text = 'T'
46.3730 	EXP 	Tstim_11: text = 'T'
46.3730 	EXP 	Tstim_12: text = 'T'
46.3730 	EXP 	Tstim_13: text = 'T'
46.3730 	EXP 	Tstim_14: text = 'T'
46.3730 	EXP 	Tstim_15: text = 'T'
46.3730 	EXP 	Tstim_16: text = 'T'
46.3730 	EXP 	Tstim_17: text = 'T'
46.3730 	EXP 	Tstim_18: text = 'T'
46.3730 	EXP 	Tstim_19: text = 'T'
46.3730 	EXP 	Tstim_20: text = 'T'
46.3730 	EXP 	Lstim: text = 'L'
47.6498 	DATA 	Mouse: Left button down, pos=(825,289)
47.6758 	EXP 	Tstim: autoDraw = False
47.6758 	EXP 	Tstim_2: autoDraw = False
47.6758 	EXP 	Tstim_3: autoDraw = False
47.6758 	EXP 	Tstim_4: autoDraw = False
47.6758 	EXP 	Tstim_5: autoDraw = False
47.6758 	EXP 	Tstim_6: autoDraw = False
47.6758 	EXP 	Tstim_7: autoDraw = False
47.6758 	EXP 	Tstim_8: autoDraw = False
47.6758 	EXP 	Tstim_9: autoDraw = False
47.6758 	EXP 	Tstim_10: autoDraw = False
47.6758 	EXP 	Tstim_11: autoDraw = False
47.6758 	EXP 	Tstim_12: autoDraw = False
47.6758 	EXP 	Tstim_13: autoDraw = False
47.6758 	EXP 	Tstim_14: autoDraw = False
47.6758 	EXP 	Tstim_15: autoDraw = False
47.6758 	EXP 	Tstim_16: autoDraw = False
47.6758 	EXP 	Tstim_17: autoDraw = False
47.6758 	EXP 	Tstim_18: autoDraw = False
47.6758 	EXP 	Tstim_19: autoDraw = False
47.6758 	EXP 	Tstim_20: autoDraw = False
47.6758 	EXP 	Lstim: autoDraw = False
47.6758 	EXP 	text: text = 'Target found!1.333'
47.6758 	EXP 	text: autoDraw = True
47.7356 	DATA 	Mouse:  Left button up, pos=(825,289)
48.6673 	EXP 	New trial (rep=0, index=6): OrderedDict([('targetCol', 'black'), ('distractorCol', 'black'), ('mixedOris', 1), ('setSize', 5)])
48.8044 	EXP 	text: autoDraw = False
48.8044 	EXP 	Tstim_20: color = 'black'
48.8044 	EXP 	Tstim_19: color = 'black'
48.8044 	EXP 	Tstim_18: color = 'black'
48.8044 	EXP 	Tstim_17: color = 'black'
48.8044 	EXP 	Tstim_16: color = 'black'
48.8044 	EXP 	Tstim_15: color = 'grey'
48.8044 	EXP 	Tstim_14: color = 'grey'
48.8044 	EXP 	Tstim_13: color = 'grey'
48.8044 	EXP 	Tstim_12: color = 'grey'
48.8044 	EXP 	Tstim_11: color = 'grey'
48.8044 	EXP 	Tstim_10: color = 'grey'
48.8044 	EXP 	Tstim_9: color = 'grey'
48.8044 	EXP 	Tstim_8: color = 'grey'
48.8044 	EXP 	Tstim_7: color = 'grey'
48.8044 	EXP 	Tstim_6: color = 'grey'
48.8044 	EXP 	Tstim_5: color = 'grey'
48.8044 	EXP 	Tstim_4: color = 'grey'
48.8044 	EXP 	Tstim_3: color = 'grey'
48.8044 	EXP 	Tstim_2: color = 'grey'
48.8044 	EXP 	Tstim: color = 'grey'
48.8044 	EXP 	Lstim: color = 'black'
48.8044 	EXP 	Lstim: ori = 121.0
48.8044 	EXP 	Tstim: ori = 4.0
48.8044 	EXP 	Tstim_2: ori = 206.0
48.8044 	EXP 	Tstim_3: ori = 166.0
48.8044 	EXP 	Tstim_4: ori = 219.0
48.8044 	EXP 	Tstim_5: ori = 294.0
48.8044 	EXP 	Tstim_6: ori = 122.0
48.8044 	EXP 	Tstim_7: ori = 214.0
48.8044 	EXP 	Tstim_8: ori = 94.0
48.8044 	EXP 	Tstim_9: ori = 147.0
48.8044 	EXP 	Tstim_10: ori = 94.0
48.8044 	EXP 	Tstim_11: ori = 234.0
48.8044 	EXP 	Tstim_12: ori = 290.0
48.8044 	EXP 	Tstim_13: ori = 66.0
48.8044 	EXP 	Tstim_14: ori = 206.0
48.8044 	EXP 	Tstim_15: ori = 293.0
48.8044 	EXP 	Tstim_16: ori = 307.0
48.8044 	EXP 	Tstim_17: ori = 1.0
48.8044 	EXP 	Tstim_18: ori = 114.0
48.8044 	EXP 	Tstim_19: ori = 279.0
48.8044 	EXP 	Tstim_20: ori = 124.0
48.8044 	EXP 	Tstim: opacity = 0.5
48.8044 	EXP 	Tstim: pos = array([0.24, 0.3 ])
48.8044 	EXP 	Tstim: height = 0.1
48.8044 	EXP 	Tstim_2: opacity = 0.5
48.8044 	EXP 	Tstim_2: height = 0.1
48.8044 	EXP 	Tstim_3: opacity = 0.5
48.8044 	EXP 	Tstim_3: pos = array([0.18, 0.27])
48.8044 	EXP 	Tstim_3: height = 0.1
48.8044 	EXP 	Tstim_4: opacity = 0.5
48.8044 	EXP 	Tstim_4: pos = array([ 0.3 , -0.15])
48.8044 	EXP 	Tstim_4: height = 0.1
48.8044 	EXP 	Tstim_5: opacity = 0.5
48.8044 	EXP 	Tstim_5: pos = array([-0.3 , -0.06])
48.8044 	EXP 	Tstim_5: height = 0.1
48.8044 	EXP 	Tstim_6: opacity = 0.5
48.8044 	EXP 	Tstim_6: pos = array([-0.09, -0.12])
48.8044 	EXP 	Tstim_6: height = 0.1
48.8044 	EXP 	Tstim_7: opacity = 0.5
48.8044 	EXP 	Tstim_7: pos = array([-0.18,  0.03])
48.8044 	EXP 	Tstim_7: height = 0.1
48.8044 	EXP 	Tstim_8: opacity = 0.5
48.8044 	EXP 	Tstim_8: pos = array([0.03, 0.  ])
48.8044 	EXP 	Tstim_8: height = 0.1
48.8044 	EXP 	Tstim_9: opacity = 0.5
48.8044 	EXP 	Tstim_9: pos = array([0.15, 0.15])
48.8044 	EXP 	Tstim_9: height = 0.1
48.8044 	EXP 	Tstim_10: opacity = 0.5
48.8044 	EXP 	Tstim_10: pos = array([-0.06,  0.06])
48.8044 	EXP 	Tstim_10: height = 0.1
48.8044 	EXP 	Tstim_11: opacity = 0.5
48.8044 	EXP 	Tstim_11: pos = array([-0.24,  0.09])
48.8044 	EXP 	Tstim_11: height = 0.1
48.8044 	EXP 	Tstim_12: opacity = 0.5
48.8044 	EXP 	Tstim_12: pos = array([-0.03, -0.21])
48.8044 	EXP 	Tstim_12: height = 0.1
48.8044 	EXP 	Tstim_13: opacity = 0.5
48.8044 	EXP 	Tstim_13: pos = array([-0.15, -0.18])
48.8044 	EXP 	Tstim_13: height = 0.1
48.8044 	EXP 	Tstim_14: opacity = 0.5
48.8044 	EXP 	Tstim_14: pos = array([0.09, 0.18])
48.8044 	EXP 	Tstim_14: height = 0.1
48.8044 	EXP 	Tstim_15: opacity = 0.5
48.8044 	EXP 	Tstim_15: pos = array([0.21, 0.21])
48.8044 	EXP 	Tstim_15: height = 0.1
48.8044 	EXP 	Tstim_16: opacity = 0.5
48.8044 	EXP 	Tstim_16: pos = array([0.06, 0.12])
48.8044 	EXP 	Tstim_16: height = 0.1
48.8044 	EXP 	Tstim_17: opacity = 0.5
48.8044 	EXP 	Tstim_17: pos = array([-0.27, -0.24])
48.8044 	EXP 	Tstim_17: height = 0.1
48.8044 	EXP 	Tstim_18: opacity = 0.5
48.8044 	EXP 	Tstim_18: pos = array([-0.21, -0.09])
48.8044 	EXP 	Tstim_18: height = 0.1
48.8044 	EXP 	Tstim_19: opacity = 0.5
48.8044 	EXP 	Tstim_19: pos = array([-0.12, -0.27])
48.8044 	EXP 	Tstim_19: height = 0.1
48.8044 	EXP 	Tstim_20: opacity = 0.5
48.8044 	EXP 	Tstim_20: pos = array([ 0. , -0.3])
48.8044 	EXP 	Tstim_20: height = 0.1
48.8044 	EXP 	Lstim: opacity = 0.5
48.8044 	EXP 	Lstim: pos = array([ 0.27, -0.03])
48.8044 	EXP 	Lstim: height = 0.1
48.8044 	EXP 	Tstim: autoDraw = True
48.8044 	EXP 	Tstim_2: autoDraw = True
48.8044 	EXP 	Tstim_3: autoDraw = True
48.8044 	EXP 	Tstim_4: autoDraw = True
48.8044 	EXP 	Tstim_5: autoDraw = True
48.8044 	EXP 	Tstim_6: autoDraw = True
48.8044 	EXP 	Tstim_7: autoDraw = True
48.8044 	EXP 	Tstim_8: autoDraw = True
48.8044 	EXP 	Tstim_9: autoDraw = True
48.8044 	EXP 	Tstim_10: autoDraw = True
48.8044 	EXP 	Tstim_11: autoDraw = True
48.8044 	EXP 	Tstim_12: autoDraw = True
48.8044 	EXP 	Tstim_13: autoDraw = True
48.8044 	EXP 	Tstim_14: autoDraw = True
48.8044 	EXP 	Tstim_15: autoDraw = True
48.8044 	EXP 	Tstim_16: autoDraw = True
48.8044 	EXP 	Tstim_17: autoDraw = True
48.8044 	EXP 	Tstim_18: autoDraw = True
48.8044 	EXP 	Tstim_19: autoDraw = True
48.8044 	EXP 	Tstim_20: autoDraw = True
48.8044 	EXP 	Lstim: autoDraw = True
48.8044 	EXP 	Tstim: text = 'T'
48.8044 	EXP 	Tstim_2: text = 'T'
48.8044 	EXP 	Tstim_3: text = 'T'
48.8044 	EXP 	Tstim_4: text = 'T'
48.8044 	EXP 	Tstim_5: text = 'T'
48.8044 	EXP 	Tstim_6: text = 'T'
48.8044 	EXP 	Tstim_7: text = 'T'
48.8044 	EXP 	Tstim_8: text = 'T'
48.8044 	EXP 	Tstim_9: text = 'T'
48.8044 	EXP 	Tstim_10: text = 'T'
48.8044 	EXP 	Tstim_11: text = 'T'
48.8044 	EXP 	Tstim_12: text = 'T'
48.8044 	EXP 	Tstim_13: text = 'T'
48.8044 	EXP 	Tstim_14: text = 'T'
48.8044 	EXP 	Tstim_15: text = 'T'
48.8044 	EXP 	Tstim_16: text = 'T'
48.8044 	EXP 	Tstim_17: text = 'T'
48.8044 	EXP 	Tstim_18: text = 'T'
48.8044 	EXP 	Tstim_19: text = 'T'
48.8044 	EXP 	Tstim_20: text = 'T'
48.8044 	EXP 	Lstim: text = 'L'
49.7259 	DATA 	Mouse: Left button down, pos=(1236,572)
49.7528 	EXP 	Tstim: autoDraw = False
49.7528 	EXP 	Tstim_2: autoDraw = False
49.7528 	EXP 	Tstim_3: autoDraw = False
49.7528 	EXP 	Tstim_4: autoDraw = False
49.7528 	EXP 	Tstim_5: autoDraw = False
49.7528 	EXP 	Tstim_6: autoDraw = False
49.7528 	EXP 	Tstim_7: autoDraw = False
49.7528 	EXP 	Tstim_8: autoDraw = False
49.7528 	EXP 	Tstim_9: autoDraw = False
49.7528 	EXP 	Tstim_10: autoDraw = False
49.7528 	EXP 	Tstim_11: autoDraw = False
49.7528 	EXP 	Tstim_12: autoDraw = False
49.7528 	EXP 	Tstim_13: autoDraw = False
49.7528 	EXP 	Tstim_14: autoDraw = False
49.7528 	EXP 	Tstim_15: autoDraw = False
49.7528 	EXP 	Tstim_16: autoDraw = False
49.7528 	EXP 	Tstim_17: autoDraw = False
49.7528 	EXP 	Tstim_18: autoDraw = False
49.7528 	EXP 	Tstim_19: autoDraw = False
49.7528 	EXP 	Tstim_20: autoDraw = False
49.7528 	EXP 	Lstim: autoDraw = False
49.7528 	EXP 	text: text = 'Target found!0.989'
49.7528 	EXP 	text: autoDraw = True
49.8364 	DATA 	Mouse:  Left button up, pos=(1236,572)
50.7520 	EXP 	New trial (rep=0, index=7): OrderedDict([('targetCol', 'black'), ('distractorCol', 'black'), ('mixedOris', 1), ('setSize', 20)])
50.8543 	EXP 	text: autoDraw = False
50.8543 	EXP 	Tstim_20: color = 'black'
50.8543 	EXP 	Tstim_19: color = 'black'
50.8543 	EXP 	Tstim_18: color = 'black'
50.8543 	EXP 	Tstim_17: color = 'black'
50.8543 	EXP 	Tstim_16: color = 'black'
50.8543 	EXP 	Tstim_15: color = 'black'
50.8543 	EXP 	Tstim_14: color = 'black'
50.8543 	EXP 	Tstim_13: color = 'black'
50.8543 	EXP 	Tstim_12: color = 'black'
50.8543 	EXP 	Tstim_11: color = 'black'
50.8543 	EXP 	Tstim_10: color = 'black'
50.8543 	EXP 	Tstim_9: color = 'black'
50.8543 	EXP 	Tstim_8: color = 'black'
50.8543 	EXP 	Tstim_7: color = 'black'
50.8543 	EXP 	Tstim_6: color = 'black'
50.8543 	EXP 	Tstim_5: color = 'black'
50.8543 	EXP 	Tstim_4: color = 'black'
50.8543 	EXP 	Tstim_3: color = 'black'
50.8543 	EXP 	Tstim_2: color = 'black'
50.8543 	EXP 	Tstim: color = 'black'
50.8543 	EXP 	Lstim: color = 'black'
50.8543 	EXP 	Lstim: ori = 104.0
50.8543 	EXP 	Tstim: ori = 324.0
50.8543 	EXP 	Tstim_2: ori = 240.0
50.8543 	EXP 	Tstim_3: ori = 249.0
50.8543 	EXP 	Tstim_4: ori = 185.0
50.8543 	EXP 	Tstim_5: ori = 318.0
50.8543 	EXP 	Tstim_6: ori = 94.0
50.8543 	EXP 	Tstim_7: ori = 113.0
50.8543 	EXP 	Tstim_8: ori = 17.0
50.8543 	EXP 	Tstim_9: ori = 100.0
50.8543 	EXP 	Tstim_10: ori = 292.0
50.8543 	EXP 	Tstim_11: ori = 270.0
50.8543 	EXP 	Tstim_12: ori = 50.0
50.8543 	EXP 	Tstim_13: ori = 181.0
50.8543 	EXP 	Tstim_14: ori = 199.0
50.8543 	EXP 	Tstim_15: ori = 105.0
50.8543 	EXP 	Tstim_16: ori = 233.0
50.8543 	EXP 	Tstim_17: ori = 266.0
50.8543 	EXP 	Tstim_18: ori = 148.0
50.8543 	EXP 	Tstim_19: ori = 123.0
50.8543 	EXP 	Tstim_20: ori = 70.0
50.8543 	EXP 	Tstim: opacity = 0.5
50.8543 	EXP 	Tstim: pos = array([-0.09,  0.03])
50.8543 	EXP 	Tstim: height = 0.1
50.8543 	EXP 	Tstim_2: opacity = 0.5
50.8543 	EXP 	Tstim_2: height = 0.1
50.8543 	EXP 	Tstim_3: opacity = 0.5
50.8543 	EXP 	Tstim_3: pos = array([-0.06,  0.  ])
50.8543 	EXP 	Tstim_3: height = 0.1
50.8543 	EXP 	Tstim_4: opacity = 0.5
50.8543 	EXP 	Tstim_4: pos = array([ 0.27, -0.03])
50.8543 	EXP 	Tstim_4: height = 0.1
50.8543 	EXP 	Tstim_5: opacity = 0.5
50.8543 	EXP 	Tstim_5: pos = array([-0.12, -0.24])
50.8543 	EXP 	Tstim_5: height = 0.1
50.8543 	EXP 	Tstim_6: opacity = 0.5
50.8543 	EXP 	Tstim_6: pos = array([0.18, 0.06])
50.8543 	EXP 	Tstim_6: height = 0.1
50.8543 	EXP 	Tstim_7: opacity = 0.5
50.8543 	EXP 	Tstim_7: pos = array([0.06, 0.3 ])
50.8543 	EXP 	Tstim_7: height = 0.1
50.8543 	EXP 	Tstim_8: opacity = 0.5
50.8543 	EXP 	Tstim_8: pos = array([0.3 , 0.21])
50.8543 	EXP 	Tstim_8: height = 0.1
50.8543 	EXP 	Tstim_9: opacity = 0.5
50.8543 	EXP 	Tstim_9: pos = array([ 0.12, -0.18])
50.8543 	EXP 	Tstim_9: height = 0.1
50.8543 	EXP 	Tstim_10: opacity = 0.5
50.8543 	EXP 	Tstim_10: pos = array([-0.18, -0.12])
50.8543 	EXP 	Tstim_10: height = 0.1
50.8543 	EXP 	Tstim_11: opacity = 0.5
50.8543 	EXP 	Tstim_11: pos = array([-0.24,  0.15])
50.8543 	EXP 	Tstim_11: height = 0.1
50.8543 	EXP 	Tstim_12: opacity = 0.5
50.8543 	EXP 	Tstim_12: pos = array([ 0.24, -0.06])
50.8543 	EXP 	Tstim_12: height = 0.1
50.8543 	EXP 	Tstim_13: opacity = 0.5
50.8543 	EXP 	Tstim_13: pos = array([0.  , 0.24])
50.8543 	EXP 	Tstim_13: height = 0.1
50.8543 	EXP 	Tstim_14: opacity = 0.5
50.8543 	EXP 	Tstim_14: pos = array([-0.21, -0.3 ])
50.8543 	EXP 	Tstim_14: height = 0.1
50.8543 	EXP 	Tstim_15: opacity = 0.5
50.8543 	EXP 	Tstim_15: pos = array([ 0.09, -0.15])
50.8543 	EXP 	Tstim_15: height = 0.1
50.8543 	EXP 	Tstim_16: opacity = 0.5
50.8543 	EXP 	Tstim_16: pos = array([0.03, 0.18])
50.8543 	EXP 	Tstim_16: height = 0.1
50.8543 	EXP 	Tstim_17: opacity = 0.5
50.8543 	EXP 	Tstim_17: pos = array([0.15, 0.09])
50.8543 	EXP 	Tstim_17: height = 0.1
50.8543 	EXP 	Tstim_18: opacity = 0.5
50.8543 	EXP 	Tstim_18: pos = array([-0.15, -0.21])
50.8543 	EXP 	Tstim_18: height = 0.1
50.8543 	EXP 	Tstim_19: opacity = 0.5
50.8543 	EXP 	Tstim_19: pos = array([-0.27, -0.27])
50.8543 	EXP 	Tstim_19: height = 0.1
50.8543 	EXP 	Tstim_20: opacity = 0.5
50.8543 	EXP 	Tstim_20: pos = array([-0.03,  0.12])
50.8543 	EXP 	Tstim_20: height = 0.1
50.8543 	EXP 	Lstim: opacity = 0.5
50.8543 	EXP 	Lstim: pos = array([-0.3 , -0.09])
50.8543 	EXP 	Lstim: height = 0.1
50.8543 	EXP 	Tstim: autoDraw = True
50.8543 	EXP 	Tstim_2: autoDraw = True
50.8543 	EXP 	Tstim_3: autoDraw = True
50.8543 	EXP 	Tstim_4: autoDraw = True
50.8543 	EXP 	Tstim_5: autoDraw = True
50.8543 	EXP 	Tstim_6: autoDraw = True
50.8543 	EXP 	Tstim_7: autoDraw = True
50.8543 	EXP 	Tstim_8: autoDraw = True
50.8543 	EXP 	Tstim_9: autoDraw = True
50.8543 	EXP 	Tstim_10: autoDraw = True
50.8543 	EXP 	Tstim_11: autoDraw = True
50.8543 	EXP 	Tstim_12: autoDraw = True
50.8543 	EXP 	Tstim_13: autoDraw = True
50.8543 	EXP 	Tstim_14: autoDraw = True
50.8543 	EXP 	Tstim_15: autoDraw = True
50.8543 	EXP 	Tstim_16: autoDraw = True
50.8543 	EXP 	Tstim_17: autoDraw = True
50.8543 	EXP 	Tstim_18: autoDraw = True
50.8543 	EXP 	Tstim_19: autoDraw = True
50.8543 	EXP 	Tstim_20: autoDraw = True
50.8543 	EXP 	Lstim: autoDraw = True
50.8543 	EXP 	Tstim: text = 'T'
50.8543 	EXP 	Tstim_2: text = 'T'
50.8543 	EXP 	Tstim_3: text = 'T'
50.8543 	EXP 	Tstim_4: text = 'T'
50.8543 	EXP 	Tstim_5: text = 'T'
50.8543 	EXP 	Tstim_6: text = 'T'
50.8543 	EXP 	Tstim_7: text = 'T'
50.8543 	EXP 	Tstim_8: text = 'T'
50.8543 	EXP 	Tstim_9: text = 'T'
50.8543 	EXP 	Tstim_10: text = 'T'
50.8543 	EXP 	Tstim_11: text = 'T'
50.8543 	EXP 	Tstim_12: text = 'T'
50.8543 	EXP 	Tstim_13: text = 'T'
50.8543 	EXP 	Tstim_14: text = 'T'
50.8543 	EXP 	Tstim_15: text = 'T'
50.8543 	EXP 	Tstim_16: text = 'T'
50.8543 	EXP 	Tstim_17: text = 'T'
50.8543 	EXP 	Tstim_18: text = 'T'
50.8543 	EXP 	Tstim_19: text = 'T'
50.8543 	EXP 	Tstim_20: text = 'T'
50.8543 	EXP 	Lstim: text = 'L'
52.3292 	DATA 	Mouse: Left button down, pos=(579,496)
52.3700 	EXP 	Tstim: autoDraw = False
52.3700 	EXP 	Tstim_2: autoDraw = False
52.3700 	EXP 	Tstim_3: autoDraw = False
52.3700 	EXP 	Tstim_4: autoDraw = False
52.3700 	EXP 	Tstim_5: autoDraw = False
52.3700 	EXP 	Tstim_6: autoDraw = False
52.3700 	EXP 	Tstim_7: autoDraw = False
52.3700 	EXP 	Tstim_8: autoDraw = False
52.3700 	EXP 	Tstim_9: autoDraw = False
52.3700 	EXP 	Tstim_10: autoDraw = False
52.3700 	EXP 	Tstim_11: autoDraw = False
52.3700 	EXP 	Tstim_12: autoDraw = False
52.3700 	EXP 	Tstim_13: autoDraw = False
52.3700 	EXP 	Tstim_14: autoDraw = False
52.3700 	EXP 	Tstim_15: autoDraw = False
52.3700 	EXP 	Tstim_16: autoDraw = False
52.3700 	EXP 	Tstim_17: autoDraw = False
52.3700 	EXP 	Tstim_18: autoDraw = False
52.3700 	EXP 	Tstim_19: autoDraw = False
52.3700 	EXP 	Tstim_20: autoDraw = False
52.3700 	EXP 	Lstim: autoDraw = False
52.3700 	EXP 	text: text = 'Target found!1.531'
52.3700 	EXP 	text: autoDraw = True
52.4396 	DATA 	Mouse:  Left button up, pos=(579,496)
53.3546 	EXP 	New trial (rep=0, index=8): OrderedDict([('targetCol', 'black'), ('distractorCol', 'black'), ('mixedOris', 1), ('setSize', 5)])
53.4833 	EXP 	text: autoDraw = False
53.4833 	EXP 	Tstim_20: color = 'black'
53.4833 	EXP 	Tstim_19: color = 'black'
53.4833 	EXP 	Tstim_18: color = 'black'
53.4833 	EXP 	Tstim_17: color = 'black'
53.4833 	EXP 	Tstim_16: color = 'black'
53.4833 	EXP 	Tstim_15: color = 'grey'
53.4833 	EXP 	Tstim_14: color = 'grey'
53.4833 	EXP 	Tstim_13: color = 'grey'
53.4833 	EXP 	Tstim_12: color = 'grey'
53.4833 	EXP 	Tstim_11: color = 'grey'
53.4833 	EXP 	Tstim_10: color = 'grey'
53.4833 	EXP 	Tstim_9: color = 'grey'
53.4833 	EXP 	Tstim_8: color = 'grey'
53.4833 	EXP 	Tstim_7: color = 'grey'
53.4833 	EXP 	Tstim_6: color = 'grey'
53.4833 	EXP 	Tstim_5: color = 'grey'
53.4833 	EXP 	Tstim_4: color = 'grey'
53.4833 	EXP 	Tstim_3: color = 'grey'
53.4833 	EXP 	Tstim_2: color = 'grey'
53.4833 	EXP 	Tstim: color = 'grey'
53.4833 	EXP 	Lstim: color = 'black'
53.4833 	EXP 	Lstim: ori = 242.0
53.4833 	EXP 	Tstim: ori = 273.0
53.4833 	EXP 	Tstim_2: ori = 230.0
53.4833 	EXP 	Tstim_3: ori = 19.0
53.4833 	EXP 	Tstim_4: ori = 129.0
53.4833 	EXP 	Tstim_5: ori = 109.0
53.4833 	EXP 	Tstim_6: ori = 135.0
53.4833 	EXP 	Tstim_7: ori = 351.0
53.4833 	EXP 	Tstim_8: ori = 221.0
53.4833 	EXP 	Tstim_9: ori = 9.0
53.4833 	EXP 	Tstim_10: ori = 67.0
53.4833 	EXP 	Tstim_11: ori = 156.0
53.4833 	EXP 	Tstim_12: ori = 132.0
53.4833 	EXP 	Tstim_13: ori = 352.0
53.4833 	EXP 	Tstim_14: ori = 266.0
53.4833 	EXP 	Tstim_15: ori = 53.0
53.4833 	EXP 	Tstim_16: ori = 199.0
53.4833 	EXP 	Tstim_17: ori = 36.0
53.4833 	EXP 	Tstim_18: ori = 163.0
53.4833 	EXP 	Tstim_19: ori = 209.0
53.4833 	EXP 	Tstim_20: ori = 76.0
53.4833 	EXP 	Tstim: opacity = 0.5
53.4833 	EXP 	Tstim: pos = array([ 0.3 , -0.18])
53.4833 	EXP 	Tstim: height = 0.1
53.4833 	EXP 	Tstim_2: opacity = 0.5
53.4833 	EXP 	Tstim_2: height = 0.1
53.4833 	EXP 	Tstim_3: opacity = 0.5
53.4833 	EXP 	Tstim_3: pos = array([ 0.03, -0.24])
53.4833 	EXP 	Tstim_3: height = 0.1
53.4833 	EXP 	Tstim_4: opacity = 0.5
53.4833 	EXP 	Tstim_4: pos = array([0.15, 0.09])
53.4833 	EXP 	Tstim_4: height = 0.1
53.4833 	EXP 	Tstim_5: opacity = 0.5
53.4833 	EXP 	Tstim_5: pos = array([-0.3 ,  0.21])
53.4833 	EXP 	Tstim_5: height = 0.1
53.4833 	EXP 	Tstim_6: opacity = 0.5
53.4833 	EXP 	Tstim_6: pos = array([-0.21, -0.27])
53.4833 	EXP 	Tstim_6: height = 0.1
53.4833 	EXP 	Tstim_7: opacity = 0.5
53.4833 	EXP 	Tstim_7: pos = array([0.27, 0.03])
53.4833 	EXP 	Tstim_7: height = 0.1
53.4833 	EXP 	Tstim_8: opacity = 0.5
53.4833 	EXP 	Tstim_8: pos = array([0.12, 0.12])
53.4833 	EXP 	Tstim_8: height = 0.1
53.4833 	EXP 	Tstim_9: opacity = 0.5
53.4833 	EXP 	Tstim_9: pos = array([0.21, 0.24])
53.4833 	EXP 	Tstim_9: height = 0.1
53.4833 	EXP 	Tstim_10: opacity = 0.5
53.4833 	EXP 	Tstim_10: pos = array([-0.27, -0.09])
53.4833 	EXP 	Tstim_10: height = 0.1
53.4833 	EXP 	Tstim_11: opacity = 0.5
53.4833 	EXP 	Tstim_11: pos = array([-0.09, -0.21])
53.4833 	EXP 	Tstim_11: height = 0.1
53.4833 	EXP 	Tstim_12: opacity = 0.5
53.4833 	EXP 	Tstim_12: pos = array([-0.24, -0.06])
53.4833 	EXP 	Tstim_12: height = 0.1
53.4833 	EXP 	Tstim_13: opacity = 0.5
53.4833 	EXP 	Tstim_13: pos = array([0.09, 0.06])
53.4833 	EXP 	Tstim_13: height = 0.1
53.4833 	EXP 	Tstim_14: opacity = 0.5
53.4833 	EXP 	Tstim_14: pos = array([ 0.  , -0.03])
53.4833 	EXP 	Tstim_14: height = 0.1
53.4833 	EXP 	Tstim_15: opacity = 0.5
53.4833 	EXP 	Tstim_15: pos = array([-0.18,  0.18])
53.4833 	EXP 	Tstim_15: height = 0.1
53.4833 	EXP 	Tstim_16: opacity = 0.5
53.4833 	EXP 	Tstim_16: pos = array([0.06, 0.  ])
53.4833 	EXP 	Tstim_16: height = 0.1
53.4833 	EXP 	Tstim_17: opacity = 0.5
53.4833 	EXP 	Tstim_17: pos = array([ 0.24, -0.12])
53.4833 	EXP 	Tstim_17: height = 0.1
53.4833 	EXP 	Tstim_18: opacity = 0.5
53.4833 	EXP 	Tstim_18: pos = array([ 0.18, -0.3 ])
53.4833 	EXP 	Tstim_18: height = 0.1
53.4833 	EXP 	Tstim_19: opacity = 0.5
53.4833 	EXP 	Tstim_19: pos = array([-0.06,  0.15])
53.4833 	EXP 	Tstim_19: height = 0.1
53.4833 	EXP 	Tstim_20: opacity = 0.5
53.4833 	EXP 	Tstim_20: pos = array([-0.12, -0.15])
53.4833 	EXP 	Tstim_20: height = 0.1
53.4833 	EXP 	Lstim: opacity = 0.5
53.4833 	EXP 	Lstim: pos = array([-0.15,  0.3 ])
53.4833 	EXP 	Lstim: height = 0.1
53.4833 	EXP 	Tstim: autoDraw = True
53.4833 	EXP 	Tstim_2: autoDraw = True
53.4833 	EXP 	Tstim_3: autoDraw = True
53.4833 	EXP 	Tstim_4: autoDraw = True
53.4833 	EXP 	Tstim_5: autoDraw = True
53.4833 	EXP 	Tstim_6: autoDraw = True
53.4833 	EXP 	Tstim_7: autoDraw = True
53.4833 	EXP 	Tstim_8: autoDraw = True
53.4833 	EXP 	Tstim_9: autoDraw = True
53.4833 	EXP 	Tstim_10: autoDraw = True
53.4833 	EXP 	Tstim_11: autoDraw = True
53.4833 	EXP 	Tstim_12: autoDraw = True
53.4833 	EXP 	Tstim_13: autoDraw = True
53.4833 	EXP 	Tstim_14: autoDraw = True
53.4833 	EXP 	Tstim_15: autoDraw = True
53.4833 	EXP 	Tstim_16: autoDraw = True
53.4833 	EXP 	Tstim_17: autoDraw = True
53.4833 	EXP 	Tstim_18: autoDraw = True
53.4833 	EXP 	Tstim_19: autoDraw = True
53.4833 	EXP 	Tstim_20: autoDraw = True
53.4833 	EXP 	Lstim: autoDraw = True
53.4833 	EXP 	Tstim: text = 'T'
53.4833 	EXP 	Tstim_2: text = 'T'
53.4833 	EXP 	Tstim_3: text = 'T'
53.4833 	EXP 	Tstim_4: text = 'T'
53.4833 	EXP 	Tstim_5: text = 'T'
53.4833 	EXP 	Tstim_6: text = 'T'
53.4833 	EXP 	Tstim_7: text = 'T'
53.4833 	EXP 	Tstim_8: text = 'T'
53.4833 	EXP 	Tstim_9: text = 'T'
53.4833 	EXP 	Tstim_10: text = 'T'
53.4833 	EXP 	Tstim_11: text = 'T'
53.4833 	EXP 	Tstim_12: text = 'T'
53.4833 	EXP 	Tstim_13: text = 'T'
53.4833 	EXP 	Tstim_14: text = 'T'
53.4833 	EXP 	Tstim_15: text = 'T'
53.4833 	EXP 	Tstim_16: text = 'T'
53.4833 	EXP 	Tstim_17: text = 'T'
53.4833 	EXP 	Tstim_18: text = 'T'
53.4833 	EXP 	Tstim_19: text = 'T'
53.4833 	EXP 	Tstim_20: text = 'T'
53.4833 	EXP 	Lstim: text = 'L'
55.2062 	DATA 	Mouse: Left button down, pos=(816,989)
55.2288 	EXP 	Tstim: autoDraw = False
55.2288 	EXP 	Tstim_2: autoDraw = False
55.2288 	EXP 	Tstim_3: autoDraw = False
55.2288 	EXP 	Tstim_4: autoDraw = False
55.2288 	EXP 	Tstim_5: autoDraw = False
55.2288 	EXP 	Tstim_6: autoDraw = False
55.2288 	EXP 	Tstim_7: autoDraw = False
55.2288 	EXP 	Tstim_8: autoDraw = False
55.2288 	EXP 	Tstim_9: autoDraw = False
55.2288 	EXP 	Tstim_10: autoDraw = False
55.2288 	EXP 	Tstim_11: autoDraw = False
55.2288 	EXP 	Tstim_12: autoDraw = False
55.2288 	EXP 	Tstim_13: autoDraw = False
55.2288 	EXP 	Tstim_14: autoDraw = False
55.2288 	EXP 	Tstim_15: autoDraw = False
55.2288 	EXP 	Tstim_16: autoDraw = False
55.2288 	EXP 	Tstim_17: autoDraw = False
55.2288 	EXP 	Tstim_18: autoDraw = False
55.2288 	EXP 	Tstim_19: autoDraw = False
55.2288 	EXP 	Tstim_20: autoDraw = False
55.2288 	EXP 	Lstim: autoDraw = False
55.2288 	EXP 	text: text = 'Target found!1.772'
55.2288 	EXP 	text: autoDraw = True
55.2756 	DATA 	Mouse:  Left button up, pos=(816,989)
56.2232 	EXP 	New trial (rep=0, index=9): OrderedDict([('targetCol', 'red'), ('distractorCol', 'black'), ('mixedOris', 1), ('setSize', 20)])
56.3122 	EXP 	text: autoDraw = False
56.3122 	EXP 	Tstim_20: color = 'black'
56.3122 	EXP 	Tstim_19: color = 'black'
56.3122 	EXP 	Tstim_18: color = 'black'
56.3122 	EXP 	Tstim_17: color = 'black'
56.3122 	EXP 	Tstim_16: color = 'black'
56.3122 	EXP 	Tstim_15: color = 'black'
56.3122 	EXP 	Tstim_14: color = 'black'
56.3122 	EXP 	Tstim_13: color = 'black'
56.3122 	EXP 	Tstim_12: color = 'black'
56.3122 	EXP 	Tstim_11: color = 'black'
56.3122 	EXP 	Tstim_10: color = 'black'
56.3122 	EXP 	Tstim_9: color = 'black'
56.3122 	EXP 	Tstim_8: color = 'black'
56.3122 	EXP 	Tstim_7: color = 'black'
56.3122 	EXP 	Tstim_6: color = 'black'
56.3122 	EXP 	Tstim_5: color = 'black'
56.3122 	EXP 	Tstim_4: color = 'black'
56.3122 	EXP 	Tstim_3: color = 'black'
56.3122 	EXP 	Tstim_2: color = 'black'
56.3122 	EXP 	Tstim: color = 'black'
56.3122 	EXP 	Lstim: color = 'red'
56.3122 	EXP 	Lstim: ori = 125.0
56.3122 	EXP 	Tstim: ori = 281.0
56.3122 	EXP 	Tstim_2: ori = 117.0
56.3122 	EXP 	Tstim_3: ori = 331.0
56.3122 	EXP 	Tstim_4: ori = 319.0
56.3122 	EXP 	Tstim_5: ori = 269.0
56.3122 	EXP 	Tstim_6: ori = 213.0
56.3122 	EXP 	Tstim_7: ori = 130.0
56.3122 	EXP 	Tstim_8: ori = 142.0
56.3122 	EXP 	Tstim_9: ori = 93.0
56.3122 	EXP 	Tstim_10: ori = 59.0
56.3122 	EXP 	Tstim_11: ori = 156.0
56.3122 	EXP 	Tstim_12: ori = 104.0
56.3122 	EXP 	Tstim_13: ori = 89.0
56.3122 	EXP 	Tstim_14: ori = 105.0
56.3122 	EXP 	Tstim_15: ori = 336.0
56.3122 	EXP 	Tstim_16: ori = 139.0
56.3122 	EXP 	Tstim_17: ori = 225.0
56.3122 	EXP 	Tstim_18: ori = 247.0
56.3122 	EXP 	Tstim_19: ori = 264.0
56.3122 	EXP 	Tstim_20: ori = 273.0
56.3122 	EXP 	Tstim: opacity = 0.5
56.3122 	EXP 	Tstim: pos = array([ 0.18, -0.21])
56.3122 	EXP 	Tstim: height = 0.1
56.3122 	EXP 	Tstim_2: opacity = 0.5
56.3122 	EXP 	Tstim_2: height = 0.1
56.3122 	EXP 	Tstim_3: opacity = 0.5
56.3122 	EXP 	Tstim_3: pos = array([-0.09,  0.09])
56.3122 	EXP 	Tstim_3: height = 0.1
56.3122 	EXP 	Tstim_4: opacity = 0.5
56.3122 	EXP 	Tstim_4: pos = array([-0.15,  0.3 ])
56.3122 	EXP 	Tstim_4: height = 0.1
56.3122 	EXP 	Tstim_5: opacity = 0.5
56.3122 	EXP 	Tstim_5: pos = array([-0.24, -0.3 ])
56.3122 	EXP 	Tstim_5: height = 0.1
56.3122 	EXP 	Tstim_6: opacity = 0.5
56.3122 	EXP 	Tstim_6: pos = array([-0.18, -0.06])
56.3122 	EXP 	Tstim_6: height = 0.1
56.3122 	EXP 	Tstim_7: opacity = 0.5
56.3122 	EXP 	Tstim_7: pos = array([ 0.21, -0.12])
56.3122 	EXP 	Tstim_7: height = 0.1
56.3122 	EXP 	Tstim_8: opacity = 0.5
56.3122 	EXP 	Tstim_8: pos = array([ 0.  , -0.03])
56.3122 	EXP 	Tstim_8: height = 0.1
56.3122 	EXP 	Tstim_9: opacity = 0.5
56.3122 	EXP 	Tstim_9: pos = array([-0.12,  0.27])
56.3122 	EXP 	Tstim_9: height = 0.1
56.3122 	EXP 	Tstim_10: opacity = 0.5
56.3122 	EXP 	Tstim_10: pos = array([0.15, 0.12])
56.3122 	EXP 	Tstim_10: height = 0.1
56.3122 	EXP 	Tstim_11: opacity = 0.5
56.3122 	EXP 	Tstim_11: pos = array([0.03, 0.06])
56.3122 	EXP 	Tstim_11: height = 0.1
56.3122 	EXP 	Tstim_12: opacity = 0.5
56.3122 	EXP 	Tstim_12: pos = array([-0.21, -0.09])
56.3122 	EXP 	Tstim_12: height = 0.1
56.3122 	EXP 	Tstim_13: opacity = 0.5
56.3122 	EXP 	Tstim_13: pos = array([-0.3 , -0.15])
56.3122 	EXP 	Tstim_13: height = 0.1
56.3122 	EXP 	Tstim_14: opacity = 0.5
56.3122 	EXP 	Tstim_14: pos = array([-0.03,  0.03])
56.3122 	EXP 	Tstim_14: height = 0.1
56.3122 	EXP 	Tstim_15: opacity = 0.5
56.3122 	EXP 	Tstim_15: pos = array([0.3 , 0.18])
56.3122 	EXP 	Tstim_15: height = 0.1
56.3122 	EXP 	Tstim_16: opacity = 0.5
56.3122 	EXP 	Tstim_16: pos = array([-0.06,  0.24])
56.3122 	EXP 	Tstim_16: height = 0.1
56.3122 	EXP 	Tstim_17: opacity = 0.5
56.3122 	EXP 	Tstim_17: pos = array([0.12, 0.  ])
56.3122 	EXP 	Tstim_17: height = 0.1
56.3122 	EXP 	Tstim_18: opacity = 0.5
56.3122 	EXP 	Tstim_18: pos = array([ 0.06, -0.18])
56.3122 	EXP 	Tstim_18: height = 0.1
56.3122 	EXP 	Tstim_19: opacity = 0.5
56.3122 	EXP 	Tstim_19: pos = array([ 0.24, -0.27])
56.3122 	EXP 	Tstim_19: height = 0.1
56.3122 	EXP 	Tstim_20: opacity = 0.5
56.3122 	EXP 	Tstim_20: pos = array([ 0.09, -0.24])
56.3122 	EXP 	Tstim_20: height = 0.1
56.3122 	EXP 	Lstim: opacity = 0.5
56.3122 	EXP 	Lstim: pos = array([-0.27,  0.15])
56.3122 	EXP 	Lstim: height = 0.1
56.3122 	EXP 	Tstim: autoDraw = True
56.3122 	EXP 	Tstim_2: autoDraw = True
56.3122 	EXP 	Tstim_3: autoDraw = True
56.3122 	EXP 	Tstim_4: autoDraw = True
56.3122 	EXP 	Tstim_5: autoDraw = True
56.3122 	EXP 	Tstim_6: autoDraw = True
56.3122 	EXP 	Tstim_7: autoDraw = True
56.3122 	EXP 	Tstim_8: autoDraw = True
56.3122 	EXP 	Tstim_9: autoDraw = True
56.3122 	EXP 	Tstim_10: autoDraw = True
56.3122 	EXP 	Tstim_11: autoDraw = True
56.3122 	EXP 	Tstim_12: autoDraw = True
56.3122 	EXP 	Tstim_13: autoDraw = True
56.3122 	EXP 	Tstim_14: autoDraw = True
56.3122 	EXP 	Tstim_15: autoDraw = True
56.3122 	EXP 	Tstim_16: autoDraw = True
56.3122 	EXP 	Tstim_17: autoDraw = True
56.3122 	EXP 	Tstim_18: autoDraw = True
56.3122 	EXP 	Tstim_19: autoDraw = True
56.3122 	EXP 	Tstim_20: autoDraw = True
56.3122 	EXP 	Lstim: autoDraw = True
56.3122 	EXP 	Tstim: text = 'T'
56.3122 	EXP 	Tstim_2: text = 'T'
56.3122 	EXP 	Tstim_3: text = 'T'
56.3122 	EXP 	Tstim_4: text = 'T'
56.3122 	EXP 	Tstim_5: text = 'T'
56.3122 	EXP 	Tstim_6: text = 'T'
56.3122 	EXP 	Tstim_7: text = 'T'
56.3122 	EXP 	Tstim_8: text = 'T'
56.3122 	EXP 	Tstim_9: text = 'T'
56.3122 	EXP 	Tstim_10: text = 'T'
56.3122 	EXP 	Tstim_11: text = 'T'
56.3122 	EXP 	Tstim_12: text = 'T'
56.3122 	EXP 	Tstim_13: text = 'T'
56.3122 	EXP 	Tstim_14: text = 'T'
56.3122 	EXP 	Tstim_15: text = 'T'
56.3122 	EXP 	Tstim_16: text = 'T'
56.3122 	EXP 	Tstim_17: text = 'T'
56.3122 	EXP 	Tstim_18: text = 'T'
56.3122 	EXP 	Tstim_19: text = 'T'
56.3122 	EXP 	Tstim_20: text = 'T'
56.3122 	EXP 	Lstim: text = 'L'
57.2909 	DATA 	Mouse: Left button down, pos=(653,803)
57.3144 	EXP 	Tstim: autoDraw = False
57.3144 	EXP 	Tstim_2: autoDraw = False
57.3144 	EXP 	Tstim_3: autoDraw = False
57.3144 	EXP 	Tstim_4: autoDraw = False
57.3144 	EXP 	Tstim_5: autoDraw = False
57.3144 	EXP 	Tstim_6: autoDraw = False
57.3144 	EXP 	Tstim_7: autoDraw = False
57.3144 	EXP 	Tstim_8: autoDraw = False
57.3144 	EXP 	Tstim_9: autoDraw = False
57.3144 	EXP 	Tstim_10: autoDraw = False
57.3144 	EXP 	Tstim_11: autoDraw = False
57.3144 	EXP 	Tstim_12: autoDraw = False
57.3144 	EXP 	Tstim_13: autoDraw = False
57.3144 	EXP 	Tstim_14: autoDraw = False
57.3144 	EXP 	Tstim_15: autoDraw = False
57.3144 	EXP 	Tstim_16: autoDraw = False
57.3144 	EXP 	Tstim_17: autoDraw = False
57.3144 	EXP 	Tstim_18: autoDraw = False
57.3144 	EXP 	Tstim_19: autoDraw = False
57.3144 	EXP 	Tstim_20: autoDraw = False
57.3144 	EXP 	Lstim: autoDraw = False
57.3144 	EXP 	text: text = 'Target found!1.011'
57.3144 	EXP 	text: autoDraw = True
57.3612 	DATA 	Mouse:  Left button up, pos=(653,803)
58.3240 	EXP 	text: autoDraw = False
58.5314 	EXP 	window1: mouseVisible = True
