5.4870 	WARNING 	We strongly recommend you activate the PTB sound engine in PsychoPy prefs as the preferred audio engine. Its timing is vastly superior. Your prefs are currently set to use ['sounddevice', 'PTB', 'pyo', 'pygame'] (in that order).
8.4948 	WARNING 	User requested fullscreen with size [1024  768], but screen is actually [1920, 1200]. Using actual size
10.4750 	EXP 	Created window1 = Window(allowGUI=False, allowStencil=False, args=UNKNOWN, autoLog=True, bitsMode=UNKNOWN, blendMode='avg', bpc=(8, 8, 8), color=array([0., 0., 0.]), colorSpace='rgb', depthBits=8, fullscr=<method-wrapper '__getattribute__' of attributeSetter object at 0x000001B8DE27AA90>, gamma=None, gammaErrorPolicy='raise', kwargs=UNKNOWN, lms=UNKNOWN, monitor=<psychopy.monitors.calibTools.Monitor object at 0x000001B8DDFA4CC0>, multiSample=False, name='window1', numSamples=2, pos=[0.0, 0.0], screen=0, size=array([1920, 1200]), stencilBits=0, stereo=False, units='height', useFBO=True, useRetina=False, viewOri=0.0, viewPos=None, viewScale=None, waitBlanking=True, winType='pyglet')
10.4753 	EXP 	window1: mouseVisible = True
10.4754 	EXP 	window1: recordFrameIntervals = False
10.6411 	EXP 	window1: recordFrameIntervals = True
10.8247 	EXP 	window1: recordFrameIntervals = False
11.0980 	EXP 	Created instrTxt = TextStim(__class__=<class 'psychopy.visual.text.TextStim'>, alignHoriz=method-wrapper(...), alignText='center', alignVert=method-wrapper(...), anchorHoriz='center', anchorVert='center', antialias=True, autoLog=True, bold=False, color='white', colorSpace='named', contrast=1.0, depth=0.0, flipHoriz=False, flipVert=False, font='Arial', fontFiles=[], height=0.1, italic=False, languageStyle='LTR', name='instrTxt', opacity=1.0, ori=0, pos=array([0., 0.]), rgb=array([255., 255., 255.]), text=str(...), units='height', win=Window(...), wrapWidth=1)
11.0981 	EXP 	window1: mouseVisible = True
11.9456 	EXP 	Created Tstim = TextStim(__class__=<class 'psychopy.visual.text.TextStim'>, alignHoriz=method-wrapper(...), alignText='center', alignVert=method-wrapper(...), anchorHoriz='center', anchorVert='center', antialias=True, autoLog=True, bold=False, color='black', colorSpace='named', contrast=1.0, depth=-3.0, flipHoriz=False, flipVert=False, font='Arial', fontFiles=[], height=1.0, italic=False, languageStyle='LTR', name='Tstim', opacity=1.0, ori=0, pos=array([0., 0.]), rgb=array([0., 0., 0.]), text='T', units='height', win=Window(...), wrapWidth=1)
11.9472 	EXP 	Created Tstim_2 = TextStim(__class__=<class 'psychopy.visual.text.TextStim'>, alignHoriz=method-wrapper(...), alignText='center', alignVert=method-wrapper(...), anchorHoriz='center', anchorVert='center', antialias=True, autoLog=True, bold=False, color='black', colorSpace='named', contrast=1.0, depth=-4.0, flipHoriz=False, flipVert=False, font='Arial', fontFiles=[], height=1.0, italic=False, languageStyle='LTR', name='Tstim_2', opacity=1.0, ori=0, pos=array([0., 0.]), rgb=array([0., 0., 0.]), text='T', units='height', win=Window(...), wrapWidth=1)
11.9484 	EXP 	Created Tstim_3 = TextStim(__class__=<class 'psychopy.visual.text.TextStim'>, alignHoriz=method-wrapper(...), alignText='center', alignVert=method-wrapper(...), anchorHoriz='center', anchorVert='center', antialias=True, autoLog=True, bold=False, color='black', colorSpace='named', contrast=1.0, depth=-5.0, flipHoriz=False, flipVert=False, font='Arial', fontFiles=[], height=1.0, italic=False, languageStyle='LTR', name='Tstim_3', opacity=1.0, ori=0, pos=array([0., 0.]), rgb=array([0., 0., 0.]), text='T', units='height', win=Window(...), wrapWidth=1)
11.9495 	EXP 	Created Tstim_4 = TextStim(__class__=<class 'psychopy.visual.text.TextStim'>, alignHoriz=method-wrapper(...), alignText='center', alignVert=method-wrapper(...), anchorHoriz='center', anchorVert='center', antialias=True, autoLog=True, bold=False, color='black', colorSpace='named', contrast=1.0, depth=-6.0, flipHoriz=False, flipVert=False, font='Arial', fontFiles=[], height=1.0, italic=False, languageStyle='LTR', name='Tstim_4', opacity=1.0, ori=0, pos=array([0., 0.]), rgb=array([0., 0., 0.]), text='T', units='height', win=Window(...), wrapWidth=1)
11.9505 	EXP 	Created Tstim_5 = TextStim(__class__=<class 'psychopy.visual.text.TextStim'>, alignHoriz=method-wrapper(...), alignText='center', alignVert=method-wrapper(...), anchorHoriz='center', anchorVert='center', antialias=True, autoLog=True, bold=False, color='black', colorSpace='named', contrast=1.0, depth=-7.0, flipHoriz=False, flipVert=False, font='Arial', fontFiles=[], height=1.0, italic=False, languageStyle='LTR', name='Tstim_5', opacity=1.0, ori=0, pos=array([0., 0.]), rgb=array([0., 0., 0.]), text='T', units='height', win=Window(...), wrapWidth=1)
11.9516 	EXP 	Created Tstim_6 = TextStim(__class__=<class 'psychopy.visual.text.TextStim'>, alignHoriz=method-wrapper(...), alignText='center', alignVert=method-wrapper(...), anchorHoriz='center', anchorVert='center', antialias=True, autoLog=True, bold=False, color='black', colorSpace='named', contrast=1.0, depth=-8.0, flipHoriz=False, flipVert=False, font='Arial', fontFiles=[], height=1.0, italic=False, languageStyle='LTR', name='Tstim_6', opacity=1.0, ori=0, pos=array([0., 0.]), rgb=array([0., 0., 0.]), text='T', units='height', win=Window(...), wrapWidth=1)
11.9527 	EXP 	Created Tstim_7 = TextStim(__class__=<class 'psychopy.visual.text.TextStim'>, alignHoriz=method-wrapper(...), alignText='center', alignVert=method-wrapper(...), anchorHoriz='center', anchorVert='center', antialias=True, autoLog=True, bold=False, color='black', colorSpace='named', contrast=1.0, depth=-9.0, flipHoriz=False, flipVert=False, font='Arial', fontFiles=[], height=1.0, italic=False, languageStyle='LTR', name='Tstim_7', opacity=1.0, ori=0, pos=array([0., 0.]), rgb=array([0., 0., 0.]), text='T', units='height', win=Window(...), wrapWidth=1)
11.9538 	EXP 	Created Tstim_8 = TextStim(__class__=<class 'psychopy.visual.text.TextStim'>, alignHoriz=method-wrapper(...), alignText='center', alignVert=method-wrapper(...), anchorHoriz='center', anchorVert='center', antialias=True, autoLog=True, bold=False, color='black', colorSpace='named', contrast=1.0, depth=-10.0, flipHoriz=False, flipVert=False, font='Arial', fontFiles=[], height=1.0, italic=False, languageStyle='LTR', name='Tstim_8', opacity=1.0, ori=0, pos=array([0., 0.]), rgb=array([0., 0., 0.]), text='T', units='height', win=Window(...), wrapWidth=1)
11.9549 	EXP 	Created Tstim_9 = TextStim(__class__=<class 'psychopy.visual.text.TextStim'>, alignHoriz=method-wrapper(...), alignText='center', alignVert=method-wrapper(...), anchorHoriz='center', anchorVert='center', antialias=True, autoLog=True, bold=False, color='black', colorSpace='named', contrast=1.0, depth=-11.0, flipHoriz=False, flipVert=False, font='Arial', fontFiles=[], height=1.0, italic=False, languageStyle='LTR', name='Tstim_9', opacity=1.0, ori=0, pos=array([0., 0.]), rgb=array([0., 0., 0.]), text='T', units='height', win=Window(...), wrapWidth=1)
11.9559 	EXP 	Created Tstim_10 = TextStim(__class__=<class 'psychopy.visual.text.TextStim'>, alignHoriz=method-wrapper(...), alignText='center', alignVert=method-wrapper(...), anchorHoriz='center', anchorVert='center', antialias=True, autoLog=True, bold=False, color='black', colorSpace='named', contrast=1.0, depth=-12.0, flipHoriz=False, flipVert=False, font='Arial', fontFiles=[], height=1.0, italic=False, languageStyle='LTR', name='Tstim_10', opacity=1.0, ori=0, pos=array([0., 0.]), rgb=array([0., 0., 0.]), text='T', units='height', win=Window(...), wrapWidth=1)
11.9571 	EXP 	Created Tstim_11 = TextStim(__class__=<class 'psychopy.visual.text.TextStim'>, alignHoriz=method-wrapper(...), alignText='center', alignVert=method-wrapper(...), anchorHoriz='center', anchorVert='center', antialias=True, autoLog=True, bold=False, color='black', colorSpace='named', contrast=1.0, depth=-13.0, flipHoriz=False, flipVert=False, font='Arial', fontFiles=[], height=1.0, italic=False, languageStyle='LTR', name='Tstim_11', opacity=1.0, ori=0, pos=array([0., 0.]), rgb=array([0., 0., 0.]), text='T', units='height', win=Window(...), wrapWidth=1)
11.9582 	EXP 	Created Tstim_12 = TextStim(__class__=<class 'psychopy.visual.text.TextStim'>, alignHoriz=method-wrapper(...), alignText='center', alignVert=method-wrapper(...), anchorHoriz='center', anchorVert='center', antialias=True, autoLog=True, bold=False, color='black', colorSpace='named', contrast=1.0, depth=-14.0, flipHoriz=False, flipVert=False, font='Arial', fontFiles=[], height=1.0, italic=False, languageStyle='LTR', name='Tstim_12', opacity=1.0, ori=0, pos=array([0., 0.]), rgb=array([0., 0., 0.]), text='T', units='height', win=Window(...), wrapWidth=1)
11.9593 	EXP 	Created Tstim_13 = TextStim(__class__=<class 'psychopy.visual.text.TextStim'>, alignHoriz=method-wrapper(...), alignText='center', alignVert=method-wrapper(...), anchorHoriz='center', anchorVert='center', antialias=True, autoLog=True, bold=False, color='black', colorSpace='named', contrast=1.0, depth=-15.0, flipHoriz=False, flipVert=False, font='Arial', fontFiles=[], height=1.0, italic=False, languageStyle='LTR', name='Tstim_13', opacity=1.0, ori=0, pos=array([0., 0.]), rgb=array([0., 0., 0.]), text='T', units='height', win=Window(...), wrapWidth=1)
11.9605 	EXP 	Created Tstim_14 = TextStim(__class__=<class 'psychopy.visual.text.TextStim'>, alignHoriz=method-wrapper(...), alignText='center', alignVert=method-wrapper(...), anchorHoriz='center', anchorVert='center', antialias=True, autoLog=True, bold=False, color='black', colorSpace='named', contrast=1.0, depth=-16.0, flipHoriz=False, flipVert=False, font='Arial', fontFiles=[], height=1.0, italic=False, languageStyle='LTR', name='Tstim_14', opacity=1.0, ori=0, pos=array([0., 0.]), rgb=array([0., 0., 0.]), text='T', units='height', win=Window(...), wrapWidth=1)
11.9616 	EXP 	Created Tstim_15 = TextStim(__class__=<class 'psychopy.visual.text.TextStim'>, alignHoriz=method-wrapper(...), alignText='center', alignVert=method-wrapper(...), anchorHoriz='center', anchorVert='center', antialias=True, autoLog=True, bold=False, color='black', colorSpace='named', contrast=1.0, depth=-17.0, flipHoriz=False, flipVert=False, font='Arial', fontFiles=[], height=1.0, italic=False, languageStyle='LTR', name='Tstim_15', opacity=1.0, ori=0, pos=array([0., 0.]), rgb=array([0., 0., 0.]), text='T', units='height', win=Window(...), wrapWidth=1)
11.9633 	EXP 	Created Tstim_16 = TextStim(__class__=<class 'psychopy.visual.text.TextStim'>, alignHoriz=method-wrapper(...), alignText='center', alignVert=method-wrapper(...), anchorHoriz='center', anchorVert='center', antialias=True, autoLog=True, bold=False, color='black', colorSpace='named', contrast=1.0, depth=-18.0, flipHoriz=False, flipVert=False, font='Arial', fontFiles=[], height=1.0, italic=False, languageStyle='LTR', name='Tstim_16', opacity=1.0, ori=0, pos=array([0., 0.]), rgb=array([0., 0., 0.]), text='T', units='height', win=Window(...), wrapWidth=1)
11.9646 	EXP 	Created Tstim_17 = TextStim(__class__=<class 'psychopy.visual.text.TextStim'>, alignHoriz=method-wrapper(...), alignText='center', alignVert=method-wrapper(...), anchorHoriz='center', anchorVert='center', antialias=True, autoLog=True, bold=False, color='black', colorSpace='named', contrast=1.0, depth=-19.0, flipHoriz=False, flipVert=False, font='Arial', fontFiles=[], height=1.0, italic=False, languageStyle='LTR', name='Tstim_17', opacity=1.0, ori=0, pos=array([0., 0.]), rgb=array([0., 0., 0.]), text='T', units='height', win=Window(...), wrapWidth=1)
11.9658 	EXP 	Created Tstim_18 = TextStim(__class__=<class 'psychopy.visual.text.TextStim'>, alignHoriz=method-wrapper(...), alignText='center', alignVert=method-wrapper(...), anchorHoriz='center', anchorVert='center', antialias=True, autoLog=True, bold=False, color='black', colorSpace='named', contrast=1.0, depth=-20.0, flipHoriz=False, flipVert=False, font='Arial', fontFiles=[], height=1.0, italic=False, languageStyle='LTR', name='Tstim_18', opacity=1.0, ori=0, pos=array([0., 0.]), rgb=array([0., 0., 0.]), text='T', units='height', win=Window(...), wrapWidth=1)
11.9669 	EXP 	Created Tstim_19 = TextStim(__class__=<class 'psychopy.visual.text.TextStim'>, alignHoriz=method-wrapper(...), alignText='center', alignVert=method-wrapper(...), anchorHoriz='center', anchorVert='center', antialias=True, autoLog=True, bold=False, color='black', colorSpace='named', contrast=1.0, depth=-21.0, flipHoriz=False, flipVert=False, font='Arial', fontFiles=[], height=1.0, italic=False, languageStyle='LTR', name='Tstim_19', opacity=1.0, ori=0, pos=array([0., 0.]), rgb=array([0., 0., 0.]), text='T', units='height', win=Window(...), wrapWidth=1)
11.9681 	EXP 	Created Tstim_20 = TextStim(__class__=<class 'psychopy.visual.text.TextStim'>, alignHoriz=method-wrapper(...), alignText='center', alignVert=method-wrapper(...), anchorHoriz='center', anchorVert='center', antialias=True, autoLog=True, bold=False, color='black', colorSpace='named', contrast=1.0, depth=-22.0, flipHoriz=False, flipVert=False, font='Arial', fontFiles=[], height=1.0, italic=False, languageStyle='LTR', name='Tstim_20', opacity=1.0, ori=0, pos=array([0., 0.]), rgb=array([0., 0., 0.]), text='T', units='height', win=Window(...), wrapWidth=1)
12.0972 	EXP 	Created Lstim = TextStim(__class__=<class 'psychopy.visual.text.TextStim'>, alignHoriz=method-wrapper(...), alignText='center', alignVert=method-wrapper(...), anchorHoriz='center', anchorVert='center', antialias=True, autoLog=True, bold=False, color='black', colorSpace='named', contrast=1.0, depth=-23.0, flipHoriz=False, flipVert=False, font='Arial', fontFiles=[], height=1.0, italic=False, languageStyle='LTR', name='Lstim', opacity=1.0, ori=0, pos=array([0., 0.]), rgb=array([0., 0., 0.]), text='L', units='height', win=Window(...), wrapWidth=1)
12.0973 	EXP 	window1: mouseVisible = True
12.1035 	EXP 	Created text = TextStim(__class__=<class 'psychopy.visual.text.TextStim'>, alignHoriz=method-wrapper(...), alignText='center', alignVert=method-wrapper(...), anchorHoriz='center', anchorVert='center', antialias=True, autoLog=True, bold=False, color='white', colorSpace='named', contrast=1.0, depth=-1.0, flipHoriz=False, flipVert=False, font='Arial', fontFiles=[], height=0.1, italic=False, languageStyle='LTR', name='text', opacity=1.0, ori=0, pos=array([0., 0.]), rgb=array([255., 255., 255.]), text='default text', units='height', win=Window(...), wrapWidth=1)
12.1463 	EXP 	instrTxt: autoDraw = True
13.0496 	DATA 	Mouse: Left button down, pos=(931,857)
13.1054 	EXP 	Imported conditions.xlsx as conditions, 10 conditions, 4 params
13.1059 	EXP 	Created sequence: random, trialTypes=10, nReps=1, seed=None
13.1064 	EXP 	New trial (rep=0, index=0): OrderedDict([('targetCol', 'black'), ('distractorCol', 'black'), ('mixedOris', 1), ('setSize', 20)])
13.1630 	DATA 	Mouse:  Left button up, pos=(931,857)
13.2152 	EXP 	instrTxt: autoDraw = False
13.2152 	EXP 	Tstim_20: color = 'black'
13.2152 	EXP 	Tstim_19: color = 'black'
13.2152 	EXP 	Tstim_18: color = 'black'
13.2152 	EXP 	Tstim_17: color = 'black'
13.2152 	EXP 	Tstim_16: color = 'black'
13.2152 	EXP 	Tstim_15: color = 'black'
13.2152 	EXP 	Tstim_14: color = 'black'
13.2152 	EXP 	Tstim_13: color = 'black'
13.2152 	EXP 	Tstim_12: color = 'black'
13.2152 	EXP 	Tstim_11: color = 'black'
13.2152 	EXP 	Tstim_10: color = 'black'
13.2152 	EXP 	Tstim_9: color = 'black'
13.2152 	EXP 	Tstim_8: color = 'black'
13.2152 	EXP 	Tstim_7: color = 'black'
13.2152 	EXP 	Tstim_6: color = 'black'
13.2152 	EXP 	Tstim_5: color = 'black'
13.2152 	EXP 	Tstim_4: color = 'black'
13.2152 	EXP 	Tstim_3: color = 'black'
13.2152 	EXP 	Tstim_2: color = 'black'
13.2152 	EXP 	Tstim: color = 'black'
13.2152 	EXP 	Lstim: color = 'black'
13.2152 	EXP 	Lstim: ori = 358.0
13.2152 	EXP 	Tstim: ori = 349.0
13.2152 	EXP 	Tstim_2: ori = 343.0
13.2152 	EXP 	Tstim_3: ori = 138.0
13.2152 	EXP 	Tstim_4: ori = 36.0
13.2152 	EXP 	Tstim_5: ori = 357.0
13.2152 	EXP 	Tstim_6: ori = 242.0
13.2152 	EXP 	Tstim_7: ori = 143.0
13.2152 	EXP 	Tstim_8: ori = 128.0
13.2152 	EXP 	Tstim_9: ori = 43.0
13.2152 	EXP 	Tstim_10: ori = 63.0
13.2152 	EXP 	Tstim_11: ori = 321.0
13.2152 	EXP 	Tstim_12: ori = 37.0
13.2152 	EXP 	Tstim_13: ori = 328.0
13.2152 	EXP 	Tstim_14: ori = 282.0
13.2152 	EXP 	Tstim_15: ori = 244.0
13.2152 	EXP 	Tstim_16: ori = 188.0
13.2152 	EXP 	Tstim_17: ori = 84.0
13.2152 	EXP 	Tstim_18: ori = 323.0
13.2152 	EXP 	Tstim_19: ori = 111.0
13.2152 	EXP 	Tstim_20: ori = 132.0
13.2152 	EXP 	Tstim: opacity = 0.5
13.2152 	EXP 	Tstim: pos = array([ 0.18, -0.09])
13.2152 	EXP 	Tstim: height = 0.1
13.2152 	EXP 	Tstim_2: opacity = 0.5
13.2152 	EXP 	Tstim_2: height = 0.1
13.2152 	EXP 	Tstim_3: opacity = 0.5
13.2152 	EXP 	Tstim_3: pos = array([-0.3 , -0.03])
13.2152 	EXP 	Tstim_3: height = 0.1
13.2152 	EXP 	Tstim_4: opacity = 0.5
13.2152 	EXP 	Tstim_4: pos = array([-0.03, -0.12])
13.2152 	EXP 	Tstim_4: height = 0.1
13.2152 	EXP 	Tstim_5: opacity = 0.5
13.2152 	EXP 	Tstim_5: pos = array([ 0.27, -0.15])
13.2152 	EXP 	Tstim_5: height = 0.1
13.2152 	EXP 	Tstim_6: opacity = 0.5
13.2152 	EXP 	Tstim_6: pos = array([0.21, 0.12])
13.2152 	EXP 	Tstim_6: height = 0.1
13.2152 	EXP 	Tstim_7: opacity = 0.5
13.2152 	EXP 	Tstim_7: pos = array([-0.15,  0.03])
13.2152 	EXP 	Tstim_7: height = 0.1
13.2152 	EXP 	Tstim_8: opacity = 0.5
13.2152 	EXP 	Tstim_8: pos = array([0.  , 0.06])
13.2152 	EXP 	Tstim_8: height = 0.1
13.2152 	EXP 	Tstim_9: opacity = 0.5
13.2152 	EXP 	Tstim_9: pos = array([-0.09,  0.3 ])
13.2152 	EXP 	Tstim_9: height = 0.1
13.2152 	EXP 	Tstim_10: opacity = 0.5
13.2152 	EXP 	Tstim_10: pos = array([-0.18, -0.24])
13.2152 	EXP 	Tstim_10: height = 0.1
13.2152 	EXP 	Tstim_11: opacity = 0.5
13.2152 	EXP 	Tstim_11: pos = array([0.12, 0.15])
13.2152 	EXP 	Tstim_11: height = 0.1
13.2152 	EXP 	Tstim_12: opacity = 0.5
13.2152 	EXP 	Tstim_12: pos = array([-0.27, -0.21])
13.2152 	EXP 	Tstim_12: height = 0.1
13.2152 	EXP 	Tstim_13: opacity = 0.5
13.2152 	EXP 	Tstim_13: pos = array([0.03, 0.21])
13.2152 	EXP 	Tstim_13: height = 0.1
13.2152 	EXP 	Tstim_14: opacity = 0.5
13.2152 	EXP 	Tstim_14: pos = array([0.06, 0.  ])
13.2152 	EXP 	Tstim_14: height = 0.1
13.2152 	EXP 	Tstim_15: opacity = 0.5
13.2152 	EXP 	Tstim_15: pos = array([0.24, 0.24])
13.2152 	EXP 	Tstim_15: height = 0.1
13.2152 	EXP 	Tstim_16: opacity = 0.5
13.2152 	EXP 	Tstim_16: pos = array([-0.24,  0.09])
13.2152 	EXP 	Tstim_16: height = 0.1
13.2152 	EXP 	Tstim_17: opacity = 0.5
13.2152 	EXP 	Tstim_17: pos = array([0.3 , 0.27])
13.2152 	EXP 	Tstim_17: height = 0.1
13.2152 	EXP 	Tstim_18: opacity = 0.5
13.2152 	EXP 	Tstim_18: pos = array([-0.06, -0.3 ])
13.2152 	EXP 	Tstim_18: height = 0.1
13.2152 	EXP 	Tstim_19: opacity = 0.5
13.2152 	EXP 	Tstim_19: pos = array([0.15, 0.18])
13.2152 	EXP 	Tstim_19: height = 0.1
13.2152 	EXP 	Tstim_20: opacity = 0.5
13.2152 	EXP 	Tstim_20: pos = array([ 0.09, -0.27])
13.2152 	EXP 	Tstim_20: height = 0.1
13.2152 	EXP 	Lstim: opacity = 0.5
13.2152 	EXP 	Lstim: pos = array([-0.12, -0.18])
13.2152 	EXP 	Lstim: height = 0.1
13.2152 	EXP 	Tstim: autoDraw = True
13.2152 	EXP 	Tstim_2: autoDraw = True
13.2152 	EXP 	Tstim_3: autoDraw = True
13.2152 	EXP 	Tstim_4: autoDraw = True
13.2152 	EXP 	Tstim_5: autoDraw = True
13.2152 	EXP 	Tstim_6: autoDraw = True
13.2152 	EXP 	Tstim_7: autoDraw = True
13.2152 	EXP 	Tstim_8: autoDraw = True
13.2152 	EXP 	Tstim_9: autoDraw = True
13.2152 	EXP 	Tstim_10: autoDraw = True
13.2152 	EXP 	Tstim_11: autoDraw = True
13.2152 	EXP 	Tstim_12: autoDraw = True
13.2152 	EXP 	Tstim_13: autoDraw = True
13.2152 	EXP 	Tstim_14: autoDraw = True
13.2152 	EXP 	Tstim_15: autoDraw = True
13.2152 	EXP 	Tstim_16: autoDraw = True
13.2152 	EXP 	Tstim_17: autoDraw = True
13.2152 	EXP 	Tstim_18: autoDraw = True
13.2152 	EXP 	Tstim_19: autoDraw = True
13.2152 	EXP 	Tstim_20: autoDraw = True
13.2152 	EXP 	Lstim: autoDraw = True
13.2152 	EXP 	Tstim: text = 'T'
13.2152 	EXP 	Tstim_2: text = 'T'
13.2152 	EXP 	Tstim_3: text = 'T'
13.2152 	EXP 	Tstim_4: text = 'T'
13.2152 	EXP 	Tstim_5: text = 'T'
13.2152 	EXP 	Tstim_6: text = 'T'
13.2152 	EXP 	Tstim_7: text = 'T'
13.2152 	EXP 	Tstim_8: text = 'T'
13.2152 	EXP 	Tstim_9: text = 'T'
13.2152 	EXP 	Tstim_10: text = 'T'
13.2152 	EXP 	Tstim_11: text = 'T'
13.2152 	EXP 	Tstim_12: text = 'T'
13.2152 	EXP 	Tstim_13: text = 'T'
13.2152 	EXP 	Tstim_14: text = 'T'
13.2152 	EXP 	Tstim_15: text = 'T'
13.2152 	EXP 	Tstim_16: text = 'T'
13.2152 	EXP 	Tstim_17: text = 'T'
13.2152 	EXP 	Tstim_18: text = 'T'
13.2152 	EXP 	Tstim_19: text = 'T'
13.2152 	EXP 	Tstim_20: text = 'T'
13.2152 	EXP 	Lstim: text = 'L'
15.5787 	DATA 	Mouse: Left button down, pos=(800,393)
15.6144 	EXP 	Tstim: autoDraw = False
15.6144 	EXP 	Tstim_2: autoDraw = False
15.6144 	EXP 	Tstim_3: autoDraw = False
15.6144 	EXP 	Tstim_4: autoDraw = False
15.6144 	EXP 	Tstim_5: autoDraw = False
15.6144 	EXP 	Tstim_6: autoDraw = False
15.6144 	EXP 	Tstim_7: autoDraw = False
15.6144 	EXP 	Tstim_8: autoDraw = False
15.6144 	EXP 	Tstim_9: autoDraw = False
15.6144 	EXP 	Tstim_10: autoDraw = False
15.6144 	EXP 	Tstim_11: autoDraw = False
15.6144 	EXP 	Tstim_12: autoDraw = False
15.6144 	EXP 	Tstim_13: autoDraw = False
15.6144 	EXP 	Tstim_14: autoDraw = False
15.6144 	EXP 	Tstim_15: autoDraw = False
15.6144 	EXP 	Tstim_16: autoDraw = False
15.6144 	EXP 	Tstim_17: autoDraw = False
15.6144 	EXP 	Tstim_18: autoDraw = False
15.6144 	EXP 	Tstim_19: autoDraw = False
15.6144 	EXP 	Tstim_20: autoDraw = False
15.6144 	EXP 	Lstim: autoDraw = False
15.6144 	EXP 	text: text = 'Target found!'
15.6144 	EXP 	text: autoDraw = True
15.6827 	DATA 	Mouse:  Left button up, pos=(800,393)
16.5971 	EXP 	New trial (rep=0, index=1): OrderedDict([('targetCol', 'black'), ('distractorCol', 'black'), ('mixedOris', 1), ('setSize', 5)])
16.7273 	EXP 	text: autoDraw = False
16.7273 	EXP 	Tstim_20: color = 'black'
16.7273 	EXP 	Tstim_19: color = 'black'
16.7273 	EXP 	Tstim_18: color = 'black'
16.7273 	EXP 	Tstim_17: color = 'black'
16.7273 	EXP 	Tstim_16: color = 'black'
16.7273 	EXP 	Tstim_15: color = 'grey'
16.7273 	EXP 	Tstim_14: color = 'grey'
16.7273 	EXP 	Tstim_13: color = 'grey'
16.7273 	EXP 	Tstim_12: color = 'grey'
16.7273 	EXP 	Tstim_11: color = 'grey'
16.7273 	EXP 	Tstim_10: color = 'grey'
16.7273 	EXP 	Tstim_9: color = 'grey'
16.7273 	EXP 	Tstim_8: color = 'grey'
16.7273 	EXP 	Tstim_7: color = 'grey'
16.7273 	EXP 	Tstim_6: color = 'grey'
16.7273 	EXP 	Tstim_5: color = 'grey'
16.7273 	EXP 	Tstim_4: color = 'grey'
16.7273 	EXP 	Tstim_3: color = 'grey'
16.7273 	EXP 	Tstim_2: color = 'grey'
16.7273 	EXP 	Tstim: color = 'grey'
16.7273 	EXP 	Lstim: color = 'black'
16.7273 	EXP 	Lstim: ori = 177.0
16.7273 	EXP 	Tstim: ori = 338.0
16.7273 	EXP 	Tstim_2: ori = 232.0
16.7273 	EXP 	Tstim_3: ori = 306.0
16.7273 	EXP 	Tstim_4: ori = 176.0
16.7273 	EXP 	Tstim_5: ori = 323.0
16.7273 	EXP 	Tstim_6: ori = 82.0
16.7273 	EXP 	Tstim_7: ori = 110.0
16.7273 	EXP 	Tstim_8: ori = 160.0
16.7273 	EXP 	Tstim_9: ori = 293.0
16.7273 	EXP 	Tstim_10: ori = 285.0
16.7273 	EXP 	Tstim_11: ori = 352.0
16.7273 	EXP 	Tstim_12: ori = 294.0
16.7273 	EXP 	Tstim_13: ori = 117.0
16.7273 	EXP 	Tstim_14: ori = 121.0
16.7273 	EXP 	Tstim_15: ori = 18.0
16.7273 	EXP 	Tstim_16: ori = 35.0
16.7273 	EXP 	Tstim_17: ori = 15.0
16.7273 	EXP 	Tstim_18: ori = 167.0
16.7273 	EXP 	Tstim_19: ori = 132.0
16.7273 	EXP 	Tstim_20: ori = 75.0
16.7273 	EXP 	Tstim: opacity = 0.5
16.7273 	EXP 	Tstim: pos = array([-0.12, -0.15])
16.7273 	EXP 	Tstim: height = 0.1
16.7273 	EXP 	Tstim_2: opacity = 0.5
16.7273 	EXP 	Tstim_2: height = 0.1
16.7273 	EXP 	Tstim_3: opacity = 0.5
16.7273 	EXP 	Tstim_3: pos = array([ 0.12, -0.3 ])
16.7273 	EXP 	Tstim_3: height = 0.1
16.7273 	EXP 	Tstim_4: opacity = 0.5
16.7273 	EXP 	Tstim_4: pos = array([0.21, 0.03])
16.7273 	EXP 	Tstim_4: height = 0.1
16.7273 	EXP 	Tstim_5: opacity = 0.5
16.7273 	EXP 	Tstim_5: pos = array([0.09, 0.09])
16.7273 	EXP 	Tstim_5: height = 0.1
16.7273 	EXP 	Tstim_6: opacity = 0.5
16.7273 	EXP 	Tstim_6: pos = array([0.15, 0.21])
16.7273 	EXP 	Tstim_6: height = 0.1
16.7273 	EXP 	Tstim_7: opacity = 0.5
16.7273 	EXP 	Tstim_7: pos = array([-0.18, -0.21])
16.7273 	EXP 	Tstim_7: height = 0.1
16.7273 	EXP 	Tstim_8: opacity = 0.5
16.7273 	EXP 	Tstim_8: pos = array([-0.03, -0.12])
16.7273 	EXP 	Tstim_8: height = 0.1
16.7273 	EXP 	Tstim_9: opacity = 0.5
16.7273 	EXP 	Tstim_9: pos = array([-0.24,  0.  ])
16.7273 	EXP 	Tstim_9: height = 0.1
16.7273 	EXP 	Tstim_10: opacity = 0.5
16.7273 	EXP 	Tstim_10: pos = array([0.06, 0.3 ])
16.7273 	EXP 	Tstim_10: height = 0.1
16.7273 	EXP 	Tstim_11: opacity = 0.5
16.7273 	EXP 	Tstim_11: pos = array([ 0.3 , -0.24])
16.7273 	EXP 	Tstim_11: height = 0.1
16.7273 	EXP 	Tstim_12: opacity = 0.5
16.7273 	EXP 	Tstim_12: pos = array([ 0.18, -0.27])
16.7273 	EXP 	Tstim_12: height = 0.1
16.7273 	EXP 	Tstim_13: opacity = 0.5
16.7273 	EXP 	Tstim_13: pos = array([ 0.03, -0.09])
16.7273 	EXP 	Tstim_13: height = 0.1
16.7273 	EXP 	Tstim_14: opacity = 0.5
16.7273 	EXP 	Tstim_14: pos = array([-0.15,  0.06])
16.7273 	EXP 	Tstim_14: height = 0.1
16.7273 	EXP 	Tstim_15: opacity = 0.5
16.7273 	EXP 	Tstim_15: pos = array([-0.06, -0.03])
16.7273 	EXP 	Tstim_15: height = 0.1
16.7273 	EXP 	Tstim_16: opacity = 0.5
16.7273 	EXP 	Tstim_16: pos = array([0.24, 0.15])
16.7273 	EXP 	Tstim_16: height = 0.1
16.7273 	EXP 	Tstim_17: opacity = 0.5
16.7273 	EXP 	Tstim_17: pos = array([-0.27, -0.06])
16.7273 	EXP 	Tstim_17: height = 0.1
16.7273 	EXP 	Tstim_18: opacity = 0.5
16.7273 	EXP 	Tstim_18: pos = array([0.27, 0.27])
16.7273 	EXP 	Tstim_18: height = 0.1
16.7273 	EXP 	Tstim_19: opacity = 0.5
16.7273 	EXP 	Tstim_19: pos = array([-0.21,  0.24])
16.7273 	EXP 	Tstim_19: height = 0.1
16.7273 	EXP 	Tstim_20: opacity = 0.5
16.7273 	EXP 	Tstim_20: pos = array([-0.09,  0.18])
16.7273 	EXP 	Tstim_20: height = 0.1
16.7273 	EXP 	Lstim: opacity = 0.5
16.7273 	EXP 	Lstim: pos = array([ 0.  , -0.18])
16.7273 	EXP 	Lstim: height = 0.1
16.7273 	EXP 	Tstim: autoDraw = True
16.7273 	EXP 	Tstim_2: autoDraw = True
16.7273 	EXP 	Tstim_3: autoDraw = True
16.7273 	EXP 	Tstim_4: autoDraw = True
16.7273 	EXP 	Tstim_5: autoDraw = True
16.7273 	EXP 	Tstim_6: autoDraw = True
16.7273 	EXP 	Tstim_7: autoDraw = True
16.7273 	EXP 	Tstim_8: autoDraw = True
16.7273 	EXP 	Tstim_9: autoDraw = True
16.7273 	EXP 	Tstim_10: autoDraw = True
16.7273 	EXP 	Tstim_11: autoDraw = True
16.7273 	EXP 	Tstim_12: autoDraw = True
16.7273 	EXP 	Tstim_13: autoDraw = True
16.7273 	EXP 	Tstim_14: autoDraw = True
16.7273 	EXP 	Tstim_15: autoDraw = True
16.7273 	EXP 	Tstim_16: autoDraw = True
16.7273 	EXP 	Tstim_17: autoDraw = True
16.7273 	EXP 	Tstim_18: autoDraw = True
16.7273 	EXP 	Tstim_19: autoDraw = True
16.7273 	EXP 	Tstim_20: autoDraw = True
16.7273 	EXP 	Lstim: autoDraw = True
16.7273 	EXP 	Tstim: text = 'T'
16.7273 	EXP 	Tstim_2: text = 'T'
16.7273 	EXP 	Tstim_3: text = 'T'
16.7273 	EXP 	Tstim_4: text = 'T'
16.7273 	EXP 	Tstim_5: text = 'T'
16.7273 	EXP 	Tstim_6: text = 'T'
16.7273 	EXP 	Tstim_7: text = 'T'
16.7273 	EXP 	Tstim_8: text = 'T'
16.7273 	EXP 	Tstim_9: text = 'T'
16.7273 	EXP 	Tstim_10: text = 'T'
16.7273 	EXP 	Tstim_11: text = 'T'
16.7273 	EXP 	Tstim_12: text = 'T'
16.7273 	EXP 	Tstim_13: text = 'T'
16.7273 	EXP 	Tstim_14: text = 'T'
16.7273 	EXP 	Tstim_15: text = 'T'
16.7273 	EXP 	Tstim_16: text = 'T'
16.7273 	EXP 	Tstim_17: text = 'T'
16.7273 	EXP 	Tstim_18: text = 'T'
16.7273 	EXP 	Tstim_19: text = 'T'
16.7273 	EXP 	Tstim_20: text = 'T'
16.7273 	EXP 	Lstim: text = 'L'
18.1986 	DATA 	Mouse: Left button down, pos=(965,431)
18.2141 	EXP 	Tstim: autoDraw = False
18.2141 	EXP 	Tstim_2: autoDraw = False
18.2141 	EXP 	Tstim_3: autoDraw = False
18.2141 	EXP 	Tstim_4: autoDraw = False
18.2141 	EXP 	Tstim_5: autoDraw = False
18.2141 	EXP 	Tstim_6: autoDraw = False
18.2141 	EXP 	Tstim_7: autoDraw = False
18.2141 	EXP 	Tstim_8: autoDraw = False
18.2141 	EXP 	Tstim_9: autoDraw = False
18.2141 	EXP 	Tstim_10: autoDraw = False
18.2141 	EXP 	Tstim_11: autoDraw = False
18.2141 	EXP 	Tstim_12: autoDraw = False
18.2141 	EXP 	Tstim_13: autoDraw = False
18.2141 	EXP 	Tstim_14: autoDraw = False
18.2141 	EXP 	Tstim_15: autoDraw = False
18.2141 	EXP 	Tstim_16: autoDraw = False
18.2141 	EXP 	Tstim_17: autoDraw = False
18.2141 	EXP 	Tstim_18: autoDraw = False
18.2141 	EXP 	Tstim_19: autoDraw = False
18.2141 	EXP 	Tstim_20: autoDraw = False
18.2141 	EXP 	Lstim: autoDraw = False
18.2141 	EXP 	text: text = 'Target found!'
18.2141 	EXP 	text: autoDraw = True
18.2694 	DATA 	Mouse:  Left button up, pos=(965,431)
19.2006 	EXP 	New trial (rep=0, index=2): OrderedDict([('targetCol', 'black'), ('distractorCol', 'black'), ('mixedOris', 0), ('setSize', 20)])
19.3185 	EXP 	text: autoDraw = False
19.3185 	EXP 	text: autoDraw = False
19.3185 	EXP 	Tstim_20: color = 'black'
19.3185 	EXP 	Tstim_19: color = 'black'
19.3185 	EXP 	Tstim_18: color = 'black'
19.3185 	EXP 	Tstim_17: color = 'black'
19.3185 	EXP 	Tstim_16: color = 'black'
19.3185 	EXP 	Tstim_15: color = 'black'
19.3185 	EXP 	Tstim_14: color = 'black'
19.3185 	EXP 	Tstim_13: color = 'black'
19.3185 	EXP 	Tstim_12: color = 'black'
19.3185 	EXP 	Tstim_11: color = 'black'
19.3185 	EXP 	Tstim_10: color = 'black'
19.3185 	EXP 	Tstim_9: color = 'black'
19.3185 	EXP 	Tstim_8: color = 'black'
19.3185 	EXP 	Tstim_7: color = 'black'
19.3185 	EXP 	Tstim_6: color = 'black'
19.3185 	EXP 	Tstim_5: color = 'black'
19.3185 	EXP 	Tstim_4: color = 'black'
19.3185 	EXP 	Tstim_3: color = 'black'
19.3185 	EXP 	Tstim_2: color = 'black'
19.3185 	EXP 	Tstim: color = 'black'
19.3185 	EXP 	Lstim: color = 'black'
19.3185 	EXP 	Lstim: ori = 0.0
19.3185 	EXP 	Tstim: ori = 0.0
19.3185 	EXP 	Tstim_2: ori = 0.0
19.3185 	EXP 	Tstim_3: ori = 0.0
19.3185 	EXP 	Tstim_4: ori = 0.0
19.3185 	EXP 	Tstim_5: ori = 0.0
19.3185 	EXP 	Tstim_6: ori = 0.0
19.3185 	EXP 	Tstim_7: ori = 0.0
19.3185 	EXP 	Tstim_8: ori = 0.0
19.3185 	EXP 	Tstim_9: ori = 0.0
19.3185 	EXP 	Tstim_10: ori = 0.0
19.3185 	EXP 	Tstim_11: ori = 0.0
19.3185 	EXP 	Tstim_12: ori = 0.0
19.3185 	EXP 	Tstim_13: ori = 0.0
19.3185 	EXP 	Tstim_14: ori = 0.0
19.3185 	EXP 	Tstim_15: ori = 0.0
19.3185 	EXP 	Tstim_16: ori = 0.0
19.3185 	EXP 	Tstim_17: ori = 0.0
19.3185 	EXP 	Tstim_18: ori = 0.0
19.3185 	EXP 	Tstim_19: ori = 0.0
19.3185 	EXP 	Tstim_20: ori = 0.0
19.3185 	EXP 	Tstim: opacity = 0.5
19.3185 	EXP 	Tstim: pos = array([-0.27,  0.21])
19.3185 	EXP 	Tstim: height = 0.1
19.3185 	EXP 	Tstim_2: opacity = 0.5
19.3185 	EXP 	Tstim_2: height = 0.1
19.3185 	EXP 	Tstim_3: opacity = 0.5
19.3185 	EXP 	Tstim_3: pos = array([-0.06, -0.15])
19.3185 	EXP 	Tstim_3: height = 0.1
19.3185 	EXP 	Tstim_4: opacity = 0.5
19.3185 	EXP 	Tstim_4: pos = array([0.12, 0.12])
19.3185 	EXP 	Tstim_4: height = 0.1
19.3185 	EXP 	Tstim_5: opacity = 0.5
19.3185 	EXP 	Tstim_5: pos = array([-0.21, -0.06])
19.3185 	EXP 	Tstim_5: height = 0.1
19.3185 	EXP 	Tstim_6: opacity = 0.5
19.3185 	EXP 	Tstim_6: pos = array([0.09, 0.18])
19.3185 	EXP 	Tstim_6: height = 0.1
19.3185 	EXP 	Tstim_7: opacity = 0.5
19.3185 	EXP 	Tstim_7: pos = array([-0.09, -0.24])
19.3185 	EXP 	Tstim_7: height = 0.1
19.3185 	EXP 	Tstim_8: opacity = 0.5
19.3185 	EXP 	Tstim_8: pos = array([ 0.03, -0.27])
19.3185 	EXP 	Tstim_8: height = 0.1
19.3185 	EXP 	Tstim_9: opacity = 0.5
19.3185 	EXP 	Tstim_9: pos = array([-0.24, -0.18])
19.3185 	EXP 	Tstim_9: height = 0.1
19.3185 	EXP 	Tstim_10: opacity = 0.5
19.3185 	EXP 	Tstim_10: pos = array([0.24, 0.03])
19.3185 	EXP 	Tstim_10: height = 0.1
19.3185 	EXP 	Tstim_11: opacity = 0.5
19.3185 	EXP 	Tstim_11: pos = array([ 0.  , -0.03])
19.3185 	EXP 	Tstim_11: height = 0.1
19.3185 	EXP 	Tstim_12: opacity = 0.5
19.3185 	EXP 	Tstim_12: pos = array([0.18, 0.  ])
19.3185 	EXP 	Tstim_12: height = 0.1
19.3185 	EXP 	Tstim_13: opacity = 0.5
19.3185 	EXP 	Tstim_13: pos = array([0.27, 0.3 ])
19.3185 	EXP 	Tstim_13: height = 0.1
19.3185 	EXP 	Tstim_14: opacity = 0.5
19.3185 	EXP 	Tstim_14: pos = array([0.3 , 0.27])
19.3185 	EXP 	Tstim_14: height = 0.1
19.3185 	EXP 	Tstim_15: opacity = 0.5
19.3185 	EXP 	Tstim_15: pos = array([0.21, 0.09])
19.3185 	EXP 	Tstim_15: height = 0.1
19.3185 	EXP 	Tstim_16: opacity = 0.5
19.3185 	EXP 	Tstim_16: pos = array([-0.15, -0.21])
19.3185 	EXP 	Tstim_16: height = 0.1
19.3185 	EXP 	Tstim_17: opacity = 0.5
19.3185 	EXP 	Tstim_17: pos = array([-0.03, -0.09])
19.3185 	EXP 	Tstim_17: height = 0.1
19.3185 	EXP 	Tstim_18: opacity = 0.5
19.3185 	EXP 	Tstim_18: pos = array([-0.18,  0.06])
19.3185 	EXP 	Tstim_18: height = 0.1
19.3185 	EXP 	Tstim_19: opacity = 0.5
19.3185 	EXP 	Tstim_19: pos = array([-0.3 , -0.12])
19.3185 	EXP 	Tstim_19: height = 0.1
19.3185 	EXP 	Tstim_20: opacity = 0.5
19.3185 	EXP 	Tstim_20: pos = array([-0.12, -0.3 ])
19.3185 	EXP 	Tstim_20: height = 0.1
19.3185 	EXP 	Lstim: opacity = 0.5
19.3185 	EXP 	Lstim: pos = array([0.06, 0.24])
19.3185 	EXP 	Lstim: height = 0.1
19.3185 	EXP 	Tstim: autoDraw = True
19.3185 	EXP 	Tstim_2: autoDraw = True
19.3185 	EXP 	Tstim_3: autoDraw = True
19.3185 	EXP 	Tstim_4: autoDraw = True
19.3185 	EXP 	Tstim_5: autoDraw = True
19.3185 	EXP 	Tstim_6: autoDraw = True
19.3185 	EXP 	Tstim_7: autoDraw = True
19.3185 	EXP 	Tstim_8: autoDraw = True
19.3185 	EXP 	Tstim_9: autoDraw = True
19.3185 	EXP 	Tstim_10: autoDraw = True
19.3185 	EXP 	Tstim_11: autoDraw = True
19.3185 	EXP 	Tstim_12: autoDraw = True
19.3185 	EXP 	Tstim_13: autoDraw = True
19.3185 	EXP 	Tstim_14: autoDraw = True
19.3185 	EXP 	Tstim_15: autoDraw = True
19.3185 	EXP 	Tstim_16: autoDraw = True
19.3185 	EXP 	Tstim_17: autoDraw = True
19.3185 	EXP 	Tstim_18: autoDraw = True
19.3185 	EXP 	Tstim_19: autoDraw = True
19.3185 	EXP 	Tstim_20: autoDraw = True
19.3185 	EXP 	Lstim: autoDraw = True
19.3185 	EXP 	Tstim: text = 'T'
19.3185 	EXP 	Tstim_2: text = 'T'
19.3185 	EXP 	Tstim_3: text = 'T'
19.3185 	EXP 	Tstim_4: text = 'T'
19.3185 	EXP 	Tstim_5: text = 'T'
19.3185 	EXP 	Tstim_6: text = 'T'
19.3185 	EXP 	Tstim_7: text = 'T'
19.3185 	EXP 	Tstim_8: text = 'T'
19.3185 	EXP 	Tstim_9: text = 'T'
19.3185 	EXP 	Tstim_10: text = 'T'
19.3185 	EXP 	Tstim_11: text = 'T'
19.3185 	EXP 	Tstim_12: text = 'T'
19.3185 	EXP 	Tstim_13: text = 'T'
19.3185 	EXP 	Tstim_14: text = 'T'
19.3185 	EXP 	Tstim_15: text = 'T'
19.3185 	EXP 	Tstim_16: text = 'T'
19.3185 	EXP 	Tstim_17: text = 'T'
19.3185 	EXP 	Tstim_18: text = 'T'
19.3185 	EXP 	Tstim_19: text = 'T'
19.3185 	EXP 	Tstim_20: text = 'T'
19.3185 	EXP 	Lstim: text = 'L'
20.7502 	DATA 	Mouse: Left button down, pos=(1011,855)
20.7683 	EXP 	Tstim: autoDraw = False
20.7683 	EXP 	Tstim_2: autoDraw = False
20.7683 	EXP 	Tstim_3: autoDraw = False
20.7683 	EXP 	Tstim_4: autoDraw = False
20.7683 	EXP 	Tstim_5: autoDraw = False
20.7683 	EXP 	Tstim_6: autoDraw = False
20.7683 	EXP 	Tstim_7: autoDraw = False
20.7683 	EXP 	Tstim_8: autoDraw = False
20.7683 	EXP 	Tstim_9: autoDraw = False
20.7683 	EXP 	Tstim_10: autoDraw = False
20.7683 	EXP 	Tstim_11: autoDraw = False
20.7683 	EXP 	Tstim_12: autoDraw = False
20.7683 	EXP 	Tstim_13: autoDraw = False
20.7683 	EXP 	Tstim_14: autoDraw = False
20.7683 	EXP 	Tstim_15: autoDraw = False
20.7683 	EXP 	Tstim_16: autoDraw = False
20.7683 	EXP 	Tstim_17: autoDraw = False
20.7683 	EXP 	Tstim_18: autoDraw = False
20.7683 	EXP 	Tstim_19: autoDraw = False
20.7683 	EXP 	Tstim_20: autoDraw = False
20.7683 	EXP 	Lstim: autoDraw = False
20.7683 	EXP 	text: text = 'Target found!'
20.7683 	EXP 	text: autoDraw = True
20.8532 	DATA 	Mouse:  Left button up, pos=(1011,855)
21.7678 	EXP 	New trial (rep=0, index=3): OrderedDict([('targetCol', 'black'), ('distractorCol', 'black'), ('mixedOris', 1), ('setSize', 5)])
21.8935 	EXP 	text: autoDraw = False
21.8935 	EXP 	Tstim_20: color = 'black'
21.8935 	EXP 	Tstim_19: color = 'black'
21.8935 	EXP 	Tstim_18: color = 'black'
21.8935 	EXP 	Tstim_17: color = 'black'
21.8935 	EXP 	Tstim_16: color = 'black'
21.8935 	EXP 	Tstim_15: color = 'grey'
21.8935 	EXP 	Tstim_14: color = 'grey'
21.8935 	EXP 	Tstim_13: color = 'grey'
21.8935 	EXP 	Tstim_12: color = 'grey'
21.8935 	EXP 	Tstim_11: color = 'grey'
21.8935 	EXP 	Tstim_10: color = 'grey'
21.8935 	EXP 	Tstim_9: color = 'grey'
21.8935 	EXP 	Tstim_8: color = 'grey'
21.8935 	EXP 	Tstim_7: color = 'grey'
21.8935 	EXP 	Tstim_6: color = 'grey'
21.8935 	EXP 	Tstim_5: color = 'grey'
21.8935 	EXP 	Tstim_4: color = 'grey'
21.8935 	EXP 	Tstim_3: color = 'grey'
21.8935 	EXP 	Tstim_2: color = 'grey'
21.8935 	EXP 	Tstim: color = 'grey'
21.8935 	EXP 	Lstim: color = 'black'
21.8935 	EXP 	Lstim: ori = 36.0
21.8935 	EXP 	Tstim: ori = 108.0
21.8935 	EXP 	Tstim_2: ori = 183.0
21.8935 	EXP 	Tstim_3: ori = 207.0
21.8935 	EXP 	Tstim_4: ori = 37.0
21.8935 	EXP 	Tstim_5: ori = 171.0
21.8935 	EXP 	Tstim_6: ori = 192.0
21.8935 	EXP 	Tstim_7: ori = 96.0
21.8935 	EXP 	Tstim_8: ori = 136.0
21.8935 	EXP 	Tstim_9: ori = 171.0
21.8935 	EXP 	Tstim_10: ori = 176.0
21.8935 	EXP 	Tstim_11: ori = 172.0
21.8935 	EXP 	Tstim_12: ori = 11.0
21.8935 	EXP 	Tstim_13: ori = 296.0
21.8935 	EXP 	Tstim_14: ori = 134.0
21.8935 	EXP 	Tstim_15: ori = 257.0
21.8935 	EXP 	Tstim_16: ori = 149.0
21.8935 	EXP 	Tstim_17: ori = 4.0
21.8935 	EXP 	Tstim_18: ori = 143.0
21.8935 	EXP 	Tstim_19: ori = 171.0
21.8935 	EXP 	Tstim_20: ori = 239.0
21.8935 	EXP 	Tstim: opacity = 0.5
21.8935 	EXP 	Tstim: pos = array([ 0.18, -0.09])
21.8935 	EXP 	Tstim: height = 0.1
21.8935 	EXP 	Tstim_2: opacity = 0.5
21.8935 	EXP 	Tstim_2: height = 0.1
21.8935 	EXP 	Tstim_3: opacity = 0.5
21.8935 	EXP 	Tstim_3: pos = array([ 0.12, -0.18])
21.8935 	EXP 	Tstim_3: height = 0.1
21.8935 	EXP 	Tstim_4: opacity = 0.5
21.8935 	EXP 	Tstim_4: pos = array([0.06, 0.09])
21.8935 	EXP 	Tstim_4: height = 0.1
21.8935 	EXP 	Tstim_5: opacity = 0.5
21.8935 	EXP 	Tstim_5: pos = array([0. , 0.3])
21.8935 	EXP 	Tstim_5: height = 0.1
21.8935 	EXP 	Tstim_6: opacity = 0.5
21.8935 	EXP 	Tstim_6: pos = array([-0.15, -0.15])
21.8935 	EXP 	Tstim_6: height = 0.1
21.8935 	EXP 	Tstim_7: opacity = 0.5
21.8935 	EXP 	Tstim_7: pos = array([-0.21,  0.06])
21.8935 	EXP 	Tstim_7: height = 0.1
21.8935 	EXP 	Tstim_8: opacity = 0.5
21.8935 	EXP 	Tstim_8: pos = array([ 0.15, -0.3 ])
21.8935 	EXP 	Tstim_8: height = 0.1
21.8935 	EXP 	Tstim_9: opacity = 0.5
21.8935 	EXP 	Tstim_9: pos = array([ 0.3 , -0.21])
21.8935 	EXP 	Tstim_9: height = 0.1
21.8935 	EXP 	Tstim_10: opacity = 0.5
21.8935 	EXP 	Tstim_10: pos = array([-0.27, -0.03])
21.8935 	EXP 	Tstim_10: height = 0.1
21.8935 	EXP 	Tstim_11: opacity = 0.5
21.8935 	EXP 	Tstim_11: pos = array([-0.03,  0.21])
21.8935 	EXP 	Tstim_11: height = 0.1
21.8935 	EXP 	Tstim_12: opacity = 0.5
21.8935 	EXP 	Tstim_12: pos = array([-0.12,  0.24])
21.8935 	EXP 	Tstim_12: height = 0.1
21.8935 	EXP 	Tstim_13: opacity = 0.5
21.8935 	EXP 	Tstim_13: pos = array([0.27, 0.27])
21.8935 	EXP 	Tstim_13: height = 0.1
21.8935 	EXP 	Tstim_14: opacity = 0.5
21.8935 	EXP 	Tstim_14: pos = array([0.21, 0.  ])
21.8935 	EXP 	Tstim_14: height = 0.1
21.8935 	EXP 	Tstim_15: opacity = 0.5
21.8935 	EXP 	Tstim_15: pos = array([-0.3 , -0.24])
21.8935 	EXP 	Tstim_15: height = 0.1
21.8935 	EXP 	Tstim_16: opacity = 0.5
21.8935 	EXP 	Tstim_16: pos = array([0.09, 0.15])
21.8935 	EXP 	Tstim_16: height = 0.1
21.8935 	EXP 	Tstim_17: opacity = 0.5
21.8935 	EXP 	Tstim_17: pos = array([ 0.03, -0.27])
21.8935 	EXP 	Tstim_17: height = 0.1
21.8935 	EXP 	Tstim_18: opacity = 0.5
21.8935 	EXP 	Tstim_18: pos = array([-0.09,  0.18])
21.8935 	EXP 	Tstim_18: height = 0.1
21.8935 	EXP 	Tstim_19: opacity = 0.5
21.8935 	EXP 	Tstim_19: pos = array([0.24, 0.12])
21.8935 	EXP 	Tstim_19: height = 0.1
21.8935 	EXP 	Tstim_20: opacity = 0.5
21.8935 	EXP 	Tstim_20: pos = array([-0.06, -0.12])
21.8935 	EXP 	Tstim_20: height = 0.1
21.8935 	EXP 	Lstim: opacity = 0.5
21.8935 	EXP 	Lstim: pos = array([-0.18,  0.03])
21.8935 	EXP 	Lstim: height = 0.1
21.8935 	EXP 	Tstim: autoDraw = True
21.8935 	EXP 	Tstim_2: autoDraw = True
21.8935 	EXP 	Tstim_3: autoDraw = True
21.8935 	EXP 	Tstim_4: autoDraw = True
21.8935 	EXP 	Tstim_5: autoDraw = True
21.8935 	EXP 	Tstim_6: autoDraw = True
21.8935 	EXP 	Tstim_7: autoDraw = True
21.8935 	EXP 	Tstim_8: autoDraw = True
21.8935 	EXP 	Tstim_9: autoDraw = True
21.8935 	EXP 	Tstim_10: autoDraw = True
21.8935 	EXP 	Tstim_11: autoDraw = True
21.8935 	EXP 	Tstim_12: autoDraw = True
21.8935 	EXP 	Tstim_13: autoDraw = True
21.8935 	EXP 	Tstim_14: autoDraw = True
21.8935 	EXP 	Tstim_15: autoDraw = True
21.8935 	EXP 	Tstim_16: autoDraw = True
21.8935 	EXP 	Tstim_17: autoDraw = True
21.8935 	EXP 	Tstim_18: autoDraw = True
21.8935 	EXP 	Tstim_19: autoDraw = True
21.8935 	EXP 	Tstim_20: autoDraw = True
21.8935 	EXP 	Lstim: autoDraw = True
21.8935 	EXP 	Tstim: text = 'T'
21.8935 	EXP 	Tstim_2: text = 'T'
21.8935 	EXP 	Tstim_3: text = 'T'
21.8935 	EXP 	Tstim_4: text = 'T'
21.8935 	EXP 	Tstim_5: text = 'T'
21.8935 	EXP 	Tstim_6: text = 'T'
21.8935 	EXP 	Tstim_7: text = 'T'
21.8935 	EXP 	Tstim_8: text = 'T'
21.8935 	EXP 	Tstim_9: text = 'T'
21.8935 	EXP 	Tstim_10: text = 'T'
21.8935 	EXP 	Tstim_11: text = 'T'
21.8935 	EXP 	Tstim_12: text = 'T'
21.8935 	EXP 	Tstim_13: text = 'T'
21.8935 	EXP 	Tstim_14: text = 'T'
21.8935 	EXP 	Tstim_15: text = 'T'
21.8935 	EXP 	Tstim_16: text = 'T'
21.8935 	EXP 	Tstim_17: text = 'T'
21.8935 	EXP 	Tstim_18: text = 'T'
21.8935 	EXP 	Tstim_19: text = 'T'
21.8935 	EXP 	Tstim_20: text = 'T'
21.8935 	EXP 	Lstim: text = 'L'
23.2800 	DATA 	Mouse: Left button down, pos=(737,595)
23.3017 	EXP 	Tstim: autoDraw = False
23.3017 	EXP 	Tstim_2: autoDraw = False
23.3017 	EXP 	Tstim_3: autoDraw = False
23.3017 	EXP 	Tstim_4: autoDraw = False
23.3017 	EXP 	Tstim_5: autoDraw = False
23.3017 	EXP 	Tstim_6: autoDraw = False
23.3017 	EXP 	Tstim_7: autoDraw = False
23.3017 	EXP 	Tstim_8: autoDraw = False
23.3017 	EXP 	Tstim_9: autoDraw = False
23.3017 	EXP 	Tstim_10: autoDraw = False
23.3017 	EXP 	Tstim_11: autoDraw = False
23.3017 	EXP 	Tstim_12: autoDraw = False
23.3017 	EXP 	Tstim_13: autoDraw = False
23.3017 	EXP 	Tstim_14: autoDraw = False
23.3017 	EXP 	Tstim_15: autoDraw = False
23.3017 	EXP 	Tstim_16: autoDraw = False
23.3017 	EXP 	Tstim_17: autoDraw = False
23.3017 	EXP 	Tstim_18: autoDraw = False
23.3017 	EXP 	Tstim_19: autoDraw = False
23.3017 	EXP 	Tstim_20: autoDraw = False
23.3017 	EXP 	Lstim: autoDraw = False
23.3017 	EXP 	text: text = 'Target found!'
23.3017 	EXP 	text: autoDraw = True
23.4049 	DATA 	Mouse:  Left button up, pos=(737,595)
24.2887 	EXP 	New trial (rep=0, index=4): OrderedDict([('targetCol', 'black'), ('distractorCol', 'black'), ('mixedOris', 1), ('setSize', 20)])
24.4280 	EXP 	text: autoDraw = False
24.4280 	EXP 	text: autoDraw = False
24.4280 	EXP 	Tstim_20: color = 'black'
24.4280 	EXP 	Tstim_19: color = 'black'
24.4280 	EXP 	Tstim_18: color = 'black'
24.4280 	EXP 	Tstim_17: color = 'black'
24.4280 	EXP 	Tstim_16: color = 'black'
24.4280 	EXP 	Tstim_15: color = 'black'
24.4280 	EXP 	Tstim_14: color = 'black'
24.4280 	EXP 	Tstim_13: color = 'black'
24.4280 	EXP 	Tstim_12: color = 'black'
24.4280 	EXP 	Tstim_11: color = 'black'
24.4280 	EXP 	Tstim_10: color = 'black'
24.4280 	EXP 	Tstim_9: color = 'black'
24.4280 	EXP 	Tstim_8: color = 'black'
24.4280 	EXP 	Tstim_7: color = 'black'
24.4280 	EXP 	Tstim_6: color = 'black'
24.4280 	EXP 	Tstim_5: color = 'black'
24.4280 	EXP 	Tstim_4: color = 'black'
24.4280 	EXP 	Tstim_3: color = 'black'
24.4280 	EXP 	Tstim_2: color = 'black'
24.4280 	EXP 	Tstim: color = 'black'
24.4280 	EXP 	Lstim: color = 'black'
24.4280 	EXP 	Lstim: ori = 175.0
24.4280 	EXP 	Tstim: ori = 189.0
24.4280 	EXP 	Tstim_2: ori = 285.0
24.4280 	EXP 	Tstim_3: ori = 150.0
24.4280 	EXP 	Tstim_4: ori = 209.0
24.4280 	EXP 	Tstim_5: ori = 135.0
24.4280 	EXP 	Tstim_6: ori = 293.0
24.4280 	EXP 	Tstim_7: ori = 85.0
24.4280 	EXP 	Tstim_8: ori = 256.0
24.4280 	EXP 	Tstim_9: ori = 32.0
24.4280 	EXP 	Tstim_10: ori = 102.0
24.4280 	EXP 	Tstim_11: ori = 166.0
24.4280 	EXP 	Tstim_12: ori = 50.0
24.4280 	EXP 	Tstim_13: ori = 16.0
24.4280 	EXP 	Tstim_14: ori = 341.0
24.4280 	EXP 	Tstim_15: ori = 186.0
24.4280 	EXP 	Tstim_16: ori = 28.0
24.4280 	EXP 	Tstim_17: ori = 310.0
24.4280 	EXP 	Tstim_18: ori = 258.0
24.4280 	EXP 	Tstim_19: ori = 167.0
24.4280 	EXP 	Tstim_20: ori = 219.0
24.4280 	EXP 	Tstim: opacity = 0.5
24.4280 	EXP 	Tstim: pos = array([-0.3 ,  0.03])
24.4280 	EXP 	Tstim: height = 0.1
24.4280 	EXP 	Tstim_2: opacity = 0.5
24.4280 	EXP 	Tstim_2: height = 0.1
24.4280 	EXP 	Tstim_3: opacity = 0.5
24.4280 	EXP 	Tstim_3: pos = array([-0.21, -0.06])
24.4280 	EXP 	Tstim_3: height = 0.1
24.4280 	EXP 	Tstim_4: opacity = 0.5
24.4280 	EXP 	Tstim_4: pos = array([ 0.18, -0.21])
24.4280 	EXP 	Tstim_4: height = 0.1
24.4280 	EXP 	Tstim_5: opacity = 0.5
24.4280 	EXP 	Tstim_5: pos = array([ 0.21, -0.27])
24.4280 	EXP 	Tstim_5: height = 0.1
24.4280 	EXP 	Tstim_6: opacity = 0.5
24.4280 	EXP 	Tstim_6: pos = array([ 0.12, -0.12])
24.4280 	EXP 	Tstim_6: height = 0.1
24.4280 	EXP 	Tstim_7: opacity = 0.5
24.4280 	EXP 	Tstim_7: pos = array([0.09, 0.18])
24.4280 	EXP 	Tstim_7: height = 0.1
24.4280 	EXP 	Tstim_8: opacity = 0.5
24.4280 	EXP 	Tstim_8: pos = array([0.15, 0.06])
24.4280 	EXP 	Tstim_8: height = 0.1
24.4280 	EXP 	Tstim_9: opacity = 0.5
24.4280 	EXP 	Tstim_9: pos = array([-0.03,  0.21])
24.4280 	EXP 	Tstim_9: height = 0.1
24.4280 	EXP 	Tstim_10: opacity = 0.5
24.4280 	EXP 	Tstim_10: pos = array([-0.12,  0.12])
24.4280 	EXP 	Tstim_10: height = 0.1
24.4280 	EXP 	Tstim_11: opacity = 0.5
24.4280 	EXP 	Tstim_11: pos = array([-0.18,  0.  ])
24.4280 	EXP 	Tstim_11: height = 0.1
24.4280 	EXP 	Tstim_12: opacity = 0.5
24.4280 	EXP 	Tstim_12: pos = array([0.06, 0.09])
24.4280 	EXP 	Tstim_12: height = 0.1
24.4280 	EXP 	Tstim_13: opacity = 0.5
24.4280 	EXP 	Tstim_13: pos = array([-0.24, -0.09])
24.4280 	EXP 	Tstim_13: height = 0.1
24.4280 	EXP 	Tstim_14: opacity = 0.5
24.4280 	EXP 	Tstim_14: pos = array([ 0.27, -0.15])
24.4280 	EXP 	Tstim_14: height = 0.1
24.4280 	EXP 	Tstim_15: opacity = 0.5
24.4280 	EXP 	Tstim_15: pos = array([ 0.  , -0.18])
24.4280 	EXP 	Tstim_15: height = 0.1
24.4280 	EXP 	Tstim_16: opacity = 0.5
24.4280 	EXP 	Tstim_16: pos = array([0.03, 0.24])
24.4280 	EXP 	Tstim_16: height = 0.1
24.4280 	EXP 	Tstim_17: opacity = 0.5
24.4280 	EXP 	Tstim_17: pos = array([-0.06, -0.03])
24.4280 	EXP 	Tstim_17: height = 0.1
24.4280 	EXP 	Tstim_18: opacity = 0.5
24.4280 	EXP 	Tstim_18: pos = array([-0.27,  0.27])
24.4280 	EXP 	Tstim_18: height = 0.1
24.4280 	EXP 	Tstim_19: opacity = 0.5
24.4280 	EXP 	Tstim_19: pos = array([-0.15,  0.15])
24.4280 	EXP 	Tstim_19: height = 0.1
24.4280 	EXP 	Tstim_20: opacity = 0.5
24.4280 	EXP 	Tstim_20: pos = array([0.24, 0.3 ])
24.4280 	EXP 	Tstim_20: height = 0.1
24.4280 	EXP 	Lstim: opacity = 0.5
24.4280 	EXP 	Lstim: pos = array([ 0.3 , -0.24])
24.4280 	EXP 	Lstim: height = 0.1
24.4280 	EXP 	Tstim: autoDraw = True
24.4280 	EXP 	Tstim_2: autoDraw = True
24.4280 	EXP 	Tstim_3: autoDraw = True
24.4280 	EXP 	Tstim_4: autoDraw = True
24.4280 	EXP 	Tstim_5: autoDraw = True
24.4280 	EXP 	Tstim_6: autoDraw = True
24.4280 	EXP 	Tstim_7: autoDraw = True
24.4280 	EXP 	Tstim_8: autoDraw = True
24.4280 	EXP 	Tstim_9: autoDraw = True
24.4280 	EXP 	Tstim_10: autoDraw = True
24.4280 	EXP 	Tstim_11: autoDraw = True
24.4280 	EXP 	Tstim_12: autoDraw = True
24.4280 	EXP 	Tstim_13: autoDraw = True
24.4280 	EXP 	Tstim_14: autoDraw = True
24.4280 	EXP 	Tstim_15: autoDraw = True
24.4280 	EXP 	Tstim_16: autoDraw = True
24.4280 	EXP 	Tstim_17: autoDraw = True
24.4280 	EXP 	Tstim_18: autoDraw = True
24.4280 	EXP 	Tstim_19: autoDraw = True
24.4280 	EXP 	Tstim_20: autoDraw = True
24.4280 	EXP 	Lstim: autoDraw = True
24.4280 	EXP 	Tstim: text = 'T'
24.4280 	EXP 	Tstim_2: text = 'T'
24.4280 	EXP 	Tstim_3: text = 'T'
24.4280 	EXP 	Tstim_4: text = 'T'
24.4280 	EXP 	Tstim_5: text = 'T'
24.4280 	EXP 	Tstim_6: text = 'T'
24.4280 	EXP 	Tstim_7: text = 'T'
24.4280 	EXP 	Tstim_8: text = 'T'
24.4280 	EXP 	Tstim_9: text = 'T'
24.4280 	EXP 	Tstim_10: text = 'T'
24.4280 	EXP 	Tstim_11: text = 'T'
24.4280 	EXP 	Tstim_12: text = 'T'
24.4280 	EXP 	Tstim_13: text = 'T'
24.4280 	EXP 	Tstim_14: text = 'T'
24.4280 	EXP 	Tstim_15: text = 'T'
24.4280 	EXP 	Tstim_16: text = 'T'
24.4280 	EXP 	Tstim_17: text = 'T'
24.4280 	EXP 	Tstim_18: text = 'T'
24.4280 	EXP 	Tstim_19: text = 'T'
24.4280 	EXP 	Tstim_20: text = 'T'
24.4280 	EXP 	Lstim: text = 'L'
27.0121 	DATA 	Mouse: Left button down, pos=(1319,360)
27.0379 	EXP 	Tstim: autoDraw = False
27.0379 	EXP 	Tstim_2: autoDraw = False
27.0379 	EXP 	Tstim_3: autoDraw = False
27.0379 	EXP 	Tstim_4: autoDraw = False
27.0379 	EXP 	Tstim_5: autoDraw = False
27.0379 	EXP 	Tstim_6: autoDraw = False
27.0379 	EXP 	Tstim_7: autoDraw = False
27.0379 	EXP 	Tstim_8: autoDraw = False
27.0379 	EXP 	Tstim_9: autoDraw = False
27.0379 	EXP 	Tstim_10: autoDraw = False
27.0379 	EXP 	Tstim_11: autoDraw = False
27.0379 	EXP 	Tstim_12: autoDraw = False
27.0379 	EXP 	Tstim_13: autoDraw = False
27.0379 	EXP 	Tstim_14: autoDraw = False
27.0379 	EXP 	Tstim_15: autoDraw = False
27.0379 	EXP 	Tstim_16: autoDraw = False
27.0379 	EXP 	Tstim_17: autoDraw = False
27.0379 	EXP 	Tstim_18: autoDraw = False
27.0379 	EXP 	Tstim_19: autoDraw = False
27.0379 	EXP 	Tstim_20: autoDraw = False
27.0379 	EXP 	Lstim: autoDraw = False
27.0379 	EXP 	text: text = 'Target found!'
27.0379 	EXP 	text: autoDraw = True
27.1243 	DATA 	Mouse:  Left button up, pos=(1319,360)
28.0246 	EXP 	New trial (rep=0, index=5): OrderedDict([('targetCol', 'black'), ('distractorCol', 'black'), ('mixedOris', 1), ('setSize', 5)])
28.1575 	EXP 	text: autoDraw = False
28.1575 	EXP 	text: autoDraw = False
28.1575 	EXP 	Tstim_20: color = 'black'
28.1575 	EXP 	Tstim_19: color = 'black'
28.1575 	EXP 	Tstim_18: color = 'black'
28.1575 	EXP 	Tstim_17: color = 'black'
28.1575 	EXP 	Tstim_16: color = 'black'
28.1575 	EXP 	Tstim_15: color = 'grey'
28.1575 	EXP 	Tstim_14: color = 'grey'
28.1575 	EXP 	Tstim_13: color = 'grey'
28.1575 	EXP 	Tstim_12: color = 'grey'
28.1575 	EXP 	Tstim_11: color = 'grey'
28.1575 	EXP 	Tstim_10: color = 'grey'
28.1575 	EXP 	Tstim_9: color = 'grey'
28.1575 	EXP 	Tstim_8: color = 'grey'
28.1575 	EXP 	Tstim_7: color = 'grey'
28.1575 	EXP 	Tstim_6: color = 'grey'
28.1575 	EXP 	Tstim_5: color = 'grey'
28.1575 	EXP 	Tstim_4: color = 'grey'
28.1575 	EXP 	Tstim_3: color = 'grey'
28.1575 	EXP 	Tstim_2: color = 'grey'
28.1575 	EXP 	Tstim: color = 'grey'
28.1575 	EXP 	Lstim: color = 'black'
28.1575 	EXP 	Lstim: ori = 265.0
28.1575 	EXP 	Tstim: ori = 15.0
28.1575 	EXP 	Tstim_2: ori = 63.0
28.1575 	EXP 	Tstim_3: ori = 178.0
28.1575 	EXP 	Tstim_4: ori = 128.0
28.1575 	EXP 	Tstim_5: ori = 354.0
28.1575 	EXP 	Tstim_6: ori = 157.0
28.1575 	EXP 	Tstim_7: ori = 106.0
28.1575 	EXP 	Tstim_8: ori = 140.0
28.1575 	EXP 	Tstim_9: ori = 134.0
28.1575 	EXP 	Tstim_10: ori = 89.0
28.1575 	EXP 	Tstim_11: ori = 46.0
28.1575 	EXP 	Tstim_12: ori = 133.0
28.1575 	EXP 	Tstim_13: ori = 358.0
28.1575 	EXP 	Tstim_14: ori = 118.0
28.1575 	EXP 	Tstim_15: ori = 205.0
28.1575 	EXP 	Tstim_16: ori = 181.0
28.1575 	EXP 	Tstim_17: ori = 179.0
28.1575 	EXP 	Tstim_18: ori = 351.0
28.1575 	EXP 	Tstim_19: ori = 183.0
28.1575 	EXP 	Tstim_20: ori = 60.0
28.1575 	EXP 	Tstim: opacity = 0.5
28.1575 	EXP 	Tstim: pos = array([-0.03,  0.03])
28.1575 	EXP 	Tstim: height = 0.1
28.1575 	EXP 	Tstim_2: opacity = 0.5
28.1575 	EXP 	Tstim_2: height = 0.1
28.1575 	EXP 	Tstim_3: opacity = 0.5
28.1575 	EXP 	Tstim_3: pos = array([ 0.27, -0.15])
28.1575 	EXP 	Tstim_3: height = 0.1
28.1575 	EXP 	Tstim_4: opacity = 0.5
28.1575 	EXP 	Tstim_4: pos = array([0.03, 0.12])
28.1575 	EXP 	Tstim_4: height = 0.1
28.1575 	EXP 	Tstim_5: opacity = 0.5
28.1575 	EXP 	Tstim_5: pos = array([-0.3, -0.3])
28.1575 	EXP 	Tstim_5: height = 0.1
28.1575 	EXP 	Tstim_6: opacity = 0.5
28.1575 	EXP 	Tstim_6: pos = array([0.3 , 0.24])
28.1575 	EXP 	Tstim_6: height = 0.1
28.1575 	EXP 	Tstim_7: opacity = 0.5
28.1575 	EXP 	Tstim_7: pos = array([-0.27,  0.21])
28.1575 	EXP 	Tstim_7: height = 0.1
28.1575 	EXP 	Tstim_8: opacity = 0.5
28.1575 	EXP 	Tstim_8: pos = array([-0.09, -0.03])
28.1575 	EXP 	Tstim_8: height = 0.1
28.1575 	EXP 	Tstim_9: opacity = 0.5
28.1575 	EXP 	Tstim_9: pos = array([ 0.21, -0.27])
28.1575 	EXP 	Tstim_9: height = 0.1
28.1575 	EXP 	Tstim_10: opacity = 0.5
28.1575 	EXP 	Tstim_10: pos = array([0. , 0.3])
28.1575 	EXP 	Tstim_10: height = 0.1
28.1575 	EXP 	Tstim_11: opacity = 0.5
28.1575 	EXP 	Tstim_11: pos = array([ 0.18, -0.21])
28.1575 	EXP 	Tstim_11: height = 0.1
28.1575 	EXP 	Tstim_12: opacity = 0.5
28.1575 	EXP 	Tstim_12: pos = array([-0.21,  0.27])
28.1575 	EXP 	Tstim_12: height = 0.1
28.1575 	EXP 	Tstim_13: opacity = 0.5
28.1575 	EXP 	Tstim_13: pos = array([0.15, 0.06])
28.1575 	EXP 	Tstim_13: height = 0.1
28.1575 	EXP 	Tstim_14: opacity = 0.5
28.1575 	EXP 	Tstim_14: pos = array([0.12, 0.15])
28.1575 	EXP 	Tstim_14: height = 0.1
28.1575 	EXP 	Tstim_15: opacity = 0.5
28.1575 	EXP 	Tstim_15: pos = array([-0.12, -0.24])
28.1575 	EXP 	Tstim_15: height = 0.1
28.1575 	EXP 	Tstim_16: opacity = 0.5
28.1575 	EXP 	Tstim_16: pos = array([ 0.24, -0.09])
28.1575 	EXP 	Tstim_16: height = 0.1
28.1575 	EXP 	Tstim_17: opacity = 0.5
28.1575 	EXP 	Tstim_17: pos = array([-0.06,  0.09])
28.1575 	EXP 	Tstim_17: height = 0.1
28.1575 	EXP 	Tstim_18: opacity = 0.5
28.1575 	EXP 	Tstim_18: pos = array([ 0.09, -0.06])
28.1575 	EXP 	Tstim_18: height = 0.1
28.1575 	EXP 	Tstim_19: opacity = 0.5
28.1575 	EXP 	Tstim_19: pos = array([-0.18,  0.  ])
28.1575 	EXP 	Tstim_19: height = 0.1
28.1575 	EXP 	Tstim_20: opacity = 0.5
28.1575 	EXP 	Tstim_20: pos = array([0.06, 0.18])
28.1575 	EXP 	Tstim_20: height = 0.1
28.1575 	EXP 	Lstim: opacity = 0.5
28.1575 	EXP 	Lstim: pos = array([-0.15, -0.12])
28.1575 	EXP 	Lstim: height = 0.1
28.1575 	EXP 	Tstim: autoDraw = True
28.1575 	EXP 	Tstim_2: autoDraw = True
28.1575 	EXP 	Tstim_3: autoDraw = True
28.1575 	EXP 	Tstim_4: autoDraw = True
28.1575 	EXP 	Tstim_5: autoDraw = True
28.1575 	EXP 	Tstim_6: autoDraw = True
28.1575 	EXP 	Tstim_7: autoDraw = True
28.1575 	EXP 	Tstim_8: autoDraw = True
28.1575 	EXP 	Tstim_9: autoDraw = True
28.1575 	EXP 	Tstim_10: autoDraw = True
28.1575 	EXP 	Tstim_11: autoDraw = True
28.1575 	EXP 	Tstim_12: autoDraw = True
28.1575 	EXP 	Tstim_13: autoDraw = True
28.1575 	EXP 	Tstim_14: autoDraw = True
28.1575 	EXP 	Tstim_15: autoDraw = True
28.1575 	EXP 	Tstim_16: autoDraw = True
28.1575 	EXP 	Tstim_17: autoDraw = True
28.1575 	EXP 	Tstim_18: autoDraw = True
28.1575 	EXP 	Tstim_19: autoDraw = True
28.1575 	EXP 	Tstim_20: autoDraw = True
28.1575 	EXP 	Lstim: autoDraw = True
28.1575 	EXP 	Tstim: text = 'T'
28.1575 	EXP 	Tstim_2: text = 'T'
28.1575 	EXP 	Tstim_3: text = 'T'
28.1575 	EXP 	Tstim_4: text = 'T'
28.1575 	EXP 	Tstim_5: text = 'T'
28.1575 	EXP 	Tstim_6: text = 'T'
28.1575 	EXP 	Tstim_7: text = 'T'
28.1575 	EXP 	Tstim_8: text = 'T'
28.1575 	EXP 	Tstim_9: text = 'T'
28.1575 	EXP 	Tstim_10: text = 'T'
28.1575 	EXP 	Tstim_11: text = 'T'
28.1575 	EXP 	Tstim_12: text = 'T'
28.1575 	EXP 	Tstim_13: text = 'T'
28.1575 	EXP 	Tstim_14: text = 'T'
28.1575 	EXP 	Tstim_15: text = 'T'
28.1575 	EXP 	Tstim_16: text = 'T'
28.1575 	EXP 	Tstim_17: text = 'T'
28.1575 	EXP 	Tstim_18: text = 'T'
28.1575 	EXP 	Tstim_19: text = 'T'
28.1575 	EXP 	Tstim_20: text = 'T'
28.1575 	EXP 	Lstim: text = 'L'
29.1401 	DATA 	Mouse: Left button down, pos=(819,453)
29.1563 	EXP 	Tstim: autoDraw = False
29.1563 	EXP 	Tstim_2: autoDraw = False
29.1563 	EXP 	Tstim_3: autoDraw = False
29.1563 	EXP 	Tstim_4: autoDraw = False
29.1563 	EXP 	Tstim_5: autoDraw = False
29.1563 	EXP 	Tstim_6: autoDraw = False
29.1563 	EXP 	Tstim_7: autoDraw = False
29.1563 	EXP 	Tstim_8: autoDraw = False
29.1563 	EXP 	Tstim_9: autoDraw = False
29.1563 	EXP 	Tstim_10: autoDraw = False
29.1563 	EXP 	Tstim_11: autoDraw = False
29.1563 	EXP 	Tstim_12: autoDraw = False
29.1563 	EXP 	Tstim_13: autoDraw = False
29.1563 	EXP 	Tstim_14: autoDraw = False
29.1563 	EXP 	Tstim_15: autoDraw = False
29.1563 	EXP 	Tstim_16: autoDraw = False
29.1563 	EXP 	Tstim_17: autoDraw = False
29.1563 	EXP 	Tstim_18: autoDraw = False
29.1563 	EXP 	Tstim_19: autoDraw = False
29.1563 	EXP 	Tstim_20: autoDraw = False
29.1563 	EXP 	Lstim: autoDraw = False
29.1563 	EXP 	text: text = 'Target found!'
29.1563 	EXP 	text: autoDraw = True
29.2610 	DATA 	Mouse:  Left button up, pos=(819,453)
30.1439 	EXP 	New trial (rep=0, index=6): OrderedDict([('targetCol', 'black'), ('distractorCol', 'black'), ('mixedOris', 1), ('setSize', 5)])
30.2864 	EXP 	text: autoDraw = False
30.2864 	EXP 	text: autoDraw = False
30.2864 	EXP 	Tstim_20: color = 'black'
30.2864 	EXP 	Tstim_19: color = 'black'
30.2864 	EXP 	Tstim_18: color = 'black'
30.2864 	EXP 	Tstim_17: color = 'black'
30.2864 	EXP 	Tstim_16: color = 'black'
30.2864 	EXP 	Tstim_15: color = 'grey'
30.2864 	EXP 	Tstim_14: color = 'grey'
30.2864 	EXP 	Tstim_13: color = 'grey'
30.2864 	EXP 	Tstim_12: color = 'grey'
30.2864 	EXP 	Tstim_11: color = 'grey'
30.2864 	EXP 	Tstim_10: color = 'grey'
30.2864 	EXP 	Tstim_9: color = 'grey'
30.2864 	EXP 	Tstim_8: color = 'grey'
30.2864 	EXP 	Tstim_7: color = 'grey'
30.2864 	EXP 	Tstim_6: color = 'grey'
30.2864 	EXP 	Tstim_5: color = 'grey'
30.2864 	EXP 	Tstim_4: color = 'grey'
30.2864 	EXP 	Tstim_3: color = 'grey'
30.2864 	EXP 	Tstim_2: color = 'grey'
30.2864 	EXP 	Tstim: color = 'grey'
30.2864 	EXP 	Lstim: color = 'black'
30.2864 	EXP 	Lstim: ori = 358.0
30.2864 	EXP 	Tstim: ori = 236.0
30.2864 	EXP 	Tstim_2: ori = 209.0
30.2864 	EXP 	Tstim_3: ori = 8.0
30.2864 	EXP 	Tstim_4: ori = 296.0
30.2864 	EXP 	Tstim_5: ori = 73.0
30.2864 	EXP 	Tstim_6: ori = 103.0
30.2864 	EXP 	Tstim_7: ori = 312.0
30.2864 	EXP 	Tstim_8: ori = 50.0
30.2864 	EXP 	Tstim_9: ori = 128.0
30.2864 	EXP 	Tstim_10: ori = 56.0
30.2864 	EXP 	Tstim_11: ori = 242.0
30.2864 	EXP 	Tstim_12: ori = 60.0
30.2864 	EXP 	Tstim_13: ori = 196.0
30.2864 	EXP 	Tstim_14: ori = 46.0
30.2864 	EXP 	Tstim_15: ori = 120.0
30.2864 	EXP 	Tstim_16: ori = 23.0
30.2864 	EXP 	Tstim_17: ori = 357.0
30.2864 	EXP 	Tstim_18: ori = 162.0
30.2864 	EXP 	Tstim_19: ori = 21.0
30.2864 	EXP 	Tstim_20: ori = 216.0
30.2864 	EXP 	Tstim: opacity = 0.5
30.2864 	EXP 	Tstim: pos = array([-0.24,  0.15])
30.2864 	EXP 	Tstim: height = 0.1
30.2864 	EXP 	Tstim_2: opacity = 0.5
30.2864 	EXP 	Tstim_2: height = 0.1
30.2864 	EXP 	Tstim_3: opacity = 0.5
30.2864 	EXP 	Tstim_3: pos = array([0.18, 0.3 ])
30.2864 	EXP 	Tstim_3: height = 0.1
30.2864 	EXP 	Tstim_4: opacity = 0.5
30.2864 	EXP 	Tstim_4: pos = array([0.12, 0.09])
30.2864 	EXP 	Tstim_4: height = 0.1
30.2864 	EXP 	Tstim_5: opacity = 0.5
30.2864 	EXP 	Tstim_5: pos = array([-0.06, -0.06])
30.2864 	EXP 	Tstim_5: height = 0.1
30.2864 	EXP 	Tstim_6: opacity = 0.5
30.2864 	EXP 	Tstim_6: pos = array([ 0.03, -0.12])
30.2864 	EXP 	Tstim_6: height = 0.1
30.2864 	EXP 	Tstim_7: opacity = 0.5
30.2864 	EXP 	Tstim_7: pos = array([-0.21, -0.24])
30.2864 	EXP 	Tstim_7: height = 0.1
30.2864 	EXP 	Tstim_8: opacity = 0.5
30.2864 	EXP 	Tstim_8: pos = array([ 0.3, -0.3])
30.2864 	EXP 	Tstim_8: height = 0.1
30.2864 	EXP 	Tstim_9: opacity = 0.5
30.2864 	EXP 	Tstim_9: pos = array([-0.15,  0.18])
30.2864 	EXP 	Tstim_9: height = 0.1
30.2864 	EXP 	Tstim_10: opacity = 0.5
30.2864 	EXP 	Tstim_10: pos = array([0.06, 0.24])
30.2864 	EXP 	Tstim_10: height = 0.1
30.2864 	EXP 	Tstim_11: opacity = 0.5
30.2864 	EXP 	Tstim_11: pos = array([0.15, 0.06])
30.2864 	EXP 	Tstim_11: height = 0.1
30.2864 	EXP 	Tstim_12: opacity = 0.5
30.2864 	EXP 	Tstim_12: pos = array([-0.3 , -0.21])
30.2864 	EXP 	Tstim_12: height = 0.1
30.2864 	EXP 	Tstim_13: opacity = 0.5
30.2864 	EXP 	Tstim_13: pos = array([-0.09,  0.03])
30.2864 	EXP 	Tstim_13: height = 0.1
30.2864 	EXP 	Tstim_14: opacity = 0.5
30.2864 	EXP 	Tstim_14: pos = array([-0.12,  0.  ])
30.2864 	EXP 	Tstim_14: height = 0.1
30.2864 	EXP 	Tstim_15: opacity = 0.5
30.2864 	EXP 	Tstim_15: pos = array([ 0.21, -0.18])
30.2864 	EXP 	Tstim_15: height = 0.1
30.2864 	EXP 	Tstim_16: opacity = 0.5
30.2864 	EXP 	Tstim_16: pos = array([-0.18, -0.03])
30.2864 	EXP 	Tstim_16: height = 0.1
30.2864 	EXP 	Tstim_17: opacity = 0.5
30.2864 	EXP 	Tstim_17: pos = array([ 0.27, -0.09])
30.2864 	EXP 	Tstim_17: height = 0.1
30.2864 	EXP 	Tstim_18: opacity = 0.5
30.2864 	EXP 	Tstim_18: pos = array([0.24, 0.21])
30.2864 	EXP 	Tstim_18: height = 0.1
30.2864 	EXP 	Tstim_19: opacity = 0.5
30.2864 	EXP 	Tstim_19: pos = array([ 0.09, -0.15])
30.2864 	EXP 	Tstim_19: height = 0.1
30.2864 	EXP 	Tstim_20: opacity = 0.5
30.2864 	EXP 	Tstim_20: pos = array([-0.03,  0.27])
30.2864 	EXP 	Tstim_20: height = 0.1
30.2864 	EXP 	Lstim: opacity = 0.5
30.2864 	EXP 	Lstim: pos = array([-0.27,  0.12])
30.2864 	EXP 	Lstim: height = 0.1
30.2864 	EXP 	Tstim: autoDraw = True
30.2864 	EXP 	Tstim_2: autoDraw = True
30.2864 	EXP 	Tstim_3: autoDraw = True
30.2864 	EXP 	Tstim_4: autoDraw = True
30.2864 	EXP 	Tstim_5: autoDraw = True
30.2864 	EXP 	Tstim_6: autoDraw = True
30.2864 	EXP 	Tstim_7: autoDraw = True
30.2864 	EXP 	Tstim_8: autoDraw = True
30.2864 	EXP 	Tstim_9: autoDraw = True
30.2864 	EXP 	Tstim_10: autoDraw = True
30.2864 	EXP 	Tstim_11: autoDraw = True
30.2864 	EXP 	Tstim_12: autoDraw = True
30.2864 	EXP 	Tstim_13: autoDraw = True
30.2864 	EXP 	Tstim_14: autoDraw = True
30.2864 	EXP 	Tstim_15: autoDraw = True
30.2864 	EXP 	Tstim_16: autoDraw = True
30.2864 	EXP 	Tstim_17: autoDraw = True
30.2864 	EXP 	Tstim_18: autoDraw = True
30.2864 	EXP 	Tstim_19: autoDraw = True
30.2864 	EXP 	Tstim_20: autoDraw = True
30.2864 	EXP 	Lstim: autoDraw = True
30.2864 	EXP 	Tstim: text = 'T'
30.2864 	EXP 	Tstim_2: text = 'T'
30.2864 	EXP 	Tstim_3: text = 'T'
30.2864 	EXP 	Tstim_4: text = 'T'
30.2864 	EXP 	Tstim_5: text = 'T'
30.2864 	EXP 	Tstim_6: text = 'T'
30.2864 	EXP 	Tstim_7: text = 'T'
30.2864 	EXP 	Tstim_8: text = 'T'
30.2864 	EXP 	Tstim_9: text = 'T'
30.2864 	EXP 	Tstim_10: text = 'T'
30.2864 	EXP 	Tstim_11: text = 'T'
30.2864 	EXP 	Tstim_12: text = 'T'
30.2864 	EXP 	Tstim_13: text = 'T'
30.2864 	EXP 	Tstim_14: text = 'T'
30.2864 	EXP 	Tstim_15: text = 'T'
30.2864 	EXP 	Tstim_16: text = 'T'
30.2864 	EXP 	Tstim_17: text = 'T'
30.2864 	EXP 	Tstim_18: text = 'T'
30.2864 	EXP 	Tstim_19: text = 'T'
30.2864 	EXP 	Tstim_20: text = 'T'
30.2864 	EXP 	Lstim: text = 'L'
31.2589 	DATA 	Mouse: Left button down, pos=(655,702)
31.2749 	EXP 	Tstim: autoDraw = False
31.2749 	EXP 	Tstim_2: autoDraw = False
31.2749 	EXP 	Tstim_3: autoDraw = False
31.2749 	EXP 	Tstim_4: autoDraw = False
31.2749 	EXP 	Tstim_5: autoDraw = False
31.2749 	EXP 	Tstim_6: autoDraw = False
31.2749 	EXP 	Tstim_7: autoDraw = False
31.2749 	EXP 	Tstim_8: autoDraw = False
31.2749 	EXP 	Tstim_9: autoDraw = False
31.2749 	EXP 	Tstim_10: autoDraw = False
31.2749 	EXP 	Tstim_11: autoDraw = False
31.2749 	EXP 	Tstim_12: autoDraw = False
31.2749 	EXP 	Tstim_13: autoDraw = False
31.2749 	EXP 	Tstim_14: autoDraw = False
31.2749 	EXP 	Tstim_15: autoDraw = False
31.2749 	EXP 	Tstim_16: autoDraw = False
31.2749 	EXP 	Tstim_17: autoDraw = False
31.2749 	EXP 	Tstim_18: autoDraw = False
31.2749 	EXP 	Tstim_19: autoDraw = False
31.2749 	EXP 	Tstim_20: autoDraw = False
31.2749 	EXP 	Lstim: autoDraw = False
31.2749 	EXP 	text: text = 'Target found!'
31.2749 	EXP 	text: autoDraw = True
31.3470 	DATA 	Mouse:  Left button up, pos=(655,702)
32.2619 	EXP 	New trial (rep=0, index=7): OrderedDict([('targetCol', 'black'), ('distractorCol', 'black'), ('mixedOris', 1), ('setSize', 20)])
32.4102 	EXP 	text: autoDraw = False
32.4102 	EXP 	text: autoDraw = False
32.4102 	EXP 	Tstim_20: color = 'black'
32.4102 	EXP 	Tstim_19: color = 'black'
32.4102 	EXP 	Tstim_18: color = 'black'
32.4102 	EXP 	Tstim_17: color = 'black'
32.4102 	EXP 	Tstim_16: color = 'black'
32.4102 	EXP 	Tstim_15: color = 'black'
32.4102 	EXP 	Tstim_14: color = 'black'
32.4102 	EXP 	Tstim_13: color = 'black'
32.4102 	EXP 	Tstim_12: color = 'black'
32.4102 	EXP 	Tstim_11: color = 'black'
32.4102 	EXP 	Tstim_10: color = 'black'
32.4102 	EXP 	Tstim_9: color = 'black'
32.4102 	EXP 	Tstim_8: color = 'black'
32.4102 	EXP 	Tstim_7: color = 'black'
32.4102 	EXP 	Tstim_6: color = 'black'
32.4102 	EXP 	Tstim_5: color = 'black'
32.4102 	EXP 	Tstim_4: color = 'black'
32.4102 	EXP 	Tstim_3: color = 'black'
32.4102 	EXP 	Tstim_2: color = 'black'
32.4102 	EXP 	Tstim: color = 'black'
32.4102 	EXP 	Lstim: color = 'black'
32.4102 	EXP 	Lstim: ori = 85.0
32.4102 	EXP 	Tstim: ori = 42.0
32.4102 	EXP 	Tstim_2: ori = 279.0
32.4102 	EXP 	Tstim_3: ori = 82.0
32.4102 	EXP 	Tstim_4: ori = 155.0
32.4102 	EXP 	Tstim_5: ori = 237.0
32.4102 	EXP 	Tstim_6: ori = 107.0
32.4102 	EXP 	Tstim_7: ori = 193.0
32.4102 	EXP 	Tstim_8: ori = 185.0
32.4102 	EXP 	Tstim_9: ori = 105.0
32.4102 	EXP 	Tstim_10: ori = 245.0
32.4102 	EXP 	Tstim_11: ori = 57.0
32.4102 	EXP 	Tstim_12: ori = 336.0
32.4102 	EXP 	Tstim_13: ori = 155.0
32.4102 	EXP 	Tstim_14: ori = 224.0
32.4102 	EXP 	Tstim_15: ori = 67.0
32.4102 	EXP 	Tstim_16: ori = 131.0
32.4102 	EXP 	Tstim_17: ori = 85.0
32.4102 	EXP 	Tstim_18: ori = 323.0
32.4102 	EXP 	Tstim_19: ori = 352.0
32.4102 	EXP 	Tstim_20: ori = 209.0
32.4102 	EXP 	Tstim: opacity = 0.5
32.4102 	EXP 	Tstim: pos = array([0.  , 0.06])
32.4102 	EXP 	Tstim: height = 0.1
32.4102 	EXP 	Tstim_2: opacity = 0.5
32.4102 	EXP 	Tstim_2: height = 0.1
32.4102 	EXP 	Tstim_3: opacity = 0.5
32.4102 	EXP 	Tstim_3: pos = array([-0.24, -0.03])
32.4102 	EXP 	Tstim_3: height = 0.1
32.4102 	EXP 	Tstim_4: opacity = 0.5
32.4102 	EXP 	Tstim_4: pos = array([-0.3 , -0.24])
32.4102 	EXP 	Tstim_4: height = 0.1
32.4102 	EXP 	Tstim_5: opacity = 0.5
32.4102 	EXP 	Tstim_5: pos = array([0.06, 0.3 ])
32.4102 	EXP 	Tstim_5: height = 0.1
32.4102 	EXP 	Tstim_6: opacity = 0.5
32.4102 	EXP 	Tstim_6: pos = array([-0.06,  0.15])
32.4102 	EXP 	Tstim_6: height = 0.1
32.4102 	EXP 	Tstim_7: opacity = 0.5
32.4102 	EXP 	Tstim_7: pos = array([ 0.21, -0.18])
32.4102 	EXP 	Tstim_7: height = 0.1
32.4102 	EXP 	Tstim_8: opacity = 0.5
32.4102 	EXP 	Tstim_8: pos = array([ 0.12, -0.27])
32.4102 	EXP 	Tstim_8: height = 0.1
32.4102 	EXP 	Tstim_9: opacity = 0.5
32.4102 	EXP 	Tstim_9: pos = array([-0.12, -0.12])
32.4102 	EXP 	Tstim_9: height = 0.1
32.4102 	EXP 	Tstim_10: opacity = 0.5
32.4102 	EXP 	Tstim_10: pos = array([0.24, 0.03])
32.4102 	EXP 	Tstim_10: height = 0.1
32.4102 	EXP 	Tstim_11: opacity = 0.5
32.4102 	EXP 	Tstim_11: pos = array([ 0.3 , -0.09])
32.4102 	EXP 	Tstim_11: height = 0.1
32.4102 	EXP 	Tstim_12: opacity = 0.5
32.4102 	EXP 	Tstim_12: pos = array([ 0.27, -0.21])
32.4102 	EXP 	Tstim_12: height = 0.1
32.4102 	EXP 	Tstim_13: opacity = 0.5
32.4102 	EXP 	Tstim_13: pos = array([-0.03,  0.12])
32.4102 	EXP 	Tstim_13: height = 0.1
32.4102 	EXP 	Tstim_14: opacity = 0.5
32.4102 	EXP 	Tstim_14: pos = array([-0.15,  0.18])
32.4102 	EXP 	Tstim_14: height = 0.1
32.4102 	EXP 	Tstim_15: opacity = 0.5
32.4102 	EXP 	Tstim_15: pos = array([ 0.18, -0.3 ])
32.4102 	EXP 	Tstim_15: height = 0.1
32.4102 	EXP 	Tstim_16: opacity = 0.5
32.4102 	EXP 	Tstim_16: pos = array([-0.27, -0.06])
32.4102 	EXP 	Tstim_16: height = 0.1
32.4102 	EXP 	Tstim_17: opacity = 0.5
32.4102 	EXP 	Tstim_17: pos = array([-0.18,  0.24])
32.4102 	EXP 	Tstim_17: height = 0.1
32.4102 	EXP 	Tstim_18: opacity = 0.5
32.4102 	EXP 	Tstim_18: pos = array([0.09, 0.27])
32.4102 	EXP 	Tstim_18: height = 0.1
32.4102 	EXP 	Tstim_19: opacity = 0.5
32.4102 	EXP 	Tstim_19: pos = array([-0.09,  0.21])
32.4102 	EXP 	Tstim_19: height = 0.1
32.4102 	EXP 	Tstim_20: opacity = 0.5
32.4102 	EXP 	Tstim_20: pos = array([0.03, 0.09])
32.4102 	EXP 	Tstim_20: height = 0.1
32.4102 	EXP 	Lstim: opacity = 0.5
32.4102 	EXP 	Lstim: pos = array([-0.21,  0.  ])
32.4102 	EXP 	Lstim: height = 0.1
32.4102 	EXP 	Tstim: autoDraw = True
32.4102 	EXP 	Tstim_2: autoDraw = True
32.4102 	EXP 	Tstim_3: autoDraw = True
32.4102 	EXP 	Tstim_4: autoDraw = True
32.4102 	EXP 	Tstim_5: autoDraw = True
32.4102 	EXP 	Tstim_6: autoDraw = True
32.4102 	EXP 	Tstim_7: autoDraw = True
32.4102 	EXP 	Tstim_8: autoDraw = True
32.4102 	EXP 	Tstim_9: autoDraw = True
32.4102 	EXP 	Tstim_10: autoDraw = True
32.4102 	EXP 	Tstim_11: autoDraw = True
32.4102 	EXP 	Tstim_12: autoDraw = True
32.4102 	EXP 	Tstim_13: autoDraw = True
32.4102 	EXP 	Tstim_14: autoDraw = True
32.4102 	EXP 	Tstim_15: autoDraw = True
32.4102 	EXP 	Tstim_16: autoDraw = True
32.4102 	EXP 	Tstim_17: autoDraw = True
32.4102 	EXP 	Tstim_18: autoDraw = True
32.4102 	EXP 	Tstim_19: autoDraw = True
32.4102 	EXP 	Tstim_20: autoDraw = True
32.4102 	EXP 	Lstim: autoDraw = True
32.4102 	EXP 	Tstim: text = 'T'
32.4102 	EXP 	Tstim_2: text = 'T'
32.4102 	EXP 	Tstim_3: text = 'T'
32.4102 	EXP 	Tstim_4: text = 'T'
32.4102 	EXP 	Tstim_5: text = 'T'
32.4102 	EXP 	Tstim_6: text = 'T'
32.4102 	EXP 	Tstim_7: text = 'T'
32.4102 	EXP 	Tstim_8: text = 'T'
32.4102 	EXP 	Tstim_9: text = 'T'
32.4102 	EXP 	Tstim_10: text = 'T'
32.4102 	EXP 	Tstim_11: text = 'T'
32.4102 	EXP 	Tstim_12: text = 'T'
32.4102 	EXP 	Tstim_13: text = 'T'
32.4102 	EXP 	Tstim_14: text = 'T'
32.4102 	EXP 	Tstim_15: text = 'T'
32.4102 	EXP 	Tstim_16: text = 'T'
32.4102 	EXP 	Tstim_17: text = 'T'
32.4102 	EXP 	Tstim_18: text = 'T'
32.4102 	EXP 	Tstim_19: text = 'T'
32.4102 	EXP 	Tstim_20: text = 'T'
32.4102 	EXP 	Lstim: text = 'L'
34.6118 	DATA 	Mouse: Left button down, pos=(735,622)
34.6276 	EXP 	Tstim: autoDraw = False
34.6276 	EXP 	Tstim_2: autoDraw = False
34.6276 	EXP 	Tstim_3: autoDraw = False
34.6276 	EXP 	Tstim_4: autoDraw = False
34.6276 	EXP 	Tstim_5: autoDraw = False
34.6276 	EXP 	Tstim_6: autoDraw = False
34.6276 	EXP 	Tstim_7: autoDraw = False
34.6276 	EXP 	Tstim_8: autoDraw = False
34.6276 	EXP 	Tstim_9: autoDraw = False
34.6276 	EXP 	Tstim_10: autoDraw = False
34.6276 	EXP 	Tstim_11: autoDraw = False
34.6276 	EXP 	Tstim_12: autoDraw = False
34.6276 	EXP 	Tstim_13: autoDraw = False
34.6276 	EXP 	Tstim_14: autoDraw = False
34.6276 	EXP 	Tstim_15: autoDraw = False
34.6276 	EXP 	Tstim_16: autoDraw = False
34.6276 	EXP 	Tstim_17: autoDraw = False
34.6276 	EXP 	Tstim_18: autoDraw = False
34.6276 	EXP 	Tstim_19: autoDraw = False
34.6276 	EXP 	Tstim_20: autoDraw = False
34.6276 	EXP 	Lstim: autoDraw = False
34.6276 	EXP 	text: text = 'Target found!'
34.6276 	EXP 	text: autoDraw = True
34.6816 	DATA 	Mouse:  Left button up, pos=(735,622)
35.6143 	EXP 	New trial (rep=0, index=8): OrderedDict([('targetCol', 'red'), ('distractorCol', 'black'), ('mixedOris', 1), ('setSize', 20)])
35.7715 	EXP 	text: autoDraw = False
35.7715 	EXP 	text: autoDraw = False
35.7715 	EXP 	Tstim_20: color = 'black'
35.7715 	EXP 	Tstim_19: color = 'black'
35.7715 	EXP 	Tstim_18: color = 'black'
35.7715 	EXP 	Tstim_17: color = 'black'
35.7715 	EXP 	Tstim_16: color = 'black'
35.7715 	EXP 	Tstim_15: color = 'black'
35.7715 	EXP 	Tstim_14: color = 'black'
35.7715 	EXP 	Tstim_13: color = 'black'
35.7715 	EXP 	Tstim_12: color = 'black'
35.7715 	EXP 	Tstim_11: color = 'black'
35.7715 	EXP 	Tstim_10: color = 'black'
35.7715 	EXP 	Tstim_9: color = 'black'
35.7715 	EXP 	Tstim_8: color = 'black'
35.7715 	EXP 	Tstim_7: color = 'black'
35.7715 	EXP 	Tstim_6: color = 'black'
35.7715 	EXP 	Tstim_5: color = 'black'
35.7715 	EXP 	Tstim_4: color = 'black'
35.7715 	EXP 	Tstim_3: color = 'black'
35.7715 	EXP 	Tstim_2: color = 'black'
35.7715 	EXP 	Tstim: color = 'black'
35.7715 	EXP 	Lstim: color = 'red'
35.7715 	EXP 	Lstim: ori = 165.0
35.7715 	EXP 	Tstim: ori = 64.0
35.7715 	EXP 	Tstim_2: ori = 101.0
35.7715 	EXP 	Tstim_3: ori = 154.0
35.7715 	EXP 	Tstim_4: ori = 72.0
35.7715 	EXP 	Tstim_5: ori = 141.0
35.7715 	EXP 	Tstim_6: ori = 112.0
35.7715 	EXP 	Tstim_7: ori = 254.0
35.7715 	EXP 	Tstim_8: ori = 231.0
35.7715 	EXP 	Tstim_9: ori = 72.0
35.7715 	EXP 	Tstim_10: ori = 355.0
35.7715 	EXP 	Tstim_11: ori = 180.0
35.7715 	EXP 	Tstim_12: ori = 110.0
35.7715 	EXP 	Tstim_13: ori = 305.0
35.7715 	EXP 	Tstim_14: ori = 143.0
35.7715 	EXP 	Tstim_15: ori = 266.0
35.7715 	EXP 	Tstim_16: ori = 318.0
35.7715 	EXP 	Tstim_17: ori = 56.0
35.7715 	EXP 	Tstim_18: ori = 209.0
35.7715 	EXP 	Tstim_19: ori = 2.0
35.7715 	EXP 	Tstim_20: ori = 218.0
35.7715 	EXP 	Tstim: opacity = 0.5
35.7715 	EXP 	Tstim: pos = array([-0.3 , -0.27])
35.7715 	EXP 	Tstim: height = 0.1
35.7715 	EXP 	Tstim_2: opacity = 0.5
35.7715 	EXP 	Tstim_2: height = 0.1
35.7715 	EXP 	Tstim_3: opacity = 0.5
35.7715 	EXP 	Tstim_3: pos = array([0.21, 0.21])
35.7715 	EXP 	Tstim_3: height = 0.1
35.7715 	EXP 	Tstim_4: opacity = 0.5
35.7715 	EXP 	Tstim_4: pos = array([ 0.06, -0.15])
35.7715 	EXP 	Tstim_4: height = 0.1
35.7715 	EXP 	Tstim_5: opacity = 0.5
35.7715 	EXP 	Tstim_5: pos = array([ 0.12, -0.12])
35.7715 	EXP 	Tstim_5: height = 0.1
35.7715 	EXP 	Tstim_6: opacity = 0.5
35.7715 	EXP 	Tstim_6: pos = array([-0.21,  0.3 ])
35.7715 	EXP 	Tstim_6: height = 0.1
35.7715 	EXP 	Tstim_7: opacity = 0.5
35.7715 	EXP 	Tstim_7: pos = array([-0.27,  0.06])
35.7715 	EXP 	Tstim_7: height = 0.1
35.7715 	EXP 	Tstim_8: opacity = 0.5
35.7715 	EXP 	Tstim_8: pos = array([0.  , 0.27])
35.7715 	EXP 	Tstim_8: height = 0.1
35.7715 	EXP 	Tstim_9: opacity = 0.5
35.7715 	EXP 	Tstim_9: pos = array([0.3 , 0.24])
35.7715 	EXP 	Tstim_9: height = 0.1
35.7715 	EXP 	Tstim_10: opacity = 0.5
35.7715 	EXP 	Tstim_10: pos = array([-0.15,  0.03])
35.7715 	EXP 	Tstim_10: height = 0.1
35.7715 	EXP 	Tstim_11: opacity = 0.5
35.7715 	EXP 	Tstim_11: pos = array([0.15, 0.12])
35.7715 	EXP 	Tstim_11: height = 0.1
35.7715 	EXP 	Tstim_12: opacity = 0.5
35.7715 	EXP 	Tstim_12: pos = array([ 0.18, -0.3 ])
35.7715 	EXP 	Tstim_12: height = 0.1
35.7715 	EXP 	Tstim_13: opacity = 0.5
35.7715 	EXP 	Tstim_13: pos = array([-0.06, -0.18])
35.7715 	EXP 	Tstim_13: height = 0.1
35.7715 	EXP 	Tstim_14: opacity = 0.5
35.7715 	EXP 	Tstim_14: pos = array([-0.12, -0.06])
35.7715 	EXP 	Tstim_14: height = 0.1
35.7715 	EXP 	Tstim_15: opacity = 0.5
35.7715 	EXP 	Tstim_15: pos = array([-0.03, -0.24])
35.7715 	EXP 	Tstim_15: height = 0.1
35.7715 	EXP 	Tstim_16: opacity = 0.5
35.7715 	EXP 	Tstim_16: pos = array([-0.09,  0.  ])
35.7715 	EXP 	Tstim_16: height = 0.1
35.7715 	EXP 	Tstim_17: opacity = 0.5
35.7715 	EXP 	Tstim_17: pos = array([ 0.27, -0.03])
35.7715 	EXP 	Tstim_17: height = 0.1
35.7715 	EXP 	Tstim_18: opacity = 0.5
35.7715 	EXP 	Tstim_18: pos = array([-0.18, -0.21])
35.7715 	EXP 	Tstim_18: height = 0.1
35.7715 	EXP 	Tstim_19: opacity = 0.5
35.7715 	EXP 	Tstim_19: pos = array([-0.24,  0.09])
35.7715 	EXP 	Tstim_19: height = 0.1
35.7715 	EXP 	Tstim_20: opacity = 0.5
35.7715 	EXP 	Tstim_20: pos = array([0.24, 0.15])
35.7715 	EXP 	Tstim_20: height = 0.1
35.7715 	EXP 	Lstim: opacity = 0.5
35.7715 	EXP 	Lstim: pos = array([0.03, 0.18])
35.7715 	EXP 	Lstim: height = 0.1
35.7715 	EXP 	Tstim: autoDraw = True
35.7715 	EXP 	Tstim_2: autoDraw = True
35.7715 	EXP 	Tstim_3: autoDraw = True
35.7715 	EXP 	Tstim_4: autoDraw = True
35.7715 	EXP 	Tstim_5: autoDraw = True
35.7715 	EXP 	Tstim_6: autoDraw = True
35.7715 	EXP 	Tstim_7: autoDraw = True
35.7715 	EXP 	Tstim_8: autoDraw = True
35.7715 	EXP 	Tstim_9: autoDraw = True
35.7715 	EXP 	Tstim_10: autoDraw = True
35.7715 	EXP 	Tstim_11: autoDraw = True
35.7715 	EXP 	Tstim_12: autoDraw = True
35.7715 	EXP 	Tstim_13: autoDraw = True
35.7715 	EXP 	Tstim_14: autoDraw = True
35.7715 	EXP 	Tstim_15: autoDraw = True
35.7715 	EXP 	Tstim_16: autoDraw = True
35.7715 	EXP 	Tstim_17: autoDraw = True
35.7715 	EXP 	Tstim_18: autoDraw = True
35.7715 	EXP 	Tstim_19: autoDraw = True
35.7715 	EXP 	Tstim_20: autoDraw = True
35.7715 	EXP 	Lstim: autoDraw = True
35.7715 	EXP 	Tstim: text = 'T'
35.7715 	EXP 	Tstim_2: text = 'T'
35.7715 	EXP 	Tstim_3: text = 'T'
35.7715 	EXP 	Tstim_4: text = 'T'
35.7715 	EXP 	Tstim_5: text = 'T'
35.7715 	EXP 	Tstim_6: text = 'T'
35.7715 	EXP 	Tstim_7: text = 'T'
35.7715 	EXP 	Tstim_8: text = 'T'
35.7715 	EXP 	Tstim_9: text = 'T'
35.7715 	EXP 	Tstim_10: text = 'T'
35.7715 	EXP 	Tstim_11: text = 'T'
35.7715 	EXP 	Tstim_12: text = 'T'
35.7715 	EXP 	Tstim_13: text = 'T'
35.7715 	EXP 	Tstim_14: text = 'T'
35.7715 	EXP 	Tstim_15: text = 'T'
35.7715 	EXP 	Tstim_16: text = 'T'
35.7715 	EXP 	Tstim_17: text = 'T'
35.7715 	EXP 	Tstim_18: text = 'T'
35.7715 	EXP 	Tstim_19: text = 'T'
35.7715 	EXP 	Tstim_20: text = 'T'
35.7715 	EXP 	Lstim: text = 'L'
36.7542 	DATA 	Mouse: Left button down, pos=(1020,819)
36.7796 	EXP 	Tstim: autoDraw = False
36.7796 	EXP 	Tstim_2: autoDraw = False
36.7796 	EXP 	Tstim_3: autoDraw = False
36.7796 	EXP 	Tstim_4: autoDraw = False
36.7796 	EXP 	Tstim_5: autoDraw = False
36.7796 	EXP 	Tstim_6: autoDraw = False
36.7796 	EXP 	Tstim_7: autoDraw = False
36.7796 	EXP 	Tstim_8: autoDraw = False
36.7796 	EXP 	Tstim_9: autoDraw = False
36.7796 	EXP 	Tstim_10: autoDraw = False
36.7796 	EXP 	Tstim_11: autoDraw = False
36.7796 	EXP 	Tstim_12: autoDraw = False
36.7796 	EXP 	Tstim_13: autoDraw = False
36.7796 	EXP 	Tstim_14: autoDraw = False
36.7796 	EXP 	Tstim_15: autoDraw = False
36.7796 	EXP 	Tstim_16: autoDraw = False
36.7796 	EXP 	Tstim_17: autoDraw = False
36.7796 	EXP 	Tstim_18: autoDraw = False
36.7796 	EXP 	Tstim_19: autoDraw = False
36.7796 	EXP 	Tstim_20: autoDraw = False
36.7796 	EXP 	Lstim: autoDraw = False
36.7796 	EXP 	text: text = 'Target found!'
36.7796 	EXP 	text: autoDraw = True
36.8179 	DATA 	Mouse:  Left button up, pos=(1020,819)
37.7656 	EXP 	New trial (rep=0, index=9): OrderedDict([('targetCol', 'black'), ('distractorCol', 'black'), ('mixedOris', 1), ('setSize', 5)])
37.8932 	EXP 	text: autoDraw = False
37.8932 	EXP 	text: autoDraw = False
37.8932 	EXP 	Tstim_20: color = 'black'
37.8932 	EXP 	Tstim_19: color = 'black'
37.8932 	EXP 	Tstim_18: color = 'black'
37.8932 	EXP 	Tstim_17: color = 'black'
37.8932 	EXP 	Tstim_16: color = 'black'
37.8932 	EXP 	Tstim_15: color = 'grey'
37.8932 	EXP 	Tstim_14: color = 'grey'
37.8932 	EXP 	Tstim_13: color = 'grey'
37.8932 	EXP 	Tstim_12: color = 'grey'
37.8932 	EXP 	Tstim_11: color = 'grey'
37.8932 	EXP 	Tstim_10: color = 'grey'
37.8932 	EXP 	Tstim_9: color = 'grey'
37.8932 	EXP 	Tstim_8: color = 'grey'
37.8932 	EXP 	Tstim_7: color = 'grey'
37.8932 	EXP 	Tstim_6: color = 'grey'
37.8932 	EXP 	Tstim_5: color = 'grey'
37.8932 	EXP 	Tstim_4: color = 'grey'
37.8932 	EXP 	Tstim_3: color = 'grey'
37.8932 	EXP 	Tstim_2: color = 'grey'
37.8932 	EXP 	Tstim: color = 'grey'
37.8932 	EXP 	Lstim: color = 'black'
37.8932 	EXP 	Lstim: ori = 258.0
37.8932 	EXP 	Tstim: ori = 129.0
37.8932 	EXP 	Tstim_2: ori = 229.0
37.8932 	EXP 	Tstim_3: ori = 326.0
37.8932 	EXP 	Tstim_4: ori = 295.0
37.8932 	EXP 	Tstim_5: ori = 293.0
37.8932 	EXP 	Tstim_6: ori = 136.0
37.8932 	EXP 	Tstim_7: ori = 268.0
37.8932 	EXP 	Tstim_8: ori = 305.0
37.8932 	EXP 	Tstim_9: ori = 275.0
37.8932 	EXP 	Tstim_10: ori = 122.0
37.8932 	EXP 	Tstim_11: ori = 9.0
37.8932 	EXP 	Tstim_12: ori = 66.0
37.8932 	EXP 	Tstim_13: ori = 224.0
37.8932 	EXP 	Tstim_14: ori = 134.0
37.8932 	EXP 	Tstim_15: ori = 253.0
37.8932 	EXP 	Tstim_16: ori = 0.0
37.8932 	EXP 	Tstim_17: ori = 156.0
37.8932 	EXP 	Tstim_18: ori = 230.0
37.8932 	EXP 	Tstim_19: ori = 283.0
37.8932 	EXP 	Tstim_20: ori = 274.0
37.8932 	EXP 	Tstim: opacity = 0.5
37.8932 	EXP 	Tstim: pos = array([-0.24,  0.27])
37.8932 	EXP 	Tstim: height = 0.1
37.8932 	EXP 	Tstim_2: opacity = 0.5
37.8932 	EXP 	Tstim_2: height = 0.1
37.8932 	EXP 	Tstim_3: opacity = 0.5
37.8932 	EXP 	Tstim_3: pos = array([0.03, 0.06])
37.8932 	EXP 	Tstim_3: height = 0.1
37.8932 	EXP 	Tstim_4: opacity = 0.5
37.8932 	EXP 	Tstim_4: pos = array([-0.06,  0.18])
37.8932 	EXP 	Tstim_4: height = 0.1
37.8932 	EXP 	Tstim_5: opacity = 0.5
37.8932 	EXP 	Tstim_5: pos = array([ 0.18, -0.12])
37.8932 	EXP 	Tstim_5: height = 0.1
37.8932 	EXP 	Tstim_6: opacity = 0.5
37.8932 	EXP 	Tstim_6: pos = array([-0.12,  0.15])
37.8932 	EXP 	Tstim_6: height = 0.1
37.8932 	EXP 	Tstim_7: opacity = 0.5
37.8932 	EXP 	Tstim_7: pos = array([0.  , 0.12])
37.8932 	EXP 	Tstim_7: height = 0.1
37.8932 	EXP 	Tstim_8: opacity = 0.5
37.8932 	EXP 	Tstim_8: pos = array([-0.15,  0.3 ])
37.8932 	EXP 	Tstim_8: height = 0.1
37.8932 	EXP 	Tstim_9: opacity = 0.5
37.8932 	EXP 	Tstim_9: pos = array([ 0.12, -0.09])
37.8932 	EXP 	Tstim_9: height = 0.1
37.8932 	EXP 	Tstim_10: opacity = 0.5
37.8932 	EXP 	Tstim_10: pos = array([ 0.09, -0.3 ])
37.8932 	EXP 	Tstim_10: height = 0.1
37.8932 	EXP 	Tstim_11: opacity = 0.5
37.8932 	EXP 	Tstim_11: pos = array([-0.09, -0.06])
37.8932 	EXP 	Tstim_11: height = 0.1
37.8932 	EXP 	Tstim_12: opacity = 0.5
37.8932 	EXP 	Tstim_12: pos = array([0.3 , 0.03])
37.8932 	EXP 	Tstim_12: height = 0.1
37.8932 	EXP 	Tstim_13: opacity = 0.5
37.8932 	EXP 	Tstim_13: pos = array([-0.03,  0.24])
37.8932 	EXP 	Tstim_13: height = 0.1
37.8932 	EXP 	Tstim_14: opacity = 0.5
37.8932 	EXP 	Tstim_14: pos = array([ 0.15, -0.27])
37.8932 	EXP 	Tstim_14: height = 0.1
37.8932 	EXP 	Tstim_15: opacity = 0.5
37.8932 	EXP 	Tstim_15: pos = array([ 0.27, -0.21])
37.8932 	EXP 	Tstim_15: height = 0.1
37.8932 	EXP 	Tstim_16: opacity = 0.5
37.8932 	EXP 	Tstim_16: pos = array([-0.27,  0.  ])
37.8932 	EXP 	Tstim_16: height = 0.1
37.8932 	EXP 	Tstim_17: opacity = 0.5
37.8932 	EXP 	Tstim_17: pos = array([-0.3 ,  0.21])
37.8932 	EXP 	Tstim_17: height = 0.1
37.8932 	EXP 	Tstim_18: opacity = 0.5
37.8932 	EXP 	Tstim_18: pos = array([ 0.06, -0.18])
37.8932 	EXP 	Tstim_18: height = 0.1
37.8932 	EXP 	Tstim_19: opacity = 0.5
37.8932 	EXP 	Tstim_19: pos = array([ 0.21, -0.24])
37.8932 	EXP 	Tstim_19: height = 0.1
37.8932 	EXP 	Tstim_20: opacity = 0.5
37.8932 	EXP 	Tstim_20: pos = array([ 0.24, -0.03])
37.8932 	EXP 	Tstim_20: height = 0.1
37.8932 	EXP 	Lstim: opacity = 0.5
37.8932 	EXP 	Lstim: pos = array([-0.18,  0.09])
37.8932 	EXP 	Lstim: height = 0.1
37.8932 	EXP 	Tstim: autoDraw = True
37.8932 	EXP 	Tstim_2: autoDraw = True
37.8932 	EXP 	Tstim_3: autoDraw = True
37.8932 	EXP 	Tstim_4: autoDraw = True
37.8932 	EXP 	Tstim_5: autoDraw = True
37.8932 	EXP 	Tstim_6: autoDraw = True
37.8932 	EXP 	Tstim_7: autoDraw = True
37.8932 	EXP 	Tstim_8: autoDraw = True
37.8932 	EXP 	Tstim_9: autoDraw = True
37.8932 	EXP 	Tstim_10: autoDraw = True
37.8932 	EXP 	Tstim_11: autoDraw = True
37.8932 	EXP 	Tstim_12: autoDraw = True
37.8932 	EXP 	Tstim_13: autoDraw = True
37.8932 	EXP 	Tstim_14: autoDraw = True
37.8932 	EXP 	Tstim_15: autoDraw = True
37.8932 	EXP 	Tstim_16: autoDraw = True
37.8932 	EXP 	Tstim_17: autoDraw = True
37.8932 	EXP 	Tstim_18: autoDraw = True
37.8932 	EXP 	Tstim_19: autoDraw = True
37.8932 	EXP 	Tstim_20: autoDraw = True
37.8932 	EXP 	Lstim: autoDraw = True
37.8932 	EXP 	Tstim: text = 'T'
37.8932 	EXP 	Tstim_2: text = 'T'
37.8932 	EXP 	Tstim_3: text = 'T'
37.8932 	EXP 	Tstim_4: text = 'T'
37.8932 	EXP 	Tstim_5: text = 'T'
37.8932 	EXP 	Tstim_6: text = 'T'
37.8932 	EXP 	Tstim_7: text = 'T'
37.8932 	EXP 	Tstim_8: text = 'T'
37.8932 	EXP 	Tstim_9: text = 'T'
37.8932 	EXP 	Tstim_10: text = 'T'
37.8932 	EXP 	Tstim_11: text = 'T'
37.8932 	EXP 	Tstim_12: text = 'T'
37.8932 	EXP 	Tstim_13: text = 'T'
37.8932 	EXP 	Tstim_14: text = 'T'
37.8932 	EXP 	Tstim_15: text = 'T'
37.8932 	EXP 	Tstim_16: text = 'T'
37.8932 	EXP 	Tstim_17: text = 'T'
37.8932 	EXP 	Tstim_18: text = 'T'
37.8932 	EXP 	Tstim_19: text = 'T'
37.8932 	EXP 	Tstim_20: text = 'T'
37.8932 	EXP 	Lstim: text = 'L'
39.3236 	DATA 	Mouse: Left button down, pos=(788,717)
39.3481 	EXP 	Tstim: autoDraw = False
39.3481 	EXP 	Tstim_2: autoDraw = False
39.3481 	EXP 	Tstim_3: autoDraw = False
39.3481 	EXP 	Tstim_4: autoDraw = False
39.3481 	EXP 	Tstim_5: autoDraw = False
39.3481 	EXP 	Tstim_6: autoDraw = False
39.3481 	EXP 	Tstim_7: autoDraw = False
39.3481 	EXP 	Tstim_8: autoDraw = False
39.3481 	EXP 	Tstim_9: autoDraw = False
39.3481 	EXP 	Tstim_10: autoDraw = False
39.3481 	EXP 	Tstim_11: autoDraw = False
39.3481 	EXP 	Tstim_12: autoDraw = False
39.3481 	EXP 	Tstim_13: autoDraw = False
39.3481 	EXP 	Tstim_14: autoDraw = False
39.3481 	EXP 	Tstim_15: autoDraw = False
39.3481 	EXP 	Tstim_16: autoDraw = False
39.3481 	EXP 	Tstim_17: autoDraw = False
39.3481 	EXP 	Tstim_18: autoDraw = False
39.3481 	EXP 	Tstim_19: autoDraw = False
39.3481 	EXP 	Tstim_20: autoDraw = False
39.3481 	EXP 	Lstim: autoDraw = False
39.3481 	EXP 	text: text = 'Target found!'
39.3481 	EXP 	text: autoDraw = True
39.4037 	DATA 	Mouse:  Left button up, pos=(788,717)
40.3488 	EXP 	text: autoDraw = False
40.3488 	EXP 	text: autoDraw = False
40.5732 	EXP 	window1: mouseVisible = True
