5.2524 	WARNING 	We strongly recommend you activate the PTB sound engine in PsychoPy prefs as the preferred audio engine. Its timing is vastly superior. Your prefs are currently set to use ['sounddevice', 'PTB', 'pyo', 'pygame'] (in that order).
8.3322 	WARNING 	User requested fullscreen with size [1024  768], but screen is actually [1920, 1200]. Using actual size
10.2364 	EXP 	Created window1 = Window(allowGUI=False, allowStencil=False, args=UNKNOWN, autoLog=True, bitsMode=UNKNOWN, blendMode='avg', bpc=(8, 8, 8), color=array([0., 0., 0.]), colorSpace='rgb', depthBits=8, fullscr=<method-wrapper '__getattribute__' of attributeSetter object at 0x0000014C24D52B00>, gamma=None, gammaErrorPolicy='raise', kwargs=UNKNOWN, lms=UNKNOWN, monitor=<psychopy.monitors.calibTools.Monitor object at 0x0000014C24AA4D30>, multiSample=False, name='window1', numSamples=2, pos=[0.0, 0.0], screen=0, size=array([1920, 1200]), stencilBits=0, stereo=False, units='height', useFBO=True, useRetina=False, viewOri=0.0, viewPos=None, viewScale=None, waitBlanking=True, winType='pyglet')
10.2368 	EXP 	window1: mouseVisible = True
10.2369 	EXP 	window1: recordFrameIntervals = False
10.4024 	EXP 	window1: recordFrameIntervals = True
10.5863 	EXP 	window1: recordFrameIntervals = False
10.8675 	EXP 	Created instrTxt = TextStim(__class__=<class 'psychopy.visual.text.TextStim'>, alignHoriz=method-wrapper(...), alignText='center', alignVert=method-wrapper(...), anchorHoriz='center', anchorVert='center', antialias=True, autoLog=True, bold=False, color='white', colorSpace='named', contrast=1.0, depth=0.0, flipHoriz=False, flipVert=False, font='Arial', fontFiles=[], height=0.1, italic=False, languageStyle='LTR', name='instrTxt', opacity=1.0, ori=0, pos=array([0., 0.]), rgb=array([255., 255., 255.]), text=str(...), units='height', win=Window(...), wrapWidth=1)
10.8676 	EXP 	window1: mouseVisible = True
11.7194 	EXP 	Created Tstim = TextStim(__class__=<class 'psychopy.visual.text.TextStim'>, alignHoriz=method-wrapper(...), alignText='center', alignVert=method-wrapper(...), anchorHoriz='center', anchorVert='center', antialias=True, autoLog=True, bold=False, color='black', colorSpace='named', contrast=1.0, depth=-3.0, flipHoriz=False, flipVert=False, font='Arial', fontFiles=[], height=1.0, italic=False, languageStyle='LTR', name='Tstim', opacity=1.0, ori=0, pos=array([0., 0.]), rgb=array([0., 0., 0.]), text='T', units='height', win=Window(...), wrapWidth=1)
11.7209 	EXP 	Created Tstim_2 = TextStim(__class__=<class 'psychopy.visual.text.TextStim'>, alignHoriz=method-wrapper(...), alignText='center', alignVert=method-wrapper(...), anchorHoriz='center', anchorVert='center', antialias=True, autoLog=True, bold=False, color='black', colorSpace='named', contrast=1.0, depth=-4.0, flipHoriz=False, flipVert=False, font='Arial', fontFiles=[], height=1.0, italic=False, languageStyle='LTR', name='Tstim_2', opacity=1.0, ori=0, pos=array([0., 0.]), rgb=array([0., 0., 0.]), text='T', units='height', win=Window(...), wrapWidth=1)
11.7220 	EXP 	Created Tstim_3 = TextStim(__class__=<class 'psychopy.visual.text.TextStim'>, alignHoriz=method-wrapper(...), alignText='center', alignVert=method-wrapper(...), anchorHoriz='center', anchorVert='center', antialias=True, autoLog=True, bold=False, color='black', colorSpace='named', contrast=1.0, depth=-5.0, flipHoriz=False, flipVert=False, font='Arial', fontFiles=[], height=1.0, italic=False, languageStyle='LTR', name='Tstim_3', opacity=1.0, ori=0, pos=array([0., 0.]), rgb=array([0., 0., 0.]), text='T', units='height', win=Window(...), wrapWidth=1)
11.7231 	EXP 	Created Tstim_4 = TextStim(__class__=<class 'psychopy.visual.text.TextStim'>, alignHoriz=method-wrapper(...), alignText='center', alignVert=method-wrapper(...), anchorHoriz='center', anchorVert='center', antialias=True, autoLog=True, bold=False, color='black', colorSpace='named', contrast=1.0, depth=-6.0, flipHoriz=False, flipVert=False, font='Arial', fontFiles=[], height=1.0, italic=False, languageStyle='LTR', name='Tstim_4', opacity=1.0, ori=0, pos=array([0., 0.]), rgb=array([0., 0., 0.]), text='T', units='height', win=Window(...), wrapWidth=1)
11.7241 	EXP 	Created Tstim_5 = TextStim(__class__=<class 'psychopy.visual.text.TextStim'>, alignHoriz=method-wrapper(...), alignText='center', alignVert=method-wrapper(...), anchorHoriz='center', anchorVert='center', antialias=True, autoLog=True, bold=False, color='black', colorSpace='named', contrast=1.0, depth=-7.0, flipHoriz=False, flipVert=False, font='Arial', fontFiles=[], height=1.0, italic=False, languageStyle='LTR', name='Tstim_5', opacity=1.0, ori=0, pos=array([0., 0.]), rgb=array([0., 0., 0.]), text='T', units='height', win=Window(...), wrapWidth=1)
11.7253 	EXP 	Created Tstim_6 = TextStim(__class__=<class 'psychopy.visual.text.TextStim'>, alignHoriz=method-wrapper(...), alignText='center', alignVert=method-wrapper(...), anchorHoriz='center', anchorVert='center', antialias=True, autoLog=True, bold=False, color='black', colorSpace='named', contrast=1.0, depth=-8.0, flipHoriz=False, flipVert=False, font='Arial', fontFiles=[], height=1.0, italic=False, languageStyle='LTR', name='Tstim_6', opacity=1.0, ori=0, pos=array([0., 0.]), rgb=array([0., 0., 0.]), text='T', units='height', win=Window(...), wrapWidth=1)
11.7263 	EXP 	Created Tstim_7 = TextStim(__class__=<class 'psychopy.visual.text.TextStim'>, alignHoriz=method-wrapper(...), alignText='center', alignVert=method-wrapper(...), anchorHoriz='center', anchorVert='center', antialias=True, autoLog=True, bold=False, color='black', colorSpace='named', contrast=1.0, depth=-9.0, flipHoriz=False, flipVert=False, font='Arial', fontFiles=[], height=1.0, italic=False, languageStyle='LTR', name='Tstim_7', opacity=1.0, ori=0, pos=array([0., 0.]), rgb=array([0., 0., 0.]), text='T', units='height', win=Window(...), wrapWidth=1)
11.7276 	EXP 	Created Tstim_8 = TextStim(__class__=<class 'psychopy.visual.text.TextStim'>, alignHoriz=method-wrapper(...), alignText='center', alignVert=method-wrapper(...), anchorHoriz='center', anchorVert='center', antialias=True, autoLog=True, bold=False, color='black', colorSpace='named', contrast=1.0, depth=-10.0, flipHoriz=False, flipVert=False, font='Arial', fontFiles=[], height=1.0, italic=False, languageStyle='LTR', name='Tstim_8', opacity=1.0, ori=0, pos=array([0., 0.]), rgb=array([0., 0., 0.]), text='T', units='height', win=Window(...), wrapWidth=1)
11.7287 	EXP 	Created Tstim_9 = TextStim(__class__=<class 'psychopy.visual.text.TextStim'>, alignHoriz=method-wrapper(...), alignText='center', alignVert=method-wrapper(...), anchorHoriz='center', anchorVert='center', antialias=True, autoLog=True, bold=False, color='black', colorSpace='named', contrast=1.0, depth=-11.0, flipHoriz=False, flipVert=False, font='Arial', fontFiles=[], height=1.0, italic=False, languageStyle='LTR', name='Tstim_9', opacity=1.0, ori=0, pos=array([0., 0.]), rgb=array([0., 0., 0.]), text='T', units='height', win=Window(...), wrapWidth=1)
11.7300 	EXP 	Created Tstim_10 = TextStim(__class__=<class 'psychopy.visual.text.TextStim'>, alignHoriz=method-wrapper(...), alignText='center', alignVert=method-wrapper(...), anchorHoriz='center', anchorVert='center', antialias=True, autoLog=True, bold=False, color='black', colorSpace='named', contrast=1.0, depth=-12.0, flipHoriz=False, flipVert=False, font='Arial', fontFiles=[], height=1.0, italic=False, languageStyle='LTR', name='Tstim_10', opacity=1.0, ori=0, pos=array([0., 0.]), rgb=array([0., 0., 0.]), text='T', units='height', win=Window(...), wrapWidth=1)
11.7313 	EXP 	Created Tstim_11 = TextStim(__class__=<class 'psychopy.visual.text.TextStim'>, alignHoriz=method-wrapper(...), alignText='center', alignVert=method-wrapper(...), anchorHoriz='center', anchorVert='center', antialias=True, autoLog=True, bold=False, color='black', colorSpace='named', contrast=1.0, depth=-13.0, flipHoriz=False, flipVert=False, font='Arial', fontFiles=[], height=1.0, italic=False, languageStyle='LTR', name='Tstim_11', opacity=1.0, ori=0, pos=array([0., 0.]), rgb=array([0., 0., 0.]), text='T', units='height', win=Window(...), wrapWidth=1)
11.7325 	EXP 	Created Tstim_12 = TextStim(__class__=<class 'psychopy.visual.text.TextStim'>, alignHoriz=method-wrapper(...), alignText='center', alignVert=method-wrapper(...), anchorHoriz='center', anchorVert='center', antialias=True, autoLog=True, bold=False, color='black', colorSpace='named', contrast=1.0, depth=-14.0, flipHoriz=False, flipVert=False, font='Arial', fontFiles=[], height=1.0, italic=False, languageStyle='LTR', name='Tstim_12', opacity=1.0, ori=0, pos=array([0., 0.]), rgb=array([0., 0., 0.]), text='T', units='height', win=Window(...), wrapWidth=1)
11.7335 	EXP 	Created Tstim_13 = TextStim(__class__=<class 'psychopy.visual.text.TextStim'>, alignHoriz=method-wrapper(...), alignText='center', alignVert=method-wrapper(...), anchorHoriz='center', anchorVert='center', antialias=True, autoLog=True, bold=False, color='black', colorSpace='named', contrast=1.0, depth=-15.0, flipHoriz=False, flipVert=False, font='Arial', fontFiles=[], height=1.0, italic=False, languageStyle='LTR', name='Tstim_13', opacity=1.0, ori=0, pos=array([0., 0.]), rgb=array([0., 0., 0.]), text='T', units='height', win=Window(...), wrapWidth=1)
11.7347 	EXP 	Created Tstim_14 = TextStim(__class__=<class 'psychopy.visual.text.TextStim'>, alignHoriz=method-wrapper(...), alignText='center', alignVert=method-wrapper(...), anchorHoriz='center', anchorVert='center', antialias=True, autoLog=True, bold=False, color='black', colorSpace='named', contrast=1.0, depth=-16.0, flipHoriz=False, flipVert=False, font='Arial', fontFiles=[], height=1.0, italic=False, languageStyle='LTR', name='Tstim_14', opacity=1.0, ori=0, pos=array([0., 0.]), rgb=array([0., 0., 0.]), text='T', units='height', win=Window(...), wrapWidth=1)
11.7365 	EXP 	Created Tstim_15 = TextStim(__class__=<class 'psychopy.visual.text.TextStim'>, alignHoriz=method-wrapper(...), alignText='center', alignVert=method-wrapper(...), anchorHoriz='center', anchorVert='center', antialias=True, autoLog=True, bold=False, color='black', colorSpace='named', contrast=1.0, depth=-17.0, flipHoriz=False, flipVert=False, font='Arial', fontFiles=[], height=1.0, italic=False, languageStyle='LTR', name='Tstim_15', opacity=1.0, ori=0, pos=array([0., 0.]), rgb=array([0., 0., 0.]), text='T', units='height', win=Window(...), wrapWidth=1)
11.7383 	EXP 	Created Tstim_16 = TextStim(__class__=<class 'psychopy.visual.text.TextStim'>, alignHoriz=method-wrapper(...), alignText='center', alignVert=method-wrapper(...), anchorHoriz='center', anchorVert='center', antialias=True, autoLog=True, bold=False, color='black', colorSpace='named', contrast=1.0, depth=-18.0, flipHoriz=False, flipVert=False, font='Arial', fontFiles=[], height=1.0, italic=False, languageStyle='LTR', name='Tstim_16', opacity=1.0, ori=0, pos=array([0., 0.]), rgb=array([0., 0., 0.]), text='T', units='height', win=Window(...), wrapWidth=1)
11.7403 	EXP 	Created Tstim_17 = TextStim(__class__=<class 'psychopy.visual.text.TextStim'>, alignHoriz=method-wrapper(...), alignText='center', alignVert=method-wrapper(...), anchorHoriz='center', anchorVert='center', antialias=True, autoLog=True, bold=False, color='black', colorSpace='named', contrast=1.0, depth=-19.0, flipHoriz=False, flipVert=False, font='Arial', fontFiles=[], height=1.0, italic=False, languageStyle='LTR', name='Tstim_17', opacity=1.0, ori=0, pos=array([0., 0.]), rgb=array([0., 0., 0.]), text='T', units='height', win=Window(...), wrapWidth=1)
11.7420 	EXP 	Created Tstim_18 = TextStim(__class__=<class 'psychopy.visual.text.TextStim'>, alignHoriz=method-wrapper(...), alignText='center', alignVert=method-wrapper(...), anchorHoriz='center', anchorVert='center', antialias=True, autoLog=True, bold=False, color='black', colorSpace='named', contrast=1.0, depth=-20.0, flipHoriz=False, flipVert=False, font='Arial', fontFiles=[], height=1.0, italic=False, languageStyle='LTR', name='Tstim_18', opacity=1.0, ori=0, pos=array([0., 0.]), rgb=array([0., 0., 0.]), text='T', units='height', win=Window(...), wrapWidth=1)
11.7439 	EXP 	Created Tstim_19 = TextStim(__class__=<class 'psychopy.visual.text.TextStim'>, alignHoriz=method-wrapper(...), alignText='center', alignVert=method-wrapper(...), anchorHoriz='center', anchorVert='center', antialias=True, autoLog=True, bold=False, color='black', colorSpace='named', contrast=1.0, depth=-21.0, flipHoriz=False, flipVert=False, font='Arial', fontFiles=[], height=1.0, italic=False, languageStyle='LTR', name='Tstim_19', opacity=1.0, ori=0, pos=array([0., 0.]), rgb=array([0., 0., 0.]), text='T', units='height', win=Window(...), wrapWidth=1)
11.7456 	EXP 	Created Tstim_20 = TextStim(__class__=<class 'psychopy.visual.text.TextStim'>, alignHoriz=method-wrapper(...), alignText='center', alignVert=method-wrapper(...), anchorHoriz='center', anchorVert='center', antialias=True, autoLog=True, bold=False, color='black', colorSpace='named', contrast=1.0, depth=-22.0, flipHoriz=False, flipVert=False, font='Arial', fontFiles=[], height=1.0, italic=False, languageStyle='LTR', name='Tstim_20', opacity=1.0, ori=0, pos=array([0., 0.]), rgb=array([0., 0., 0.]), text='T', units='height', win=Window(...), wrapWidth=1)
11.8580 	EXP 	Created Lstim = TextStim(__class__=<class 'psychopy.visual.text.TextStim'>, alignHoriz=method-wrapper(...), alignText='center', alignVert=method-wrapper(...), anchorHoriz='center', anchorVert='center', antialias=True, autoLog=True, bold=False, color='black', colorSpace='named', contrast=1.0, depth=-23.0, flipHoriz=False, flipVert=False, font='Arial', fontFiles=[], height=1.0, italic=False, languageStyle='LTR', name='Lstim', opacity=1.0, ori=0, pos=array([0., 0.]), rgb=array([0., 0., 0.]), text='L', units='height', win=Window(...), wrapWidth=1)
11.8580 	EXP 	window1: mouseVisible = True
11.8640 	EXP 	Created text = TextStim(__class__=<class 'psychopy.visual.text.TextStim'>, alignHoriz=method-wrapper(...), alignText='center', alignVert=method-wrapper(...), anchorHoriz='center', anchorVert='center', antialias=True, autoLog=True, bold=False, color='white', colorSpace='named', contrast=1.0, depth=-1.0, flipHoriz=False, flipVert=False, font='Arial', fontFiles=[], height=0.1, italic=False, languageStyle='LTR', name='text', opacity=1.0, ori=0, pos=array([0., 0.]), rgb=array([255., 255., 255.]), text='default text', units='height', win=Window(...), wrapWidth=1)
11.9070 	EXP 	instrTxt: autoDraw = True
12.6387 	DATA 	Mouse: Left button down, pos=(938,776)
12.6859 	EXP 	Imported conditions.xlsx as conditions, 10 conditions, 4 params
12.6865 	EXP 	Created sequence: random, trialTypes=10, nReps=1, seed=None
12.6870 	EXP 	New trial (rep=0, index=0): OrderedDict([('targetCol', 'black'), ('distractorCol', 'black'), ('mixedOris', 1), ('setSize', 5)])
12.7676 	DATA 	Mouse:  Left button up, pos=(938,776)
12.8168 	EXP 	instrTxt: autoDraw = False
12.8168 	EXP 	Tstim: color = 'black'
12.8168 	EXP 	Tstim_2: color = 'black'
12.8168 	EXP 	Tstim_3: color = 'black'
12.8168 	EXP 	Tstim_4: color = 'black'
12.8168 	EXP 	Tstim_5: color = 'black'
12.8168 	EXP 	Tstim_6: color = 'grey'
12.8168 	EXP 	Tstim_7: color = 'grey'
12.8168 	EXP 	Tstim_8: color = 'grey'
12.8168 	EXP 	Tstim_9: color = 'grey'
12.8168 	EXP 	Tstim_10: color = 'grey'
12.8168 	EXP 	Tstim_11: color = 'grey'
12.8168 	EXP 	Tstim_12: color = 'grey'
12.8168 	EXP 	Tstim_13: color = 'grey'
12.8168 	EXP 	Tstim_14: color = 'grey'
12.8168 	EXP 	Tstim_15: color = 'grey'
12.8168 	EXP 	Tstim_16: color = 'grey'
12.8168 	EXP 	Tstim_17: color = 'grey'
12.8168 	EXP 	Tstim_18: color = 'grey'
12.8168 	EXP 	Tstim_19: color = 'grey'
12.8168 	EXP 	Tstim_20: color = 'grey'
12.8168 	EXP 	Lstim: color = 'black'
12.8168 	EXP 	Lstim: ori = 85.0
12.8168 	EXP 	Tstim: ori = 176.0
12.8168 	EXP 	Tstim_2: ori = 128.0
12.8168 	EXP 	Tstim_3: ori = 351.0
12.8168 	EXP 	Tstim_4: ori = 261.0
12.8168 	EXP 	Tstim_5: ori = 125.0
12.8168 	EXP 	Tstim_6: ori = 302.0
12.8168 	EXP 	Tstim_7: ori = 359.0
12.8168 	EXP 	Tstim_8: ori = 256.0
12.8168 	EXP 	Tstim_9: ori = 88.0
12.8168 	EXP 	Tstim_10: ori = 63.0
12.8168 	EXP 	Tstim_11: ori = 320.0
12.8168 	EXP 	Tstim_12: ori = 350.0
12.8168 	EXP 	Tstim_13: ori = 38.0
12.8168 	EXP 	Tstim_14: ori = 31.0
12.8168 	EXP 	Tstim_15: ori = 323.0
12.8168 	EXP 	Tstim_16: ori = 226.0
12.8168 	EXP 	Tstim_17: ori = 230.0
12.8168 	EXP 	Tstim_18: ori = 157.0
12.8168 	EXP 	Tstim_19: ori = 183.0
12.8168 	EXP 	Tstim_20: ori = 221.0
12.8168 	EXP 	Tstim: opacity = 0.5
12.8168 	EXP 	Tstim: pos = array([-0.06, -0.12])
12.8168 	EXP 	Tstim: height = 0.1
12.8168 	EXP 	Tstim_2: opacity = 0.5
12.8168 	EXP 	Tstim_2: height = 0.1
12.8168 	EXP 	Tstim_3: opacity = 0.5
12.8168 	EXP 	Tstim_3: pos = array([-0.18,  0.24])
12.8168 	EXP 	Tstim_3: height = 0.1
12.8168 	EXP 	Tstim_4: opacity = 0.5
12.8168 	EXP 	Tstim_4: pos = array([-0.27,  0.3 ])
12.8168 	EXP 	Tstim_4: height = 0.1
12.8168 	EXP 	Tstim_5: opacity = 0.5
12.8168 	EXP 	Tstim_5: pos = array([-0.3 ,  0.06])
12.8168 	EXP 	Tstim_5: height = 0.1
12.8168 	EXP 	Tstim_6: opacity = 0.5
12.8168 	EXP 	Tstim_6: pos = array([ 0.12, -0.24])
12.8168 	EXP 	Tstim_6: height = 0.1
12.8168 	EXP 	Tstim_7: opacity = 0.5
12.8168 	EXP 	Tstim_7: pos = array([-0.03,  0.15])
12.8168 	EXP 	Tstim_7: height = 0.1
12.8168 	EXP 	Tstim_8: opacity = 0.5
12.8168 	EXP 	Tstim_8: pos = array([-0.15, -0.27])
12.8168 	EXP 	Tstim_8: height = 0.1
12.8168 	EXP 	Tstim_9: opacity = 0.5
12.8168 	EXP 	Tstim_9: pos = array([-0.24,  0.09])
12.8168 	EXP 	Tstim_9: height = 0.1
12.8168 	EXP 	Tstim_10: opacity = 0.5
12.8168 	EXP 	Tstim_10: pos = array([ 0.18, -0.06])
12.8168 	EXP 	Tstim_10: height = 0.1
12.8168 	EXP 	Tstim_11: opacity = 0.5
12.8168 	EXP 	Tstim_11: pos = array([-0.21,  0.18])
12.8168 	EXP 	Tstim_11: height = 0.1
12.8168 	EXP 	Tstim_12: opacity = 0.5
12.8168 	EXP 	Tstim_12: pos = array([ 0.21, -0.21])
12.8168 	EXP 	Tstim_12: height = 0.1
12.8168 	EXP 	Tstim_13: opacity = 0.5
12.8168 	EXP 	Tstim_13: pos = array([0.03, 0.  ])
12.8168 	EXP 	Tstim_13: height = 0.1
12.8168 	EXP 	Tstim_14: opacity = 0.5
12.8168 	EXP 	Tstim_14: pos = array([0.  , 0.27])
12.8168 	EXP 	Tstim_14: height = 0.1
12.8168 	EXP 	Tstim_15: opacity = 0.5
12.8168 	EXP 	Tstim_15: pos = array([0.3 , 0.12])
12.8168 	EXP 	Tstim_15: height = 0.1
12.8168 	EXP 	Tstim_16: opacity = 0.5
12.8168 	EXP 	Tstim_16: pos = array([ 0.24, -0.3 ])
12.8168 	EXP 	Tstim_16: height = 0.1
12.8168 	EXP 	Tstim_17: opacity = 0.5
12.8168 	EXP 	Tstim_17: pos = array([ 0.27, -0.15])
12.8168 	EXP 	Tstim_17: height = 0.1
12.8168 	EXP 	Tstim_18: opacity = 0.5
12.8168 	EXP 	Tstim_18: pos = array([0.06, 0.21])
12.8168 	EXP 	Tstim_18: height = 0.1
12.8168 	EXP 	Tstim_19: opacity = 0.5
12.8168 	EXP 	Tstim_19: pos = array([-0.12, -0.09])
12.8168 	EXP 	Tstim_19: height = 0.1
12.8168 	EXP 	Tstim_20: opacity = 0.5
12.8168 	EXP 	Tstim_20: pos = array([-0.09, -0.03])
12.8168 	EXP 	Tstim_20: height = 0.1
12.8168 	EXP 	Lstim: opacity = 0.5
12.8168 	EXP 	Lstim: pos = array([ 0.09, -0.18])
12.8168 	EXP 	Lstim: height = 0.1
12.8168 	EXP 	Tstim: autoDraw = True
12.8168 	EXP 	Tstim_2: autoDraw = True
12.8168 	EXP 	Tstim_3: autoDraw = True
12.8168 	EXP 	Tstim_4: autoDraw = True
12.8168 	EXP 	Tstim_5: autoDraw = True
12.8168 	EXP 	Tstim_6: autoDraw = True
12.8168 	EXP 	Tstim_7: autoDraw = True
12.8168 	EXP 	Tstim_8: autoDraw = True
12.8168 	EXP 	Tstim_9: autoDraw = True
12.8168 	EXP 	Tstim_10: autoDraw = True
12.8168 	EXP 	Tstim_11: autoDraw = True
12.8168 	EXP 	Tstim_12: autoDraw = True
12.8168 	EXP 	Tstim_13: autoDraw = True
12.8168 	EXP 	Tstim_14: autoDraw = True
12.8168 	EXP 	Tstim_15: autoDraw = True
12.8168 	EXP 	Tstim_16: autoDraw = True
12.8168 	EXP 	Tstim_17: autoDraw = True
12.8168 	EXP 	Tstim_18: autoDraw = True
12.8168 	EXP 	Tstim_19: autoDraw = True
12.8168 	EXP 	Tstim_20: autoDraw = True
12.8168 	EXP 	Lstim: autoDraw = True
12.8168 	EXP 	Tstim: text = 'T'
12.8168 	EXP 	Tstim_2: text = 'T'
12.8168 	EXP 	Tstim_3: text = 'T'
12.8168 	EXP 	Tstim_4: text = 'T'
12.8168 	EXP 	Tstim_5: text = 'T'
12.8168 	EXP 	Tstim_6: text = 'T'
12.8168 	EXP 	Tstim_7: text = 'T'
12.8168 	EXP 	Tstim_8: text = 'T'
12.8168 	EXP 	Tstim_9: text = 'T'
12.8168 	EXP 	Tstim_10: text = 'T'
12.8168 	EXP 	Tstim_11: text = 'T'
12.8168 	EXP 	Tstim_12: text = 'T'
12.8168 	EXP 	Tstim_13: text = 'T'
12.8168 	EXP 	Tstim_14: text = 'T'
12.8168 	EXP 	Tstim_15: text = 'T'
12.8168 	EXP 	Tstim_16: text = 'T'
12.8168 	EXP 	Tstim_17: text = 'T'
12.8168 	EXP 	Tstim_18: text = 'T'
12.8168 	EXP 	Tstim_19: text = 'T'
12.8168 	EXP 	Tstim_20: text = 'T'
12.8168 	EXP 	Lstim: text = 'L'
16.3746 	DATA 	Mouse: Left button down, pos=(1053,405)
16.4072 	EXP 	Tstim: autoDraw = False
16.4072 	EXP 	Tstim_2: autoDraw = False
16.4072 	EXP 	Tstim_3: autoDraw = False
16.4072 	EXP 	Tstim_4: autoDraw = False
16.4072 	EXP 	Tstim_5: autoDraw = False
16.4072 	EXP 	Tstim_6: autoDraw = False
16.4072 	EXP 	Tstim_7: autoDraw = False
16.4072 	EXP 	Tstim_8: autoDraw = False
16.4072 	EXP 	Tstim_9: autoDraw = False
16.4072 	EXP 	Tstim_10: autoDraw = False
16.4072 	EXP 	Tstim_11: autoDraw = False
16.4072 	EXP 	Tstim_12: autoDraw = False
16.4072 	EXP 	Tstim_13: autoDraw = False
16.4072 	EXP 	Tstim_14: autoDraw = False
16.4072 	EXP 	Tstim_15: autoDraw = False
16.4072 	EXP 	Tstim_16: autoDraw = False
16.4072 	EXP 	Tstim_17: autoDraw = False
16.4072 	EXP 	Tstim_18: autoDraw = False
16.4072 	EXP 	Tstim_19: autoDraw = False
16.4072 	EXP 	Tstim_20: autoDraw = False
16.4072 	EXP 	Lstim: autoDraw = False
16.4072 	EXP 	text: text = 'Target found!'
16.4072 	EXP 	text: autoDraw = True
16.4947 	DATA 	Mouse:  Left button up, pos=(1053,405)
17.3923 	EXP 	New trial (rep=0, index=1): OrderedDict([('targetCol', 'black'), ('distractorCol', 'black'), ('mixedOris', 1), ('setSize', 5)])
17.4846 	EXP 	text: autoDraw = False
17.4846 	EXP 	Tstim: color = 'black'
17.4846 	EXP 	Tstim_2: color = 'black'
17.4846 	EXP 	Tstim_3: color = 'black'
17.4846 	EXP 	Tstim_4: color = 'black'
17.4846 	EXP 	Tstim_5: color = 'black'
17.4846 	EXP 	Tstim_6: color = 'grey'
17.4846 	EXP 	Tstim_7: color = 'grey'
17.4846 	EXP 	Tstim_8: color = 'grey'
17.4846 	EXP 	Tstim_9: color = 'grey'
17.4846 	EXP 	Tstim_10: color = 'grey'
17.4846 	EXP 	Tstim_11: color = 'grey'
17.4846 	EXP 	Tstim_12: color = 'grey'
17.4846 	EXP 	Tstim_13: color = 'grey'
17.4846 	EXP 	Tstim_14: color = 'grey'
17.4846 	EXP 	Tstim_15: color = 'grey'
17.4846 	EXP 	Tstim_16: color = 'grey'
17.4846 	EXP 	Tstim_17: color = 'grey'
17.4846 	EXP 	Tstim_18: color = 'grey'
17.4846 	EXP 	Tstim_19: color = 'grey'
17.4846 	EXP 	Tstim_20: color = 'grey'
17.4846 	EXP 	Lstim: color = 'black'
17.4846 	EXP 	Lstim: ori = 222.0
17.4846 	EXP 	Tstim: ori = 200.0
17.4846 	EXP 	Tstim_2: ori = 188.0
17.4846 	EXP 	Tstim_3: ori = 199.0
17.4846 	EXP 	Tstim_4: ori = 339.0
17.4846 	EXP 	Tstim_5: ori = 40.0
17.4846 	EXP 	Tstim_6: ori = 251.0
17.4846 	EXP 	Tstim_7: ori = 222.0
17.4846 	EXP 	Tstim_8: ori = 128.0
17.4846 	EXP 	Tstim_9: ori = 207.0
17.4846 	EXP 	Tstim_10: ori = 327.0
17.4846 	EXP 	Tstim_11: ori = 333.0
17.4846 	EXP 	Tstim_12: ori = 172.0
17.4846 	EXP 	Tstim_13: ori = 176.0
17.4846 	EXP 	Tstim_14: ori = 243.0
17.4846 	EXP 	Tstim_15: ori = 296.0
17.4846 	EXP 	Tstim_16: ori = 348.0
17.4846 	EXP 	Tstim_17: ori = 20.0
17.4846 	EXP 	Tstim_18: ori = 129.0
17.4846 	EXP 	Tstim_19: ori = 23.0
17.4846 	EXP 	Tstim_20: ori = 10.0
17.4846 	EXP 	Tstim: opacity = 0.5
17.4846 	EXP 	Tstim: pos = array([-0.3 ,  0.18])
17.4846 	EXP 	Tstim: height = 0.1
17.4846 	EXP 	Tstim_2: opacity = 0.5
17.4846 	EXP 	Tstim_2: height = 0.1
17.4846 	EXP 	Tstim_3: opacity = 0.5
17.4846 	EXP 	Tstim_3: pos = array([0.27, 0.03])
17.4846 	EXP 	Tstim_3: height = 0.1
17.4846 	EXP 	Tstim_4: opacity = 0.5
17.4846 	EXP 	Tstim_4: pos = array([ 0.12, -0.24])
17.4846 	EXP 	Tstim_4: height = 0.1
17.4846 	EXP 	Tstim_5: opacity = 0.5
17.4846 	EXP 	Tstim_5: pos = array([-0.06, -0.27])
17.4846 	EXP 	Tstim_5: height = 0.1
17.4846 	EXP 	Tstim_6: opacity = 0.5
17.4846 	EXP 	Tstim_6: pos = array([0.3, 0. ])
17.4846 	EXP 	Tstim_6: height = 0.1
17.4846 	EXP 	Tstim_7: opacity = 0.5
17.4846 	EXP 	Tstim_7: pos = array([-0.15,  0.09])
17.4846 	EXP 	Tstim_7: height = 0.1
17.4846 	EXP 	Tstim_8: opacity = 0.5
17.4846 	EXP 	Tstim_8: pos = array([0.21, 0.06])
17.4846 	EXP 	Tstim_8: height = 0.1
17.4846 	EXP 	Tstim_9: opacity = 0.5
17.4846 	EXP 	Tstim_9: pos = array([-0.18,  0.27])
17.4846 	EXP 	Tstim_9: height = 0.1
17.4846 	EXP 	Tstim_10: opacity = 0.5
17.4846 	EXP 	Tstim_10: pos = array([ 0.  , -0.21])
17.4846 	EXP 	Tstim_10: height = 0.1
17.4846 	EXP 	Tstim_11: opacity = 0.5
17.4846 	EXP 	Tstim_11: pos = array([-0.27, -0.09])
17.4846 	EXP 	Tstim_11: height = 0.1
17.4846 	EXP 	Tstim_12: opacity = 0.5
17.4846 	EXP 	Tstim_12: pos = array([-0.21, -0.18])
17.4846 	EXP 	Tstim_12: height = 0.1
17.4846 	EXP 	Tstim_13: opacity = 0.5
17.4846 	EXP 	Tstim_13: pos = array([-0.12,  0.12])
17.4846 	EXP 	Tstim_13: height = 0.1
17.4846 	EXP 	Tstim_14: opacity = 0.5
17.4846 	EXP 	Tstim_14: pos = array([0.18, 0.21])
17.4846 	EXP 	Tstim_14: height = 0.1
17.4846 	EXP 	Tstim_15: opacity = 0.5
17.4846 	EXP 	Tstim_15: pos = array([ 0.03, -0.3 ])
17.4846 	EXP 	Tstim_15: height = 0.1
17.4846 	EXP 	Tstim_16: opacity = 0.5
17.4846 	EXP 	Tstim_16: pos = array([0.15, 0.15])
17.4846 	EXP 	Tstim_16: height = 0.1
17.4846 	EXP 	Tstim_17: opacity = 0.5
17.4846 	EXP 	Tstim_17: pos = array([-0.09,  0.24])
17.4846 	EXP 	Tstim_17: height = 0.1
17.4846 	EXP 	Tstim_18: opacity = 0.5
17.4846 	EXP 	Tstim_18: pos = array([ 0.24, -0.15])
17.4846 	EXP 	Tstim_18: height = 0.1
17.4846 	EXP 	Tstim_19: opacity = 0.5
17.4846 	EXP 	Tstim_19: pos = array([ 0.09, -0.03])
17.4846 	EXP 	Tstim_19: height = 0.1
17.4846 	EXP 	Tstim_20: opacity = 0.5
17.4846 	EXP 	Tstim_20: pos = array([ 0.06, -0.12])
17.4846 	EXP 	Tstim_20: height = 0.1
17.4846 	EXP 	Lstim: opacity = 0.5
17.4846 	EXP 	Lstim: pos = array([-0.24, -0.06])
17.4846 	EXP 	Lstim: height = 0.1
17.4846 	EXP 	Tstim: autoDraw = True
17.4846 	EXP 	Tstim_2: autoDraw = True
17.4846 	EXP 	Tstim_3: autoDraw = True
17.4846 	EXP 	Tstim_4: autoDraw = True
17.4846 	EXP 	Tstim_5: autoDraw = True
17.4846 	EXP 	Tstim_6: autoDraw = True
17.4846 	EXP 	Tstim_7: autoDraw = True
17.4846 	EXP 	Tstim_8: autoDraw = True
17.4846 	EXP 	Tstim_9: autoDraw = True
17.4846 	EXP 	Tstim_10: autoDraw = True
17.4846 	EXP 	Tstim_11: autoDraw = True
17.4846 	EXP 	Tstim_12: autoDraw = True
17.4846 	EXP 	Tstim_13: autoDraw = True
17.4846 	EXP 	Tstim_14: autoDraw = True
17.4846 	EXP 	Tstim_15: autoDraw = True
17.4846 	EXP 	Tstim_16: autoDraw = True
17.4846 	EXP 	Tstim_17: autoDraw = True
17.4846 	EXP 	Tstim_18: autoDraw = True
17.4846 	EXP 	Tstim_19: autoDraw = True
17.4846 	EXP 	Tstim_20: autoDraw = True
17.4846 	EXP 	Lstim: autoDraw = True
17.4846 	EXP 	Tstim: text = 'T'
17.4846 	EXP 	Tstim_2: text = 'T'
17.4846 	EXP 	Tstim_3: text = 'T'
17.4846 	EXP 	Tstim_4: text = 'T'
17.4846 	EXP 	Tstim_5: text = 'T'
17.4846 	EXP 	Tstim_6: text = 'T'
17.4846 	EXP 	Tstim_7: text = 'T'
17.4846 	EXP 	Tstim_8: text = 'T'
17.4846 	EXP 	Tstim_9: text = 'T'
17.4846 	EXP 	Tstim_10: text = 'T'
17.4846 	EXP 	Tstim_11: text = 'T'
17.4846 	EXP 	Tstim_12: text = 'T'
17.4846 	EXP 	Tstim_13: text = 'T'
17.4846 	EXP 	Tstim_14: text = 'T'
17.4846 	EXP 	Tstim_15: text = 'T'
17.4846 	EXP 	Tstim_16: text = 'T'
17.4846 	EXP 	Tstim_17: text = 'T'
17.4846 	EXP 	Tstim_18: text = 'T'
17.4846 	EXP 	Tstim_19: text = 'T'
17.4846 	EXP 	Tstim_20: text = 'T'
17.4846 	EXP 	Lstim: text = 'L'
19.0188 	DATA 	Mouse: Left button down, pos=(700,534)
19.0431 	EXP 	Tstim: autoDraw = False
19.0431 	EXP 	Tstim_2: autoDraw = False
19.0431 	EXP 	Tstim_3: autoDraw = False
19.0431 	EXP 	Tstim_4: autoDraw = False
19.0431 	EXP 	Tstim_5: autoDraw = False
19.0431 	EXP 	Tstim_6: autoDraw = False
19.0431 	EXP 	Tstim_7: autoDraw = False
19.0431 	EXP 	Tstim_8: autoDraw = False
19.0431 	EXP 	Tstim_9: autoDraw = False
19.0431 	EXP 	Tstim_10: autoDraw = False
19.0431 	EXP 	Tstim_11: autoDraw = False
19.0431 	EXP 	Tstim_12: autoDraw = False
19.0431 	EXP 	Tstim_13: autoDraw = False
19.0431 	EXP 	Tstim_14: autoDraw = False
19.0431 	EXP 	Tstim_15: autoDraw = False
19.0431 	EXP 	Tstim_16: autoDraw = False
19.0431 	EXP 	Tstim_17: autoDraw = False
19.0431 	EXP 	Tstim_18: autoDraw = False
19.0431 	EXP 	Tstim_19: autoDraw = False
19.0431 	EXP 	Tstim_20: autoDraw = False
19.0431 	EXP 	Lstim: autoDraw = False
19.0431 	EXP 	text: text = 'Target found!'
19.0431 	EXP 	text: autoDraw = True
19.1148 	DATA 	Mouse:  Left button up, pos=(700,534)
20.0294 	EXP 	New trial (rep=0, index=2): OrderedDict([('targetCol', 'black'), ('distractorCol', 'black'), ('mixedOris', 1), ('setSize', 20)])
20.1542 	EXP 	text: autoDraw = False
20.1542 	EXP 	text: autoDraw = False
20.1542 	EXP 	Tstim: color = 'black'
20.1542 	EXP 	Tstim_2: color = 'black'
20.1542 	EXP 	Tstim_3: color = 'black'
20.1542 	EXP 	Tstim_4: color = 'black'
20.1542 	EXP 	Tstim_5: color = 'black'
20.1542 	EXP 	Tstim_6: color = 'black'
20.1542 	EXP 	Tstim_7: color = 'black'
20.1542 	EXP 	Tstim_8: color = 'black'
20.1542 	EXP 	Tstim_9: color = 'black'
20.1542 	EXP 	Tstim_10: color = 'black'
20.1542 	EXP 	Tstim_11: color = 'black'
20.1542 	EXP 	Tstim_12: color = 'black'
20.1542 	EXP 	Tstim_13: color = 'black'
20.1542 	EXP 	Tstim_14: color = 'black'
20.1542 	EXP 	Tstim_15: color = 'black'
20.1542 	EXP 	Tstim_16: color = 'black'
20.1542 	EXP 	Tstim_17: color = 'black'
20.1542 	EXP 	Tstim_18: color = 'black'
20.1542 	EXP 	Tstim_19: color = 'black'
20.1542 	EXP 	Tstim_20: color = 'black'
20.1542 	EXP 	Lstim: color = 'black'
20.1542 	EXP 	Lstim: ori = 221.0
20.1542 	EXP 	Tstim: ori = 100.0
20.1542 	EXP 	Tstim_2: ori = 314.0
20.1542 	EXP 	Tstim_3: ori = 345.0
20.1542 	EXP 	Tstim_4: ori = 259.0
20.1542 	EXP 	Tstim_5: ori = 333.0
20.1542 	EXP 	Tstim_6: ori = 353.0
20.1542 	EXP 	Tstim_7: ori = 341.0
20.1542 	EXP 	Tstim_8: ori = 250.0
20.1542 	EXP 	Tstim_9: ori = 274.0
20.1542 	EXP 	Tstim_10: ori = 94.0
20.1542 	EXP 	Tstim_11: ori = 297.0
20.1542 	EXP 	Tstim_12: ori = 46.0
20.1542 	EXP 	Tstim_13: ori = 215.0
20.1542 	EXP 	Tstim_14: ori = 151.0
20.1542 	EXP 	Tstim_15: ori = 312.0
20.1542 	EXP 	Tstim_16: ori = 118.0
20.1542 	EXP 	Tstim_17: ori = 132.0
20.1542 	EXP 	Tstim_18: ori = 52.0
20.1542 	EXP 	Tstim_19: ori = 125.0
20.1542 	EXP 	Tstim_20: ori = 96.0
20.1542 	EXP 	Tstim: opacity = 0.5
20.1542 	EXP 	Tstim: pos = array([-0.18, -0.24])
20.1542 	EXP 	Tstim: height = 0.1
20.1542 	EXP 	Tstim_2: opacity = 0.5
20.1542 	EXP 	Tstim_2: height = 0.1
20.1542 	EXP 	Tstim_3: opacity = 0.5
20.1542 	EXP 	Tstim_3: pos = array([-0.24,  0.3 ])
20.1542 	EXP 	Tstim_3: height = 0.1
20.1542 	EXP 	Tstim_4: opacity = 0.5
20.1542 	EXP 	Tstim_4: pos = array([-0.15, -0.09])
20.1542 	EXP 	Tstim_4: height = 0.1
20.1542 	EXP 	Tstim_5: opacity = 0.5
20.1542 	EXP 	Tstim_5: pos = array([0.03, 0.09])
20.1542 	EXP 	Tstim_5: height = 0.1
20.1542 	EXP 	Tstim_6: opacity = 0.5
20.1542 	EXP 	Tstim_6: pos = array([-0.27, -0.3 ])
20.1542 	EXP 	Tstim_6: height = 0.1
20.1542 	EXP 	Tstim_7: opacity = 0.5
20.1542 	EXP 	Tstim_7: pos = array([ 0.18, -0.21])
20.1542 	EXP 	Tstim_7: height = 0.1
20.1542 	EXP 	Tstim_8: opacity = 0.5
20.1542 	EXP 	Tstim_8: pos = array([0.12, 0.12])
20.1542 	EXP 	Tstim_8: height = 0.1
20.1542 	EXP 	Tstim_9: opacity = 0.5
20.1542 	EXP 	Tstim_9: pos = array([0.15, 0.18])
20.1542 	EXP 	Tstim_9: height = 0.1
20.1542 	EXP 	Tstim_10: opacity = 0.5
20.1542 	EXP 	Tstim_10: pos = array([-0.3 ,  0.15])
20.1542 	EXP 	Tstim_10: height = 0.1
20.1542 	EXP 	Tstim_11: opacity = 0.5
20.1542 	EXP 	Tstim_11: pos = array([-0.21, -0.03])
20.1542 	EXP 	Tstim_11: height = 0.1
20.1542 	EXP 	Tstim_12: opacity = 0.5
20.1542 	EXP 	Tstim_12: pos = array([0.09, 0.  ])
20.1542 	EXP 	Tstim_12: height = 0.1
20.1542 	EXP 	Tstim_13: opacity = 0.5
20.1542 	EXP 	Tstim_13: pos = array([0.06, 0.21])
20.1542 	EXP 	Tstim_13: height = 0.1
20.1542 	EXP 	Tstim_14: opacity = 0.5
20.1542 	EXP 	Tstim_14: pos = array([ 0.27, -0.18])
20.1542 	EXP 	Tstim_14: height = 0.1
20.1542 	EXP 	Tstim_15: opacity = 0.5
20.1542 	EXP 	Tstim_15: pos = array([ 0.  , -0.12])
20.1542 	EXP 	Tstim_15: height = 0.1
20.1542 	EXP 	Tstim_16: opacity = 0.5
20.1542 	EXP 	Tstim_16: pos = array([-0.09, -0.06])
20.1542 	EXP 	Tstim_16: height = 0.1
20.1542 	EXP 	Tstim_17: opacity = 0.5
20.1542 	EXP 	Tstim_17: pos = array([0.3 , 0.03])
20.1542 	EXP 	Tstim_17: height = 0.1
20.1542 	EXP 	Tstim_18: opacity = 0.5
20.1542 	EXP 	Tstim_18: pos = array([0.24, 0.24])
20.1542 	EXP 	Tstim_18: height = 0.1
20.1542 	EXP 	Tstim_19: opacity = 0.5
20.1542 	EXP 	Tstim_19: pos = array([-0.03, -0.15])
20.1542 	EXP 	Tstim_19: height = 0.1
20.1542 	EXP 	Tstim_20: opacity = 0.5
20.1542 	EXP 	Tstim_20: pos = array([ 0.21, -0.27])
20.1542 	EXP 	Tstim_20: height = 0.1
20.1542 	EXP 	Lstim: opacity = 0.5
20.1542 	EXP 	Lstim: pos = array([-0.06,  0.27])
20.1542 	EXP 	Lstim: height = 0.1
20.1542 	EXP 	Tstim: autoDraw = True
20.1542 	EXP 	Tstim_2: autoDraw = True
20.1542 	EXP 	Tstim_3: autoDraw = True
20.1542 	EXP 	Tstim_4: autoDraw = True
20.1542 	EXP 	Tstim_5: autoDraw = True
20.1542 	EXP 	Tstim_6: autoDraw = True
20.1542 	EXP 	Tstim_7: autoDraw = True
20.1542 	EXP 	Tstim_8: autoDraw = True
20.1542 	EXP 	Tstim_9: autoDraw = True
20.1542 	EXP 	Tstim_10: autoDraw = True
20.1542 	EXP 	Tstim_11: autoDraw = True
20.1542 	EXP 	Tstim_12: autoDraw = True
20.1542 	EXP 	Tstim_13: autoDraw = True
20.1542 	EXP 	Tstim_14: autoDraw = True
20.1542 	EXP 	Tstim_15: autoDraw = True
20.1542 	EXP 	Tstim_16: autoDraw = True
20.1542 	EXP 	Tstim_17: autoDraw = True
20.1542 	EXP 	Tstim_18: autoDraw = True
20.1542 	EXP 	Tstim_19: autoDraw = True
20.1542 	EXP 	Tstim_20: autoDraw = True
20.1542 	EXP 	Lstim: autoDraw = True
20.1542 	EXP 	Tstim: text = 'T'
20.1542 	EXP 	Tstim_2: text = 'T'
20.1542 	EXP 	Tstim_3: text = 'T'
20.1542 	EXP 	Tstim_4: text = 'T'
20.1542 	EXP 	Tstim_5: text = 'T'
20.1542 	EXP 	Tstim_6: text = 'T'
20.1542 	EXP 	Tstim_7: text = 'T'
20.1542 	EXP 	Tstim_8: text = 'T'
20.1542 	EXP 	Tstim_9: text = 'T'
20.1542 	EXP 	Tstim_10: text = 'T'
20.1542 	EXP 	Tstim_11: text = 'T'
20.1542 	EXP 	Tstim_12: text = 'T'
20.1542 	EXP 	Tstim_13: text = 'T'
20.1542 	EXP 	Tstim_14: text = 'T'
20.1542 	EXP 	Tstim_15: text = 'T'
20.1542 	EXP 	Tstim_16: text = 'T'
20.1542 	EXP 	Tstim_17: text = 'T'
20.1542 	EXP 	Tstim_18: text = 'T'
20.1542 	EXP 	Tstim_19: text = 'T'
20.1542 	EXP 	Tstim_20: text = 'T'
20.1542 	EXP 	Lstim: text = 'L'
22.0688 	DATA 	Mouse: Left button down, pos=(895,901)
22.0955 	EXP 	Tstim: autoDraw = False
22.0955 	EXP 	Tstim_2: autoDraw = False
22.0955 	EXP 	Tstim_3: autoDraw = False
22.0955 	EXP 	Tstim_4: autoDraw = False
22.0955 	EXP 	Tstim_5: autoDraw = False
22.0955 	EXP 	Tstim_6: autoDraw = False
22.0955 	EXP 	Tstim_7: autoDraw = False
22.0955 	EXP 	Tstim_8: autoDraw = False
22.0955 	EXP 	Tstim_9: autoDraw = False
22.0955 	EXP 	Tstim_10: autoDraw = False
22.0955 	EXP 	Tstim_11: autoDraw = False
22.0955 	EXP 	Tstim_12: autoDraw = False
22.0955 	EXP 	Tstim_13: autoDraw = False
22.0955 	EXP 	Tstim_14: autoDraw = False
22.0955 	EXP 	Tstim_15: autoDraw = False
22.0955 	EXP 	Tstim_16: autoDraw = False
22.0955 	EXP 	Tstim_17: autoDraw = False
22.0955 	EXP 	Tstim_18: autoDraw = False
22.0955 	EXP 	Tstim_19: autoDraw = False
22.0955 	EXP 	Tstim_20: autoDraw = False
22.0955 	EXP 	Lstim: autoDraw = False
22.0955 	EXP 	text: text = 'Target found!'
22.0955 	EXP 	text: autoDraw = True
22.1511 	DATA 	Mouse:  Left button up, pos=(895,901)
23.0826 	EXP 	New trial (rep=0, index=3): OrderedDict([('targetCol', 'red'), ('distractorCol', 'black'), ('mixedOris', 1), ('setSize', 20)])
23.1834 	EXP 	text: autoDraw = False
23.1834 	EXP 	text: autoDraw = False
23.1834 	EXP 	Tstim: color = 'black'
23.1834 	EXP 	Tstim_2: color = 'black'
23.1834 	EXP 	Tstim_3: color = 'black'
23.1834 	EXP 	Tstim_4: color = 'black'
23.1834 	EXP 	Tstim_5: color = 'black'
23.1834 	EXP 	Tstim_6: color = 'black'
23.1834 	EXP 	Tstim_7: color = 'black'
23.1834 	EXP 	Tstim_8: color = 'black'
23.1834 	EXP 	Tstim_9: color = 'black'
23.1834 	EXP 	Tstim_10: color = 'black'
23.1834 	EXP 	Tstim_11: color = 'black'
23.1834 	EXP 	Tstim_12: color = 'black'
23.1834 	EXP 	Tstim_13: color = 'black'
23.1834 	EXP 	Tstim_14: color = 'black'
23.1834 	EXP 	Tstim_15: color = 'black'
23.1834 	EXP 	Tstim_16: color = 'black'
23.1834 	EXP 	Tstim_17: color = 'black'
23.1834 	EXP 	Tstim_18: color = 'black'
23.1834 	EXP 	Tstim_19: color = 'black'
23.1834 	EXP 	Tstim_20: color = 'black'
23.1834 	EXP 	Lstim: color = 'red'
23.1834 	EXP 	Lstim: ori = 69.0
23.1834 	EXP 	Tstim: ori = 9.0
23.1834 	EXP 	Tstim_2: ori = 50.0
23.1834 	EXP 	Tstim_3: ori = 115.0
23.1834 	EXP 	Tstim_4: ori = 111.0
23.1834 	EXP 	Tstim_5: ori = 28.0
23.1834 	EXP 	Tstim_6: ori = 10.0
23.1834 	EXP 	Tstim_7: ori = 250.0
23.1834 	EXP 	Tstim_8: ori = 179.0
23.1834 	EXP 	Tstim_9: ori = 17.0
23.1834 	EXP 	Tstim_10: ori = 251.0
23.1834 	EXP 	Tstim_11: ori = 319.0
23.1834 	EXP 	Tstim_12: ori = 148.0
23.1834 	EXP 	Tstim_13: ori = 253.0
23.1834 	EXP 	Tstim_14: ori = 55.0
23.1834 	EXP 	Tstim_15: ori = 147.0
23.1834 	EXP 	Tstim_16: ori = 244.0
23.1834 	EXP 	Tstim_17: ori = 31.0
23.1834 	EXP 	Tstim_18: ori = 198.0
23.1834 	EXP 	Tstim_19: ori = 267.0
23.1834 	EXP 	Tstim_20: ori = 327.0
23.1834 	EXP 	Tstim: opacity = 0.5
23.1834 	EXP 	Tstim: pos = array([ 0.24, -0.3 ])
23.1834 	EXP 	Tstim: height = 0.1
23.1834 	EXP 	Tstim_2: opacity = 0.5
23.1834 	EXP 	Tstim_2: height = 0.1
23.1834 	EXP 	Tstim_3: opacity = 0.5
23.1834 	EXP 	Tstim_3: pos = array([0.15, 0.18])
23.1834 	EXP 	Tstim_3: height = 0.1
23.1834 	EXP 	Tstim_4: opacity = 0.5
23.1834 	EXP 	Tstim_4: pos = array([-0.06, -0.03])
23.1834 	EXP 	Tstim_4: height = 0.1
23.1834 	EXP 	Tstim_5: opacity = 0.5
23.1834 	EXP 	Tstim_5: pos = array([0.06, 0.12])
23.1834 	EXP 	Tstim_5: height = 0.1
23.1834 	EXP 	Tstim_6: opacity = 0.5
23.1834 	EXP 	Tstim_6: pos = array([0.09, 0.21])
23.1834 	EXP 	Tstim_6: height = 0.1
23.1834 	EXP 	Tstim_7: opacity = 0.5
23.1834 	EXP 	Tstim_7: pos = array([0.27, 0.09])
23.1834 	EXP 	Tstim_7: height = 0.1
23.1834 	EXP 	Tstim_8: opacity = 0.5
23.1834 	EXP 	Tstim_8: pos = array([0.  , 0.27])
23.1834 	EXP 	Tstim_8: height = 0.1
23.1834 	EXP 	Tstim_9: opacity = 0.5
23.1834 	EXP 	Tstim_9: pos = array([-0.12, -0.27])
23.1834 	EXP 	Tstim_9: height = 0.1
23.1834 	EXP 	Tstim_10: opacity = 0.5
23.1834 	EXP 	Tstim_10: pos = array([0.3 , 0.03])
23.1834 	EXP 	Tstim_10: height = 0.1
23.1834 	EXP 	Tstim_11: opacity = 0.5
23.1834 	EXP 	Tstim_11: pos = array([ 0.18, -0.12])
23.1834 	EXP 	Tstim_11: height = 0.1
23.1834 	EXP 	Tstim_12: opacity = 0.5
23.1834 	EXP 	Tstim_12: pos = array([-0.3 , -0.21])
23.1834 	EXP 	Tstim_12: height = 0.1
23.1834 	EXP 	Tstim_13: opacity = 0.5
23.1834 	EXP 	Tstim_13: pos = array([-0.09, -0.18])
23.1834 	EXP 	Tstim_13: height = 0.1
23.1834 	EXP 	Tstim_14: opacity = 0.5
23.1834 	EXP 	Tstim_14: pos = array([-0.24, -0.24])
23.1834 	EXP 	Tstim_14: height = 0.1
23.1834 	EXP 	Tstim_15: opacity = 0.5
23.1834 	EXP 	Tstim_15: pos = array([-0.03,  0.24])
23.1834 	EXP 	Tstim_15: height = 0.1
23.1834 	EXP 	Tstim_16: opacity = 0.5
23.1834 	EXP 	Tstim_16: pos = array([-0.15, -0.15])
23.1834 	EXP 	Tstim_16: height = 0.1
23.1834 	EXP 	Tstim_17: opacity = 0.5
23.1834 	EXP 	Tstim_17: pos = array([-0.27,  0.3 ])
23.1834 	EXP 	Tstim_17: height = 0.1
23.1834 	EXP 	Tstim_18: opacity = 0.5
23.1834 	EXP 	Tstim_18: pos = array([ 0.03, -0.06])
23.1834 	EXP 	Tstim_18: height = 0.1
23.1834 	EXP 	Tstim_19: opacity = 0.5
23.1834 	EXP 	Tstim_19: pos = array([-0.21, -0.09])
23.1834 	EXP 	Tstim_19: height = 0.1
23.1834 	EXP 	Tstim_20: opacity = 0.5
23.1834 	EXP 	Tstim_20: pos = array([0.12, 0.15])
23.1834 	EXP 	Tstim_20: height = 0.1
23.1834 	EXP 	Lstim: opacity = 0.5
23.1834 	EXP 	Lstim: pos = array([0.21, 0.06])
23.1834 	EXP 	Lstim: height = 0.1
23.1834 	EXP 	Tstim: autoDraw = True
23.1834 	EXP 	Tstim_2: autoDraw = True
23.1834 	EXP 	Tstim_3: autoDraw = True
23.1834 	EXP 	Tstim_4: autoDraw = True
23.1834 	EXP 	Tstim_5: autoDraw = True
23.1834 	EXP 	Tstim_6: autoDraw = True
23.1834 	EXP 	Tstim_7: autoDraw = True
23.1834 	EXP 	Tstim_8: autoDraw = True
23.1834 	EXP 	Tstim_9: autoDraw = True
23.1834 	EXP 	Tstim_10: autoDraw = True
23.1834 	EXP 	Tstim_11: autoDraw = True
23.1834 	EXP 	Tstim_12: autoDraw = True
23.1834 	EXP 	Tstim_13: autoDraw = True
23.1834 	EXP 	Tstim_14: autoDraw = True
23.1834 	EXP 	Tstim_15: autoDraw = True
23.1834 	EXP 	Tstim_16: autoDraw = True
23.1834 	EXP 	Tstim_17: autoDraw = True
23.1834 	EXP 	Tstim_18: autoDraw = True
23.1834 	EXP 	Tstim_19: autoDraw = True
23.1834 	EXP 	Tstim_20: autoDraw = True
23.1834 	EXP 	Lstim: autoDraw = True
23.1834 	EXP 	Tstim: text = 'T'
23.1834 	EXP 	Tstim_2: text = 'T'
23.1834 	EXP 	Tstim_3: text = 'T'
23.1834 	EXP 	Tstim_4: text = 'T'
23.1834 	EXP 	Tstim_5: text = 'T'
23.1834 	EXP 	Tstim_6: text = 'T'
23.1834 	EXP 	Tstim_7: text = 'T'
23.1834 	EXP 	Tstim_8: text = 'T'
23.1834 	EXP 	Tstim_9: text = 'T'
23.1834 	EXP 	Tstim_10: text = 'T'
23.1834 	EXP 	Tstim_11: text = 'T'
23.1834 	EXP 	Tstim_12: text = 'T'
23.1834 	EXP 	Tstim_13: text = 'T'
23.1834 	EXP 	Tstim_14: text = 'T'
23.1834 	EXP 	Tstim_15: text = 'T'
23.1834 	EXP 	Tstim_16: text = 'T'
23.1834 	EXP 	Tstim_17: text = 'T'
23.1834 	EXP 	Tstim_18: text = 'T'
23.1834 	EXP 	Tstim_19: text = 'T'
23.1834 	EXP 	Tstim_20: text = 'T'
23.1834 	EXP 	Lstim: text = 'L'
24.3559 	DATA 	Mouse: Left button down, pos=(1188,683)
24.3809 	EXP 	Tstim: autoDraw = False
24.3809 	EXP 	Tstim_2: autoDraw = False
24.3809 	EXP 	Tstim_3: autoDraw = False
24.3809 	EXP 	Tstim_4: autoDraw = False
24.3809 	EXP 	Tstim_5: autoDraw = False
24.3809 	EXP 	Tstim_6: autoDraw = False
24.3809 	EXP 	Tstim_7: autoDraw = False
24.3809 	EXP 	Tstim_8: autoDraw = False
24.3809 	EXP 	Tstim_9: autoDraw = False
24.3809 	EXP 	Tstim_10: autoDraw = False
24.3809 	EXP 	Tstim_11: autoDraw = False
24.3809 	EXP 	Tstim_12: autoDraw = False
24.3809 	EXP 	Tstim_13: autoDraw = False
24.3809 	EXP 	Tstim_14: autoDraw = False
24.3809 	EXP 	Tstim_15: autoDraw = False
24.3809 	EXP 	Tstim_16: autoDraw = False
24.3809 	EXP 	Tstim_17: autoDraw = False
24.3809 	EXP 	Tstim_18: autoDraw = False
24.3809 	EXP 	Tstim_19: autoDraw = False
24.3809 	EXP 	Tstim_20: autoDraw = False
24.3809 	EXP 	Lstim: autoDraw = False
24.3809 	EXP 	text: text = 'Target found!'
24.3809 	EXP 	text: autoDraw = True
24.4188 	DATA 	Mouse:  Left button up, pos=(1188,683)
25.3671 	EXP 	New trial (rep=0, index=4): OrderedDict([('targetCol', 'black'), ('distractorCol', 'black'), ('mixedOris', 1), ('setSize', 5)])
25.4567 	EXP 	text: autoDraw = False
25.4567 	EXP 	text: autoDraw = False
25.4567 	EXP 	Tstim: color = 'black'
25.4567 	EXP 	Tstim_2: color = 'black'
25.4567 	EXP 	Tstim_3: color = 'black'
25.4567 	EXP 	Tstim_4: color = 'black'
25.4567 	EXP 	Tstim_5: color = 'black'
25.4567 	EXP 	Tstim_6: color = 'grey'
25.4567 	EXP 	Tstim_7: color = 'grey'
25.4567 	EXP 	Tstim_8: color = 'grey'
25.4567 	EXP 	Tstim_9: color = 'grey'
25.4567 	EXP 	Tstim_10: color = 'grey'
25.4567 	EXP 	Tstim_11: color = 'grey'
25.4567 	EXP 	Tstim_12: color = 'grey'
25.4567 	EXP 	Tstim_13: color = 'grey'
25.4567 	EXP 	Tstim_14: color = 'grey'
25.4567 	EXP 	Tstim_15: color = 'grey'
25.4567 	EXP 	Tstim_16: color = 'grey'
25.4567 	EXP 	Tstim_17: color = 'grey'
25.4567 	EXP 	Tstim_18: color = 'grey'
25.4567 	EXP 	Tstim_19: color = 'grey'
25.4567 	EXP 	Tstim_20: color = 'grey'
25.4567 	EXP 	Lstim: color = 'black'
25.4567 	EXP 	Lstim: ori = 312.0
25.4567 	EXP 	Tstim: ori = 281.0
25.4567 	EXP 	Tstim_2: ori = 259.0
25.4567 	EXP 	Tstim_3: ori = 238.0
25.4567 	EXP 	Tstim_4: ori = 88.0
25.4567 	EXP 	Tstim_5: ori = 172.0
25.4567 	EXP 	Tstim_6: ori = 9.0
25.4567 	EXP 	Tstim_7: ori = 35.0
25.4567 	EXP 	Tstim_8: ori = 98.0
25.4567 	EXP 	Tstim_9: ori = 49.0
25.4567 	EXP 	Tstim_10: ori = 136.0
25.4567 	EXP 	Tstim_11: ori = 137.0
25.4567 	EXP 	Tstim_12: ori = 184.0
25.4567 	EXP 	Tstim_13: ori = 175.0
25.4567 	EXP 	Tstim_14: ori = 128.0
25.4567 	EXP 	Tstim_15: ori = 326.0
25.4567 	EXP 	Tstim_16: ori = 246.0
25.4567 	EXP 	Tstim_17: ori = 71.0
25.4567 	EXP 	Tstim_18: ori = 97.0
25.4567 	EXP 	Tstim_19: ori = 21.0
25.4567 	EXP 	Tstim_20: ori = 108.0
25.4567 	EXP 	Tstim: opacity = 0.5
25.4567 	EXP 	Tstim: pos = array([-0.03,  0.3 ])
25.4567 	EXP 	Tstim: height = 0.1
25.4567 	EXP 	Tstim_2: opacity = 0.5
25.4567 	EXP 	Tstim_2: height = 0.1
25.4567 	EXP 	Tstim_3: opacity = 0.5
25.4567 	EXP 	Tstim_3: pos = array([0.21, 0.12])
25.4567 	EXP 	Tstim_3: height = 0.1
25.4567 	EXP 	Tstim_4: opacity = 0.5
25.4567 	EXP 	Tstim_4: pos = array([-0.24, -0.06])
25.4567 	EXP 	Tstim_4: height = 0.1
25.4567 	EXP 	Tstim_5: opacity = 0.5
25.4567 	EXP 	Tstim_5: pos = array([-0.21, -0.21])
25.4567 	EXP 	Tstim_5: height = 0.1
25.4567 	EXP 	Tstim_6: opacity = 0.5
25.4567 	EXP 	Tstim_6: pos = array([0.03, 0.21])
25.4567 	EXP 	Tstim_6: height = 0.1
25.4567 	EXP 	Tstim_7: opacity = 0.5
25.4567 	EXP 	Tstim_7: pos = array([-0.12, -0.24])
25.4567 	EXP 	Tstim_7: height = 0.1
25.4567 	EXP 	Tstim_8: opacity = 0.5
25.4567 	EXP 	Tstim_8: pos = array([-0.3 ,  0.27])
25.4567 	EXP 	Tstim_8: height = 0.1
25.4567 	EXP 	Tstim_9: opacity = 0.5
25.4567 	EXP 	Tstim_9: pos = array([0.12, 0.09])
25.4567 	EXP 	Tstim_9: height = 0.1
25.4567 	EXP 	Tstim_10: opacity = 0.5
25.4567 	EXP 	Tstim_10: pos = array([0.18, 0.  ])
25.4567 	EXP 	Tstim_10: height = 0.1
25.4567 	EXP 	Tstim_11: opacity = 0.5
25.4567 	EXP 	Tstim_11: pos = array([-0.27, -0.09])
25.4567 	EXP 	Tstim_11: height = 0.1
25.4567 	EXP 	Tstim_12: opacity = 0.5
25.4567 	EXP 	Tstim_12: pos = array([0.  , 0.24])
25.4567 	EXP 	Tstim_12: height = 0.1
25.4567 	EXP 	Tstim_13: opacity = 0.5
25.4567 	EXP 	Tstim_13: pos = array([ 0.15, -0.3 ])
25.4567 	EXP 	Tstim_13: height = 0.1
25.4567 	EXP 	Tstim_14: opacity = 0.5
25.4567 	EXP 	Tstim_14: pos = array([0.3 , 0.03])
25.4567 	EXP 	Tstim_14: height = 0.1
25.4567 	EXP 	Tstim_15: opacity = 0.5
25.4567 	EXP 	Tstim_15: pos = array([ 0.24, -0.03])
25.4567 	EXP 	Tstim_15: height = 0.1
25.4567 	EXP 	Tstim_16: opacity = 0.5
25.4567 	EXP 	Tstim_16: pos = array([ 0.09, -0.27])
25.4567 	EXP 	Tstim_16: height = 0.1
25.4567 	EXP 	Tstim_17: opacity = 0.5
25.4567 	EXP 	Tstim_17: pos = array([-0.06,  0.18])
25.4567 	EXP 	Tstim_17: height = 0.1
25.4567 	EXP 	Tstim_18: opacity = 0.5
25.4567 	EXP 	Tstim_18: pos = array([-0.09, -0.12])
25.4567 	EXP 	Tstim_18: height = 0.1
25.4567 	EXP 	Tstim_19: opacity = 0.5
25.4567 	EXP 	Tstim_19: pos = array([ 0.27, -0.15])
25.4567 	EXP 	Tstim_19: height = 0.1
25.4567 	EXP 	Tstim_20: opacity = 0.5
25.4567 	EXP 	Tstim_20: pos = array([-0.15,  0.15])
25.4567 	EXP 	Tstim_20: height = 0.1
25.4567 	EXP 	Lstim: opacity = 0.5
25.4567 	EXP 	Lstim: pos = array([-0.18,  0.06])
25.4567 	EXP 	Lstim: height = 0.1
25.4567 	EXP 	Tstim: autoDraw = True
25.4567 	EXP 	Tstim_2: autoDraw = True
25.4567 	EXP 	Tstim_3: autoDraw = True
25.4567 	EXP 	Tstim_4: autoDraw = True
25.4567 	EXP 	Tstim_5: autoDraw = True
25.4567 	EXP 	Tstim_6: autoDraw = True
25.4567 	EXP 	Tstim_7: autoDraw = True
25.4567 	EXP 	Tstim_8: autoDraw = True
25.4567 	EXP 	Tstim_9: autoDraw = True
25.4567 	EXP 	Tstim_10: autoDraw = True
25.4567 	EXP 	Tstim_11: autoDraw = True
25.4567 	EXP 	Tstim_12: autoDraw = True
25.4567 	EXP 	Tstim_13: autoDraw = True
25.4567 	EXP 	Tstim_14: autoDraw = True
25.4567 	EXP 	Tstim_15: autoDraw = True
25.4567 	EXP 	Tstim_16: autoDraw = True
25.4567 	EXP 	Tstim_17: autoDraw = True
25.4567 	EXP 	Tstim_18: autoDraw = True
25.4567 	EXP 	Tstim_19: autoDraw = True
25.4567 	EXP 	Tstim_20: autoDraw = True
25.4567 	EXP 	Lstim: autoDraw = True
25.4567 	EXP 	Tstim: text = 'T'
25.4567 	EXP 	Tstim_2: text = 'T'
25.4567 	EXP 	Tstim_3: text = 'T'
25.4567 	EXP 	Tstim_4: text = 'T'
25.4567 	EXP 	Tstim_5: text = 'T'
25.4567 	EXP 	Tstim_6: text = 'T'
25.4567 	EXP 	Tstim_7: text = 'T'
25.4567 	EXP 	Tstim_8: text = 'T'
25.4567 	EXP 	Tstim_9: text = 'T'
25.4567 	EXP 	Tstim_10: text = 'T'
25.4567 	EXP 	Tstim_11: text = 'T'
25.4567 	EXP 	Tstim_12: text = 'T'
25.4567 	EXP 	Tstim_13: text = 'T'
25.4567 	EXP 	Tstim_14: text = 'T'
25.4567 	EXP 	Tstim_15: text = 'T'
25.4567 	EXP 	Tstim_16: text = 'T'
25.4567 	EXP 	Tstim_17: text = 'T'
25.4567 	EXP 	Tstim_18: text = 'T'
25.4567 	EXP 	Tstim_19: text = 'T'
25.4567 	EXP 	Tstim_20: text = 'T'
25.4567 	EXP 	Lstim: text = 'L'
26.4493 	DATA 	Mouse: Left button down, pos=(732,661)
26.4655 	EXP 	Tstim: autoDraw = False
26.4655 	EXP 	Tstim_2: autoDraw = False
26.4655 	EXP 	Tstim_3: autoDraw = False
26.4655 	EXP 	Tstim_4: autoDraw = False
26.4655 	EXP 	Tstim_5: autoDraw = False
26.4655 	EXP 	Tstim_6: autoDraw = False
26.4655 	EXP 	Tstim_7: autoDraw = False
26.4655 	EXP 	Tstim_8: autoDraw = False
26.4655 	EXP 	Tstim_9: autoDraw = False
26.4655 	EXP 	Tstim_10: autoDraw = False
26.4655 	EXP 	Tstim_11: autoDraw = False
26.4655 	EXP 	Tstim_12: autoDraw = False
26.4655 	EXP 	Tstim_13: autoDraw = False
26.4655 	EXP 	Tstim_14: autoDraw = False
26.4655 	EXP 	Tstim_15: autoDraw = False
26.4655 	EXP 	Tstim_16: autoDraw = False
26.4655 	EXP 	Tstim_17: autoDraw = False
26.4655 	EXP 	Tstim_18: autoDraw = False
26.4655 	EXP 	Tstim_19: autoDraw = False
26.4655 	EXP 	Tstim_20: autoDraw = False
26.4655 	EXP 	Lstim: autoDraw = False
26.4655 	EXP 	text: text = 'Target found!'
26.4655 	EXP 	text: autoDraw = True
26.5206 	DATA 	Mouse:  Left button up, pos=(732,661)
27.4514 	EXP 	New trial (rep=0, index=5): OrderedDict([('targetCol', 'black'), ('distractorCol', 'black'), ('mixedOris', 0), ('setSize', 20)])
27.5633 	EXP 	text: autoDraw = False
27.5633 	EXP 	text: autoDraw = False
27.5633 	EXP 	Tstim: color = 'black'
27.5633 	EXP 	Tstim_2: color = 'black'
27.5633 	EXP 	Tstim_3: color = 'black'
27.5633 	EXP 	Tstim_4: color = 'black'
27.5633 	EXP 	Tstim_5: color = 'black'
27.5633 	EXP 	Tstim_6: color = 'black'
27.5633 	EXP 	Tstim_7: color = 'black'
27.5633 	EXP 	Tstim_8: color = 'black'
27.5633 	EXP 	Tstim_9: color = 'black'
27.5633 	EXP 	Tstim_10: color = 'black'
27.5633 	EXP 	Tstim_11: color = 'black'
27.5633 	EXP 	Tstim_12: color = 'black'
27.5633 	EXP 	Tstim_13: color = 'black'
27.5633 	EXP 	Tstim_14: color = 'black'
27.5633 	EXP 	Tstim_15: color = 'black'
27.5633 	EXP 	Tstim_16: color = 'black'
27.5633 	EXP 	Tstim_17: color = 'black'
27.5633 	EXP 	Tstim_18: color = 'black'
27.5633 	EXP 	Tstim_19: color = 'black'
27.5633 	EXP 	Tstim_20: color = 'black'
27.5633 	EXP 	Lstim: color = 'black'
27.5633 	EXP 	Tstim: opacity = 0.5
27.5633 	EXP 	Tstim: pos = array([ 0.24, -0.3 ])
27.5633 	EXP 	Tstim: height = 0.1
27.5633 	EXP 	Tstim_2: opacity = 0.5
27.5633 	EXP 	Tstim_2: height = 0.1
27.5633 	EXP 	Tstim_3: opacity = 0.5
27.5633 	EXP 	Tstim_3: pos = array([-0.27, -0.09])
27.5633 	EXP 	Tstim_3: height = 0.1
27.5633 	EXP 	Tstim_4: opacity = 0.5
27.5633 	EXP 	Tstim_4: pos = array([-0.06,  0.12])
27.5633 	EXP 	Tstim_4: height = 0.1
27.5633 	EXP 	Tstim_5: opacity = 0.5
27.5633 	EXP 	Tstim_5: pos = array([-0.18,  0.03])
27.5633 	EXP 	Tstim_5: height = 0.1
27.5633 	EXP 	Tstim_6: opacity = 0.5
27.5633 	EXP 	Tstim_6: pos = array([-0.15, -0.06])
27.5633 	EXP 	Tstim_6: height = 0.1
27.5633 	EXP 	Tstim_7: opacity = 0.5
27.5633 	EXP 	Tstim_7: pos = array([0.06, 0.09])
27.5633 	EXP 	Tstim_7: height = 0.1
27.5633 	EXP 	Tstim_8: opacity = 0.5
27.5633 	EXP 	Tstim_8: pos = array([-0.03, -0.12])
27.5633 	EXP 	Tstim_8: height = 0.1
27.5633 	EXP 	Tstim_9: opacity = 0.5
27.5633 	EXP 	Tstim_9: pos = array([0.03, 0.21])
27.5633 	EXP 	Tstim_9: height = 0.1
27.5633 	EXP 	Tstim_10: opacity = 0.5
27.5633 	EXP 	Tstim_10: pos = array([0.3 , 0.06])
27.5633 	EXP 	Tstim_10: height = 0.1
27.5633 	EXP 	Tstim_11: opacity = 0.5
27.5633 	EXP 	Tstim_11: pos = array([-0.24, -0.03])
27.5633 	EXP 	Tstim_11: height = 0.1
27.5633 	EXP 	Tstim_12: opacity = 0.5
27.5633 	EXP 	Tstim_12: pos = array([-0.21,  0.24])
27.5633 	EXP 	Tstim_12: height = 0.1
27.5633 	EXP 	Tstim_13: opacity = 0.5
27.5633 	EXP 	Tstim_13: pos = array([ 0.09, -0.27])
27.5633 	EXP 	Tstim_13: height = 0.1
27.5633 	EXP 	Tstim_14: opacity = 0.5
27.5633 	EXP 	Tstim_14: pos = array([0.12, 0.3 ])
27.5633 	EXP 	Tstim_14: height = 0.1
27.5633 	EXP 	Tstim_15: opacity = 0.5
27.5633 	EXP 	Tstim_15: pos = array([-0.3 ,  0.15])
27.5633 	EXP 	Tstim_15: height = 0.1
27.5633 	EXP 	Tstim_16: opacity = 0.5
27.5633 	EXP 	Tstim_16: pos = array([0.15, 0.27])
27.5633 	EXP 	Tstim_16: height = 0.1
27.5633 	EXP 	Tstim_17: opacity = 0.5
27.5633 	EXP 	Tstim_17: pos = array([ 0.21, -0.18])
27.5633 	EXP 	Tstim_17: height = 0.1
27.5633 	EXP 	Tstim_18: opacity = 0.5
27.5633 	EXP 	Tstim_18: pos = array([-0.12,  0.  ])
27.5633 	EXP 	Tstim_18: height = 0.1
27.5633 	EXP 	Tstim_19: opacity = 0.5
27.5633 	EXP 	Tstim_19: pos = array([ 0.18, -0.15])
27.5633 	EXP 	Tstim_19: height = 0.1
27.5633 	EXP 	Tstim_20: opacity = 0.5
27.5633 	EXP 	Tstim_20: pos = array([ 0.27, -0.24])
27.5633 	EXP 	Tstim_20: height = 0.1
27.5633 	EXP 	Lstim: opacity = 0.5
27.5633 	EXP 	Lstim: pos = array([0.  , 0.18])
27.5633 	EXP 	Lstim: height = 0.1
27.5633 	EXP 	Tstim: autoDraw = True
27.5633 	EXP 	Tstim_2: autoDraw = True
27.5633 	EXP 	Tstim_3: autoDraw = True
27.5633 	EXP 	Tstim_4: autoDraw = True
27.5633 	EXP 	Tstim_5: autoDraw = True
27.5633 	EXP 	Tstim_6: autoDraw = True
27.5633 	EXP 	Tstim_7: autoDraw = True
27.5633 	EXP 	Tstim_8: autoDraw = True
27.5633 	EXP 	Tstim_9: autoDraw = True
27.5633 	EXP 	Tstim_10: autoDraw = True
27.5633 	EXP 	Tstim_11: autoDraw = True
27.5633 	EXP 	Tstim_12: autoDraw = True
27.5633 	EXP 	Tstim_13: autoDraw = True
27.5633 	EXP 	Tstim_14: autoDraw = True
27.5633 	EXP 	Tstim_15: autoDraw = True
27.5633 	EXP 	Tstim_16: autoDraw = True
27.5633 	EXP 	Tstim_17: autoDraw = True
27.5633 	EXP 	Tstim_18: autoDraw = True
27.5633 	EXP 	Tstim_19: autoDraw = True
27.5633 	EXP 	Tstim_20: autoDraw = True
27.5633 	EXP 	Lstim: autoDraw = True
27.5633 	EXP 	Tstim: text = 'T'
27.5633 	EXP 	Tstim_2: text = 'T'
27.5633 	EXP 	Tstim_3: text = 'T'
27.5633 	EXP 	Tstim_4: text = 'T'
27.5633 	EXP 	Tstim_5: text = 'T'
27.5633 	EXP 	Tstim_6: text = 'T'
27.5633 	EXP 	Tstim_7: text = 'T'
27.5633 	EXP 	Tstim_8: text = 'T'
27.5633 	EXP 	Tstim_9: text = 'T'
27.5633 	EXP 	Tstim_10: text = 'T'
27.5633 	EXP 	Tstim_11: text = 'T'
27.5633 	EXP 	Tstim_12: text = 'T'
27.5633 	EXP 	Tstim_13: text = 'T'
27.5633 	EXP 	Tstim_14: text = 'T'
27.5633 	EXP 	Tstim_15: text = 'T'
27.5633 	EXP 	Tstim_16: text = 'T'
27.5633 	EXP 	Tstim_17: text = 'T'
27.5633 	EXP 	Tstim_18: text = 'T'
27.5633 	EXP 	Tstim_19: text = 'T'
27.5633 	EXP 	Tstim_20: text = 'T'
27.5633 	EXP 	Lstim: text = 'L'
29.9775 	DATA 	Mouse: Left button down, pos=(985,783)
30.0020 	EXP 	Tstim: autoDraw = False
30.0020 	EXP 	Tstim_2: autoDraw = False
30.0020 	EXP 	Tstim_3: autoDraw = False
30.0020 	EXP 	Tstim_4: autoDraw = False
30.0020 	EXP 	Tstim_5: autoDraw = False
30.0020 	EXP 	Tstim_6: autoDraw = False
30.0020 	EXP 	Tstim_7: autoDraw = False
30.0020 	EXP 	Tstim_8: autoDraw = False
30.0020 	EXP 	Tstim_9: autoDraw = False
30.0020 	EXP 	Tstim_10: autoDraw = False
30.0020 	EXP 	Tstim_11: autoDraw = False
30.0020 	EXP 	Tstim_12: autoDraw = False
30.0020 	EXP 	Tstim_13: autoDraw = False
30.0020 	EXP 	Tstim_14: autoDraw = False
30.0020 	EXP 	Tstim_15: autoDraw = False
30.0020 	EXP 	Tstim_16: autoDraw = False
30.0020 	EXP 	Tstim_17: autoDraw = False
30.0020 	EXP 	Tstim_18: autoDraw = False
30.0020 	EXP 	Tstim_19: autoDraw = False
30.0020 	EXP 	Tstim_20: autoDraw = False
30.0020 	EXP 	Lstim: autoDraw = False
30.0020 	EXP 	text: text = 'Target found!'
30.0020 	EXP 	text: autoDraw = True
30.0897 	DATA 	Mouse:  Left button up, pos=(985,783)
30.9890 	EXP 	New trial (rep=0, index=6): OrderedDict([('targetCol', 'black'), ('distractorCol', 'black'), ('mixedOris', 1), ('setSize', 5)])
31.1364 	EXP 	text: autoDraw = False
31.1364 	EXP 	text: autoDraw = False
31.1364 	EXP 	Tstim: color = 'black'
31.1364 	EXP 	Tstim_2: color = 'black'
31.1364 	EXP 	Tstim_3: color = 'black'
31.1364 	EXP 	Tstim_4: color = 'black'
31.1364 	EXP 	Tstim_5: color = 'black'
31.1364 	EXP 	Tstim_6: color = 'grey'
31.1364 	EXP 	Tstim_7: color = 'grey'
31.1364 	EXP 	Tstim_8: color = 'grey'
31.1364 	EXP 	Tstim_9: color = 'grey'
31.1364 	EXP 	Tstim_10: color = 'grey'
31.1364 	EXP 	Tstim_11: color = 'grey'
31.1364 	EXP 	Tstim_12: color = 'grey'
31.1364 	EXP 	Tstim_13: color = 'grey'
31.1364 	EXP 	Tstim_14: color = 'grey'
31.1364 	EXP 	Tstim_15: color = 'grey'
31.1364 	EXP 	Tstim_16: color = 'grey'
31.1364 	EXP 	Tstim_17: color = 'grey'
31.1364 	EXP 	Tstim_18: color = 'grey'
31.1364 	EXP 	Tstim_19: color = 'grey'
31.1364 	EXP 	Tstim_20: color = 'grey'
31.1364 	EXP 	Lstim: color = 'black'
31.1364 	EXP 	Lstim: ori = 5.0
31.1364 	EXP 	Tstim: ori = 215.0
31.1364 	EXP 	Tstim_2: ori = 48.0
31.1364 	EXP 	Tstim_3: ori = 147.0
31.1364 	EXP 	Tstim_4: ori = 346.0
31.1364 	EXP 	Tstim_5: ori = 112.0
31.1364 	EXP 	Tstim_6: ori = 3.0
31.1364 	EXP 	Tstim_7: ori = 137.0
31.1364 	EXP 	Tstim_8: ori = 42.0
31.1364 	EXP 	Tstim_9: ori = 12.0
31.1364 	EXP 	Tstim_10: ori = 18.0
31.1364 	EXP 	Tstim_11: ori = 7.0
31.1364 	EXP 	Tstim_12: ori = 98.0
31.1364 	EXP 	Tstim_13: ori = 36.0
31.1364 	EXP 	Tstim_14: ori = 252.0
31.1364 	EXP 	Tstim_15: ori = 209.0
31.1364 	EXP 	Tstim_16: ori = 135.0
31.1364 	EXP 	Tstim_17: ori = 48.0
31.1364 	EXP 	Tstim_18: ori = 310.0
31.1364 	EXP 	Tstim_19: ori = 344.0
31.1364 	EXP 	Tstim_20: ori = 92.0
31.1364 	EXP 	Tstim: opacity = 0.5
31.1364 	EXP 	Tstim: pos = array([-0.03, -0.3 ])
31.1364 	EXP 	Tstim: height = 0.1
31.1364 	EXP 	Tstim_2: opacity = 0.5
31.1364 	EXP 	Tstim_2: height = 0.1
31.1364 	EXP 	Tstim_3: opacity = 0.5
31.1364 	EXP 	Tstim_3: pos = array([-0.24,  0.3 ])
31.1364 	EXP 	Tstim_3: height = 0.1
31.1364 	EXP 	Tstim_4: opacity = 0.5
31.1364 	EXP 	Tstim_4: pos = array([0.3 , 0.18])
31.1364 	EXP 	Tstim_4: height = 0.1
31.1364 	EXP 	Tstim_5: opacity = 0.5
31.1364 	EXP 	Tstim_5: pos = array([0.21, 0.21])
31.1364 	EXP 	Tstim_5: height = 0.1
31.1364 	EXP 	Tstim_6: opacity = 0.5
31.1364 	EXP 	Tstim_6: pos = array([0.24, 0.12])
31.1364 	EXP 	Tstim_6: height = 0.1
31.1364 	EXP 	Tstim_7: opacity = 0.5
31.1364 	EXP 	Tstim_7: pos = array([ 0.06, -0.21])
31.1364 	EXP 	Tstim_7: height = 0.1
31.1364 	EXP 	Tstim_8: opacity = 0.5
31.1364 	EXP 	Tstim_8: pos = array([-0.12, -0.15])
31.1364 	EXP 	Tstim_8: height = 0.1
31.1364 	EXP 	Tstim_9: opacity = 0.5
31.1364 	EXP 	Tstim_9: pos = array([-0.3 ,  0.03])
31.1364 	EXP 	Tstim_9: height = 0.1
31.1364 	EXP 	Tstim_10: opacity = 0.5
31.1364 	EXP 	Tstim_10: pos = array([-0.21,  0.06])
31.1364 	EXP 	Tstim_10: height = 0.1
31.1364 	EXP 	Tstim_11: opacity = 0.5
31.1364 	EXP 	Tstim_11: pos = array([-0.09, -0.18])
31.1364 	EXP 	Tstim_11: height = 0.1
31.1364 	EXP 	Tstim_12: opacity = 0.5
31.1364 	EXP 	Tstim_12: pos = array([-0.18, -0.12])
31.1364 	EXP 	Tstim_12: height = 0.1
31.1364 	EXP 	Tstim_13: opacity = 0.5
31.1364 	EXP 	Tstim_13: pos = array([ 0.18, -0.03])
31.1364 	EXP 	Tstim_13: height = 0.1
31.1364 	EXP 	Tstim_14: opacity = 0.5
31.1364 	EXP 	Tstim_14: pos = array([0.27, 0.09])
31.1364 	EXP 	Tstim_14: height = 0.1
31.1364 	EXP 	Tstim_15: opacity = 0.5
31.1364 	EXP 	Tstim_15: pos = array([ 0.12, -0.09])
31.1364 	EXP 	Tstim_15: height = 0.1
31.1364 	EXP 	Tstim_16: opacity = 0.5
31.1364 	EXP 	Tstim_16: pos = array([ 0.  , -0.27])
31.1364 	EXP 	Tstim_16: height = 0.1
31.1364 	EXP 	Tstim_17: opacity = 0.5
31.1364 	EXP 	Tstim_17: pos = array([0.15, 0.  ])
31.1364 	EXP 	Tstim_17: height = 0.1
31.1364 	EXP 	Tstim_18: opacity = 0.5
31.1364 	EXP 	Tstim_18: pos = array([0.09, 0.15])
31.1364 	EXP 	Tstim_18: height = 0.1
31.1364 	EXP 	Tstim_19: opacity = 0.5
31.1364 	EXP 	Tstim_19: pos = array([-0.06, -0.24])
31.1364 	EXP 	Tstim_19: height = 0.1
31.1364 	EXP 	Tstim_20: opacity = 0.5
31.1364 	EXP 	Tstim_20: pos = array([-0.15,  0.27])
31.1364 	EXP 	Tstim_20: height = 0.1
31.1364 	EXP 	Lstim: opacity = 0.5
31.1364 	EXP 	Lstim: pos = array([0.03, 0.24])
31.1364 	EXP 	Lstim: height = 0.1
31.1364 	EXP 	Tstim: autoDraw = True
31.1364 	EXP 	Tstim_2: autoDraw = True
31.1364 	EXP 	Tstim_3: autoDraw = True
31.1364 	EXP 	Tstim_4: autoDraw = True
31.1364 	EXP 	Tstim_5: autoDraw = True
31.1364 	EXP 	Tstim_6: autoDraw = True
31.1364 	EXP 	Tstim_7: autoDraw = True
31.1364 	EXP 	Tstim_8: autoDraw = True
31.1364 	EXP 	Tstim_9: autoDraw = True
31.1364 	EXP 	Tstim_10: autoDraw = True
31.1364 	EXP 	Tstim_11: autoDraw = True
31.1364 	EXP 	Tstim_12: autoDraw = True
31.1364 	EXP 	Tstim_13: autoDraw = True
31.1364 	EXP 	Tstim_14: autoDraw = True
31.1364 	EXP 	Tstim_15: autoDraw = True
31.1364 	EXP 	Tstim_16: autoDraw = True
31.1364 	EXP 	Tstim_17: autoDraw = True
31.1364 	EXP 	Tstim_18: autoDraw = True
31.1364 	EXP 	Tstim_19: autoDraw = True
31.1364 	EXP 	Tstim_20: autoDraw = True
31.1364 	EXP 	Lstim: autoDraw = True
31.1364 	EXP 	Tstim: text = 'T'
31.1364 	EXP 	Tstim_2: text = 'T'
31.1364 	EXP 	Tstim_3: text = 'T'
31.1364 	EXP 	Tstim_4: text = 'T'
31.1364 	EXP 	Tstim_5: text = 'T'
31.1364 	EXP 	Tstim_6: text = 'T'
31.1364 	EXP 	Tstim_7: text = 'T'
31.1364 	EXP 	Tstim_8: text = 'T'
31.1364 	EXP 	Tstim_9: text = 'T'
31.1364 	EXP 	Tstim_10: text = 'T'
31.1364 	EXP 	Tstim_11: text = 'T'
31.1364 	EXP 	Tstim_12: text = 'T'
31.1364 	EXP 	Tstim_13: text = 'T'
31.1364 	EXP 	Tstim_14: text = 'T'
31.1364 	EXP 	Tstim_15: text = 'T'
31.1364 	EXP 	Tstim_16: text = 'T'
31.1364 	EXP 	Tstim_17: text = 'T'
31.1364 	EXP 	Tstim_18: text = 'T'
31.1364 	EXP 	Tstim_19: text = 'T'
31.1364 	EXP 	Tstim_20: text = 'T'
31.1364 	EXP 	Lstim: text = 'L'
32.5735 	DATA 	Mouse: Left button down, pos=(1005,839)
32.5899 	EXP 	Tstim: autoDraw = False
32.5899 	EXP 	Tstim_2: autoDraw = False
32.5899 	EXP 	Tstim_3: autoDraw = False
32.5899 	EXP 	Tstim_4: autoDraw = False
32.5899 	EXP 	Tstim_5: autoDraw = False
32.5899 	EXP 	Tstim_6: autoDraw = False
32.5899 	EXP 	Tstim_7: autoDraw = False
32.5899 	EXP 	Tstim_8: autoDraw = False
32.5899 	EXP 	Tstim_9: autoDraw = False
32.5899 	EXP 	Tstim_10: autoDraw = False
32.5899 	EXP 	Tstim_11: autoDraw = False
32.5899 	EXP 	Tstim_12: autoDraw = False
32.5899 	EXP 	Tstim_13: autoDraw = False
32.5899 	EXP 	Tstim_14: autoDraw = False
32.5899 	EXP 	Tstim_15: autoDraw = False
32.5899 	EXP 	Tstim_16: autoDraw = False
32.5899 	EXP 	Tstim_17: autoDraw = False
32.5899 	EXP 	Tstim_18: autoDraw = False
32.5899 	EXP 	Tstim_19: autoDraw = False
32.5899 	EXP 	Tstim_20: autoDraw = False
32.5899 	EXP 	Lstim: autoDraw = False
32.5899 	EXP 	text: text = 'Target found!'
32.5899 	EXP 	text: autoDraw = True
32.7086 	DATA 	Mouse:  Left button up, pos=(1005,839)
33.5894 	EXP 	New trial (rep=0, index=7): OrderedDict([('targetCol', 'black'), ('distractorCol', 'black'), ('mixedOris', 1), ('setSize', 5)])
33.7087 	EXP 	text: autoDraw = False
33.7087 	EXP 	Tstim: color = 'black'
33.7087 	EXP 	Tstim_2: color = 'black'
33.7087 	EXP 	Tstim_3: color = 'black'
33.7087 	EXP 	Tstim_4: color = 'black'
33.7087 	EXP 	Tstim_5: color = 'black'
33.7087 	EXP 	Tstim_6: color = 'grey'
33.7087 	EXP 	Tstim_7: color = 'grey'
33.7087 	EXP 	Tstim_8: color = 'grey'
33.7087 	EXP 	Tstim_9: color = 'grey'
33.7087 	EXP 	Tstim_10: color = 'grey'
33.7087 	EXP 	Tstim_11: color = 'grey'
33.7087 	EXP 	Tstim_12: color = 'grey'
33.7087 	EXP 	Tstim_13: color = 'grey'
33.7087 	EXP 	Tstim_14: color = 'grey'
33.7087 	EXP 	Tstim_15: color = 'grey'
33.7087 	EXP 	Tstim_16: color = 'grey'
33.7087 	EXP 	Tstim_17: color = 'grey'
33.7087 	EXP 	Tstim_18: color = 'grey'
33.7087 	EXP 	Tstim_19: color = 'grey'
33.7087 	EXP 	Tstim_20: color = 'grey'
33.7087 	EXP 	Lstim: color = 'black'
33.7087 	EXP 	Lstim: ori = 240.0
33.7087 	EXP 	Tstim: ori = 284.0
33.7087 	EXP 	Tstim_2: ori = 116.0
33.7087 	EXP 	Tstim_3: ori = 77.0
33.7087 	EXP 	Tstim_4: ori = 313.0
33.7087 	EXP 	Tstim_5: ori = 117.0
33.7087 	EXP 	Tstim_6: ori = 259.0
33.7087 	EXP 	Tstim_7: ori = 276.0
33.7087 	EXP 	Tstim_8: ori = 52.0
33.7087 	EXP 	Tstim_9: ori = 238.0
33.7087 	EXP 	Tstim_10: ori = 263.0
33.7087 	EXP 	Tstim_11: ori = 308.0
33.7087 	EXP 	Tstim_12: ori = 188.0
33.7087 	EXP 	Tstim_13: ori = 44.0
33.7087 	EXP 	Tstim_14: ori = 213.0
33.7087 	EXP 	Tstim_15: ori = 232.0
33.7087 	EXP 	Tstim_16: ori = 286.0
33.7087 	EXP 	Tstim_17: ori = 142.0
33.7087 	EXP 	Tstim_18: ori = 307.0
33.7087 	EXP 	Tstim_19: ori = 247.0
33.7087 	EXP 	Tstim_20: ori = 338.0
33.7087 	EXP 	Tstim: opacity = 0.5
33.7087 	EXP 	Tstim: pos = array([-0.24, -0.06])
33.7087 	EXP 	Tstim: height = 0.1
33.7087 	EXP 	Tstim_2: opacity = 0.5
33.7087 	EXP 	Tstim_2: height = 0.1
33.7087 	EXP 	Tstim_3: opacity = 0.5
33.7087 	EXP 	Tstim_3: pos = array([0.12, 0.12])
33.7087 	EXP 	Tstim_3: height = 0.1
33.7087 	EXP 	Tstim_4: opacity = 0.5
33.7087 	EXP 	Tstim_4: pos = array([ 0.06, -0.03])
33.7087 	EXP 	Tstim_4: height = 0.1
33.7087 	EXP 	Tstim_5: opacity = 0.5
33.7087 	EXP 	Tstim_5: pos = array([ 0.15, -0.27])
33.7087 	EXP 	Tstim_5: height = 0.1
33.7087 	EXP 	Tstim_6: opacity = 0.5
33.7087 	EXP 	Tstim_6: pos = array([0.24, 0.24])
33.7087 	EXP 	Tstim_6: height = 0.1
33.7087 	EXP 	Tstim_7: opacity = 0.5
33.7087 	EXP 	Tstim_7: pos = array([-0.18,  0.06])
33.7087 	EXP 	Tstim_7: height = 0.1
33.7087 	EXP 	Tstim_8: opacity = 0.5
33.7087 	EXP 	Tstim_8: pos = array([0.03, 0.09])
33.7087 	EXP 	Tstim_8: height = 0.1
33.7087 	EXP 	Tstim_9: opacity = 0.5
33.7087 	EXP 	Tstim_9: pos = array([0.3 , 0.21])
33.7087 	EXP 	Tstim_9: height = 0.1
33.7087 	EXP 	Tstim_10: opacity = 0.5
33.7087 	EXP 	Tstim_10: pos = array([ 0.21, -0.24])
33.7087 	EXP 	Tstim_10: height = 0.1
33.7087 	EXP 	Tstim_11: opacity = 0.5
33.7087 	EXP 	Tstim_11: pos = array([0.27, 0.03])
33.7087 	EXP 	Tstim_11: height = 0.1
33.7087 	EXP 	Tstim_12: opacity = 0.5
33.7087 	EXP 	Tstim_12: pos = array([-0.15, -0.12])
33.7087 	EXP 	Tstim_12: height = 0.1
33.7087 	EXP 	Tstim_13: opacity = 0.5
33.7087 	EXP 	Tstim_13: pos = array([-0.09,  0.3 ])
33.7087 	EXP 	Tstim_13: height = 0.1
33.7087 	EXP 	Tstim_14: opacity = 0.5
33.7087 	EXP 	Tstim_14: pos = array([-0.12,  0.27])
33.7087 	EXP 	Tstim_14: height = 0.1
33.7087 	EXP 	Tstim_15: opacity = 0.5
33.7087 	EXP 	Tstim_15: pos = array([-0.21,  0.18])
33.7087 	EXP 	Tstim_15: height = 0.1
33.7087 	EXP 	Tstim_16: opacity = 0.5
33.7087 	EXP 	Tstim_16: pos = array([0.09, 0.15])
33.7087 	EXP 	Tstim_16: height = 0.1
33.7087 	EXP 	Tstim_17: opacity = 0.5
33.7087 	EXP 	Tstim_17: pos = array([ 0. , -0.3])
33.7087 	EXP 	Tstim_17: height = 0.1
33.7087 	EXP 	Tstim_18: opacity = 0.5
33.7087 	EXP 	Tstim_18: pos = array([-0.06, -0.15])
33.7087 	EXP 	Tstim_18: height = 0.1
33.7087 	EXP 	Tstim_19: opacity = 0.5
33.7087 	EXP 	Tstim_19: pos = array([-0.27, -0.21])
33.7087 	EXP 	Tstim_19: height = 0.1
33.7087 	EXP 	Tstim_20: opacity = 0.5
33.7087 	EXP 	Tstim_20: pos = array([ 0.18, -0.09])
33.7087 	EXP 	Tstim_20: height = 0.1
33.7087 	EXP 	Lstim: opacity = 0.5
33.7087 	EXP 	Lstim: pos = array([-0.03, -0.18])
33.7087 	EXP 	Lstim: height = 0.1
33.7087 	EXP 	Tstim: autoDraw = True
33.7087 	EXP 	Tstim_2: autoDraw = True
33.7087 	EXP 	Tstim_3: autoDraw = True
33.7087 	EXP 	Tstim_4: autoDraw = True
33.7087 	EXP 	Tstim_5: autoDraw = True
33.7087 	EXP 	Tstim_6: autoDraw = True
33.7087 	EXP 	Tstim_7: autoDraw = True
33.7087 	EXP 	Tstim_8: autoDraw = True
33.7087 	EXP 	Tstim_9: autoDraw = True
33.7087 	EXP 	Tstim_10: autoDraw = True
33.7087 	EXP 	Tstim_11: autoDraw = True
33.7087 	EXP 	Tstim_12: autoDraw = True
33.7087 	EXP 	Tstim_13: autoDraw = True
33.7087 	EXP 	Tstim_14: autoDraw = True
33.7087 	EXP 	Tstim_15: autoDraw = True
33.7087 	EXP 	Tstim_16: autoDraw = True
33.7087 	EXP 	Tstim_17: autoDraw = True
33.7087 	EXP 	Tstim_18: autoDraw = True
33.7087 	EXP 	Tstim_19: autoDraw = True
33.7087 	EXP 	Tstim_20: autoDraw = True
33.7087 	EXP 	Lstim: autoDraw = True
33.7087 	EXP 	Tstim: text = 'T'
33.7087 	EXP 	Tstim_2: text = 'T'
33.7087 	EXP 	Tstim_3: text = 'T'
33.7087 	EXP 	Tstim_4: text = 'T'
33.7087 	EXP 	Tstim_5: text = 'T'
33.7087 	EXP 	Tstim_6: text = 'T'
33.7087 	EXP 	Tstim_7: text = 'T'
33.7087 	EXP 	Tstim_8: text = 'T'
33.7087 	EXP 	Tstim_9: text = 'T'
33.7087 	EXP 	Tstim_10: text = 'T'
33.7087 	EXP 	Tstim_11: text = 'T'
33.7087 	EXP 	Tstim_12: text = 'T'
33.7087 	EXP 	Tstim_13: text = 'T'
33.7087 	EXP 	Tstim_14: text = 'T'
33.7087 	EXP 	Tstim_15: text = 'T'
33.7087 	EXP 	Tstim_16: text = 'T'
33.7087 	EXP 	Tstim_17: text = 'T'
33.7087 	EXP 	Tstim_18: text = 'T'
33.7087 	EXP 	Tstim_19: text = 'T'
33.7087 	EXP 	Tstim_20: text = 'T'
33.7087 	EXP 	Lstim: text = 'L'
35.1000 	DATA 	Mouse: Left button down, pos=(955,417)
35.1228 	EXP 	Tstim: autoDraw = False
35.1228 	EXP 	Tstim_2: autoDraw = False
35.1228 	EXP 	Tstim_3: autoDraw = False
35.1228 	EXP 	Tstim_4: autoDraw = False
35.1228 	EXP 	Tstim_5: autoDraw = False
35.1228 	EXP 	Tstim_6: autoDraw = False
35.1228 	EXP 	Tstim_7: autoDraw = False
35.1228 	EXP 	Tstim_8: autoDraw = False
35.1228 	EXP 	Tstim_9: autoDraw = False
35.1228 	EXP 	Tstim_10: autoDraw = False
35.1228 	EXP 	Tstim_11: autoDraw = False
35.1228 	EXP 	Tstim_12: autoDraw = False
35.1228 	EXP 	Tstim_13: autoDraw = False
35.1228 	EXP 	Tstim_14: autoDraw = False
35.1228 	EXP 	Tstim_15: autoDraw = False
35.1228 	EXP 	Tstim_16: autoDraw = False
35.1228 	EXP 	Tstim_17: autoDraw = False
35.1228 	EXP 	Tstim_18: autoDraw = False
35.1228 	EXP 	Tstim_19: autoDraw = False
35.1228 	EXP 	Tstim_20: autoDraw = False
35.1228 	EXP 	Lstim: autoDraw = False
35.1228 	EXP 	text: text = 'Target found!'
35.1228 	EXP 	text: autoDraw = True
35.1935 	DATA 	Mouse:  Left button up, pos=(955,417)
36.1096 	EXP 	New trial (rep=0, index=8): OrderedDict([('targetCol', 'black'), ('distractorCol', 'black'), ('mixedOris', 1), ('setSize', 20)])
36.2087 	EXP 	text: autoDraw = False
36.2087 	EXP 	text: autoDraw = False
36.2087 	EXP 	Tstim: color = 'black'
36.2087 	EXP 	Tstim_2: color = 'black'
36.2087 	EXP 	Tstim_3: color = 'black'
36.2087 	EXP 	Tstim_4: color = 'black'
36.2087 	EXP 	Tstim_5: color = 'black'
36.2087 	EXP 	Tstim_6: color = 'black'
36.2087 	EXP 	Tstim_7: color = 'black'
36.2087 	EXP 	Tstim_8: color = 'black'
36.2087 	EXP 	Tstim_9: color = 'black'
36.2087 	EXP 	Tstim_10: color = 'black'
36.2087 	EXP 	Tstim_11: color = 'black'
36.2087 	EXP 	Tstim_12: color = 'black'
36.2087 	EXP 	Tstim_13: color = 'black'
36.2087 	EXP 	Tstim_14: color = 'black'
36.2087 	EXP 	Tstim_15: color = 'black'
36.2087 	EXP 	Tstim_16: color = 'black'
36.2087 	EXP 	Tstim_17: color = 'black'
36.2087 	EXP 	Tstim_18: color = 'black'
36.2087 	EXP 	Tstim_19: color = 'black'
36.2087 	EXP 	Tstim_20: color = 'black'
36.2087 	EXP 	Lstim: color = 'black'
36.2087 	EXP 	Lstim: ori = 174.0
36.2087 	EXP 	Tstim: ori = 144.0
36.2087 	EXP 	Tstim_2: ori = 0.0
36.2087 	EXP 	Tstim_3: ori = 59.0
36.2087 	EXP 	Tstim_4: ori = 37.0
36.2087 	EXP 	Tstim_5: ori = 261.0
36.2087 	EXP 	Tstim_6: ori = 189.0
36.2087 	EXP 	Tstim_7: ori = 331.0
36.2087 	EXP 	Tstim_8: ori = 273.0
36.2087 	EXP 	Tstim_9: ori = 233.0
36.2087 	EXP 	Tstim_10: ori = 164.0
36.2087 	EXP 	Tstim_11: ori = 164.0
36.2087 	EXP 	Tstim_12: ori = 287.0
36.2087 	EXP 	Tstim_13: ori = 93.0
36.2087 	EXP 	Tstim_14: ori = 251.0
36.2087 	EXP 	Tstim_15: ori = 292.0
36.2087 	EXP 	Tstim_16: ori = 221.0
36.2087 	EXP 	Tstim_17: ori = 228.0
36.2087 	EXP 	Tstim_18: ori = 117.0
36.2087 	EXP 	Tstim_19: ori = 7.0
36.2087 	EXP 	Tstim_20: ori = 97.0
36.2087 	EXP 	Tstim: opacity = 0.5
36.2087 	EXP 	Tstim: pos = array([-0.12,  0.3 ])
36.2087 	EXP 	Tstim: height = 0.1
36.2087 	EXP 	Tstim_2: opacity = 0.5
36.2087 	EXP 	Tstim_2: height = 0.1
36.2087 	EXP 	Tstim_3: opacity = 0.5
36.2087 	EXP 	Tstim_3: pos = array([-0.18,  0.24])
36.2087 	EXP 	Tstim_3: height = 0.1
36.2087 	EXP 	Tstim_4: opacity = 0.5
36.2087 	EXP 	Tstim_4: pos = array([-0.03,  0.15])
36.2087 	EXP 	Tstim_4: height = 0.1
36.2087 	EXP 	Tstim_5: opacity = 0.5
36.2087 	EXP 	Tstim_5: pos = array([ 0.18, -0.09])
36.2087 	EXP 	Tstim_5: height = 0.1
36.2087 	EXP 	Tstim_6: opacity = 0.5
36.2087 	EXP 	Tstim_6: pos = array([0.27, 0.18])
36.2087 	EXP 	Tstim_6: height = 0.1
36.2087 	EXP 	Tstim_7: opacity = 0.5
36.2087 	EXP 	Tstim_7: pos = array([-0.27,  0.27])
36.2087 	EXP 	Tstim_7: height = 0.1
36.2087 	EXP 	Tstim_8: opacity = 0.5
36.2087 	EXP 	Tstim_8: pos = array([0.3 , 0.06])
36.2087 	EXP 	Tstim_8: height = 0.1
36.2087 	EXP 	Tstim_9: opacity = 0.5
36.2087 	EXP 	Tstim_9: pos = array([ 0.03, -0.24])
36.2087 	EXP 	Tstim_9: height = 0.1
36.2087 	EXP 	Tstim_10: opacity = 0.5
36.2087 	EXP 	Tstim_10: pos = array([-0.09, -0.15])
36.2087 	EXP 	Tstim_10: height = 0.1
36.2087 	EXP 	Tstim_11: opacity = 0.5
36.2087 	EXP 	Tstim_11: pos = array([-0.24, -0.12])
36.2087 	EXP 	Tstim_11: height = 0.1
36.2087 	EXP 	Tstim_12: opacity = 0.5
36.2087 	EXP 	Tstim_12: pos = array([0.06, 0.12])
36.2087 	EXP 	Tstim_12: height = 0.1
36.2087 	EXP 	Tstim_13: opacity = 0.5
36.2087 	EXP 	Tstim_13: pos = array([ 0.12, -0.3 ])
36.2087 	EXP 	Tstim_13: height = 0.1
36.2087 	EXP 	Tstim_14: opacity = 0.5
36.2087 	EXP 	Tstim_14: pos = array([-0.06,  0.21])
36.2087 	EXP 	Tstim_14: height = 0.1
36.2087 	EXP 	Tstim_15: opacity = 0.5
36.2087 	EXP 	Tstim_15: pos = array([ 0.  , -0.27])
36.2087 	EXP 	Tstim_15: height = 0.1
36.2087 	EXP 	Tstim_16: opacity = 0.5
36.2087 	EXP 	Tstim_16: pos = array([0.15, 0.09])
36.2087 	EXP 	Tstim_16: height = 0.1
36.2087 	EXP 	Tstim_17: opacity = 0.5
36.2087 	EXP 	Tstim_17: pos = array([-0.3 ,  0.03])
36.2087 	EXP 	Tstim_17: height = 0.1
36.2087 	EXP 	Tstim_18: opacity = 0.5
36.2087 	EXP 	Tstim_18: pos = array([0.21, 0.  ])
36.2087 	EXP 	Tstim_18: height = 0.1
36.2087 	EXP 	Tstim_19: opacity = 0.5
36.2087 	EXP 	Tstim_19: pos = array([ 0.09, -0.03])
36.2087 	EXP 	Tstim_19: height = 0.1
36.2087 	EXP 	Tstim_20: opacity = 0.5
36.2087 	EXP 	Tstim_20: pos = array([-0.15, -0.06])
36.2087 	EXP 	Tstim_20: height = 0.1
36.2087 	EXP 	Lstim: opacity = 0.5
36.2087 	EXP 	Lstim: pos = array([-0.21, -0.21])
36.2087 	EXP 	Lstim: height = 0.1
36.2087 	EXP 	Tstim: autoDraw = True
36.2087 	EXP 	Tstim_2: autoDraw = True
36.2087 	EXP 	Tstim_3: autoDraw = True
36.2087 	EXP 	Tstim_4: autoDraw = True
36.2087 	EXP 	Tstim_5: autoDraw = True
36.2087 	EXP 	Tstim_6: autoDraw = True
36.2087 	EXP 	Tstim_7: autoDraw = True
36.2087 	EXP 	Tstim_8: autoDraw = True
36.2087 	EXP 	Tstim_9: autoDraw = True
36.2087 	EXP 	Tstim_10: autoDraw = True
36.2087 	EXP 	Tstim_11: autoDraw = True
36.2087 	EXP 	Tstim_12: autoDraw = True
36.2087 	EXP 	Tstim_13: autoDraw = True
36.2087 	EXP 	Tstim_14: autoDraw = True
36.2087 	EXP 	Tstim_15: autoDraw = True
36.2087 	EXP 	Tstim_16: autoDraw = True
36.2087 	EXP 	Tstim_17: autoDraw = True
36.2087 	EXP 	Tstim_18: autoDraw = True
36.2087 	EXP 	Tstim_19: autoDraw = True
36.2087 	EXP 	Tstim_20: autoDraw = True
36.2087 	EXP 	Lstim: autoDraw = True
36.2087 	EXP 	Tstim: text = 'T'
36.2087 	EXP 	Tstim_2: text = 'T'
36.2087 	EXP 	Tstim_3: text = 'T'
36.2087 	EXP 	Tstim_4: text = 'T'
36.2087 	EXP 	Tstim_5: text = 'T'
36.2087 	EXP 	Tstim_6: text = 'T'
36.2087 	EXP 	Tstim_7: text = 'T'
36.2087 	EXP 	Tstim_8: text = 'T'
36.2087 	EXP 	Tstim_9: text = 'T'
36.2087 	EXP 	Tstim_10: text = 'T'
36.2087 	EXP 	Tstim_11: text = 'T'
36.2087 	EXP 	Tstim_12: text = 'T'
36.2087 	EXP 	Tstim_13: text = 'T'
36.2087 	EXP 	Tstim_14: text = 'T'
36.2087 	EXP 	Tstim_15: text = 'T'
36.2087 	EXP 	Tstim_16: text = 'T'
36.2087 	EXP 	Tstim_17: text = 'T'
36.2087 	EXP 	Tstim_18: text = 'T'
36.2087 	EXP 	Tstim_19: text = 'T'
36.2087 	EXP 	Tstim_20: text = 'T'
36.2087 	EXP 	Lstim: text = 'L'
37.9014 	DATA 	Mouse: Left button down, pos=(726,386)
37.9253 	EXP 	Tstim: autoDraw = False
37.9253 	EXP 	Tstim_2: autoDraw = False
37.9253 	EXP 	Tstim_3: autoDraw = False
37.9253 	EXP 	Tstim_4: autoDraw = False
37.9253 	EXP 	Tstim_5: autoDraw = False
37.9253 	EXP 	Tstim_6: autoDraw = False
37.9253 	EXP 	Tstim_7: autoDraw = False
37.9253 	EXP 	Tstim_8: autoDraw = False
37.9253 	EXP 	Tstim_9: autoDraw = False
37.9253 	EXP 	Tstim_10: autoDraw = False
37.9253 	EXP 	Tstim_11: autoDraw = False
37.9253 	EXP 	Tstim_12: autoDraw = False
37.9253 	EXP 	Tstim_13: autoDraw = False
37.9253 	EXP 	Tstim_14: autoDraw = False
37.9253 	EXP 	Tstim_15: autoDraw = False
37.9253 	EXP 	Tstim_16: autoDraw = False
37.9253 	EXP 	Tstim_17: autoDraw = False
37.9253 	EXP 	Tstim_18: autoDraw = False
37.9253 	EXP 	Tstim_19: autoDraw = False
37.9253 	EXP 	Tstim_20: autoDraw = False
37.9253 	EXP 	Lstim: autoDraw = False
37.9253 	EXP 	text: text = 'Target found!'
37.9253 	EXP 	text: autoDraw = True
37.9812 	DATA 	Mouse:  Left button up, pos=(726,386)
38.9120 	EXP 	New trial (rep=0, index=9): OrderedDict([('targetCol', 'black'), ('distractorCol', 'black'), ('mixedOris', 1), ('setSize', 20)])
39.0399 	EXP 	text: autoDraw = False
39.0399 	EXP 	text: autoDraw = False
39.0399 	EXP 	Tstim: color = 'black'
39.0399 	EXP 	Tstim_2: color = 'black'
39.0399 	EXP 	Tstim_3: color = 'black'
39.0399 	EXP 	Tstim_4: color = 'black'
39.0399 	EXP 	Tstim_5: color = 'black'
39.0399 	EXP 	Tstim_6: color = 'black'
39.0399 	EXP 	Tstim_7: color = 'black'
39.0399 	EXP 	Tstim_8: color = 'black'
39.0399 	EXP 	Tstim_9: color = 'black'
39.0399 	EXP 	Tstim_10: color = 'black'
39.0399 	EXP 	Tstim_11: color = 'black'
39.0399 	EXP 	Tstim_12: color = 'black'
39.0399 	EXP 	Tstim_13: color = 'black'
39.0399 	EXP 	Tstim_14: color = 'black'
39.0399 	EXP 	Tstim_15: color = 'black'
39.0399 	EXP 	Tstim_16: color = 'black'
39.0399 	EXP 	Tstim_17: color = 'black'
39.0399 	EXP 	Tstim_18: color = 'black'
39.0399 	EXP 	Tstim_19: color = 'black'
39.0399 	EXP 	Tstim_20: color = 'black'
39.0399 	EXP 	Lstim: color = 'black'
39.0399 	EXP 	Lstim: ori = 222.0
39.0399 	EXP 	Tstim: ori = 341.0
39.0399 	EXP 	Tstim_2: ori = 30.0
39.0399 	EXP 	Tstim_3: ori = 35.0
39.0399 	EXP 	Tstim_4: ori = 13.0
39.0399 	EXP 	Tstim_5: ori = 344.0
39.0399 	EXP 	Tstim_6: ori = 37.0
39.0399 	EXP 	Tstim_7: ori = 63.0
39.0399 	EXP 	Tstim_8: ori = 129.0
39.0399 	EXP 	Tstim_9: ori = 27.0
39.0399 	EXP 	Tstim_10: ori = 222.0
39.0399 	EXP 	Tstim_11: ori = 123.0
39.0399 	EXP 	Tstim_12: ori = 313.0
39.0399 	EXP 	Tstim_13: ori = 198.0
39.0399 	EXP 	Tstim_14: ori = 359.0
39.0399 	EXP 	Tstim_15: ori = 142.0
39.0399 	EXP 	Tstim_16: ori = 353.0
39.0399 	EXP 	Tstim_17: ori = 223.0
39.0399 	EXP 	Tstim_18: ori = 249.0
39.0399 	EXP 	Tstim_19: ori = 35.0
39.0399 	EXP 	Tstim_20: ori = 41.0
39.0399 	EXP 	Tstim: opacity = 0.5
39.0399 	EXP 	Tstim: pos = array([ 0.24, -0.03])
39.0399 	EXP 	Tstim: height = 0.1
39.0399 	EXP 	Tstim_2: opacity = 0.5
39.0399 	EXP 	Tstim_2: height = 0.1
39.0399 	EXP 	Tstim_3: opacity = 0.5
39.0399 	EXP 	Tstim_3: pos = array([-0.27, -0.3 ])
39.0399 	EXP 	Tstim_3: height = 0.1
39.0399 	EXP 	Tstim_4: opacity = 0.5
39.0399 	EXP 	Tstim_4: pos = array([-0.12, -0.09])
39.0399 	EXP 	Tstim_4: height = 0.1
39.0399 	EXP 	Tstim_5: opacity = 0.5
39.0399 	EXP 	Tstim_5: pos = array([0.18, 0.3 ])
39.0399 	EXP 	Tstim_5: height = 0.1
39.0399 	EXP 	Tstim_6: opacity = 0.5
39.0399 	EXP 	Tstim_6: pos = array([ 0.  , -0.06])
39.0399 	EXP 	Tstim_6: height = 0.1
39.0399 	EXP 	Tstim_7: opacity = 0.5
39.0399 	EXP 	Tstim_7: pos = array([-0.06,  0.03])
39.0399 	EXP 	Tstim_7: height = 0.1
39.0399 	EXP 	Tstim_8: opacity = 0.5
39.0399 	EXP 	Tstim_8: pos = array([0.27, 0.24])
39.0399 	EXP 	Tstim_8: height = 0.1
39.0399 	EXP 	Tstim_9: opacity = 0.5
39.0399 	EXP 	Tstim_9: pos = array([-0.21,  0.  ])
39.0399 	EXP 	Tstim_9: height = 0.1
39.0399 	EXP 	Tstim_10: opacity = 0.5
39.0399 	EXP 	Tstim_10: pos = array([0.09, 0.09])
39.0399 	EXP 	Tstim_10: height = 0.1
39.0399 	EXP 	Tstim_11: opacity = 0.5
39.0399 	EXP 	Tstim_11: pos = array([-0.03, -0.27])
39.0399 	EXP 	Tstim_11: height = 0.1
39.0399 	EXP 	Tstim_12: opacity = 0.5
39.0399 	EXP 	Tstim_12: pos = array([-0.18,  0.21])
39.0399 	EXP 	Tstim_12: height = 0.1
39.0399 	EXP 	Tstim_13: opacity = 0.5
39.0399 	EXP 	Tstim_13: pos = array([0.06, 0.06])
39.0399 	EXP 	Tstim_13: height = 0.1
39.0399 	EXP 	Tstim_14: opacity = 0.5
39.0399 	EXP 	Tstim_14: pos = array([-0.24, -0.24])
39.0399 	EXP 	Tstim_14: height = 0.1
39.0399 	EXP 	Tstim_15: opacity = 0.5
39.0399 	EXP 	Tstim_15: pos = array([-0.09, -0.15])
39.0399 	EXP 	Tstim_15: height = 0.1
39.0399 	EXP 	Tstim_16: opacity = 0.5
39.0399 	EXP 	Tstim_16: pos = array([ 0.21, -0.21])
39.0399 	EXP 	Tstim_16: height = 0.1
39.0399 	EXP 	Tstim_17: opacity = 0.5
39.0399 	EXP 	Tstim_17: pos = array([0.3 , 0.12])
39.0399 	EXP 	Tstim_17: height = 0.1
39.0399 	EXP 	Tstim_18: opacity = 0.5
39.0399 	EXP 	Tstim_18: pos = array([ 0.15, -0.18])
39.0399 	EXP 	Tstim_18: height = 0.1
39.0399 	EXP 	Tstim_19: opacity = 0.5
39.0399 	EXP 	Tstim_19: pos = array([ 0.12, -0.12])
39.0399 	EXP 	Tstim_19: height = 0.1
39.0399 	EXP 	Tstim_20: opacity = 0.5
39.0399 	EXP 	Tstim_20: pos = array([0.03, 0.27])
39.0399 	EXP 	Tstim_20: height = 0.1
39.0399 	EXP 	Lstim: opacity = 0.5
39.0399 	EXP 	Lstim: pos = array([-0.3 ,  0.15])
39.0399 	EXP 	Lstim: height = 0.1
39.0399 	EXP 	Tstim: autoDraw = True
39.0399 	EXP 	Tstim_2: autoDraw = True
39.0399 	EXP 	Tstim_3: autoDraw = True
39.0399 	EXP 	Tstim_4: autoDraw = True
39.0399 	EXP 	Tstim_5: autoDraw = True
39.0399 	EXP 	Tstim_6: autoDraw = True
39.0399 	EXP 	Tstim_7: autoDraw = True
39.0399 	EXP 	Tstim_8: autoDraw = True
39.0399 	EXP 	Tstim_9: autoDraw = True
39.0399 	EXP 	Tstim_10: autoDraw = True
39.0399 	EXP 	Tstim_11: autoDraw = True
39.0399 	EXP 	Tstim_12: autoDraw = True
39.0399 	EXP 	Tstim_13: autoDraw = True
39.0399 	EXP 	Tstim_14: autoDraw = True
39.0399 	EXP 	Tstim_15: autoDraw = True
39.0399 	EXP 	Tstim_16: autoDraw = True
39.0399 	EXP 	Tstim_17: autoDraw = True
39.0399 	EXP 	Tstim_18: autoDraw = True
39.0399 	EXP 	Tstim_19: autoDraw = True
39.0399 	EXP 	Tstim_20: autoDraw = True
39.0399 	EXP 	Lstim: autoDraw = True
39.0399 	EXP 	Tstim: text = 'T'
39.0399 	EXP 	Tstim_2: text = 'T'
39.0399 	EXP 	Tstim_3: text = 'T'
39.0399 	EXP 	Tstim_4: text = 'T'
39.0399 	EXP 	Tstim_5: text = 'T'
39.0399 	EXP 	Tstim_6: text = 'T'
39.0399 	EXP 	Tstim_7: text = 'T'
39.0399 	EXP 	Tstim_8: text = 'T'
39.0399 	EXP 	Tstim_9: text = 'T'
39.0399 	EXP 	Tstim_10: text = 'T'
39.0399 	EXP 	Tstim_11: text = 'T'
39.0399 	EXP 	Tstim_12: text = 'T'
39.0399 	EXP 	Tstim_13: text = 'T'
39.0399 	EXP 	Tstim_14: text = 'T'
39.0399 	EXP 	Tstim_15: text = 'T'
39.0399 	EXP 	Tstim_16: text = 'T'
39.0399 	EXP 	Tstim_17: text = 'T'
39.0399 	EXP 	Tstim_18: text = 'T'
39.0399 	EXP 	Tstim_19: text = 'T'
39.0399 	EXP 	Tstim_20: text = 'T'
39.0399 	EXP 	Lstim: text = 'L'
41.4793 	DATA 	Mouse: Left button down, pos=(632,794)
41.4952 	EXP 	Tstim: autoDraw = False
41.4952 	EXP 	Tstim_2: autoDraw = False
41.4952 	EXP 	Tstim_3: autoDraw = False
41.4952 	EXP 	Tstim_4: autoDraw = False
41.4952 	EXP 	Tstim_5: autoDraw = False
41.4952 	EXP 	Tstim_6: autoDraw = False
41.4952 	EXP 	Tstim_7: autoDraw = False
41.4952 	EXP 	Tstim_8: autoDraw = False
41.4952 	EXP 	Tstim_9: autoDraw = False
41.4952 	EXP 	Tstim_10: autoDraw = False
41.4952 	EXP 	Tstim_11: autoDraw = False
41.4952 	EXP 	Tstim_12: autoDraw = False
41.4952 	EXP 	Tstim_13: autoDraw = False
41.4952 	EXP 	Tstim_14: autoDraw = False
41.4952 	EXP 	Tstim_15: autoDraw = False
41.4952 	EXP 	Tstim_16: autoDraw = False
41.4952 	EXP 	Tstim_17: autoDraw = False
41.4952 	EXP 	Tstim_18: autoDraw = False
41.4952 	EXP 	Tstim_19: autoDraw = False
41.4952 	EXP 	Tstim_20: autoDraw = False
41.4952 	EXP 	Lstim: autoDraw = False
41.4952 	EXP 	text: text = 'Target found!'
41.4952 	EXP 	text: autoDraw = True
41.5840 	DATA 	Mouse:  Left button up, pos=(632,794)
42.4960 	EXP 	text: autoDraw = False
42.4960 	EXP 	text: autoDraw = False
42.7333 	EXP 	window1: mouseVisible = True
