6.0809 	WARNING 	We strongly recommend you activate the PTB sound engine in PsychoPy prefs as the preferred audio engine. Its timing is vastly superior. Your prefs are currently set to use ['sounddevice', 'PTB', 'pyo', 'pygame'] (in that order).
9.0615 	WARNING 	User requested fullscreen with size [1024  768], but screen is actually [1920, 1200]. Using actual size
11.1006 	EXP 	Created window1 = Window(allowGUI=False, allowStencil=False, args=UNKNOWN, autoLog=True, bitsMode=UNKNOWN, blendMode='avg', bpc=(8, 8, 8), color=array([0., 0., 0.]), colorSpace='rgb', depthBits=8, fullscr=<method-wrapper '__getattribute__' of attributeSetter object at 0x0000018D2D0BA7B8>, gamma=None, gammaErrorPolicy='raise', kwargs=UNKNOWN, lms=UNKNOWN, monitor=<psychopy.monitors.calibTools.Monitor object at 0x0000018D2CDE49E8>, multiSample=False, name='window1', numSamples=2, pos=[0.0, 0.0], screen=0, size=array([1920, 1200]), stencilBits=0, stereo=False, units='height', useFBO=True, useRetina=False, viewOri=0.0, viewPos=None, viewScale=None, waitBlanking=True, winType='pyglet')
11.1009 	EXP 	window1: mouseVisible = True
11.1010 	EXP 	window1: recordFrameIntervals = False
11.2667 	EXP 	window1: recordFrameIntervals = True
11.4505 	EXP 	window1: recordFrameIntervals = False
11.7278 	EXP 	Created instrTxt = TextStim(__class__=<class 'psychopy.visual.text.TextStim'>, alignHoriz=method-wrapper(...), alignText='center', alignVert=method-wrapper(...), anchorHoriz='center', anchorVert='center', antialias=True, autoLog=True, bold=False, color='white', colorSpace='named', contrast=1.0, depth=0.0, flipHoriz=False, flipVert=False, font='Arial', fontFiles=[], height=0.1, italic=False, languageStyle='LTR', name='instrTxt', opacity=1.0, ori=0, pos=array([0., 0.]), rgb=array([255., 255., 255.]), text=str(...), units='height', win=Window(...), wrapWidth=1)
11.7279 	EXP 	window1: mouseVisible = True
12.6127 	EXP 	Created Tstim = TextStim(__class__=<class 'psychopy.visual.text.TextStim'>, alignHoriz=method-wrapper(...), alignText='center', alignVert=method-wrapper(...), anchorHoriz='center', anchorVert='center', antialias=True, autoLog=True, bold=False, color='black', colorSpace='named', contrast=1.0, depth=-1.0, flipHoriz=False, flipVert=False, font='Arial', fontFiles=[], height=1.0, italic=False, languageStyle='LTR', name='Tstim', opacity=0.5, ori=0, pos=array([0., 0.]), rgb=array([0., 0., 0.]), text='T', units='height', win=Window(...), wrapWidth=1)
12.6142 	EXP 	Created Tstim_2 = TextStim(__class__=<class 'psychopy.visual.text.TextStim'>, alignHoriz=method-wrapper(...), alignText='center', alignVert=method-wrapper(...), anchorHoriz='center', anchorVert='center', antialias=True, autoLog=True, bold=False, color='black', colorSpace='named', contrast=1.0, depth=-2.0, flipHoriz=False, flipVert=False, font='Arial', fontFiles=[], height=1.0, italic=False, languageStyle='LTR', name='Tstim_2', opacity=0.7, ori=0, pos=array([0., 0.]), rgb=array([0., 0., 0.]), text='T', units='height', win=Window(...), wrapWidth=1)
12.6156 	EXP 	Created Tstim_3 = TextStim(__class__=<class 'psychopy.visual.text.TextStim'>, alignHoriz=method-wrapper(...), alignText='center', alignVert=method-wrapper(...), anchorHoriz='center', anchorVert='center', antialias=True, autoLog=True, bold=False, color='black', colorSpace='named', contrast=1.0, depth=-3.0, flipHoriz=False, flipVert=False, font='Arial', fontFiles=[], height=1.0, italic=False, languageStyle='LTR', name='Tstim_3', opacity=0.5, ori=0, pos=array([0., 0.]), rgb=array([0., 0., 0.]), text='T', units='height', win=Window(...), wrapWidth=1)
12.6171 	EXP 	Created Tstim_4 = TextStim(__class__=<class 'psychopy.visual.text.TextStim'>, alignHoriz=method-wrapper(...), alignText='center', alignVert=method-wrapper(...), anchorHoriz='center', anchorVert='center', antialias=True, autoLog=True, bold=False, color='black', colorSpace='named', contrast=1.0, depth=-4.0, flipHoriz=False, flipVert=False, font='Arial', fontFiles=[], height=1.0, italic=False, languageStyle='LTR', name='Tstim_4', opacity=0.5, ori=0, pos=array([0., 0.]), rgb=array([0., 0., 0.]), text='T', units='height', win=Window(...), wrapWidth=1)
12.6185 	EXP 	Created Tstim_5 = TextStim(__class__=<class 'psychopy.visual.text.TextStim'>, alignHoriz=method-wrapper(...), alignText='center', alignVert=method-wrapper(...), anchorHoriz='center', anchorVert='center', antialias=True, autoLog=True, bold=False, color='black', colorSpace='named', contrast=1.0, depth=-5.0, flipHoriz=False, flipVert=False, font='Arial', fontFiles=[], height=1.0, italic=False, languageStyle='LTR', name='Tstim_5', opacity=0.5, ori=0, pos=array([0., 0.]), rgb=array([0., 0., 0.]), text='T', units='height', win=Window(...), wrapWidth=1)
12.6212 	EXP 	Created Tstim_6 = TextStim(__class__=<class 'psychopy.visual.text.TextStim'>, alignHoriz=method-wrapper(...), alignText='center', alignVert=method-wrapper(...), anchorHoriz='center', anchorVert='center', antialias=True, autoLog=True, bold=False, color='black', colorSpace='named', contrast=1.0, depth=-6.0, flipHoriz=False, flipVert=False, font='Arial', fontFiles=[], height=1.0, italic=False, languageStyle='LTR', name='Tstim_6', opacity=0.5, ori=0, pos=array([0., 0.]), rgb=array([0., 0., 0.]), text='T', units='height', win=Window(...), wrapWidth=1)
12.6242 	EXP 	Created Tstim_7 = TextStim(__class__=<class 'psychopy.visual.text.TextStim'>, alignHoriz=method-wrapper(...), alignText='center', alignVert=method-wrapper(...), anchorHoriz='center', anchorVert='center', antialias=True, autoLog=True, bold=False, color='black', colorSpace='named', contrast=1.0, depth=-7.0, flipHoriz=False, flipVert=False, font='Arial', fontFiles=[], height=1.0, italic=False, languageStyle='LTR', name='Tstim_7', opacity=0.5, ori=0, pos=array([0., 0.]), rgb=array([0., 0., 0.]), text='T', units='height', win=Window(...), wrapWidth=1)
12.6271 	EXP 	Created Tstim_8 = TextStim(__class__=<class 'psychopy.visual.text.TextStim'>, alignHoriz=method-wrapper(...), alignText='center', alignVert=method-wrapper(...), anchorHoriz='center', anchorVert='center', antialias=True, autoLog=True, bold=False, color='black', colorSpace='named', contrast=1.0, depth=-8.0, flipHoriz=False, flipVert=False, font='Arial', fontFiles=[], height=1.0, italic=False, languageStyle='LTR', name='Tstim_8', opacity=0.5, ori=0, pos=array([0., 0.]), rgb=array([0., 0., 0.]), text='T', units='height', win=Window(...), wrapWidth=1)
12.6303 	EXP 	Created Tstim_9 = TextStim(__class__=<class 'psychopy.visual.text.TextStim'>, alignHoriz=method-wrapper(...), alignText='center', alignVert=method-wrapper(...), anchorHoriz='center', anchorVert='center', antialias=True, autoLog=True, bold=False, color='black', colorSpace='named', contrast=1.0, depth=-9.0, flipHoriz=False, flipVert=False, font='Arial', fontFiles=[], height=1.0, italic=False, languageStyle='LTR', name='Tstim_9', opacity=0.5, ori=0, pos=array([0., 0.]), rgb=array([0., 0., 0.]), text='T', units='height', win=Window(...), wrapWidth=1)
12.6334 	EXP 	Created Tstim_10 = TextStim(__class__=<class 'psychopy.visual.text.TextStim'>, alignHoriz=method-wrapper(...), alignText='center', alignVert=method-wrapper(...), anchorHoriz='center', anchorVert='center', antialias=True, autoLog=True, bold=False, color='black', colorSpace='named', contrast=1.0, depth=-10.0, flipHoriz=False, flipVert=False, font='Arial', fontFiles=[], height=1.0, italic=False, languageStyle='LTR', name='Tstim_10', opacity=0.5, ori=0, pos=array([0., 0.]), rgb=array([0., 0., 0.]), text='T', units='height', win=Window(...), wrapWidth=1)
12.6369 	EXP 	Created Tstim_11 = TextStim(__class__=<class 'psychopy.visual.text.TextStim'>, alignHoriz=method-wrapper(...), alignText='center', alignVert=method-wrapper(...), anchorHoriz='center', anchorVert='center', antialias=True, autoLog=True, bold=False, color='black', colorSpace='named', contrast=1.0, depth=-11.0, flipHoriz=False, flipVert=False, font='Arial', fontFiles=[], height=1.0, italic=False, languageStyle='LTR', name='Tstim_11', opacity=0.5, ori=0, pos=array([0., 0.]), rgb=array([0., 0., 0.]), text='T', units='height', win=Window(...), wrapWidth=1)
12.6396 	EXP 	Created Tstim_12 = TextStim(__class__=<class 'psychopy.visual.text.TextStim'>, alignHoriz=method-wrapper(...), alignText='center', alignVert=method-wrapper(...), anchorHoriz='center', anchorVert='center', antialias=True, autoLog=True, bold=False, color='black', colorSpace='named', contrast=1.0, depth=-12.0, flipHoriz=False, flipVert=False, font='Arial', fontFiles=[], height=1.0, italic=False, languageStyle='LTR', name='Tstim_12', opacity=0.5, ori=0, pos=array([0., 0.]), rgb=array([0., 0., 0.]), text='T', units='height', win=Window(...), wrapWidth=1)
12.6424 	EXP 	Created Tstim_13 = TextStim(__class__=<class 'psychopy.visual.text.TextStim'>, alignHoriz=method-wrapper(...), alignText='center', alignVert=method-wrapper(...), anchorHoriz='center', anchorVert='center', antialias=True, autoLog=True, bold=False, color='black', colorSpace='named', contrast=1.0, depth=-13.0, flipHoriz=False, flipVert=False, font='Arial', fontFiles=[], height=1.0, italic=False, languageStyle='LTR', name='Tstim_13', opacity=0.5, ori=0, pos=array([0., 0.]), rgb=array([0., 0., 0.]), text='T', units='height', win=Window(...), wrapWidth=1)
12.6453 	EXP 	Created Tstim_14 = TextStim(__class__=<class 'psychopy.visual.text.TextStim'>, alignHoriz=method-wrapper(...), alignText='center', alignVert=method-wrapper(...), anchorHoriz='center', anchorVert='center', antialias=True, autoLog=True, bold=False, color='black', colorSpace='named', contrast=1.0, depth=-14.0, flipHoriz=False, flipVert=False, font='Arial', fontFiles=[], height=1.0, italic=False, languageStyle='LTR', name='Tstim_14', opacity=0.5, ori=0, pos=array([0., 0.]), rgb=array([0., 0., 0.]), text='T', units='height', win=Window(...), wrapWidth=1)
12.6478 	EXP 	Created Tstim_15 = TextStim(__class__=<class 'psychopy.visual.text.TextStim'>, alignHoriz=method-wrapper(...), alignText='center', alignVert=method-wrapper(...), anchorHoriz='center', anchorVert='center', antialias=True, autoLog=True, bold=False, color='black', colorSpace='named', contrast=1.0, depth=-15.0, flipHoriz=False, flipVert=False, font='Arial', fontFiles=[], height=1.0, italic=False, languageStyle='LTR', name='Tstim_15', opacity=0.5, ori=0, pos=array([0., 0.]), rgb=array([0., 0., 0.]), text='T', units='height', win=Window(...), wrapWidth=1)
12.6511 	EXP 	Created Tstim_16 = TextStim(__class__=<class 'psychopy.visual.text.TextStim'>, alignHoriz=method-wrapper(...), alignText='center', alignVert=method-wrapper(...), anchorHoriz='center', anchorVert='center', antialias=True, autoLog=True, bold=False, color='black', colorSpace='named', contrast=1.0, depth=-16.0, flipHoriz=False, flipVert=False, font='Arial', fontFiles=[], height=1.0, italic=False, languageStyle='LTR', name='Tstim_16', opacity=0.5, ori=0, pos=array([0., 0.]), rgb=array([0., 0., 0.]), text='T', units='height', win=Window(...), wrapWidth=1)
12.6539 	EXP 	Created Tstim_17 = TextStim(__class__=<class 'psychopy.visual.text.TextStim'>, alignHoriz=method-wrapper(...), alignText='center', alignVert=method-wrapper(...), anchorHoriz='center', anchorVert='center', antialias=True, autoLog=True, bold=False, color='black', colorSpace='named', contrast=1.0, depth=-17.0, flipHoriz=False, flipVert=False, font='Arial', fontFiles=[], height=1.0, italic=False, languageStyle='LTR', name='Tstim_17', opacity=0.5, ori=0, pos=array([0., 0.]), rgb=array([0., 0., 0.]), text='T', units='height', win=Window(...), wrapWidth=1)
12.6565 	EXP 	Created Tstim_18 = TextStim(__class__=<class 'psychopy.visual.text.TextStim'>, alignHoriz=method-wrapper(...), alignText='center', alignVert=method-wrapper(...), anchorHoriz='center', anchorVert='center', antialias=True, autoLog=True, bold=False, color='black', colorSpace='named', contrast=1.0, depth=-18.0, flipHoriz=False, flipVert=False, font='Arial', fontFiles=[], height=1.0, italic=False, languageStyle='LTR', name='Tstim_18', opacity=0.5, ori=0, pos=array([0., 0.]), rgb=array([0., 0., 0.]), text='T', units='height', win=Window(...), wrapWidth=1)
12.6592 	EXP 	Created Tstim_19 = TextStim(__class__=<class 'psychopy.visual.text.TextStim'>, alignHoriz=method-wrapper(...), alignText='center', alignVert=method-wrapper(...), anchorHoriz='center', anchorVert='center', antialias=True, autoLog=True, bold=False, color='black', colorSpace='named', contrast=1.0, depth=-19.0, flipHoriz=False, flipVert=False, font='Arial', fontFiles=[], height=1.0, italic=False, languageStyle='LTR', name='Tstim_19', opacity=0.5, ori=0, pos=array([0., 0.]), rgb=array([0., 0., 0.]), text='T', units='height', win=Window(...), wrapWidth=1)
12.6620 	EXP 	Created Tstim_20 = TextStim(__class__=<class 'psychopy.visual.text.TextStim'>, alignHoriz=method-wrapper(...), alignText='center', alignVert=method-wrapper(...), anchorHoriz='center', anchorVert='center', antialias=True, autoLog=True, bold=False, color='black', colorSpace='named', contrast=1.0, depth=-20.0, flipHoriz=False, flipVert=False, font='Arial', fontFiles=[], height=1.0, italic=False, languageStyle='LTR', name='Tstim_20', opacity=0.5, ori=0, pos=array([0., 0.]), rgb=array([0., 0., 0.]), text='T', units='height', win=Window(...), wrapWidth=1)
12.7787 	EXP 	Created Lstim = TextStim(__class__=<class 'psychopy.visual.text.TextStim'>, alignHoriz=method-wrapper(...), alignText='center', alignVert=method-wrapper(...), anchorHoriz='center', anchorVert='center', antialias=True, autoLog=True, bold=False, color='black', colorSpace='named', contrast=1.0, depth=-21.0, flipHoriz=False, flipVert=False, font='Arial', fontFiles=[], height=1.0, italic=False, languageStyle='LTR', name='Lstim', opacity=0.5, ori=0, pos=array([0., 0.]), rgb=array([0., 0., 0.]), text='L', units='height', win=Window(...), wrapWidth=1)
12.7788 	EXP 	window1: mouseVisible = True
12.8188 	EXP 	instrTxt: autoDraw = True
13.9198 	DATA 	Mouse: Left button down, pos=(972,826)
13.9232 	EXP 	Created sequence: random, trialTypes=1, nReps=5, seed=None
13.9237 	EXP 	New trial (rep=0, index=0): None
14.0023 	EXP 	instrTxt: autoDraw = False
14.0023 	EXP 	Tstim: pos = array([-0.18,  0.06])
14.0023 	EXP 	Tstim: height = 0.1
14.0023 	EXP 	Tstim_2: height = 0.1
14.0023 	EXP 	Tstim_3: pos = array([ 0.09, -0.21])
14.0023 	EXP 	Tstim_3: height = 0.1
14.0023 	EXP 	Tstim_4: pos = array([ 0.12, -0.06])
14.0023 	EXP 	Tstim_4: height = 0.1
14.0023 	EXP 	Tstim_5: pos = array([ 0.3 , -0.12])
14.0023 	EXP 	Tstim_5: height = 0.1
14.0023 	EXP 	Tstim_6: pos = array([-0.03,  0.03])
14.0023 	EXP 	Tstim_6: height = 0.1
14.0023 	EXP 	Tstim_7: pos = array([0.06, 0.3 ])
14.0023 	EXP 	Tstim_7: height = 0.1
14.0023 	EXP 	Tstim_8: pos = array([-0.21,  0.12])
14.0023 	EXP 	Tstim_8: height = 0.1
14.0023 	EXP 	Tstim_9: pos = array([0.21, 0.  ])
14.0023 	EXP 	Tstim_9: height = 0.1
14.0023 	EXP 	Tstim_10: pos = array([0.18, 0.24])
14.0023 	EXP 	Tstim_10: height = 0.1
14.0023 	EXP 	Tstim_11: pos = array([-0.24, -0.3 ])
14.0023 	EXP 	Tstim_11: height = 0.1
14.0023 	EXP 	Tstim_12: pos = array([-0.06, -0.24])
14.0023 	EXP 	Tstim_12: height = 0.1
14.0023 	EXP 	Tstim_13: pos = array([0.24, 0.21])
14.0023 	EXP 	Tstim_13: height = 0.1
14.0023 	EXP 	Tstim_14: pos = array([ 0.03, -0.15])
14.0023 	EXP 	Tstim_14: height = 0.1
14.0023 	EXP 	Tstim_15: pos = array([-0.3 ,  0.09])
14.0023 	EXP 	Tstim_15: height = 0.1
14.0023 	EXP 	Tstim_16: pos = array([ 0.15, -0.03])
14.0023 	EXP 	Tstim_16: height = 0.1
14.0023 	EXP 	Tstim_17: pos = array([-0.12, -0.18])
14.0023 	EXP 	Tstim_17: height = 0.1
14.0023 	EXP 	Tstim_18: pos = array([-0.27,  0.15])
14.0023 	EXP 	Tstim_18: height = 0.1
14.0023 	EXP 	Tstim_19: pos = array([-0.15,  0.27])
14.0023 	EXP 	Tstim_19: height = 0.1
14.0023 	EXP 	Tstim_20: pos = array([0.  , 0.18])
14.0023 	EXP 	Tstim_20: height = 0.1
14.0023 	EXP 	Lstim: pos = array([-0.09, -0.09])
14.0023 	EXP 	Lstim: height = 0.1
14.0023 	EXP 	Tstim: autoDraw = True
14.0023 	EXP 	Tstim_2: autoDraw = True
14.0023 	EXP 	Tstim_3: autoDraw = True
14.0023 	EXP 	Tstim_4: autoDraw = True
14.0023 	EXP 	Tstim_5: autoDraw = True
14.0023 	EXP 	Tstim_6: autoDraw = True
14.0023 	EXP 	Tstim_7: autoDraw = True
14.0023 	EXP 	Tstim_8: autoDraw = True
14.0023 	EXP 	Tstim_9: autoDraw = True
14.0023 	EXP 	Tstim_10: autoDraw = True
14.0023 	EXP 	Tstim_11: autoDraw = True
14.0023 	EXP 	Tstim_12: autoDraw = True
14.0023 	EXP 	Tstim_13: autoDraw = True
14.0023 	EXP 	Tstim_14: autoDraw = True
14.0023 	EXP 	Tstim_15: autoDraw = True
14.0023 	EXP 	Tstim_16: autoDraw = True
14.0023 	EXP 	Tstim_17: autoDraw = True
14.0023 	EXP 	Tstim_18: autoDraw = True
14.0023 	EXP 	Tstim_19: autoDraw = True
14.0023 	EXP 	Tstim_20: autoDraw = True
14.0023 	EXP 	Lstim: autoDraw = True
14.0023 	EXP 	Tstim: text = 'T'
14.0023 	EXP 	Tstim_2: text = 'T'
14.0023 	EXP 	Tstim_3: text = 'T'
14.0023 	EXP 	Tstim_4: text = 'T'
14.0023 	EXP 	Tstim_5: text = 'T'
14.0023 	EXP 	Tstim_6: text = 'T'
14.0023 	EXP 	Tstim_7: text = 'T'
14.0023 	EXP 	Tstim_8: text = 'T'
14.0023 	EXP 	Tstim_9: text = 'T'
14.0023 	EXP 	Tstim_10: text = 'T'
14.0023 	EXP 	Tstim_11: text = 'T'
14.0023 	EXP 	Tstim_12: text = 'T'
14.0023 	EXP 	Tstim_13: text = 'T'
14.0023 	EXP 	Tstim_14: text = 'T'
14.0023 	EXP 	Tstim_15: text = 'T'
14.0023 	EXP 	Tstim_16: text = 'T'
14.0023 	EXP 	Tstim_17: text = 'T'
14.0023 	EXP 	Tstim_18: text = 'T'
14.0023 	EXP 	Tstim_19: text = 'T'
14.0023 	EXP 	Tstim_20: text = 'T'
14.0023 	EXP 	Lstim: text = 'L'
14.0259 	DATA 	Mouse:  Left button up, pos=(972,826)
17.1936 	DATA 	Mouse: Left button down, pos=(831,476)
17.2141 	EXP 	New trial (rep=1, index=0): None
17.2719 	EXP 	Tstim: autoDraw = False
17.2719 	EXP 	Tstim_2: autoDraw = False
17.2719 	EXP 	Tstim_3: autoDraw = False
17.2719 	EXP 	Tstim_4: autoDraw = False
17.2719 	EXP 	Tstim_5: autoDraw = False
17.2719 	EXP 	Tstim_6: autoDraw = False
17.2719 	EXP 	Tstim_7: autoDraw = False
17.2719 	EXP 	Tstim_8: autoDraw = False
17.2719 	EXP 	Tstim_9: autoDraw = False
17.2719 	EXP 	Tstim_10: autoDraw = False
17.2719 	EXP 	Tstim_11: autoDraw = False
17.2719 	EXP 	Tstim_12: autoDraw = False
17.2719 	EXP 	Tstim_13: autoDraw = False
17.2719 	EXP 	Tstim_14: autoDraw = False
17.2719 	EXP 	Tstim_15: autoDraw = False
17.2719 	EXP 	Tstim_16: autoDraw = False
17.2719 	EXP 	Tstim_17: autoDraw = False
17.2719 	EXP 	Tstim_18: autoDraw = False
17.2719 	EXP 	Tstim_19: autoDraw = False
17.2719 	EXP 	Tstim_20: autoDraw = False
17.2719 	EXP 	Lstim: autoDraw = False
17.2719 	EXP 	Tstim: pos = array([ 0. , -0.3])
17.2719 	EXP 	Tstim: height = 0.1
17.2719 	EXP 	Tstim_2: height = 0.1
17.2719 	EXP 	Tstim_3: pos = array([-0.27,  0.09])
17.2719 	EXP 	Tstim_3: height = 0.1
17.2719 	EXP 	Tstim_4: pos = array([ 0.12, -0.18])
17.2719 	EXP 	Tstim_4: height = 0.1
17.2719 	EXP 	Tstim_5: pos = array([0.06, 0.03])
17.2719 	EXP 	Tstim_5: height = 0.1
17.2719 	EXP 	Tstim_6: pos = array([0.21, 0.21])
17.2719 	EXP 	Tstim_6: height = 0.1
17.2719 	EXP 	Tstim_7: pos = array([-0.18, -0.15])
17.2719 	EXP 	Tstim_7: height = 0.1
17.2719 	EXP 	Tstim_8: pos = array([-0.09,  0.18])
17.2719 	EXP 	Tstim_8: height = 0.1
17.2719 	EXP 	Tstim_9: pos = array([-0.06,  0.24])
17.2719 	EXP 	Tstim_9: height = 0.1
17.2719 	EXP 	Tstim_10: pos = array([-0.24,  0.15])
17.2719 	EXP 	Tstim_10: height = 0.1
17.2719 	EXP 	Tstim_11: pos = array([ 0.24, -0.24])
17.2719 	EXP 	Tstim_11: height = 0.1
17.2719 	EXP 	Tstim_12: pos = array([0.15, 0.12])
17.2719 	EXP 	Tstim_12: height = 0.1
17.2719 	EXP 	Tstim_13: pos = array([-0.15, -0.09])
17.2719 	EXP 	Tstim_13: height = 0.1
17.2719 	EXP 	Tstim_14: pos = array([-0.21,  0.06])
17.2719 	EXP 	Tstim_14: height = 0.1
17.2719 	EXP 	Tstim_15: pos = array([-0.03, -0.06])
17.2719 	EXP 	Tstim_15: height = 0.1
17.2719 	EXP 	Tstim_16: pos = array([ 0.3 , -0.12])
17.2719 	EXP 	Tstim_16: height = 0.1
17.2719 	EXP 	Tstim_17: pos = array([ 0.09, -0.27])
17.2719 	EXP 	Tstim_17: height = 0.1
17.2719 	EXP 	Tstim_18: pos = array([0.03, 0.  ])
17.2719 	EXP 	Tstim_18: height = 0.1
17.2719 	EXP 	Tstim_19: pos = array([0.18, 0.3 ])
17.2719 	EXP 	Tstim_19: height = 0.1
17.2719 	EXP 	Tstim_20: pos = array([-0.12, -0.21])
17.2719 	EXP 	Tstim_20: height = 0.1
17.2719 	EXP 	Lstim: pos = array([-0.3 , -0.03])
17.2719 	EXP 	Lstim: height = 0.1
17.2719 	EXP 	Tstim: autoDraw = True
17.2719 	EXP 	Tstim_2: autoDraw = True
17.2719 	EXP 	Tstim_3: autoDraw = True
17.2719 	EXP 	Tstim_4: autoDraw = True
17.2719 	EXP 	Tstim_5: autoDraw = True
17.2719 	EXP 	Tstim_6: autoDraw = True
17.2719 	EXP 	Tstim_7: autoDraw = True
17.2719 	EXP 	Tstim_8: autoDraw = True
17.2719 	EXP 	Tstim_9: autoDraw = True
17.2719 	EXP 	Tstim_10: autoDraw = True
17.2719 	EXP 	Tstim_11: autoDraw = True
17.2719 	EXP 	Tstim_12: autoDraw = True
17.2719 	EXP 	Tstim_13: autoDraw = True
17.2719 	EXP 	Tstim_14: autoDraw = True
17.2719 	EXP 	Tstim_15: autoDraw = True
17.2719 	EXP 	Tstim_16: autoDraw = True
17.2719 	EXP 	Tstim_17: autoDraw = True
17.2719 	EXP 	Tstim_18: autoDraw = True
17.2719 	EXP 	Tstim_19: autoDraw = True
17.2719 	EXP 	Tstim_20: autoDraw = True
17.2719 	EXP 	Lstim: autoDraw = True
17.2719 	EXP 	Tstim: text = 'T'
17.2719 	EXP 	Tstim_2: text = 'T'
17.2719 	EXP 	Tstim_3: text = 'T'
17.2719 	EXP 	Tstim_4: text = 'T'
17.2719 	EXP 	Tstim_5: text = 'T'
17.2719 	EXP 	Tstim_6: text = 'T'
17.2719 	EXP 	Tstim_7: text = 'T'
17.2719 	EXP 	Tstim_8: text = 'T'
17.2719 	EXP 	Tstim_9: text = 'T'
17.2719 	EXP 	Tstim_10: text = 'T'
17.2719 	EXP 	Tstim_11: text = 'T'
17.2719 	EXP 	Tstim_12: text = 'T'
17.2719 	EXP 	Tstim_13: text = 'T'
17.2719 	EXP 	Tstim_14: text = 'T'
17.2719 	EXP 	Tstim_15: text = 'T'
17.2719 	EXP 	Tstim_16: text = 'T'
17.2719 	EXP 	Tstim_17: text = 'T'
17.2719 	EXP 	Tstim_18: text = 'T'
17.2719 	EXP 	Tstim_19: text = 'T'
17.2719 	EXP 	Tstim_20: text = 'T'
17.2719 	EXP 	Lstim: text = 'L'
17.3058 	DATA 	Mouse:  Left button up, pos=(831,476)
19.9911 	DATA 	Keypress: escape
20.3306 	EXP 	window1: mouseVisible = True
