5.3125 	WARNING 	We strongly recommend you activate the PTB sound engine in PsychoPy prefs as the preferred audio engine. Its timing is vastly superior. Your prefs are currently set to use ['sounddevice', 'PTB', 'pyo', 'pygame'] (in that order).
8.4268 	WARNING 	User requested fullscreen with size [1024  768], but screen is actually [1920, 1200]. Using actual size
10.2531 	EXP 	Created window1 = Window(allowGUI=False, allowStencil=False, args=UNKNOWN, autoLog=True, bitsMode=UNKNOWN, blendMode='avg', bpc=(8, 8, 8), color=array([0., 0., 0.]), colorSpace='rgb', depthBits=8, fullscr=<method-wrapper '__getattribute__' of attributeSetter object at 0x0000017451E1B7B8>, gamma=None, gammaErrorPolicy='raise', kwargs=UNKNOWN, lms=UNKNOWN, monitor=<psychopy.monitors.calibTools.Monitor object at 0x0000017451B039E8>, multiSample=False, name='window1', numSamples=2, pos=[0.0, 0.0], screen=0, size=array([1920, 1200]), stencilBits=0, stereo=False, units='height', useFBO=True, useRetina=False, viewOri=0.0, viewPos=None, viewScale=None, waitBlanking=True, winType='pyglet')
10.2534 	EXP 	window1: mouseVisible = True
10.2535 	EXP 	window1: recordFrameIntervals = False
10.4190 	EXP 	window1: recordFrameIntervals = True
10.6028 	EXP 	window1: recordFrameIntervals = False
10.8836 	EXP 	Created instrTxt = TextStim(__class__=<class 'psychopy.visual.text.TextStim'>, alignHoriz=method-wrapper(...), alignText='center', alignVert=method-wrapper(...), anchorHoriz='center', anchorVert='center', antialias=True, autoLog=True, bold=False, color='white', colorSpace='named', contrast=1.0, depth=0.0, flipHoriz=False, flipVert=False, font='Arial', fontFiles=[], height=0.1, italic=False, languageStyle='LTR', name='instrTxt', opacity=1.0, ori=0, pos=array([0., 0.]), rgb=array([255., 255., 255.]), text=str(...), units='height', win=Window(...), wrapWidth=1)
10.8837 	EXP 	window1: mouseVisible = True
11.7791 	EXP 	Created Tstim = TextStim(__class__=<class 'psychopy.visual.text.TextStim'>, alignHoriz=method-wrapper(...), alignText='center', alignVert=method-wrapper(...), anchorHoriz='center', anchorVert='center', antialias=True, autoLog=True, bold=False, color='black', colorSpace='named', contrast=1.0, depth=-1.0, flipHoriz=False, flipVert=False, font='Arial', fontFiles=[], height=1.0, italic=False, languageStyle='LTR', name='Tstim', opacity=1.0, ori=0, pos=array([0., 0.]), rgb=array([0., 0., 0.]), text='T', units='height', win=Window(...), wrapWidth=1)
11.7817 	EXP 	Created Tstim_2 = TextStim(__class__=<class 'psychopy.visual.text.TextStim'>, alignHoriz=method-wrapper(...), alignText='center', alignVert=method-wrapper(...), anchorHoriz='center', anchorVert='center', antialias=True, autoLog=True, bold=False, color='black', colorSpace='named', contrast=1.0, depth=-2.0, flipHoriz=False, flipVert=False, font='Arial', fontFiles=[], height=1.0, italic=False, languageStyle='LTR', name='Tstim_2', opacity=1.0, ori=0, pos=array([0., 0.]), rgb=array([0., 0., 0.]), text='T', units='height', win=Window(...), wrapWidth=1)
11.7835 	EXP 	Created Tstim_3 = TextStim(__class__=<class 'psychopy.visual.text.TextStim'>, alignHoriz=method-wrapper(...), alignText='center', alignVert=method-wrapper(...), anchorHoriz='center', anchorVert='center', antialias=True, autoLog=True, bold=False, color='black', colorSpace='named', contrast=1.0, depth=-3.0, flipHoriz=False, flipVert=False, font='Arial', fontFiles=[], height=1.0, italic=False, languageStyle='LTR', name='Tstim_3', opacity=1.0, ori=0, pos=array([0., 0.]), rgb=array([0., 0., 0.]), text='T', units='height', win=Window(...), wrapWidth=1)
11.7847 	EXP 	Created Tstim_4 = TextStim(__class__=<class 'psychopy.visual.text.TextStim'>, alignHoriz=method-wrapper(...), alignText='center', alignVert=method-wrapper(...), anchorHoriz='center', anchorVert='center', antialias=True, autoLog=True, bold=False, color='black', colorSpace='named', contrast=1.0, depth=-4.0, flipHoriz=False, flipVert=False, font='Arial', fontFiles=[], height=1.0, italic=False, languageStyle='LTR', name='Tstim_4', opacity=1.0, ori=0, pos=array([0., 0.]), rgb=array([0., 0., 0.]), text='T', units='height', win=Window(...), wrapWidth=1)
11.7859 	EXP 	Created Tstim_5 = TextStim(__class__=<class 'psychopy.visual.text.TextStim'>, alignHoriz=method-wrapper(...), alignText='center', alignVert=method-wrapper(...), anchorHoriz='center', anchorVert='center', antialias=True, autoLog=True, bold=False, color='black', colorSpace='named', contrast=1.0, depth=-5.0, flipHoriz=False, flipVert=False, font='Arial', fontFiles=[], height=1.0, italic=False, languageStyle='LTR', name='Tstim_5', opacity=1.0, ori=0, pos=array([0., 0.]), rgb=array([0., 0., 0.]), text='T', units='height', win=Window(...), wrapWidth=1)
11.7869 	EXP 	Created Tstim_6 = TextStim(__class__=<class 'psychopy.visual.text.TextStim'>, alignHoriz=method-wrapper(...), alignText='center', alignVert=method-wrapper(...), anchorHoriz='center', anchorVert='center', antialias=True, autoLog=True, bold=False, color='black', colorSpace='named', contrast=1.0, depth=-6.0, flipHoriz=False, flipVert=False, font='Arial', fontFiles=[], height=1.0, italic=False, languageStyle='LTR', name='Tstim_6', opacity=1.0, ori=0, pos=array([0., 0.]), rgb=array([0., 0., 0.]), text='T', units='height', win=Window(...), wrapWidth=1)
11.7881 	EXP 	Created Tstim_7 = TextStim(__class__=<class 'psychopy.visual.text.TextStim'>, alignHoriz=method-wrapper(...), alignText='center', alignVert=method-wrapper(...), anchorHoriz='center', anchorVert='center', antialias=True, autoLog=True, bold=False, color='black', colorSpace='named', contrast=1.0, depth=-7.0, flipHoriz=False, flipVert=False, font='Arial', fontFiles=[], height=1.0, italic=False, languageStyle='LTR', name='Tstim_7', opacity=1.0, ori=0, pos=array([0., 0.]), rgb=array([0., 0., 0.]), text='T', units='height', win=Window(...), wrapWidth=1)
11.7892 	EXP 	Created Tstim_8 = TextStim(__class__=<class 'psychopy.visual.text.TextStim'>, alignHoriz=method-wrapper(...), alignText='center', alignVert=method-wrapper(...), anchorHoriz='center', anchorVert='center', antialias=True, autoLog=True, bold=False, color='black', colorSpace='named', contrast=1.0, depth=-8.0, flipHoriz=False, flipVert=False, font='Arial', fontFiles=[], height=1.0, italic=False, languageStyle='LTR', name='Tstim_8', opacity=1.0, ori=0, pos=array([0., 0.]), rgb=array([0., 0., 0.]), text='T', units='height', win=Window(...), wrapWidth=1)
11.7903 	EXP 	Created Tstim_9 = TextStim(__class__=<class 'psychopy.visual.text.TextStim'>, alignHoriz=method-wrapper(...), alignText='center', alignVert=method-wrapper(...), anchorHoriz='center', anchorVert='center', antialias=True, autoLog=True, bold=False, color='black', colorSpace='named', contrast=1.0, depth=-9.0, flipHoriz=False, flipVert=False, font='Arial', fontFiles=[], height=1.0, italic=False, languageStyle='LTR', name='Tstim_9', opacity=1.0, ori=0, pos=array([0., 0.]), rgb=array([0., 0., 0.]), text='T', units='height', win=Window(...), wrapWidth=1)
11.7914 	EXP 	Created Tstim_10 = TextStim(__class__=<class 'psychopy.visual.text.TextStim'>, alignHoriz=method-wrapper(...), alignText='center', alignVert=method-wrapper(...), anchorHoriz='center', anchorVert='center', antialias=True, autoLog=True, bold=False, color='black', colorSpace='named', contrast=1.0, depth=-10.0, flipHoriz=False, flipVert=False, font='Arial', fontFiles=[], height=1.0, italic=False, languageStyle='LTR', name='Tstim_10', opacity=1.0, ori=0, pos=array([0., 0.]), rgb=array([0., 0., 0.]), text='T', units='height', win=Window(...), wrapWidth=1)
11.7925 	EXP 	Created Tstim_11 = TextStim(__class__=<class 'psychopy.visual.text.TextStim'>, alignHoriz=method-wrapper(...), alignText='center', alignVert=method-wrapper(...), anchorHoriz='center', anchorVert='center', antialias=True, autoLog=True, bold=False, color='black', colorSpace='named', contrast=1.0, depth=-11.0, flipHoriz=False, flipVert=False, font='Arial', fontFiles=[], height=1.0, italic=False, languageStyle='LTR', name='Tstim_11', opacity=1.0, ori=0, pos=array([0., 0.]), rgb=array([0., 0., 0.]), text='T', units='height', win=Window(...), wrapWidth=1)
11.7936 	EXP 	Created Tstim_12 = TextStim(__class__=<class 'psychopy.visual.text.TextStim'>, alignHoriz=method-wrapper(...), alignText='center', alignVert=method-wrapper(...), anchorHoriz='center', anchorVert='center', antialias=True, autoLog=True, bold=False, color='black', colorSpace='named', contrast=1.0, depth=-12.0, flipHoriz=False, flipVert=False, font='Arial', fontFiles=[], height=1.0, italic=False, languageStyle='LTR', name='Tstim_12', opacity=1.0, ori=0, pos=array([0., 0.]), rgb=array([0., 0., 0.]), text='T', units='height', win=Window(...), wrapWidth=1)
11.7947 	EXP 	Created Tstim_13 = TextStim(__class__=<class 'psychopy.visual.text.TextStim'>, alignHoriz=method-wrapper(...), alignText='center', alignVert=method-wrapper(...), anchorHoriz='center', anchorVert='center', antialias=True, autoLog=True, bold=False, color='black', colorSpace='named', contrast=1.0, depth=-13.0, flipHoriz=False, flipVert=False, font='Arial', fontFiles=[], height=1.0, italic=False, languageStyle='LTR', name='Tstim_13', opacity=1.0, ori=0, pos=array([0., 0.]), rgb=array([0., 0., 0.]), text='T', units='height', win=Window(...), wrapWidth=1)
11.7959 	EXP 	Created Tstim_14 = TextStim(__class__=<class 'psychopy.visual.text.TextStim'>, alignHoriz=method-wrapper(...), alignText='center', alignVert=method-wrapper(...), anchorHoriz='center', anchorVert='center', antialias=True, autoLog=True, bold=False, color='black', colorSpace='named', contrast=1.0, depth=-14.0, flipHoriz=False, flipVert=False, font='Arial', fontFiles=[], height=1.0, italic=False, languageStyle='LTR', name='Tstim_14', opacity=1.0, ori=0, pos=array([0., 0.]), rgb=array([0., 0., 0.]), text='T', units='height', win=Window(...), wrapWidth=1)
11.7970 	EXP 	Created Tstim_15 = TextStim(__class__=<class 'psychopy.visual.text.TextStim'>, alignHoriz=method-wrapper(...), alignText='center', alignVert=method-wrapper(...), anchorHoriz='center', anchorVert='center', antialias=True, autoLog=True, bold=False, color='black', colorSpace='named', contrast=1.0, depth=-15.0, flipHoriz=False, flipVert=False, font='Arial', fontFiles=[], height=1.0, italic=False, languageStyle='LTR', name='Tstim_15', opacity=1.0, ori=0, pos=array([0., 0.]), rgb=array([0., 0., 0.]), text='T', units='height', win=Window(...), wrapWidth=1)
11.7991 	EXP 	Created Tstim_16 = TextStim(__class__=<class 'psychopy.visual.text.TextStim'>, alignHoriz=method-wrapper(...), alignText='center', alignVert=method-wrapper(...), anchorHoriz='center', anchorVert='center', antialias=True, autoLog=True, bold=False, color='black', colorSpace='named', contrast=1.0, depth=-16.0, flipHoriz=False, flipVert=False, font='Arial', fontFiles=[], height=1.0, italic=False, languageStyle='LTR', name='Tstim_16', opacity=1.0, ori=0, pos=array([0., 0.]), rgb=array([0., 0., 0.]), text='T', units='height', win=Window(...), wrapWidth=1)
11.8007 	EXP 	Created Tstim_17 = TextStim(__class__=<class 'psychopy.visual.text.TextStim'>, alignHoriz=method-wrapper(...), alignText='center', alignVert=method-wrapper(...), anchorHoriz='center', anchorVert='center', antialias=True, autoLog=True, bold=False, color='black', colorSpace='named', contrast=1.0, depth=-17.0, flipHoriz=False, flipVert=False, font='Arial', fontFiles=[], height=1.0, italic=False, languageStyle='LTR', name='Tstim_17', opacity=1.0, ori=0, pos=array([0., 0.]), rgb=array([0., 0., 0.]), text='T', units='height', win=Window(...), wrapWidth=1)
11.8021 	EXP 	Created Tstim_18 = TextStim(__class__=<class 'psychopy.visual.text.TextStim'>, alignHoriz=method-wrapper(...), alignText='center', alignVert=method-wrapper(...), anchorHoriz='center', anchorVert='center', antialias=True, autoLog=True, bold=False, color='black', colorSpace='named', contrast=1.0, depth=-18.0, flipHoriz=False, flipVert=False, font='Arial', fontFiles=[], height=1.0, italic=False, languageStyle='LTR', name='Tstim_18', opacity=1.0, ori=0, pos=array([0., 0.]), rgb=array([0., 0., 0.]), text='T', units='height', win=Window(...), wrapWidth=1)
11.8036 	EXP 	Created Tstim_19 = TextStim(__class__=<class 'psychopy.visual.text.TextStim'>, alignHoriz=method-wrapper(...), alignText='center', alignVert=method-wrapper(...), anchorHoriz='center', anchorVert='center', antialias=True, autoLog=True, bold=False, color='black', colorSpace='named', contrast=1.0, depth=-19.0, flipHoriz=False, flipVert=False, font='Arial', fontFiles=[], height=1.0, italic=False, languageStyle='LTR', name='Tstim_19', opacity=1.0, ori=0, pos=array([0., 0.]), rgb=array([0., 0., 0.]), text='T', units='height', win=Window(...), wrapWidth=1)
11.8052 	EXP 	Created Tstim_20 = TextStim(__class__=<class 'psychopy.visual.text.TextStim'>, alignHoriz=method-wrapper(...), alignText='center', alignVert=method-wrapper(...), anchorHoriz='center', anchorVert='center', antialias=True, autoLog=True, bold=False, color='black', colorSpace='named', contrast=1.0, depth=-20.0, flipHoriz=False, flipVert=False, font='Arial', fontFiles=[], height=1.0, italic=False, languageStyle='LTR', name='Tstim_20', opacity=1.0, ori=0, pos=array([0., 0.]), rgb=array([0., 0., 0.]), text='T', units='height', win=Window(...), wrapWidth=1)
11.9220 	EXP 	Created Lstim = TextStim(__class__=<class 'psychopy.visual.text.TextStim'>, alignHoriz=method-wrapper(...), alignText='center', alignVert=method-wrapper(...), anchorHoriz='center', anchorVert='center', antialias=True, autoLog=True, bold=False, color='black', colorSpace='named', contrast=1.0, depth=-21.0, flipHoriz=False, flipVert=False, font='Arial', fontFiles=[], height=1.0, italic=False, languageStyle='LTR', name='Lstim', opacity=1.0, ori=0, pos=array([0., 0.]), rgb=array([0., 0., 0.]), text='L', units='height', win=Window(...), wrapWidth=1)
11.9223 	EXP 	window1: mouseVisible = True
11.9664 	EXP 	instrTxt: autoDraw = True
12.7885 	DATA 	Mouse: Left button down, pos=(890,972)
12.7909 	EXP 	Created sequence: random, trialTypes=1, nReps=5, seed=None
12.7913 	EXP 	New trial (rep=0, index=0): None
12.9004 	DATA 	Mouse:  Left button up, pos=(890,972)
12.9026 	EXP 	instrTxt: autoDraw = False
12.9026 	EXP 	Tstim: opacity = 0.5
12.9026 	EXP 	Tstim: pos = array([0.09, 0.18])
12.9026 	EXP 	Tstim: height = 0.1
12.9026 	EXP 	Tstim_2: opacity = 0.5
12.9026 	EXP 	Tstim_2: height = 0.1
12.9026 	EXP 	Tstim_3: opacity = 0.5
12.9026 	EXP 	Tstim_3: pos = array([ 0.21, -0.3 ])
12.9026 	EXP 	Tstim_3: height = 0.1
12.9026 	EXP 	Tstim_4: opacity = 0.5
12.9026 	EXP 	Tstim_4: pos = array([-0.18,  0.12])
12.9026 	EXP 	Tstim_4: height = 0.1
12.9026 	EXP 	Tstim_5: opacity = 0.5
12.9026 	EXP 	Tstim_5: pos = array([-0.15,  0.09])
12.9026 	EXP 	Tstim_5: height = 0.1
12.9026 	EXP 	Tstim_6: opacity = 0.5
12.9026 	EXP 	Tstim_6: pos = array([ 0.12, -0.12])
12.9026 	EXP 	Tstim_6: height = 0.1
12.9026 	EXP 	Tstim_7: opacity = 0.5
12.9026 	EXP 	Tstim_7: pos = array([0.27, 0.3 ])
12.9026 	EXP 	Tstim_7: height = 0.1
12.9026 	EXP 	Tstim_8: opacity = 0.5
12.9026 	EXP 	Tstim_8: pos = array([0.03, 0.24])
12.9026 	EXP 	Tstim_8: height = 0.1
12.9026 	EXP 	Tstim_9: opacity = 0.5
12.9026 	EXP 	Tstim_9: pos = array([ 0.15, -0.15])
12.9026 	EXP 	Tstim_9: height = 0.1
12.9026 	EXP 	Tstim_10: opacity = 0.5
12.9026 	EXP 	Tstim_10: pos = array([ 0.  , -0.18])
12.9026 	EXP 	Tstim_10: height = 0.1
12.9026 	EXP 	Tstim_11: opacity = 0.5
12.9026 	EXP 	Tstim_11: pos = array([-0.09, -0.21])
12.9026 	EXP 	Tstim_11: height = 0.1
12.9026 	EXP 	Tstim_12: opacity = 0.5
12.9026 	EXP 	Tstim_12: pos = array([0.06, 0.15])
12.9026 	EXP 	Tstim_12: height = 0.1
12.9026 	EXP 	Tstim_13: opacity = 0.5
12.9026 	EXP 	Tstim_13: pos = array([-0.21, -0.27])
12.9026 	EXP 	Tstim_13: height = 0.1
12.9026 	EXP 	Tstim_14: opacity = 0.5
12.9026 	EXP 	Tstim_14: pos = array([0.18, 0.06])
12.9026 	EXP 	Tstim_14: height = 0.1
12.9026 	EXP 	Tstim_15: opacity = 0.5
12.9026 	EXP 	Tstim_15: pos = array([-0.03, -0.09])
12.9026 	EXP 	Tstim_15: height = 0.1
12.9026 	EXP 	Tstim_16: opacity = 0.5
12.9026 	EXP 	Tstim_16: pos = array([-0.3 ,  0.03])
12.9026 	EXP 	Tstim_16: height = 0.1
12.9026 	EXP 	Tstim_17: opacity = 0.5
12.9026 	EXP 	Tstim_17: pos = array([-0.12,  0.  ])
12.9026 	EXP 	Tstim_17: height = 0.1
12.9026 	EXP 	Tstim_18: opacity = 0.5
12.9026 	EXP 	Tstim_18: pos = array([-0.24, -0.24])
12.9026 	EXP 	Tstim_18: height = 0.1
12.9026 	EXP 	Tstim_19: opacity = 0.5
12.9026 	EXP 	Tstim_19: pos = array([-0.06, -0.06])
12.9026 	EXP 	Tstim_19: height = 0.1
12.9026 	EXP 	Tstim_20: opacity = 0.5
12.9026 	EXP 	Tstim_20: pos = array([-0.27,  0.27])
12.9026 	EXP 	Tstim_20: height = 0.1
12.9026 	EXP 	Lstim: opacity = 0.5
12.9026 	EXP 	Lstim: pos = array([ 0.3 , -0.03])
12.9026 	EXP 	Lstim: height = 0.1
12.9026 	EXP 	Tstim: autoDraw = True
12.9026 	EXP 	Tstim_2: autoDraw = True
12.9026 	EXP 	Tstim_3: autoDraw = True
12.9026 	EXP 	Tstim_4: autoDraw = True
12.9026 	EXP 	Tstim_5: autoDraw = True
12.9026 	EXP 	Tstim_6: autoDraw = True
12.9026 	EXP 	Tstim_7: autoDraw = True
12.9026 	EXP 	Tstim_8: autoDraw = True
12.9026 	EXP 	Tstim_9: autoDraw = True
12.9026 	EXP 	Tstim_10: autoDraw = True
12.9026 	EXP 	Tstim_11: autoDraw = True
12.9026 	EXP 	Tstim_12: autoDraw = True
12.9026 	EXP 	Tstim_13: autoDraw = True
12.9026 	EXP 	Tstim_14: autoDraw = True
12.9026 	EXP 	Tstim_15: autoDraw = True
12.9026 	EXP 	Tstim_16: autoDraw = True
12.9026 	EXP 	Tstim_17: autoDraw = True
12.9026 	EXP 	Tstim_18: autoDraw = True
12.9026 	EXP 	Tstim_19: autoDraw = True
12.9026 	EXP 	Tstim_20: autoDraw = True
12.9026 	EXP 	Lstim: autoDraw = True
12.9026 	EXP 	Tstim: text = 'T'
12.9026 	EXP 	Tstim_2: text = 'T'
12.9026 	EXP 	Tstim_3: text = 'T'
12.9026 	EXP 	Tstim_4: text = 'T'
12.9026 	EXP 	Tstim_5: text = 'T'
12.9026 	EXP 	Tstim_6: text = 'T'
12.9026 	EXP 	Tstim_7: text = 'T'
12.9026 	EXP 	Tstim_8: text = 'T'
12.9026 	EXP 	Tstim_9: text = 'T'
12.9026 	EXP 	Tstim_10: text = 'T'
12.9026 	EXP 	Tstim_11: text = 'T'
12.9026 	EXP 	Tstim_12: text = 'T'
12.9026 	EXP 	Tstim_13: text = 'T'
12.9026 	EXP 	Tstim_14: text = 'T'
12.9026 	EXP 	Tstim_15: text = 'T'
12.9026 	EXP 	Tstim_16: text = 'T'
12.9026 	EXP 	Tstim_17: text = 'T'
12.9026 	EXP 	Tstim_18: text = 'T'
12.9026 	EXP 	Tstim_19: text = 'T'
12.9026 	EXP 	Tstim_20: text = 'T'
12.9026 	EXP 	Lstim: text = 'L'
15.0908 	DATA 	Mouse: Left button down, pos=(1303,586)
15.1107 	EXP 	New trial (rep=1, index=0): None
15.2276 	DATA 	Mouse:  Left button up, pos=(1303,586)
15.2295 	EXP 	Tstim: autoDraw = False
15.2295 	EXP 	Tstim_2: autoDraw = False
15.2295 	EXP 	Tstim_3: autoDraw = False
15.2295 	EXP 	Tstim_4: autoDraw = False
15.2295 	EXP 	Tstim_5: autoDraw = False
15.2295 	EXP 	Tstim_6: autoDraw = False
15.2295 	EXP 	Tstim_7: autoDraw = False
15.2295 	EXP 	Tstim_8: autoDraw = False
15.2295 	EXP 	Tstim_9: autoDraw = False
15.2295 	EXP 	Tstim_10: autoDraw = False
15.2295 	EXP 	Tstim_11: autoDraw = False
15.2295 	EXP 	Tstim_12: autoDraw = False
15.2295 	EXP 	Tstim_13: autoDraw = False
15.2295 	EXP 	Tstim_14: autoDraw = False
15.2295 	EXP 	Tstim_15: autoDraw = False
15.2295 	EXP 	Tstim_16: autoDraw = False
15.2295 	EXP 	Tstim_17: autoDraw = False
15.2295 	EXP 	Tstim_18: autoDraw = False
15.2295 	EXP 	Tstim_19: autoDraw = False
15.2295 	EXP 	Tstim_20: autoDraw = False
15.2295 	EXP 	Lstim: autoDraw = False
15.2295 	EXP 	Tstim: opacity = 0.5
15.2295 	EXP 	Tstim: pos = array([ 0.21, -0.12])
15.2295 	EXP 	Tstim: height = 0.1
15.2295 	EXP 	Tstim_2: opacity = 0.5
15.2295 	EXP 	Tstim_2: height = 0.1
15.2295 	EXP 	Tstim_3: opacity = 0.5
15.2295 	EXP 	Tstim_3: pos = array([0.27, 0.12])
15.2295 	EXP 	Tstim_3: height = 0.1
15.2295 	EXP 	Tstim_4: opacity = 0.5
15.2295 	EXP 	Tstim_4: pos = array([0.  , 0.24])
15.2295 	EXP 	Tstim_4: height = 0.1
15.2295 	EXP 	Tstim_5: opacity = 0.5
15.2295 	EXP 	Tstim_5: pos = array([ 0.3 , -0.06])
15.2295 	EXP 	Tstim_5: height = 0.1
15.2295 	EXP 	Tstim_6: opacity = 0.5
15.2295 	EXP 	Tstim_6: pos = array([0.06, 0.21])
15.2295 	EXP 	Tstim_6: height = 0.1
15.2295 	EXP 	Tstim_7: opacity = 0.5
15.2295 	EXP 	Tstim_7: pos = array([ 0.15, -0.24])
15.2295 	EXP 	Tstim_7: height = 0.1
15.2295 	EXP 	Tstim_8: opacity = 0.5
15.2295 	EXP 	Tstim_8: pos = array([-0.21, -0.3 ])
15.2295 	EXP 	Tstim_8: height = 0.1
15.2295 	EXP 	Tstim_9: opacity = 0.5
15.2295 	EXP 	Tstim_9: pos = array([ 0.18, -0.03])
15.2295 	EXP 	Tstim_9: height = 0.1
15.2295 	EXP 	Tstim_10: opacity = 0.5
15.2295 	EXP 	Tstim_10: pos = array([-0.3 , -0.18])
15.2295 	EXP 	Tstim_10: height = 0.1
15.2295 	EXP 	Tstim_11: opacity = 0.5
15.2295 	EXP 	Tstim_11: pos = array([-0.27,  0.06])
15.2295 	EXP 	Tstim_11: height = 0.1
15.2295 	EXP 	Tstim_12: opacity = 0.5
15.2295 	EXP 	Tstim_12: pos = array([0.03, 0.27])
15.2295 	EXP 	Tstim_12: height = 0.1
15.2295 	EXP 	Tstim_13: opacity = 0.5
15.2295 	EXP 	Tstim_13: pos = array([-0.15,  0.03])
15.2295 	EXP 	Tstim_13: height = 0.1
15.2295 	EXP 	Tstim_14: opacity = 0.5
15.2295 	EXP 	Tstim_14: pos = array([-0.12, -0.21])
15.2295 	EXP 	Tstim_14: height = 0.1
15.2295 	EXP 	Tstim_15: opacity = 0.5
15.2295 	EXP 	Tstim_15: pos = array([-0.24,  0.  ])
15.2295 	EXP 	Tstim_15: height = 0.1
15.2295 	EXP 	Tstim_16: opacity = 0.5
15.2295 	EXP 	Tstim_16: pos = array([-0.09, -0.15])
15.2295 	EXP 	Tstim_16: height = 0.1
15.2295 	EXP 	Tstim_17: opacity = 0.5
15.2295 	EXP 	Tstim_17: pos = array([0.12, 0.15])
15.2295 	EXP 	Tstim_17: height = 0.1
15.2295 	EXP 	Tstim_18: opacity = 0.5
15.2295 	EXP 	Tstim_18: pos = array([-0.03,  0.3 ])
15.2295 	EXP 	Tstim_18: height = 0.1
15.2295 	EXP 	Tstim_19: opacity = 0.5
15.2295 	EXP 	Tstim_19: pos = array([ 0.09, -0.27])
15.2295 	EXP 	Tstim_19: height = 0.1
15.2295 	EXP 	Tstim_20: opacity = 0.5
15.2295 	EXP 	Tstim_20: pos = array([-0.18,  0.09])
15.2295 	EXP 	Tstim_20: height = 0.1
15.2295 	EXP 	Lstim: opacity = 0.5
15.2295 	EXP 	Lstim: pos = array([-0.06,  0.18])
15.2295 	EXP 	Lstim: height = 0.1
15.2295 	EXP 	Tstim: autoDraw = True
15.2295 	EXP 	Tstim_2: autoDraw = True
15.2295 	EXP 	Tstim_3: autoDraw = True
15.2295 	EXP 	Tstim_4: autoDraw = True
15.2295 	EXP 	Tstim_5: autoDraw = True
15.2295 	EXP 	Tstim_6: autoDraw = True
15.2295 	EXP 	Tstim_7: autoDraw = True
15.2295 	EXP 	Tstim_8: autoDraw = True
15.2295 	EXP 	Tstim_9: autoDraw = True
15.2295 	EXP 	Tstim_10: autoDraw = True
15.2295 	EXP 	Tstim_11: autoDraw = True
15.2295 	EXP 	Tstim_12: autoDraw = True
15.2295 	EXP 	Tstim_13: autoDraw = True
15.2295 	EXP 	Tstim_14: autoDraw = True
15.2295 	EXP 	Tstim_15: autoDraw = True
15.2295 	EXP 	Tstim_16: autoDraw = True
15.2295 	EXP 	Tstim_17: autoDraw = True
15.2295 	EXP 	Tstim_18: autoDraw = True
15.2295 	EXP 	Tstim_19: autoDraw = True
15.2295 	EXP 	Tstim_20: autoDraw = True
15.2295 	EXP 	Lstim: autoDraw = True
15.2295 	EXP 	Tstim: text = 'T'
15.2295 	EXP 	Tstim_2: text = 'T'
15.2295 	EXP 	Tstim_3: text = 'T'
15.2295 	EXP 	Tstim_4: text = 'T'
15.2295 	EXP 	Tstim_5: text = 'T'
15.2295 	EXP 	Tstim_6: text = 'T'
15.2295 	EXP 	Tstim_7: text = 'T'
15.2295 	EXP 	Tstim_8: text = 'T'
15.2295 	EXP 	Tstim_9: text = 'T'
15.2295 	EXP 	Tstim_10: text = 'T'
15.2295 	EXP 	Tstim_11: text = 'T'
15.2295 	EXP 	Tstim_12: text = 'T'
15.2295 	EXP 	Tstim_13: text = 'T'
15.2295 	EXP 	Tstim_14: text = 'T'
15.2295 	EXP 	Tstim_15: text = 'T'
15.2295 	EXP 	Tstim_16: text = 'T'
15.2295 	EXP 	Tstim_17: text = 'T'
15.2295 	EXP 	Tstim_18: text = 'T'
15.2295 	EXP 	Tstim_19: text = 'T'
15.2295 	EXP 	Tstim_20: text = 'T'
15.2295 	EXP 	Lstim: text = 'L'
17.2418 	DATA 	Mouse: Left button down, pos=(872,793)
17.2536 	EXP 	New trial (rep=2, index=0): None
17.3438 	EXP 	Tstim: autoDraw = False
17.3438 	EXP 	Tstim_2: autoDraw = False
17.3438 	EXP 	Tstim_3: autoDraw = False
17.3438 	EXP 	Tstim_4: autoDraw = False
17.3438 	EXP 	Tstim_5: autoDraw = False
17.3438 	EXP 	Tstim_6: autoDraw = False
17.3438 	EXP 	Tstim_7: autoDraw = False
17.3438 	EXP 	Tstim_8: autoDraw = False
17.3438 	EXP 	Tstim_9: autoDraw = False
17.3438 	EXP 	Tstim_10: autoDraw = False
17.3438 	EXP 	Tstim_11: autoDraw = False
17.3438 	EXP 	Tstim_12: autoDraw = False
17.3438 	EXP 	Tstim_13: autoDraw = False
17.3438 	EXP 	Tstim_14: autoDraw = False
17.3438 	EXP 	Tstim_15: autoDraw = False
17.3438 	EXP 	Tstim_16: autoDraw = False
17.3438 	EXP 	Tstim_17: autoDraw = False
17.3438 	EXP 	Tstim_18: autoDraw = False
17.3438 	EXP 	Tstim_19: autoDraw = False
17.3438 	EXP 	Tstim_20: autoDraw = False
17.3438 	EXP 	Lstim: autoDraw = False
17.3438 	EXP 	Tstim: opacity = 0.5
17.3438 	EXP 	Tstim: pos = array([ 0.03, -0.06])
17.3438 	EXP 	Tstim: height = 0.1
17.3438 	EXP 	Tstim_2: opacity = 0.5
17.3438 	EXP 	Tstim_2: height = 0.1
17.3438 	EXP 	Tstim_3: opacity = 0.5
17.3438 	EXP 	Tstim_3: pos = array([0.12, 0.21])
17.3438 	EXP 	Tstim_3: height = 0.1
17.3438 	EXP 	Tstim_4: opacity = 0.5
17.3438 	EXP 	Tstim_4: pos = array([-0.12,  0.12])
17.3438 	EXP 	Tstim_4: height = 0.1
17.3438 	EXP 	Tstim_5: opacity = 0.5
17.3438 	EXP 	Tstim_5: pos = array([0.27, 0.24])
17.3438 	EXP 	Tstim_5: height = 0.1
17.3438 	EXP 	Tstim_6: opacity = 0.5
17.3438 	EXP 	Tstim_6: pos = array([-0.27, -0.09])
17.3438 	EXP 	Tstim_6: height = 0.1
17.3438 	EXP 	Tstim_7: opacity = 0.5
17.3438 	EXP 	Tstim_7: pos = array([-0.03, -0.24])
17.3438 	EXP 	Tstim_7: height = 0.1
17.3438 	EXP 	Tstim_8: opacity = 0.5
17.3438 	EXP 	Tstim_8: pos = array([ 0.18, -0.15])
17.3438 	EXP 	Tstim_8: height = 0.1
17.3438 	EXP 	Tstim_9: opacity = 0.5
17.3438 	EXP 	Tstim_9: pos = array([0.21, 0.15])
17.3438 	EXP 	Tstim_9: height = 0.1
17.3438 	EXP 	Tstim_10: opacity = 0.5
17.3438 	EXP 	Tstim_10: pos = array([ 0.09, -0.3 ])
17.3438 	EXP 	Tstim_10: height = 0.1
17.3438 	EXP 	Tstim_11: opacity = 0.5
17.3438 	EXP 	Tstim_11: pos = array([-0.06, -0.21])
17.3438 	EXP 	Tstim_11: height = 0.1
17.3438 	EXP 	Tstim_12: opacity = 0.5
17.3438 	EXP 	Tstim_12: pos = array([-0.18, -0.18])
17.3438 	EXP 	Tstim_12: height = 0.1
17.3438 	EXP 	Tstim_13: opacity = 0.5
17.3438 	EXP 	Tstim_13: pos = array([0.3 , 0.09])
17.3438 	EXP 	Tstim_13: height = 0.1
17.3438 	EXP 	Tstim_14: opacity = 0.5
17.3438 	EXP 	Tstim_14: pos = array([0.15, 0.06])
17.3438 	EXP 	Tstim_14: height = 0.1
17.3438 	EXP 	Tstim_15: opacity = 0.5
17.3438 	EXP 	Tstim_15: pos = array([ 0.  , -0.27])
17.3438 	EXP 	Tstim_15: height = 0.1
17.3438 	EXP 	Tstim_16: opacity = 0.5
17.3438 	EXP 	Tstim_16: pos = array([-0.24,  0.03])
17.3438 	EXP 	Tstim_16: height = 0.1
17.3438 	EXP 	Tstim_17: opacity = 0.5
17.3438 	EXP 	Tstim_17: pos = array([-0.15,  0.27])
17.3438 	EXP 	Tstim_17: height = 0.1
17.3438 	EXP 	Tstim_18: opacity = 0.5
17.3438 	EXP 	Tstim_18: pos = array([-0.3 ,  0.18])
17.3438 	EXP 	Tstim_18: height = 0.1
17.3438 	EXP 	Tstim_19: opacity = 0.5
17.3438 	EXP 	Tstim_19: pos = array([0.24, 0.  ])
17.3438 	EXP 	Tstim_19: height = 0.1
17.3438 	EXP 	Tstim_20: opacity = 0.5
17.3438 	EXP 	Tstim_20: pos = array([-0.09, -0.03])
17.3438 	EXP 	Tstim_20: height = 0.1
17.3438 	EXP 	Lstim: opacity = 0.5
17.3438 	EXP 	Lstim: pos = array([-0.21, -0.12])
17.3438 	EXP 	Lstim: height = 0.1
17.3438 	EXP 	Tstim: autoDraw = True
17.3438 	EXP 	Tstim_2: autoDraw = True
17.3438 	EXP 	Tstim_3: autoDraw = True
17.3438 	EXP 	Tstim_4: autoDraw = True
17.3438 	EXP 	Tstim_5: autoDraw = True
17.3438 	EXP 	Tstim_6: autoDraw = True
17.3438 	EXP 	Tstim_7: autoDraw = True
17.3438 	EXP 	Tstim_8: autoDraw = True
17.3438 	EXP 	Tstim_9: autoDraw = True
17.3438 	EXP 	Tstim_10: autoDraw = True
17.3438 	EXP 	Tstim_11: autoDraw = True
17.3438 	EXP 	Tstim_12: autoDraw = True
17.3438 	EXP 	Tstim_13: autoDraw = True
17.3438 	EXP 	Tstim_14: autoDraw = True
17.3438 	EXP 	Tstim_15: autoDraw = True
17.3438 	EXP 	Tstim_16: autoDraw = True
17.3438 	EXP 	Tstim_17: autoDraw = True
17.3438 	EXP 	Tstim_18: autoDraw = True
17.3438 	EXP 	Tstim_19: autoDraw = True
17.3438 	EXP 	Tstim_20: autoDraw = True
17.3438 	EXP 	Lstim: autoDraw = True
17.3438 	EXP 	Tstim: text = 'T'
17.3438 	EXP 	Tstim_2: text = 'T'
17.3438 	EXP 	Tstim_3: text = 'T'
17.3438 	EXP 	Tstim_4: text = 'T'
17.3438 	EXP 	Tstim_5: text = 'T'
17.3438 	EXP 	Tstim_6: text = 'T'
17.3438 	EXP 	Tstim_7: text = 'T'
17.3438 	EXP 	Tstim_8: text = 'T'
17.3438 	EXP 	Tstim_9: text = 'T'
17.3438 	EXP 	Tstim_10: text = 'T'
17.3438 	EXP 	Tstim_11: text = 'T'
17.3438 	EXP 	Tstim_12: text = 'T'
17.3438 	EXP 	Tstim_13: text = 'T'
17.3438 	EXP 	Tstim_14: text = 'T'
17.3438 	EXP 	Tstim_15: text = 'T'
17.3438 	EXP 	Tstim_16: text = 'T'
17.3438 	EXP 	Tstim_17: text = 'T'
17.3438 	EXP 	Tstim_18: text = 'T'
17.3438 	EXP 	Tstim_19: text = 'T'
17.3438 	EXP 	Tstim_20: text = 'T'
17.3438 	EXP 	Lstim: text = 'L'
17.3676 	DATA 	Mouse:  Left button up, pos=(872,793)
19.7538 	DATA 	Mouse: Left button down, pos=(692,443)
19.7742 	EXP 	New trial (rep=3, index=0): None
19.8854 	DATA 	Mouse:  Left button up, pos=(692,443)
19.8870 	EXP 	Tstim: autoDraw = False
19.8870 	EXP 	Tstim_2: autoDraw = False
19.8870 	EXP 	Tstim_3: autoDraw = False
19.8870 	EXP 	Tstim_4: autoDraw = False
19.8870 	EXP 	Tstim_5: autoDraw = False
19.8870 	EXP 	Tstim_6: autoDraw = False
19.8870 	EXP 	Tstim_7: autoDraw = False
19.8870 	EXP 	Tstim_8: autoDraw = False
19.8870 	EXP 	Tstim_9: autoDraw = False
19.8870 	EXP 	Tstim_10: autoDraw = False
19.8870 	EXP 	Tstim_11: autoDraw = False
19.8870 	EXP 	Tstim_12: autoDraw = False
19.8870 	EXP 	Tstim_13: autoDraw = False
19.8870 	EXP 	Tstim_14: autoDraw = False
19.8870 	EXP 	Tstim_15: autoDraw = False
19.8870 	EXP 	Tstim_16: autoDraw = False
19.8870 	EXP 	Tstim_17: autoDraw = False
19.8870 	EXP 	Tstim_18: autoDraw = False
19.8870 	EXP 	Tstim_19: autoDraw = False
19.8870 	EXP 	Tstim_20: autoDraw = False
19.8870 	EXP 	Lstim: autoDraw = False
19.8870 	EXP 	Tstim: opacity = 0.5
19.8870 	EXP 	Tstim: pos = array([ 0.03, -0.24])
19.8870 	EXP 	Tstim: height = 0.1
19.8870 	EXP 	Tstim_2: opacity = 0.5
19.8870 	EXP 	Tstim_2: height = 0.1
19.8870 	EXP 	Tstim_3: opacity = 0.5
19.8870 	EXP 	Tstim_3: pos = array([0.06, 0.03])
19.8870 	EXP 	Tstim_3: height = 0.1
19.8870 	EXP 	Tstim_4: opacity = 0.5
19.8870 	EXP 	Tstim_4: pos = array([ 0.21, -0.09])
19.8870 	EXP 	Tstim_4: height = 0.1
19.8870 	EXP 	Tstim_5: opacity = 0.5
19.8870 	EXP 	Tstim_5: pos = array([-0.06, -0.3 ])
19.8870 	EXP 	Tstim_5: height = 0.1
19.8870 	EXP 	Tstim_6: opacity = 0.5
19.8870 	EXP 	Tstim_6: pos = array([ 0.24, -0.06])
19.8870 	EXP 	Tstim_6: height = 0.1
19.8870 	EXP 	Tstim_7: opacity = 0.5
19.8870 	EXP 	Tstim_7: pos = array([-0.12,  0.18])
19.8870 	EXP 	Tstim_7: height = 0.1
19.8870 	EXP 	Tstim_8: opacity = 0.5
19.8870 	EXP 	Tstim_8: pos = array([-0.21,  0.  ])
19.8870 	EXP 	Tstim_8: height = 0.1
19.8870 	EXP 	Tstim_9: opacity = 0.5
19.8870 	EXP 	Tstim_9: pos = array([-0.15,  0.21])
19.8870 	EXP 	Tstim_9: height = 0.1
19.8870 	EXP 	Tstim_10: opacity = 0.5
19.8870 	EXP 	Tstim_10: pos = array([ 0.27, -0.27])
19.8870 	EXP 	Tstim_10: height = 0.1
19.8870 	EXP 	Tstim_11: opacity = 0.5
19.8870 	EXP 	Tstim_11: pos = array([ 0.  , -0.21])
19.8870 	EXP 	Tstim_11: height = 0.1
19.8870 	EXP 	Tstim_12: opacity = 0.5
19.8870 	EXP 	Tstim_12: pos = array([-0.24, -0.12])
19.8870 	EXP 	Tstim_12: height = 0.1
19.8870 	EXP 	Tstim_13: opacity = 0.5
19.8870 	EXP 	Tstim_13: pos = array([-0.18,  0.12])
19.8870 	EXP 	Tstim_13: height = 0.1
19.8870 	EXP 	Tstim_14: opacity = 0.5
19.8870 	EXP 	Tstim_14: pos = array([-0.27, -0.18])
19.8870 	EXP 	Tstim_14: height = 0.1
19.8870 	EXP 	Tstim_15: opacity = 0.5
19.8870 	EXP 	Tstim_15: pos = array([-0.09,  0.09])
19.8870 	EXP 	Tstim_15: height = 0.1
19.8870 	EXP 	Tstim_16: opacity = 0.5
19.8870 	EXP 	Tstim_16: pos = array([0.09, 0.3 ])
19.8870 	EXP 	Tstim_16: height = 0.1
19.8870 	EXP 	Tstim_17: opacity = 0.5
19.8870 	EXP 	Tstim_17: pos = array([0.12, 0.24])
19.8870 	EXP 	Tstim_17: height = 0.1
19.8870 	EXP 	Tstim_18: opacity = 0.5
19.8870 	EXP 	Tstim_18: pos = array([-0.03, -0.15])
19.8870 	EXP 	Tstim_18: height = 0.1
19.8870 	EXP 	Tstim_19: opacity = 0.5
19.8870 	EXP 	Tstim_19: pos = array([0.18, 0.06])
19.8870 	EXP 	Tstim_19: height = 0.1
19.8870 	EXP 	Tstim_20: opacity = 0.5
19.8870 	EXP 	Tstim_20: pos = array([-0.3 ,  0.27])
19.8870 	EXP 	Tstim_20: height = 0.1
19.8870 	EXP 	Lstim: opacity = 0.5
19.8870 	EXP 	Lstim: pos = array([0.15, 0.15])
19.8870 	EXP 	Lstim: height = 0.1
19.8870 	EXP 	Tstim: autoDraw = True
19.8870 	EXP 	Tstim_2: autoDraw = True
19.8870 	EXP 	Tstim_3: autoDraw = True
19.8870 	EXP 	Tstim_4: autoDraw = True
19.8870 	EXP 	Tstim_5: autoDraw = True
19.8870 	EXP 	Tstim_6: autoDraw = True
19.8870 	EXP 	Tstim_7: autoDraw = True
19.8870 	EXP 	Tstim_8: autoDraw = True
19.8870 	EXP 	Tstim_9: autoDraw = True
19.8870 	EXP 	Tstim_10: autoDraw = True
19.8870 	EXP 	Tstim_11: autoDraw = True
19.8870 	EXP 	Tstim_12: autoDraw = True
19.8870 	EXP 	Tstim_13: autoDraw = True
19.8870 	EXP 	Tstim_14: autoDraw = True
19.8870 	EXP 	Tstim_15: autoDraw = True
19.8870 	EXP 	Tstim_16: autoDraw = True
19.8870 	EXP 	Tstim_17: autoDraw = True
19.8870 	EXP 	Tstim_18: autoDraw = True
19.8870 	EXP 	Tstim_19: autoDraw = True
19.8870 	EXP 	Tstim_20: autoDraw = True
19.8870 	EXP 	Lstim: autoDraw = True
19.8870 	EXP 	Tstim: text = 'T'
19.8870 	EXP 	Tstim_2: text = 'T'
19.8870 	EXP 	Tstim_3: text = 'T'
19.8870 	EXP 	Tstim_4: text = 'T'
19.8870 	EXP 	Tstim_5: text = 'T'
19.8870 	EXP 	Tstim_6: text = 'T'
19.8870 	EXP 	Tstim_7: text = 'T'
19.8870 	EXP 	Tstim_8: text = 'T'
19.8870 	EXP 	Tstim_9: text = 'T'
19.8870 	EXP 	Tstim_10: text = 'T'
19.8870 	EXP 	Tstim_11: text = 'T'
19.8870 	EXP 	Tstim_12: text = 'T'
19.8870 	EXP 	Tstim_13: text = 'T'
19.8870 	EXP 	Tstim_14: text = 'T'
19.8870 	EXP 	Tstim_15: text = 'T'
19.8870 	EXP 	Tstim_16: text = 'T'
19.8870 	EXP 	Tstim_17: text = 'T'
19.8870 	EXP 	Tstim_18: text = 'T'
19.8870 	EXP 	Tstim_19: text = 'T'
19.8870 	EXP 	Tstim_20: text = 'T'
19.8870 	EXP 	Lstim: text = 'L'
22.6382 	DATA 	Mouse: Left button down, pos=(1151,744)
22.6574 	EXP 	New trial (rep=4, index=0): None
22.7782 	DATA 	Mouse:  Left button up, pos=(1151,744)
22.7800 	EXP 	Tstim: autoDraw = False
22.7800 	EXP 	Tstim_2: autoDraw = False
22.7800 	EXP 	Tstim_3: autoDraw = False
22.7800 	EXP 	Tstim_4: autoDraw = False
22.7800 	EXP 	Tstim_5: autoDraw = False
22.7800 	EXP 	Tstim_6: autoDraw = False
22.7800 	EXP 	Tstim_7: autoDraw = False
22.7800 	EXP 	Tstim_8: autoDraw = False
22.7800 	EXP 	Tstim_9: autoDraw = False
22.7800 	EXP 	Tstim_10: autoDraw = False
22.7800 	EXP 	Tstim_11: autoDraw = False
22.7800 	EXP 	Tstim_12: autoDraw = False
22.7800 	EXP 	Tstim_13: autoDraw = False
22.7800 	EXP 	Tstim_14: autoDraw = False
22.7800 	EXP 	Tstim_15: autoDraw = False
22.7800 	EXP 	Tstim_16: autoDraw = False
22.7800 	EXP 	Tstim_17: autoDraw = False
22.7800 	EXP 	Tstim_18: autoDraw = False
22.7800 	EXP 	Tstim_19: autoDraw = False
22.7800 	EXP 	Tstim_20: autoDraw = False
22.7800 	EXP 	Lstim: autoDraw = False
22.7800 	EXP 	Tstim: opacity = 0.5
22.7800 	EXP 	Tstim: pos = array([ 0.  , -0.24])
22.7800 	EXP 	Tstim: height = 0.1
22.7800 	EXP 	Tstim_2: opacity = 0.5
22.7800 	EXP 	Tstim_2: height = 0.1
22.7800 	EXP 	Tstim_3: opacity = 0.5
22.7800 	EXP 	Tstim_3: pos = array([-0.18, -0.03])
22.7800 	EXP 	Tstim_3: height = 0.1
22.7800 	EXP 	Tstim_4: opacity = 0.5
22.7800 	EXP 	Tstim_4: pos = array([0.18, 0.03])
22.7800 	EXP 	Tstim_4: height = 0.1
22.7800 	EXP 	Tstim_5: opacity = 0.5
22.7800 	EXP 	Tstim_5: pos = array([-0.09,  0.27])
22.7800 	EXP 	Tstim_5: height = 0.1
22.7800 	EXP 	Tstim_6: opacity = 0.5
22.7800 	EXP 	Tstim_6: pos = array([-0.3 , -0.06])
22.7800 	EXP 	Tstim_6: height = 0.1
22.7800 	EXP 	Tstim_7: opacity = 0.5
22.7800 	EXP 	Tstim_7: pos = array([0.24, 0.06])
22.7800 	EXP 	Tstim_7: height = 0.1
22.7800 	EXP 	Tstim_8: opacity = 0.5
22.7800 	EXP 	Tstim_8: pos = array([0.06, 0.18])
22.7800 	EXP 	Tstim_8: height = 0.1
22.7800 	EXP 	Tstim_9: opacity = 0.5
22.7800 	EXP 	Tstim_9: pos = array([-0.27,  0.  ])
22.7800 	EXP 	Tstim_9: height = 0.1
22.7800 	EXP 	Tstim_10: opacity = 0.5
22.7800 	EXP 	Tstim_10: pos = array([ 0.3 , -0.09])
22.7800 	EXP 	Tstim_10: height = 0.1
22.7800 	EXP 	Tstim_11: opacity = 0.5
22.7800 	EXP 	Tstim_11: pos = array([-0.06, -0.21])
22.7800 	EXP 	Tstim_11: height = 0.1
22.7800 	EXP 	Tstim_12: opacity = 0.5
22.7800 	EXP 	Tstim_12: pos = array([ 0.21, -0.27])
22.7800 	EXP 	Tstim_12: height = 0.1
22.7800 	EXP 	Tstim_13: opacity = 0.5
22.7800 	EXP 	Tstim_13: pos = array([0.12, 0.3 ])
22.7800 	EXP 	Tstim_13: height = 0.1
22.7800 	EXP 	Tstim_14: opacity = 0.5
22.7800 	EXP 	Tstim_14: pos = array([-0.03, -0.12])
22.7800 	EXP 	Tstim_14: height = 0.1
22.7800 	EXP 	Tstim_15: opacity = 0.5
22.7800 	EXP 	Tstim_15: pos = array([-0.15,  0.24])
22.7800 	EXP 	Tstim_15: height = 0.1
22.7800 	EXP 	Tstim_16: opacity = 0.5
22.7800 	EXP 	Tstim_16: pos = array([ 0.09, -0.18])
22.7800 	EXP 	Tstim_16: height = 0.1
22.7800 	EXP 	Tstim_17: opacity = 0.5
22.7800 	EXP 	Tstim_17: pos = array([0.27, 0.09])
22.7800 	EXP 	Tstim_17: height = 0.1
22.7800 	EXP 	Tstim_18: opacity = 0.5
22.7800 	EXP 	Tstim_18: pos = array([0.03, 0.21])
22.7800 	EXP 	Tstim_18: height = 0.1
22.7800 	EXP 	Tstim_19: opacity = 0.5
22.7800 	EXP 	Tstim_19: pos = array([-0.21, -0.3 ])
22.7800 	EXP 	Tstim_19: height = 0.1
22.7800 	EXP 	Tstim_20: opacity = 0.5
22.7800 	EXP 	Tstim_20: pos = array([-0.24, -0.15])
22.7800 	EXP 	Tstim_20: height = 0.1
22.7800 	EXP 	Lstim: opacity = 0.5
22.7800 	EXP 	Lstim: pos = array([0.15, 0.15])
22.7800 	EXP 	Lstim: height = 0.1
22.7800 	EXP 	Tstim: autoDraw = True
22.7800 	EXP 	Tstim_2: autoDraw = True
22.7800 	EXP 	Tstim_3: autoDraw = True
22.7800 	EXP 	Tstim_4: autoDraw = True
22.7800 	EXP 	Tstim_5: autoDraw = True
22.7800 	EXP 	Tstim_6: autoDraw = True
22.7800 	EXP 	Tstim_7: autoDraw = True
22.7800 	EXP 	Tstim_8: autoDraw = True
22.7800 	EXP 	Tstim_9: autoDraw = True
22.7800 	EXP 	Tstim_10: autoDraw = True
22.7800 	EXP 	Tstim_11: autoDraw = True
22.7800 	EXP 	Tstim_12: autoDraw = True
22.7800 	EXP 	Tstim_13: autoDraw = True
22.7800 	EXP 	Tstim_14: autoDraw = True
22.7800 	EXP 	Tstim_15: autoDraw = True
22.7800 	EXP 	Tstim_16: autoDraw = True
22.7800 	EXP 	Tstim_17: autoDraw = True
22.7800 	EXP 	Tstim_18: autoDraw = True
22.7800 	EXP 	Tstim_19: autoDraw = True
22.7800 	EXP 	Tstim_20: autoDraw = True
22.7800 	EXP 	Lstim: autoDraw = True
22.7800 	EXP 	Tstim: text = 'T'
22.7800 	EXP 	Tstim_2: text = 'T'
22.7800 	EXP 	Tstim_3: text = 'T'
22.7800 	EXP 	Tstim_4: text = 'T'
22.7800 	EXP 	Tstim_5: text = 'T'
22.7800 	EXP 	Tstim_6: text = 'T'
22.7800 	EXP 	Tstim_7: text = 'T'
22.7800 	EXP 	Tstim_8: text = 'T'
22.7800 	EXP 	Tstim_9: text = 'T'
22.7800 	EXP 	Tstim_10: text = 'T'
22.7800 	EXP 	Tstim_11: text = 'T'
22.7800 	EXP 	Tstim_12: text = 'T'
22.7800 	EXP 	Tstim_13: text = 'T'
22.7800 	EXP 	Tstim_14: text = 'T'
22.7800 	EXP 	Tstim_15: text = 'T'
22.7800 	EXP 	Tstim_16: text = 'T'
22.7800 	EXP 	Tstim_17: text = 'T'
22.7800 	EXP 	Tstim_18: text = 'T'
22.7800 	EXP 	Tstim_19: text = 'T'
22.7800 	EXP 	Tstim_20: text = 'T'
22.7800 	EXP 	Lstim: text = 'L'
23.6139 	DATA 	Mouse: Left button down, pos=(1151,744)
23.6299 	EXP 	Tstim: autoDraw = False
23.6299 	EXP 	Tstim_2: autoDraw = False
23.6299 	EXP 	Tstim_3: autoDraw = False
23.6299 	EXP 	Tstim_4: autoDraw = False
23.6299 	EXP 	Tstim_5: autoDraw = False
23.6299 	EXP 	Tstim_6: autoDraw = False
23.6299 	EXP 	Tstim_7: autoDraw = False
23.6299 	EXP 	Tstim_8: autoDraw = False
23.6299 	EXP 	Tstim_9: autoDraw = False
23.6299 	EXP 	Tstim_10: autoDraw = False
23.6299 	EXP 	Tstim_11: autoDraw = False
23.6299 	EXP 	Tstim_12: autoDraw = False
23.6299 	EXP 	Tstim_13: autoDraw = False
23.6299 	EXP 	Tstim_14: autoDraw = False
23.6299 	EXP 	Tstim_15: autoDraw = False
23.6299 	EXP 	Tstim_16: autoDraw = False
23.6299 	EXP 	Tstim_17: autoDraw = False
23.6299 	EXP 	Tstim_18: autoDraw = False
23.6299 	EXP 	Tstim_19: autoDraw = False
23.6299 	EXP 	Tstim_20: autoDraw = False
23.6299 	EXP 	Lstim: autoDraw = False
23.8174 	EXP 	window1: mouseVisible = True
