5.3550 	WARNING 	We strongly recommend you activate the PTB sound engine in PsychoPy prefs as the preferred audio engine. Its timing is vastly superior. Your prefs are currently set to use ['sounddevice', 'PTB', 'pyo', 'pygame'] (in that order).
8.5524 	WARNING 	User requested fullscreen with size [1024  768], but screen is actually [1920, 1200]. Using actual size
10.3883 	EXP 	Created window1 = Window(allowGUI=False, allowStencil=False, args=UNKNOWN, autoLog=True, bitsMode=UNKNOWN, blendMode='avg', bpc=(8, 8, 8), color=array([0., 0., 0.]), colorSpace='rgb', depthBits=8, fullscr=<method-wrapper '__getattribute__' of attributeSetter object at 0x0000015773C3BAC8>, gamma=None, gammaErrorPolicy='raise', kwargs=UNKNOWN, lms=UNKNOWN, monitor=<psychopy.monitors.calibTools.Monitor object at 0x0000015773993CF8>, multiSample=False, name='window1', numSamples=2, pos=[0.0, 0.0], screen=0, size=array([1920, 1200]), stencilBits=0, stereo=False, units='height', useFBO=True, useRetina=False, viewOri=0.0, viewPos=None, viewScale=None, waitBlanking=True, winType='pyglet')
10.3887 	EXP 	window1: mouseVisible = True
10.3888 	EXP 	window1: recordFrameIntervals = False
10.5547 	EXP 	window1: recordFrameIntervals = True
10.7380 	EXP 	window1: recordFrameIntervals = False
10.9912 	EXP 	Created instrTxt = TextStim(__class__=<class 'psychopy.visual.text.TextStim'>, alignHoriz=method-wrapper(...), alignText='center', alignVert=method-wrapper(...), anchorHoriz='center', anchorVert='center', antialias=True, autoLog=True, bold=False, color='white', colorSpace='named', contrast=1.0, depth=0.0, flipHoriz=False, flipVert=False, font='Arial', fontFiles=[], height=0.1, italic=False, languageStyle='LTR', name='instrTxt', opacity=1.0, ori=0, pos=array([0., 0.]), rgb=array([255., 255., 255.]), text=str(...), units='height', win=Window(...), wrapWidth=1)
10.9913 	EXP 	window1: mouseVisible = True
11.7285 	EXP 	Created Tstim = TextStim(__class__=<class 'psychopy.visual.text.TextStim'>, alignHoriz=method-wrapper(...), alignText='center', alignVert=method-wrapper(...), anchorHoriz='center', anchorVert='center', antialias=True, autoLog=True, bold=False, color='black', colorSpace='named', contrast=1.0, depth=-2.0, flipHoriz=False, flipVert=False, font='Arial', fontFiles=[], height=1.0, italic=False, languageStyle='LTR', name='Tstim', opacity=1.0, ori=0, pos=array([0., 0.]), rgb=array([0., 0., 0.]), text='T', units='height', win=Window(...), wrapWidth=1)
11.7306 	EXP 	Created Tstim_2 = TextStim(__class__=<class 'psychopy.visual.text.TextStim'>, alignHoriz=method-wrapper(...), alignText='center', alignVert=method-wrapper(...), anchorHoriz='center', anchorVert='center', antialias=True, autoLog=True, bold=False, color='black', colorSpace='named', contrast=1.0, depth=-3.0, flipHoriz=False, flipVert=False, font='Arial', fontFiles=[], height=1.0, italic=False, languageStyle='LTR', name='Tstim_2', opacity=1.0, ori=0, pos=array([0., 0.]), rgb=array([0., 0., 0.]), text='T', units='height', win=Window(...), wrapWidth=1)
11.7325 	EXP 	Created Tstim_3 = TextStim(__class__=<class 'psychopy.visual.text.TextStim'>, alignHoriz=method-wrapper(...), alignText='center', alignVert=method-wrapper(...), anchorHoriz='center', anchorVert='center', antialias=True, autoLog=True, bold=False, color='black', colorSpace='named', contrast=1.0, depth=-4.0, flipHoriz=False, flipVert=False, font='Arial', fontFiles=[], height=1.0, italic=False, languageStyle='LTR', name='Tstim_3', opacity=1.0, ori=0, pos=array([0., 0.]), rgb=array([0., 0., 0.]), text='T', units='height', win=Window(...), wrapWidth=1)
11.7349 	EXP 	Created Tstim_4 = TextStim(__class__=<class 'psychopy.visual.text.TextStim'>, alignHoriz=method-wrapper(...), alignText='center', alignVert=method-wrapper(...), anchorHoriz='center', anchorVert='center', antialias=True, autoLog=True, bold=False, color='black', colorSpace='named', contrast=1.0, depth=-5.0, flipHoriz=False, flipVert=False, font='Arial', fontFiles=[], height=1.0, italic=False, languageStyle='LTR', name='Tstim_4', opacity=1.0, ori=0, pos=array([0., 0.]), rgb=array([0., 0., 0.]), text='T', units='height', win=Window(...), wrapWidth=1)
11.7366 	EXP 	Created Tstim_5 = TextStim(__class__=<class 'psychopy.visual.text.TextStim'>, alignHoriz=method-wrapper(...), alignText='center', alignVert=method-wrapper(...), anchorHoriz='center', anchorVert='center', antialias=True, autoLog=True, bold=False, color='black', colorSpace='named', contrast=1.0, depth=-6.0, flipHoriz=False, flipVert=False, font='Arial', fontFiles=[], height=1.0, italic=False, languageStyle='LTR', name='Tstim_5', opacity=1.0, ori=0, pos=array([0., 0.]), rgb=array([0., 0., 0.]), text='T', units='height', win=Window(...), wrapWidth=1)
11.7382 	EXP 	Created Tstim_6 = TextStim(__class__=<class 'psychopy.visual.text.TextStim'>, alignHoriz=method-wrapper(...), alignText='center', alignVert=method-wrapper(...), anchorHoriz='center', anchorVert='center', antialias=True, autoLog=True, bold=False, color='black', colorSpace='named', contrast=1.0, depth=-7.0, flipHoriz=False, flipVert=False, font='Arial', fontFiles=[], height=1.0, italic=False, languageStyle='LTR', name='Tstim_6', opacity=1.0, ori=0, pos=array([0., 0.]), rgb=array([0., 0., 0.]), text='T', units='height', win=Window(...), wrapWidth=1)
11.7397 	EXP 	Created Tstim_7 = TextStim(__class__=<class 'psychopy.visual.text.TextStim'>, alignHoriz=method-wrapper(...), alignText='center', alignVert=method-wrapper(...), anchorHoriz='center', anchorVert='center', antialias=True, autoLog=True, bold=False, color='black', colorSpace='named', contrast=1.0, depth=-8.0, flipHoriz=False, flipVert=False, font='Arial', fontFiles=[], height=1.0, italic=False, languageStyle='LTR', name='Tstim_7', opacity=1.0, ori=0, pos=array([0., 0.]), rgb=array([0., 0., 0.]), text='T', units='height', win=Window(...), wrapWidth=1)
11.7415 	EXP 	Created Tstim_8 = TextStim(__class__=<class 'psychopy.visual.text.TextStim'>, alignHoriz=method-wrapper(...), alignText='center', alignVert=method-wrapper(...), anchorHoriz='center', anchorVert='center', antialias=True, autoLog=True, bold=False, color='black', colorSpace='named', contrast=1.0, depth=-9.0, flipHoriz=False, flipVert=False, font='Arial', fontFiles=[], height=1.0, italic=False, languageStyle='LTR', name='Tstim_8', opacity=1.0, ori=0, pos=array([0., 0.]), rgb=array([0., 0., 0.]), text='T', units='height', win=Window(...), wrapWidth=1)
11.7444 	EXP 	Created Tstim_9 = TextStim(__class__=<class 'psychopy.visual.text.TextStim'>, alignHoriz=method-wrapper(...), alignText='center', alignVert=method-wrapper(...), anchorHoriz='center', anchorVert='center', antialias=True, autoLog=True, bold=False, color='black', colorSpace='named', contrast=1.0, depth=-10.0, flipHoriz=False, flipVert=False, font='Arial', fontFiles=[], height=1.0, italic=False, languageStyle='LTR', name='Tstim_9', opacity=1.0, ori=0, pos=array([0., 0.]), rgb=array([0., 0., 0.]), text='T', units='height', win=Window(...), wrapWidth=1)
11.7473 	EXP 	Created Tstim_10 = TextStim(__class__=<class 'psychopy.visual.text.TextStim'>, alignHoriz=method-wrapper(...), alignText='center', alignVert=method-wrapper(...), anchorHoriz='center', anchorVert='center', antialias=True, autoLog=True, bold=False, color='black', colorSpace='named', contrast=1.0, depth=-11.0, flipHoriz=False, flipVert=False, font='Arial', fontFiles=[], height=1.0, italic=False, languageStyle='LTR', name='Tstim_10', opacity=1.0, ori=0, pos=array([0., 0.]), rgb=array([0., 0., 0.]), text='T', units='height', win=Window(...), wrapWidth=1)
11.7499 	EXP 	Created Tstim_11 = TextStim(__class__=<class 'psychopy.visual.text.TextStim'>, alignHoriz=method-wrapper(...), alignText='center', alignVert=method-wrapper(...), anchorHoriz='center', anchorVert='center', antialias=True, autoLog=True, bold=False, color='black', colorSpace='named', contrast=1.0, depth=-12.0, flipHoriz=False, flipVert=False, font='Arial', fontFiles=[], height=1.0, italic=False, languageStyle='LTR', name='Tstim_11', opacity=1.0, ori=0, pos=array([0., 0.]), rgb=array([0., 0., 0.]), text='T', units='height', win=Window(...), wrapWidth=1)
11.7531 	EXP 	Created Tstim_12 = TextStim(__class__=<class 'psychopy.visual.text.TextStim'>, alignHoriz=method-wrapper(...), alignText='center', alignVert=method-wrapper(...), anchorHoriz='center', anchorVert='center', antialias=True, autoLog=True, bold=False, color='black', colorSpace='named', contrast=1.0, depth=-13.0, flipHoriz=False, flipVert=False, font='Arial', fontFiles=[], height=1.0, italic=False, languageStyle='LTR', name='Tstim_12', opacity=1.0, ori=0, pos=array([0., 0.]), rgb=array([0., 0., 0.]), text='T', units='height', win=Window(...), wrapWidth=1)
11.7562 	EXP 	Created Tstim_13 = TextStim(__class__=<class 'psychopy.visual.text.TextStim'>, alignHoriz=method-wrapper(...), alignText='center', alignVert=method-wrapper(...), anchorHoriz='center', anchorVert='center', antialias=True, autoLog=True, bold=False, color='black', colorSpace='named', contrast=1.0, depth=-14.0, flipHoriz=False, flipVert=False, font='Arial', fontFiles=[], height=1.0, italic=False, languageStyle='LTR', name='Tstim_13', opacity=1.0, ori=0, pos=array([0., 0.]), rgb=array([0., 0., 0.]), text='T', units='height', win=Window(...), wrapWidth=1)
11.7613 	EXP 	Created Tstim_14 = TextStim(__class__=<class 'psychopy.visual.text.TextStim'>, alignHoriz=method-wrapper(...), alignText='center', alignVert=method-wrapper(...), anchorHoriz='center', anchorVert='center', antialias=True, autoLog=True, bold=False, color='black', colorSpace='named', contrast=1.0, depth=-15.0, flipHoriz=False, flipVert=False, font='Arial', fontFiles=[], height=1.0, italic=False, languageStyle='LTR', name='Tstim_14', opacity=1.0, ori=0, pos=array([0., 0.]), rgb=array([0., 0., 0.]), text='T', units='height', win=Window(...), wrapWidth=1)
11.7661 	EXP 	Created Tstim_15 = TextStim(__class__=<class 'psychopy.visual.text.TextStim'>, alignHoriz=method-wrapper(...), alignText='center', alignVert=method-wrapper(...), anchorHoriz='center', anchorVert='center', antialias=True, autoLog=True, bold=False, color='black', colorSpace='named', contrast=1.0, depth=-16.0, flipHoriz=False, flipVert=False, font='Arial', fontFiles=[], height=1.0, italic=False, languageStyle='LTR', name='Tstim_15', opacity=1.0, ori=0, pos=array([0., 0.]), rgb=array([0., 0., 0.]), text='T', units='height', win=Window(...), wrapWidth=1)
11.7707 	EXP 	Created Tstim_16 = TextStim(__class__=<class 'psychopy.visual.text.TextStim'>, alignHoriz=method-wrapper(...), alignText='center', alignVert=method-wrapper(...), anchorHoriz='center', anchorVert='center', antialias=True, autoLog=True, bold=False, color='black', colorSpace='named', contrast=1.0, depth=-17.0, flipHoriz=False, flipVert=False, font='Arial', fontFiles=[], height=1.0, italic=False, languageStyle='LTR', name='Tstim_16', opacity=1.0, ori=0, pos=array([0., 0.]), rgb=array([0., 0., 0.]), text='T', units='height', win=Window(...), wrapWidth=1)
11.7745 	EXP 	Created Tstim_17 = TextStim(__class__=<class 'psychopy.visual.text.TextStim'>, alignHoriz=method-wrapper(...), alignText='center', alignVert=method-wrapper(...), anchorHoriz='center', anchorVert='center', antialias=True, autoLog=True, bold=False, color='black', colorSpace='named', contrast=1.0, depth=-18.0, flipHoriz=False, flipVert=False, font='Arial', fontFiles=[], height=1.0, italic=False, languageStyle='LTR', name='Tstim_17', opacity=1.0, ori=0, pos=array([0., 0.]), rgb=array([0., 0., 0.]), text='T', units='height', win=Window(...), wrapWidth=1)
11.7775 	EXP 	Created Tstim_18 = TextStim(__class__=<class 'psychopy.visual.text.TextStim'>, alignHoriz=method-wrapper(...), alignText='center', alignVert=method-wrapper(...), anchorHoriz='center', anchorVert='center', antialias=True, autoLog=True, bold=False, color='black', colorSpace='named', contrast=1.0, depth=-19.0, flipHoriz=False, flipVert=False, font='Arial', fontFiles=[], height=1.0, italic=False, languageStyle='LTR', name='Tstim_18', opacity=1.0, ori=0, pos=array([0., 0.]), rgb=array([0., 0., 0.]), text='T', units='height', win=Window(...), wrapWidth=1)
11.7813 	EXP 	Created Tstim_19 = TextStim(__class__=<class 'psychopy.visual.text.TextStim'>, alignHoriz=method-wrapper(...), alignText='center', alignVert=method-wrapper(...), anchorHoriz='center', anchorVert='center', antialias=True, autoLog=True, bold=False, color='black', colorSpace='named', contrast=1.0, depth=-20.0, flipHoriz=False, flipVert=False, font='Arial', fontFiles=[], height=1.0, italic=False, languageStyle='LTR', name='Tstim_19', opacity=1.0, ori=0, pos=array([0., 0.]), rgb=array([0., 0., 0.]), text='T', units='height', win=Window(...), wrapWidth=1)
11.7861 	EXP 	Created Tstim_20 = TextStim(__class__=<class 'psychopy.visual.text.TextStim'>, alignHoriz=method-wrapper(...), alignText='center', alignVert=method-wrapper(...), anchorHoriz='center', anchorVert='center', antialias=True, autoLog=True, bold=False, color='black', colorSpace='named', contrast=1.0, depth=-21.0, flipHoriz=False, flipVert=False, font='Arial', fontFiles=[], height=1.0, italic=False, languageStyle='LTR', name='Tstim_20', opacity=1.0, ori=0, pos=array([0., 0.]), rgb=array([0., 0., 0.]), text='T', units='height', win=Window(...), wrapWidth=1)
11.9465 	EXP 	Created Lstim = TextStim(__class__=<class 'psychopy.visual.text.TextStim'>, alignHoriz=method-wrapper(...), alignText='center', alignVert=method-wrapper(...), anchorHoriz='center', anchorVert='center', antialias=True, autoLog=True, bold=False, color='black', colorSpace='named', contrast=1.0, depth=-22.0, flipHoriz=False, flipVert=False, font='Arial', fontFiles=[], height=1.0, italic=False, languageStyle='LTR', name='Lstim', opacity=1.0, ori=0, pos=array([0., 0.]), rgb=array([0., 0., 0.]), text='L', units='height', win=Window(...), wrapWidth=1)
11.9466 	EXP 	window1: mouseVisible = True
11.9558 	EXP 	Created text = TextStim(__class__=<class 'psychopy.visual.text.TextStim'>, alignHoriz=method-wrapper(...), alignText='center', alignVert=method-wrapper(...), anchorHoriz='center', anchorVert='center', antialias=True, autoLog=True, bold=False, color='white', colorSpace='named', contrast=1.0, depth=-1.0, flipHoriz=False, flipVert=False, font='Arial', fontFiles=[], height=0.1, italic=False, languageStyle='LTR', name='text', opacity=1.0, ori=0, pos=array([0., 0.]), rgb=array([255., 255., 255.]), text='default text', units='height', win=Window(...), wrapWidth=1)
12.0017 	EXP 	instrTxt: autoDraw = True
12.4758 	DATA 	Mouse: Left button down, pos=(886,1035)
12.4788 	EXP 	Created sequence: random, trialTypes=1, nReps=5, seed=None
12.4792 	EXP 	New trial (rep=0, index=0): None
12.5724 	DATA 	Mouse:  Left button up, pos=(886,1035)
12.6211 	EXP 	instrTxt: autoDraw = False
12.6211 	EXP 	Lstim: ori = 205.0
12.6211 	EXP 	Tstim: ori = 180.0
12.6211 	EXP 	Tstim_2: ori = 325.0
12.6211 	EXP 	Tstim_3: ori = 169.0
12.6211 	EXP 	Tstim_4: ori = 129.0
12.6211 	EXP 	Tstim_5: ori = 285.0
12.6211 	EXP 	Tstim_6: ori = 273.0
12.6211 	EXP 	Tstim_7: ori = 156.0
12.6211 	EXP 	Tstim_8: ori = 287.0
12.6211 	EXP 	Tstim_9: ori = 13.0
12.6211 	EXP 	Tstim_10: ori = 53.0
12.6211 	EXP 	Tstim_11: ori = 54.0
12.6211 	EXP 	Tstim_12: ori = 305.0
12.6211 	EXP 	Tstim_13: ori = 169.0
12.6211 	EXP 	Tstim_14: ori = 112.0
12.6211 	EXP 	Tstim_15: ori = 229.0
12.6211 	EXP 	Tstim_16: ori = 163.0
12.6211 	EXP 	Tstim_17: ori = 290.0
12.6211 	EXP 	Tstim_18: ori = 202.0
12.6211 	EXP 	Tstim_19: ori = 169.0
12.6211 	EXP 	Tstim_20: ori = 133.0
12.6211 	EXP 	Tstim: opacity = 0.5
12.6211 	EXP 	Tstim: pos = array([0.09, 0.03])
12.6211 	EXP 	Tstim: height = 0.1
12.6211 	EXP 	Tstim_2: opacity = 0.5
12.6211 	EXP 	Tstim_2: height = 0.1
12.6211 	EXP 	Tstim_3: opacity = 0.5
12.6211 	EXP 	Tstim_3: pos = array([ 0.06, -0.06])
12.6211 	EXP 	Tstim_3: height = 0.1
12.6211 	EXP 	Tstim_4: opacity = 0.5
12.6211 	EXP 	Tstim_4: pos = array([-0.15,  0.24])
12.6211 	EXP 	Tstim_4: height = 0.1
12.6211 	EXP 	Tstim_5: opacity = 0.5
12.6211 	EXP 	Tstim_5: pos = array([0.03, 0.  ])
12.6211 	EXP 	Tstim_5: height = 0.1
12.6211 	EXP 	Tstim_6: opacity = 0.5
12.6211 	EXP 	Tstim_6: pos = array([ 0.3 , -0.18])
12.6211 	EXP 	Tstim_6: height = 0.1
12.6211 	EXP 	Tstim_7: opacity = 0.5
12.6211 	EXP 	Tstim_7: pos = array([-0.18, -0.27])
12.6211 	EXP 	Tstim_7: height = 0.1
12.6211 	EXP 	Tstim_8: opacity = 0.5
12.6211 	EXP 	Tstim_8: pos = array([ 0.18, -0.15])
12.6211 	EXP 	Tstim_8: height = 0.1
12.6211 	EXP 	Tstim_9: opacity = 0.5
12.6211 	EXP 	Tstim_9: pos = array([ 0.  , -0.21])
12.6211 	EXP 	Tstim_9: height = 0.1
12.6211 	EXP 	Tstim_10: opacity = 0.5
12.6211 	EXP 	Tstim_10: pos = array([0.21, 0.21])
12.6211 	EXP 	Tstim_10: height = 0.1
12.6211 	EXP 	Tstim_11: opacity = 0.5
12.6211 	EXP 	Tstim_11: pos = array([-0.03,  0.18])
12.6211 	EXP 	Tstim_11: height = 0.1
12.6211 	EXP 	Tstim_12: opacity = 0.5
12.6211 	EXP 	Tstim_12: pos = array([-0.12,  0.09])
12.6211 	EXP 	Tstim_12: height = 0.1
12.6211 	EXP 	Tstim_13: opacity = 0.5
12.6211 	EXP 	Tstim_13: pos = array([-0.3 ,  0.15])
12.6211 	EXP 	Tstim_13: height = 0.1
12.6211 	EXP 	Tstim_14: opacity = 0.5
12.6211 	EXP 	Tstim_14: pos = array([-0.27, -0.09])
12.6211 	EXP 	Tstim_14: height = 0.1
12.6211 	EXP 	Tstim_15: opacity = 0.5
12.6211 	EXP 	Tstim_15: pos = array([ 0.12, -0.12])
12.6211 	EXP 	Tstim_15: height = 0.1
12.6211 	EXP 	Tstim_16: opacity = 0.5
12.6211 	EXP 	Tstim_16: pos = array([0.15, 0.06])
12.6211 	EXP 	Tstim_16: height = 0.1
12.6211 	EXP 	Tstim_17: opacity = 0.5
12.6211 	EXP 	Tstim_17: pos = array([-0.09,  0.3 ])
12.6211 	EXP 	Tstim_17: height = 0.1
12.6211 	EXP 	Tstim_18: opacity = 0.5
12.6211 	EXP 	Tstim_18: pos = array([ 0.24, -0.3 ])
12.6211 	EXP 	Tstim_18: height = 0.1
12.6211 	EXP 	Tstim_19: opacity = 0.5
12.6211 	EXP 	Tstim_19: pos = array([ 0.27, -0.24])
12.6211 	EXP 	Tstim_19: height = 0.1
12.6211 	EXP 	Tstim_20: opacity = 0.5
12.6211 	EXP 	Tstim_20: pos = array([-0.24,  0.27])
12.6211 	EXP 	Tstim_20: height = 0.1
12.6211 	EXP 	Lstim: opacity = 0.5
12.6211 	EXP 	Lstim: pos = array([-0.21,  0.12])
12.6211 	EXP 	Lstim: height = 0.1
12.6211 	EXP 	Tstim: autoDraw = True
12.6211 	EXP 	Tstim_2: autoDraw = True
12.6211 	EXP 	Tstim_3: autoDraw = True
12.6211 	EXP 	Tstim_4: autoDraw = True
12.6211 	EXP 	Tstim_5: autoDraw = True
12.6211 	EXP 	Tstim_6: autoDraw = True
12.6211 	EXP 	Tstim_7: autoDraw = True
12.6211 	EXP 	Tstim_8: autoDraw = True
12.6211 	EXP 	Tstim_9: autoDraw = True
12.6211 	EXP 	Tstim_10: autoDraw = True
12.6211 	EXP 	Tstim_11: autoDraw = True
12.6211 	EXP 	Tstim_12: autoDraw = True
12.6211 	EXP 	Tstim_13: autoDraw = True
12.6211 	EXP 	Tstim_14: autoDraw = True
12.6211 	EXP 	Tstim_15: autoDraw = True
12.6211 	EXP 	Tstim_16: autoDraw = True
12.6211 	EXP 	Tstim_17: autoDraw = True
12.6211 	EXP 	Tstim_18: autoDraw = True
12.6211 	EXP 	Tstim_19: autoDraw = True
12.6211 	EXP 	Tstim_20: autoDraw = True
12.6211 	EXP 	Lstim: autoDraw = True
12.6211 	EXP 	Tstim: text = 'T'
12.6211 	EXP 	Tstim_2: text = 'T'
12.6211 	EXP 	Tstim_3: text = 'T'
12.6211 	EXP 	Tstim_4: text = 'T'
12.6211 	EXP 	Tstim_5: text = 'T'
12.6211 	EXP 	Tstim_6: text = 'T'
12.6211 	EXP 	Tstim_7: text = 'T'
12.6211 	EXP 	Tstim_8: text = 'T'
12.6211 	EXP 	Tstim_9: text = 'T'
12.6211 	EXP 	Tstim_10: text = 'T'
12.6211 	EXP 	Tstim_11: text = 'T'
12.6211 	EXP 	Tstim_12: text = 'T'
12.6211 	EXP 	Tstim_13: text = 'T'
12.6211 	EXP 	Tstim_14: text = 'T'
12.6211 	EXP 	Tstim_15: text = 'T'
12.6211 	EXP 	Tstim_16: text = 'T'
12.6211 	EXP 	Tstim_17: text = 'T'
12.6211 	EXP 	Tstim_18: text = 'T'
12.6211 	EXP 	Tstim_19: text = 'T'
12.6211 	EXP 	Tstim_20: text = 'T'
12.6211 	EXP 	Lstim: text = 'L'
16.0822 	DATA 	Mouse: Left button down, pos=(725,742)
16.1113 	EXP 	Tstim: autoDraw = False
16.1113 	EXP 	Tstim_2: autoDraw = False
16.1113 	EXP 	Tstim_3: autoDraw = False
16.1113 	EXP 	Tstim_4: autoDraw = False
16.1113 	EXP 	Tstim_5: autoDraw = False
16.1113 	EXP 	Tstim_6: autoDraw = False
16.1113 	EXP 	Tstim_7: autoDraw = False
16.1113 	EXP 	Tstim_8: autoDraw = False
16.1113 	EXP 	Tstim_9: autoDraw = False
16.1113 	EXP 	Tstim_10: autoDraw = False
16.1113 	EXP 	Tstim_11: autoDraw = False
16.1113 	EXP 	Tstim_12: autoDraw = False
16.1113 	EXP 	Tstim_13: autoDraw = False
16.1113 	EXP 	Tstim_14: autoDraw = False
16.1113 	EXP 	Tstim_15: autoDraw = False
16.1113 	EXP 	Tstim_16: autoDraw = False
16.1113 	EXP 	Tstim_17: autoDraw = False
16.1113 	EXP 	Tstim_18: autoDraw = False
16.1113 	EXP 	Tstim_19: autoDraw = False
16.1113 	EXP 	Tstim_20: autoDraw = False
16.1113 	EXP 	Lstim: autoDraw = False
16.1113 	EXP 	text: text = 'Inorrect'
16.1113 	EXP 	text: autoDraw = True
16.2298 	DATA 	Mouse:  Left button up, pos=(725,742)
17.1119 	EXP 	New trial (rep=1, index=0): None
17.2668 	EXP 	text: autoDraw = False
17.2668 	EXP 	Lstim: ori = 178.0
17.2668 	EXP 	Tstim: ori = 305.0
17.2668 	EXP 	Tstim_2: ori = 286.0
17.2668 	EXP 	Tstim_3: ori = 79.0
17.2668 	EXP 	Tstim_4: ori = 93.0
17.2668 	EXP 	Tstim_5: ori = 120.0
17.2668 	EXP 	Tstim_6: ori = 33.0
17.2668 	EXP 	Tstim_7: ori = 1.0
17.2668 	EXP 	Tstim_8: ori = 108.0
17.2668 	EXP 	Tstim_9: ori = 149.0
17.2668 	EXP 	Tstim_10: ori = 212.0
17.2668 	EXP 	Tstim_11: ori = 316.0
17.2668 	EXP 	Tstim_12: ori = 261.0
17.2668 	EXP 	Tstim_13: ori = 247.0
17.2668 	EXP 	Tstim_14: ori = 188.0
17.2668 	EXP 	Tstim_15: ori = 286.0
17.2668 	EXP 	Tstim_16: ori = 311.0
17.2668 	EXP 	Tstim_17: ori = 154.0
17.2668 	EXP 	Tstim_18: ori = 161.0
17.2668 	EXP 	Tstim_19: ori = 217.0
17.2668 	EXP 	Tstim_20: ori = 311.0
17.2668 	EXP 	Tstim: opacity = 0.5
17.2668 	EXP 	Tstim: pos = array([-0.27,  0.03])
17.2668 	EXP 	Tstim: height = 0.1
17.2668 	EXP 	Tstim_2: opacity = 0.5
17.2668 	EXP 	Tstim_2: height = 0.1
17.2668 	EXP 	Tstim_3: opacity = 0.5
17.2668 	EXP 	Tstim_3: pos = array([-0.03, -0.09])
17.2668 	EXP 	Tstim_3: height = 0.1
17.2668 	EXP 	Tstim_4: opacity = 0.5
17.2668 	EXP 	Tstim_4: pos = array([-0.09,  0.3 ])
17.2668 	EXP 	Tstim_4: height = 0.1
17.2668 	EXP 	Tstim_5: opacity = 0.5
17.2668 	EXP 	Tstim_5: pos = array([0.12, 0.06])
17.2668 	EXP 	Tstim_5: height = 0.1
17.2668 	EXP 	Tstim_6: opacity = 0.5
17.2668 	EXP 	Tstim_6: pos = array([ 0.06, -0.06])
17.2668 	EXP 	Tstim_6: height = 0.1
17.2668 	EXP 	Tstim_7: opacity = 0.5
17.2668 	EXP 	Tstim_7: pos = array([ 0.  , -0.27])
17.2668 	EXP 	Tstim_7: height = 0.1
17.2668 	EXP 	Tstim_8: opacity = 0.5
17.2668 	EXP 	Tstim_8: pos = array([-0.12,  0.12])
17.2668 	EXP 	Tstim_8: height = 0.1
17.2668 	EXP 	Tstim_9: opacity = 0.5
17.2668 	EXP 	Tstim_9: pos = array([0.24, 0.27])
17.2668 	EXP 	Tstim_9: height = 0.1
17.2668 	EXP 	Tstim_10: opacity = 0.5
17.2668 	EXP 	Tstim_10: pos = array([ 0.3 , -0.12])
17.2668 	EXP 	Tstim_10: height = 0.1
17.2668 	EXP 	Tstim_11: opacity = 0.5
17.2668 	EXP 	Tstim_11: pos = array([-0.06,  0.09])
17.2668 	EXP 	Tstim_11: height = 0.1
17.2668 	EXP 	Tstim_12: opacity = 0.5
17.2668 	EXP 	Tstim_12: pos = array([0.27, 0.24])
17.2668 	EXP 	Tstim_12: height = 0.1
17.2668 	EXP 	Tstim_13: opacity = 0.5
17.2668 	EXP 	Tstim_13: pos = array([ 0.21, -0.24])
17.2668 	EXP 	Tstim_13: height = 0.1
17.2668 	EXP 	Tstim_14: opacity = 0.5
17.2668 	EXP 	Tstim_14: pos = array([0.15, 0.  ])
17.2668 	EXP 	Tstim_14: height = 0.1
17.2668 	EXP 	Tstim_15: opacity = 0.5
17.2668 	EXP 	Tstim_15: pos = array([-0.15,  0.15])
17.2668 	EXP 	Tstim_15: height = 0.1
17.2668 	EXP 	Tstim_16: opacity = 0.5
17.2668 	EXP 	Tstim_16: pos = array([-0.24, -0.15])
17.2668 	EXP 	Tstim_16: height = 0.1
17.2668 	EXP 	Tstim_17: opacity = 0.5
17.2668 	EXP 	Tstim_17: pos = array([-0.21, -0.03])
17.2668 	EXP 	Tstim_17: height = 0.1
17.2668 	EXP 	Tstim_18: opacity = 0.5
17.2668 	EXP 	Tstim_18: pos = array([-0.3 ,  0.18])
17.2668 	EXP 	Tstim_18: height = 0.1
17.2668 	EXP 	Tstim_19: opacity = 0.5
17.2668 	EXP 	Tstim_19: pos = array([ 0.03, -0.18])
17.2668 	EXP 	Tstim_19: height = 0.1
17.2668 	EXP 	Tstim_20: opacity = 0.5
17.2668 	EXP 	Tstim_20: pos = array([0.09, 0.21])
17.2668 	EXP 	Tstim_20: height = 0.1
17.2668 	EXP 	Lstim: opacity = 0.5
17.2668 	EXP 	Lstim: pos = array([-0.18, -0.3 ])
17.2668 	EXP 	Lstim: height = 0.1
17.2668 	EXP 	Tstim: autoDraw = True
17.2668 	EXP 	Tstim_2: autoDraw = True
17.2668 	EXP 	Tstim_3: autoDraw = True
17.2668 	EXP 	Tstim_4: autoDraw = True
17.2668 	EXP 	Tstim_5: autoDraw = True
17.2668 	EXP 	Tstim_6: autoDraw = True
17.2668 	EXP 	Tstim_7: autoDraw = True
17.2668 	EXP 	Tstim_8: autoDraw = True
17.2668 	EXP 	Tstim_9: autoDraw = True
17.2668 	EXP 	Tstim_10: autoDraw = True
17.2668 	EXP 	Tstim_11: autoDraw = True
17.2668 	EXP 	Tstim_12: autoDraw = True
17.2668 	EXP 	Tstim_13: autoDraw = True
17.2668 	EXP 	Tstim_14: autoDraw = True
17.2668 	EXP 	Tstim_15: autoDraw = True
17.2668 	EXP 	Tstim_16: autoDraw = True
17.2668 	EXP 	Tstim_17: autoDraw = True
17.2668 	EXP 	Tstim_18: autoDraw = True
17.2668 	EXP 	Tstim_19: autoDraw = True
17.2668 	EXP 	Tstim_20: autoDraw = True
17.2668 	EXP 	Lstim: autoDraw = True
17.2668 	EXP 	Tstim: text = 'T'
17.2668 	EXP 	Tstim_2: text = 'T'
17.2668 	EXP 	Tstim_3: text = 'T'
17.2668 	EXP 	Tstim_4: text = 'T'
17.2668 	EXP 	Tstim_5: text = 'T'
17.2668 	EXP 	Tstim_6: text = 'T'
17.2668 	EXP 	Tstim_7: text = 'T'
17.2668 	EXP 	Tstim_8: text = 'T'
17.2668 	EXP 	Tstim_9: text = 'T'
17.2668 	EXP 	Tstim_10: text = 'T'
17.2668 	EXP 	Tstim_11: text = 'T'
17.2668 	EXP 	Tstim_12: text = 'T'
17.2668 	EXP 	Tstim_13: text = 'T'
17.2668 	EXP 	Tstim_14: text = 'T'
17.2668 	EXP 	Tstim_15: text = 'T'
17.2668 	EXP 	Tstim_16: text = 'T'
17.2668 	EXP 	Tstim_17: text = 'T'
17.2668 	EXP 	Tstim_18: text = 'T'
17.2668 	EXP 	Tstim_19: text = 'T'
17.2668 	EXP 	Tstim_20: text = 'T'
17.2668 	EXP 	Lstim: text = 'L'
18.6445 	DATA 	Mouse: Left button down, pos=(745,780)
18.6607 	EXP 	Tstim: autoDraw = False
18.6607 	EXP 	Tstim_2: autoDraw = False
18.6607 	EXP 	Tstim_3: autoDraw = False
18.6607 	EXP 	Tstim_4: autoDraw = False
18.6607 	EXP 	Tstim_5: autoDraw = False
18.6607 	EXP 	Tstim_6: autoDraw = False
18.6607 	EXP 	Tstim_7: autoDraw = False
18.6607 	EXP 	Tstim_8: autoDraw = False
18.6607 	EXP 	Tstim_9: autoDraw = False
18.6607 	EXP 	Tstim_10: autoDraw = False
18.6607 	EXP 	Tstim_11: autoDraw = False
18.6607 	EXP 	Tstim_12: autoDraw = False
18.6607 	EXP 	Tstim_13: autoDraw = False
18.6607 	EXP 	Tstim_14: autoDraw = False
18.6607 	EXP 	Tstim_15: autoDraw = False
18.6607 	EXP 	Tstim_16: autoDraw = False
18.6607 	EXP 	Tstim_17: autoDraw = False
18.6607 	EXP 	Tstim_18: autoDraw = False
18.6607 	EXP 	Tstim_19: autoDraw = False
18.6607 	EXP 	Tstim_20: autoDraw = False
18.6607 	EXP 	Lstim: autoDraw = False
18.6607 	EXP 	text: text = 'Inorrect'
18.6607 	EXP 	text: autoDraw = True
18.7470 	DATA 	Mouse:  Left button up, pos=(745,780)
19.6471 	EXP 	New trial (rep=2, index=0): None
19.7702 	EXP 	text: autoDraw = False
19.7702 	EXP 	text: autoDraw = False
19.7702 	EXP 	Lstim: ori = 217.0
19.7702 	EXP 	Tstim: ori = 208.0
19.7702 	EXP 	Tstim_2: ori = 229.0
19.7702 	EXP 	Tstim_3: ori = 180.0
19.7702 	EXP 	Tstim_4: ori = 181.0
19.7702 	EXP 	Tstim_5: ori = 261.0
19.7702 	EXP 	Tstim_6: ori = 89.0
19.7702 	EXP 	Tstim_7: ori = 302.0
19.7702 	EXP 	Tstim_8: ori = 78.0
19.7702 	EXP 	Tstim_9: ori = 84.0
19.7702 	EXP 	Tstim_10: ori = 162.0
19.7702 	EXP 	Tstim_11: ori = 22.0
19.7702 	EXP 	Tstim_12: ori = 6.0
19.7702 	EXP 	Tstim_13: ori = 192.0
19.7702 	EXP 	Tstim_14: ori = 253.0
19.7702 	EXP 	Tstim_15: ori = 294.0
19.7702 	EXP 	Tstim_16: ori = 341.0
19.7702 	EXP 	Tstim_17: ori = 223.0
19.7702 	EXP 	Tstim_18: ori = 197.0
19.7702 	EXP 	Tstim_19: ori = 78.0
19.7702 	EXP 	Tstim_20: ori = 289.0
19.7702 	EXP 	Tstim: opacity = 0.5
19.7702 	EXP 	Tstim: pos = array([-0.21,  0.03])
19.7702 	EXP 	Tstim: height = 0.1
19.7702 	EXP 	Tstim_2: opacity = 0.5
19.7702 	EXP 	Tstim_2: height = 0.1
19.7702 	EXP 	Tstim_3: opacity = 0.5
19.7702 	EXP 	Tstim_3: pos = array([ 0.09, -0.27])
19.7702 	EXP 	Tstim_3: height = 0.1
19.7702 	EXP 	Tstim_4: opacity = 0.5
19.7702 	EXP 	Tstim_4: pos = array([-0.06,  0.21])
19.7702 	EXP 	Tstim_4: height = 0.1
19.7702 	EXP 	Tstim_5: opacity = 0.5
19.7702 	EXP 	Tstim_5: pos = array([ 0.03, -0.18])
19.7702 	EXP 	Tstim_5: height = 0.1
19.7702 	EXP 	Tstim_6: opacity = 0.5
19.7702 	EXP 	Tstim_6: pos = array([ 0.12, -0.03])
19.7702 	EXP 	Tstim_6: height = 0.1
19.7702 	EXP 	Tstim_7: opacity = 0.5
19.7702 	EXP 	Tstim_7: pos = array([-0.12,  0.09])
19.7702 	EXP 	Tstim_7: height = 0.1
19.7702 	EXP 	Tstim_8: opacity = 0.5
19.7702 	EXP 	Tstim_8: pos = array([-0.03, -0.15])
19.7702 	EXP 	Tstim_8: height = 0.1
19.7702 	EXP 	Tstim_9: opacity = 0.5
19.7702 	EXP 	Tstim_9: pos = array([ 0.21, -0.12])
19.7702 	EXP 	Tstim_9: height = 0.1
19.7702 	EXP 	Tstim_10: opacity = 0.5
19.7702 	EXP 	Tstim_10: pos = array([ 0.  , -0.06])
19.7702 	EXP 	Tstim_10: height = 0.1
19.7702 	EXP 	Tstim_11: opacity = 0.5
19.7702 	EXP 	Tstim_11: pos = array([-0.09,  0.24])
19.7702 	EXP 	Tstim_11: height = 0.1
19.7702 	EXP 	Tstim_12: opacity = 0.5
19.7702 	EXP 	Tstim_12: pos = array([-0.15,  0.  ])
19.7702 	EXP 	Tstim_12: height = 0.1
19.7702 	EXP 	Tstim_13: opacity = 0.5
19.7702 	EXP 	Tstim_13: pos = array([-0.27,  0.18])
19.7702 	EXP 	Tstim_13: height = 0.1
19.7702 	EXP 	Tstim_14: opacity = 0.5
19.7702 	EXP 	Tstim_14: pos = array([0.18, 0.3 ])
19.7702 	EXP 	Tstim_14: height = 0.1
19.7702 	EXP 	Tstim_15: opacity = 0.5
19.7702 	EXP 	Tstim_15: pos = array([ 0.06, -0.09])
19.7702 	EXP 	Tstim_15: height = 0.1
19.7702 	EXP 	Tstim_16: opacity = 0.5
19.7702 	EXP 	Tstim_16: pos = array([ 0.3, -0.3])
19.7702 	EXP 	Tstim_16: height = 0.1
19.7702 	EXP 	Tstim_17: opacity = 0.5
19.7702 	EXP 	Tstim_17: pos = array([-0.3 ,  0.12])
19.7702 	EXP 	Tstim_17: height = 0.1
19.7702 	EXP 	Tstim_18: opacity = 0.5
19.7702 	EXP 	Tstim_18: pos = array([-0.18,  0.15])
19.7702 	EXP 	Tstim_18: height = 0.1
19.7702 	EXP 	Tstim_19: opacity = 0.5
19.7702 	EXP 	Tstim_19: pos = array([-0.24,  0.27])
19.7702 	EXP 	Tstim_19: height = 0.1
19.7702 	EXP 	Tstim_20: opacity = 0.5
19.7702 	EXP 	Tstim_20: pos = array([ 0.24, -0.21])
19.7702 	EXP 	Tstim_20: height = 0.1
19.7702 	EXP 	Lstim: opacity = 0.5
19.7702 	EXP 	Lstim: pos = array([0.15, 0.06])
19.7702 	EXP 	Lstim: height = 0.1
19.7702 	EXP 	Tstim: autoDraw = True
19.7702 	EXP 	Tstim_2: autoDraw = True
19.7702 	EXP 	Tstim_3: autoDraw = True
19.7702 	EXP 	Tstim_4: autoDraw = True
19.7702 	EXP 	Tstim_5: autoDraw = True
19.7702 	EXP 	Tstim_6: autoDraw = True
19.7702 	EXP 	Tstim_7: autoDraw = True
19.7702 	EXP 	Tstim_8: autoDraw = True
19.7702 	EXP 	Tstim_9: autoDraw = True
19.7702 	EXP 	Tstim_10: autoDraw = True
19.7702 	EXP 	Tstim_11: autoDraw = True
19.7702 	EXP 	Tstim_12: autoDraw = True
19.7702 	EXP 	Tstim_13: autoDraw = True
19.7702 	EXP 	Tstim_14: autoDraw = True
19.7702 	EXP 	Tstim_15: autoDraw = True
19.7702 	EXP 	Tstim_16: autoDraw = True
19.7702 	EXP 	Tstim_17: autoDraw = True
19.7702 	EXP 	Tstim_18: autoDraw = True
19.7702 	EXP 	Tstim_19: autoDraw = True
19.7702 	EXP 	Tstim_20: autoDraw = True
19.7702 	EXP 	Lstim: autoDraw = True
19.7702 	EXP 	Tstim: text = 'T'
19.7702 	EXP 	Tstim_2: text = 'T'
19.7702 	EXP 	Tstim_3: text = 'T'
19.7702 	EXP 	Tstim_4: text = 'T'
19.7702 	EXP 	Tstim_5: text = 'T'
19.7702 	EXP 	Tstim_6: text = 'T'
19.7702 	EXP 	Tstim_7: text = 'T'
19.7702 	EXP 	Tstim_8: text = 'T'
19.7702 	EXP 	Tstim_9: text = 'T'
19.7702 	EXP 	Tstim_10: text = 'T'
19.7702 	EXP 	Tstim_11: text = 'T'
19.7702 	EXP 	Tstim_12: text = 'T'
19.7702 	EXP 	Tstim_13: text = 'T'
19.7702 	EXP 	Tstim_14: text = 'T'
19.7702 	EXP 	Tstim_15: text = 'T'
19.7702 	EXP 	Tstim_16: text = 'T'
19.7702 	EXP 	Tstim_17: text = 'T'
19.7702 	EXP 	Tstim_18: text = 'T'
19.7702 	EXP 	Tstim_19: text = 'T'
19.7702 	EXP 	Tstim_20: text = 'T'
19.7702 	EXP 	Lstim: text = 'L'
21.2410 	DATA 	Mouse: Left button down, pos=(1163,676)
21.2631 	EXP 	Tstim: autoDraw = False
21.2631 	EXP 	Tstim_2: autoDraw = False
21.2631 	EXP 	Tstim_3: autoDraw = False
21.2631 	EXP 	Tstim_4: autoDraw = False
21.2631 	EXP 	Tstim_5: autoDraw = False
21.2631 	EXP 	Tstim_6: autoDraw = False
21.2631 	EXP 	Tstim_7: autoDraw = False
21.2631 	EXP 	Tstim_8: autoDraw = False
21.2631 	EXP 	Tstim_9: autoDraw = False
21.2631 	EXP 	Tstim_10: autoDraw = False
21.2631 	EXP 	Tstim_11: autoDraw = False
21.2631 	EXP 	Tstim_12: autoDraw = False
21.2631 	EXP 	Tstim_13: autoDraw = False
21.2631 	EXP 	Tstim_14: autoDraw = False
21.2631 	EXP 	Tstim_15: autoDraw = False
21.2631 	EXP 	Tstim_16: autoDraw = False
21.2631 	EXP 	Tstim_17: autoDraw = False
21.2631 	EXP 	Tstim_18: autoDraw = False
21.2631 	EXP 	Tstim_19: autoDraw = False
21.2631 	EXP 	Tstim_20: autoDraw = False
21.2631 	EXP 	Lstim: autoDraw = False
21.2631 	EXP 	text: text = 'Inorrect'
21.2631 	EXP 	text: autoDraw = True
21.3846 	DATA 	Mouse:  Left button up, pos=(1163,676)
22.2502 	EXP 	New trial (rep=3, index=0): None
22.4023 	EXP 	text: autoDraw = False
22.4023 	EXP 	text: autoDraw = False
22.4023 	EXP 	Lstim: ori = 78.0
22.4023 	EXP 	Tstim: ori = 7.0
22.4023 	EXP 	Tstim_2: ori = 26.0
22.4023 	EXP 	Tstim_3: ori = 354.0
22.4023 	EXP 	Tstim_4: ori = 177.0
22.4023 	EXP 	Tstim_5: ori = 170.0
22.4023 	EXP 	Tstim_6: ori = 197.0
22.4023 	EXP 	Tstim_7: ori = 8.0
22.4023 	EXP 	Tstim_8: ori = 113.0
22.4023 	EXP 	Tstim_9: ori = 332.0
22.4023 	EXP 	Tstim_10: ori = 186.0
22.4023 	EXP 	Tstim_11: ori = 256.0
22.4023 	EXP 	Tstim_12: ori = 99.0
22.4023 	EXP 	Tstim_13: ori = 57.0
22.4023 	EXP 	Tstim_14: ori = 305.0
22.4023 	EXP 	Tstim_15: ori = 24.0
22.4023 	EXP 	Tstim_16: ori = 151.0
22.4023 	EXP 	Tstim_17: ori = 203.0
22.4023 	EXP 	Tstim_18: ori = 158.0
22.4023 	EXP 	Tstim_19: ori = 86.0
22.4023 	EXP 	Tstim_20: ori = 318.0
22.4023 	EXP 	Tstim: opacity = 0.5
22.4023 	EXP 	Tstim: pos = array([0.09, 0.15])
22.4023 	EXP 	Tstim: height = 0.1
22.4023 	EXP 	Tstim_2: opacity = 0.5
22.4023 	EXP 	Tstim_2: height = 0.1
22.4023 	EXP 	Tstim_3: opacity = 0.5
22.4023 	EXP 	Tstim_3: pos = array([-0.15, -0.18])
22.4023 	EXP 	Tstim_3: height = 0.1
22.4023 	EXP 	Tstim_4: opacity = 0.5
22.4023 	EXP 	Tstim_4: pos = array([ 0.18, -0.09])
22.4023 	EXP 	Tstim_4: height = 0.1
22.4023 	EXP 	Tstim_5: opacity = 0.5
22.4023 	EXP 	Tstim_5: pos = array([-0.12, -0.21])
22.4023 	EXP 	Tstim_5: height = 0.1
22.4023 	EXP 	Tstim_6: opacity = 0.5
22.4023 	EXP 	Tstim_6: pos = array([ 0.06, -0.24])
22.4023 	EXP 	Tstim_6: height = 0.1
22.4023 	EXP 	Tstim_7: opacity = 0.5
22.4023 	EXP 	Tstim_7: pos = array([-0.24,  0.3 ])
22.4023 	EXP 	Tstim_7: height = 0.1
22.4023 	EXP 	Tstim_8: opacity = 0.5
22.4023 	EXP 	Tstim_8: pos = array([-0.03,  0.18])
22.4023 	EXP 	Tstim_8: height = 0.1
22.4023 	EXP 	Tstim_9: opacity = 0.5
22.4023 	EXP 	Tstim_9: pos = array([0.27, 0.06])
22.4023 	EXP 	Tstim_9: height = 0.1
22.4023 	EXP 	Tstim_10: opacity = 0.5
22.4023 	EXP 	Tstim_10: pos = array([-0.27,  0.24])
22.4023 	EXP 	Tstim_10: height = 0.1
22.4023 	EXP 	Tstim_11: opacity = 0.5
22.4023 	EXP 	Tstim_11: pos = array([ 0.15, -0.3 ])
22.4023 	EXP 	Tstim_11: height = 0.1
22.4023 	EXP 	Tstim_12: opacity = 0.5
22.4023 	EXP 	Tstim_12: pos = array([-0.18,  0.03])
22.4023 	EXP 	Tstim_12: height = 0.1
22.4023 	EXP 	Tstim_13: opacity = 0.5
22.4023 	EXP 	Tstim_13: pos = array([-0.09, -0.03])
22.4023 	EXP 	Tstim_13: height = 0.1
22.4023 	EXP 	Tstim_14: opacity = 0.5
22.4023 	EXP 	Tstim_14: pos = array([-0.3,  0. ])
22.4023 	EXP 	Tstim_14: height = 0.1
22.4023 	EXP 	Tstim_15: opacity = 0.5
22.4023 	EXP 	Tstim_15: pos = array([0.3 , 0.21])
22.4023 	EXP 	Tstim_15: height = 0.1
22.4023 	EXP 	Tstim_16: opacity = 0.5
22.4023 	EXP 	Tstim_16: pos = array([ 0.  , -0.27])
22.4023 	EXP 	Tstim_16: height = 0.1
22.4023 	EXP 	Tstim_17: opacity = 0.5
22.4023 	EXP 	Tstim_17: pos = array([0.24, 0.09])
22.4023 	EXP 	Tstim_17: height = 0.1
22.4023 	EXP 	Tstim_18: opacity = 0.5
22.4023 	EXP 	Tstim_18: pos = array([0.21, 0.12])
22.4023 	EXP 	Tstim_18: height = 0.1
22.4023 	EXP 	Tstim_19: opacity = 0.5
22.4023 	EXP 	Tstim_19: pos = array([ 0.03, -0.06])
22.4023 	EXP 	Tstim_19: height = 0.1
22.4023 	EXP 	Tstim_20: opacity = 0.5
22.4023 	EXP 	Tstim_20: pos = array([-0.06, -0.12])
22.4023 	EXP 	Tstim_20: height = 0.1
22.4023 	EXP 	Lstim: opacity = 0.5
22.4023 	EXP 	Lstim: pos = array([-0.21, -0.15])
22.4023 	EXP 	Lstim: height = 0.1
22.4023 	EXP 	Tstim: autoDraw = True
22.4023 	EXP 	Tstim_2: autoDraw = True
22.4023 	EXP 	Tstim_3: autoDraw = True
22.4023 	EXP 	Tstim_4: autoDraw = True
22.4023 	EXP 	Tstim_5: autoDraw = True
22.4023 	EXP 	Tstim_6: autoDraw = True
22.4023 	EXP 	Tstim_7: autoDraw = True
22.4023 	EXP 	Tstim_8: autoDraw = True
22.4023 	EXP 	Tstim_9: autoDraw = True
22.4023 	EXP 	Tstim_10: autoDraw = True
22.4023 	EXP 	Tstim_11: autoDraw = True
22.4023 	EXP 	Tstim_12: autoDraw = True
22.4023 	EXP 	Tstim_13: autoDraw = True
22.4023 	EXP 	Tstim_14: autoDraw = True
22.4023 	EXP 	Tstim_15: autoDraw = True
22.4023 	EXP 	Tstim_16: autoDraw = True
22.4023 	EXP 	Tstim_17: autoDraw = True
22.4023 	EXP 	Tstim_18: autoDraw = True
22.4023 	EXP 	Tstim_19: autoDraw = True
22.4023 	EXP 	Tstim_20: autoDraw = True
22.4023 	EXP 	Lstim: autoDraw = True
22.4023 	EXP 	Tstim: text = 'T'
22.4023 	EXP 	Tstim_2: text = 'T'
22.4023 	EXP 	Tstim_3: text = 'T'
22.4023 	EXP 	Tstim_4: text = 'T'
22.4023 	EXP 	Tstim_5: text = 'T'
22.4023 	EXP 	Tstim_6: text = 'T'
22.4023 	EXP 	Tstim_7: text = 'T'
22.4023 	EXP 	Tstim_8: text = 'T'
22.4023 	EXP 	Tstim_9: text = 'T'
22.4023 	EXP 	Tstim_10: text = 'T'
22.4023 	EXP 	Tstim_11: text = 'T'
22.4023 	EXP 	Tstim_12: text = 'T'
22.4023 	EXP 	Tstim_13: text = 'T'
22.4023 	EXP 	Tstim_14: text = 'T'
22.4023 	EXP 	Tstim_15: text = 'T'
22.4023 	EXP 	Tstim_16: text = 'T'
22.4023 	EXP 	Tstim_17: text = 'T'
22.4023 	EXP 	Tstim_18: text = 'T'
22.4023 	EXP 	Tstim_19: text = 'T'
22.4023 	EXP 	Tstim_20: text = 'T'
22.4023 	EXP 	Lstim: text = 'L'
24.2497 	DATA 	Keypress: escape
24.6889 	EXP 	window1: mouseVisible = True
