5.4758 	WARNING 	We strongly recommend you activate the PTB sound engine in PsychoPy prefs as the preferred audio engine. Its timing is vastly superior. Your prefs are currently set to use ['sounddevice', 'PTB', 'pyo', 'pygame'] (in that order).
8.7219 	WARNING 	User requested fullscreen with size [1024  768], but screen is actually [1920, 1200]. Using actual size
10.6525 	EXP 	Created window1 = Window(allowGUI=False, allowStencil=False, args=UNKNOWN, autoLog=True, bitsMode=UNKNOWN, blendMode='avg', bpc=(8, 8, 8), color=array([0., 0., 0.]), colorSpace='rgb', depthBits=8, fullscr=<method-wrapper '__getattribute__' of attributeSetter object at 0x000001809A6AF7B8>, gamma=None, gammaErrorPolicy='raise', kwargs=UNKNOWN, lms=UNKNOWN, monitor=<psychopy.monitors.calibTools.Monitor object at 0x000001809A3849E8>, multiSample=False, name='window1', numSamples=2, pos=[0.0, 0.0], screen=0, size=array([1920, 1200]), stencilBits=0, stereo=False, units='height', useFBO=True, useRetina=False, viewOri=0.0, viewPos=None, viewScale=None, waitBlanking=True, winType='pyglet')
10.6528 	EXP 	window1: mouseVisible = True
10.6528 	EXP 	window1: recordFrameIntervals = False
10.8182 	EXP 	window1: recordFrameIntervals = True
11.0022 	EXP 	window1: recordFrameIntervals = False
11.2587 	EXP 	Created instrTxt = TextStim(__class__=<class 'psychopy.visual.text.TextStim'>, alignHoriz=method-wrapper(...), alignText='center', alignVert=method-wrapper(...), anchorHoriz='center', anchorVert='center', antialias=True, autoLog=True, bold=False, color='white', colorSpace='named', contrast=1.0, depth=0.0, flipHoriz=False, flipVert=False, font='Arial', fontFiles=[], height=0.1, italic=False, languageStyle='LTR', name='instrTxt', opacity=1.0, ori=0, pos=array([0., 0.]), rgb=array([255., 255., 255.]), text=str(...), units='height', win=Window(...), wrapWidth=1)
11.2588 	EXP 	window1: mouseVisible = True
12.1886 	EXP 	Created Tstim = TextStim(__class__=<class 'psychopy.visual.text.TextStim'>, alignHoriz=method-wrapper(...), alignText='center', alignVert=method-wrapper(...), anchorHoriz='center', anchorVert='center', antialias=True, autoLog=True, bold=False, color='black', colorSpace='named', contrast=1.0, depth=-1.0, flipHoriz=False, flipVert=False, font='Arial', fontFiles=[], height=1.0, italic=False, languageStyle='LTR', name='Tstim', opacity=1.0, ori=0, pos=array([0., 0.]), rgb=array([0., 0., 0.]), text='T', units='height', win=Window(...), wrapWidth=1)
12.1912 	EXP 	Created Tstim_2 = TextStim(__class__=<class 'psychopy.visual.text.TextStim'>, alignHoriz=method-wrapper(...), alignText='center', alignVert=method-wrapper(...), anchorHoriz='center', anchorVert='center', antialias=True, autoLog=True, bold=False, color='black', colorSpace='named', contrast=1.0, depth=-2.0, flipHoriz=False, flipVert=False, font='Arial', fontFiles=[], height=1.0, italic=False, languageStyle='LTR', name='Tstim_2', opacity=1.0, ori=0, pos=array([0., 0.]), rgb=array([0., 0., 0.]), text='T', units='height', win=Window(...), wrapWidth=1)
12.1933 	EXP 	Created Tstim_3 = TextStim(__class__=<class 'psychopy.visual.text.TextStim'>, alignHoriz=method-wrapper(...), alignText='center', alignVert=method-wrapper(...), anchorHoriz='center', anchorVert='center', antialias=True, autoLog=True, bold=False, color='black', colorSpace='named', contrast=1.0, depth=-3.0, flipHoriz=False, flipVert=False, font='Arial', fontFiles=[], height=1.0, italic=False, languageStyle='LTR', name='Tstim_3', opacity=1.0, ori=0, pos=array([0., 0.]), rgb=array([0., 0., 0.]), text='T', units='height', win=Window(...), wrapWidth=1)
12.1954 	EXP 	Created Tstim_4 = TextStim(__class__=<class 'psychopy.visual.text.TextStim'>, alignHoriz=method-wrapper(...), alignText='center', alignVert=method-wrapper(...), anchorHoriz='center', anchorVert='center', antialias=True, autoLog=True, bold=False, color='black', colorSpace='named', contrast=1.0, depth=-4.0, flipHoriz=False, flipVert=False, font='Arial', fontFiles=[], height=1.0, italic=False, languageStyle='LTR', name='Tstim_4', opacity=1.0, ori=0, pos=array([0., 0.]), rgb=array([0., 0., 0.]), text='T', units='height', win=Window(...), wrapWidth=1)
12.1976 	EXP 	Created Tstim_5 = TextStim(__class__=<class 'psychopy.visual.text.TextStim'>, alignHoriz=method-wrapper(...), alignText='center', alignVert=method-wrapper(...), anchorHoriz='center', anchorVert='center', antialias=True, autoLog=True, bold=False, color='black', colorSpace='named', contrast=1.0, depth=-5.0, flipHoriz=False, flipVert=False, font='Arial', fontFiles=[], height=1.0, italic=False, languageStyle='LTR', name='Tstim_5', opacity=1.0, ori=0, pos=array([0., 0.]), rgb=array([0., 0., 0.]), text='T', units='height', win=Window(...), wrapWidth=1)
12.1998 	EXP 	Created Tstim_6 = TextStim(__class__=<class 'psychopy.visual.text.TextStim'>, alignHoriz=method-wrapper(...), alignText='center', alignVert=method-wrapper(...), anchorHoriz='center', anchorVert='center', antialias=True, autoLog=True, bold=False, color='black', colorSpace='named', contrast=1.0, depth=-6.0, flipHoriz=False, flipVert=False, font='Arial', fontFiles=[], height=1.0, italic=False, languageStyle='LTR', name='Tstim_6', opacity=1.0, ori=0, pos=array([0., 0.]), rgb=array([0., 0., 0.]), text='T', units='height', win=Window(...), wrapWidth=1)
12.2022 	EXP 	Created Tstim_7 = TextStim(__class__=<class 'psychopy.visual.text.TextStim'>, alignHoriz=method-wrapper(...), alignText='center', alignVert=method-wrapper(...), anchorHoriz='center', anchorVert='center', antialias=True, autoLog=True, bold=False, color='black', colorSpace='named', contrast=1.0, depth=-7.0, flipHoriz=False, flipVert=False, font='Arial', fontFiles=[], height=1.0, italic=False, languageStyle='LTR', name='Tstim_7', opacity=1.0, ori=0, pos=array([0., 0.]), rgb=array([0., 0., 0.]), text='T', units='height', win=Window(...), wrapWidth=1)
12.2046 	EXP 	Created Tstim_8 = TextStim(__class__=<class 'psychopy.visual.text.TextStim'>, alignHoriz=method-wrapper(...), alignText='center', alignVert=method-wrapper(...), anchorHoriz='center', anchorVert='center', antialias=True, autoLog=True, bold=False, color='black', colorSpace='named', contrast=1.0, depth=-8.0, flipHoriz=False, flipVert=False, font='Arial', fontFiles=[], height=1.0, italic=False, languageStyle='LTR', name='Tstim_8', opacity=1.0, ori=0, pos=array([0., 0.]), rgb=array([0., 0., 0.]), text='T', units='height', win=Window(...), wrapWidth=1)
12.2062 	EXP 	Created Tstim_9 = TextStim(__class__=<class 'psychopy.visual.text.TextStim'>, alignHoriz=method-wrapper(...), alignText='center', alignVert=method-wrapper(...), anchorHoriz='center', anchorVert='center', antialias=True, autoLog=True, bold=False, color='black', colorSpace='named', contrast=1.0, depth=-9.0, flipHoriz=False, flipVert=False, font='Arial', fontFiles=[], height=1.0, italic=False, languageStyle='LTR', name='Tstim_9', opacity=1.0, ori=0, pos=array([0., 0.]), rgb=array([0., 0., 0.]), text='T', units='height', win=Window(...), wrapWidth=1)
12.2081 	EXP 	Created Tstim_10 = TextStim(__class__=<class 'psychopy.visual.text.TextStim'>, alignHoriz=method-wrapper(...), alignText='center', alignVert=method-wrapper(...), anchorHoriz='center', anchorVert='center', antialias=True, autoLog=True, bold=False, color='black', colorSpace='named', contrast=1.0, depth=-10.0, flipHoriz=False, flipVert=False, font='Arial', fontFiles=[], height=1.0, italic=False, languageStyle='LTR', name='Tstim_10', opacity=1.0, ori=0, pos=array([0., 0.]), rgb=array([0., 0., 0.]), text='T', units='height', win=Window(...), wrapWidth=1)
12.2100 	EXP 	Created Tstim_11 = TextStim(__class__=<class 'psychopy.visual.text.TextStim'>, alignHoriz=method-wrapper(...), alignText='center', alignVert=method-wrapper(...), anchorHoriz='center', anchorVert='center', antialias=True, autoLog=True, bold=False, color='black', colorSpace='named', contrast=1.0, depth=-11.0, flipHoriz=False, flipVert=False, font='Arial', fontFiles=[], height=1.0, italic=False, languageStyle='LTR', name='Tstim_11', opacity=1.0, ori=0, pos=array([0., 0.]), rgb=array([0., 0., 0.]), text='T', units='height', win=Window(...), wrapWidth=1)
12.2115 	EXP 	Created Tstim_12 = TextStim(__class__=<class 'psychopy.visual.text.TextStim'>, alignHoriz=method-wrapper(...), alignText='center', alignVert=method-wrapper(...), anchorHoriz='center', anchorVert='center', antialias=True, autoLog=True, bold=False, color='black', colorSpace='named', contrast=1.0, depth=-12.0, flipHoriz=False, flipVert=False, font='Arial', fontFiles=[], height=1.0, italic=False, languageStyle='LTR', name='Tstim_12', opacity=1.0, ori=0, pos=array([0., 0.]), rgb=array([0., 0., 0.]), text='T', units='height', win=Window(...), wrapWidth=1)
12.2132 	EXP 	Created Tstim_13 = TextStim(__class__=<class 'psychopy.visual.text.TextStim'>, alignHoriz=method-wrapper(...), alignText='center', alignVert=method-wrapper(...), anchorHoriz='center', anchorVert='center', antialias=True, autoLog=True, bold=False, color='black', colorSpace='named', contrast=1.0, depth=-13.0, flipHoriz=False, flipVert=False, font='Arial', fontFiles=[], height=1.0, italic=False, languageStyle='LTR', name='Tstim_13', opacity=1.0, ori=0, pos=array([0., 0.]), rgb=array([0., 0., 0.]), text='T', units='height', win=Window(...), wrapWidth=1)
12.2148 	EXP 	Created Tstim_14 = TextStim(__class__=<class 'psychopy.visual.text.TextStim'>, alignHoriz=method-wrapper(...), alignText='center', alignVert=method-wrapper(...), anchorHoriz='center', anchorVert='center', antialias=True, autoLog=True, bold=False, color='black', colorSpace='named', contrast=1.0, depth=-14.0, flipHoriz=False, flipVert=False, font='Arial', fontFiles=[], height=1.0, italic=False, languageStyle='LTR', name='Tstim_14', opacity=1.0, ori=0, pos=array([0., 0.]), rgb=array([0., 0., 0.]), text='T', units='height', win=Window(...), wrapWidth=1)
12.2169 	EXP 	Created Tstim_15 = TextStim(__class__=<class 'psychopy.visual.text.TextStim'>, alignHoriz=method-wrapper(...), alignText='center', alignVert=method-wrapper(...), anchorHoriz='center', anchorVert='center', antialias=True, autoLog=True, bold=False, color='black', colorSpace='named', contrast=1.0, depth=-15.0, flipHoriz=False, flipVert=False, font='Arial', fontFiles=[], height=1.0, italic=False, languageStyle='LTR', name='Tstim_15', opacity=1.0, ori=0, pos=array([0., 0.]), rgb=array([0., 0., 0.]), text='T', units='height', win=Window(...), wrapWidth=1)
12.2185 	EXP 	Created Tstim_16 = TextStim(__class__=<class 'psychopy.visual.text.TextStim'>, alignHoriz=method-wrapper(...), alignText='center', alignVert=method-wrapper(...), anchorHoriz='center', anchorVert='center', antialias=True, autoLog=True, bold=False, color='black', colorSpace='named', contrast=1.0, depth=-16.0, flipHoriz=False, flipVert=False, font='Arial', fontFiles=[], height=1.0, italic=False, languageStyle='LTR', name='Tstim_16', opacity=1.0, ori=0, pos=array([0., 0.]), rgb=array([0., 0., 0.]), text='T', units='height', win=Window(...), wrapWidth=1)
12.2201 	EXP 	Created Tstim_17 = TextStim(__class__=<class 'psychopy.visual.text.TextStim'>, alignHoriz=method-wrapper(...), alignText='center', alignVert=method-wrapper(...), anchorHoriz='center', anchorVert='center', antialias=True, autoLog=True, bold=False, color='black', colorSpace='named', contrast=1.0, depth=-17.0, flipHoriz=False, flipVert=False, font='Arial', fontFiles=[], height=1.0, italic=False, languageStyle='LTR', name='Tstim_17', opacity=1.0, ori=0, pos=array([0., 0.]), rgb=array([0., 0., 0.]), text='T', units='height', win=Window(...), wrapWidth=1)
12.2217 	EXP 	Created Tstim_18 = TextStim(__class__=<class 'psychopy.visual.text.TextStim'>, alignHoriz=method-wrapper(...), alignText='center', alignVert=method-wrapper(...), anchorHoriz='center', anchorVert='center', antialias=True, autoLog=True, bold=False, color='black', colorSpace='named', contrast=1.0, depth=-18.0, flipHoriz=False, flipVert=False, font='Arial', fontFiles=[], height=1.0, italic=False, languageStyle='LTR', name='Tstim_18', opacity=1.0, ori=0, pos=array([0., 0.]), rgb=array([0., 0., 0.]), text='T', units='height', win=Window(...), wrapWidth=1)
12.2235 	EXP 	Created Tstim_19 = TextStim(__class__=<class 'psychopy.visual.text.TextStim'>, alignHoriz=method-wrapper(...), alignText='center', alignVert=method-wrapper(...), anchorHoriz='center', anchorVert='center', antialias=True, autoLog=True, bold=False, color='black', colorSpace='named', contrast=1.0, depth=-19.0, flipHoriz=False, flipVert=False, font='Arial', fontFiles=[], height=1.0, italic=False, languageStyle='LTR', name='Tstim_19', opacity=1.0, ori=0, pos=array([0., 0.]), rgb=array([0., 0., 0.]), text='T', units='height', win=Window(...), wrapWidth=1)
12.2252 	EXP 	Created Tstim_20 = TextStim(__class__=<class 'psychopy.visual.text.TextStim'>, alignHoriz=method-wrapper(...), alignText='center', alignVert=method-wrapper(...), anchorHoriz='center', anchorVert='center', antialias=True, autoLog=True, bold=False, color='black', colorSpace='named', contrast=1.0, depth=-20.0, flipHoriz=False, flipVert=False, font='Arial', fontFiles=[], height=1.0, italic=False, languageStyle='LTR', name='Tstim_20', opacity=1.0, ori=0, pos=array([0., 0.]), rgb=array([0., 0., 0.]), text='T', units='height', win=Window(...), wrapWidth=1)
12.3250 	EXP 	Created Lstim = TextStim(__class__=<class 'psychopy.visual.text.TextStim'>, alignHoriz=method-wrapper(...), alignText='center', alignVert=method-wrapper(...), anchorHoriz='center', anchorVert='center', antialias=True, autoLog=True, bold=False, color='black', colorSpace='named', contrast=1.0, depth=-21.0, flipHoriz=False, flipVert=False, font='Arial', fontFiles=[], height=1.0, italic=False, languageStyle='LTR', name='Lstim', opacity=1.0, ori=0, pos=array([0., 0.]), rgb=array([0., 0., 0.]), text='L', units='height', win=Window(...), wrapWidth=1)
12.3251 	EXP 	window1: mouseVisible = True
12.3695 	EXP 	instrTxt: autoDraw = True
13.7733 	DATA 	Mouse: Left button down, pos=(920,737)
13.7760 	EXP 	Created sequence: random, trialTypes=1, nReps=5, seed=None
13.7764 	EXP 	New trial (rep=0, index=0): None
13.8485 	EXP 	instrTxt: autoDraw = False
13.8485 	EXP 	Tstim: pos = array([0.04, 0.08])
13.8485 	EXP 	Tstim: height = 0.1
13.8485 	EXP 	Tstim_2: height = 0.1
13.8485 	EXP 	Tstim_3: pos = array([-0.24, -0.12])
13.8485 	EXP 	Tstim_3: height = 0.1
13.8485 	EXP 	Tstim_4: pos = array([0.24, 0.04])
13.8485 	EXP 	Tstim_4: height = 0.1
13.8485 	EXP 	Tstim_5: pos = array([-0.4 ,  0.16])
13.8485 	EXP 	Tstim_5: height = 0.1
13.8485 	EXP 	Tstim_6: pos = array([-0.12, -0.36])
13.8485 	EXP 	Tstim_6: height = 0.1
13.8485 	EXP 	Tstim_7: pos = array([ 0.32, -0.08])
13.8485 	EXP 	Tstim_7: height = 0.1
13.8485 	EXP 	Tstim_8: pos = array([ 0.12, -0.04])
13.8485 	EXP 	Tstim_8: height = 0.1
13.8485 	EXP 	Tstim_9: pos = array([ 0.08, -0.24])
13.8485 	EXP 	Tstim_9: height = 0.1
13.8485 	EXP 	Tstim_10: pos = array([ 0.2 , -0.16])
13.8485 	EXP 	Tstim_10: height = 0.1
13.8485 	EXP 	Tstim_11: pos = array([-0.2 , -0.28])
13.8485 	EXP 	Tstim_11: height = 0.1
13.8485 	EXP 	Tstim_12: pos = array([0.4, 0. ])
13.8485 	EXP 	Tstim_12: height = 0.1
13.8485 	EXP 	Tstim_13: pos = array([-0.28,  0.24])
13.8485 	EXP 	Tstim_13: height = 0.1
13.8485 	EXP 	Tstim_14: pos = array([-0.32,  0.4 ])
13.8485 	EXP 	Tstim_14: height = 0.1
13.8485 	EXP 	Tstim_15: pos = array([0.36, 0.2 ])
13.8485 	EXP 	Tstim_15: height = 0.1
13.8485 	EXP 	Tstim_16: pos = array([-0.36,  0.36])
13.8485 	EXP 	Tstim_16: height = 0.1
13.8485 	EXP 	Tstim_17: pos = array([-0.04,  0.28])
13.8485 	EXP 	Tstim_17: height = 0.1
13.8485 	EXP 	Tstim_18: pos = array([-0.16,  0.32])
13.8485 	EXP 	Tstim_18: height = 0.1
13.8485 	EXP 	Tstim_19: pos = array([ 0.16, -0.4 ])
13.8485 	EXP 	Tstim_19: height = 0.1
13.8485 	EXP 	Tstim_20: pos = array([-0.08, -0.2 ])
13.8485 	EXP 	Tstim_20: height = 0.1
13.8485 	EXP 	Lstim: pos = array([0.28, 0.12])
13.8485 	EXP 	Lstim: height = 0.1
13.8485 	EXP 	Tstim: autoDraw = True
13.8485 	EXP 	Tstim_2: autoDraw = True
13.8485 	EXP 	Tstim_3: autoDraw = True
13.8485 	EXP 	Tstim_4: autoDraw = True
13.8485 	EXP 	Tstim_5: autoDraw = True
13.8485 	EXP 	Tstim_6: autoDraw = True
13.8485 	EXP 	Tstim_7: autoDraw = True
13.8485 	EXP 	Tstim_8: autoDraw = True
13.8485 	EXP 	Tstim_9: autoDraw = True
13.8485 	EXP 	Tstim_10: autoDraw = True
13.8485 	EXP 	Tstim_11: autoDraw = True
13.8485 	EXP 	Tstim_12: autoDraw = True
13.8485 	EXP 	Tstim_13: autoDraw = True
13.8485 	EXP 	Tstim_14: autoDraw = True
13.8485 	EXP 	Tstim_15: autoDraw = True
13.8485 	EXP 	Tstim_16: autoDraw = True
13.8485 	EXP 	Tstim_17: autoDraw = True
13.8485 	EXP 	Tstim_18: autoDraw = True
13.8485 	EXP 	Tstim_19: autoDraw = True
13.8485 	EXP 	Tstim_20: autoDraw = True
13.8485 	EXP 	Lstim: autoDraw = True
13.8485 	EXP 	Tstim: text = 'T'
13.8485 	EXP 	Tstim_2: text = 'T'
13.8485 	EXP 	Tstim_3: text = 'T'
13.8485 	EXP 	Tstim_4: text = 'T'
13.8485 	EXP 	Tstim_5: text = 'T'
13.8485 	EXP 	Tstim_6: text = 'T'
13.8485 	EXP 	Tstim_7: text = 'T'
13.8485 	EXP 	Tstim_8: text = 'T'
13.8485 	EXP 	Tstim_9: text = 'T'
13.8485 	EXP 	Tstim_10: text = 'T'
13.8485 	EXP 	Tstim_11: text = 'T'
13.8485 	EXP 	Tstim_12: text = 'T'
13.8485 	EXP 	Tstim_13: text = 'T'
13.8485 	EXP 	Tstim_14: text = 'T'
13.8485 	EXP 	Tstim_15: text = 'T'
13.8485 	EXP 	Tstim_16: text = 'T'
13.8485 	EXP 	Tstim_17: text = 'T'
13.8485 	EXP 	Tstim_18: text = 'T'
13.8485 	EXP 	Tstim_19: text = 'T'
13.8485 	EXP 	Tstim_20: text = 'T'
13.8485 	EXP 	Lstim: text = 'L'
13.8588 	DATA 	Mouse:  Left button up, pos=(920,737)
16.4008 	DATA 	Mouse: Left button down, pos=(1274,730)
16.4286 	EXP 	New trial (rep=1, index=0): None
16.4955 	EXP 	Tstim: autoDraw = False
16.4955 	EXP 	Tstim_2: autoDraw = False
16.4955 	EXP 	Tstim_3: autoDraw = False
16.4955 	EXP 	Tstim_4: autoDraw = False
16.4955 	EXP 	Tstim_5: autoDraw = False
16.4955 	EXP 	Tstim_6: autoDraw = False
16.4955 	EXP 	Tstim_7: autoDraw = False
16.4955 	EXP 	Tstim_8: autoDraw = False
16.4955 	EXP 	Tstim_9: autoDraw = False
16.4955 	EXP 	Tstim_10: autoDraw = False
16.4955 	EXP 	Tstim_11: autoDraw = False
16.4955 	EXP 	Tstim_12: autoDraw = False
16.4955 	EXP 	Tstim_13: autoDraw = False
16.4955 	EXP 	Tstim_14: autoDraw = False
16.4955 	EXP 	Tstim_15: autoDraw = False
16.4955 	EXP 	Tstim_16: autoDraw = False
16.4955 	EXP 	Tstim_17: autoDraw = False
16.4955 	EXP 	Tstim_18: autoDraw = False
16.4955 	EXP 	Tstim_19: autoDraw = False
16.4955 	EXP 	Tstim_20: autoDraw = False
16.4955 	EXP 	Lstim: autoDraw = False
16.4955 	EXP 	Tstim: pos = array([-0.36, -0.04])
16.4955 	EXP 	Tstim: height = 0.1
16.4955 	EXP 	Tstim_2: height = 0.1
16.4955 	EXP 	Tstim_3: pos = array([-0.24,  0.36])
16.4955 	EXP 	Tstim_3: height = 0.1
16.4955 	EXP 	Tstim_4: pos = array([-0.28, -0.12])
16.4955 	EXP 	Tstim_4: height = 0.1
16.4955 	EXP 	Tstim_5: pos = array([ 0.12, -0.24])
16.4955 	EXP 	Tstim_5: height = 0.1
16.4955 	EXP 	Tstim_6: pos = array([0.32, 0.4 ])
16.4955 	EXP 	Tstim_6: height = 0.1
16.4955 	EXP 	Tstim_7: pos = array([0.28, 0.2 ])
16.4955 	EXP 	Tstim_7: height = 0.1
16.4955 	EXP 	Tstim_8: pos = array([ 0.2 , -0.16])
16.4955 	EXP 	Tstim_8: height = 0.1
16.4955 	EXP 	Tstim_9: pos = array([0.  , 0.08])
16.4955 	EXP 	Tstim_9: height = 0.1
16.4955 	EXP 	Tstim_10: pos = array([-0.12,  0.24])
16.4955 	EXP 	Tstim_10: height = 0.1
16.4955 	EXP 	Tstim_11: pos = array([-0.04, -0.36])
16.4955 	EXP 	Tstim_11: height = 0.1
16.4955 	EXP 	Tstim_12: pos = array([-0.08,  0.12])
16.4955 	EXP 	Tstim_12: height = 0.1
16.4955 	EXP 	Tstim_13: pos = array([-0.4 ,  0.28])
16.4955 	EXP 	Tstim_13: height = 0.1
16.4955 	EXP 	Tstim_14: pos = array([-0.2 , -0.08])
16.4955 	EXP 	Tstim_14: height = 0.1
16.4955 	EXP 	Tstim_15: pos = array([-0.32, -0.32])
16.4955 	EXP 	Tstim_15: height = 0.1
16.4955 	EXP 	Tstim_16: pos = array([0.4, 0. ])
16.4955 	EXP 	Tstim_16: height = 0.1
16.4955 	EXP 	Tstim_17: pos = array([0.24, 0.32])
16.4955 	EXP 	Tstim_17: height = 0.1
16.4955 	EXP 	Tstim_18: pos = array([0.08, 0.16])
16.4955 	EXP 	Tstim_18: height = 0.1
16.4955 	EXP 	Tstim_19: pos = array([-0.16,  0.04])
16.4955 	EXP 	Tstim_19: height = 0.1
16.4955 	EXP 	Tstim_20: pos = array([ 0.04, -0.2 ])
16.4955 	EXP 	Tstim_20: height = 0.1
16.4955 	EXP 	Lstim: pos = array([ 0.16, -0.4 ])
16.4955 	EXP 	Lstim: height = 0.1
16.4955 	EXP 	Tstim: autoDraw = True
16.4955 	EXP 	Tstim_2: autoDraw = True
16.4955 	EXP 	Tstim_3: autoDraw = True
16.4955 	EXP 	Tstim_4: autoDraw = True
16.4955 	EXP 	Tstim_5: autoDraw = True
16.4955 	EXP 	Tstim_6: autoDraw = True
16.4955 	EXP 	Tstim_7: autoDraw = True
16.4955 	EXP 	Tstim_8: autoDraw = True
16.4955 	EXP 	Tstim_9: autoDraw = True
16.4955 	EXP 	Tstim_10: autoDraw = True
16.4955 	EXP 	Tstim_11: autoDraw = True
16.4955 	EXP 	Tstim_12: autoDraw = True
16.4955 	EXP 	Tstim_13: autoDraw = True
16.4955 	EXP 	Tstim_14: autoDraw = True
16.4955 	EXP 	Tstim_15: autoDraw = True
16.4955 	EXP 	Tstim_16: autoDraw = True
16.4955 	EXP 	Tstim_17: autoDraw = True
16.4955 	EXP 	Tstim_18: autoDraw = True
16.4955 	EXP 	Tstim_19: autoDraw = True
16.4955 	EXP 	Tstim_20: autoDraw = True
16.4955 	EXP 	Lstim: autoDraw = True
16.4955 	EXP 	Tstim: text = 'T'
16.4955 	EXP 	Tstim_2: text = 'T'
16.4955 	EXP 	Tstim_3: text = 'T'
16.4955 	EXP 	Tstim_4: text = 'T'
16.4955 	EXP 	Tstim_5: text = 'T'
16.4955 	EXP 	Tstim_6: text = 'T'
16.4955 	EXP 	Tstim_7: text = 'T'
16.4955 	EXP 	Tstim_8: text = 'T'
16.4955 	EXP 	Tstim_9: text = 'T'
16.4955 	EXP 	Tstim_10: text = 'T'
16.4955 	EXP 	Tstim_11: text = 'T'
16.4955 	EXP 	Tstim_12: text = 'T'
16.4955 	EXP 	Tstim_13: text = 'T'
16.4955 	EXP 	Tstim_14: text = 'T'
16.4955 	EXP 	Tstim_15: text = 'T'
16.4955 	EXP 	Tstim_16: text = 'T'
16.4955 	EXP 	Tstim_17: text = 'T'
16.4955 	EXP 	Tstim_18: text = 'T'
16.4955 	EXP 	Tstim_19: text = 'T'
16.4955 	EXP 	Tstim_20: text = 'T'
16.4955 	EXP 	Lstim: text = 'L'
16.5270 	DATA 	Mouse:  Left button up, pos=(1274,730)
18.5367 	DATA 	Mouse: Left button down, pos=(1131,138)
18.5541 	EXP 	New trial (rep=2, index=0): None
18.5942 	EXP 	Tstim: autoDraw = False
18.5942 	EXP 	Tstim_2: autoDraw = False
18.5942 	EXP 	Tstim_3: autoDraw = False
18.5942 	EXP 	Tstim_4: autoDraw = False
18.5942 	EXP 	Tstim_5: autoDraw = False
18.5942 	EXP 	Tstim_6: autoDraw = False
18.5942 	EXP 	Tstim_7: autoDraw = False
18.5942 	EXP 	Tstim_8: autoDraw = False
18.5942 	EXP 	Tstim_9: autoDraw = False
18.5942 	EXP 	Tstim_10: autoDraw = False
18.5942 	EXP 	Tstim_11: autoDraw = False
18.5942 	EXP 	Tstim_12: autoDraw = False
18.5942 	EXP 	Tstim_13: autoDraw = False
18.5942 	EXP 	Tstim_14: autoDraw = False
18.5942 	EXP 	Tstim_15: autoDraw = False
18.5942 	EXP 	Tstim_16: autoDraw = False
18.5942 	EXP 	Tstim_17: autoDraw = False
18.5942 	EXP 	Tstim_18: autoDraw = False
18.5942 	EXP 	Tstim_19: autoDraw = False
18.5942 	EXP 	Tstim_20: autoDraw = False
18.5942 	EXP 	Lstim: autoDraw = False
18.5942 	EXP 	Tstim: pos = array([-0.36, -0.2 ])
18.5942 	EXP 	Tstim: height = 0.1
18.5942 	EXP 	Tstim_2: height = 0.1
18.5942 	EXP 	Tstim_3: pos = array([-0.12,  0.  ])
18.5942 	EXP 	Tstim_3: height = 0.1
18.5942 	EXP 	Tstim_4: pos = array([0.36, 0.24])
18.5942 	EXP 	Tstim_4: height = 0.1
18.5942 	EXP 	Tstim_5: pos = array([ 0.16, -0.36])
18.5942 	EXP 	Tstim_5: height = 0.1
18.5942 	EXP 	Tstim_6: pos = array([-0.32,  0.12])
18.5942 	EXP 	Tstim_6: height = 0.1
18.5942 	EXP 	Tstim_7: pos = array([0.12, 0.08])
18.5942 	EXP 	Tstim_7: height = 0.1
18.5942 	EXP 	Tstim_8: pos = array([-0.08,  0.16])
18.5942 	EXP 	Tstim_8: height = 0.1
18.5942 	EXP 	Tstim_9: pos = array([ 0.28, -0.4 ])
18.5942 	EXP 	Tstim_9: height = 0.1
18.5942 	EXP 	Tstim_10: pos = array([ 0.2 , -0.12])
18.5942 	EXP 	Tstim_10: height = 0.1
18.5942 	EXP 	Tstim_11: pos = array([ 0.24, -0.24])
18.5942 	EXP 	Tstim_11: height = 0.1
18.5942 	EXP 	Tstim_12: pos = array([0.32, 0.32])
18.5942 	EXP 	Tstim_12: height = 0.1
18.5942 	EXP 	Tstim_13: pos = array([0.4, 0.2])
18.5942 	EXP 	Tstim_13: height = 0.1
18.5942 	EXP 	Tstim_14: pos = array([-0.4 ,  0.36])
18.5942 	EXP 	Tstim_14: height = 0.1
18.5942 	EXP 	Tstim_15: pos = array([ 0.  , -0.04])
18.5942 	EXP 	Tstim_15: height = 0.1
18.5942 	EXP 	Tstim_16: pos = array([ 0.08, -0.28])
18.5942 	EXP 	Tstim_16: height = 0.1
18.5942 	EXP 	Tstim_17: pos = array([-0.28,  0.28])
18.5942 	EXP 	Tstim_17: height = 0.1
18.5942 	EXP 	Tstim_18: pos = array([-0.24, -0.32])
18.5942 	EXP 	Tstim_18: height = 0.1
18.5942 	EXP 	Tstim_19: pos = array([-0.2 , -0.08])
18.5942 	EXP 	Tstim_19: height = 0.1
18.5942 	EXP 	Tstim_20: pos = array([-0.16,  0.4 ])
18.5942 	EXP 	Tstim_20: height = 0.1
18.5942 	EXP 	Lstim: pos = array([ 0.04, -0.16])
18.5942 	EXP 	Lstim: height = 0.1
18.5942 	EXP 	Tstim: autoDraw = True
18.5942 	EXP 	Tstim_2: autoDraw = True
18.5942 	EXP 	Tstim_3: autoDraw = True
18.5942 	EXP 	Tstim_4: autoDraw = True
18.5942 	EXP 	Tstim_5: autoDraw = True
18.5942 	EXP 	Tstim_6: autoDraw = True
18.5942 	EXP 	Tstim_7: autoDraw = True
18.5942 	EXP 	Tstim_8: autoDraw = True
18.5942 	EXP 	Tstim_9: autoDraw = True
18.5942 	EXP 	Tstim_10: autoDraw = True
18.5942 	EXP 	Tstim_11: autoDraw = True
18.5942 	EXP 	Tstim_12: autoDraw = True
18.5942 	EXP 	Tstim_13: autoDraw = True
18.5942 	EXP 	Tstim_14: autoDraw = True
18.5942 	EXP 	Tstim_15: autoDraw = True
18.5942 	EXP 	Tstim_16: autoDraw = True
18.5942 	EXP 	Tstim_17: autoDraw = True
18.5942 	EXP 	Tstim_18: autoDraw = True
18.5942 	EXP 	Tstim_19: autoDraw = True
18.5942 	EXP 	Tstim_20: autoDraw = True
18.5942 	EXP 	Lstim: autoDraw = True
18.5942 	EXP 	Tstim: text = 'T'
18.5942 	EXP 	Tstim_2: text = 'T'
18.5942 	EXP 	Tstim_3: text = 'T'
18.5942 	EXP 	Tstim_4: text = 'T'
18.5942 	EXP 	Tstim_5: text = 'T'
18.5942 	EXP 	Tstim_6: text = 'T'
18.5942 	EXP 	Tstim_7: text = 'T'
18.5942 	EXP 	Tstim_8: text = 'T'
18.5942 	EXP 	Tstim_9: text = 'T'
18.5942 	EXP 	Tstim_10: text = 'T'
18.5942 	EXP 	Tstim_11: text = 'T'
18.5942 	EXP 	Tstim_12: text = 'T'
18.5942 	EXP 	Tstim_13: text = 'T'
18.5942 	EXP 	Tstim_14: text = 'T'
18.5942 	EXP 	Tstim_15: text = 'T'
18.5942 	EXP 	Tstim_16: text = 'T'
18.5942 	EXP 	Tstim_17: text = 'T'
18.5942 	EXP 	Tstim_18: text = 'T'
18.5942 	EXP 	Tstim_19: text = 'T'
18.5942 	EXP 	Tstim_20: text = 'T'
18.5942 	EXP 	Lstim: text = 'L'
18.6422 	DATA 	Mouse:  Left button up, pos=(1131,138)
22.1288 	DATA 	Mouse: Left button down, pos=(987,409)
22.1444 	EXP 	New trial (rep=3, index=0): None
22.2227 	EXP 	Tstim: autoDraw = False
22.2227 	EXP 	Tstim_2: autoDraw = False
22.2227 	EXP 	Tstim_3: autoDraw = False
22.2227 	EXP 	Tstim_4: autoDraw = False
22.2227 	EXP 	Tstim_5: autoDraw = False
22.2227 	EXP 	Tstim_6: autoDraw = False
22.2227 	EXP 	Tstim_7: autoDraw = False
22.2227 	EXP 	Tstim_8: autoDraw = False
22.2227 	EXP 	Tstim_9: autoDraw = False
22.2227 	EXP 	Tstim_10: autoDraw = False
22.2227 	EXP 	Tstim_11: autoDraw = False
22.2227 	EXP 	Tstim_12: autoDraw = False
22.2227 	EXP 	Tstim_13: autoDraw = False
22.2227 	EXP 	Tstim_14: autoDraw = False
22.2227 	EXP 	Tstim_15: autoDraw = False
22.2227 	EXP 	Tstim_16: autoDraw = False
22.2227 	EXP 	Tstim_17: autoDraw = False
22.2227 	EXP 	Tstim_18: autoDraw = False
22.2227 	EXP 	Tstim_19: autoDraw = False
22.2227 	EXP 	Tstim_20: autoDraw = False
22.2227 	EXP 	Lstim: autoDraw = False
22.2227 	EXP 	Tstim: pos = array([0.12, 0.04])
22.2227 	EXP 	Tstim: height = 0.1
22.2227 	EXP 	Tstim_2: height = 0.1
22.2227 	EXP 	Tstim_3: pos = array([-0.36, -0.16])
22.2227 	EXP 	Tstim_3: height = 0.1
22.2227 	EXP 	Tstim_4: pos = array([-0.16,  0.2 ])
22.2227 	EXP 	Tstim_4: height = 0.1
22.2227 	EXP 	Tstim_5: pos = array([-0.32,  0.24])
22.2227 	EXP 	Tstim_5: height = 0.1
22.2227 	EXP 	Tstim_6: pos = array([-0.4 , -0.24])
22.2227 	EXP 	Tstim_6: height = 0.1
22.2227 	EXP 	Tstim_7: pos = array([0.2 , 0.28])
22.2227 	EXP 	Tstim_7: height = 0.1
22.2227 	EXP 	Tstim_8: pos = array([ 0.16, -0.12])
22.2227 	EXP 	Tstim_8: height = 0.1
22.2227 	EXP 	Tstim_9: pos = array([-0.08,  0.12])
22.2227 	EXP 	Tstim_9: height = 0.1
22.2227 	EXP 	Tstim_10: pos = array([-0.28, -0.28])
22.2227 	EXP 	Tstim_10: height = 0.1
22.2227 	EXP 	Tstim_11: pos = array([0.4 , 0.16])
22.2227 	EXP 	Tstim_11: height = 0.1
22.2227 	EXP 	Tstim_12: pos = array([ 0.08, -0.08])
22.2227 	EXP 	Tstim_12: height = 0.1
22.2227 	EXP 	Tstim_13: pos = array([ 0.24, -0.36])
22.2227 	EXP 	Tstim_13: height = 0.1
22.2227 	EXP 	Tstim_14: pos = array([-0.04,  0.32])
22.2227 	EXP 	Tstim_14: height = 0.1
22.2227 	EXP 	Tstim_15: pos = array([-0.12, -0.32])
22.2227 	EXP 	Tstim_15: height = 0.1
22.2227 	EXP 	Tstim_16: pos = array([ 0.04, -0.2 ])
22.2227 	EXP 	Tstim_16: height = 0.1
22.2227 	EXP 	Tstim_17: pos = array([-0.24,  0.  ])
22.2227 	EXP 	Tstim_17: height = 0.1
22.2227 	EXP 	Tstim_18: pos = array([0.32, 0.4 ])
22.2227 	EXP 	Tstim_18: height = 0.1
22.2227 	EXP 	Tstim_19: pos = array([ 0.28, -0.04])
22.2227 	EXP 	Tstim_19: height = 0.1
22.2227 	EXP 	Tstim_20: pos = array([0.36, 0.08])
22.2227 	EXP 	Tstim_20: height = 0.1
22.2227 	EXP 	Lstim: pos = array([-0.2 ,  0.36])
22.2227 	EXP 	Lstim: height = 0.1
22.2227 	EXP 	Tstim: autoDraw = True
22.2227 	EXP 	Tstim_2: autoDraw = True
22.2227 	EXP 	Tstim_3: autoDraw = True
22.2227 	EXP 	Tstim_4: autoDraw = True
22.2227 	EXP 	Tstim_5: autoDraw = True
22.2227 	EXP 	Tstim_6: autoDraw = True
22.2227 	EXP 	Tstim_7: autoDraw = True
22.2227 	EXP 	Tstim_8: autoDraw = True
22.2227 	EXP 	Tstim_9: autoDraw = True
22.2227 	EXP 	Tstim_10: autoDraw = True
22.2227 	EXP 	Tstim_11: autoDraw = True
22.2227 	EXP 	Tstim_12: autoDraw = True
22.2227 	EXP 	Tstim_13: autoDraw = True
22.2227 	EXP 	Tstim_14: autoDraw = True
22.2227 	EXP 	Tstim_15: autoDraw = True
22.2227 	EXP 	Tstim_16: autoDraw = True
22.2227 	EXP 	Tstim_17: autoDraw = True
22.2227 	EXP 	Tstim_18: autoDraw = True
22.2227 	EXP 	Tstim_19: autoDraw = True
22.2227 	EXP 	Tstim_20: autoDraw = True
22.2227 	EXP 	Lstim: autoDraw = True
22.2227 	EXP 	Tstim: text = 'T'
22.2227 	EXP 	Tstim_2: text = 'T'
22.2227 	EXP 	Tstim_3: text = 'T'
22.2227 	EXP 	Tstim_4: text = 'T'
22.2227 	EXP 	Tstim_5: text = 'T'
22.2227 	EXP 	Tstim_6: text = 'T'
22.2227 	EXP 	Tstim_7: text = 'T'
22.2227 	EXP 	Tstim_8: text = 'T'
22.2227 	EXP 	Tstim_9: text = 'T'
22.2227 	EXP 	Tstim_10: text = 'T'
22.2227 	EXP 	Tstim_11: text = 'T'
22.2227 	EXP 	Tstim_12: text = 'T'
22.2227 	EXP 	Tstim_13: text = 'T'
22.2227 	EXP 	Tstim_14: text = 'T'
22.2227 	EXP 	Tstim_15: text = 'T'
22.2227 	EXP 	Tstim_16: text = 'T'
22.2227 	EXP 	Tstim_17: text = 'T'
22.2227 	EXP 	Tstim_18: text = 'T'
22.2227 	EXP 	Tstim_19: text = 'T'
22.2227 	EXP 	Tstim_20: text = 'T'
22.2227 	EXP 	Lstim: text = 'L'
22.2458 	DATA 	Mouse:  Left button up, pos=(987,409)
24.1299 	DATA 	Mouse: Left button down, pos=(712,990)
24.1462 	EXP 	New trial (rep=4, index=0): None
24.2115 	EXP 	Tstim: autoDraw = False
24.2115 	EXP 	Tstim_2: autoDraw = False
24.2115 	EXP 	Tstim_3: autoDraw = False
24.2115 	EXP 	Tstim_4: autoDraw = False
24.2115 	EXP 	Tstim_5: autoDraw = False
24.2115 	EXP 	Tstim_6: autoDraw = False
24.2115 	EXP 	Tstim_7: autoDraw = False
24.2115 	EXP 	Tstim_8: autoDraw = False
24.2115 	EXP 	Tstim_9: autoDraw = False
24.2115 	EXP 	Tstim_10: autoDraw = False
24.2115 	EXP 	Tstim_11: autoDraw = False
24.2115 	EXP 	Tstim_12: autoDraw = False
24.2115 	EXP 	Tstim_13: autoDraw = False
24.2115 	EXP 	Tstim_14: autoDraw = False
24.2115 	EXP 	Tstim_15: autoDraw = False
24.2115 	EXP 	Tstim_16: autoDraw = False
24.2115 	EXP 	Tstim_17: autoDraw = False
24.2115 	EXP 	Tstim_18: autoDraw = False
24.2115 	EXP 	Tstim_19: autoDraw = False
24.2115 	EXP 	Tstim_20: autoDraw = False
24.2115 	EXP 	Lstim: autoDraw = False
24.2115 	EXP 	Tstim: pos = array([ 0. , -0.4])
24.2115 	EXP 	Tstim: height = 0.1
24.2115 	EXP 	Tstim_2: height = 0.1
24.2115 	EXP 	Tstim_3: pos = array([-0.24,  0.24])
24.2115 	EXP 	Tstim_3: height = 0.1
24.2115 	EXP 	Tstim_4: pos = array([ 0.2 , -0.08])
24.2115 	EXP 	Tstim_4: height = 0.1
24.2115 	EXP 	Tstim_5: pos = array([-0.4,  0. ])
24.2115 	EXP 	Tstim_5: height = 0.1
24.2115 	EXP 	Tstim_6: pos = array([ 0.12, -0.32])
24.2115 	EXP 	Tstim_6: height = 0.1
24.2115 	EXP 	Tstim_7: pos = array([ 0.16, -0.16])
24.2115 	EXP 	Tstim_7: height = 0.1
24.2115 	EXP 	Tstim_8: pos = array([0.4 , 0.12])
24.2115 	EXP 	Tstim_8: height = 0.1
24.2115 	EXP 	Tstim_9: pos = array([-0.12, -0.12])
24.2115 	EXP 	Tstim_9: height = 0.1
24.2115 	EXP 	Tstim_10: pos = array([-0.2 ,  0.32])
24.2115 	EXP 	Tstim_10: height = 0.1
24.2115 	EXP 	Tstim_11: pos = array([0.08, 0.08])
24.2115 	EXP 	Tstim_11: height = 0.1
24.2115 	EXP 	Tstim_12: pos = array([-0.36,  0.04])
24.2115 	EXP 	Tstim_12: height = 0.1
24.2115 	EXP 	Tstim_13: pos = array([-0.28,  0.36])
24.2115 	EXP 	Tstim_13: height = 0.1
24.2115 	EXP 	Tstim_14: pos = array([0.28, 0.28])
24.2115 	EXP 	Tstim_14: height = 0.1
24.2115 	EXP 	Tstim_15: pos = array([0.36, 0.4 ])
24.2115 	EXP 	Tstim_15: height = 0.1
24.2115 	EXP 	Tstim_16: pos = array([-0.04, -0.04])
24.2115 	EXP 	Tstim_16: height = 0.1
24.2115 	EXP 	Tstim_17: pos = array([0.32, 0.16])
24.2115 	EXP 	Tstim_17: height = 0.1
24.2115 	EXP 	Tstim_18: pos = array([-0.16, -0.2 ])
24.2115 	EXP 	Tstim_18: height = 0.1
24.2115 	EXP 	Tstim_19: pos = array([ 0.04, -0.24])
24.2115 	EXP 	Tstim_19: height = 0.1
24.2115 	EXP 	Tstim_20: pos = array([-0.32, -0.36])
24.2115 	EXP 	Tstim_20: height = 0.1
24.2115 	EXP 	Lstim: pos = array([-0.08, -0.28])
24.2115 	EXP 	Lstim: height = 0.1
24.2115 	EXP 	Tstim: autoDraw = True
24.2115 	EXP 	Tstim_2: autoDraw = True
24.2115 	EXP 	Tstim_3: autoDraw = True
24.2115 	EXP 	Tstim_4: autoDraw = True
24.2115 	EXP 	Tstim_5: autoDraw = True
24.2115 	EXP 	Tstim_6: autoDraw = True
24.2115 	EXP 	Tstim_7: autoDraw = True
24.2115 	EXP 	Tstim_8: autoDraw = True
24.2115 	EXP 	Tstim_9: autoDraw = True
24.2115 	EXP 	Tstim_10: autoDraw = True
24.2115 	EXP 	Tstim_11: autoDraw = True
24.2115 	EXP 	Tstim_12: autoDraw = True
24.2115 	EXP 	Tstim_13: autoDraw = True
24.2115 	EXP 	Tstim_14: autoDraw = True
24.2115 	EXP 	Tstim_15: autoDraw = True
24.2115 	EXP 	Tstim_16: autoDraw = True
24.2115 	EXP 	Tstim_17: autoDraw = True
24.2115 	EXP 	Tstim_18: autoDraw = True
24.2115 	EXP 	Tstim_19: autoDraw = True
24.2115 	EXP 	Tstim_20: autoDraw = True
24.2115 	EXP 	Lstim: autoDraw = True
24.2115 	EXP 	Tstim: text = 'T'
24.2115 	EXP 	Tstim_2: text = 'T'
24.2115 	EXP 	Tstim_3: text = 'T'
24.2115 	EXP 	Tstim_4: text = 'T'
24.2115 	EXP 	Tstim_5: text = 'T'
24.2115 	EXP 	Tstim_6: text = 'T'
24.2115 	EXP 	Tstim_7: text = 'T'
24.2115 	EXP 	Tstim_8: text = 'T'
24.2115 	EXP 	Tstim_9: text = 'T'
24.2115 	EXP 	Tstim_10: text = 'T'
24.2115 	EXP 	Tstim_11: text = 'T'
24.2115 	EXP 	Tstim_12: text = 'T'
24.2115 	EXP 	Tstim_13: text = 'T'
24.2115 	EXP 	Tstim_14: text = 'T'
24.2115 	EXP 	Tstim_15: text = 'T'
24.2115 	EXP 	Tstim_16: text = 'T'
24.2115 	EXP 	Tstim_17: text = 'T'
24.2115 	EXP 	Tstim_18: text = 'T'
24.2115 	EXP 	Tstim_19: text = 'T'
24.2115 	EXP 	Tstim_20: text = 'T'
24.2115 	EXP 	Lstim: text = 'L'
24.2469 	DATA 	Mouse:  Left button up, pos=(712,990)
26.7002 	DATA 	Mouse: Left button down, pos=(847,246)
26.7170 	EXP 	Tstim: autoDraw = False
26.7170 	EXP 	Tstim_2: autoDraw = False
26.7170 	EXP 	Tstim_3: autoDraw = False
26.7170 	EXP 	Tstim_4: autoDraw = False
26.7170 	EXP 	Tstim_5: autoDraw = False
26.7170 	EXP 	Tstim_6: autoDraw = False
26.7170 	EXP 	Tstim_7: autoDraw = False
26.7170 	EXP 	Tstim_8: autoDraw = False
26.7170 	EXP 	Tstim_9: autoDraw = False
26.7170 	EXP 	Tstim_10: autoDraw = False
26.7170 	EXP 	Tstim_11: autoDraw = False
26.7170 	EXP 	Tstim_12: autoDraw = False
26.7170 	EXP 	Tstim_13: autoDraw = False
26.7170 	EXP 	Tstim_14: autoDraw = False
26.7170 	EXP 	Tstim_15: autoDraw = False
26.7170 	EXP 	Tstim_16: autoDraw = False
26.7170 	EXP 	Tstim_17: autoDraw = False
26.7170 	EXP 	Tstim_18: autoDraw = False
26.7170 	EXP 	Tstim_19: autoDraw = False
26.7170 	EXP 	Tstim_20: autoDraw = False
26.7170 	EXP 	Lstim: autoDraw = False
26.9636 	EXP 	window1: mouseVisible = True
