0.03900000000000037	EXP	Created Window = Window( name=Window, fullscr=true, color=#808080, units=height, waitBlanking=true, autoLog=true, size=[1792,1032] )
4.308	DATA	Keydown: 0
4.468	DATA	Keydown: 0
4.561	DATA	Keydown: 0
4.678	DATA	Keydown: 0
4.8389999999999995	DATA	Keydown: 0
4.9559999999999995	DATA	Keydown: 0
5.086	DATA	Keydown: 0
5.227	DATA	Keydown: 0
5.344	DATA	Keydown: 0
5.462	DATA	Keydown: 0
5.6	DATA	Keydown: 0
8.261000000000001	EXP	Created instrTxt = TextStim( name=instrTxt, win=Window( name=Window, fullscr=true, color=#808080, ~), autoDraw=null, autoLog=true, units=height, pos=[0,0], size=undefined, ori=null, opacity=1, depth=null, clipMask=null, boundingBox={"x":-0.44946572946947677,"y":-0.17151162790697674~, text=This is a demo of a classic visual search task 

C~, alignHoriz=center, alignVert=center, flipHoriz=null, flipVert=null, font=Arial, height=0.05, wrapWidth=1, bold=null, italic=null, color=#FFFFFF, contrast=1 )
8.287	EXP	Created Tstim = TextStim( name=Tstim, win=Window( name=Window, fullscr=true, color=#808080, ~), autoDraw=null, autoLog=true, units=height, pos=[0,0], size=undefined, ori=null, opacity=1, depth=-3, clipMask=null, boundingBox={"x":-0.305419921875,"y":-0.5542635658914729,"widt~, text=T, alignHoriz=center, alignVert=center, flipHoriz=null, flipVert=null, font=Arial, height=1, wrapWidth=1, bold=null, italic=null, color=#000000, contrast=1 )
8.288	EXP	Created Tstim_2 = TextStim( name=Tstim_2, win=Window( name=Window, fullscr=true, color=#808080, ~), autoDraw=null, autoLog=true, units=height, pos=[0,0], size=undefined, ori=null, opacity=1, depth=null, clipMask=null, boundingBox={"x":-0.305419921875,"y":-0.5542635658914729,"widt~, text=T, alignHoriz=center, alignVert=center, flipHoriz=null, flipVert=null, font=Arial, height=1, wrapWidth=1, bold=null, italic=null, color=#000000, contrast=1 )
8.289000000000001	EXP	Created Tstim_3 = TextStim( name=Tstim_3, win=Window( name=Window, fullscr=true, color=#808080, ~), autoDraw=null, autoLog=true, units=height, pos=[0,0], size=undefined, ori=null, opacity=1, depth=null, clipMask=null, boundingBox={"x":-0.305419921875,"y":-0.5542635658914729,"widt~, text=T, alignHoriz=center, alignVert=center, flipHoriz=null, flipVert=null, font=Arial, height=1, wrapWidth=1, bold=null, italic=null, color=#000000, contrast=1 )
8.289000000000001	EXP	Created Tstim_4 = TextStim( name=Tstim_4, win=Window( name=Window, fullscr=true, color=#808080, ~), autoDraw=null, autoLog=true, units=height, pos=[0,0], size=undefined, ori=null, opacity=1, depth=null, clipMask=null, boundingBox={"x":-0.305419921875,"y":-0.5542635658914729,"widt~, text=T, alignHoriz=center, alignVert=center, flipHoriz=null, flipVert=null, font=Arial, height=1, wrapWidth=1, bold=null, italic=null, color=#000000, contrast=1 )
8.290000000000001	EXP	Created Tstim_5 = TextStim( name=Tstim_5, win=Window( name=Window, fullscr=true, color=#808080, ~), autoDraw=null, autoLog=true, units=height, pos=[0,0], size=undefined, ori=null, opacity=1, depth=null, clipMask=null, boundingBox={"x":-0.305419921875,"y":-0.5542635658914729,"widt~, text=T, alignHoriz=center, alignVert=center, flipHoriz=null, flipVert=null, font=Arial, height=1, wrapWidth=1, bold=null, italic=null, color=#000000, contrast=1 )
8.290000000000001	EXP	Created Tstim_6 = TextStim( name=Tstim_6, win=Window( name=Window, fullscr=true, color=#808080, ~), autoDraw=null, autoLog=true, units=height, pos=[0,0], size=undefined, ori=null, opacity=1, depth=null, clipMask=null, boundingBox={"x":-0.305419921875,"y":-0.5542635658914729,"widt~, text=T, alignHoriz=center, alignVert=center, flipHoriz=null, flipVert=null, font=Arial, height=1, wrapWidth=1, bold=null, italic=null, color=#000000, contrast=1 )
8.291	EXP	Created Tstim_7 = TextStim( name=Tstim_7, win=Window( name=Window, fullscr=true, color=#808080, ~), autoDraw=null, autoLog=true, units=height, pos=[0,0], size=undefined, ori=null, opacity=1, depth=null, clipMask=null, boundingBox={"x":-0.305419921875,"y":-0.5542635658914729,"widt~, text=T, alignHoriz=center, alignVert=center, flipHoriz=null, flipVert=null, font=Arial, height=1, wrapWidth=1, bold=null, italic=null, color=#000000, contrast=1 )
8.291	EXP	Created Tstim_8 = TextStim( name=Tstim_8, win=Window( name=Window, fullscr=true, color=#808080, ~), autoDraw=null, autoLog=true, units=height, pos=[0,0], size=undefined, ori=null, opacity=1, depth=null, clipMask=null, boundingBox={"x":-0.305419921875,"y":-0.5542635658914729,"widt~, text=T, alignHoriz=center, alignVert=center, flipHoriz=null, flipVert=null, font=Arial, height=1, wrapWidth=1, bold=null, italic=null, color=#000000, contrast=1 )
8.292	EXP	Created Tstim_9 = TextStim( name=Tstim_9, win=Window( name=Window, fullscr=true, color=#808080, ~), autoDraw=null, autoLog=true, units=height, pos=[0,0], size=undefined, ori=null, opacity=1, depth=null, clipMask=null, boundingBox={"x":-0.305419921875,"y":-0.5542635658914729,"widt~, text=T, alignHoriz=center, alignVert=center, flipHoriz=null, flipVert=null, font=Arial, height=1, wrapWidth=1, bold=null, italic=null, color=#000000, contrast=1 )
8.292	EXP	Created Tstim_10 = TextStim( name=Tstim_10, win=Window( name=Window, fullscr=true, color=#808080, ~), autoDraw=null, autoLog=true, units=height, pos=[0,0], size=undefined, ori=null, opacity=1, depth=null, clipMask=null, boundingBox={"x":-0.305419921875,"y":-0.5542635658914729,"widt~, text=T, alignHoriz=center, alignVert=center, flipHoriz=null, flipVert=null, font=Arial, height=1, wrapWidth=1, bold=null, italic=null, color=#000000, contrast=1 )
8.293000000000001	EXP	Created Tstim_11 = TextStim( name=Tstim_11, win=Window( name=Window, fullscr=true, color=#808080, ~), autoDraw=null, autoLog=true, units=height, pos=[0,0], size=undefined, ori=null, opacity=1, depth=null, clipMask=null, boundingBox={"x":-0.305419921875,"y":-0.5542635658914729,"widt~, text=T, alignHoriz=center, alignVert=center, flipHoriz=null, flipVert=null, font=Arial, height=1, wrapWidth=1, bold=null, italic=null, color=#000000, contrast=1 )
8.293000000000001	EXP	Created Tstim_12 = TextStim( name=Tstim_12, win=Window( name=Window, fullscr=true, color=#808080, ~), autoDraw=null, autoLog=true, units=height, pos=[0,0], size=undefined, ori=null, opacity=1, depth=null, clipMask=null, boundingBox={"x":-0.305419921875,"y":-0.5542635658914729,"widt~, text=T, alignHoriz=center, alignVert=center, flipHoriz=null, flipVert=null, font=Arial, height=1, wrapWidth=1, bold=null, italic=null, color=#000000, contrast=1 )
8.294	EXP	Created Tstim_13 = TextStim( name=Tstim_13, win=Window( name=Window, fullscr=true, color=#808080, ~), autoDraw=null, autoLog=true, units=height, pos=[0,0], size=undefined, ori=null, opacity=1, depth=null, clipMask=null, boundingBox={"x":-0.305419921875,"y":-0.5542635658914729,"widt~, text=T, alignHoriz=center, alignVert=center, flipHoriz=null, flipVert=null, font=Arial, height=1, wrapWidth=1, bold=null, italic=null, color=#000000, contrast=1 )
8.294	EXP	Created Tstim_14 = TextStim( name=Tstim_14, win=Window( name=Window, fullscr=true, color=#808080, ~), autoDraw=null, autoLog=true, units=height, pos=[0,0], size=undefined, ori=null, opacity=1, depth=null, clipMask=null, boundingBox={"x":-0.305419921875,"y":-0.5542635658914729,"widt~, text=T, alignHoriz=center, alignVert=center, flipHoriz=null, flipVert=null, font=Arial, height=1, wrapWidth=1, bold=null, italic=null, color=#000000, contrast=1 )
8.295000000000002	EXP	Created Tstim_15 = TextStim( name=Tstim_15, win=Window( name=Window, fullscr=true, color=#808080, ~), autoDraw=null, autoLog=true, units=height, pos=[0,0], size=undefined, ori=null, opacity=1, depth=null, clipMask=null, boundingBox={"x":-0.305419921875,"y":-0.5542635658914729,"widt~, text=T, alignHoriz=center, alignVert=center, flipHoriz=null, flipVert=null, font=Arial, height=1, wrapWidth=1, bold=null, italic=null, color=#000000, contrast=1 )
8.295000000000002	EXP	Created Tstim_16 = TextStim( name=Tstim_16, win=Window( name=Window, fullscr=true, color=#808080, ~), autoDraw=null, autoLog=true, units=height, pos=[0,0], size=undefined, ori=null, opacity=1, depth=null, clipMask=null, boundingBox={"x":-0.305419921875,"y":-0.5542635658914729,"widt~, text=T, alignHoriz=center, alignVert=center, flipHoriz=null, flipVert=null, font=Arial, height=1, wrapWidth=1, bold=null, italic=null, color=#000000, contrast=1 )
8.296000000000001	EXP	Created Tstim_17 = TextStim( name=Tstim_17, win=Window( name=Window, fullscr=true, color=#808080, ~), autoDraw=null, autoLog=true, units=height, pos=[0,0], size=undefined, ori=null, opacity=1, depth=null, clipMask=null, boundingBox={"x":-0.305419921875,"y":-0.5542635658914729,"widt~, text=T, alignHoriz=center, alignVert=center, flipHoriz=null, flipVert=null, font=Arial, height=1, wrapWidth=1, bold=null, italic=null, color=#000000, contrast=1 )
8.296000000000001	EXP	Created Tstim_18 = TextStim( name=Tstim_18, win=Window( name=Window, fullscr=true, color=#808080, ~), autoDraw=null, autoLog=true, units=height, pos=[0,0], size=undefined, ori=null, opacity=1, depth=null, clipMask=null, boundingBox={"x":-0.305419921875,"y":-0.5542635658914729,"widt~, text=T, alignHoriz=center, alignVert=center, flipHoriz=null, flipVert=null, font=Arial, height=1, wrapWidth=1, bold=null, italic=null, color=#000000, contrast=1 )
8.296000000000001	EXP	Created Tstim_19 = TextStim( name=Tstim_19, win=Window( name=Window, fullscr=true, color=#808080, ~), autoDraw=null, autoLog=true, units=height, pos=[0,0], size=undefined, ori=null, opacity=1, depth=null, clipMask=null, boundingBox={"x":-0.305419921875,"y":-0.5542635658914729,"widt~, text=T, alignHoriz=center, alignVert=center, flipHoriz=null, flipVert=null, font=Arial, height=1, wrapWidth=1, bold=null, italic=null, color=#000000, contrast=1 )
8.297	EXP	Created Tstim_20 = TextStim( name=Tstim_20, win=Window( name=Window, fullscr=true, color=#808080, ~), autoDraw=null, autoLog=true, units=height, pos=[0,0], size=undefined, ori=null, opacity=1, depth=null, clipMask=null, boundingBox={"x":-0.305419921875,"y":-0.5542635658914729,"widt~, text=T, alignHoriz=center, alignVert=center, flipHoriz=null, flipVert=null, font=Arial, height=1, wrapWidth=1, bold=null, italic=null, color=#000000, contrast=1 )
8.297	EXP	Created Lstim = TextStim( name=Lstim, win=Window( name=Window, fullscr=true, color=#808080, ~), autoDraw=null, autoLog=true, units=height, pos=[0,0], size=undefined, ori=null, opacity=1, depth=null, clipMask=null, boundingBox={"x":-0.278076171875,"y":-0.5542635658914729,"widt~, text=L, alignHoriz=center, alignVert=center, flipHoriz=null, flipVert=null, font=Arial, height=1, wrapWidth=1, bold=null, italic=null, color=#000000, contrast=1 )
8.298	EXP	Created text = TextStim( name=text, win=Window( name=Window, fullscr=true, color=#808080, ~), autoDraw=null, autoLog=true, units=height, pos=[0,0], size=undefined, ori=null, opacity=1, depth=-1, clipMask=null, boundingBox={"x":-0.12325032552083333,"y":-0.02858527131782945~, text=default text, alignHoriz=center, alignVert=center, flipHoriz=null, flipVert=null, font=Arial, height=0.05, wrapWidth=1, bold=null, italic=null, color=#FFFFFF, contrast=1 )
8.298	EXP	Created endMsg = TextStim( name=endMsg, win=Window( name=Window, fullscr=true, color=#808080, ~), autoDraw=null, autoLog=true, units=height, pos=[0,0], size=undefined, ori=null, opacity=1, depth=null, clipMask=null, boundingBox={"x":-0.25065861191860467,"y":-0.08575581395348837~, text=The end! 

Thanks for taking part!, alignHoriz=center, alignVert=center, flipHoriz=null, flipVert=null, font=Arial, height=0.05, wrapWidth=1, bold=null, italic=null, color=#FFFFFF, contrast=1 )
8.351	EXP	instrTxt: units = height
8.351	EXP	instrTxt: pos = [0,0]
8.351	EXP	instrTxt: size = undefined
8.351	EXP	instrTxt: ori = null
8.351	EXP	instrTxt: opacity = 1
8.351	EXP	instrTxt: depth = null
8.351	EXP	instrTxt: clipMask = null
8.351	EXP	instrTxt: boundingBox = {"x":0,"y":0,"width":0,"height":0,"type":1}
8.351	EXP	instrTxt: text = This is a demo of a classic visual search task 

Click on the letter L when you see it

Click anywhere to start
8.351	EXP	instrTxt: alignHoriz = center
8.351	EXP	instrTxt: alignVert = center
8.351	EXP	instrTxt: flipHoriz = null
8.351	EXP	instrTxt: flipVert = null
8.351	EXP	instrTxt: font = Arial
8.351	EXP	instrTxt: height = 0.05
8.351	EXP	instrTxt: wrapWidth = 1
8.351	EXP	instrTxt: bold = null
8.351	EXP	instrTxt: italic = null
8.351	EXP	instrTxt: color = #FFFFFF
8.351	EXP	instrTxt: contrast = 1
8.351	EXP	Tstim: units = height
8.351	EXP	Tstim: pos = [0,0]
8.351	EXP	Tstim: size = undefined
8.351	EXP	Tstim: ori = null
8.351	EXP	Tstim: opacity = 1
8.351	EXP	Tstim: depth = -3
8.351	EXP	Tstim: clipMask = null
8.351	EXP	Tstim: boundingBox = {"x":0,"y":0,"width":0,"height":0,"type":1}
8.351	EXP	Tstim: text = T
8.351	EXP	Tstim: alignHoriz = center
8.351	EXP	Tstim: alignVert = center
8.351	EXP	Tstim: flipHoriz = null
8.351	EXP	Tstim: flipVert = null
8.351	EXP	Tstim: font = Arial
8.351	EXP	Tstim: height = 1
8.351	EXP	Tstim: wrapWidth = 1
8.351	EXP	Tstim: bold = null
8.351	EXP	Tstim: italic = null
8.351	EXP	Tstim: color = #000000
8.351	EXP	Tstim: contrast = 1
8.351	EXP	Tstim_2: units = height
8.351	EXP	Tstim_2: pos = [0,0]
8.351	EXP	Tstim_2: size = undefined
8.351	EXP	Tstim_2: ori = null
8.351	EXP	Tstim_2: opacity = 1
8.351	EXP	Tstim_2: depth = null
8.351	EXP	Tstim_2: clipMask = null
8.351	EXP	Tstim_2: boundingBox = {"x":0,"y":0,"width":0,"height":0,"type":1}
8.351	EXP	Tstim_2: text = T
8.351	EXP	Tstim_2: alignHoriz = center
8.351	EXP	Tstim_2: alignVert = center
8.351	EXP	Tstim_2: flipHoriz = null
8.351	EXP	Tstim_2: flipVert = null
8.351	EXP	Tstim_2: font = Arial
8.351	EXP	Tstim_2: height = 1
8.351	EXP	Tstim_2: wrapWidth = 1
8.351	EXP	Tstim_2: bold = null
8.351	EXP	Tstim_2: italic = null
8.351	EXP	Tstim_2: color = #000000
8.351	EXP	Tstim_2: contrast = 1
8.351	EXP	Tstim_3: units = height
8.351	EXP	Tstim_3: pos = [0,0]
8.351	EXP	Tstim_3: size = undefined
8.351	EXP	Tstim_3: ori = null
8.351	EXP	Tstim_3: opacity = 1
8.351	EXP	Tstim_3: depth = null
8.351	EXP	Tstim_3: clipMask = null
8.351	EXP	Tstim_3: boundingBox = {"x":0,"y":0,"width":0,"height":0,"type":1}
8.351	EXP	Tstim_3: text = T
8.351	EXP	Tstim_3: alignHoriz = center
8.351	EXP	Tstim_3: alignVert = center
8.351	EXP	Tstim_3: flipHoriz = null
8.351	EXP	Tstim_3: flipVert = null
8.351	EXP	Tstim_3: font = Arial
8.351	EXP	Tstim_3: height = 1
8.351	EXP	Tstim_3: wrapWidth = 1
8.351	EXP	Tstim_3: bold = null
8.351	EXP	Tstim_3: italic = null
8.351	EXP	Tstim_3: color = #000000
8.351	EXP	Tstim_3: contrast = 1
8.351	EXP	Tstim_4: units = height
8.351	EXP	Tstim_4: pos = [0,0]
8.351	EXP	Tstim_4: size = undefined
8.351	EXP	Tstim_4: ori = null
8.351	EXP	Tstim_4: opacity = 1
8.351	EXP	Tstim_4: depth = null
8.351	EXP	Tstim_4: clipMask = null
8.351	EXP	Tstim_4: boundingBox = {"x":0,"y":0,"width":0,"height":0,"type":1}
8.351	EXP	Tstim_4: text = T
8.351	EXP	Tstim_4: alignHoriz = center
8.351	EXP	Tstim_4: alignVert = center
8.351	EXP	Tstim_4: flipHoriz = null
8.351	EXP	Tstim_4: flipVert = null
8.351	EXP	Tstim_4: font = Arial
8.351	EXP	Tstim_4: height = 1
8.351	EXP	Tstim_4: wrapWidth = 1
8.351	EXP	Tstim_4: bold = null
8.351	EXP	Tstim_4: italic = null
8.351	EXP	Tstim_4: color = #000000
8.351	EXP	Tstim_4: contrast = 1
8.351	EXP	Tstim_5: units = height
8.351	EXP	Tstim_5: pos = [0,0]
8.351	EXP	Tstim_5: size = undefined
8.351	EXP	Tstim_5: ori = null
8.351	EXP	Tstim_5: opacity = 1
8.351	EXP	Tstim_5: depth = null
8.351	EXP	Tstim_5: clipMask = null
8.351	EXP	Tstim_5: boundingBox = {"x":0,"y":0,"width":0,"height":0,"type":1}
8.351	EXP	Tstim_5: text = T
8.351	EXP	Tstim_5: alignHoriz = center
8.351	EXP	Tstim_5: alignVert = center
8.351	EXP	Tstim_5: flipHoriz = null
8.351	EXP	Tstim_5: flipVert = null
8.351	EXP	Tstim_5: font = Arial
8.351	EXP	Tstim_5: height = 1
8.351	EXP	Tstim_5: wrapWidth = 1
8.351	EXP	Tstim_5: bold = null
8.351	EXP	Tstim_5: italic = null
8.351	EXP	Tstim_5: color = #000000
8.351	EXP	Tstim_5: contrast = 1
8.351	EXP	Tstim_6: units = height
8.351	EXP	Tstim_6: pos = [0,0]
8.351	EXP	Tstim_6: size = undefined
8.351	EXP	Tstim_6: ori = null
8.351	EXP	Tstim_6: opacity = 1
8.351	EXP	Tstim_6: depth = null
8.351	EXP	Tstim_6: clipMask = null
8.351	EXP	Tstim_6: boundingBox = {"x":0,"y":0,"width":0,"height":0,"type":1}
8.351	EXP	Tstim_6: text = T
8.351	EXP	Tstim_6: alignHoriz = center
8.351	EXP	Tstim_6: alignVert = center
8.351	EXP	Tstim_6: flipHoriz = null
8.351	EXP	Tstim_6: flipVert = null
8.351	EXP	Tstim_6: font = Arial
8.351	EXP	Tstim_6: height = 1
8.351	EXP	Tstim_6: wrapWidth = 1
8.351	EXP	Tstim_6: bold = null
8.351	EXP	Tstim_6: italic = null
8.351	EXP	Tstim_6: color = #000000
8.351	EXP	Tstim_6: contrast = 1
8.351	EXP	Tstim_7: units = height
8.351	EXP	Tstim_7: pos = [0,0]
8.351	EXP	Tstim_7: size = undefined
8.351	EXP	Tstim_7: ori = null
8.351	EXP	Tstim_7: opacity = 1
8.351	EXP	Tstim_7: depth = null
8.351	EXP	Tstim_7: clipMask = null
8.351	EXP	Tstim_7: boundingBox = {"x":0,"y":0,"width":0,"height":0,"type":1}
8.351	EXP	Tstim_7: text = T
8.351	EXP	Tstim_7: alignHoriz = center
8.351	EXP	Tstim_7: alignVert = center
8.351	EXP	Tstim_7: flipHoriz = null
8.351	EXP	Tstim_7: flipVert = null
8.351	EXP	Tstim_7: font = Arial
8.351	EXP	Tstim_7: height = 1
8.351	EXP	Tstim_7: wrapWidth = 1
8.351	EXP	Tstim_7: bold = null
8.351	EXP	Tstim_7: italic = null
8.351	EXP	Tstim_7: color = #000000
8.351	EXP	Tstim_7: contrast = 1
8.351	EXP	Tstim_8: units = height
8.351	EXP	Tstim_8: pos = [0,0]
8.351	EXP	Tstim_8: size = undefined
8.351	EXP	Tstim_8: ori = null
8.351	EXP	Tstim_8: opacity = 1
8.351	EXP	Tstim_8: depth = null
8.351	EXP	Tstim_8: clipMask = null
8.351	EXP	Tstim_8: boundingBox = {"x":0,"y":0,"width":0,"height":0,"type":1}
8.351	EXP	Tstim_8: text = T
8.351	EXP	Tstim_8: alignHoriz = center
8.351	EXP	Tstim_8: alignVert = center
8.351	EXP	Tstim_8: flipHoriz = null
8.351	EXP	Tstim_8: flipVert = null
8.351	EXP	Tstim_8: font = Arial
8.351	EXP	Tstim_8: height = 1
8.351	EXP	Tstim_8: wrapWidth = 1
8.351	EXP	Tstim_8: bold = null
8.351	EXP	Tstim_8: italic = null
8.351	EXP	Tstim_8: color = #000000
8.351	EXP	Tstim_8: contrast = 1
8.351	EXP	Tstim_9: units = height
8.351	EXP	Tstim_9: pos = [0,0]
8.351	EXP	Tstim_9: size = undefined
8.351	EXP	Tstim_9: ori = null
8.351	EXP	Tstim_9: opacity = 1
8.351	EXP	Tstim_9: depth = null
8.351	EXP	Tstim_9: clipMask = null
8.351	EXP	Tstim_9: boundingBox = {"x":0,"y":0,"width":0,"height":0,"type":1}
8.351	EXP	Tstim_9: text = T
8.351	EXP	Tstim_9: alignHoriz = center
8.351	EXP	Tstim_9: alignVert = center
8.351	EXP	Tstim_9: flipHoriz = null
8.351	EXP	Tstim_9: flipVert = null
8.351	EXP	Tstim_9: font = Arial
8.351	EXP	Tstim_9: height = 1
8.351	EXP	Tstim_9: wrapWidth = 1
8.351	EXP	Tstim_9: bold = null
8.351	EXP	Tstim_9: italic = null
8.351	EXP	Tstim_9: color = #000000
8.351	EXP	Tstim_9: contrast = 1
8.351	EXP	Tstim_10: units = height
8.351	EXP	Tstim_10: pos = [0,0]
8.351	EXP	Tstim_10: size = undefined
8.351	EXP	Tstim_10: ori = null
8.351	EXP	Tstim_10: opacity = 1
8.351	EXP	Tstim_10: depth = null
8.351	EXP	Tstim_10: clipMask = null
8.351	EXP	Tstim_10: boundingBox = {"x":0,"y":0,"width":0,"height":0,"type":1}
8.351	EXP	Tstim_10: text = T
8.351	EXP	Tstim_10: alignHoriz = center
8.351	EXP	Tstim_10: alignVert = center
8.351	EXP	Tstim_10: flipHoriz = null
8.351	EXP	Tstim_10: flipVert = null
8.351	EXP	Tstim_10: font = Arial
8.351	EXP	Tstim_10: height = 1
8.351	EXP	Tstim_10: wrapWidth = 1
8.351	EXP	Tstim_10: bold = null
8.351	EXP	Tstim_10: italic = null
8.351	EXP	Tstim_10: color = #000000
8.351	EXP	Tstim_10: contrast = 1
8.351	EXP	Tstim_11: units = height
8.351	EXP	Tstim_11: pos = [0,0]
8.351	EXP	Tstim_11: size = undefined
8.351	EXP	Tstim_11: ori = null
8.351	EXP	Tstim_11: opacity = 1
8.351	EXP	Tstim_11: depth = null
8.351	EXP	Tstim_11: clipMask = null
8.351	EXP	Tstim_11: boundingBox = {"x":0,"y":0,"width":0,"height":0,"type":1}
8.351	EXP	Tstim_11: text = T
8.351	EXP	Tstim_11: alignHoriz = center
8.351	EXP	Tstim_11: alignVert = center
8.351	EXP	Tstim_11: flipHoriz = null
8.351	EXP	Tstim_11: flipVert = null
8.351	EXP	Tstim_11: font = Arial
8.351	EXP	Tstim_11: height = 1
8.351	EXP	Tstim_11: wrapWidth = 1
8.351	EXP	Tstim_11: bold = null
8.351	EXP	Tstim_11: italic = null
8.351	EXP	Tstim_11: color = #000000
8.351	EXP	Tstim_11: contrast = 1
8.351	EXP	Tstim_12: units = height
8.351	EXP	Tstim_12: pos = [0,0]
8.351	EXP	Tstim_12: size = undefined
8.351	EXP	Tstim_12: ori = null
8.351	EXP	Tstim_12: opacity = 1
8.351	EXP	Tstim_12: depth = null
8.351	EXP	Tstim_12: clipMask = null
8.351	EXP	Tstim_12: boundingBox = {"x":0,"y":0,"width":0,"height":0,"type":1}
8.351	EXP	Tstim_12: text = T
8.351	EXP	Tstim_12: alignHoriz = center
8.351	EXP	Tstim_12: alignVert = center
8.351	EXP	Tstim_12: flipHoriz = null
8.351	EXP	Tstim_12: flipVert = null
8.351	EXP	Tstim_12: font = Arial
8.351	EXP	Tstim_12: height = 1
8.351	EXP	Tstim_12: wrapWidth = 1
8.351	EXP	Tstim_12: bold = null
8.351	EXP	Tstim_12: italic = null
8.351	EXP	Tstim_12: color = #000000
8.351	EXP	Tstim_12: contrast = 1
8.351	EXP	Tstim_13: units = height
8.351	EXP	Tstim_13: pos = [0,0]
8.351	EXP	Tstim_13: size = undefined
8.351	EXP	Tstim_13: ori = null
8.351	EXP	Tstim_13: opacity = 1
8.351	EXP	Tstim_13: depth = null
8.351	EXP	Tstim_13: clipMask = null
8.351	EXP	Tstim_13: boundingBox = {"x":0,"y":0,"width":0,"height":0,"type":1}
8.351	EXP	Tstim_13: text = T
8.351	EXP	Tstim_13: alignHoriz = center
8.351	EXP	Tstim_13: alignVert = center
8.351	EXP	Tstim_13: flipHoriz = null
8.351	EXP	Tstim_13: flipVert = null
8.351	EXP	Tstim_13: font = Arial
8.351	EXP	Tstim_13: height = 1
8.351	EXP	Tstim_13: wrapWidth = 1
8.351	EXP	Tstim_13: bold = null
8.351	EXP	Tstim_13: italic = null
8.351	EXP	Tstim_13: color = #000000
8.351	EXP	Tstim_13: contrast = 1
8.351	EXP	Tstim_14: units = height
8.351	EXP	Tstim_14: pos = [0,0]
8.351	EXP	Tstim_14: size = undefined
8.351	EXP	Tstim_14: ori = null
8.351	EXP	Tstim_14: opacity = 1
8.351	EXP	Tstim_14: depth = null
8.351	EXP	Tstim_14: clipMask = null
8.351	EXP	Tstim_14: boundingBox = {"x":0,"y":0,"width":0,"height":0,"type":1}
8.351	EXP	Tstim_14: text = T
8.351	EXP	Tstim_14: alignHoriz = center
8.351	EXP	Tstim_14: alignVert = center
8.351	EXP	Tstim_14: flipHoriz = null
8.351	EXP	Tstim_14: flipVert = null
8.351	EXP	Tstim_14: font = Arial
8.351	EXP	Tstim_14: height = 1
8.351	EXP	Tstim_14: wrapWidth = 1
8.351	EXP	Tstim_14: bold = null
8.351	EXP	Tstim_14: italic = null
8.351	EXP	Tstim_14: color = #000000
8.351	EXP	Tstim_14: contrast = 1
8.351	EXP	Tstim_15: units = height
8.351	EXP	Tstim_15: pos = [0,0]
8.351	EXP	Tstim_15: size = undefined
8.351	EXP	Tstim_15: ori = null
8.351	EXP	Tstim_15: opacity = 1
8.351	EXP	Tstim_15: depth = null
8.351	EXP	Tstim_15: clipMask = null
8.351	EXP	Tstim_15: boundingBox = {"x":0,"y":0,"width":0,"height":0,"type":1}
8.351	EXP	Tstim_15: text = T
8.351	EXP	Tstim_15: alignHoriz = center
8.351	EXP	Tstim_15: alignVert = center
8.351	EXP	Tstim_15: flipHoriz = null
8.351	EXP	Tstim_15: flipVert = null
8.351	EXP	Tstim_15: font = Arial
8.351	EXP	Tstim_15: height = 1
8.351	EXP	Tstim_15: wrapWidth = 1
8.351	EXP	Tstim_15: bold = null
8.351	EXP	Tstim_15: italic = null
8.351	EXP	Tstim_15: color = #000000
8.351	EXP	Tstim_15: contrast = 1
8.351	EXP	Tstim_16: units = height
8.351	EXP	Tstim_16: pos = [0,0]
8.351	EXP	Tstim_16: size = undefined
8.351	EXP	Tstim_16: ori = null
8.351	EXP	Tstim_16: opacity = 1
8.351	EXP	Tstim_16: depth = null
8.351	EXP	Tstim_16: clipMask = null
8.351	EXP	Tstim_16: boundingBox = {"x":0,"y":0,"width":0,"height":0,"type":1}
8.351	EXP	Tstim_16: text = T
8.351	EXP	Tstim_16: alignHoriz = center
8.351	EXP	Tstim_16: alignVert = center
8.351	EXP	Tstim_16: flipHoriz = null
8.351	EXP	Tstim_16: flipVert = null
8.351	EXP	Tstim_16: font = Arial
8.351	EXP	Tstim_16: height = 1
8.351	EXP	Tstim_16: wrapWidth = 1
8.351	EXP	Tstim_16: bold = null
8.351	EXP	Tstim_16: italic = null
8.351	EXP	Tstim_16: color = #000000
8.351	EXP	Tstim_16: contrast = 1
8.351	EXP	Tstim_17: units = height
8.351	EXP	Tstim_17: pos = [0,0]
8.351	EXP	Tstim_17: size = undefined
8.351	EXP	Tstim_17: ori = null
8.351	EXP	Tstim_17: opacity = 1
8.351	EXP	Tstim_17: depth = null
8.351	EXP	Tstim_17: clipMask = null
8.351	EXP	Tstim_17: boundingBox = {"x":0,"y":0,"width":0,"height":0,"type":1}
8.351	EXP	Tstim_17: text = T
8.351	EXP	Tstim_17: alignHoriz = center
8.351	EXP	Tstim_17: alignVert = center
8.351	EXP	Tstim_17: flipHoriz = null
8.351	EXP	Tstim_17: flipVert = null
8.351	EXP	Tstim_17: font = Arial
8.351	EXP	Tstim_17: height = 1
8.351	EXP	Tstim_17: wrapWidth = 1
8.351	EXP	Tstim_17: bold = null
8.351	EXP	Tstim_17: italic = null
8.351	EXP	Tstim_17: color = #000000
8.351	EXP	Tstim_17: contrast = 1
8.351	EXP	Tstim_18: units = height
8.351	EXP	Tstim_18: pos = [0,0]
8.351	EXP	Tstim_18: size = undefined
8.351	EXP	Tstim_18: ori = null
8.351	EXP	Tstim_18: opacity = 1
8.351	EXP	Tstim_18: depth = null
8.351	EXP	Tstim_18: clipMask = null
8.351	EXP	Tstim_18: boundingBox = {"x":0,"y":0,"width":0,"height":0,"type":1}
8.351	EXP	Tstim_18: text = T
8.351	EXP	Tstim_18: alignHoriz = center
8.351	EXP	Tstim_18: alignVert = center
8.351	EXP	Tstim_18: flipHoriz = null
8.351	EXP	Tstim_18: flipVert = null
8.351	EXP	Tstim_18: font = Arial
8.351	EXP	Tstim_18: height = 1
8.351	EXP	Tstim_18: wrapWidth = 1
8.351	EXP	Tstim_18: bold = null
8.351	EXP	Tstim_18: italic = null
8.351	EXP	Tstim_18: color = #000000
8.351	EXP	Tstim_18: contrast = 1
8.351	EXP	Tstim_19: units = height
8.351	EXP	Tstim_19: pos = [0,0]
8.351	EXP	Tstim_19: size = undefined
8.351	EXP	Tstim_19: ori = null
8.351	EXP	Tstim_19: opacity = 1
8.351	EXP	Tstim_19: depth = null
8.351	EXP	Tstim_19: clipMask = null
8.351	EXP	Tstim_19: boundingBox = {"x":0,"y":0,"width":0,"height":0,"type":1}
8.351	EXP	Tstim_19: text = T
8.351	EXP	Tstim_19: alignHoriz = center
8.351	EXP	Tstim_19: alignVert = center
8.351	EXP	Tstim_19: flipHoriz = null
8.351	EXP	Tstim_19: flipVert = null
8.351	EXP	Tstim_19: font = Arial
8.351	EXP	Tstim_19: height = 1
8.351	EXP	Tstim_19: wrapWidth = 1
8.351	EXP	Tstim_19: bold = null
8.351	EXP	Tstim_19: italic = null
8.351	EXP	Tstim_19: color = #000000
8.351	EXP	Tstim_19: contrast = 1
8.351	EXP	Tstim_20: units = height
8.351	EXP	Tstim_20: pos = [0,0]
8.351	EXP	Tstim_20: size = undefined
8.351	EXP	Tstim_20: ori = null
8.351	EXP	Tstim_20: opacity = 1
8.351	EXP	Tstim_20: depth = null
8.351	EXP	Tstim_20: clipMask = null
8.351	EXP	Tstim_20: boundingBox = {"x":0,"y":0,"width":0,"height":0,"type":1}
8.351	EXP	Tstim_20: text = T
8.351	EXP	Tstim_20: alignHoriz = center
8.351	EXP	Tstim_20: alignVert = center
8.351	EXP	Tstim_20: flipHoriz = null
8.351	EXP	Tstim_20: flipVert = null
8.351	EXP	Tstim_20: font = Arial
8.351	EXP	Tstim_20: height = 1
8.351	EXP	Tstim_20: wrapWidth = 1
8.351	EXP	Tstim_20: bold = null
8.351	EXP	Tstim_20: italic = null
8.351	EXP	Tstim_20: color = #000000
8.351	EXP	Tstim_20: contrast = 1
8.351	EXP	Lstim: units = height
8.351	EXP	Lstim: pos = [0,0]
8.351	EXP	Lstim: size = undefined
8.351	EXP	Lstim: ori = null
8.351	EXP	Lstim: opacity = 1
8.351	EXP	Lstim: depth = null
8.351	EXP	Lstim: clipMask = null
8.351	EXP	Lstim: boundingBox = {"x":0,"y":0,"width":0,"height":0,"type":1}
8.351	EXP	Lstim: text = L
8.351	EXP	Lstim: alignHoriz = center
8.351	EXP	Lstim: alignVert = center
8.351	EXP	Lstim: flipHoriz = null
8.351	EXP	Lstim: flipVert = null
8.351	EXP	Lstim: font = Arial
8.351	EXP	Lstim: height = 1
8.351	EXP	Lstim: wrapWidth = 1
8.351	EXP	Lstim: bold = null
8.351	EXP	Lstim: italic = null
8.351	EXP	Lstim: color = #000000
8.351	EXP	Lstim: contrast = 1
8.351	EXP	text: units = height
8.351	EXP	text: pos = [0,0]
8.351	EXP	text: size = undefined
8.351	EXP	text: ori = null
8.351	EXP	text: opacity = 1
8.351	EXP	text: depth = -1
8.351	EXP	text: clipMask = null
8.351	EXP	text: boundingBox = {"x":0,"y":0,"width":0,"height":0,"type":1}
8.351	EXP	text: text = default text
8.351	EXP	text: alignHoriz = center
8.351	EXP	text: alignVert = center
8.351	EXP	text: flipHoriz = null
8.351	EXP	text: flipVert = null
8.351	EXP	text: font = Arial
8.351	EXP	text: height = 0.05
8.351	EXP	text: wrapWidth = 1
8.351	EXP	text: bold = null
8.351	EXP	text: italic = null
8.351	EXP	text: color = #FFFFFF
8.351	EXP	text: contrast = 1
8.351	EXP	endMsg: units = height
8.351	EXP	endMsg: pos = [0,0]
8.351	EXP	endMsg: size = undefined
8.351	EXP	endMsg: ori = null
8.351	EXP	endMsg: opacity = 1
8.351	EXP	endMsg: depth = null
8.351	EXP	endMsg: clipMask = null
8.351	EXP	endMsg: boundingBox = {"x":0,"y":0,"width":0,"height":0,"type":1}
8.351	EXP	endMsg: text = The end! 

Thanks for taking part!
8.351	EXP	endMsg: alignHoriz = center
8.351	EXP	endMsg: alignVert = center
8.351	EXP	endMsg: flipHoriz = null
8.351	EXP	endMsg: flipVert = null
8.351	EXP	endMsg: font = Arial
8.351	EXP	endMsg: height = 0.05
8.351	EXP	endMsg: wrapWidth = 1
8.351	EXP	endMsg: bold = null
8.351	EXP	endMsg: italic = null
8.351	EXP	endMsg: color = #FFFFFF
8.351	EXP	endMsg: contrast = 1
8.351	EXP	instrTxt: autoDraw = true
13.208	DATA	Keydown:  
14.309000000000001	DATA	Mouse: 0 button down, pos=(1072,489)
15.363000000000001	EXP	instrTxt: autoDraw = null
15.363000000000001	EXP	Tstim_20: color = black
15.363000000000001	EXP	Tstim_19: color = black
15.363000000000001	EXP	Tstim_18: color = black
15.363000000000001	EXP	Tstim_17: color = black
15.363000000000001	EXP	Tstim_16: color = black
15.363000000000001	EXP	Tstim_15: color = black
15.363000000000001	EXP	Tstim_14: color = black
15.363000000000001	EXP	Tstim_13: color = black
15.363000000000001	EXP	Tstim_12: color = black
15.363000000000001	EXP	Tstim_11: color = black
15.363000000000001	EXP	Tstim_10: color = black
15.363000000000001	EXP	Tstim_9: color = black
15.363000000000001	EXP	Tstim_8: color = black
15.363000000000001	EXP	Tstim_7: color = black
15.363000000000001	EXP	Tstim_6: color = black
15.363000000000001	EXP	Tstim_5: color = black
15.363000000000001	EXP	Tstim_4: color = black
15.363000000000001	EXP	Tstim_3: color = black
15.363000000000001	EXP	Tstim_2: color = black
15.363000000000001	EXP	Tstim: color = black
15.363000000000001	EXP	Lstim: color = black
15.363000000000001	EXP	Lstim: ori = 261
15.363000000000001	EXP	Tstim: ori = 91
15.363000000000001	EXP	Tstim_2: ori = 59
15.363000000000001	EXP	Tstim_3: ori = 58
15.363000000000001	EXP	Tstim_4: ori = 15
15.363000000000001	EXP	Tstim_5: ori = 331
15.363000000000001	EXP	Tstim_6: ori = 297
15.363000000000001	EXP	Tstim_7: ori = 184
15.363000000000001	EXP	Tstim_8: ori = 11
15.363000000000001	EXP	Tstim_9: ori = 5
15.363000000000001	EXP	Tstim_10: ori = 199
15.363000000000001	EXP	Tstim_11: ori = 10
15.363000000000001	EXP	Tstim_12: ori = 85
15.363000000000001	EXP	Tstim_13: ori = 38
15.363000000000001	EXP	Tstim_14: ori = 98
15.363000000000001	EXP	Tstim_15: ori = 148
15.363000000000001	EXP	Tstim_16: ori = 112
15.363000000000001	EXP	Tstim_17: ori = 137
15.363000000000001	EXP	Tstim_18: ori = 260
15.363000000000001	EXP	Tstim_19: ori = 309
15.363000000000001	EXP	Tstim_20: ori = 220
15.363000000000001	EXP	Tstim: opacity = 0.5
15.363000000000001	EXP	Tstim: pos = [-0.15,0]
15.363000000000001	EXP	Tstim: height = 0.1
15.363000000000001	EXP	Tstim_2: opacity = 0.5
15.363000000000001	EXP	Tstim_2: height = 0.1
15.363000000000001	EXP	Tstim_3: opacity = 0.5
15.363000000000001	EXP	Tstim_3: pos = [-0.06,0.15]
15.363000000000001	EXP	Tstim_3: height = 0.1
15.363000000000001	EXP	Tstim_4: opacity = 0.5
15.363000000000001	EXP	Tstim_4: pos = [-0.21,0.21]
15.363000000000001	EXP	Tstim_4: height = 0.1
15.363000000000001	EXP	Tstim_5: opacity = 0.5
15.363000000000001	EXP	Tstim_5: pos = [0.06,0.24]
15.363000000000001	EXP	Tstim_5: height = 0.1
15.363000000000001	EXP	Tstim_6: opacity = 0.5
15.363000000000001	EXP	Tstim_6: pos = [-0.24,0.27]
15.363000000000001	EXP	Tstim_6: height = 0.1
15.363000000000001	EXP	Tstim_7: opacity = 0.5
15.363000000000001	EXP	Tstim_7: pos = [0,-0.18]
15.363000000000001	EXP	Tstim_7: height = 0.1
15.363000000000001	EXP	Tstim_8: opacity = 0.5
15.363000000000001	EXP	Tstim_8: pos = [-0.09,-0.24000000000000005]
15.363000000000001	EXP	Tstim_8: height = 0.1
15.363000000000001	EXP	Tstim_9: opacity = 0.5
15.363000000000001	EXP	Tstim_9: pos = [0.24000000000000005,0.06]
15.363000000000001	EXP	Tstim_9: height = 0.1
15.363000000000001	EXP	Tstim_10: opacity = 0.5
15.363000000000001	EXP	Tstim_10: pos = [0.14999999999999997,-0.26999999999999996]
15.363000000000001	EXP	Tstim_10: height = 0.1
15.363000000000001	EXP	Tstim_11: opacity = 0.5
15.363000000000001	EXP	Tstim_11: pos = [-0.27,0.18]
15.363000000000001	EXP	Tstim_11: height = 0.1
15.363000000000001	EXP	Tstim_12: opacity = 0.5
15.363000000000001	EXP	Tstim_12: pos = [0.21000000000000002,-0.21000000000000002]
15.363000000000001	EXP	Tstim_12: height = 0.1
15.363000000000001	EXP	Tstim_13: opacity = 0.5
15.363000000000001	EXP	Tstim_13: pos = [0.26999999999999996,0.02999999999999997]
15.363000000000001	EXP	Tstim_13: height = 0.1
15.363000000000001	EXP	Tstim_14: opacity = 0.5
15.363000000000001	EXP	Tstim_14: pos = [-0.3,-0.09000000000000002]
15.363000000000001	EXP	Tstim_14: height = 0.1
15.363000000000001	EXP	Tstim_15: opacity = 0.5
15.363000000000001	EXP	Tstim_15: pos = [0.12,0.09]
15.363000000000001	EXP	Tstim_15: height = 0.1
15.363000000000001	EXP	Tstim_16: opacity = 0.5
15.363000000000001	EXP	Tstim_16: pos = [0.18,-0.06]
15.363000000000001	EXP	Tstim_16: height = 0.1
15.363000000000001	EXP	Tstim_17: opacity = 0.5
15.363000000000001	EXP	Tstim_17: pos = [-0.12,-0.3]
15.363000000000001	EXP	Tstim_17: height = 0.1
15.363000000000001	EXP	Tstim_18: opacity = 0.5
15.363000000000001	EXP	Tstim_18: pos = [0.02999999999999997,-0.14999999999999997]
15.363000000000001	EXP	Tstim_18: height = 0.1
15.363000000000001	EXP	Tstim_19: opacity = 0.5
15.363000000000001	EXP	Tstim_19: pos = [-0.02999999999999997,-0.12]
15.363000000000001	EXP	Tstim_19: height = 0.1
15.363000000000001	EXP	Tstim_20: opacity = 0.5
15.363000000000001	EXP	Tstim_20: pos = [0.09000000000000002,0.12]
15.363000000000001	EXP	Tstim_20: height = 0.1
15.363000000000001	EXP	Lstim: opacity = 0.5
15.363000000000001	EXP	Lstim: pos = [-0.18,0.3]
15.363000000000001	EXP	Lstim: height = 0.1
15.363000000000001	EXP	Tstim: autoDraw = true
15.363000000000001	EXP	Tstim_2: autoDraw = true
15.363000000000001	EXP	Tstim_3: autoDraw = true
15.363000000000001	EXP	Tstim_4: autoDraw = true
15.363000000000001	EXP	Tstim_5: autoDraw = true
15.363000000000001	EXP	Tstim_6: autoDraw = true
15.363000000000001	EXP	Tstim_7: autoDraw = true
15.363000000000001	EXP	Tstim_8: autoDraw = true
15.363000000000001	EXP	Tstim_9: autoDraw = true
15.363000000000001	EXP	Tstim_10: autoDraw = true
15.363000000000001	EXP	Tstim_11: autoDraw = true
15.363000000000001	EXP	Tstim_12: autoDraw = true
15.363000000000001	EXP	Tstim_13: autoDraw = true
15.363000000000001	EXP	Tstim_14: autoDraw = true
15.363000000000001	EXP	Tstim_15: autoDraw = true
15.363000000000001	EXP	Tstim_16: autoDraw = true
15.363000000000001	EXP	Tstim_17: autoDraw = true
15.363000000000001	EXP	Tstim_18: autoDraw = true
15.363000000000001	EXP	Tstim_19: autoDraw = true
15.363000000000001	EXP	Tstim_20: autoDraw = true
15.363000000000001	EXP	Lstim: autoDraw = true
15.424000000000001	DATA	Mouse: 0 button down, pos=(1072,489)
17.56	DATA	Mouse: 0 button down, pos=(691,195)
17.589	EXP	Tstim: autoDraw = null
17.589	EXP	Tstim_2: autoDraw = null
17.589	EXP	Tstim_3: autoDraw = null
17.589	EXP	Tstim_4: autoDraw = null
17.589	EXP	Tstim_5: autoDraw = null
17.589	EXP	Tstim_6: autoDraw = null
17.589	EXP	Tstim_7: autoDraw = null
17.589	EXP	Tstim_8: autoDraw = null
17.589	EXP	Tstim_9: autoDraw = null
17.589	EXP	Tstim_10: autoDraw = null
17.589	EXP	Tstim_11: autoDraw = null
17.589	EXP	Tstim_12: autoDraw = null
17.589	EXP	Tstim_13: autoDraw = null
17.589	EXP	Tstim_14: autoDraw = null
17.589	EXP	Tstim_15: autoDraw = null
17.589	EXP	Tstim_16: autoDraw = null
17.589	EXP	Tstim_17: autoDraw = null
17.589	EXP	Tstim_18: autoDraw = null
17.589	EXP	Tstim_19: autoDraw = null
17.589	EXP	Tstim_20: autoDraw = null
17.589	EXP	Lstim: autoDraw = null
17.589	EXP	text: text = Target found! Speed: 2.242 seconds
17.589	EXP	text: autoDraw = true
17.766	DATA	Mouse: 0 button down, pos=(691,195)
18.634	EXP	text: autoDraw = null
18.634	EXP	text: autoDraw = null
18.634	EXP	Tstim_20: color = black
18.634	EXP	Tstim_19: color = black
18.634	EXP	Tstim_18: color = black
18.634	EXP	Tstim_17: color = black
18.634	EXP	Tstim_16: color = black
18.634	EXP	Tstim_15: color = black
18.634	EXP	Tstim_14: color = black
18.634	EXP	Tstim_13: color = black
18.634	EXP	Tstim_12: color = black
18.634	EXP	Tstim_11: color = black
18.634	EXP	Tstim_10: color = black
18.634	EXP	Tstim_9: color = black
18.634	EXP	Tstim_8: color = black
18.634	EXP	Tstim_7: color = black
18.634	EXP	Tstim_6: color = black
18.634	EXP	Tstim_5: color = black
18.634	EXP	Tstim_4: color = black
18.634	EXP	Tstim_3: color = black
18.634	EXP	Tstim_2: color = black
18.634	EXP	Tstim: color = black
18.634	EXP	Lstim: color = black
18.634	EXP	Lstim: ori = null
18.634	EXP	Tstim: ori = null
18.634	EXP	Tstim_2: ori = null
18.634	EXP	Tstim_3: ori = null
18.634	EXP	Tstim_4: ori = null
18.634	EXP	Tstim_5: ori = null
18.634	EXP	Tstim_6: ori = null
18.634	EXP	Tstim_7: ori = null
18.634	EXP	Tstim_8: ori = null
18.634	EXP	Tstim_9: ori = null
18.634	EXP	Tstim_10: ori = null
18.634	EXP	Tstim_11: ori = null
18.634	EXP	Tstim_12: ori = null
18.634	EXP	Tstim_13: ori = null
18.634	EXP	Tstim_14: ori = null
18.634	EXP	Tstim_15: ori = null
18.634	EXP	Tstim_16: ori = null
18.634	EXP	Tstim_17: ori = null
18.634	EXP	Tstim_18: ori = null
18.634	EXP	Tstim_19: ori = null
18.634	EXP	Tstim_20: ori = null
18.634	EXP	Tstim: opacity = 0.5
18.634	EXP	Tstim: pos = [0.21000000000000002,0.15]
18.634	EXP	Tstim: height = 0.1
18.634	EXP	Tstim_2: opacity = 0.5
18.634	EXP	Tstim_2: height = 0.1
18.634	EXP	Tstim_3: opacity = 0.5
18.634	EXP	Tstim_3: pos = [-0.21,0.27]
18.634	EXP	Tstim_3: height = 0.1
18.634	EXP	Tstim_4: opacity = 0.5
18.634	EXP	Tstim_4: pos = [0.24000000000000005,-0.18]
18.634	EXP	Tstim_4: height = 0.1
18.634	EXP	Tstim_5: opacity = 0.5
18.634	EXP	Tstim_5: pos = [-0.15,-0.26999999999999996]
18.634	EXP	Tstim_5: height = 0.1
18.634	EXP	Tstim_6: opacity = 0.5
18.634	EXP	Tstim_6: pos = [-0.02999999999999997,0.3]
18.634	EXP	Tstim_6: height = 0.1
18.634	EXP	Tstim_7: opacity = 0.5
18.634	EXP	Tstim_7: pos = [-0.09,0.18]
18.634	EXP	Tstim_7: height = 0.1
18.634	EXP	Tstim_8: opacity = 0.5
18.634	EXP	Tstim_8: pos = [-0.3,0]
18.634	EXP	Tstim_8: height = 0.1
18.634	EXP	Tstim_9: opacity = 0.5
18.634	EXP	Tstim_9: pos = [-0.27,-0.12]
18.634	EXP	Tstim_9: height = 0.1
18.634	EXP	Tstim_10: opacity = 0.5
18.634	EXP	Tstim_10: pos = [-0.12,0.12]
18.634	EXP	Tstim_10: height = 0.1
18.634	EXP	Tstim_11: opacity = 0.5
18.634	EXP	Tstim_11: pos = [-0.24,-0.3]
18.634	EXP	Tstim_11: height = 0.1
18.634	EXP	Tstim_12: opacity = 0.5
18.634	EXP	Tstim_12: pos = [-0.18,-0.09000000000000002]
18.634	EXP	Tstim_12: height = 0.1
18.634	EXP	Tstim_13: opacity = 0.5
18.634	EXP	Tstim_13: pos = [0.18,0.02999999999999997]
18.634	EXP	Tstim_13: height = 0.1
18.634	EXP	Tstim_14: opacity = 0.5
18.634	EXP	Tstim_14: pos = [0.06,-0.21000000000000002]
18.634	EXP	Tstim_14: height = 0.1
18.634	EXP	Tstim_15: opacity = 0.5
18.634	EXP	Tstim_15: pos = [-0.06,-0.24000000000000005]
18.634	EXP	Tstim_15: height = 0.1
18.634	EXP	Tstim_16: opacity = 0.5
18.634	EXP	Tstim_16: pos = [0.14999999999999997,0.09]
18.634	EXP	Tstim_16: height = 0.1
18.634	EXP	Tstim_17: opacity = 0.5
18.634	EXP	Tstim_17: pos = [0,0.06]
18.634	EXP	Tstim_17: height = 0.1
18.634	EXP	Tstim_18: opacity = 0.5
18.634	EXP	Tstim_18: pos = [0.02999999999999997,-0.06]
18.634	EXP	Tstim_18: height = 0.1
18.634	EXP	Tstim_19: opacity = 0.5
18.634	EXP	Tstim_19: pos = [0.09000000000000002,-0.02999999999999997]
18.634	EXP	Tstim_19: height = 0.1
18.634	EXP	Tstim_20: opacity = 0.5
18.634	EXP	Tstim_20: pos = [0.26999999999999996,-0.14999999999999997]
18.634	EXP	Tstim_20: height = 0.1
18.634	EXP	Lstim: opacity = 0.5
18.634	EXP	Lstim: pos = [0.3,0.21]
18.634	EXP	Lstim: height = 0.1
18.634	EXP	Tstim: autoDraw = true
18.634	EXP	Tstim_2: autoDraw = true
18.634	EXP	Tstim_3: autoDraw = true
18.634	EXP	Tstim_4: autoDraw = true
18.634	EXP	Tstim_5: autoDraw = true
18.634	EXP	Tstim_6: autoDraw = true
18.634	EXP	Tstim_7: autoDraw = true
18.634	EXP	Tstim_8: autoDraw = true
18.634	EXP	Tstim_9: autoDraw = true
18.634	EXP	Tstim_10: autoDraw = true
18.634	EXP	Tstim_11: autoDraw = true
18.634	EXP	Tstim_12: autoDraw = true
18.634	EXP	Tstim_13: autoDraw = true
18.634	EXP	Tstim_14: autoDraw = true
18.634	EXP	Tstim_15: autoDraw = true
18.634	EXP	Tstim_16: autoDraw = true
18.634	EXP	Tstim_17: autoDraw = true
18.634	EXP	Tstim_18: autoDraw = true
18.634	EXP	Tstim_19: autoDraw = true
18.634	EXP	Tstim_20: autoDraw = true
18.634	EXP	Lstim: autoDraw = true
22.623	DATA	Mouse: 0 button down, pos=(1242,350)
22.649	EXP	Tstim: autoDraw = null
22.649	EXP	Tstim_2: autoDraw = null
22.649	EXP	Tstim_3: autoDraw = null
22.649	EXP	Tstim_4: autoDraw = null
22.649	EXP	Tstim_5: autoDraw = null
22.649	EXP	Tstim_6: autoDraw = null
22.649	EXP	Tstim_7: autoDraw = null
22.649	EXP	Tstim_8: autoDraw = null
22.649	EXP	Tstim_9: autoDraw = null
22.649	EXP	Tstim_10: autoDraw = null
22.649	EXP	Tstim_11: autoDraw = null
22.649	EXP	Tstim_12: autoDraw = null
22.649	EXP	Tstim_13: autoDraw = null
22.649	EXP	Tstim_14: autoDraw = null
22.649	EXP	Tstim_15: autoDraw = null
22.649	EXP	Tstim_16: autoDraw = null
22.649	EXP	Tstim_17: autoDraw = null
22.649	EXP	Tstim_18: autoDraw = null
22.649	EXP	Tstim_19: autoDraw = null
22.649	EXP	Tstim_20: autoDraw = null
22.649	EXP	Lstim: autoDraw = null
22.649	EXP	text: text = Target found! Speed: 4.032 seconds
22.649	EXP	text: autoDraw = true
22.759999999999998	DATA	Mouse: 0 button down, pos=(1242,350)
23.683	EXP	text: autoDraw = null
23.683	EXP	text: autoDraw = null
23.683	EXP	Tstim_20: color = black
23.683	EXP	Tstim_19: color = black
23.683	EXP	Tstim_18: color = black
23.683	EXP	Tstim_17: color = black
23.683	EXP	Tstim_16: color = black
23.683	EXP	Tstim_15: color = grey
23.683	EXP	Tstim_14: color = grey
23.683	EXP	Tstim_13: color = grey
23.683	EXP	Tstim_12: color = grey
23.683	EXP	Tstim_11: color = grey
23.683	EXP	Tstim_10: color = grey
23.683	EXP	Tstim_9: color = grey
23.683	EXP	Tstim_8: color = grey
23.683	EXP	Tstim_7: color = grey
23.683	EXP	Tstim_6: color = grey
23.683	EXP	Tstim_5: color = grey
23.683	EXP	Tstim_4: color = grey
23.683	EXP	Tstim_3: color = grey
23.683	EXP	Tstim_2: color = grey
23.683	EXP	Tstim: color = grey
23.683	EXP	Lstim: color = black
23.683	EXP	Lstim: ori = 38
23.683	EXP	Tstim: ori = 331
23.683	EXP	Tstim_2: ori = 26
23.683	EXP	Tstim_3: ori = 295
23.683	EXP	Tstim_4: ori = 25
23.683	EXP	Tstim_5: ori = 223
23.683	EXP	Tstim_6: ori = 189
23.683	EXP	Tstim_7: ori = 356
23.683	EXP	Tstim_8: ori = 247
23.683	EXP	Tstim_9: ori = 118
23.683	EXP	Tstim_10: ori = 354
23.683	EXP	Tstim_11: ori = 310
23.683	EXP	Tstim_12: ori = 6
23.683	EXP	Tstim_13: ori = 312
23.683	EXP	Tstim_14: ori = 22
23.683	EXP	Tstim_15: ori = 28
23.683	EXP	Tstim_16: ori = 85
23.683	EXP	Tstim_17: ori = 136
23.683	EXP	Tstim_18: ori = 17
23.683	EXP	Tstim_19: ori = 59
23.683	EXP	Tstim_20: ori = 311
23.683	EXP	Tstim: opacity = 0.5
23.683	EXP	Tstim: pos = [-0.06,-0.26999999999999996]
23.683	EXP	Tstim: height = 0.1
23.683	EXP	Tstim_2: opacity = 0.5
23.683	EXP	Tstim_2: height = 0.1
23.683	EXP	Tstim_3: opacity = 0.5
23.683	EXP	Tstim_3: pos = [0.24000000000000005,-0.12]
23.683	EXP	Tstim_3: height = 0.1
23.683	EXP	Tstim_4: opacity = 0.5
23.683	EXP	Tstim_4: pos = [0.12,-0.09000000000000002]
23.683	EXP	Tstim_4: height = 0.1
23.683	EXP	Tstim_5: opacity = 0.5
23.683	EXP	Tstim_5: pos = [-0.09,0.02999999999999997]
23.683	EXP	Tstim_5: height = 0.1
23.683	EXP	Tstim_6: opacity = 0.5
23.683	EXP	Tstim_6: pos = [-0.02999999999999997,-0.21000000000000002]
23.683	EXP	Tstim_6: height = 0.1
23.683	EXP	Tstim_7: opacity = 0.5
23.683	EXP	Tstim_7: pos = [0.18,-0.14999999999999997]
23.683	EXP	Tstim_7: height = 0.1
23.683	EXP	Tstim_8: opacity = 0.5
23.683	EXP	Tstim_8: pos = [0.21000000000000002,0.24]
23.683	EXP	Tstim_8: height = 0.1
23.683	EXP	Tstim_9: opacity = 0.5
23.683	EXP	Tstim_9: pos = [-0.24,0.3]
23.683	EXP	Tstim_9: height = 0.1
23.683	EXP	Tstim_10: opacity = 0.5
23.683	EXP	Tstim_10: pos = [0,-0.18]
23.683	EXP	Tstim_10: height = 0.1
23.683	EXP	Tstim_11: opacity = 0.5
23.683	EXP	Tstim_11: pos = [0.26999999999999996,0.12]
23.683	EXP	Tstim_11: height = 0.1
23.683	EXP	Tstim_12: opacity = 0.5
23.683	EXP	Tstim_12: pos = [-0.21,0.15]
23.683	EXP	Tstim_12: height = 0.1
23.683	EXP	Tstim_13: opacity = 0.5
23.683	EXP	Tstim_13: pos = [0.14999999999999997,0]
23.683	EXP	Tstim_13: height = 0.1
23.683	EXP	Tstim_14: opacity = 0.5
23.683	EXP	Tstim_14: pos = [-0.18,0.09]
23.683	EXP	Tstim_14: height = 0.1
23.683	EXP	Tstim_15: opacity = 0.5
23.683	EXP	Tstim_15: pos = [-0.12,0.06]
23.683	EXP	Tstim_15: height = 0.1
23.683	EXP	Tstim_16: opacity = 0.5
23.683	EXP	Tstim_16: pos = [0.06,-0.3]
23.683	EXP	Tstim_16: height = 0.1
23.683	EXP	Tstim_17: opacity = 0.5
23.683	EXP	Tstim_17: pos = [-0.15,-0.02999999999999997]
23.683	EXP	Tstim_17: height = 0.1
23.683	EXP	Tstim_18: opacity = 0.5
23.683	EXP	Tstim_18: pos = [0.09000000000000002,0.27]
23.683	EXP	Tstim_18: height = 0.1
23.683	EXP	Tstim_19: opacity = 0.5
23.683	EXP	Tstim_19: pos = [-0.27,-0.24000000000000005]
23.683	EXP	Tstim_19: height = 0.1
23.683	EXP	Tstim_20: opacity = 0.5
23.683	EXP	Tstim_20: pos = [0.3,0.21]
23.683	EXP	Tstim_20: height = 0.1
23.683	EXP	Lstim: opacity = 0.5
23.683	EXP	Lstim: pos = [0.02999999999999997,0.18]
23.683	EXP	Lstim: height = 0.1
23.683	EXP	Tstim: autoDraw = true
23.683	EXP	Tstim_2: autoDraw = true
23.683	EXP	Tstim_3: autoDraw = true
23.683	EXP	Tstim_4: autoDraw = true
23.683	EXP	Tstim_5: autoDraw = true
23.683	EXP	Tstim_6: autoDraw = true
23.683	EXP	Tstim_7: autoDraw = true
23.683	EXP	Tstim_8: autoDraw = true
23.683	EXP	Tstim_9: autoDraw = true
23.683	EXP	Tstim_10: autoDraw = true
23.683	EXP	Tstim_11: autoDraw = true
23.683	EXP	Tstim_12: autoDraw = true
23.683	EXP	Tstim_13: autoDraw = true
23.683	EXP	Tstim_14: autoDraw = true
23.683	EXP	Tstim_15: autoDraw = true
23.683	EXP	Tstim_16: autoDraw = true
23.683	EXP	Tstim_17: autoDraw = true
23.683	EXP	Tstim_18: autoDraw = true
23.683	EXP	Tstim_19: autoDraw = true
23.683	EXP	Tstim_20: autoDraw = true
23.683	EXP	Lstim: autoDraw = true
24.732	DATA	Mouse: 0 button down, pos=(941,386)
24.756	EXP	Tstim: autoDraw = null
24.756	EXP	Tstim_2: autoDraw = null
24.756	EXP	Tstim_3: autoDraw = null
24.756	EXP	Tstim_4: autoDraw = null
24.756	EXP	Tstim_5: autoDraw = null
24.756	EXP	Tstim_6: autoDraw = null
24.756	EXP	Tstim_7: autoDraw = null
24.756	EXP	Tstim_8: autoDraw = null
24.756	EXP	Tstim_9: autoDraw = null
24.756	EXP	Tstim_10: autoDraw = null
24.756	EXP	Tstim_11: autoDraw = null
24.756	EXP	Tstim_12: autoDraw = null
24.756	EXP	Tstim_13: autoDraw = null
24.756	EXP	Tstim_14: autoDraw = null
24.756	EXP	Tstim_15: autoDraw = null
24.756	EXP	Tstim_16: autoDraw = null
24.756	EXP	Tstim_17: autoDraw = null
24.756	EXP	Tstim_18: autoDraw = null
24.756	EXP	Tstim_19: autoDraw = null
24.756	EXP	Tstim_20: autoDraw = null
24.756	EXP	Lstim: autoDraw = null
24.756	EXP	text: text = Target found! Speed: 1.088 seconds
24.756	EXP	text: autoDraw = true
24.822	DATA	Mouse: 0 button down, pos=(941,386)
25.787	EXP	text: autoDraw = null
25.787	EXP	text: autoDraw = null
25.787	EXP	Tstim_20: color = black
25.787	EXP	Tstim_19: color = black
25.787	EXP	Tstim_18: color = black
25.787	EXP	Tstim_17: color = black
25.787	EXP	Tstim_16: color = black
25.787	EXP	Tstim_15: color = grey
25.787	EXP	Tstim_14: color = grey
25.787	EXP	Tstim_13: color = grey
25.787	EXP	Tstim_12: color = grey
25.787	EXP	Tstim_11: color = grey
25.787	EXP	Tstim_10: color = grey
25.787	EXP	Tstim_9: color = grey
25.787	EXP	Tstim_8: color = grey
25.787	EXP	Tstim_7: color = grey
25.787	EXP	Tstim_6: color = grey
25.787	EXP	Tstim_5: color = grey
25.787	EXP	Tstim_4: color = grey
25.787	EXP	Tstim_3: color = grey
25.787	EXP	Tstim_2: color = grey
25.787	EXP	Tstim: color = grey
25.787	EXP	Lstim: color = black
25.787	EXP	Lstim: ori = 134
25.787	EXP	Tstim: ori = 236
25.787	EXP	Tstim_2: ori = 23
25.787	EXP	Tstim_3: ori = 308
25.787	EXP	Tstim_4: ori = 312
25.787	EXP	Tstim_5: ori = 59
25.787	EXP	Tstim_6: ori = 291
25.787	EXP	Tstim_7: ori = 31
25.787	EXP	Tstim_8: ori = 30
25.787	EXP	Tstim_9: ori = 262
25.787	EXP	Tstim_10: ori = 86
25.787	EXP	Tstim_11: ori = 103
25.787	EXP	Tstim_12: ori = 6
25.787	EXP	Tstim_13: ori = 339
25.787	EXP	Tstim_14: ori = 127
25.787	EXP	Tstim_15: ori = 229
25.787	EXP	Tstim_16: ori = 60
25.787	EXP	Tstim_17: ori = 144
25.787	EXP	Tstim_18: ori = 347
25.787	EXP	Tstim_19: ori = 333
25.787	EXP	Tstim_20: ori = 332
25.787	EXP	Tstim: opacity = 0.5
25.787	EXP	Tstim: pos = [0.12,-0.3]
25.787	EXP	Tstim: height = 0.1
25.787	EXP	Tstim_2: opacity = 0.5
25.787	EXP	Tstim_2: height = 0.1
25.787	EXP	Tstim_3: opacity = 0.5
25.787	EXP	Tstim_3: pos = [0.21000000000000002,-0.06]
25.787	EXP	Tstim_3: height = 0.1
25.787	EXP	Tstim_4: opacity = 0.5
25.787	EXP	Tstim_4: pos = [-0.21,0.27]
25.787	EXP	Tstim_4: height = 0.1
25.787	EXP	Tstim_5: opacity = 0.5
25.787	EXP	Tstim_5: pos = [-0.27,0.02999999999999997]
25.787	EXP	Tstim_5: height = 0.1
25.787	EXP	Tstim_6: opacity = 0.5
25.787	EXP	Tstim_6: pos = [0.14999999999999997,0]
25.787	EXP	Tstim_6: height = 0.1
25.787	EXP	Tstim_7: opacity = 0.5
25.787	EXP	Tstim_7: pos = [0.06,-0.12]
25.787	EXP	Tstim_7: height = 0.1
25.787	EXP	Tstim_8: opacity = 0.5
25.787	EXP	Tstim_8: pos = [0.09000000000000002,-0.26999999999999996]
25.787	EXP	Tstim_8: height = 0.1
25.787	EXP	Tstim_9: opacity = 0.5
25.787	EXP	Tstim_9: pos = [0,0.21]
25.787	EXP	Tstim_9: height = 0.1
25.787	EXP	Tstim_10: opacity = 0.5
25.787	EXP	Tstim_10: pos = [-0.02999999999999997,0.24]
25.787	EXP	Tstim_10: height = 0.1
25.787	EXP	Tstim_11: opacity = 0.5
25.787	EXP	Tstim_11: pos = [-0.15,-0.21000000000000002]
25.787	EXP	Tstim_11: height = 0.1
25.787	EXP	Tstim_12: opacity = 0.5
25.787	EXP	Tstim_12: pos = [0.26999999999999996,0.06]
25.787	EXP	Tstim_12: height = 0.1
25.787	EXP	Tstim_13: opacity = 0.5
25.787	EXP	Tstim_13: pos = [0.18,0.3]
25.787	EXP	Tstim_13: height = 0.1
25.787	EXP	Tstim_14: opacity = 0.5
25.787	EXP	Tstim_14: pos = [0.02999999999999997,0.12]
25.787	EXP	Tstim_14: height = 0.1
25.787	EXP	Tstim_15: opacity = 0.5
25.787	EXP	Tstim_15: pos = [-0.24,0.09]
25.787	EXP	Tstim_15: height = 0.1
25.787	EXP	Tstim_16: opacity = 0.5
25.787	EXP	Tstim_16: pos = [-0.06,-0.14999999999999997]
25.787	EXP	Tstim_16: height = 0.1
25.787	EXP	Tstim_17: opacity = 0.5
25.787	EXP	Tstim_17: pos = [-0.09,-0.09000000000000002]
25.787	EXP	Tstim_17: height = 0.1
25.787	EXP	Tstim_18: opacity = 0.5
25.787	EXP	Tstim_18: pos = [-0.12,0.15]
25.787	EXP	Tstim_18: height = 0.1
25.787	EXP	Tstim_19: opacity = 0.5
25.787	EXP	Tstim_19: pos = [-0.3,-0.18]
25.787	EXP	Tstim_19: height = 0.1
25.787	EXP	Tstim_20: opacity = 0.5
25.787	EXP	Tstim_20: pos = [0.24000000000000005,0.18]
25.787	EXP	Tstim_20: height = 0.1
25.787	EXP	Lstim: opacity = 0.5
25.787	EXP	Lstim: pos = [-0.18,-0.24000000000000005]
25.787	EXP	Lstim: height = 0.1
25.787	EXP	Tstim: autoDraw = true
25.787	EXP	Tstim_2: autoDraw = true
25.787	EXP	Tstim_3: autoDraw = true
25.787	EXP	Tstim_4: autoDraw = true
25.787	EXP	Tstim_5: autoDraw = true
25.787	EXP	Tstim_6: autoDraw = true
25.787	EXP	Tstim_7: autoDraw = true
25.787	EXP	Tstim_8: autoDraw = true
25.787	EXP	Tstim_9: autoDraw = true
25.787	EXP	Tstim_10: autoDraw = true
25.787	EXP	Tstim_11: autoDraw = true
25.787	EXP	Tstim_12: autoDraw = true
25.787	EXP	Tstim_13: autoDraw = true
25.787	EXP	Tstim_14: autoDraw = true
25.787	EXP	Tstim_15: autoDraw = true
25.787	EXP	Tstim_16: autoDraw = true
25.787	EXP	Tstim_17: autoDraw = true
25.787	EXP	Tstim_18: autoDraw = true
25.787	EXP	Tstim_19: autoDraw = true
25.787	EXP	Tstim_20: autoDraw = true
25.787	EXP	Lstim: autoDraw = true
27.66	DATA	Mouse: 0 button down, pos=(728,817)
27.69	EXP	Tstim: autoDraw = null
27.69	EXP	Tstim_2: autoDraw = null
27.69	EXP	Tstim_3: autoDraw = null
27.69	EXP	Tstim_4: autoDraw = null
27.69	EXP	Tstim_5: autoDraw = null
27.69	EXP	Tstim_6: autoDraw = null
27.69	EXP	Tstim_7: autoDraw = null
27.69	EXP	Tstim_8: autoDraw = null
27.69	EXP	Tstim_9: autoDraw = null
27.69	EXP	Tstim_10: autoDraw = null
27.69	EXP	Tstim_11: autoDraw = null
27.69	EXP	Tstim_12: autoDraw = null
27.69	EXP	Tstim_13: autoDraw = null
27.69	EXP	Tstim_14: autoDraw = null
27.69	EXP	Tstim_15: autoDraw = null
27.69	EXP	Tstim_16: autoDraw = null
27.69	EXP	Tstim_17: autoDraw = null
27.69	EXP	Tstim_18: autoDraw = null
27.69	EXP	Tstim_19: autoDraw = null
27.69	EXP	Tstim_20: autoDraw = null
27.69	EXP	Lstim: autoDraw = null
27.69	EXP	text: text = Target found! Speed: 1.914 seconds
27.69	EXP	text: autoDraw = true
27.783	DATA	Mouse: 0 button down, pos=(728,817)
28.723	EXP	text: autoDraw = null
28.723	EXP	text: autoDraw = null
28.723	EXP	Tstim_20: color = black
28.723	EXP	Tstim_19: color = black
28.723	EXP	Tstim_18: color = black
28.723	EXP	Tstim_17: color = black
28.723	EXP	Tstim_16: color = black
28.723	EXP	Tstim_15: color = black
28.723	EXP	Tstim_14: color = black
28.723	EXP	Tstim_13: color = black
28.723	EXP	Tstim_12: color = black
28.723	EXP	Tstim_11: color = black
28.723	EXP	Tstim_10: color = black
28.723	EXP	Tstim_9: color = black
28.723	EXP	Tstim_8: color = black
28.723	EXP	Tstim_7: color = black
28.723	EXP	Tstim_6: color = black
28.723	EXP	Tstim_5: color = black
28.723	EXP	Tstim_4: color = black
28.723	EXP	Tstim_3: color = black
28.723	EXP	Tstim_2: color = black
28.723	EXP	Tstim: color = black
28.723	EXP	Lstim: color = red
28.723	EXP	Lstim: ori = 274
28.723	EXP	Tstim: ori = 316
28.723	EXP	Tstim_2: ori = 60
28.723	EXP	Tstim_3: ori = 147
28.723	EXP	Tstim_4: ori = 70
28.723	EXP	Tstim_5: ori = 210
28.723	EXP	Tstim_6: ori = 65
28.723	EXP	Tstim_7: ori = 167
28.723	EXP	Tstim_8: ori = 359
28.723	EXP	Tstim_9: ori = 353
28.723	EXP	Tstim_10: ori = 165
28.723	EXP	Tstim_11: ori = 126
28.723	EXP	Tstim_12: ori = 321
28.723	EXP	Tstim_13: ori = 117
28.723	EXP	Tstim_14: ori = 86
28.723	EXP	Tstim_15: ori = 315
28.723	EXP	Tstim_16: ori = 119
28.723	EXP	Tstim_17: ori = 278
28.723	EXP	Tstim_18: ori = 282
28.723	EXP	Tstim_19: ori = null
28.723	EXP	Tstim_20: ori = 88
28.723	EXP	Tstim: opacity = 0.5
28.723	EXP	Tstim: pos = [-0.12,-0.12]
28.723	EXP	Tstim: height = 0.1
28.723	EXP	Tstim_2: opacity = 0.5
28.723	EXP	Tstim_2: height = 0.1
28.723	EXP	Tstim_3: opacity = 0.5
28.723	EXP	Tstim_3: pos = [-0.06,0.09]
28.723	EXP	Tstim_3: height = 0.1
28.723	EXP	Tstim_4: opacity = 0.5
28.723	EXP	Tstim_4: pos = [0.06,0.24]
28.723	EXP	Tstim_4: height = 0.1
28.723	EXP	Tstim_5: opacity = 0.5
28.723	EXP	Tstim_5: pos = [0.14999999999999997,0.3]
28.723	EXP	Tstim_5: height = 0.1
28.723	EXP	Tstim_6: opacity = 0.5
28.723	EXP	Tstim_6: pos = [0.3,-0.09000000000000002]
28.723	EXP	Tstim_6: height = 0.1
28.723	EXP	Tstim_7: opacity = 0.5
28.723	EXP	Tstim_7: pos = [-0.27,0]
28.723	EXP	Tstim_7: height = 0.1
28.723	EXP	Tstim_8: opacity = 0.5
28.723	EXP	Tstim_8: pos = [-0.3,-0.21000000000000002]
28.723	EXP	Tstim_8: height = 0.1
28.723	EXP	Tstim_9: opacity = 0.5
28.723	EXP	Tstim_9: pos = [0.12,0.18]
28.723	EXP	Tstim_9: height = 0.1
28.723	EXP	Tstim_10: opacity = 0.5
28.723	EXP	Tstim_10: pos = [-0.21,0.27]
28.723	EXP	Tstim_10: height = 0.1
28.723	EXP	Tstim_11: opacity = 0.5
28.723	EXP	Tstim_11: pos = [0,-0.02999999999999997]
28.723	EXP	Tstim_11: height = 0.1
28.723	EXP	Tstim_12: opacity = 0.5
28.723	EXP	Tstim_12: pos = [0.09000000000000002,0.06]
28.723	EXP	Tstim_12: height = 0.1
28.723	EXP	Tstim_13: opacity = 0.5
28.723	EXP	Tstim_13: pos = [0.21000000000000002,0.15]
28.723	EXP	Tstim_13: height = 0.1
28.723	EXP	Tstim_14: opacity = 0.5
28.723	EXP	Tstim_14: pos = [0.26999999999999996,-0.18]
28.723	EXP	Tstim_14: height = 0.1
28.723	EXP	Tstim_15: opacity = 0.5
28.723	EXP	Tstim_15: pos = [0.24000000000000005,0.12]
28.723	EXP	Tstim_15: height = 0.1
28.723	EXP	Tstim_16: opacity = 0.5
28.723	EXP	Tstim_16: pos = [-0.09,0.21]
28.723	EXP	Tstim_16: height = 0.1
28.723	EXP	Tstim_17: opacity = 0.5
28.723	EXP	Tstim_17: pos = [0.02999999999999997,-0.26999999999999996]
28.723	EXP	Tstim_17: height = 0.1
28.723	EXP	Tstim_18: opacity = 0.5
28.723	EXP	Tstim_18: pos = [-0.18,0.02999999999999997]
28.723	EXP	Tstim_18: height = 0.1
28.723	EXP	Tstim_19: opacity = 0.5
28.723	EXP	Tstim_19: pos = [-0.02999999999999997,-0.06]
28.723	EXP	Tstim_19: height = 0.1
28.723	EXP	Tstim_20: opacity = 0.5
28.723	EXP	Tstim_20: pos = [0.18,-0.24000000000000005]
28.723	EXP	Tstim_20: height = 0.1
28.723	EXP	Lstim: opacity = 0.5
28.723	EXP	Lstim: pos = [-0.15,-0.3]
28.723	EXP	Lstim: height = 0.1
28.723	EXP	Tstim: autoDraw = true
28.723	EXP	Tstim_2: autoDraw = true
28.723	EXP	Tstim_3: autoDraw = true
28.723	EXP	Tstim_4: autoDraw = true
28.723	EXP	Tstim_5: autoDraw = true
28.723	EXP	Tstim_6: autoDraw = true
28.723	EXP	Tstim_7: autoDraw = true
28.723	EXP	Tstim_8: autoDraw = true
28.723	EXP	Tstim_9: autoDraw = true
28.723	EXP	Tstim_10: autoDraw = true
28.723	EXP	Tstim_11: autoDraw = true
28.723	EXP	Tstim_12: autoDraw = true
28.723	EXP	Tstim_13: autoDraw = true
28.723	EXP	Tstim_14: autoDraw = true
28.723	EXP	Tstim_15: autoDraw = true
28.723	EXP	Tstim_16: autoDraw = true
28.723	EXP	Tstim_17: autoDraw = true
28.723	EXP	Tstim_18: autoDraw = true
28.723	EXP	Tstim_19: autoDraw = true
28.723	EXP	Tstim_20: autoDraw = true
28.723	EXP	Lstim: autoDraw = true
29.666	DATA	Mouse: 0 button down, pos=(727,882)
29.692	EXP	Tstim: autoDraw = null
29.692	EXP	Tstim_2: autoDraw = null
29.692	EXP	Tstim_3: autoDraw = null
29.692	EXP	Tstim_4: autoDraw = null
29.692	EXP	Tstim_5: autoDraw = null
29.692	EXP	Tstim_6: autoDraw = null
29.692	EXP	Tstim_7: autoDraw = null
29.692	EXP	Tstim_8: autoDraw = null
29.692	EXP	Tstim_9: autoDraw = null
29.692	EXP	Tstim_10: autoDraw = null
29.692	EXP	Tstim_11: autoDraw = null
29.692	EXP	Tstim_12: autoDraw = null
29.692	EXP	Tstim_13: autoDraw = null
29.692	EXP	Tstim_14: autoDraw = null
29.692	EXP	Tstim_15: autoDraw = null
29.692	EXP	Tstim_16: autoDraw = null
29.692	EXP	Tstim_17: autoDraw = null
29.692	EXP	Tstim_18: autoDraw = null
29.692	EXP	Tstim_19: autoDraw = null
29.692	EXP	Tstim_20: autoDraw = null
29.692	EXP	Lstim: autoDraw = null
29.692	EXP	text: text = Target found! Speed: 0.985 seconds
29.692	EXP	text: autoDraw = true
29.805	DATA	Mouse: 0 button down, pos=(727,882)
30.723	EXP	text: autoDraw = null
30.723	EXP	text: autoDraw = null
30.723	EXP	Tstim_20: color = black
30.723	EXP	Tstim_19: color = black
30.723	EXP	Tstim_18: color = black
30.723	EXP	Tstim_17: color = black
30.723	EXP	Tstim_16: color = black
30.723	EXP	Tstim_15: color = grey
30.723	EXP	Tstim_14: color = grey
30.723	EXP	Tstim_13: color = grey
30.723	EXP	Tstim_12: color = grey
30.723	EXP	Tstim_11: color = grey
30.723	EXP	Tstim_10: color = grey
30.723	EXP	Tstim_9: color = grey
30.723	EXP	Tstim_8: color = grey
30.723	EXP	Tstim_7: color = grey
30.723	EXP	Tstim_6: color = grey
30.723	EXP	Tstim_5: color = grey
30.723	EXP	Tstim_4: color = grey
30.723	EXP	Tstim_3: color = grey
30.723	EXP	Tstim_2: color = grey
30.723	EXP	Tstim: color = grey
30.723	EXP	Lstim: color = black
30.723	EXP	Lstim: ori = 59
30.723	EXP	Tstim: ori = 106
30.723	EXP	Tstim_2: ori = 126
30.723	EXP	Tstim_3: ori = 56
30.723	EXP	Tstim_4: ori = 348
30.723	EXP	Tstim_5: ori = 304
30.723	EXP	Tstim_6: ori = 209
30.723	EXP	Tstim_7: ori = 100
30.723	EXP	Tstim_8: ori = 131
30.723	EXP	Tstim_9: ori = 91
30.723	EXP	Tstim_10: ori = 70
30.723	EXP	Tstim_11: ori = 261
30.723	EXP	Tstim_12: ori = 316
30.723	EXP	Tstim_13: ori = 86
30.723	EXP	Tstim_14: ori = 330
30.723	EXP	Tstim_15: ori = 133
30.723	EXP	Tstim_16: ori = 226
30.723	EXP	Tstim_17: ori = 342
30.723	EXP	Tstim_18: ori = 73
30.723	EXP	Tstim_19: ori = 187
30.723	EXP	Tstim_20: ori = 113
30.723	EXP	Tstim: opacity = 0.5
30.723	EXP	Tstim: pos = [0.14999999999999997,-0.21000000000000002]
30.723	EXP	Tstim: height = 0.1
30.723	EXP	Tstim_2: opacity = 0.5
30.723	EXP	Tstim_2: height = 0.1
30.723	EXP	Tstim_3: opacity = 0.5
30.723	EXP	Tstim_3: pos = [0.26999999999999996,-0.18]
30.723	EXP	Tstim_3: height = 0.1
30.723	EXP	Tstim_4: opacity = 0.5
30.723	EXP	Tstim_4: pos = [-0.21,0.12]
30.723	EXP	Tstim_4: height = 0.1
30.723	EXP	Tstim_5: opacity = 0.5
30.723	EXP	Tstim_5: pos = [-0.18,0.18]
30.723	EXP	Tstim_5: height = 0.1
30.723	EXP	Tstim_6: opacity = 0.5
30.723	EXP	Tstim_6: pos = [-0.27,-0.14999999999999997]
30.723	EXP	Tstim_6: height = 0.1
30.723	EXP	Tstim_7: opacity = 0.5
30.723	EXP	Tstim_7: pos = [0,-0.24000000000000005]
30.723	EXP	Tstim_7: height = 0.1
30.723	EXP	Tstim_8: opacity = 0.5
30.723	EXP	Tstim_8: pos = [-0.06,-0.26999999999999996]
30.723	EXP	Tstim_8: height = 0.1
30.723	EXP	Tstim_9: opacity = 0.5
30.723	EXP	Tstim_9: pos = [-0.24,0.15]
30.723	EXP	Tstim_9: height = 0.1
30.723	EXP	Tstim_10: opacity = 0.5
30.723	EXP	Tstim_10: pos = [-0.3,-0.12]
30.723	EXP	Tstim_10: height = 0.1
30.723	EXP	Tstim_11: opacity = 0.5
30.723	EXP	Tstim_11: pos = [0.02999999999999997,-0.02999999999999997]
30.723	EXP	Tstim_11: height = 0.1
30.723	EXP	Tstim_12: opacity = 0.5
30.723	EXP	Tstim_12: pos = [0.09000000000000002,0.3]
30.723	EXP	Tstim_12: height = 0.1
30.723	EXP	Tstim_13: opacity = 0.5
30.723	EXP	Tstim_13: pos = [0.3,0.02999999999999997]
30.723	EXP	Tstim_13: height = 0.1
30.723	EXP	Tstim_14: opacity = 0.5
30.723	EXP	Tstim_14: pos = [0.18,0]
30.723	EXP	Tstim_14: height = 0.1
30.723	EXP	Tstim_15: opacity = 0.5
30.723	EXP	Tstim_15: pos = [0.06,0.09]
30.723	EXP	Tstim_15: height = 0.1
30.723	EXP	Tstim_16: opacity = 0.5
30.723	EXP	Tstim_16: pos = [-0.12,0.24]
30.723	EXP	Tstim_16: height = 0.1
30.723	EXP	Tstim_17: opacity = 0.5
30.723	EXP	Tstim_17: pos = [0.24000000000000005,-0.3]
30.723	EXP	Tstim_17: height = 0.1
30.723	EXP	Tstim_18: opacity = 0.5
30.723	EXP	Tstim_18: pos = [0.21000000000000002,0.27]
30.723	EXP	Tstim_18: height = 0.1
30.723	EXP	Tstim_19: opacity = 0.5
30.723	EXP	Tstim_19: pos = [0.12,-0.06]
30.723	EXP	Tstim_19: height = 0.1
30.723	EXP	Tstim_20: opacity = 0.5
30.723	EXP	Tstim_20: pos = [-0.02999999999999997,0.21]
30.723	EXP	Tstim_20: height = 0.1
30.723	EXP	Lstim: opacity = 0.5
30.723	EXP	Lstim: pos = [-0.09,0.06]
30.723	EXP	Lstim: height = 0.1
30.723	EXP	Tstim: autoDraw = true
30.723	EXP	Tstim_2: autoDraw = true
30.723	EXP	Tstim_3: autoDraw = true
30.723	EXP	Tstim_4: autoDraw = true
30.723	EXP	Tstim_5: autoDraw = true
30.723	EXP	Tstim_6: autoDraw = true
30.723	EXP	Tstim_7: autoDraw = true
30.723	EXP	Tstim_8: autoDraw = true
30.723	EXP	Tstim_9: autoDraw = true
30.723	EXP	Tstim_10: autoDraw = true
30.723	EXP	Tstim_11: autoDraw = true
30.723	EXP	Tstim_12: autoDraw = true
30.723	EXP	Tstim_13: autoDraw = true
30.723	EXP	Tstim_14: autoDraw = true
30.723	EXP	Tstim_15: autoDraw = true
30.723	EXP	Tstim_16: autoDraw = true
30.723	EXP	Tstim_17: autoDraw = true
30.723	EXP	Tstim_18: autoDraw = true
30.723	EXP	Tstim_19: autoDraw = true
30.723	EXP	Tstim_20: autoDraw = true
30.723	EXP	Lstim: autoDraw = true
31.793	DATA	Mouse: 0 button down, pos=(786,504)
31.822000000000003	EXP	Tstim: autoDraw = null
31.822000000000003	EXP	Tstim_2: autoDraw = null
31.822000000000003	EXP	Tstim_3: autoDraw = null
31.822000000000003	EXP	Tstim_4: autoDraw = null
31.822000000000003	EXP	Tstim_5: autoDraw = null
31.822000000000003	EXP	Tstim_6: autoDraw = null
31.822000000000003	EXP	Tstim_7: autoDraw = null
31.822000000000003	EXP	Tstim_8: autoDraw = null
31.822000000000003	EXP	Tstim_9: autoDraw = null
31.822000000000003	EXP	Tstim_10: autoDraw = null
31.822000000000003	EXP	Tstim_11: autoDraw = null
31.822000000000003	EXP	Tstim_12: autoDraw = null
31.822000000000003	EXP	Tstim_13: autoDraw = null
31.822000000000003	EXP	Tstim_14: autoDraw = null
31.822000000000003	EXP	Tstim_15: autoDraw = null
31.822000000000003	EXP	Tstim_16: autoDraw = null
31.822000000000003	EXP	Tstim_17: autoDraw = null
31.822000000000003	EXP	Tstim_18: autoDraw = null
31.822000000000003	EXP	Tstim_19: autoDraw = null
31.822000000000003	EXP	Tstim_20: autoDraw = null
31.822000000000003	EXP	Lstim: autoDraw = null
31.822000000000003	EXP	text: text = Target found! Speed: 1.111 seconds
31.822000000000003	EXP	text: autoDraw = true
31.930999999999997	DATA	Mouse: 0 button down, pos=(786,504)
32.836999999999996	EXP	text: autoDraw = null
32.836999999999996	EXP	text: autoDraw = null
32.836999999999996	EXP	Tstim_20: color = black
32.836999999999996	EXP	Tstim_19: color = black
32.836999999999996	EXP	Tstim_18: color = black
32.836999999999996	EXP	Tstim_17: color = black
32.836999999999996	EXP	Tstim_16: color = black
32.836999999999996	EXP	Tstim_15: color = grey
32.836999999999996	EXP	Tstim_14: color = grey
32.836999999999996	EXP	Tstim_13: color = grey
32.836999999999996	EXP	Tstim_12: color = grey
32.836999999999996	EXP	Tstim_11: color = grey
32.836999999999996	EXP	Tstim_10: color = grey
32.836999999999996	EXP	Tstim_9: color = grey
32.836999999999996	EXP	Tstim_8: color = grey
32.836999999999996	EXP	Tstim_7: color = grey
32.836999999999996	EXP	Tstim_6: color = grey
32.836999999999996	EXP	Tstim_5: color = grey
32.836999999999996	EXP	Tstim_4: color = grey
32.836999999999996	EXP	Tstim_3: color = grey
32.836999999999996	EXP	Tstim_2: color = grey
32.836999999999996	EXP	Tstim: color = grey
32.836999999999996	EXP	Lstim: color = black
32.836999999999996	EXP	Lstim: ori = 181
32.836999999999996	EXP	Tstim: ori = 3
32.836999999999996	EXP	Tstim_2: ori = 357
32.836999999999996	EXP	Tstim_3: ori = 337
32.836999999999996	EXP	Tstim_4: ori = 104
32.836999999999996	EXP	Tstim_5: ori = 283
32.836999999999996	EXP	Tstim_6: ori = 278
32.836999999999996	EXP	Tstim_7: ori = 41
32.836999999999996	EXP	Tstim_8: ori = 102
32.836999999999996	EXP	Tstim_9: ori = 168
32.836999999999996	EXP	Tstim_10: ori = 27
32.836999999999996	EXP	Tstim_11: ori = 143
32.836999999999996	EXP	Tstim_12: ori = 101
32.836999999999996	EXP	Tstim_13: ori = 21
32.836999999999996	EXP	Tstim_14: ori = 138
32.836999999999996	EXP	Tstim_15: ori = 104
32.836999999999996	EXP	Tstim_16: ori = 20
32.836999999999996	EXP	Tstim_17: ori = 171
32.836999999999996	EXP	Tstim_18: ori = 129
32.836999999999996	EXP	Tstim_19: ori = 89
32.836999999999996	EXP	Tstim_20: ori = 181
32.836999999999996	EXP	Tstim: opacity = 0.5
32.836999999999996	EXP	Tstim: pos = [-0.21,-0.18]
32.836999999999996	EXP	Tstim: height = 0.1
32.836999999999996	EXP	Tstim_2: opacity = 0.5
32.836999999999996	EXP	Tstim_2: height = 0.1
32.836999999999996	EXP	Tstim_3: opacity = 0.5
32.836999999999996	EXP	Tstim_3: pos = [-0.24,-0.24000000000000005]
32.836999999999996	EXP	Tstim_3: height = 0.1
32.836999999999996	EXP	Tstim_4: opacity = 0.5
32.836999999999996	EXP	Tstim_4: pos = [-0.3,-0.14999999999999997]
32.836999999999996	EXP	Tstim_4: height = 0.1
32.836999999999996	EXP	Tstim_5: opacity = 0.5
32.836999999999996	EXP	Tstim_5: pos = [-0.02999999999999997,-0.02999999999999997]
32.836999999999996	EXP	Tstim_5: height = 0.1
32.836999999999996	EXP	Tstim_6: opacity = 0.5
32.836999999999996	EXP	Tstim_6: pos = [0.12,0.02999999999999997]
32.836999999999996	EXP	Tstim_6: height = 0.1
32.836999999999996	EXP	Tstim_7: opacity = 0.5
32.836999999999996	EXP	Tstim_7: pos = [-0.12,0]
32.836999999999996	EXP	Tstim_7: height = 0.1
32.836999999999996	EXP	Tstim_8: opacity = 0.5
32.836999999999996	EXP	Tstim_8: pos = [-0.27,0.18]
32.836999999999996	EXP	Tstim_8: height = 0.1
32.836999999999996	EXP	Tstim_9: opacity = 0.5
32.836999999999996	EXP	Tstim_9: pos = [-0.18,-0.3]
32.836999999999996	EXP	Tstim_9: height = 0.1
32.836999999999996	EXP	Tstim_10: opacity = 0.5
32.836999999999996	EXP	Tstim_10: pos = [0.24000000000000005,0.24]
32.836999999999996	EXP	Tstim_10: height = 0.1
32.836999999999996	EXP	Tstim_11: opacity = 0.5
32.836999999999996	EXP	Tstim_11: pos = [-0.09,0.3]
32.836999999999996	EXP	Tstim_11: height = 0.1
32.836999999999996	EXP	Tstim_12: opacity = 0.5
32.836999999999996	EXP	Tstim_12: pos = [0.18,0.06]
32.836999999999996	EXP	Tstim_12: height = 0.1
32.836999999999996	EXP	Tstim_13: opacity = 0.5
32.836999999999996	EXP	Tstim_13: pos = [0,-0.26999999999999996]
32.836999999999996	EXP	Tstim_13: height = 0.1
32.836999999999996	EXP	Tstim_14: opacity = 0.5
32.836999999999996	EXP	Tstim_14: pos = [0.06,0.09]
32.836999999999996	EXP	Tstim_14: height = 0.1
32.836999999999996	EXP	Tstim_15: opacity = 0.5
32.836999999999996	EXP	Tstim_15: pos = [-0.15,-0.09000000000000002]
32.836999999999996	EXP	Tstim_15: height = 0.1
32.836999999999996	EXP	Tstim_16: opacity = 0.5
32.836999999999996	EXP	Tstim_16: pos = [0.21000000000000002,-0.21000000000000002]
32.836999999999996	EXP	Tstim_16: height = 0.1
32.836999999999996	EXP	Tstim_17: opacity = 0.5
32.836999999999996	EXP	Tstim_17: pos = [0.09000000000000002,-0.12]
32.836999999999996	EXP	Tstim_17: height = 0.1
32.836999999999996	EXP	Tstim_18: opacity = 0.5
32.836999999999996	EXP	Tstim_18: pos = [-0.06,0.27]
32.836999999999996	EXP	Tstim_18: height = 0.1
32.836999999999996	EXP	Tstim_19: opacity = 0.5
32.836999999999996	EXP	Tstim_19: pos = [0.26999999999999996,0.21]
32.836999999999996	EXP	Tstim_19: height = 0.1
32.836999999999996	EXP	Tstim_20: opacity = 0.5
32.836999999999996	EXP	Tstim_20: pos = [0.14999999999999997,0.15]
32.836999999999996	EXP	Tstim_20: height = 0.1
32.836999999999996	EXP	Lstim: opacity = 0.5
32.836999999999996	EXP	Lstim: pos = [0.3,0.12]
32.836999999999996	EXP	Lstim: height = 0.1
32.836999999999996	EXP	Tstim: autoDraw = true
32.836999999999996	EXP	Tstim_2: autoDraw = true
32.836999999999996	EXP	Tstim_3: autoDraw = true
32.836999999999996	EXP	Tstim_4: autoDraw = true
32.836999999999996	EXP	Tstim_5: autoDraw = true
32.836999999999996	EXP	Tstim_6: autoDraw = true
32.836999999999996	EXP	Tstim_7: autoDraw = true
32.836999999999996	EXP	Tstim_8: autoDraw = true
32.836999999999996	EXP	Tstim_9: autoDraw = true
32.836999999999996	EXP	Tstim_10: autoDraw = true
32.836999999999996	EXP	Tstim_11: autoDraw = true
32.836999999999996	EXP	Tstim_12: autoDraw = true
32.836999999999996	EXP	Tstim_13: autoDraw = true
32.836999999999996	EXP	Tstim_14: autoDraw = true
32.836999999999996	EXP	Tstim_15: autoDraw = true
32.836999999999996	EXP	Tstim_16: autoDraw = true
32.836999999999996	EXP	Tstim_17: autoDraw = true
32.836999999999996	EXP	Tstim_18: autoDraw = true
32.836999999999996	EXP	Tstim_19: autoDraw = true
32.836999999999996	EXP	Tstim_20: autoDraw = true
32.836999999999996	EXP	Lstim: autoDraw = true
34.459	DATA	Mouse: 0 button down, pos=(1249,411)
34.485	EXP	Tstim: autoDraw = null
34.485	EXP	Tstim_2: autoDraw = null
34.485	EXP	Tstim_3: autoDraw = null
34.485	EXP	Tstim_4: autoDraw = null
34.485	EXP	Tstim_5: autoDraw = null
34.485	EXP	Tstim_6: autoDraw = null
34.485	EXP	Tstim_7: autoDraw = null
34.485	EXP	Tstim_8: autoDraw = null
34.485	EXP	Tstim_9: autoDraw = null
34.485	EXP	Tstim_10: autoDraw = null
34.485	EXP	Tstim_11: autoDraw = null
34.485	EXP	Tstim_12: autoDraw = null
34.485	EXP	Tstim_13: autoDraw = null
34.485	EXP	Tstim_14: autoDraw = null
34.485	EXP	Tstim_15: autoDraw = null
34.485	EXP	Tstim_16: autoDraw = null
34.485	EXP	Tstim_17: autoDraw = null
34.485	EXP	Tstim_18: autoDraw = null
34.485	EXP	Tstim_19: autoDraw = null
34.485	EXP	Tstim_20: autoDraw = null
34.485	EXP	Lstim: autoDraw = null
34.485	EXP	text: text = Target found! Speed: 1.663 seconds
34.485	EXP	text: autoDraw = true
34.574	DATA	Mouse: 0 button down, pos=(1249,410)
35.518	EXP	text: autoDraw = null
35.518	EXP	text: autoDraw = null
35.518	EXP	Tstim_20: color = black
35.518	EXP	Tstim_19: color = black
35.518	EXP	Tstim_18: color = black
35.518	EXP	Tstim_17: color = black
35.518	EXP	Tstim_16: color = black
35.518	EXP	Tstim_15: color = black
35.518	EXP	Tstim_14: color = black
35.518	EXP	Tstim_13: color = black
35.518	EXP	Tstim_12: color = black
35.518	EXP	Tstim_11: color = black
35.518	EXP	Tstim_10: color = black
35.518	EXP	Tstim_9: color = black
35.518	EXP	Tstim_8: color = black
35.518	EXP	Tstim_7: color = black
35.518	EXP	Tstim_6: color = black
35.518	EXP	Tstim_5: color = black
35.518	EXP	Tstim_4: color = black
35.518	EXP	Tstim_3: color = black
35.518	EXP	Tstim_2: color = black
35.518	EXP	Tstim: color = black
35.518	EXP	Lstim: color = black
35.518	EXP	Lstim: ori = 342
35.518	EXP	Tstim: ori = 219
35.518	EXP	Tstim_2: ori = 300
35.518	EXP	Tstim_3: ori = 156
35.518	EXP	Tstim_4: ori = 149
35.518	EXP	Tstim_5: ori = 323
35.518	EXP	Tstim_6: ori = 155
35.518	EXP	Tstim_7: ori = 47
35.518	EXP	Tstim_8: ori = 13
35.518	EXP	Tstim_9: ori = 154
35.518	EXP	Tstim_10: ori = 101
35.518	EXP	Tstim_11: ori = 71
35.518	EXP	Tstim_12: ori = 126
35.518	EXP	Tstim_13: ori = 64
35.518	EXP	Tstim_14: ori = 149
35.518	EXP	Tstim_15: ori = 118
35.518	EXP	Tstim_16: ori = 51
35.518	EXP	Tstim_17: ori = 197
35.518	EXP	Tstim_18: ori = 139
35.518	EXP	Tstim_19: ori = 124
35.518	EXP	Tstim_20: ori = 184
35.518	EXP	Tstim: opacity = 0.5
35.518	EXP	Tstim: pos = [-0.21,0.3]
35.518	EXP	Tstim: height = 0.1
35.518	EXP	Tstim_2: opacity = 0.5
35.518	EXP	Tstim_2: height = 0.1
35.518	EXP	Tstim_3: opacity = 0.5
35.518	EXP	Tstim_3: pos = [0.21000000000000002,0.02999999999999997]
35.518	EXP	Tstim_3: height = 0.1
35.518	EXP	Tstim_4: opacity = 0.5
35.518	EXP	Tstim_4: pos = [0.24000000000000005,-0.02999999999999997]
35.518	EXP	Tstim_4: height = 0.1
35.518	EXP	Tstim_5: opacity = 0.5
35.518	EXP	Tstim_5: pos = [0.09000000000000002,0.15]
35.518	EXP	Tstim_5: height = 0.1
35.518	EXP	Tstim_6: opacity = 0.5
35.518	EXP	Tstim_6: pos = [0.02999999999999997,0.09]
35.518	EXP	Tstim_6: height = 0.1
35.518	EXP	Tstim_7: opacity = 0.5
35.518	EXP	Tstim_7: pos = [0.18,0.12]
35.518	EXP	Tstim_7: height = 0.1
35.518	EXP	Tstim_8: opacity = 0.5
35.518	EXP	Tstim_8: pos = [-0.12,0.24]
35.518	EXP	Tstim_8: height = 0.1
35.518	EXP	Tstim_9: opacity = 0.5
35.518	EXP	Tstim_9: pos = [0.3,-0.14999999999999997]
35.518	EXP	Tstim_9: height = 0.1
35.518	EXP	Tstim_10: opacity = 0.5
35.518	EXP	Tstim_10: pos = [-0.24,0]
35.518	EXP	Tstim_10: height = 0.1
35.518	EXP	Tstim_11: opacity = 0.5
35.518	EXP	Tstim_11: pos = [0.26999999999999996,-0.26999999999999996]
35.518	EXP	Tstim_11: height = 0.1
35.518	EXP	Tstim_12: opacity = 0.5
35.518	EXP	Tstim_12: pos = [-0.27,0.18]
35.518	EXP	Tstim_12: height = 0.1
35.518	EXP	Tstim_13: opacity = 0.5
35.518	EXP	Tstim_13: pos = [-0.15,0.21]
35.518	EXP	Tstim_13: height = 0.1
35.518	EXP	Tstim_14: opacity = 0.5
35.518	EXP	Tstim_14: pos = [0,0.27]
35.518	EXP	Tstim_14: height = 0.1
35.518	EXP	Tstim_15: opacity = 0.5
35.518	EXP	Tstim_15: pos = [-0.3,-0.18]
35.518	EXP	Tstim_15: height = 0.1
35.518	EXP	Tstim_16: opacity = 0.5
35.518	EXP	Tstim_16: pos = [0.14999999999999997,0.06]
35.518	EXP	Tstim_16: height = 0.1
35.518	EXP	Tstim_17: opacity = 0.5
35.518	EXP	Tstim_17: pos = [-0.06,-0.24000000000000005]
35.518	EXP	Tstim_17: height = 0.1
35.518	EXP	Tstim_18: opacity = 0.5
35.518	EXP	Tstim_18: pos = [-0.09,-0.06]
35.518	EXP	Tstim_18: height = 0.1
35.518	EXP	Tstim_19: opacity = 0.5
35.518	EXP	Tstim_19: pos = [0.12,-0.3]
35.518	EXP	Tstim_19: height = 0.1
35.518	EXP	Tstim_20: opacity = 0.5
35.518	EXP	Tstim_20: pos = [0.06,-0.21000000000000002]
35.518	EXP	Tstim_20: height = 0.1
35.518	EXP	Lstim: opacity = 0.5
35.518	EXP	Lstim: pos = [-0.18,-0.09000000000000002]
35.518	EXP	Lstim: height = 0.1
35.518	EXP	Tstim: autoDraw = true
35.518	EXP	Tstim_2: autoDraw = true
35.518	EXP	Tstim_3: autoDraw = true
35.518	EXP	Tstim_4: autoDraw = true
35.518	EXP	Tstim_5: autoDraw = true
35.518	EXP	Tstim_6: autoDraw = true
35.518	EXP	Tstim_7: autoDraw = true
35.518	EXP	Tstim_8: autoDraw = true
35.518	EXP	Tstim_9: autoDraw = true
35.518	EXP	Tstim_10: autoDraw = true
35.518	EXP	Tstim_11: autoDraw = true
35.518	EXP	Tstim_12: autoDraw = true
35.518	EXP	Tstim_13: autoDraw = true
35.518	EXP	Tstim_14: autoDraw = true
35.518	EXP	Tstim_15: autoDraw = true
35.518	EXP	Tstim_16: autoDraw = true
35.518	EXP	Tstim_17: autoDraw = true
35.518	EXP	Tstim_18: autoDraw = true
35.518	EXP	Tstim_19: autoDraw = true
35.518	EXP	Tstim_20: autoDraw = true
35.518	EXP	Lstim: autoDraw = true
36.889	DATA	Mouse: 0 button down, pos=(702,624)
36.914	EXP	Tstim: autoDraw = null
36.914	EXP	Tstim_2: autoDraw = null
36.914	EXP	Tstim_3: autoDraw = null
36.914	EXP	Tstim_4: autoDraw = null
36.914	EXP	Tstim_5: autoDraw = null
36.914	EXP	Tstim_6: autoDraw = null
36.914	EXP	Tstim_7: autoDraw = null
36.914	EXP	Tstim_8: autoDraw = null
36.914	EXP	Tstim_9: autoDraw = null
36.914	EXP	Tstim_10: autoDraw = null
36.914	EXP	Tstim_11: autoDraw = null
36.914	EXP	Tstim_12: autoDraw = null
36.914	EXP	Tstim_13: autoDraw = null
36.914	EXP	Tstim_14: autoDraw = null
36.914	EXP	Tstim_15: autoDraw = null
36.914	EXP	Tstim_16: autoDraw = null
36.914	EXP	Tstim_17: autoDraw = null
36.914	EXP	Tstim_18: autoDraw = null
36.914	EXP	Tstim_19: autoDraw = null
36.914	EXP	Tstim_20: autoDraw = null
36.914	EXP	Lstim: autoDraw = null
36.914	EXP	text: text = Target found! Speed: 1.413 seconds
36.914	EXP	text: autoDraw = true
37.028999999999996	DATA	Mouse: 0 button down, pos=(702,624)
37.948	EXP	text: autoDraw = null
37.948	EXP	text: autoDraw = null
37.948	EXP	Tstim_20: color = black
37.948	EXP	Tstim_19: color = black
37.948	EXP	Tstim_18: color = black
37.948	EXP	Tstim_17: color = black
37.948	EXP	Tstim_16: color = black
37.948	EXP	Tstim_15: color = black
37.948	EXP	Tstim_14: color = black
37.948	EXP	Tstim_13: color = black
37.948	EXP	Tstim_12: color = black
37.948	EXP	Tstim_11: color = black
37.948	EXP	Tstim_10: color = black
37.948	EXP	Tstim_9: color = black
37.948	EXP	Tstim_8: color = black
37.948	EXP	Tstim_7: color = black
37.948	EXP	Tstim_6: color = black
37.948	EXP	Tstim_5: color = black
37.948	EXP	Tstim_4: color = black
37.948	EXP	Tstim_3: color = black
37.948	EXP	Tstim_2: color = black
37.948	EXP	Tstim: color = black
37.948	EXP	Lstim: color = black
37.948	EXP	Lstim: ori = 28
37.948	EXP	Tstim: ori = 87
37.948	EXP	Tstim_2: ori = 150
37.948	EXP	Tstim_3: ori = 144
37.948	EXP	Tstim_4: ori = 136
37.948	EXP	Tstim_5: ori = 152
37.948	EXP	Tstim_6: ori = 312
37.948	EXP	Tstim_7: ori = 152
37.948	EXP	Tstim_8: ori = 290
37.948	EXP	Tstim_9: ori = 125
37.948	EXP	Tstim_10: ori = 57
37.948	EXP	Tstim_11: ori = 225
37.948	EXP	Tstim_12: ori = 75
37.948	EXP	Tstim_13: ori = null
37.948	EXP	Tstim_14: ori = 124
37.948	EXP	Tstim_15: ori = 266
37.948	EXP	Tstim_16: ori = 281
37.948	EXP	Tstim_17: ori = 153
37.948	EXP	Tstim_18: ori = 351
37.948	EXP	Tstim_19: ori = 304
37.948	EXP	Tstim_20: ori = 147
37.948	EXP	Tstim: opacity = 0.5
37.948	EXP	Tstim: pos = [-0.06,0.27]
37.948	EXP	Tstim: height = 0.1
37.948	EXP	Tstim_2: opacity = 0.5
37.948	EXP	Tstim_2: height = 0.1
37.948	EXP	Tstim_3: opacity = 0.5
37.948	EXP	Tstim_3: pos = [-0.27,-0.3]
37.948	EXP	Tstim_3: height = 0.1
37.948	EXP	Tstim_4: opacity = 0.5
37.948	EXP	Tstim_4: pos = [0.09000000000000002,0.09]
37.948	EXP	Tstim_4: height = 0.1
37.948	EXP	Tstim_5: opacity = 0.5
37.948	EXP	Tstim_5: pos = [-0.3,0.21]
37.948	EXP	Tstim_5: height = 0.1
37.948	EXP	Tstim_6: opacity = 0.5
37.948	EXP	Tstim_6: pos = [0.12,-0.18]
37.948	EXP	Tstim_6: height = 0.1
37.948	EXP	Tstim_7: opacity = 0.5
37.948	EXP	Tstim_7: pos = [-0.12,0.12]
37.948	EXP	Tstim_7: height = 0.1
37.948	EXP	Tstim_8: opacity = 0.5
37.948	EXP	Tstim_8: pos = [0,0.02999999999999997]
37.948	EXP	Tstim_8: height = 0.1
37.948	EXP	Tstim_9: opacity = 0.5
37.948	EXP	Tstim_9: pos = [0.21000000000000002,-0.26999999999999996]
37.948	EXP	Tstim_9: height = 0.1
37.948	EXP	Tstim_10: opacity = 0.5
37.948	EXP	Tstim_10: pos = [-0.15,0.3]
37.948	EXP	Tstim_10: height = 0.1
37.948	EXP	Tstim_11: opacity = 0.5
37.948	EXP	Tstim_11: pos = [-0.21,0.15]
37.948	EXP	Tstim_11: height = 0.1
37.948	EXP	Tstim_12: opacity = 0.5
37.948	EXP	Tstim_12: pos = [0.24000000000000005,-0.14999999999999997]
37.948	EXP	Tstim_12: height = 0.1
37.948	EXP	Tstim_13: opacity = 0.5
37.948	EXP	Tstim_13: pos = [0.3,0.06]
37.948	EXP	Tstim_13: height = 0.1
37.948	EXP	Tstim_14: opacity = 0.5
37.948	EXP	Tstim_14: pos = [-0.02999999999999997,0.24]
37.948	EXP	Tstim_14: height = 0.1
37.948	EXP	Tstim_15: opacity = 0.5
37.948	EXP	Tstim_15: pos = [0.18,-0.02999999999999997]
37.948	EXP	Tstim_15: height = 0.1
37.948	EXP	Tstim_16: opacity = 0.5
37.948	EXP	Tstim_16: pos = [-0.18,0]
37.948	EXP	Tstim_16: height = 0.1
37.948	EXP	Tstim_17: opacity = 0.5
37.948	EXP	Tstim_17: pos = [0.26999999999999996,0.18]
37.948	EXP	Tstim_17: height = 0.1
37.948	EXP	Tstim_18: opacity = 0.5
37.948	EXP	Tstim_18: pos = [0.06,-0.12]
37.948	EXP	Tstim_18: height = 0.1
37.948	EXP	Tstim_19: opacity = 0.5
37.948	EXP	Tstim_19: pos = [0.02999999999999997,-0.24000000000000005]
37.948	EXP	Tstim_19: height = 0.1
37.948	EXP	Tstim_20: opacity = 0.5
37.948	EXP	Tstim_20: pos = [0.14999999999999997,-0.09000000000000002]
37.948	EXP	Tstim_20: height = 0.1
37.948	EXP	Lstim: opacity = 0.5
37.948	EXP	Lstim: pos = [-0.09,-0.06]
37.948	EXP	Lstim: height = 0.1
37.948	EXP	Tstim: autoDraw = true
37.948	EXP	Tstim_2: autoDraw = true
37.948	EXP	Tstim_3: autoDraw = true
37.948	EXP	Tstim_4: autoDraw = true
37.948	EXP	Tstim_5: autoDraw = true
37.948	EXP	Tstim_6: autoDraw = true
37.948	EXP	Tstim_7: autoDraw = true
37.948	EXP	Tstim_8: autoDraw = true
37.948	EXP	Tstim_9: autoDraw = true
37.948	EXP	Tstim_10: autoDraw = true
37.948	EXP	Tstim_11: autoDraw = true
37.948	EXP	Tstim_12: autoDraw = true
37.948	EXP	Tstim_13: autoDraw = true
37.948	EXP	Tstim_14: autoDraw = true
37.948	EXP	Tstim_15: autoDraw = true
37.948	EXP	Tstim_16: autoDraw = true
37.948	EXP	Tstim_17: autoDraw = true
37.948	EXP	Tstim_18: autoDraw = true
37.948	EXP	Tstim_19: autoDraw = true
37.948	EXP	Tstim_20: autoDraw = true
37.948	EXP	Lstim: autoDraw = true
38.987	DATA	Mouse: 0 button down, pos=(789,633)
39.013	EXP	Tstim: autoDraw = null
39.013	EXP	Tstim_2: autoDraw = null
39.013	EXP	Tstim_3: autoDraw = null
39.013	EXP	Tstim_4: autoDraw = null
39.013	EXP	Tstim_5: autoDraw = null
39.013	EXP	Tstim_6: autoDraw = null
39.013	EXP	Tstim_7: autoDraw = null
39.013	EXP	Tstim_8: autoDraw = null
39.013	EXP	Tstim_9: autoDraw = null
39.013	EXP	Tstim_10: autoDraw = null
39.013	EXP	Tstim_11: autoDraw = null
39.013	EXP	Tstim_12: autoDraw = null
39.013	EXP	Tstim_13: autoDraw = null
39.013	EXP	Tstim_14: autoDraw = null
39.013	EXP	Tstim_15: autoDraw = null
39.013	EXP	Tstim_16: autoDraw = null
39.013	EXP	Tstim_17: autoDraw = null
39.013	EXP	Tstim_18: autoDraw = null
39.013	EXP	Tstim_19: autoDraw = null
39.013	EXP	Tstim_20: autoDraw = null
39.013	EXP	Lstim: autoDraw = null
39.013	EXP	text: text = Target found! Speed: 1.08 seconds
39.013	EXP	text: autoDraw = true
39.08	DATA	Mouse: 0 button down, pos=(789,633)
40.035	EXP	text: autoDraw = null
40.035	EXP	text: autoDraw = null
40.035	EXP	Tstim_20: color = black
40.035	EXP	Tstim_19: color = black
40.035	EXP	Tstim_18: color = black
40.035	EXP	Tstim_17: color = black
40.035	EXP	Tstim_16: color = black
40.035	EXP	Tstim_15: color = grey
40.035	EXP	Tstim_14: color = grey
40.035	EXP	Tstim_13: color = grey
40.035	EXP	Tstim_12: color = grey
40.035	EXP	Tstim_11: color = grey
40.035	EXP	Tstim_10: color = grey
40.035	EXP	Tstim_9: color = grey
40.035	EXP	Tstim_8: color = grey
40.035	EXP	Tstim_7: color = grey
40.035	EXP	Tstim_6: color = grey
40.035	EXP	Tstim_5: color = grey
40.035	EXP	Tstim_4: color = grey
40.035	EXP	Tstim_3: color = grey
40.035	EXP	Tstim_2: color = grey
40.035	EXP	Tstim: color = grey
40.035	EXP	Lstim: color = black
40.035	EXP	Lstim: ori = 32
40.035	EXP	Tstim: ori = 293
40.035	EXP	Tstim_2: ori = 194
40.035	EXP	Tstim_3: ori = 344
40.035	EXP	Tstim_4: ori = 121
40.035	EXP	Tstim_5: ori = 41
40.035	EXP	Tstim_6: ori = 319
40.035	EXP	Tstim_7: ori = 213
40.035	EXP	Tstim_8: ori = 241
40.035	EXP	Tstim_9: ori = 62
40.035	EXP	Tstim_10: ori = 136
40.035	EXP	Tstim_11: ori = 107
40.035	EXP	Tstim_12: ori = 153
40.035	EXP	Tstim_13: ori = 121
40.035	EXP	Tstim_14: ori = 16
40.035	EXP	Tstim_15: ori = 95
40.035	EXP	Tstim_16: ori = 133
40.035	EXP	Tstim_17: ori = 17
40.035	EXP	Tstim_18: ori = 52
40.035	EXP	Tstim_19: ori = 29
40.035	EXP	Tstim_20: ori = 99
40.035	EXP	Tstim: opacity = 0.5
40.035	EXP	Tstim: pos = [0.3,0.15]
40.035	EXP	Tstim: height = 0.1
40.035	EXP	Tstim_2: opacity = 0.5
40.035	EXP	Tstim_2: height = 0.1
40.035	EXP	Tstim_3: opacity = 0.5
40.035	EXP	Tstim_3: pos = [0.12,0.21]
40.035	EXP	Tstim_3: height = 0.1
40.035	EXP	Tstim_4: opacity = 0.5
40.035	EXP	Tstim_4: pos = [-0.21,0.27]
40.035	EXP	Tstim_4: height = 0.1
40.035	EXP	Tstim_5: opacity = 0.5
40.035	EXP	Tstim_5: pos = [0.09000000000000002,-0.26999999999999996]
40.035	EXP	Tstim_5: height = 0.1
40.035	EXP	Tstim_6: opacity = 0.5
40.035	EXP	Tstim_6: pos = [-0.02999999999999997,-0.14999999999999997]
40.035	EXP	Tstim_6: height = 0.1
40.035	EXP	Tstim_7: opacity = 0.5
40.035	EXP	Tstim_7: pos = [0.06,-0.12]
40.035	EXP	Tstim_7: height = 0.1
40.035	EXP	Tstim_8: opacity = 0.5
40.035	EXP	Tstim_8: pos = [-0.12,-0.3]
40.035	EXP	Tstim_8: height = 0.1
40.035	EXP	Tstim_9: opacity = 0.5
40.035	EXP	Tstim_9: pos = [0.18,0.3]
40.035	EXP	Tstim_9: height = 0.1
40.035	EXP	Tstim_10: opacity = 0.5
40.035	EXP	Tstim_10: pos = [-0.06,0.02999999999999997]
40.035	EXP	Tstim_10: height = 0.1
40.035	EXP	Tstim_11: opacity = 0.5
40.035	EXP	Tstim_11: pos = [-0.24,0.09]
40.035	EXP	Tstim_11: height = 0.1
40.035	EXP	Tstim_12: opacity = 0.5
40.035	EXP	Tstim_12: pos = [-0.18,0.12]
40.035	EXP	Tstim_12: height = 0.1
40.035	EXP	Tstim_13: opacity = 0.5
40.035	EXP	Tstim_13: pos = [0.26999999999999996,-0.21000000000000002]
40.035	EXP	Tstim_13: height = 0.1
40.035	EXP	Tstim_14: opacity = 0.5
40.035	EXP	Tstim_14: pos = [-0.15,-0.02999999999999997]
40.035	EXP	Tstim_14: height = 0.1
40.035	EXP	Tstim_15: opacity = 0.5
40.035	EXP	Tstim_15: pos = [0,0.06]
40.035	EXP	Tstim_15: height = 0.1
40.035	EXP	Tstim_16: opacity = 0.5
40.035	EXP	Tstim_16: pos = [0.21000000000000002,-0.24000000000000005]
40.035	EXP	Tstim_16: height = 0.1
40.035	EXP	Tstim_17: opacity = 0.5
40.035	EXP	Tstim_17: pos = [-0.3,-0.06]
40.035	EXP	Tstim_17: height = 0.1
40.035	EXP	Tstim_18: opacity = 0.5
40.035	EXP	Tstim_18: pos = [-0.27,0.24]
40.035	EXP	Tstim_18: height = 0.1
40.035	EXP	Tstim_19: opacity = 0.5
40.035	EXP	Tstim_19: pos = [0.14999999999999997,0]
40.035	EXP	Tstim_19: height = 0.1
40.035	EXP	Tstim_20: opacity = 0.5
40.035	EXP	Tstim_20: pos = [-0.09,-0.18]
40.035	EXP	Tstim_20: height = 0.1
40.035	EXP	Lstim: opacity = 0.5
40.035	EXP	Lstim: pos = [0.02999999999999997,0.18]
40.035	EXP	Lstim: height = 0.1
40.035	EXP	Tstim: autoDraw = true
40.035	EXP	Tstim_2: autoDraw = true
40.035	EXP	Tstim_3: autoDraw = true
40.035	EXP	Tstim_4: autoDraw = true
40.035	EXP	Tstim_5: autoDraw = true
40.035	EXP	Tstim_6: autoDraw = true
40.035	EXP	Tstim_7: autoDraw = true
40.035	EXP	Tstim_8: autoDraw = true
40.035	EXP	Tstim_9: autoDraw = true
40.035	EXP	Tstim_10: autoDraw = true
40.035	EXP	Tstim_11: autoDraw = true
40.035	EXP	Tstim_12: autoDraw = true
40.035	EXP	Tstim_13: autoDraw = true
40.035	EXP	Tstim_14: autoDraw = true
40.035	EXP	Tstim_15: autoDraw = true
40.035	EXP	Tstim_16: autoDraw = true
40.035	EXP	Tstim_17: autoDraw = true
40.035	EXP	Tstim_18: autoDraw = true
40.035	EXP	Tstim_19: autoDraw = true
40.035	EXP	Tstim_20: autoDraw = true
40.035	EXP	Lstim: autoDraw = true
41.973	DATA	Mouse: 0 button down, pos=(904,334)
41.999	EXP	Tstim: autoDraw = null
41.999	EXP	Tstim_2: autoDraw = null
41.999	EXP	Tstim_3: autoDraw = null
41.999	EXP	Tstim_4: autoDraw = null
41.999	EXP	Tstim_5: autoDraw = null
41.999	EXP	Tstim_6: autoDraw = null
41.999	EXP	Tstim_7: autoDraw = null
41.999	EXP	Tstim_8: autoDraw = null
41.999	EXP	Tstim_9: autoDraw = null
41.999	EXP	Tstim_10: autoDraw = null
41.999	EXP	Tstim_11: autoDraw = null
41.999	EXP	Tstim_12: autoDraw = null
41.999	EXP	Tstim_13: autoDraw = null
41.999	EXP	Tstim_14: autoDraw = null
41.999	EXP	Tstim_15: autoDraw = null
41.999	EXP	Tstim_16: autoDraw = null
41.999	EXP	Tstim_17: autoDraw = null
41.999	EXP	Tstim_18: autoDraw = null
41.999	EXP	Tstim_19: autoDraw = null
41.999	EXP	Tstim_20: autoDraw = null
41.999	EXP	Lstim: autoDraw = null
41.999	EXP	text: text = Target found! Speed: 1.98 seconds
41.999	EXP	text: autoDraw = true
42.129999999999995	DATA	Mouse: 0 button down, pos=(904,334)
42.987	EXP	text: autoDraw = null
42.987	EXP	text: autoDraw = null
42.987	EXP	endMsg: autoDraw = true
