5.3124 	WARNING 	We strongly recommend you activate the PTB sound engine in PsychoPy prefs as the preferred audio engine. Its timing is vastly superior. Your prefs are currently set to use ['sounddevice', 'PTB', 'pyo', 'pygame'] (in that order).
39.5028 	WARNING 	User requested fullscreen with size [1024  768], but screen is actually [1920, 1200]. Using actual size
41.3980 	EXP 	Created window1 = Window(allowGUI=False, allowStencil=False, args=UNKNOWN, autoLog=True, bitsMode=UNKNOWN, blendMode='avg', bpc=(8, 8, 8), color=array([0., 0., 0.]), colorSpace='rgb', depthBits=8, fullscr=<method-wrapper '__getattribute__' of attributeSetter object at 0x00000207C079AB00>, gamma=None, gammaErrorPolicy='raise', kwargs=UNKNOWN, lms=UNKNOWN, monitor=<psychopy.monitors.calibTools.Monitor object at 0x00000207C04C4D30>, multiSample=False, name='window1', numSamples=2, pos=[0.0, 0.0], screen=0, size=array([1920, 1200]), stencilBits=0, stereo=False, units='height', useFBO=True, useRetina=False, viewOri=0.0, viewPos=None, viewScale=None, waitBlanking=True, winType='pyglet')
41.3985 	EXP 	window1: mouseVisible = True
41.3986 	EXP 	window1: recordFrameIntervals = False
41.5639 	EXP 	window1: recordFrameIntervals = True
41.7477 	EXP 	window1: recordFrameIntervals = False
42.0229 	EXP 	Created instrTxt = TextStim(__class__=<class 'psychopy.visual.text.TextStim'>, alignHoriz=method-wrapper(...), alignText='center', alignVert=method-wrapper(...), anchorHoriz='center', anchorVert='center', antialias=True, autoLog=True, bold=False, color='white', colorSpace='named', contrast=1.0, depth=0.0, flipHoriz=False, flipVert=False, font='Arial', fontFiles=[], height=0.1, italic=False, languageStyle='LTR', name='instrTxt', opacity=1.0, ori=0, pos=array([0., 0.]), rgb=array([255., 255., 255.]), text=str(...), units='height', win=Window(...), wrapWidth=1)
42.0231 	EXP 	window1: mouseVisible = True
42.9083 	EXP 	Created Tstim = TextStim(__class__=<class 'psychopy.visual.text.TextStim'>, alignHoriz=method-wrapper(...), alignText='center', alignVert=method-wrapper(...), anchorHoriz='center', anchorVert='center', antialias=True, autoLog=True, bold=False, color='black', colorSpace='named', contrast=1.0, depth=-3.0, flipHoriz=False, flipVert=False, font='Arial', fontFiles=[], height=1.0, italic=False, languageStyle='LTR', name='Tstim', opacity=1.0, ori=0, pos=array([0., 0.]), rgb=array([0., 0., 0.]), text='T', units='height', win=Window(...), wrapWidth=1)
42.9097 	EXP 	Created Tstim_2 = TextStim(__class__=<class 'psychopy.visual.text.TextStim'>, alignHoriz=method-wrapper(...), alignText='center', alignVert=method-wrapper(...), anchorHoriz='center', anchorVert='center', antialias=True, autoLog=True, bold=False, color='black', colorSpace='named', contrast=1.0, depth=-4.0, flipHoriz=False, flipVert=False, font='Arial', fontFiles=[], height=1.0, italic=False, languageStyle='LTR', name='Tstim_2', opacity=1.0, ori=0, pos=array([0., 0.]), rgb=array([0., 0., 0.]), text='T', units='height', win=Window(...), wrapWidth=1)
42.9110 	EXP 	Created Tstim_3 = TextStim(__class__=<class 'psychopy.visual.text.TextStim'>, alignHoriz=method-wrapper(...), alignText='center', alignVert=method-wrapper(...), anchorHoriz='center', anchorVert='center', antialias=True, autoLog=True, bold=False, color='black', colorSpace='named', contrast=1.0, depth=-5.0, flipHoriz=False, flipVert=False, font='Arial', fontFiles=[], height=1.0, italic=False, languageStyle='LTR', name='Tstim_3', opacity=1.0, ori=0, pos=array([0., 0.]), rgb=array([0., 0., 0.]), text='T', units='height', win=Window(...), wrapWidth=1)
42.9122 	EXP 	Created Tstim_4 = TextStim(__class__=<class 'psychopy.visual.text.TextStim'>, alignHoriz=method-wrapper(...), alignText='center', alignVert=method-wrapper(...), anchorHoriz='center', anchorVert='center', antialias=True, autoLog=True, bold=False, color='black', colorSpace='named', contrast=1.0, depth=-6.0, flipHoriz=False, flipVert=False, font='Arial', fontFiles=[], height=1.0, italic=False, languageStyle='LTR', name='Tstim_4', opacity=1.0, ori=0, pos=array([0., 0.]), rgb=array([0., 0., 0.]), text='T', units='height', win=Window(...), wrapWidth=1)
42.9133 	EXP 	Created Tstim_5 = TextStim(__class__=<class 'psychopy.visual.text.TextStim'>, alignHoriz=method-wrapper(...), alignText='center', alignVert=method-wrapper(...), anchorHoriz='center', anchorVert='center', antialias=True, autoLog=True, bold=False, color='black', colorSpace='named', contrast=1.0, depth=-7.0, flipHoriz=False, flipVert=False, font='Arial', fontFiles=[], height=1.0, italic=False, languageStyle='LTR', name='Tstim_5', opacity=1.0, ori=0, pos=array([0., 0.]), rgb=array([0., 0., 0.]), text='T', units='height', win=Window(...), wrapWidth=1)
42.9145 	EXP 	Created Tstim_6 = TextStim(__class__=<class 'psychopy.visual.text.TextStim'>, alignHoriz=method-wrapper(...), alignText='center', alignVert=method-wrapper(...), anchorHoriz='center', anchorVert='center', antialias=True, autoLog=True, bold=False, color='black', colorSpace='named', contrast=1.0, depth=-8.0, flipHoriz=False, flipVert=False, font='Arial', fontFiles=[], height=1.0, italic=False, languageStyle='LTR', name='Tstim_6', opacity=1.0, ori=0, pos=array([0., 0.]), rgb=array([0., 0., 0.]), text='T', units='height', win=Window(...), wrapWidth=1)
42.9156 	EXP 	Created Tstim_7 = TextStim(__class__=<class 'psychopy.visual.text.TextStim'>, alignHoriz=method-wrapper(...), alignText='center', alignVert=method-wrapper(...), anchorHoriz='center', anchorVert='center', antialias=True, autoLog=True, bold=False, color='black', colorSpace='named', contrast=1.0, depth=-9.0, flipHoriz=False, flipVert=False, font='Arial', fontFiles=[], height=1.0, italic=False, languageStyle='LTR', name='Tstim_7', opacity=1.0, ori=0, pos=array([0., 0.]), rgb=array([0., 0., 0.]), text='T', units='height', win=Window(...), wrapWidth=1)
42.9168 	EXP 	Created Tstim_8 = TextStim(__class__=<class 'psychopy.visual.text.TextStim'>, alignHoriz=method-wrapper(...), alignText='center', alignVert=method-wrapper(...), anchorHoriz='center', anchorVert='center', antialias=True, autoLog=True, bold=False, color='black', colorSpace='named', contrast=1.0, depth=-10.0, flipHoriz=False, flipVert=False, font='Arial', fontFiles=[], height=1.0, italic=False, languageStyle='LTR', name='Tstim_8', opacity=1.0, ori=0, pos=array([0., 0.]), rgb=array([0., 0., 0.]), text='T', units='height', win=Window(...), wrapWidth=1)
42.9179 	EXP 	Created Tstim_9 = TextStim(__class__=<class 'psychopy.visual.text.TextStim'>, alignHoriz=method-wrapper(...), alignText='center', alignVert=method-wrapper(...), anchorHoriz='center', anchorVert='center', antialias=True, autoLog=True, bold=False, color='black', colorSpace='named', contrast=1.0, depth=-11.0, flipHoriz=False, flipVert=False, font='Arial', fontFiles=[], height=1.0, italic=False, languageStyle='LTR', name='Tstim_9', opacity=1.0, ori=0, pos=array([0., 0.]), rgb=array([0., 0., 0.]), text='T', units='height', win=Window(...), wrapWidth=1)
42.9192 	EXP 	Created Tstim_10 = TextStim(__class__=<class 'psychopy.visual.text.TextStim'>, alignHoriz=method-wrapper(...), alignText='center', alignVert=method-wrapper(...), anchorHoriz='center', anchorVert='center', antialias=True, autoLog=True, bold=False, color='black', colorSpace='named', contrast=1.0, depth=-12.0, flipHoriz=False, flipVert=False, font='Arial', fontFiles=[], height=1.0, italic=False, languageStyle='LTR', name='Tstim_10', opacity=1.0, ori=0, pos=array([0., 0.]), rgb=array([0., 0., 0.]), text='T', units='height', win=Window(...), wrapWidth=1)
42.9205 	EXP 	Created Tstim_11 = TextStim(__class__=<class 'psychopy.visual.text.TextStim'>, alignHoriz=method-wrapper(...), alignText='center', alignVert=method-wrapper(...), anchorHoriz='center', anchorVert='center', antialias=True, autoLog=True, bold=False, color='black', colorSpace='named', contrast=1.0, depth=-13.0, flipHoriz=False, flipVert=False, font='Arial', fontFiles=[], height=1.0, italic=False, languageStyle='LTR', name='Tstim_11', opacity=1.0, ori=0, pos=array([0., 0.]), rgb=array([0., 0., 0.]), text='T', units='height', win=Window(...), wrapWidth=1)
42.9218 	EXP 	Created Tstim_12 = TextStim(__class__=<class 'psychopy.visual.text.TextStim'>, alignHoriz=method-wrapper(...), alignText='center', alignVert=method-wrapper(...), anchorHoriz='center', anchorVert='center', antialias=True, autoLog=True, bold=False, color='black', colorSpace='named', contrast=1.0, depth=-14.0, flipHoriz=False, flipVert=False, font='Arial', fontFiles=[], height=1.0, italic=False, languageStyle='LTR', name='Tstim_12', opacity=1.0, ori=0, pos=array([0., 0.]), rgb=array([0., 0., 0.]), text='T', units='height', win=Window(...), wrapWidth=1)
42.9229 	EXP 	Created Tstim_13 = TextStim(__class__=<class 'psychopy.visual.text.TextStim'>, alignHoriz=method-wrapper(...), alignText='center', alignVert=method-wrapper(...), anchorHoriz='center', anchorVert='center', antialias=True, autoLog=True, bold=False, color='black', colorSpace='named', contrast=1.0, depth=-15.0, flipHoriz=False, flipVert=False, font='Arial', fontFiles=[], height=1.0, italic=False, languageStyle='LTR', name='Tstim_13', opacity=1.0, ori=0, pos=array([0., 0.]), rgb=array([0., 0., 0.]), text='T', units='height', win=Window(...), wrapWidth=1)
42.9242 	EXP 	Created Tstim_14 = TextStim(__class__=<class 'psychopy.visual.text.TextStim'>, alignHoriz=method-wrapper(...), alignText='center', alignVert=method-wrapper(...), anchorHoriz='center', anchorVert='center', antialias=True, autoLog=True, bold=False, color='black', colorSpace='named', contrast=1.0, depth=-16.0, flipHoriz=False, flipVert=False, font='Arial', fontFiles=[], height=1.0, italic=False, languageStyle='LTR', name='Tstim_14', opacity=1.0, ori=0, pos=array([0., 0.]), rgb=array([0., 0., 0.]), text='T', units='height', win=Window(...), wrapWidth=1)
42.9255 	EXP 	Created Tstim_15 = TextStim(__class__=<class 'psychopy.visual.text.TextStim'>, alignHoriz=method-wrapper(...), alignText='center', alignVert=method-wrapper(...), anchorHoriz='center', anchorVert='center', antialias=True, autoLog=True, bold=False, color='black', colorSpace='named', contrast=1.0, depth=-17.0, flipHoriz=False, flipVert=False, font='Arial', fontFiles=[], height=1.0, italic=False, languageStyle='LTR', name='Tstim_15', opacity=1.0, ori=0, pos=array([0., 0.]), rgb=array([0., 0., 0.]), text='T', units='height', win=Window(...), wrapWidth=1)
42.9267 	EXP 	Created Tstim_16 = TextStim(__class__=<class 'psychopy.visual.text.TextStim'>, alignHoriz=method-wrapper(...), alignText='center', alignVert=method-wrapper(...), anchorHoriz='center', anchorVert='center', antialias=True, autoLog=True, bold=False, color='black', colorSpace='named', contrast=1.0, depth=-18.0, flipHoriz=False, flipVert=False, font='Arial', fontFiles=[], height=1.0, italic=False, languageStyle='LTR', name='Tstim_16', opacity=1.0, ori=0, pos=array([0., 0.]), rgb=array([0., 0., 0.]), text='T', units='height', win=Window(...), wrapWidth=1)
42.9280 	EXP 	Created Tstim_17 = TextStim(__class__=<class 'psychopy.visual.text.TextStim'>, alignHoriz=method-wrapper(...), alignText='center', alignVert=method-wrapper(...), anchorHoriz='center', anchorVert='center', antialias=True, autoLog=True, bold=False, color='black', colorSpace='named', contrast=1.0, depth=-19.0, flipHoriz=False, flipVert=False, font='Arial', fontFiles=[], height=1.0, italic=False, languageStyle='LTR', name='Tstim_17', opacity=1.0, ori=0, pos=array([0., 0.]), rgb=array([0., 0., 0.]), text='T', units='height', win=Window(...), wrapWidth=1)
42.9291 	EXP 	Created Tstim_18 = TextStim(__class__=<class 'psychopy.visual.text.TextStim'>, alignHoriz=method-wrapper(...), alignText='center', alignVert=method-wrapper(...), anchorHoriz='center', anchorVert='center', antialias=True, autoLog=True, bold=False, color='black', colorSpace='named', contrast=1.0, depth=-20.0, flipHoriz=False, flipVert=False, font='Arial', fontFiles=[], height=1.0, italic=False, languageStyle='LTR', name='Tstim_18', opacity=1.0, ori=0, pos=array([0., 0.]), rgb=array([0., 0., 0.]), text='T', units='height', win=Window(...), wrapWidth=1)
42.9303 	EXP 	Created Tstim_19 = TextStim(__class__=<class 'psychopy.visual.text.TextStim'>, alignHoriz=method-wrapper(...), alignText='center', alignVert=method-wrapper(...), anchorHoriz='center', anchorVert='center', antialias=True, autoLog=True, bold=False, color='black', colorSpace='named', contrast=1.0, depth=-21.0, flipHoriz=False, flipVert=False, font='Arial', fontFiles=[], height=1.0, italic=False, languageStyle='LTR', name='Tstim_19', opacity=1.0, ori=0, pos=array([0., 0.]), rgb=array([0., 0., 0.]), text='T', units='height', win=Window(...), wrapWidth=1)
42.9317 	EXP 	Created Tstim_20 = TextStim(__class__=<class 'psychopy.visual.text.TextStim'>, alignHoriz=method-wrapper(...), alignText='center', alignVert=method-wrapper(...), anchorHoriz='center', anchorVert='center', antialias=True, autoLog=True, bold=False, color='black', colorSpace='named', contrast=1.0, depth=-22.0, flipHoriz=False, flipVert=False, font='Arial', fontFiles=[], height=1.0, italic=False, languageStyle='LTR', name='Tstim_20', opacity=1.0, ori=0, pos=array([0., 0.]), rgb=array([0., 0., 0.]), text='T', units='height', win=Window(...), wrapWidth=1)
43.0394 	EXP 	Created Lstim = TextStim(__class__=<class 'psychopy.visual.text.TextStim'>, alignHoriz=method-wrapper(...), alignText='center', alignVert=method-wrapper(...), anchorHoriz='center', anchorVert='center', antialias=True, autoLog=True, bold=False, color='black', colorSpace='named', contrast=1.0, depth=-23.0, flipHoriz=False, flipVert=False, font='Arial', fontFiles=[], height=1.0, italic=False, languageStyle='LTR', name='Lstim', opacity=1.0, ori=0, pos=array([0., 0.]), rgb=array([0., 0., 0.]), text='L', units='height', win=Window(...), wrapWidth=1)
43.0395 	EXP 	window1: mouseVisible = True
43.0483 	EXP 	Created text = TextStim(__class__=<class 'psychopy.visual.text.TextStim'>, alignHoriz=method-wrapper(...), alignText='center', alignVert=method-wrapper(...), anchorHoriz='center', anchorVert='center', antialias=True, autoLog=True, bold=False, color='white', colorSpace='named', contrast=1.0, depth=-1.0, flipHoriz=False, flipVert=False, font='Arial', fontFiles=[], height=0.1, italic=False, languageStyle='LTR', name='text', opacity=1.0, ori=0, pos=array([0., 0.]), rgb=array([255., 255., 255.]), text='default text', units='height', win=Window(...), wrapWidth=1)
43.0910 	EXP 	instrTxt: autoDraw = True
45.0856 	DATA 	Mouse: Left button down, pos=(946,638)
45.1153 	EXP 	Imported conditions.xlsx as conditions, 10 conditions, 4 params
45.1156 	EXP 	Created sequence: random, trialTypes=10, nReps=1, seed=None
45.1159 	EXP 	New trial (rep=0, index=0): OrderedDict([('targetCol', 'black'), ('distractorCol', 'black'), ('mixedOris', 1), ('setSize', 5)])
45.2022 	EXP 	instrTxt: autoDraw = False
45.2022 	EXP 	Tstim: color = 'black'
45.2022 	EXP 	Tstim_2: color = 'black'
45.2022 	EXP 	Tstim_3: color = 'black'
45.2022 	EXP 	Tstim_4: color = 'black'
45.2022 	EXP 	Tstim_5: color = 'black'
45.2022 	EXP 	Tstim_6: color = 'grey'
45.2022 	EXP 	Tstim_7: color = 'grey'
45.2022 	EXP 	Tstim_8: color = 'grey'
45.2022 	EXP 	Tstim_9: color = 'grey'
45.2022 	EXP 	Tstim_10: color = 'grey'
45.2022 	EXP 	Tstim_11: color = 'grey'
45.2022 	EXP 	Tstim_12: color = 'grey'
45.2022 	EXP 	Tstim_13: color = 'grey'
45.2022 	EXP 	Tstim_14: color = 'grey'
45.2022 	EXP 	Tstim_15: color = 'grey'
45.2022 	EXP 	Tstim_16: color = 'grey'
45.2022 	EXP 	Tstim_17: color = 'grey'
45.2022 	EXP 	Tstim_18: color = 'grey'
45.2022 	EXP 	Tstim_19: color = 'grey'
45.2022 	EXP 	Tstim_20: color = 'grey'
45.2022 	EXP 	Lstim: color = 'black'
45.2022 	EXP 	Lstim: ori = 0.0
45.2022 	EXP 	Tstim: ori = 0.0
45.2022 	EXP 	Tstim_2: ori = 0.0
45.2022 	EXP 	Tstim_3: ori = 0.0
45.2022 	EXP 	Tstim_4: ori = 0.0
45.2022 	EXP 	Tstim_5: ori = 0.0
45.2022 	EXP 	Tstim_6: ori = 0.0
45.2022 	EXP 	Tstim_7: ori = 0.0
45.2022 	EXP 	Tstim_8: ori = 0.0
45.2022 	EXP 	Tstim_9: ori = 0.0
45.2022 	EXP 	Tstim_10: ori = 0.0
45.2022 	EXP 	Tstim_11: ori = 0.0
45.2022 	EXP 	Tstim_12: ori = 0.0
45.2022 	EXP 	Tstim_13: ori = 0.0
45.2022 	EXP 	Tstim_14: ori = 0.0
45.2022 	EXP 	Tstim_15: ori = 0.0
45.2022 	EXP 	Tstim_16: ori = 0.0
45.2022 	EXP 	Tstim_17: ori = 0.0
45.2022 	EXP 	Tstim_18: ori = 0.0
45.2022 	EXP 	Tstim_19: ori = 0.0
45.2022 	EXP 	Tstim_20: ori = 0.0
45.2022 	EXP 	Tstim: opacity = 0.5
45.2022 	EXP 	Tstim: pos = array([0.  , 0.15])
45.2022 	EXP 	Tstim: height = 0.1
45.2022 	EXP 	Tstim_2: opacity = 0.5
45.2022 	EXP 	Tstim_2: height = 0.1
45.2022 	EXP 	Tstim_3: opacity = 0.5
45.2022 	EXP 	Tstim_3: pos = array([-0.03,  0.24])
45.2022 	EXP 	Tstim_3: height = 0.1
45.2022 	EXP 	Tstim_4: opacity = 0.5
45.2022 	EXP 	Tstim_4: pos = array([ 0.18, -0.21])
45.2022 	EXP 	Tstim_4: height = 0.1
45.2022 	EXP 	Tstim_5: opacity = 0.5
45.2022 	EXP 	Tstim_5: pos = array([-0.15, -0.24])
45.2022 	EXP 	Tstim_5: height = 0.1
45.2022 	EXP 	Tstim_6: opacity = 0.5
45.2022 	EXP 	Tstim_6: pos = array([-0.3 , -0.09])
45.2022 	EXP 	Tstim_6: height = 0.1
45.2022 	EXP 	Tstim_7: opacity = 0.5
45.2022 	EXP 	Tstim_7: pos = array([-0.21, -0.12])
45.2022 	EXP 	Tstim_7: height = 0.1
45.2022 	EXP 	Tstim_8: opacity = 0.5
45.2022 	EXP 	Tstim_8: pos = array([0.06, 0.12])
45.2022 	EXP 	Tstim_8: height = 0.1
45.2022 	EXP 	Tstim_9: opacity = 0.5
45.2022 	EXP 	Tstim_9: pos = array([-0.27,  0.18])
45.2022 	EXP 	Tstim_9: height = 0.1
45.2022 	EXP 	Tstim_10: opacity = 0.5
45.2022 	EXP 	Tstim_10: pos = array([-0.12,  0.27])
45.2022 	EXP 	Tstim_10: height = 0.1
45.2022 	EXP 	Tstim_11: opacity = 0.5
45.2022 	EXP 	Tstim_11: pos = array([ 0.3 , -0.18])
45.2022 	EXP 	Tstim_11: height = 0.1
45.2022 	EXP 	Tstim_12: opacity = 0.5
45.2022 	EXP 	Tstim_12: pos = array([0.12, 0.  ])
45.2022 	EXP 	Tstim_12: height = 0.1
45.2022 	EXP 	Tstim_13: opacity = 0.5
45.2022 	EXP 	Tstim_13: pos = array([ 0.21, -0.15])
45.2022 	EXP 	Tstim_13: height = 0.1
45.2022 	EXP 	Tstim_14: opacity = 0.5
45.2022 	EXP 	Tstim_14: pos = array([0.15, 0.21])
45.2022 	EXP 	Tstim_14: height = 0.1
45.2022 	EXP 	Tstim_15: opacity = 0.5
45.2022 	EXP 	Tstim_15: pos = array([-0.06,  0.09])
45.2022 	EXP 	Tstim_15: height = 0.1
45.2022 	EXP 	Tstim_16: opacity = 0.5
45.2022 	EXP 	Tstim_16: pos = array([-0.18,  0.3 ])
45.2022 	EXP 	Tstim_16: height = 0.1
45.2022 	EXP 	Tstim_17: opacity = 0.5
45.2022 	EXP 	Tstim_17: pos = array([0.03, 0.03])
45.2022 	EXP 	Tstim_17: height = 0.1
45.2022 	EXP 	Tstim_18: opacity = 0.5
45.2022 	EXP 	Tstim_18: pos = array([ 0.27, -0.03])
45.2022 	EXP 	Tstim_18: height = 0.1
45.2022 	EXP 	Tstim_19: opacity = 0.5
45.2022 	EXP 	Tstim_19: pos = array([ 0.09, -0.06])
45.2022 	EXP 	Tstim_19: height = 0.1
45.2022 	EXP 	Tstim_20: opacity = 0.5
45.2022 	EXP 	Tstim_20: pos = array([-0.09, -0.3 ])
45.2022 	EXP 	Tstim_20: height = 0.1
45.2022 	EXP 	Lstim: opacity = 0.5
45.2022 	EXP 	Lstim: pos = array([-0.24,  0.06])
45.2022 	EXP 	Lstim: height = 0.1
45.2022 	EXP 	Tstim: autoDraw = True
45.2022 	EXP 	Tstim_2: autoDraw = True
45.2022 	EXP 	Tstim_3: autoDraw = True
45.2022 	EXP 	Tstim_4: autoDraw = True
45.2022 	EXP 	Tstim_5: autoDraw = True
45.2022 	EXP 	Tstim_6: autoDraw = True
45.2022 	EXP 	Tstim_7: autoDraw = True
45.2022 	EXP 	Tstim_8: autoDraw = True
45.2022 	EXP 	Tstim_9: autoDraw = True
45.2022 	EXP 	Tstim_10: autoDraw = True
45.2022 	EXP 	Tstim_11: autoDraw = True
45.2022 	EXP 	Tstim_12: autoDraw = True
45.2022 	EXP 	Tstim_13: autoDraw = True
45.2022 	EXP 	Tstim_14: autoDraw = True
45.2022 	EXP 	Tstim_15: autoDraw = True
45.2022 	EXP 	Tstim_16: autoDraw = True
45.2022 	EXP 	Tstim_17: autoDraw = True
45.2022 	EXP 	Tstim_18: autoDraw = True
45.2022 	EXP 	Tstim_19: autoDraw = True
45.2022 	EXP 	Tstim_20: autoDraw = True
45.2022 	EXP 	Lstim: autoDraw = True
45.2022 	EXP 	Tstim: text = 'T'
45.2022 	EXP 	Tstim_2: text = 'T'
45.2022 	EXP 	Tstim_3: text = 'T'
45.2022 	EXP 	Tstim_4: text = 'T'
45.2022 	EXP 	Tstim_5: text = 'T'
45.2022 	EXP 	Tstim_6: text = 'T'
45.2022 	EXP 	Tstim_7: text = 'T'
45.2022 	EXP 	Tstim_8: text = 'T'
45.2022 	EXP 	Tstim_9: text = 'T'
45.2022 	EXP 	Tstim_10: text = 'T'
45.2022 	EXP 	Tstim_11: text = 'T'
45.2022 	EXP 	Tstim_12: text = 'T'
45.2022 	EXP 	Tstim_13: text = 'T'
45.2022 	EXP 	Tstim_14: text = 'T'
45.2022 	EXP 	Tstim_15: text = 'T'
45.2022 	EXP 	Tstim_16: text = 'T'
45.2022 	EXP 	Tstim_17: text = 'T'
45.2022 	EXP 	Tstim_18: text = 'T'
45.2022 	EXP 	Tstim_19: text = 'T'
45.2022 	EXP 	Tstim_20: text = 'T'
45.2022 	EXP 	Lstim: text = 'L'
45.2175 	DATA 	Mouse:  Left button up, pos=(946,638)
46.6293 	DATA 	Mouse: Left button down, pos=(692,629)
46.6774 	EXP 	Tstim: autoDraw = False
46.6774 	EXP 	Tstim_2: autoDraw = False
46.6774 	EXP 	Tstim_3: autoDraw = False
46.6774 	EXP 	Tstim_4: autoDraw = False
46.6774 	EXP 	Tstim_5: autoDraw = False
46.6774 	EXP 	Tstim_6: autoDraw = False
46.6774 	EXP 	Tstim_7: autoDraw = False
46.6774 	EXP 	Tstim_8: autoDraw = False
46.6774 	EXP 	Tstim_9: autoDraw = False
46.6774 	EXP 	Tstim_10: autoDraw = False
46.6774 	EXP 	Tstim_11: autoDraw = False
46.6774 	EXP 	Tstim_12: autoDraw = False
46.6774 	EXP 	Tstim_13: autoDraw = False
46.6774 	EXP 	Tstim_14: autoDraw = False
46.6774 	EXP 	Tstim_15: autoDraw = False
46.6774 	EXP 	Tstim_16: autoDraw = False
46.6774 	EXP 	Tstim_17: autoDraw = False
46.6774 	EXP 	Tstim_18: autoDraw = False
46.6774 	EXP 	Tstim_19: autoDraw = False
46.6774 	EXP 	Tstim_20: autoDraw = False
46.6774 	EXP 	Lstim: autoDraw = False
46.6774 	EXP 	text: text = 'Target found!'
46.6774 	EXP 	text: autoDraw = True
46.7224 	DATA 	Mouse:  Left button up, pos=(692,629)
47.6539 	EXP 	New trial (rep=0, index=1): OrderedDict([('targetCol', 'red'), ('distractorCol', 'black'), ('mixedOris', 1), ('setSize', 20)])
47.7935 	EXP 	text: autoDraw = False
47.7935 	EXP 	Tstim: color = 'black'
47.7935 	EXP 	Tstim_2: color = 'black'
47.7935 	EXP 	Tstim_3: color = 'black'
47.7935 	EXP 	Tstim_4: color = 'black'
47.7935 	EXP 	Tstim_5: color = 'black'
47.7935 	EXP 	Tstim_6: color = 'black'
47.7935 	EXP 	Tstim_7: color = 'black'
47.7935 	EXP 	Tstim_8: color = 'black'
47.7935 	EXP 	Tstim_9: color = 'black'
47.7935 	EXP 	Tstim_10: color = 'black'
47.7935 	EXP 	Tstim_11: color = 'black'
47.7935 	EXP 	Tstim_12: color = 'black'
47.7935 	EXP 	Tstim_13: color = 'black'
47.7935 	EXP 	Tstim_14: color = 'black'
47.7935 	EXP 	Tstim_15: color = 'black'
47.7935 	EXP 	Tstim_16: color = 'black'
47.7935 	EXP 	Tstim_17: color = 'black'
47.7935 	EXP 	Tstim_18: color = 'black'
47.7935 	EXP 	Tstim_19: color = 'black'
47.7935 	EXP 	Tstim_20: color = 'black'
47.7935 	EXP 	Lstim: color = 'red'
47.7935 	EXP 	Lstim: ori = 0.0
47.7935 	EXP 	Tstim: ori = 0.0
47.7935 	EXP 	Tstim_2: ori = 0.0
47.7935 	EXP 	Tstim_3: ori = 0.0
47.7935 	EXP 	Tstim_4: ori = 0.0
47.7935 	EXP 	Tstim_5: ori = 0.0
47.7935 	EXP 	Tstim_6: ori = 0.0
47.7935 	EXP 	Tstim_7: ori = 0.0
47.7935 	EXP 	Tstim_8: ori = 0.0
47.7935 	EXP 	Tstim_9: ori = 0.0
47.7935 	EXP 	Tstim_10: ori = 0.0
47.7935 	EXP 	Tstim_11: ori = 0.0
47.7935 	EXP 	Tstim_12: ori = 0.0
47.7935 	EXP 	Tstim_13: ori = 0.0
47.7935 	EXP 	Tstim_14: ori = 0.0
47.7935 	EXP 	Tstim_15: ori = 0.0
47.7935 	EXP 	Tstim_16: ori = 0.0
47.7935 	EXP 	Tstim_17: ori = 0.0
47.7935 	EXP 	Tstim_18: ori = 0.0
47.7935 	EXP 	Tstim_19: ori = 0.0
47.7935 	EXP 	Tstim_20: ori = 0.0
47.7935 	EXP 	Tstim: opacity = 0.5
47.7935 	EXP 	Tstim: pos = array([ 0.27, -0.24])
47.7935 	EXP 	Tstim: height = 0.1
47.7935 	EXP 	Tstim_2: opacity = 0.5
47.7935 	EXP 	Tstim_2: height = 0.1
47.7935 	EXP 	Tstim_3: opacity = 0.5
47.7935 	EXP 	Tstim_3: pos = array([ 0.21, -0.18])
47.7935 	EXP 	Tstim_3: height = 0.1
47.7935 	EXP 	Tstim_4: opacity = 0.5
47.7935 	EXP 	Tstim_4: pos = array([ 0.  , -0.12])
47.7935 	EXP 	Tstim_4: height = 0.1
47.7935 	EXP 	Tstim_5: opacity = 0.5
47.7935 	EXP 	Tstim_5: pos = array([-0.24,  0.06])
47.7935 	EXP 	Tstim_5: height = 0.1
47.7935 	EXP 	Tstim_6: opacity = 0.5
47.7935 	EXP 	Tstim_6: pos = array([ 0.3 , -0.15])
47.7935 	EXP 	Tstim_6: height = 0.1
47.7935 	EXP 	Tstim_7: opacity = 0.5
47.7935 	EXP 	Tstim_7: pos = array([-0.06,  0.24])
47.7935 	EXP 	Tstim_7: height = 0.1
47.7935 	EXP 	Tstim_8: opacity = 0.5
47.7935 	EXP 	Tstim_8: pos = array([ 0.12, -0.21])
47.7935 	EXP 	Tstim_8: height = 0.1
47.7935 	EXP 	Tstim_9: opacity = 0.5
47.7935 	EXP 	Tstim_9: pos = array([-0.21, -0.3 ])
47.7935 	EXP 	Tstim_9: height = 0.1
47.7935 	EXP 	Tstim_10: opacity = 0.5
47.7935 	EXP 	Tstim_10: pos = array([-0.12,  0.15])
47.7935 	EXP 	Tstim_10: height = 0.1
47.7935 	EXP 	Tstim_11: opacity = 0.5
47.7935 	EXP 	Tstim_11: pos = array([0.24, 0.  ])
47.7935 	EXP 	Tstim_11: height = 0.1
47.7935 	EXP 	Tstim_12: opacity = 0.5
47.7935 	EXP 	Tstim_12: pos = array([ 0.18, -0.27])
47.7935 	EXP 	Tstim_12: height = 0.1
47.7935 	EXP 	Tstim_13: opacity = 0.5
47.7935 	EXP 	Tstim_13: pos = array([-0.03,  0.18])
47.7935 	EXP 	Tstim_13: height = 0.1
47.7935 	EXP 	Tstim_14: opacity = 0.5
47.7935 	EXP 	Tstim_14: pos = array([-0.15,  0.21])
47.7935 	EXP 	Tstim_14: height = 0.1
47.7935 	EXP 	Tstim_15: opacity = 0.5
47.7935 	EXP 	Tstim_15: pos = array([-0.27,  0.12])
47.7935 	EXP 	Tstim_15: height = 0.1
47.7935 	EXP 	Tstim_16: opacity = 0.5
47.7935 	EXP 	Tstim_16: pos = array([0.03, 0.03])
47.7935 	EXP 	Tstim_16: height = 0.1
47.7935 	EXP 	Tstim_17: opacity = 0.5
47.7935 	EXP 	Tstim_17: pos = array([-0.18, -0.03])
47.7935 	EXP 	Tstim_17: height = 0.1
47.7935 	EXP 	Tstim_18: opacity = 0.5
47.7935 	EXP 	Tstim_18: pos = array([-0.3 , -0.09])
47.7935 	EXP 	Tstim_18: height = 0.1
47.7935 	EXP 	Tstim_19: opacity = 0.5
47.7935 	EXP 	Tstim_19: pos = array([0.15, 0.3 ])
47.7935 	EXP 	Tstim_19: height = 0.1
47.7935 	EXP 	Tstim_20: opacity = 0.5
47.7935 	EXP 	Tstim_20: pos = array([ 0.06, -0.06])
47.7935 	EXP 	Tstim_20: height = 0.1
47.7935 	EXP 	Lstim: opacity = 0.5
47.7935 	EXP 	Lstim: pos = array([-0.09,  0.09])
47.7935 	EXP 	Lstim: height = 0.1
47.7935 	EXP 	Tstim: autoDraw = True
47.7935 	EXP 	Tstim_2: autoDraw = True
47.7935 	EXP 	Tstim_3: autoDraw = True
47.7935 	EXP 	Tstim_4: autoDraw = True
47.7935 	EXP 	Tstim_5: autoDraw = True
47.7935 	EXP 	Tstim_6: autoDraw = True
47.7935 	EXP 	Tstim_7: autoDraw = True
47.7935 	EXP 	Tstim_8: autoDraw = True
47.7935 	EXP 	Tstim_9: autoDraw = True
47.7935 	EXP 	Tstim_10: autoDraw = True
47.7935 	EXP 	Tstim_11: autoDraw = True
47.7935 	EXP 	Tstim_12: autoDraw = True
47.7935 	EXP 	Tstim_13: autoDraw = True
47.7935 	EXP 	Tstim_14: autoDraw = True
47.7935 	EXP 	Tstim_15: autoDraw = True
47.7935 	EXP 	Tstim_16: autoDraw = True
47.7935 	EXP 	Tstim_17: autoDraw = True
47.7935 	EXP 	Tstim_18: autoDraw = True
47.7935 	EXP 	Tstim_19: autoDraw = True
47.7935 	EXP 	Tstim_20: autoDraw = True
47.7935 	EXP 	Lstim: autoDraw = True
47.7935 	EXP 	Tstim: text = 'T'
47.7935 	EXP 	Tstim_2: text = 'T'
47.7935 	EXP 	Tstim_3: text = 'T'
47.7935 	EXP 	Tstim_4: text = 'T'
47.7935 	EXP 	Tstim_5: text = 'T'
47.7935 	EXP 	Tstim_6: text = 'T'
47.7935 	EXP 	Tstim_7: text = 'T'
47.7935 	EXP 	Tstim_8: text = 'T'
47.7935 	EXP 	Tstim_9: text = 'T'
47.7935 	EXP 	Tstim_10: text = 'T'
47.7935 	EXP 	Tstim_11: text = 'T'
47.7935 	EXP 	Tstim_12: text = 'T'
47.7935 	EXP 	Tstim_13: text = 'T'
47.7935 	EXP 	Tstim_14: text = 'T'
47.7935 	EXP 	Tstim_15: text = 'T'
47.7935 	EXP 	Tstim_16: text = 'T'
47.7935 	EXP 	Tstim_17: text = 'T'
47.7935 	EXP 	Tstim_18: text = 'T'
47.7935 	EXP 	Tstim_19: text = 'T'
47.7935 	EXP 	Tstim_20: text = 'T'
47.7935 	EXP 	Lstim: text = 'L'
49.3752 	DATA 	Mouse: Left button down, pos=(835,662)
49.3871 	EXP 	Tstim: autoDraw = False
49.3871 	EXP 	Tstim_2: autoDraw = False
49.3871 	EXP 	Tstim_3: autoDraw = False
49.3871 	EXP 	Tstim_4: autoDraw = False
49.3871 	EXP 	Tstim_5: autoDraw = False
49.3871 	EXP 	Tstim_6: autoDraw = False
49.3871 	EXP 	Tstim_7: autoDraw = False
49.3871 	EXP 	Tstim_8: autoDraw = False
49.3871 	EXP 	Tstim_9: autoDraw = False
49.3871 	EXP 	Tstim_10: autoDraw = False
49.3871 	EXP 	Tstim_11: autoDraw = False
49.3871 	EXP 	Tstim_12: autoDraw = False
49.3871 	EXP 	Tstim_13: autoDraw = False
49.3871 	EXP 	Tstim_14: autoDraw = False
49.3871 	EXP 	Tstim_15: autoDraw = False
49.3871 	EXP 	Tstim_16: autoDraw = False
49.3871 	EXP 	Tstim_17: autoDraw = False
49.3871 	EXP 	Tstim_18: autoDraw = False
49.3871 	EXP 	Tstim_19: autoDraw = False
49.3871 	EXP 	Tstim_20: autoDraw = False
49.3871 	EXP 	Lstim: autoDraw = False
49.3871 	EXP 	text: text = 'Target found!'
49.3871 	EXP 	text: autoDraw = True
49.5085 	DATA 	Mouse:  Left button up, pos=(835,662)
50.3741 	EXP 	New trial (rep=0, index=2): OrderedDict([('targetCol', 'black'), ('distractorCol', 'black'), ('mixedOris', 1), ('setSize', 20)])
50.5144 	EXP 	text: autoDraw = False
50.5144 	EXP 	text: autoDraw = False
50.5144 	EXP 	Tstim: color = 'black'
50.5144 	EXP 	Tstim_2: color = 'black'
50.5144 	EXP 	Tstim_3: color = 'black'
50.5144 	EXP 	Tstim_4: color = 'black'
50.5144 	EXP 	Tstim_5: color = 'black'
50.5144 	EXP 	Tstim_6: color = 'black'
50.5144 	EXP 	Tstim_7: color = 'black'
50.5144 	EXP 	Tstim_8: color = 'black'
50.5144 	EXP 	Tstim_9: color = 'black'
50.5144 	EXP 	Tstim_10: color = 'black'
50.5144 	EXP 	Tstim_11: color = 'black'
50.5144 	EXP 	Tstim_12: color = 'black'
50.5144 	EXP 	Tstim_13: color = 'black'
50.5144 	EXP 	Tstim_14: color = 'black'
50.5144 	EXP 	Tstim_15: color = 'black'
50.5144 	EXP 	Tstim_16: color = 'black'
50.5144 	EXP 	Tstim_17: color = 'black'
50.5144 	EXP 	Tstim_18: color = 'black'
50.5144 	EXP 	Tstim_19: color = 'black'
50.5144 	EXP 	Tstim_20: color = 'black'
50.5144 	EXP 	Lstim: color = 'black'
50.5144 	EXP 	Lstim: ori = 0.0
50.5144 	EXP 	Tstim: ori = 0.0
50.5144 	EXP 	Tstim_2: ori = 0.0
50.5144 	EXP 	Tstim_3: ori = 0.0
50.5144 	EXP 	Tstim_4: ori = 0.0
50.5144 	EXP 	Tstim_5: ori = 0.0
50.5144 	EXP 	Tstim_6: ori = 0.0
50.5144 	EXP 	Tstim_7: ori = 0.0
50.5144 	EXP 	Tstim_8: ori = 0.0
50.5144 	EXP 	Tstim_9: ori = 0.0
50.5144 	EXP 	Tstim_10: ori = 0.0
50.5144 	EXP 	Tstim_11: ori = 0.0
50.5144 	EXP 	Tstim_12: ori = 0.0
50.5144 	EXP 	Tstim_13: ori = 0.0
50.5144 	EXP 	Tstim_14: ori = 0.0
50.5144 	EXP 	Tstim_15: ori = 0.0
50.5144 	EXP 	Tstim_16: ori = 0.0
50.5144 	EXP 	Tstim_17: ori = 0.0
50.5144 	EXP 	Tstim_18: ori = 0.0
50.5144 	EXP 	Tstim_19: ori = 0.0
50.5144 	EXP 	Tstim_20: ori = 0.0
50.5144 	EXP 	Tstim: opacity = 0.5
50.5144 	EXP 	Tstim: pos = array([ 0.24, -0.3 ])
50.5144 	EXP 	Tstim: height = 0.1
50.5144 	EXP 	Tstim_2: opacity = 0.5
50.5144 	EXP 	Tstim_2: height = 0.1
50.5144 	EXP 	Tstim_3: opacity = 0.5
50.5144 	EXP 	Tstim_3: pos = array([0.27, 0.15])
50.5144 	EXP 	Tstim_3: height = 0.1
50.5144 	EXP 	Tstim_4: opacity = 0.5
50.5144 	EXP 	Tstim_4: pos = array([ 0.06, -0.18])
50.5144 	EXP 	Tstim_4: height = 0.1
50.5144 	EXP 	Tstim_5: opacity = 0.5
50.5144 	EXP 	Tstim_5: pos = array([ 0.21, -0.12])
50.5144 	EXP 	Tstim_5: height = 0.1
50.5144 	EXP 	Tstim_6: opacity = 0.5
50.5144 	EXP 	Tstim_6: pos = array([ 0.09, -0.15])
50.5144 	EXP 	Tstim_6: height = 0.1
50.5144 	EXP 	Tstim_7: opacity = 0.5
50.5144 	EXP 	Tstim_7: pos = array([-0.27, -0.03])
50.5144 	EXP 	Tstim_7: height = 0.1
50.5144 	EXP 	Tstim_8: opacity = 0.5
50.5144 	EXP 	Tstim_8: pos = array([-0.21,  0.06])
50.5144 	EXP 	Tstim_8: height = 0.1
50.5144 	EXP 	Tstim_9: opacity = 0.5
50.5144 	EXP 	Tstim_9: pos = array([0.3, 0.3])
50.5144 	EXP 	Tstim_9: height = 0.1
50.5144 	EXP 	Tstim_10: opacity = 0.5
50.5144 	EXP 	Tstim_10: pos = array([-0.24, -0.06])
50.5144 	EXP 	Tstim_10: height = 0.1
50.5144 	EXP 	Tstim_11: opacity = 0.5
50.5144 	EXP 	Tstim_11: pos = array([0.03, 0.12])
50.5144 	EXP 	Tstim_11: height = 0.1
50.5144 	EXP 	Tstim_12: opacity = 0.5
50.5144 	EXP 	Tstim_12: pos = array([-0.03,  0.27])
50.5144 	EXP 	Tstim_12: height = 0.1
50.5144 	EXP 	Tstim_13: opacity = 0.5
50.5144 	EXP 	Tstim_13: pos = array([-0.3 ,  0.03])
50.5144 	EXP 	Tstim_13: height = 0.1
50.5144 	EXP 	Tstim_14: opacity = 0.5
50.5144 	EXP 	Tstim_14: pos = array([-0.18,  0.24])
50.5144 	EXP 	Tstim_14: height = 0.1
50.5144 	EXP 	Tstim_15: opacity = 0.5
50.5144 	EXP 	Tstim_15: pos = array([-0.15, -0.24])
50.5144 	EXP 	Tstim_15: height = 0.1
50.5144 	EXP 	Tstim_16: opacity = 0.5
50.5144 	EXP 	Tstim_16: pos = array([ 0.18, -0.27])
50.5144 	EXP 	Tstim_16: height = 0.1
50.5144 	EXP 	Tstim_17: opacity = 0.5
50.5144 	EXP 	Tstim_17: pos = array([0.  , 0.21])
50.5144 	EXP 	Tstim_17: height = 0.1
50.5144 	EXP 	Tstim_18: opacity = 0.5
50.5144 	EXP 	Tstim_18: pos = array([-0.06, -0.09])
50.5144 	EXP 	Tstim_18: height = 0.1
50.5144 	EXP 	Tstim_19: opacity = 0.5
50.5144 	EXP 	Tstim_19: pos = array([-0.09,  0.  ])
50.5144 	EXP 	Tstim_19: height = 0.1
50.5144 	EXP 	Tstim_20: opacity = 0.5
50.5144 	EXP 	Tstim_20: pos = array([ 0.12, -0.21])
50.5144 	EXP 	Tstim_20: height = 0.1
50.5144 	EXP 	Lstim: opacity = 0.5
50.5144 	EXP 	Lstim: pos = array([-0.12,  0.18])
50.5144 	EXP 	Lstim: height = 0.1
50.5144 	EXP 	Tstim: autoDraw = True
50.5144 	EXP 	Tstim_2: autoDraw = True
50.5144 	EXP 	Tstim_3: autoDraw = True
50.5144 	EXP 	Tstim_4: autoDraw = True
50.5144 	EXP 	Tstim_5: autoDraw = True
50.5144 	EXP 	Tstim_6: autoDraw = True
50.5144 	EXP 	Tstim_7: autoDraw = True
50.5144 	EXP 	Tstim_8: autoDraw = True
50.5144 	EXP 	Tstim_9: autoDraw = True
50.5144 	EXP 	Tstim_10: autoDraw = True
50.5144 	EXP 	Tstim_11: autoDraw = True
50.5144 	EXP 	Tstim_12: autoDraw = True
50.5144 	EXP 	Tstim_13: autoDraw = True
50.5144 	EXP 	Tstim_14: autoDraw = True
50.5144 	EXP 	Tstim_15: autoDraw = True
50.5144 	EXP 	Tstim_16: autoDraw = True
50.5144 	EXP 	Tstim_17: autoDraw = True
50.5144 	EXP 	Tstim_18: autoDraw = True
50.5144 	EXP 	Tstim_19: autoDraw = True
50.5144 	EXP 	Tstim_20: autoDraw = True
50.5144 	EXP 	Lstim: autoDraw = True
50.5144 	EXP 	Tstim: text = 'T'
50.5144 	EXP 	Tstim_2: text = 'T'
50.5144 	EXP 	Tstim_3: text = 'T'
50.5144 	EXP 	Tstim_4: text = 'T'
50.5144 	EXP 	Tstim_5: text = 'T'
50.5144 	EXP 	Tstim_6: text = 'T'
50.5144 	EXP 	Tstim_7: text = 'T'
50.5144 	EXP 	Tstim_8: text = 'T'
50.5144 	EXP 	Tstim_9: text = 'T'
50.5144 	EXP 	Tstim_10: text = 'T'
50.5144 	EXP 	Tstim_11: text = 'T'
50.5144 	EXP 	Tstim_12: text = 'T'
50.5144 	EXP 	Tstim_13: text = 'T'
50.5144 	EXP 	Tstim_14: text = 'T'
50.5144 	EXP 	Tstim_15: text = 'T'
50.5144 	EXP 	Tstim_16: text = 'T'
50.5144 	EXP 	Tstim_17: text = 'T'
50.5144 	EXP 	Tstim_18: text = 'T'
50.5144 	EXP 	Tstim_19: text = 'T'
50.5144 	EXP 	Tstim_20: text = 'T'
50.5144 	EXP 	Lstim: text = 'L'
51.6154 	DATA 	Mouse: Left button down, pos=(830,781)
51.6391 	EXP 	Tstim: autoDraw = False
51.6391 	EXP 	Tstim_2: autoDraw = False
51.6391 	EXP 	Tstim_3: autoDraw = False
51.6391 	EXP 	Tstim_4: autoDraw = False
51.6391 	EXP 	Tstim_5: autoDraw = False
51.6391 	EXP 	Tstim_6: autoDraw = False
51.6391 	EXP 	Tstim_7: autoDraw = False
51.6391 	EXP 	Tstim_8: autoDraw = False
51.6391 	EXP 	Tstim_9: autoDraw = False
51.6391 	EXP 	Tstim_10: autoDraw = False
51.6391 	EXP 	Tstim_11: autoDraw = False
51.6391 	EXP 	Tstim_12: autoDraw = False
51.6391 	EXP 	Tstim_13: autoDraw = False
51.6391 	EXP 	Tstim_14: autoDraw = False
51.6391 	EXP 	Tstim_15: autoDraw = False
51.6391 	EXP 	Tstim_16: autoDraw = False
51.6391 	EXP 	Tstim_17: autoDraw = False
51.6391 	EXP 	Tstim_18: autoDraw = False
51.6391 	EXP 	Tstim_19: autoDraw = False
51.6391 	EXP 	Tstim_20: autoDraw = False
51.6391 	EXP 	Lstim: autoDraw = False
51.6391 	EXP 	text: text = 'Target found!'
51.6391 	EXP 	text: autoDraw = True
51.6927 	DATA 	Mouse:  Left button up, pos=(830,781)
52.6262 	EXP 	New trial (rep=0, index=3): OrderedDict([('targetCol', 'black'), ('distractorCol', 'black'), ('mixedOris', 0), ('setSize', 20)])
52.7483 	EXP 	text: autoDraw = False
52.7483 	EXP 	text: autoDraw = False
52.7483 	EXP 	Tstim: color = 'black'
52.7483 	EXP 	Tstim_2: color = 'black'
52.7483 	EXP 	Tstim_3: color = 'black'
52.7483 	EXP 	Tstim_4: color = 'black'
52.7483 	EXP 	Tstim_5: color = 'black'
52.7483 	EXP 	Tstim_6: color = 'black'
52.7483 	EXP 	Tstim_7: color = 'black'
52.7483 	EXP 	Tstim_8: color = 'black'
52.7483 	EXP 	Tstim_9: color = 'black'
52.7483 	EXP 	Tstim_10: color = 'black'
52.7483 	EXP 	Tstim_11: color = 'black'
52.7483 	EXP 	Tstim_12: color = 'black'
52.7483 	EXP 	Tstim_13: color = 'black'
52.7483 	EXP 	Tstim_14: color = 'black'
52.7483 	EXP 	Tstim_15: color = 'black'
52.7483 	EXP 	Tstim_16: color = 'black'
52.7483 	EXP 	Tstim_17: color = 'black'
52.7483 	EXP 	Tstim_18: color = 'black'
52.7483 	EXP 	Tstim_19: color = 'black'
52.7483 	EXP 	Tstim_20: color = 'black'
52.7483 	EXP 	Lstim: color = 'black'
52.7483 	EXP 	Lstim: ori = 149.0
52.7483 	EXP 	Tstim: ori = 105.0
52.7483 	EXP 	Tstim_2: ori = 36.0
52.7483 	EXP 	Tstim_3: ori = 88.0
52.7483 	EXP 	Tstim_4: ori = 347.0
52.7483 	EXP 	Tstim_5: ori = 87.0
52.7483 	EXP 	Tstim_6: ori = 119.0
52.7483 	EXP 	Tstim_7: ori = 121.0
52.7483 	EXP 	Tstim_8: ori = 249.0
52.7483 	EXP 	Tstim_9: ori = 207.0
52.7483 	EXP 	Tstim_10: ori = 337.0
52.7483 	EXP 	Tstim_11: ori = 213.0
52.7483 	EXP 	Tstim_12: ori = 38.0
52.7483 	EXP 	Tstim_13: ori = 31.0
52.7483 	EXP 	Tstim_14: ori = 94.0
52.7483 	EXP 	Tstim_15: ori = 84.0
52.7483 	EXP 	Tstim_16: ori = 144.0
52.7483 	EXP 	Tstim_17: ori = 197.0
52.7483 	EXP 	Tstim_18: ori = 85.0
52.7483 	EXP 	Tstim_19: ori = 208.0
52.7483 	EXP 	Tstim_20: ori = 308.0
52.7483 	EXP 	Tstim: opacity = 0.5
52.7483 	EXP 	Tstim: pos = array([0.21, 0.24])
52.7483 	EXP 	Tstim: height = 0.1
52.7483 	EXP 	Tstim_2: opacity = 0.5
52.7483 	EXP 	Tstim_2: height = 0.1
52.7483 	EXP 	Tstim_3: opacity = 0.5
52.7483 	EXP 	Tstim_3: pos = array([-0.15,  0.09])
52.7483 	EXP 	Tstim_3: height = 0.1
52.7483 	EXP 	Tstim_4: opacity = 0.5
52.7483 	EXP 	Tstim_4: pos = array([-0.18,  0.27])
52.7483 	EXP 	Tstim_4: height = 0.1
52.7483 	EXP 	Tstim_5: opacity = 0.5
52.7483 	EXP 	Tstim_5: pos = array([ 0.  , -0.24])
52.7483 	EXP 	Tstim_5: height = 0.1
52.7483 	EXP 	Tstim_6: opacity = 0.5
52.7483 	EXP 	Tstim_6: pos = array([0.09, 0.12])
52.7483 	EXP 	Tstim_6: height = 0.1
52.7483 	EXP 	Tstim_7: opacity = 0.5
52.7483 	EXP 	Tstim_7: pos = array([-0.03, -0.21])
52.7483 	EXP 	Tstim_7: height = 0.1
52.7483 	EXP 	Tstim_8: opacity = 0.5
52.7483 	EXP 	Tstim_8: pos = array([-0.21, -0.15])
52.7483 	EXP 	Tstim_8: height = 0.1
52.7483 	EXP 	Tstim_9: opacity = 0.5
52.7483 	EXP 	Tstim_9: pos = array([ 0.24, -0.09])
52.7483 	EXP 	Tstim_9: height = 0.1
52.7483 	EXP 	Tstim_10: opacity = 0.5
52.7483 	EXP 	Tstim_10: pos = array([ 0.15, -0.03])
52.7483 	EXP 	Tstim_10: height = 0.1
52.7483 	EXP 	Tstim_11: opacity = 0.5
52.7483 	EXP 	Tstim_11: pos = array([0.27, 0.18])
52.7483 	EXP 	Tstim_11: height = 0.1
52.7483 	EXP 	Tstim_12: opacity = 0.5
52.7483 	EXP 	Tstim_12: pos = array([0.18, 0.06])
52.7483 	EXP 	Tstim_12: height = 0.1
52.7483 	EXP 	Tstim_13: opacity = 0.5
52.7483 	EXP 	Tstim_13: pos = array([ 0.06, -0.18])
52.7483 	EXP 	Tstim_13: height = 0.1
52.7483 	EXP 	Tstim_14: opacity = 0.5
52.7483 	EXP 	Tstim_14: pos = array([-0.3,  0.3])
52.7483 	EXP 	Tstim_14: height = 0.1
52.7483 	EXP 	Tstim_15: opacity = 0.5
52.7483 	EXP 	Tstim_15: pos = array([-0.12, -0.27])
52.7483 	EXP 	Tstim_15: height = 0.1
52.7483 	EXP 	Tstim_16: opacity = 0.5
52.7483 	EXP 	Tstim_16: pos = array([-0.24, -0.06])
52.7483 	EXP 	Tstim_16: height = 0.1
52.7483 	EXP 	Tstim_17: opacity = 0.5
52.7483 	EXP 	Tstim_17: pos = array([-0.09,  0.15])
52.7483 	EXP 	Tstim_17: height = 0.1
52.7483 	EXP 	Tstim_18: opacity = 0.5
52.7483 	EXP 	Tstim_18: pos = array([-0.27,  0.03])
52.7483 	EXP 	Tstim_18: height = 0.1
52.7483 	EXP 	Tstim_19: opacity = 0.5
52.7483 	EXP 	Tstim_19: pos = array([ 0.03, -0.12])
52.7483 	EXP 	Tstim_19: height = 0.1
52.7483 	EXP 	Tstim_20: opacity = 0.5
52.7483 	EXP 	Tstim_20: pos = array([0.12, 0.  ])
52.7483 	EXP 	Tstim_20: height = 0.1
52.7483 	EXP 	Lstim: opacity = 0.5
52.7483 	EXP 	Lstim: pos = array([-0.06, -0.3 ])
52.7483 	EXP 	Lstim: height = 0.1
52.7483 	EXP 	Tstim: autoDraw = True
52.7483 	EXP 	Tstim_2: autoDraw = True
52.7483 	EXP 	Tstim_3: autoDraw = True
52.7483 	EXP 	Tstim_4: autoDraw = True
52.7483 	EXP 	Tstim_5: autoDraw = True
52.7483 	EXP 	Tstim_6: autoDraw = True
52.7483 	EXP 	Tstim_7: autoDraw = True
52.7483 	EXP 	Tstim_8: autoDraw = True
52.7483 	EXP 	Tstim_9: autoDraw = True
52.7483 	EXP 	Tstim_10: autoDraw = True
52.7483 	EXP 	Tstim_11: autoDraw = True
52.7483 	EXP 	Tstim_12: autoDraw = True
52.7483 	EXP 	Tstim_13: autoDraw = True
52.7483 	EXP 	Tstim_14: autoDraw = True
52.7483 	EXP 	Tstim_15: autoDraw = True
52.7483 	EXP 	Tstim_16: autoDraw = True
52.7483 	EXP 	Tstim_17: autoDraw = True
52.7483 	EXP 	Tstim_18: autoDraw = True
52.7483 	EXP 	Tstim_19: autoDraw = True
52.7483 	EXP 	Tstim_20: autoDraw = True
52.7483 	EXP 	Lstim: autoDraw = True
52.7483 	EXP 	Tstim: text = 'T'
52.7483 	EXP 	Tstim_2: text = 'T'
52.7483 	EXP 	Tstim_3: text = 'T'
52.7483 	EXP 	Tstim_4: text = 'T'
52.7483 	EXP 	Tstim_5: text = 'T'
52.7483 	EXP 	Tstim_6: text = 'T'
52.7483 	EXP 	Tstim_7: text = 'T'
52.7483 	EXP 	Tstim_8: text = 'T'
52.7483 	EXP 	Tstim_9: text = 'T'
52.7483 	EXP 	Tstim_10: text = 'T'
52.7483 	EXP 	Tstim_11: text = 'T'
52.7483 	EXP 	Tstim_12: text = 'T'
52.7483 	EXP 	Tstim_13: text = 'T'
52.7483 	EXP 	Tstim_14: text = 'T'
52.7483 	EXP 	Tstim_15: text = 'T'
52.7483 	EXP 	Tstim_16: text = 'T'
52.7483 	EXP 	Tstim_17: text = 'T'
52.7483 	EXP 	Tstim_18: text = 'T'
52.7483 	EXP 	Tstim_19: text = 'T'
52.7483 	EXP 	Tstim_20: text = 'T'
52.7483 	EXP 	Lstim: text = 'L'
55.9496 	DATA 	Mouse: Left button down, pos=(878,284)
55.9760 	EXP 	Tstim: autoDraw = False
55.9760 	EXP 	Tstim_2: autoDraw = False
55.9760 	EXP 	Tstim_3: autoDraw = False
55.9760 	EXP 	Tstim_4: autoDraw = False
55.9760 	EXP 	Tstim_5: autoDraw = False
55.9760 	EXP 	Tstim_6: autoDraw = False
55.9760 	EXP 	Tstim_7: autoDraw = False
55.9760 	EXP 	Tstim_8: autoDraw = False
55.9760 	EXP 	Tstim_9: autoDraw = False
55.9760 	EXP 	Tstim_10: autoDraw = False
55.9760 	EXP 	Tstim_11: autoDraw = False
55.9760 	EXP 	Tstim_12: autoDraw = False
55.9760 	EXP 	Tstim_13: autoDraw = False
55.9760 	EXP 	Tstim_14: autoDraw = False
55.9760 	EXP 	Tstim_15: autoDraw = False
55.9760 	EXP 	Tstim_16: autoDraw = False
55.9760 	EXP 	Tstim_17: autoDraw = False
55.9760 	EXP 	Tstim_18: autoDraw = False
55.9760 	EXP 	Tstim_19: autoDraw = False
55.9760 	EXP 	Tstim_20: autoDraw = False
55.9760 	EXP 	Lstim: autoDraw = False
55.9760 	EXP 	text: text = 'Target found!'
55.9760 	EXP 	text: autoDraw = True
56.0483 	DATA 	Mouse:  Left button up, pos=(878,284)
56.9628 	EXP 	New trial (rep=0, index=4): OrderedDict([('targetCol', 'black'), ('distractorCol', 'black'), ('mixedOris', 1), ('setSize', 20)])
57.0860 	EXP 	text: autoDraw = False
57.0860 	EXP 	text: autoDraw = False
57.0860 	EXP 	Tstim: color = 'black'
57.0860 	EXP 	Tstim_2: color = 'black'
57.0860 	EXP 	Tstim_3: color = 'black'
57.0860 	EXP 	Tstim_4: color = 'black'
57.0860 	EXP 	Tstim_5: color = 'black'
57.0860 	EXP 	Tstim_6: color = 'black'
57.0860 	EXP 	Tstim_7: color = 'black'
57.0860 	EXP 	Tstim_8: color = 'black'
57.0860 	EXP 	Tstim_9: color = 'black'
57.0860 	EXP 	Tstim_10: color = 'black'
57.0860 	EXP 	Tstim_11: color = 'black'
57.0860 	EXP 	Tstim_12: color = 'black'
57.0860 	EXP 	Tstim_13: color = 'black'
57.0860 	EXP 	Tstim_14: color = 'black'
57.0860 	EXP 	Tstim_15: color = 'black'
57.0860 	EXP 	Tstim_16: color = 'black'
57.0860 	EXP 	Tstim_17: color = 'black'
57.0860 	EXP 	Tstim_18: color = 'black'
57.0860 	EXP 	Tstim_19: color = 'black'
57.0860 	EXP 	Tstim_20: color = 'black'
57.0860 	EXP 	Lstim: color = 'black'
57.0860 	EXP 	Lstim: ori = 0.0
57.0860 	EXP 	Tstim: ori = 0.0
57.0860 	EXP 	Tstim_2: ori = 0.0
57.0860 	EXP 	Tstim_3: ori = 0.0
57.0860 	EXP 	Tstim_4: ori = 0.0
57.0860 	EXP 	Tstim_5: ori = 0.0
57.0860 	EXP 	Tstim_6: ori = 0.0
57.0860 	EXP 	Tstim_7: ori = 0.0
57.0860 	EXP 	Tstim_8: ori = 0.0
57.0860 	EXP 	Tstim_9: ori = 0.0
57.0860 	EXP 	Tstim_10: ori = 0.0
57.0860 	EXP 	Tstim_11: ori = 0.0
57.0860 	EXP 	Tstim_12: ori = 0.0
57.0860 	EXP 	Tstim_13: ori = 0.0
57.0860 	EXP 	Tstim_14: ori = 0.0
57.0860 	EXP 	Tstim_15: ori = 0.0
57.0860 	EXP 	Tstim_16: ori = 0.0
57.0860 	EXP 	Tstim_17: ori = 0.0
57.0860 	EXP 	Tstim_18: ori = 0.0
57.0860 	EXP 	Tstim_19: ori = 0.0
57.0860 	EXP 	Tstim_20: ori = 0.0
57.0860 	EXP 	Tstim: opacity = 0.5
57.0860 	EXP 	Tstim: pos = array([ 0.3 , -0.27])
57.0860 	EXP 	Tstim: height = 0.1
57.0860 	EXP 	Tstim_2: opacity = 0.5
57.0860 	EXP 	Tstim_2: height = 0.1
57.0860 	EXP 	Tstim_3: opacity = 0.5
57.0860 	EXP 	Tstim_3: pos = array([-0.15, -0.06])
57.0860 	EXP 	Tstim_3: height = 0.1
57.0860 	EXP 	Tstim_4: opacity = 0.5
57.0860 	EXP 	Tstim_4: pos = array([0.12, 0.3 ])
57.0860 	EXP 	Tstim_4: height = 0.1
57.0860 	EXP 	Tstim_5: opacity = 0.5
57.0860 	EXP 	Tstim_5: pos = array([0.27, 0.21])
57.0860 	EXP 	Tstim_5: height = 0.1
57.0860 	EXP 	Tstim_6: opacity = 0.5
57.0860 	EXP 	Tstim_6: pos = array([ 0.18, -0.12])
57.0860 	EXP 	Tstim_6: height = 0.1
57.0860 	EXP 	Tstim_7: opacity = 0.5
57.0860 	EXP 	Tstim_7: pos = array([-0.3 , -0.15])
57.0860 	EXP 	Tstim_7: height = 0.1
57.0860 	EXP 	Tstim_8: opacity = 0.5
57.0860 	EXP 	Tstim_8: pos = array([0.06, 0.03])
57.0860 	EXP 	Tstim_8: height = 0.1
57.0860 	EXP 	Tstim_9: opacity = 0.5
57.0860 	EXP 	Tstim_9: pos = array([-0.06, -0.21])
57.0860 	EXP 	Tstim_9: height = 0.1
57.0860 	EXP 	Tstim_10: opacity = 0.5
57.0860 	EXP 	Tstim_10: pos = array([0.21, 0.  ])
57.0860 	EXP 	Tstim_10: height = 0.1
57.0860 	EXP 	Tstim_11: opacity = 0.5
57.0860 	EXP 	Tstim_11: pos = array([0.15, 0.09])
57.0860 	EXP 	Tstim_11: height = 0.1
57.0860 	EXP 	Tstim_12: opacity = 0.5
57.0860 	EXP 	Tstim_12: pos = array([ 0.24, -0.24])
57.0860 	EXP 	Tstim_12: height = 0.1
57.0860 	EXP 	Tstim_13: opacity = 0.5
57.0860 	EXP 	Tstim_13: pos = array([-0.12, -0.09])
57.0860 	EXP 	Tstim_13: height = 0.1
57.0860 	EXP 	Tstim_14: opacity = 0.5
57.0860 	EXP 	Tstim_14: pos = array([0.09, 0.24])
57.0860 	EXP 	Tstim_14: height = 0.1
57.0860 	EXP 	Tstim_15: opacity = 0.5
57.0860 	EXP 	Tstim_15: pos = array([0.03, 0.18])
57.0860 	EXP 	Tstim_15: height = 0.1
57.0860 	EXP 	Tstim_16: opacity = 0.5
57.0860 	EXP 	Tstim_16: pos = array([-0.18,  0.27])
57.0860 	EXP 	Tstim_16: height = 0.1
57.0860 	EXP 	Tstim_17: opacity = 0.5
57.0860 	EXP 	Tstim_17: pos = array([-0.24, -0.03])
57.0860 	EXP 	Tstim_17: height = 0.1
57.0860 	EXP 	Tstim_18: opacity = 0.5
57.0860 	EXP 	Tstim_18: pos = array([-0.03,  0.06])
57.0860 	EXP 	Tstim_18: height = 0.1
57.0860 	EXP 	Tstim_19: opacity = 0.5
57.0860 	EXP 	Tstim_19: pos = array([ 0.  , -0.18])
57.0860 	EXP 	Tstim_19: height = 0.1
57.0860 	EXP 	Tstim_20: opacity = 0.5
57.0860 	EXP 	Tstim_20: pos = array([-0.27, -0.3 ])
57.0860 	EXP 	Tstim_20: height = 0.1
57.0860 	EXP 	Lstim: opacity = 0.5
57.0860 	EXP 	Lstim: pos = array([-0.09,  0.15])
57.0860 	EXP 	Lstim: height = 0.1
57.0860 	EXP 	Tstim: autoDraw = True
57.0860 	EXP 	Tstim_2: autoDraw = True
57.0860 	EXP 	Tstim_3: autoDraw = True
57.0860 	EXP 	Tstim_4: autoDraw = True
57.0860 	EXP 	Tstim_5: autoDraw = True
57.0860 	EXP 	Tstim_6: autoDraw = True
57.0860 	EXP 	Tstim_7: autoDraw = True
57.0860 	EXP 	Tstim_8: autoDraw = True
57.0860 	EXP 	Tstim_9: autoDraw = True
57.0860 	EXP 	Tstim_10: autoDraw = True
57.0860 	EXP 	Tstim_11: autoDraw = True
57.0860 	EXP 	Tstim_12: autoDraw = True
57.0860 	EXP 	Tstim_13: autoDraw = True
57.0860 	EXP 	Tstim_14: autoDraw = True
57.0860 	EXP 	Tstim_15: autoDraw = True
57.0860 	EXP 	Tstim_16: autoDraw = True
57.0860 	EXP 	Tstim_17: autoDraw = True
57.0860 	EXP 	Tstim_18: autoDraw = True
57.0860 	EXP 	Tstim_19: autoDraw = True
57.0860 	EXP 	Tstim_20: autoDraw = True
57.0860 	EXP 	Lstim: autoDraw = True
57.0860 	EXP 	Tstim: text = 'T'
57.0860 	EXP 	Tstim_2: text = 'T'
57.0860 	EXP 	Tstim_3: text = 'T'
57.0860 	EXP 	Tstim_4: text = 'T'
57.0860 	EXP 	Tstim_5: text = 'T'
57.0860 	EXP 	Tstim_6: text = 'T'
57.0860 	EXP 	Tstim_7: text = 'T'
57.0860 	EXP 	Tstim_8: text = 'T'
57.0860 	EXP 	Tstim_9: text = 'T'
57.0860 	EXP 	Tstim_10: text = 'T'
57.0860 	EXP 	Tstim_11: text = 'T'
57.0860 	EXP 	Tstim_12: text = 'T'
57.0860 	EXP 	Tstim_13: text = 'T'
57.0860 	EXP 	Tstim_14: text = 'T'
57.0860 	EXP 	Tstim_15: text = 'T'
57.0860 	EXP 	Tstim_16: text = 'T'
57.0860 	EXP 	Tstim_17: text = 'T'
57.0860 	EXP 	Tstim_18: text = 'T'
57.0860 	EXP 	Tstim_19: text = 'T'
57.0860 	EXP 	Tstim_20: text = 'T'
57.0860 	EXP 	Lstim: text = 'L'
58.0892 	DATA 	Mouse: Left button down, pos=(869,731)
58.1110 	EXP 	Tstim: autoDraw = False
58.1110 	EXP 	Tstim_2: autoDraw = False
58.1110 	EXP 	Tstim_3: autoDraw = False
58.1110 	EXP 	Tstim_4: autoDraw = False
58.1110 	EXP 	Tstim_5: autoDraw = False
58.1110 	EXP 	Tstim_6: autoDraw = False
58.1110 	EXP 	Tstim_7: autoDraw = False
58.1110 	EXP 	Tstim_8: autoDraw = False
58.1110 	EXP 	Tstim_9: autoDraw = False
58.1110 	EXP 	Tstim_10: autoDraw = False
58.1110 	EXP 	Tstim_11: autoDraw = False
58.1110 	EXP 	Tstim_12: autoDraw = False
58.1110 	EXP 	Tstim_13: autoDraw = False
58.1110 	EXP 	Tstim_14: autoDraw = False
58.1110 	EXP 	Tstim_15: autoDraw = False
58.1110 	EXP 	Tstim_16: autoDraw = False
58.1110 	EXP 	Tstim_17: autoDraw = False
58.1110 	EXP 	Tstim_18: autoDraw = False
58.1110 	EXP 	Tstim_19: autoDraw = False
58.1110 	EXP 	Tstim_20: autoDraw = False
58.1110 	EXP 	Lstim: autoDraw = False
58.1110 	EXP 	text: text = 'Target found!'
58.1110 	EXP 	text: autoDraw = True
58.2155 	DATA 	Mouse:  Left button up, pos=(869,731)
59.0980 	EXP 	New trial (rep=0, index=5): OrderedDict([('targetCol', 'black'), ('distractorCol', 'black'), ('mixedOris', 1), ('setSize', 5)])
59.1985 	EXP 	text: autoDraw = False
59.1985 	EXP 	text: autoDraw = False
59.1985 	EXP 	Tstim: color = 'black'
59.1985 	EXP 	Tstim_2: color = 'black'
59.1985 	EXP 	Tstim_3: color = 'black'
59.1985 	EXP 	Tstim_4: color = 'black'
59.1985 	EXP 	Tstim_5: color = 'black'
59.1985 	EXP 	Tstim_6: color = 'grey'
59.1985 	EXP 	Tstim_7: color = 'grey'
59.1985 	EXP 	Tstim_8: color = 'grey'
59.1985 	EXP 	Tstim_9: color = 'grey'
59.1985 	EXP 	Tstim_10: color = 'grey'
59.1985 	EXP 	Tstim_11: color = 'grey'
59.1985 	EXP 	Tstim_12: color = 'grey'
59.1985 	EXP 	Tstim_13: color = 'grey'
59.1985 	EXP 	Tstim_14: color = 'grey'
59.1985 	EXP 	Tstim_15: color = 'grey'
59.1985 	EXP 	Tstim_16: color = 'grey'
59.1985 	EXP 	Tstim_17: color = 'grey'
59.1985 	EXP 	Tstim_18: color = 'grey'
59.1985 	EXP 	Tstim_19: color = 'grey'
59.1985 	EXP 	Tstim_20: color = 'grey'
59.1985 	EXP 	Lstim: color = 'black'
59.1985 	EXP 	Lstim: ori = 0.0
59.1985 	EXP 	Tstim: ori = 0.0
59.1985 	EXP 	Tstim_2: ori = 0.0
59.1985 	EXP 	Tstim_3: ori = 0.0
59.1985 	EXP 	Tstim_4: ori = 0.0
59.1985 	EXP 	Tstim_5: ori = 0.0
59.1985 	EXP 	Tstim_6: ori = 0.0
59.1985 	EXP 	Tstim_7: ori = 0.0
59.1985 	EXP 	Tstim_8: ori = 0.0
59.1985 	EXP 	Tstim_9: ori = 0.0
59.1985 	EXP 	Tstim_10: ori = 0.0
59.1985 	EXP 	Tstim_11: ori = 0.0
59.1985 	EXP 	Tstim_12: ori = 0.0
59.1985 	EXP 	Tstim_13: ori = 0.0
59.1985 	EXP 	Tstim_14: ori = 0.0
59.1985 	EXP 	Tstim_15: ori = 0.0
59.1985 	EXP 	Tstim_16: ori = 0.0
59.1985 	EXP 	Tstim_17: ori = 0.0
59.1985 	EXP 	Tstim_18: ori = 0.0
59.1985 	EXP 	Tstim_19: ori = 0.0
59.1985 	EXP 	Tstim_20: ori = 0.0
59.1985 	EXP 	Tstim: opacity = 0.5
59.1985 	EXP 	Tstim: pos = array([-0.3 , -0.09])
59.1985 	EXP 	Tstim: height = 0.1
59.1985 	EXP 	Tstim_2: opacity = 0.5
59.1985 	EXP 	Tstim_2: height = 0.1
59.1985 	EXP 	Tstim_3: opacity = 0.5
59.1985 	EXP 	Tstim_3: pos = array([ 0.27, -0.12])
59.1985 	EXP 	Tstim_3: height = 0.1
59.1985 	EXP 	Tstim_4: opacity = 0.5
59.1985 	EXP 	Tstim_4: pos = array([-0.21,  0.09])
59.1985 	EXP 	Tstim_4: height = 0.1
59.1985 	EXP 	Tstim_5: opacity = 0.5
59.1985 	EXP 	Tstim_5: pos = array([ 0.03, -0.06])
59.1985 	EXP 	Tstim_5: height = 0.1
59.1985 	EXP 	Tstim_6: opacity = 0.5
59.1985 	EXP 	Tstim_6: pos = array([ 0.12, -0.21])
59.1985 	EXP 	Tstim_6: height = 0.1
59.1985 	EXP 	Tstim_7: opacity = 0.5
59.1985 	EXP 	Tstim_7: pos = array([0.24, 0.18])
59.1985 	EXP 	Tstim_7: height = 0.1
59.1985 	EXP 	Tstim_8: opacity = 0.5
59.1985 	EXP 	Tstim_8: pos = array([-0.06,  0.12])
59.1985 	EXP 	Tstim_8: height = 0.1
59.1985 	EXP 	Tstim_9: opacity = 0.5
59.1985 	EXP 	Tstim_9: pos = array([-0.18, -0.3 ])
59.1985 	EXP 	Tstim_9: height = 0.1
59.1985 	EXP 	Tstim_10: opacity = 0.5
59.1985 	EXP 	Tstim_10: pos = array([-0.03, -0.15])
59.1985 	EXP 	Tstim_10: height = 0.1
59.1985 	EXP 	Tstim_11: opacity = 0.5
59.1985 	EXP 	Tstim_11: pos = array([-0.24, -0.18])
59.1985 	EXP 	Tstim_11: height = 0.1
59.1985 	EXP 	Tstim_12: opacity = 0.5
59.1985 	EXP 	Tstim_12: pos = array([0.06, 0.15])
59.1985 	EXP 	Tstim_12: height = 0.1
59.1985 	EXP 	Tstim_13: opacity = 0.5
59.1985 	EXP 	Tstim_13: pos = array([0.3 , 0.24])
59.1985 	EXP 	Tstim_13: height = 0.1
59.1985 	EXP 	Tstim_14: opacity = 0.5
59.1985 	EXP 	Tstim_14: pos = array([-0.09, -0.27])
59.1985 	EXP 	Tstim_14: height = 0.1
59.1985 	EXP 	Tstim_15: opacity = 0.5
59.1985 	EXP 	Tstim_15: pos = array([ 0.18, -0.03])
59.1985 	EXP 	Tstim_15: height = 0.1
59.1985 	EXP 	Tstim_16: opacity = 0.5
59.1985 	EXP 	Tstim_16: pos = array([0.21, 0.21])
59.1985 	EXP 	Tstim_16: height = 0.1
59.1985 	EXP 	Tstim_17: opacity = 0.5
59.1985 	EXP 	Tstim_17: pos = array([-0.27,  0.27])
59.1985 	EXP 	Tstim_17: height = 0.1
59.1985 	EXP 	Tstim_18: opacity = 0.5
59.1985 	EXP 	Tstim_18: pos = array([-0.15,  0.  ])
59.1985 	EXP 	Tstim_18: height = 0.1
59.1985 	EXP 	Tstim_19: opacity = 0.5
59.1985 	EXP 	Tstim_19: pos = array([ 0.  , -0.24])
59.1985 	EXP 	Tstim_19: height = 0.1
59.1985 	EXP 	Tstim_20: opacity = 0.5
59.1985 	EXP 	Tstim_20: pos = array([0.15, 0.03])
59.1985 	EXP 	Tstim_20: height = 0.1
59.1985 	EXP 	Lstim: opacity = 0.5
59.1985 	EXP 	Lstim: pos = array([-0.12,  0.3 ])
59.1985 	EXP 	Lstim: height = 0.1
59.1985 	EXP 	Tstim: autoDraw = True
59.1985 	EXP 	Tstim_2: autoDraw = True
59.1985 	EXP 	Tstim_3: autoDraw = True
59.1985 	EXP 	Tstim_4: autoDraw = True
59.1985 	EXP 	Tstim_5: autoDraw = True
59.1985 	EXP 	Tstim_6: autoDraw = True
59.1985 	EXP 	Tstim_7: autoDraw = True
59.1985 	EXP 	Tstim_8: autoDraw = True
59.1985 	EXP 	Tstim_9: autoDraw = True
59.1985 	EXP 	Tstim_10: autoDraw = True
59.1985 	EXP 	Tstim_11: autoDraw = True
59.1985 	EXP 	Tstim_12: autoDraw = True
59.1985 	EXP 	Tstim_13: autoDraw = True
59.1985 	EXP 	Tstim_14: autoDraw = True
59.1985 	EXP 	Tstim_15: autoDraw = True
59.1985 	EXP 	Tstim_16: autoDraw = True
59.1985 	EXP 	Tstim_17: autoDraw = True
59.1985 	EXP 	Tstim_18: autoDraw = True
59.1985 	EXP 	Tstim_19: autoDraw = True
59.1985 	EXP 	Tstim_20: autoDraw = True
59.1985 	EXP 	Lstim: autoDraw = True
59.1985 	EXP 	Tstim: text = 'T'
59.1985 	EXP 	Tstim_2: text = 'T'
59.1985 	EXP 	Tstim_3: text = 'T'
59.1985 	EXP 	Tstim_4: text = 'T'
59.1985 	EXP 	Tstim_5: text = 'T'
59.1985 	EXP 	Tstim_6: text = 'T'
59.1985 	EXP 	Tstim_7: text = 'T'
59.1985 	EXP 	Tstim_8: text = 'T'
59.1985 	EXP 	Tstim_9: text = 'T'
59.1985 	EXP 	Tstim_10: text = 'T'
59.1985 	EXP 	Tstim_11: text = 'T'
59.1985 	EXP 	Tstim_12: text = 'T'
59.1985 	EXP 	Tstim_13: text = 'T'
59.1985 	EXP 	Tstim_14: text = 'T'
59.1985 	EXP 	Tstim_15: text = 'T'
59.1985 	EXP 	Tstim_16: text = 'T'
59.1985 	EXP 	Tstim_17: text = 'T'
59.1985 	EXP 	Tstim_18: text = 'T'
59.1985 	EXP 	Tstim_19: text = 'T'
59.1985 	EXP 	Tstim_20: text = 'T'
59.1985 	EXP 	Lstim: text = 'L'
60.4636 	DATA 	Mouse: Left button down, pos=(829,918)
60.4802 	EXP 	Tstim: autoDraw = False
60.4802 	EXP 	Tstim_2: autoDraw = False
60.4802 	EXP 	Tstim_3: autoDraw = False
60.4802 	EXP 	Tstim_4: autoDraw = False
60.4802 	EXP 	Tstim_5: autoDraw = False
60.4802 	EXP 	Tstim_6: autoDraw = False
60.4802 	EXP 	Tstim_7: autoDraw = False
60.4802 	EXP 	Tstim_8: autoDraw = False
60.4802 	EXP 	Tstim_9: autoDraw = False
60.4802 	EXP 	Tstim_10: autoDraw = False
60.4802 	EXP 	Tstim_11: autoDraw = False
60.4802 	EXP 	Tstim_12: autoDraw = False
60.4802 	EXP 	Tstim_13: autoDraw = False
60.4802 	EXP 	Tstim_14: autoDraw = False
60.4802 	EXP 	Tstim_15: autoDraw = False
60.4802 	EXP 	Tstim_16: autoDraw = False
60.4802 	EXP 	Tstim_17: autoDraw = False
60.4802 	EXP 	Tstim_18: autoDraw = False
60.4802 	EXP 	Tstim_19: autoDraw = False
60.4802 	EXP 	Tstim_20: autoDraw = False
60.4802 	EXP 	Lstim: autoDraw = False
60.4802 	EXP 	text: text = 'Target found!'
60.4802 	EXP 	text: autoDraw = True
60.5848 	DATA 	Mouse:  Left button up, pos=(829,918)
61.4669 	EXP 	New trial (rep=0, index=6): OrderedDict([('targetCol', 'black'), ('distractorCol', 'black'), ('mixedOris', 1), ('setSize', 20)])
61.5996 	EXP 	text: autoDraw = False
61.5996 	EXP 	text: autoDraw = False
61.5996 	EXP 	Tstim: color = 'black'
61.5996 	EXP 	Tstim_2: color = 'black'
61.5996 	EXP 	Tstim_3: color = 'black'
61.5996 	EXP 	Tstim_4: color = 'black'
61.5996 	EXP 	Tstim_5: color = 'black'
61.5996 	EXP 	Tstim_6: color = 'black'
61.5996 	EXP 	Tstim_7: color = 'black'
61.5996 	EXP 	Tstim_8: color = 'black'
61.5996 	EXP 	Tstim_9: color = 'black'
61.5996 	EXP 	Tstim_10: color = 'black'
61.5996 	EXP 	Tstim_11: color = 'black'
61.5996 	EXP 	Tstim_12: color = 'black'
61.5996 	EXP 	Tstim_13: color = 'black'
61.5996 	EXP 	Tstim_14: color = 'black'
61.5996 	EXP 	Tstim_15: color = 'black'
61.5996 	EXP 	Tstim_16: color = 'black'
61.5996 	EXP 	Tstim_17: color = 'black'
61.5996 	EXP 	Tstim_18: color = 'black'
61.5996 	EXP 	Tstim_19: color = 'black'
61.5996 	EXP 	Tstim_20: color = 'black'
61.5996 	EXP 	Lstim: color = 'black'
61.5996 	EXP 	Lstim: ori = 0.0
61.5996 	EXP 	Tstim: ori = 0.0
61.5996 	EXP 	Tstim_2: ori = 0.0
61.5996 	EXP 	Tstim_3: ori = 0.0
61.5996 	EXP 	Tstim_4: ori = 0.0
61.5996 	EXP 	Tstim_5: ori = 0.0
61.5996 	EXP 	Tstim_6: ori = 0.0
61.5996 	EXP 	Tstim_7: ori = 0.0
61.5996 	EXP 	Tstim_8: ori = 0.0
61.5996 	EXP 	Tstim_9: ori = 0.0
61.5996 	EXP 	Tstim_10: ori = 0.0
61.5996 	EXP 	Tstim_11: ori = 0.0
61.5996 	EXP 	Tstim_12: ori = 0.0
61.5996 	EXP 	Tstim_13: ori = 0.0
61.5996 	EXP 	Tstim_14: ori = 0.0
61.5996 	EXP 	Tstim_15: ori = 0.0
61.5996 	EXP 	Tstim_16: ori = 0.0
61.5996 	EXP 	Tstim_17: ori = 0.0
61.5996 	EXP 	Tstim_18: ori = 0.0
61.5996 	EXP 	Tstim_19: ori = 0.0
61.5996 	EXP 	Tstim_20: ori = 0.0
61.5996 	EXP 	Tstim: opacity = 0.5
61.5996 	EXP 	Tstim: pos = array([ 0.15, -0.27])
61.5996 	EXP 	Tstim: height = 0.1
61.5996 	EXP 	Tstim_2: opacity = 0.5
61.5996 	EXP 	Tstim_2: height = 0.1
61.5996 	EXP 	Tstim_3: opacity = 0.5
61.5996 	EXP 	Tstim_3: pos = array([0.  , 0.09])
61.5996 	EXP 	Tstim_3: height = 0.1
61.5996 	EXP 	Tstim_4: opacity = 0.5
61.5996 	EXP 	Tstim_4: pos = array([0.21, 0.3 ])
61.5996 	EXP 	Tstim_4: height = 0.1
61.5996 	EXP 	Tstim_5: opacity = 0.5
61.5996 	EXP 	Tstim_5: pos = array([0.18, 0.18])
61.5996 	EXP 	Tstim_5: height = 0.1
61.5996 	EXP 	Tstim_6: opacity = 0.5
61.5996 	EXP 	Tstim_6: pos = array([-0.15, -0.3 ])
61.5996 	EXP 	Tstim_6: height = 0.1
61.5996 	EXP 	Tstim_7: opacity = 0.5
61.5996 	EXP 	Tstim_7: pos = array([-0.12,  0.27])
61.5996 	EXP 	Tstim_7: height = 0.1
61.5996 	EXP 	Tstim_8: opacity = 0.5
61.5996 	EXP 	Tstim_8: pos = array([0.06, 0.24])
61.5996 	EXP 	Tstim_8: height = 0.1
61.5996 	EXP 	Tstim_9: opacity = 0.5
61.5996 	EXP 	Tstim_9: pos = array([-0.03, -0.21])
61.5996 	EXP 	Tstim_9: height = 0.1
61.5996 	EXP 	Tstim_10: opacity = 0.5
61.5996 	EXP 	Tstim_10: pos = array([ 0.12, -0.09])
61.5996 	EXP 	Tstim_10: height = 0.1
61.5996 	EXP 	Tstim_11: opacity = 0.5
61.5996 	EXP 	Tstim_11: pos = array([ 0.03, -0.03])
61.5996 	EXP 	Tstim_11: height = 0.1
61.5996 	EXP 	Tstim_12: opacity = 0.5
61.5996 	EXP 	Tstim_12: pos = array([-0.09, -0.24])
61.5996 	EXP 	Tstim_12: height = 0.1
61.5996 	EXP 	Tstim_13: opacity = 0.5
61.5996 	EXP 	Tstim_13: pos = array([-0.06,  0.15])
61.5996 	EXP 	Tstim_13: height = 0.1
61.5996 	EXP 	Tstim_14: opacity = 0.5
61.5996 	EXP 	Tstim_14: pos = array([-0.3 , -0.12])
61.5996 	EXP 	Tstim_14: height = 0.1
61.5996 	EXP 	Tstim_15: opacity = 0.5
61.5996 	EXP 	Tstim_15: pos = array([0.3, 0. ])
61.5996 	EXP 	Tstim_15: height = 0.1
61.5996 	EXP 	Tstim_16: opacity = 0.5
61.5996 	EXP 	Tstim_16: pos = array([-0.21,  0.21])
61.5996 	EXP 	Tstim_16: height = 0.1
61.5996 	EXP 	Tstim_17: opacity = 0.5
61.5996 	EXP 	Tstim_17: pos = array([-0.27, -0.06])
61.5996 	EXP 	Tstim_17: height = 0.1
61.5996 	EXP 	Tstim_18: opacity = 0.5
61.5996 	EXP 	Tstim_18: pos = array([0.24, 0.03])
61.5996 	EXP 	Tstim_18: height = 0.1
61.5996 	EXP 	Tstim_19: opacity = 0.5
61.5996 	EXP 	Tstim_19: pos = array([0.27, 0.06])
61.5996 	EXP 	Tstim_19: height = 0.1
61.5996 	EXP 	Tstim_20: opacity = 0.5
61.5996 	EXP 	Tstim_20: pos = array([-0.24, -0.15])
61.5996 	EXP 	Tstim_20: height = 0.1
61.5996 	EXP 	Lstim: opacity = 0.5
61.5996 	EXP 	Lstim: pos = array([-0.18,  0.12])
61.5996 	EXP 	Lstim: height = 0.1
61.5996 	EXP 	Tstim: autoDraw = True
61.5996 	EXP 	Tstim_2: autoDraw = True
61.5996 	EXP 	Tstim_3: autoDraw = True
61.5996 	EXP 	Tstim_4: autoDraw = True
61.5996 	EXP 	Tstim_5: autoDraw = True
61.5996 	EXP 	Tstim_6: autoDraw = True
61.5996 	EXP 	Tstim_7: autoDraw = True
61.5996 	EXP 	Tstim_8: autoDraw = True
61.5996 	EXP 	Tstim_9: autoDraw = True
61.5996 	EXP 	Tstim_10: autoDraw = True
61.5996 	EXP 	Tstim_11: autoDraw = True
61.5996 	EXP 	Tstim_12: autoDraw = True
61.5996 	EXP 	Tstim_13: autoDraw = True
61.5996 	EXP 	Tstim_14: autoDraw = True
61.5996 	EXP 	Tstim_15: autoDraw = True
61.5996 	EXP 	Tstim_16: autoDraw = True
61.5996 	EXP 	Tstim_17: autoDraw = True
61.5996 	EXP 	Tstim_18: autoDraw = True
61.5996 	EXP 	Tstim_19: autoDraw = True
61.5996 	EXP 	Tstim_20: autoDraw = True
61.5996 	EXP 	Lstim: autoDraw = True
61.5996 	EXP 	Tstim: text = 'T'
61.5996 	EXP 	Tstim_2: text = 'T'
61.5996 	EXP 	Tstim_3: text = 'T'
61.5996 	EXP 	Tstim_4: text = 'T'
61.5996 	EXP 	Tstim_5: text = 'T'
61.5996 	EXP 	Tstim_6: text = 'T'
61.5996 	EXP 	Tstim_7: text = 'T'
61.5996 	EXP 	Tstim_8: text = 'T'
61.5996 	EXP 	Tstim_9: text = 'T'
61.5996 	EXP 	Tstim_10: text = 'T'
61.5996 	EXP 	Tstim_11: text = 'T'
61.5996 	EXP 	Tstim_12: text = 'T'
61.5996 	EXP 	Tstim_13: text = 'T'
61.5996 	EXP 	Tstim_14: text = 'T'
61.5996 	EXP 	Tstim_15: text = 'T'
61.5996 	EXP 	Tstim_16: text = 'T'
61.5996 	EXP 	Tstim_17: text = 'T'
61.5996 	EXP 	Tstim_18: text = 'T'
61.5996 	EXP 	Tstim_19: text = 'T'
61.5996 	EXP 	Tstim_20: text = 'T'
61.5996 	EXP 	Lstim: text = 'L'
63.2495 	DATA 	Mouse: Left button down, pos=(730,695)
63.2661 	EXP 	Tstim: autoDraw = False
63.2661 	EXP 	Tstim_2: autoDraw = False
63.2661 	EXP 	Tstim_3: autoDraw = False
63.2661 	EXP 	Tstim_4: autoDraw = False
63.2661 	EXP 	Tstim_5: autoDraw = False
63.2661 	EXP 	Tstim_6: autoDraw = False
63.2661 	EXP 	Tstim_7: autoDraw = False
63.2661 	EXP 	Tstim_8: autoDraw = False
63.2661 	EXP 	Tstim_9: autoDraw = False
63.2661 	EXP 	Tstim_10: autoDraw = False
63.2661 	EXP 	Tstim_11: autoDraw = False
63.2661 	EXP 	Tstim_12: autoDraw = False
63.2661 	EXP 	Tstim_13: autoDraw = False
63.2661 	EXP 	Tstim_14: autoDraw = False
63.2661 	EXP 	Tstim_15: autoDraw = False
63.2661 	EXP 	Tstim_16: autoDraw = False
63.2661 	EXP 	Tstim_17: autoDraw = False
63.2661 	EXP 	Tstim_18: autoDraw = False
63.2661 	EXP 	Tstim_19: autoDraw = False
63.2661 	EXP 	Tstim_20: autoDraw = False
63.2661 	EXP 	Lstim: autoDraw = False
63.2661 	EXP 	text: text = 'Target found!'
63.2661 	EXP 	text: autoDraw = True
63.3866 	DATA 	Mouse:  Left button up, pos=(730,695)
64.2532 	EXP 	New trial (rep=0, index=7): OrderedDict([('targetCol', 'black'), ('distractorCol', 'black'), ('mixedOris', 1), ('setSize', 5)])
64.3924 	EXP 	text: autoDraw = False
64.3924 	EXP 	text: autoDraw = False
64.3924 	EXP 	Tstim: color = 'black'
64.3924 	EXP 	Tstim_2: color = 'black'
64.3924 	EXP 	Tstim_3: color = 'black'
64.3924 	EXP 	Tstim_4: color = 'black'
64.3924 	EXP 	Tstim_5: color = 'black'
64.3924 	EXP 	Tstim_6: color = 'grey'
64.3924 	EXP 	Tstim_7: color = 'grey'
64.3924 	EXP 	Tstim_8: color = 'grey'
64.3924 	EXP 	Tstim_9: color = 'grey'
64.3924 	EXP 	Tstim_10: color = 'grey'
64.3924 	EXP 	Tstim_11: color = 'grey'
64.3924 	EXP 	Tstim_12: color = 'grey'
64.3924 	EXP 	Tstim_13: color = 'grey'
64.3924 	EXP 	Tstim_14: color = 'grey'
64.3924 	EXP 	Tstim_15: color = 'grey'
64.3924 	EXP 	Tstim_16: color = 'grey'
64.3924 	EXP 	Tstim_17: color = 'grey'
64.3924 	EXP 	Tstim_18: color = 'grey'
64.3924 	EXP 	Tstim_19: color = 'grey'
64.3924 	EXP 	Tstim_20: color = 'grey'
64.3924 	EXP 	Lstim: color = 'black'
64.3924 	EXP 	Lstim: ori = 0.0
64.3924 	EXP 	Tstim: ori = 0.0
64.3924 	EXP 	Tstim_2: ori = 0.0
64.3924 	EXP 	Tstim_3: ori = 0.0
64.3924 	EXP 	Tstim_4: ori = 0.0
64.3924 	EXP 	Tstim_5: ori = 0.0
64.3924 	EXP 	Tstim_6: ori = 0.0
64.3924 	EXP 	Tstim_7: ori = 0.0
64.3924 	EXP 	Tstim_8: ori = 0.0
64.3924 	EXP 	Tstim_9: ori = 0.0
64.3924 	EXP 	Tstim_10: ori = 0.0
64.3924 	EXP 	Tstim_11: ori = 0.0
64.3924 	EXP 	Tstim_12: ori = 0.0
64.3924 	EXP 	Tstim_13: ori = 0.0
64.3924 	EXP 	Tstim_14: ori = 0.0
64.3924 	EXP 	Tstim_15: ori = 0.0
64.3924 	EXP 	Tstim_16: ori = 0.0
64.3924 	EXP 	Tstim_17: ori = 0.0
64.3924 	EXP 	Tstim_18: ori = 0.0
64.3924 	EXP 	Tstim_19: ori = 0.0
64.3924 	EXP 	Tstim_20: ori = 0.0
64.3924 	EXP 	Tstim: opacity = 0.5
64.3924 	EXP 	Tstim: pos = array([ 0.03, -0.27])
64.3924 	EXP 	Tstim: height = 0.1
64.3924 	EXP 	Tstim_2: opacity = 0.5
64.3924 	EXP 	Tstim_2: height = 0.1
64.3924 	EXP 	Tstim_3: opacity = 0.5
64.3924 	EXP 	Tstim_3: pos = array([-0.12,  0.06])
64.3924 	EXP 	Tstim_3: height = 0.1
64.3924 	EXP 	Tstim_4: opacity = 0.5
64.3924 	EXP 	Tstim_4: pos = array([-0.15,  0.24])
64.3924 	EXP 	Tstim_4: height = 0.1
64.3924 	EXP 	Tstim_5: opacity = 0.5
64.3924 	EXP 	Tstim_5: pos = array([ 0.21, -0.09])
64.3924 	EXP 	Tstim_5: height = 0.1
64.3924 	EXP 	Tstim_6: opacity = 0.5
64.3924 	EXP 	Tstim_6: pos = array([-0.27,  0.18])
64.3924 	EXP 	Tstim_6: height = 0.1
64.3924 	EXP 	Tstim_7: opacity = 0.5
64.3924 	EXP 	Tstim_7: pos = array([ 0.12, -0.24])
64.3924 	EXP 	Tstim_7: height = 0.1
64.3924 	EXP 	Tstim_8: opacity = 0.5
64.3924 	EXP 	Tstim_8: pos = array([ 0.  , -0.03])
64.3924 	EXP 	Tstim_8: height = 0.1
64.3924 	EXP 	Tstim_9: opacity = 0.5
64.3924 	EXP 	Tstim_9: pos = array([-0.3, -0.3])
64.3924 	EXP 	Tstim_9: height = 0.1
64.3924 	EXP 	Tstim_10: opacity = 0.5
64.3924 	EXP 	Tstim_10: pos = array([ 0.24, -0.06])
64.3924 	EXP 	Tstim_10: height = 0.1
64.3924 	EXP 	Tstim_11: opacity = 0.5
64.3924 	EXP 	Tstim_11: pos = array([0.09, 0.3 ])
64.3924 	EXP 	Tstim_11: height = 0.1
64.3924 	EXP 	Tstim_12: opacity = 0.5
64.3924 	EXP 	Tstim_12: pos = array([ 0.06, -0.15])
64.3924 	EXP 	Tstim_12: height = 0.1
64.3924 	EXP 	Tstim_13: opacity = 0.5
64.3924 	EXP 	Tstim_13: pos = array([0.27, 0.21])
64.3924 	EXP 	Tstim_13: height = 0.1
64.3924 	EXP 	Tstim_14: opacity = 0.5
64.3924 	EXP 	Tstim_14: pos = array([0.18, 0.15])
64.3924 	EXP 	Tstim_14: height = 0.1
64.3924 	EXP 	Tstim_15: opacity = 0.5
64.3924 	EXP 	Tstim_15: pos = array([0.15, 0.  ])
64.3924 	EXP 	Tstim_15: height = 0.1
64.3924 	EXP 	Tstim_16: opacity = 0.5
64.3924 	EXP 	Tstim_16: pos = array([-0.18,  0.09])
64.3924 	EXP 	Tstim_16: height = 0.1
64.3924 	EXP 	Tstim_17: opacity = 0.5
64.3924 	EXP 	Tstim_17: pos = array([-0.09,  0.03])
64.3924 	EXP 	Tstim_17: height = 0.1
64.3924 	EXP 	Tstim_18: opacity = 0.5
64.3924 	EXP 	Tstim_18: pos = array([-0.21, -0.21])
64.3924 	EXP 	Tstim_18: height = 0.1
64.3924 	EXP 	Tstim_19: opacity = 0.5
64.3924 	EXP 	Tstim_19: pos = array([-0.03, -0.18])
64.3924 	EXP 	Tstim_19: height = 0.1
64.3924 	EXP 	Tstim_20: opacity = 0.5
64.3924 	EXP 	Tstim_20: pos = array([0.3 , 0.12])
64.3924 	EXP 	Tstim_20: height = 0.1
64.3924 	EXP 	Lstim: opacity = 0.5
64.3924 	EXP 	Lstim: pos = array([-0.24,  0.27])
64.3924 	EXP 	Lstim: height = 0.1
64.3924 	EXP 	Tstim: autoDraw = True
64.3924 	EXP 	Tstim_2: autoDraw = True
64.3924 	EXP 	Tstim_3: autoDraw = True
64.3924 	EXP 	Tstim_4: autoDraw = True
64.3924 	EXP 	Tstim_5: autoDraw = True
64.3924 	EXP 	Tstim_6: autoDraw = True
64.3924 	EXP 	Tstim_7: autoDraw = True
64.3924 	EXP 	Tstim_8: autoDraw = True
64.3924 	EXP 	Tstim_9: autoDraw = True
64.3924 	EXP 	Tstim_10: autoDraw = True
64.3924 	EXP 	Tstim_11: autoDraw = True
64.3924 	EXP 	Tstim_12: autoDraw = True
64.3924 	EXP 	Tstim_13: autoDraw = True
64.3924 	EXP 	Tstim_14: autoDraw = True
64.3924 	EXP 	Tstim_15: autoDraw = True
64.3924 	EXP 	Tstim_16: autoDraw = True
64.3924 	EXP 	Tstim_17: autoDraw = True
64.3924 	EXP 	Tstim_18: autoDraw = True
64.3924 	EXP 	Tstim_19: autoDraw = True
64.3924 	EXP 	Tstim_20: autoDraw = True
64.3924 	EXP 	Lstim: autoDraw = True
64.3924 	EXP 	Tstim: text = 'T'
64.3924 	EXP 	Tstim_2: text = 'T'
64.3924 	EXP 	Tstim_3: text = 'T'
64.3924 	EXP 	Tstim_4: text = 'T'
64.3924 	EXP 	Tstim_5: text = 'T'
64.3924 	EXP 	Tstim_6: text = 'T'
64.3924 	EXP 	Tstim_7: text = 'T'
64.3924 	EXP 	Tstim_8: text = 'T'
64.3924 	EXP 	Tstim_9: text = 'T'
64.3924 	EXP 	Tstim_10: text = 'T'
64.3924 	EXP 	Tstim_11: text = 'T'
64.3924 	EXP 	Tstim_12: text = 'T'
64.3924 	EXP 	Tstim_13: text = 'T'
64.3924 	EXP 	Tstim_14: text = 'T'
64.3924 	EXP 	Tstim_15: text = 'T'
64.3924 	EXP 	Tstim_16: text = 'T'
64.3924 	EXP 	Tstim_17: text = 'T'
64.3924 	EXP 	Tstim_18: text = 'T'
64.3924 	EXP 	Tstim_19: text = 'T'
64.3924 	EXP 	Tstim_20: text = 'T'
64.3924 	EXP 	Lstim: text = 'L'
66.1261 	DATA 	Keypress: escape
66.4429 	EXP 	window1: mouseVisible = True
