5.4419 	WARNING 	We strongly recommend you activate the PTB sound engine in PsychoPy prefs as the preferred audio engine. Its timing is vastly superior. Your prefs are currently set to use ['sounddevice', 'PTB', 'pyo', 'pygame'] (in that order).
8.3364 	WARNING 	User requested fullscreen with size [1024  768], but screen is actually [1920, 1200]. Using actual size
10.2262 	EXP 	Created window1 = Window(allowGUI=False, allowStencil=False, args=UNKNOWN, autoLog=True, bitsMode=UNKNOWN, blendMode='avg', bpc=(8, 8, 8), color=array([0., 0., 0.]), colorSpace='rgb', depthBits=8, fullscr=<method-wrapper '__getattribute__' of attributeSetter object at 0x00000215B467FAC8>, gamma=None, gammaErrorPolicy='raise', kwargs=UNKNOWN, lms=UNKNOWN, monitor=<psychopy.monitors.calibTools.Monitor object at 0x00000215B4353CF8>, multiSample=False, name='window1', numSamples=2, pos=[0.0, 0.0], screen=0, size=array([1920, 1200]), stencilBits=0, stereo=False, units='height', useFBO=True, useRetina=False, viewOri=0.0, viewPos=None, viewScale=None, waitBlanking=True, winType='pyglet')
10.2266 	EXP 	window1: mouseVisible = True
10.2266 	EXP 	window1: recordFrameIntervals = False
10.3917 	EXP 	window1: recordFrameIntervals = True
10.5756 	EXP 	window1: recordFrameIntervals = False
10.8190 	EXP 	Created instrTxt = TextStim(__class__=<class 'psychopy.visual.text.TextStim'>, alignHoriz=method-wrapper(...), alignText='center', alignVert=method-wrapper(...), anchorHoriz='center', anchorVert='center', antialias=True, autoLog=True, bold=False, color='white', colorSpace='named', contrast=1.0, depth=0.0, flipHoriz=False, flipVert=False, font='Arial', fontFiles=[], height=0.1, italic=False, languageStyle='LTR', name='instrTxt', opacity=1.0, ori=0, pos=array([0., 0.]), rgb=array([255., 255., 255.]), text=str(...), units='height', win=Window(...), wrapWidth=1)
10.8191 	EXP 	window1: mouseVisible = True
11.6776 	EXP 	Created Tstim = TextStim(__class__=<class 'psychopy.visual.text.TextStim'>, alignHoriz=method-wrapper(...), alignText='center', alignVert=method-wrapper(...), anchorHoriz='center', anchorVert='center', antialias=True, autoLog=True, bold=False, color='black', colorSpace='named', contrast=1.0, depth=-2.0, flipHoriz=False, flipVert=False, font='Arial', fontFiles=[], height=1.0, italic=False, languageStyle='LTR', name='Tstim', opacity=1.0, ori=0, pos=array([0., 0.]), rgb=array([0., 0., 0.]), text='T', units='height', win=Window(...), wrapWidth=1)
11.6797 	EXP 	Created Tstim_2 = TextStim(__class__=<class 'psychopy.visual.text.TextStim'>, alignHoriz=method-wrapper(...), alignText='center', alignVert=method-wrapper(...), anchorHoriz='center', anchorVert='center', antialias=True, autoLog=True, bold=False, color='black', colorSpace='named', contrast=1.0, depth=-3.0, flipHoriz=False, flipVert=False, font='Arial', fontFiles=[], height=1.0, italic=False, languageStyle='LTR', name='Tstim_2', opacity=1.0, ori=0, pos=array([0., 0.]), rgb=array([0., 0., 0.]), text='T', units='height', win=Window(...), wrapWidth=1)
11.6814 	EXP 	Created Tstim_3 = TextStim(__class__=<class 'psychopy.visual.text.TextStim'>, alignHoriz=method-wrapper(...), alignText='center', alignVert=method-wrapper(...), anchorHoriz='center', anchorVert='center', antialias=True, autoLog=True, bold=False, color='black', colorSpace='named', contrast=1.0, depth=-4.0, flipHoriz=False, flipVert=False, font='Arial', fontFiles=[], height=1.0, italic=False, languageStyle='LTR', name='Tstim_3', opacity=1.0, ori=0, pos=array([0., 0.]), rgb=array([0., 0., 0.]), text='T', units='height', win=Window(...), wrapWidth=1)
11.6831 	EXP 	Created Tstim_4 = TextStim(__class__=<class 'psychopy.visual.text.TextStim'>, alignHoriz=method-wrapper(...), alignText='center', alignVert=method-wrapper(...), anchorHoriz='center', anchorVert='center', antialias=True, autoLog=True, bold=False, color='black', colorSpace='named', contrast=1.0, depth=-5.0, flipHoriz=False, flipVert=False, font='Arial', fontFiles=[], height=1.0, italic=False, languageStyle='LTR', name='Tstim_4', opacity=1.0, ori=0, pos=array([0., 0.]), rgb=array([0., 0., 0.]), text='T', units='height', win=Window(...), wrapWidth=1)
11.6849 	EXP 	Created Tstim_5 = TextStim(__class__=<class 'psychopy.visual.text.TextStim'>, alignHoriz=method-wrapper(...), alignText='center', alignVert=method-wrapper(...), anchorHoriz='center', anchorVert='center', antialias=True, autoLog=True, bold=False, color='black', colorSpace='named', contrast=1.0, depth=-6.0, flipHoriz=False, flipVert=False, font='Arial', fontFiles=[], height=1.0, italic=False, languageStyle='LTR', name='Tstim_5', opacity=1.0, ori=0, pos=array([0., 0.]), rgb=array([0., 0., 0.]), text='T', units='height', win=Window(...), wrapWidth=1)
11.6865 	EXP 	Created Tstim_6 = TextStim(__class__=<class 'psychopy.visual.text.TextStim'>, alignHoriz=method-wrapper(...), alignText='center', alignVert=method-wrapper(...), anchorHoriz='center', anchorVert='center', antialias=True, autoLog=True, bold=False, color='black', colorSpace='named', contrast=1.0, depth=-7.0, flipHoriz=False, flipVert=False, font='Arial', fontFiles=[], height=1.0, italic=False, languageStyle='LTR', name='Tstim_6', opacity=1.0, ori=0, pos=array([0., 0.]), rgb=array([0., 0., 0.]), text='T', units='height', win=Window(...), wrapWidth=1)
11.6884 	EXP 	Created Tstim_7 = TextStim(__class__=<class 'psychopy.visual.text.TextStim'>, alignHoriz=method-wrapper(...), alignText='center', alignVert=method-wrapper(...), anchorHoriz='center', anchorVert='center', antialias=True, autoLog=True, bold=False, color='black', colorSpace='named', contrast=1.0, depth=-8.0, flipHoriz=False, flipVert=False, font='Arial', fontFiles=[], height=1.0, italic=False, languageStyle='LTR', name='Tstim_7', opacity=1.0, ori=0, pos=array([0., 0.]), rgb=array([0., 0., 0.]), text='T', units='height', win=Window(...), wrapWidth=1)
11.6914 	EXP 	Created Tstim_8 = TextStim(__class__=<class 'psychopy.visual.text.TextStim'>, alignHoriz=method-wrapper(...), alignText='center', alignVert=method-wrapper(...), anchorHoriz='center', anchorVert='center', antialias=True, autoLog=True, bold=False, color='black', colorSpace='named', contrast=1.0, depth=-9.0, flipHoriz=False, flipVert=False, font='Arial', fontFiles=[], height=1.0, italic=False, languageStyle='LTR', name='Tstim_8', opacity=1.0, ori=0, pos=array([0., 0.]), rgb=array([0., 0., 0.]), text='T', units='height', win=Window(...), wrapWidth=1)
11.6930 	EXP 	Created Tstim_9 = TextStim(__class__=<class 'psychopy.visual.text.TextStim'>, alignHoriz=method-wrapper(...), alignText='center', alignVert=method-wrapper(...), anchorHoriz='center', anchorVert='center', antialias=True, autoLog=True, bold=False, color='black', colorSpace='named', contrast=1.0, depth=-10.0, flipHoriz=False, flipVert=False, font='Arial', fontFiles=[], height=1.0, italic=False, languageStyle='LTR', name='Tstim_9', opacity=1.0, ori=0, pos=array([0., 0.]), rgb=array([0., 0., 0.]), text='T', units='height', win=Window(...), wrapWidth=1)
11.6943 	EXP 	Created Tstim_10 = TextStim(__class__=<class 'psychopy.visual.text.TextStim'>, alignHoriz=method-wrapper(...), alignText='center', alignVert=method-wrapper(...), anchorHoriz='center', anchorVert='center', antialias=True, autoLog=True, bold=False, color='black', colorSpace='named', contrast=1.0, depth=-11.0, flipHoriz=False, flipVert=False, font='Arial', fontFiles=[], height=1.0, italic=False, languageStyle='LTR', name='Tstim_10', opacity=1.0, ori=0, pos=array([0., 0.]), rgb=array([0., 0., 0.]), text='T', units='height', win=Window(...), wrapWidth=1)
11.6959 	EXP 	Created Tstim_11 = TextStim(__class__=<class 'psychopy.visual.text.TextStim'>, alignHoriz=method-wrapper(...), alignText='center', alignVert=method-wrapper(...), anchorHoriz='center', anchorVert='center', antialias=True, autoLog=True, bold=False, color='black', colorSpace='named', contrast=1.0, depth=-12.0, flipHoriz=False, flipVert=False, font='Arial', fontFiles=[], height=1.0, italic=False, languageStyle='LTR', name='Tstim_11', opacity=1.0, ori=0, pos=array([0., 0.]), rgb=array([0., 0., 0.]), text='T', units='height', win=Window(...), wrapWidth=1)
11.6970 	EXP 	Created Tstim_12 = TextStim(__class__=<class 'psychopy.visual.text.TextStim'>, alignHoriz=method-wrapper(...), alignText='center', alignVert=method-wrapper(...), anchorHoriz='center', anchorVert='center', antialias=True, autoLog=True, bold=False, color='black', colorSpace='named', contrast=1.0, depth=-13.0, flipHoriz=False, flipVert=False, font='Arial', fontFiles=[], height=1.0, italic=False, languageStyle='LTR', name='Tstim_12', opacity=1.0, ori=0, pos=array([0., 0.]), rgb=array([0., 0., 0.]), text='T', units='height', win=Window(...), wrapWidth=1)
11.6981 	EXP 	Created Tstim_13 = TextStim(__class__=<class 'psychopy.visual.text.TextStim'>, alignHoriz=method-wrapper(...), alignText='center', alignVert=method-wrapper(...), anchorHoriz='center', anchorVert='center', antialias=True, autoLog=True, bold=False, color='black', colorSpace='named', contrast=1.0, depth=-14.0, flipHoriz=False, flipVert=False, font='Arial', fontFiles=[], height=1.0, italic=False, languageStyle='LTR', name='Tstim_13', opacity=1.0, ori=0, pos=array([0., 0.]), rgb=array([0., 0., 0.]), text='T', units='height', win=Window(...), wrapWidth=1)
11.6995 	EXP 	Created Tstim_14 = TextStim(__class__=<class 'psychopy.visual.text.TextStim'>, alignHoriz=method-wrapper(...), alignText='center', alignVert=method-wrapper(...), anchorHoriz='center', anchorVert='center', antialias=True, autoLog=True, bold=False, color='black', colorSpace='named', contrast=1.0, depth=-15.0, flipHoriz=False, flipVert=False, font='Arial', fontFiles=[], height=1.0, italic=False, languageStyle='LTR', name='Tstim_14', opacity=1.0, ori=0, pos=array([0., 0.]), rgb=array([0., 0., 0.]), text='T', units='height', win=Window(...), wrapWidth=1)
11.7013 	EXP 	Created Tstim_15 = TextStim(__class__=<class 'psychopy.visual.text.TextStim'>, alignHoriz=method-wrapper(...), alignText='center', alignVert=method-wrapper(...), anchorHoriz='center', anchorVert='center', antialias=True, autoLog=True, bold=False, color='black', colorSpace='named', contrast=1.0, depth=-16.0, flipHoriz=False, flipVert=False, font='Arial', fontFiles=[], height=1.0, italic=False, languageStyle='LTR', name='Tstim_15', opacity=1.0, ori=0, pos=array([0., 0.]), rgb=array([0., 0., 0.]), text='T', units='height', win=Window(...), wrapWidth=1)
11.7035 	EXP 	Created Tstim_16 = TextStim(__class__=<class 'psychopy.visual.text.TextStim'>, alignHoriz=method-wrapper(...), alignText='center', alignVert=method-wrapper(...), anchorHoriz='center', anchorVert='center', antialias=True, autoLog=True, bold=False, color='black', colorSpace='named', contrast=1.0, depth=-17.0, flipHoriz=False, flipVert=False, font='Arial', fontFiles=[], height=1.0, italic=False, languageStyle='LTR', name='Tstim_16', opacity=1.0, ori=0, pos=array([0., 0.]), rgb=array([0., 0., 0.]), text='T', units='height', win=Window(...), wrapWidth=1)
11.7062 	EXP 	Created Tstim_17 = TextStim(__class__=<class 'psychopy.visual.text.TextStim'>, alignHoriz=method-wrapper(...), alignText='center', alignVert=method-wrapper(...), anchorHoriz='center', anchorVert='center', antialias=True, autoLog=True, bold=False, color='black', colorSpace='named', contrast=1.0, depth=-18.0, flipHoriz=False, flipVert=False, font='Arial', fontFiles=[], height=1.0, italic=False, languageStyle='LTR', name='Tstim_17', opacity=1.0, ori=0, pos=array([0., 0.]), rgb=array([0., 0., 0.]), text='T', units='height', win=Window(...), wrapWidth=1)
11.7086 	EXP 	Created Tstim_18 = TextStim(__class__=<class 'psychopy.visual.text.TextStim'>, alignHoriz=method-wrapper(...), alignText='center', alignVert=method-wrapper(...), anchorHoriz='center', anchorVert='center', antialias=True, autoLog=True, bold=False, color='black', colorSpace='named', contrast=1.0, depth=-19.0, flipHoriz=False, flipVert=False, font='Arial', fontFiles=[], height=1.0, italic=False, languageStyle='LTR', name='Tstim_18', opacity=1.0, ori=0, pos=array([0., 0.]), rgb=array([0., 0., 0.]), text='T', units='height', win=Window(...), wrapWidth=1)
11.7106 	EXP 	Created Tstim_19 = TextStim(__class__=<class 'psychopy.visual.text.TextStim'>, alignHoriz=method-wrapper(...), alignText='center', alignVert=method-wrapper(...), anchorHoriz='center', anchorVert='center', antialias=True, autoLog=True, bold=False, color='black', colorSpace='named', contrast=1.0, depth=-20.0, flipHoriz=False, flipVert=False, font='Arial', fontFiles=[], height=1.0, italic=False, languageStyle='LTR', name='Tstim_19', opacity=1.0, ori=0, pos=array([0., 0.]), rgb=array([0., 0., 0.]), text='T', units='height', win=Window(...), wrapWidth=1)
11.7126 	EXP 	Created Tstim_20 = TextStim(__class__=<class 'psychopy.visual.text.TextStim'>, alignHoriz=method-wrapper(...), alignText='center', alignVert=method-wrapper(...), anchorHoriz='center', anchorVert='center', antialias=True, autoLog=True, bold=False, color='black', colorSpace='named', contrast=1.0, depth=-21.0, flipHoriz=False, flipVert=False, font='Arial', fontFiles=[], height=1.0, italic=False, languageStyle='LTR', name='Tstim_20', opacity=1.0, ori=0, pos=array([0., 0.]), rgb=array([0., 0., 0.]), text='T', units='height', win=Window(...), wrapWidth=1)
11.8240 	EXP 	Created Lstim = TextStim(__class__=<class 'psychopy.visual.text.TextStim'>, alignHoriz=method-wrapper(...), alignText='center', alignVert=method-wrapper(...), anchorHoriz='center', anchorVert='center', antialias=True, autoLog=True, bold=False, color='black', colorSpace='named', contrast=1.0, depth=-22.0, flipHoriz=False, flipVert=False, font='Arial', fontFiles=[], height=1.0, italic=False, languageStyle='LTR', name='Lstim', opacity=1.0, ori=0, pos=array([0., 0.]), rgb=array([0., 0., 0.]), text='L', units='height', win=Window(...), wrapWidth=1)
11.8241 	EXP 	window1: mouseVisible = True
11.8333 	EXP 	Created text = TextStim(__class__=<class 'psychopy.visual.text.TextStim'>, alignHoriz=method-wrapper(...), alignText='center', alignVert=method-wrapper(...), anchorHoriz='center', anchorVert='center', antialias=True, autoLog=True, bold=False, color='white', colorSpace='named', contrast=1.0, depth=-1.0, flipHoriz=False, flipVert=False, font='Arial', fontFiles=[], height=0.1, italic=False, languageStyle='LTR', name='text', opacity=1.0, ori=0, pos=array([0., 0.]), rgb=array([255., 255., 255.]), text='default text', units='height', win=Window(...), wrapWidth=1)
11.8775 	EXP 	instrTxt: autoDraw = True
12.4447 	DATA 	Mouse: Left button down, pos=(854,700)
12.4477 	EXP 	Created sequence: random, trialTypes=1, nReps=5, seed=None
12.4481 	EXP 	New trial (rep=0, index=0): None
12.5204 	DATA 	Mouse:  Left button up, pos=(854,700)
12.5686 	EXP 	instrTxt: autoDraw = False
12.5686 	EXP 	Lstim: ori = 253.0
12.5686 	EXP 	Tstim: ori = 336.0
12.5686 	EXP 	Tstim_2: ori = 277.0
12.5686 	EXP 	Tstim_3: ori = 182.0
12.5686 	EXP 	Tstim_4: ori = 325.0
12.5686 	EXP 	Tstim_5: ori = 44.0
12.5686 	EXP 	Tstim_6: ori = 195.0
12.5686 	EXP 	Tstim_7: ori = 205.0
12.5686 	EXP 	Tstim_8: ori = 310.0
12.5686 	EXP 	Tstim_9: ori = 219.0
12.5686 	EXP 	Tstim_10: ori = 308.0
12.5686 	EXP 	Tstim_11: ori = 242.0
12.5686 	EXP 	Tstim_12: ori = 182.0
12.5686 	EXP 	Tstim_13: ori = 273.0
12.5686 	EXP 	Tstim_14: ori = 225.0
12.5686 	EXP 	Tstim_15: ori = 326.0
12.5686 	EXP 	Tstim_16: ori = 69.0
12.5686 	EXP 	Tstim_17: ori = 328.0
12.5686 	EXP 	Tstim_18: ori = 220.0
12.5686 	EXP 	Tstim_19: ori = 189.0
12.5686 	EXP 	Tstim_20: ori = 2.0
12.5686 	EXP 	Tstim: opacity = 0.5
12.5686 	EXP 	Tstim: pos = array([-0.18, -0.12])
12.5686 	EXP 	Tstim: height = 0.1
12.5686 	EXP 	Tstim_2: opacity = 0.5
12.5686 	EXP 	Tstim_2: height = 0.1
12.5686 	EXP 	Tstim_3: opacity = 0.5
12.5686 	EXP 	Tstim_3: pos = array([-0.24, -0.06])
12.5686 	EXP 	Tstim_3: height = 0.1
12.5686 	EXP 	Tstim_4: opacity = 0.5
12.5686 	EXP 	Tstim_4: pos = array([ 0.12, -0.21])
12.5686 	EXP 	Tstim_4: height = 0.1
12.5686 	EXP 	Tstim_5: opacity = 0.5
12.5686 	EXP 	Tstim_5: pos = array([ 0.15, -0.03])
12.5686 	EXP 	Tstim_5: height = 0.1
12.5686 	EXP 	Tstim_6: opacity = 0.5
12.5686 	EXP 	Tstim_6: pos = array([ 0.09, -0.18])
12.5686 	EXP 	Tstim_6: height = 0.1
12.5686 	EXP 	Tstim_7: opacity = 0.5
12.5686 	EXP 	Tstim_7: pos = array([ 0.21, -0.15])
12.5686 	EXP 	Tstim_7: height = 0.1
12.5686 	EXP 	Tstim_8: opacity = 0.5
12.5686 	EXP 	Tstim_8: pos = array([ 0.24, -0.27])
12.5686 	EXP 	Tstim_8: height = 0.1
12.5686 	EXP 	Tstim_9: opacity = 0.5
12.5686 	EXP 	Tstim_9: pos = array([-0.09,  0.09])
12.5686 	EXP 	Tstim_9: height = 0.1
12.5686 	EXP 	Tstim_10: opacity = 0.5
12.5686 	EXP 	Tstim_10: pos = array([-0.06,  0.27])
12.5686 	EXP 	Tstim_10: height = 0.1
12.5686 	EXP 	Tstim_11: opacity = 0.5
12.5686 	EXP 	Tstim_11: pos = array([0.03, 0.06])
12.5686 	EXP 	Tstim_11: height = 0.1
12.5686 	EXP 	Tstim_12: opacity = 0.5
12.5686 	EXP 	Tstim_12: pos = array([0.18, 0.21])
12.5686 	EXP 	Tstim_12: height = 0.1
12.5686 	EXP 	Tstim_13: opacity = 0.5
12.5686 	EXP 	Tstim_13: pos = array([-0.21,  0.3 ])
12.5686 	EXP 	Tstim_13: height = 0.1
12.5686 	EXP 	Tstim_14: opacity = 0.5
12.5686 	EXP 	Tstim_14: pos = array([0.27, 0.  ])
12.5686 	EXP 	Tstim_14: height = 0.1
12.5686 	EXP 	Tstim_15: opacity = 0.5
12.5686 	EXP 	Tstim_15: pos = array([0.06, 0.24])
12.5686 	EXP 	Tstim_15: height = 0.1
12.5686 	EXP 	Tstim_16: opacity = 0.5
12.5686 	EXP 	Tstim_16: pos = array([-0.15,  0.03])
12.5686 	EXP 	Tstim_16: height = 0.1
12.5686 	EXP 	Tstim_17: opacity = 0.5
12.5686 	EXP 	Tstim_17: pos = array([0.  , 0.12])
12.5686 	EXP 	Tstim_17: height = 0.1
12.5686 	EXP 	Tstim_18: opacity = 0.5
12.5686 	EXP 	Tstim_18: pos = array([-0.27, -0.24])
12.5686 	EXP 	Tstim_18: height = 0.1
12.5686 	EXP 	Tstim_19: opacity = 0.5
12.5686 	EXP 	Tstim_19: pos = array([-0.3, -0.3])
12.5686 	EXP 	Tstim_19: height = 0.1
12.5686 	EXP 	Tstim_20: opacity = 0.5
12.5686 	EXP 	Tstim_20: pos = array([-0.03,  0.15])
12.5686 	EXP 	Tstim_20: height = 0.1
12.5686 	EXP 	Lstim: opacity = 0.5
12.5686 	EXP 	Lstim: pos = array([0.3 , 0.18])
12.5686 	EXP 	Lstim: height = 0.1
12.5686 	EXP 	Tstim: autoDraw = True
12.5686 	EXP 	Tstim_2: autoDraw = True
12.5686 	EXP 	Tstim_3: autoDraw = True
12.5686 	EXP 	Tstim_4: autoDraw = True
12.5686 	EXP 	Tstim_5: autoDraw = True
12.5686 	EXP 	Tstim_6: autoDraw = True
12.5686 	EXP 	Tstim_7: autoDraw = True
12.5686 	EXP 	Tstim_8: autoDraw = True
12.5686 	EXP 	Tstim_9: autoDraw = True
12.5686 	EXP 	Tstim_10: autoDraw = True
12.5686 	EXP 	Tstim_11: autoDraw = True
12.5686 	EXP 	Tstim_12: autoDraw = True
12.5686 	EXP 	Tstim_13: autoDraw = True
12.5686 	EXP 	Tstim_14: autoDraw = True
12.5686 	EXP 	Tstim_15: autoDraw = True
12.5686 	EXP 	Tstim_16: autoDraw = True
12.5686 	EXP 	Tstim_17: autoDraw = True
12.5686 	EXP 	Tstim_18: autoDraw = True
12.5686 	EXP 	Tstim_19: autoDraw = True
12.5686 	EXP 	Tstim_20: autoDraw = True
12.5686 	EXP 	Lstim: autoDraw = True
12.5686 	EXP 	Tstim: text = 'T'
12.5686 	EXP 	Tstim_2: text = 'T'
12.5686 	EXP 	Tstim_3: text = 'T'
12.5686 	EXP 	Tstim_4: text = 'T'
12.5686 	EXP 	Tstim_5: text = 'T'
12.5686 	EXP 	Tstim_6: text = 'T'
12.5686 	EXP 	Tstim_7: text = 'T'
12.5686 	EXP 	Tstim_8: text = 'T'
12.5686 	EXP 	Tstim_9: text = 'T'
12.5686 	EXP 	Tstim_10: text = 'T'
12.5686 	EXP 	Tstim_11: text = 'T'
12.5686 	EXP 	Tstim_12: text = 'T'
12.5686 	EXP 	Tstim_13: text = 'T'
12.5686 	EXP 	Tstim_14: text = 'T'
12.5686 	EXP 	Tstim_15: text = 'T'
12.5686 	EXP 	Tstim_16: text = 'T'
12.5686 	EXP 	Tstim_17: text = 'T'
12.5686 	EXP 	Tstim_18: text = 'T'
12.5686 	EXP 	Tstim_19: text = 'T'
12.5686 	EXP 	Tstim_20: text = 'T'
12.5686 	EXP 	Lstim: text = 'L'
14.4533 	DATA 	Mouse: Left button down, pos=(1310,804)
14.4946 	EXP 	Tstim: autoDraw = False
14.4946 	EXP 	Tstim_2: autoDraw = False
14.4946 	EXP 	Tstim_3: autoDraw = False
14.4946 	EXP 	Tstim_4: autoDraw = False
14.4946 	EXP 	Tstim_5: autoDraw = False
14.4946 	EXP 	Tstim_6: autoDraw = False
14.4946 	EXP 	Tstim_7: autoDraw = False
14.4946 	EXP 	Tstim_8: autoDraw = False
14.4946 	EXP 	Tstim_9: autoDraw = False
14.4946 	EXP 	Tstim_10: autoDraw = False
14.4946 	EXP 	Tstim_11: autoDraw = False
14.4946 	EXP 	Tstim_12: autoDraw = False
14.4946 	EXP 	Tstim_13: autoDraw = False
14.4946 	EXP 	Tstim_14: autoDraw = False
14.4946 	EXP 	Tstim_15: autoDraw = False
14.4946 	EXP 	Tstim_16: autoDraw = False
14.4946 	EXP 	Tstim_17: autoDraw = False
14.4946 	EXP 	Tstim_18: autoDraw = False
14.4946 	EXP 	Tstim_19: autoDraw = False
14.4946 	EXP 	Tstim_20: autoDraw = False
14.4946 	EXP 	Lstim: autoDraw = False
14.4946 	EXP 	text: text = 'Incorrect'
14.4946 	EXP 	text: autoDraw = True
14.5824 	DATA 	Mouse:  Left button up, pos=(1310,804)
15.4810 	EXP 	New trial (rep=1, index=0): None
15.6234 	EXP 	text: autoDraw = False
15.6234 	EXP 	Lstim: ori = 22.0
15.6234 	EXP 	Tstim: ori = 289.0
15.6234 	EXP 	Tstim_2: ori = 232.0
15.6234 	EXP 	Tstim_3: ori = 77.0
15.6234 	EXP 	Tstim_4: ori = 288.0
15.6234 	EXP 	Tstim_5: ori = 308.0
15.6234 	EXP 	Tstim_6: ori = 114.0
15.6234 	EXP 	Tstim_7: ori = 96.0
15.6234 	EXP 	Tstim_8: ori = 305.0
15.6234 	EXP 	Tstim_9: ori = 302.0
15.6234 	EXP 	Tstim_10: ori = 109.0
15.6234 	EXP 	Tstim_11: ori = 242.0
15.6234 	EXP 	Tstim_12: ori = 163.0
15.6234 	EXP 	Tstim_13: ori = 76.0
15.6234 	EXP 	Tstim_14: ori = 114.0
15.6234 	EXP 	Tstim_15: ori = 250.0
15.6234 	EXP 	Tstim_16: ori = 8.0
15.6234 	EXP 	Tstim_17: ori = 160.0
15.6234 	EXP 	Tstim_18: ori = 168.0
15.6234 	EXP 	Tstim_19: ori = 284.0
15.6234 	EXP 	Tstim_20: ori = 68.0
15.6234 	EXP 	Tstim: opacity = 0.5
15.6234 	EXP 	Tstim: pos = array([-0.03,  0.  ])
15.6234 	EXP 	Tstim: height = 0.1
15.6234 	EXP 	Tstim_2: opacity = 0.5
15.6234 	EXP 	Tstim_2: height = 0.1
15.6234 	EXP 	Tstim_3: opacity = 0.5
15.6234 	EXP 	Tstim_3: pos = array([ 0.06, -0.15])
15.6234 	EXP 	Tstim_3: height = 0.1
15.6234 	EXP 	Tstim_4: opacity = 0.5
15.6234 	EXP 	Tstim_4: pos = array([-0.18, -0.09])
15.6234 	EXP 	Tstim_4: height = 0.1
15.6234 	EXP 	Tstim_5: opacity = 0.5
15.6234 	EXP 	Tstim_5: pos = array([-0.24, -0.24])
15.6234 	EXP 	Tstim_5: height = 0.1
15.6234 	EXP 	Tstim_6: opacity = 0.5
15.6234 	EXP 	Tstim_6: pos = array([0.3 , 0.15])
15.6234 	EXP 	Tstim_6: height = 0.1
15.6234 	EXP 	Tstim_7: opacity = 0.5
15.6234 	EXP 	Tstim_7: pos = array([-0.09,  0.06])
15.6234 	EXP 	Tstim_7: height = 0.1
15.6234 	EXP 	Tstim_8: opacity = 0.5
15.6234 	EXP 	Tstim_8: pos = array([0.24, 0.18])
15.6234 	EXP 	Tstim_8: height = 0.1
15.6234 	EXP 	Tstim_9: opacity = 0.5
15.6234 	EXP 	Tstim_9: pos = array([-0.06,  0.03])
15.6234 	EXP 	Tstim_9: height = 0.1
15.6234 	EXP 	Tstim_10: opacity = 0.5
15.6234 	EXP 	Tstim_10: pos = array([0.15, 0.09])
15.6234 	EXP 	Tstim_10: height = 0.1
15.6234 	EXP 	Tstim_11: opacity = 0.5
15.6234 	EXP 	Tstim_11: pos = array([-0.15, -0.21])
15.6234 	EXP 	Tstim_11: height = 0.1
15.6234 	EXP 	Tstim_12: opacity = 0.5
15.6234 	EXP 	Tstim_12: pos = array([-0.3 ,  0.27])
15.6234 	EXP 	Tstim_12: height = 0.1
15.6234 	EXP 	Tstim_13: opacity = 0.5
15.6234 	EXP 	Tstim_13: pos = array([-0.21, -0.27])
15.6234 	EXP 	Tstim_13: height = 0.1
15.6234 	EXP 	Tstim_14: opacity = 0.5
15.6234 	EXP 	Tstim_14: pos = array([0.27, 0.12])
15.6234 	EXP 	Tstim_14: height = 0.1
15.6234 	EXP 	Tstim_15: opacity = 0.5
15.6234 	EXP 	Tstim_15: pos = array([ 0.18, -0.12])
15.6234 	EXP 	Tstim_15: height = 0.1
15.6234 	EXP 	Tstim_16: opacity = 0.5
15.6234 	EXP 	Tstim_16: pos = array([-0.12, -0.18])
15.6234 	EXP 	Tstim_16: height = 0.1
15.6234 	EXP 	Tstim_17: opacity = 0.5
15.6234 	EXP 	Tstim_17: pos = array([ 0.21, -0.06])
15.6234 	EXP 	Tstim_17: height = 0.1
15.6234 	EXP 	Tstim_18: opacity = 0.5
15.6234 	EXP 	Tstim_18: pos = array([ 0.09, -0.03])
15.6234 	EXP 	Tstim_18: height = 0.1
15.6234 	EXP 	Tstim_19: opacity = 0.5
15.6234 	EXP 	Tstim_19: pos = array([-0.27,  0.21])
15.6234 	EXP 	Tstim_19: height = 0.1
15.6234 	EXP 	Tstim_20: opacity = 0.5
15.6234 	EXP 	Tstim_20: pos = array([0.  , 0.24])
15.6234 	EXP 	Tstim_20: height = 0.1
15.6234 	EXP 	Lstim: opacity = 0.5
15.6234 	EXP 	Lstim: pos = array([0.12, 0.3 ])
15.6234 	EXP 	Lstim: height = 0.1
15.6234 	EXP 	Tstim: autoDraw = True
15.6234 	EXP 	Tstim_2: autoDraw = True
15.6234 	EXP 	Tstim_3: autoDraw = True
15.6234 	EXP 	Tstim_4: autoDraw = True
15.6234 	EXP 	Tstim_5: autoDraw = True
15.6234 	EXP 	Tstim_6: autoDraw = True
15.6234 	EXP 	Tstim_7: autoDraw = True
15.6234 	EXP 	Tstim_8: autoDraw = True
15.6234 	EXP 	Tstim_9: autoDraw = True
15.6234 	EXP 	Tstim_10: autoDraw = True
15.6234 	EXP 	Tstim_11: autoDraw = True
15.6234 	EXP 	Tstim_12: autoDraw = True
15.6234 	EXP 	Tstim_13: autoDraw = True
15.6234 	EXP 	Tstim_14: autoDraw = True
15.6234 	EXP 	Tstim_15: autoDraw = True
15.6234 	EXP 	Tstim_16: autoDraw = True
15.6234 	EXP 	Tstim_17: autoDraw = True
15.6234 	EXP 	Tstim_18: autoDraw = True
15.6234 	EXP 	Tstim_19: autoDraw = True
15.6234 	EXP 	Tstim_20: autoDraw = True
15.6234 	EXP 	Lstim: autoDraw = True
15.6234 	EXP 	Tstim: text = 'T'
15.6234 	EXP 	Tstim_2: text = 'T'
15.6234 	EXP 	Tstim_3: text = 'T'
15.6234 	EXP 	Tstim_4: text = 'T'
15.6234 	EXP 	Tstim_5: text = 'T'
15.6234 	EXP 	Tstim_6: text = 'T'
15.6234 	EXP 	Tstim_7: text = 'T'
15.6234 	EXP 	Tstim_8: text = 'T'
15.6234 	EXP 	Tstim_9: text = 'T'
15.6234 	EXP 	Tstim_10: text = 'T'
15.6234 	EXP 	Tstim_11: text = 'T'
15.6234 	EXP 	Tstim_12: text = 'T'
15.6234 	EXP 	Tstim_13: text = 'T'
15.6234 	EXP 	Tstim_14: text = 'T'
15.6234 	EXP 	Tstim_15: text = 'T'
15.6234 	EXP 	Tstim_16: text = 'T'
15.6234 	EXP 	Tstim_17: text = 'T'
15.6234 	EXP 	Tstim_18: text = 'T'
15.6234 	EXP 	Tstim_19: text = 'T'
15.6234 	EXP 	Tstim_20: text = 'T'
15.6234 	EXP 	Lstim: text = 'L'
16.4739 	DATA 	Keypress: escape
16.7798 	EXP 	window1: mouseVisible = True
