5.3890 	WARNING 	We strongly recommend you activate the PTB sound engine in PsychoPy prefs as the preferred audio engine. Its timing is vastly superior. Your prefs are currently set to use ['sounddevice', 'PTB', 'pyo', 'pygame'] (in that order).
9.3584 	WARNING 	User requested fullscreen with size [1024  768], but screen is actually [1920, 1200]. Using actual size
11.1387 	EXP 	Created window1 = Window(allowGUI=False, allowStencil=False, args=UNKNOWN, autoLog=True, bitsMode=UNKNOWN, blendMode='avg', bpc=(8, 8, 8), color=array([0., 0., 0.]), colorSpace='rgb', depthBits=8, fullscr=<method-wrapper '__getattribute__' of attributeSetter object at 0x00000248CE9C2B00>, gamma=None, gammaErrorPolicy='raise', kwargs=UNKNOWN, lms=UNKNOWN, monitor=<psychopy.monitors.calibTools.Monitor object at 0x00000248CE714D30>, multiSample=False, name='window1', numSamples=2, pos=[0.0, 0.0], screen=0, size=array([1920, 1200]), stencilBits=0, stereo=False, units='height', useFBO=True, useRetina=False, viewOri=0.0, viewPos=None, viewScale=None, waitBlanking=True, winType='pyglet')
11.1391 	EXP 	window1: mouseVisible = True
11.1391 	EXP 	window1: recordFrameIntervals = False
11.3053 	EXP 	window1: recordFrameIntervals = True
11.4886 	EXP 	window1: recordFrameIntervals = False
11.7658 	EXP 	Created instrTxt = TextStim(__class__=<class 'psychopy.visual.text.TextStim'>, alignHoriz=method-wrapper(...), alignText='center', alignVert=method-wrapper(...), anchorHoriz='center', anchorVert='center', antialias=True, autoLog=True, bold=False, color='white', colorSpace='named', contrast=1.0, depth=0.0, flipHoriz=False, flipVert=False, font='Arial', fontFiles=[], height=0.1, italic=False, languageStyle='LTR', name='instrTxt', opacity=1.0, ori=0, pos=array([0., 0.]), rgb=array([255., 255., 255.]), text=str(...), units='height', win=Window(...), wrapWidth=1)
11.7659 	EXP 	window1: mouseVisible = True
12.6490 	EXP 	Created Tstim = TextStim(__class__=<class 'psychopy.visual.text.TextStim'>, alignHoriz=method-wrapper(...), alignText='center', alignVert=method-wrapper(...), anchorHoriz='center', anchorVert='center', antialias=True, autoLog=True, bold=False, color='black', colorSpace='named', contrast=1.0, depth=-3.0, flipHoriz=False, flipVert=False, font='Arial', fontFiles=[], height=1.0, italic=False, languageStyle='LTR', name='Tstim', opacity=1.0, ori=0, pos=array([0., 0.]), rgb=array([0., 0., 0.]), text='T', units='height', win=Window(...), wrapWidth=1)
12.6510 	EXP 	Created Tstim_2 = TextStim(__class__=<class 'psychopy.visual.text.TextStim'>, alignHoriz=method-wrapper(...), alignText='center', alignVert=method-wrapper(...), anchorHoriz='center', anchorVert='center', antialias=True, autoLog=True, bold=False, color='black', colorSpace='named', contrast=1.0, depth=-4.0, flipHoriz=False, flipVert=False, font='Arial', fontFiles=[], height=1.0, italic=False, languageStyle='LTR', name='Tstim_2', opacity=1.0, ori=0, pos=array([0., 0.]), rgb=array([0., 0., 0.]), text='T', units='height', win=Window(...), wrapWidth=1)
12.6524 	EXP 	Created Tstim_3 = TextStim(__class__=<class 'psychopy.visual.text.TextStim'>, alignHoriz=method-wrapper(...), alignText='center', alignVert=method-wrapper(...), anchorHoriz='center', anchorVert='center', antialias=True, autoLog=True, bold=False, color='black', colorSpace='named', contrast=1.0, depth=-5.0, flipHoriz=False, flipVert=False, font='Arial', fontFiles=[], height=1.0, italic=False, languageStyle='LTR', name='Tstim_3', opacity=1.0, ori=0, pos=array([0., 0.]), rgb=array([0., 0., 0.]), text='T', units='height', win=Window(...), wrapWidth=1)
12.6538 	EXP 	Created Tstim_4 = TextStim(__class__=<class 'psychopy.visual.text.TextStim'>, alignHoriz=method-wrapper(...), alignText='center', alignVert=method-wrapper(...), anchorHoriz='center', anchorVert='center', antialias=True, autoLog=True, bold=False, color='black', colorSpace='named', contrast=1.0, depth=-6.0, flipHoriz=False, flipVert=False, font='Arial', fontFiles=[], height=1.0, italic=False, languageStyle='LTR', name='Tstim_4', opacity=1.0, ori=0, pos=array([0., 0.]), rgb=array([0., 0., 0.]), text='T', units='height', win=Window(...), wrapWidth=1)
12.6556 	EXP 	Created Tstim_5 = TextStim(__class__=<class 'psychopy.visual.text.TextStim'>, alignHoriz=method-wrapper(...), alignText='center', alignVert=method-wrapper(...), anchorHoriz='center', anchorVert='center', antialias=True, autoLog=True, bold=False, color='black', colorSpace='named', contrast=1.0, depth=-7.0, flipHoriz=False, flipVert=False, font='Arial', fontFiles=[], height=1.0, italic=False, languageStyle='LTR', name='Tstim_5', opacity=1.0, ori=0, pos=array([0., 0.]), rgb=array([0., 0., 0.]), text='T', units='height', win=Window(...), wrapWidth=1)
12.6569 	EXP 	Created Tstim_6 = TextStim(__class__=<class 'psychopy.visual.text.TextStim'>, alignHoriz=method-wrapper(...), alignText='center', alignVert=method-wrapper(...), anchorHoriz='center', anchorVert='center', antialias=True, autoLog=True, bold=False, color='black', colorSpace='named', contrast=1.0, depth=-8.0, flipHoriz=False, flipVert=False, font='Arial', fontFiles=[], height=1.0, italic=False, languageStyle='LTR', name='Tstim_6', opacity=1.0, ori=0, pos=array([0., 0.]), rgb=array([0., 0., 0.]), text='T', units='height', win=Window(...), wrapWidth=1)
12.6583 	EXP 	Created Tstim_7 = TextStim(__class__=<class 'psychopy.visual.text.TextStim'>, alignHoriz=method-wrapper(...), alignText='center', alignVert=method-wrapper(...), anchorHoriz='center', anchorVert='center', antialias=True, autoLog=True, bold=False, color='black', colorSpace='named', contrast=1.0, depth=-9.0, flipHoriz=False, flipVert=False, font='Arial', fontFiles=[], height=1.0, italic=False, languageStyle='LTR', name='Tstim_7', opacity=1.0, ori=0, pos=array([0., 0.]), rgb=array([0., 0., 0.]), text='T', units='height', win=Window(...), wrapWidth=1)
12.6598 	EXP 	Created Tstim_8 = TextStim(__class__=<class 'psychopy.visual.text.TextStim'>, alignHoriz=method-wrapper(...), alignText='center', alignVert=method-wrapper(...), anchorHoriz='center', anchorVert='center', antialias=True, autoLog=True, bold=False, color='black', colorSpace='named', contrast=1.0, depth=-10.0, flipHoriz=False, flipVert=False, font='Arial', fontFiles=[], height=1.0, italic=False, languageStyle='LTR', name='Tstim_8', opacity=1.0, ori=0, pos=array([0., 0.]), rgb=array([0., 0., 0.]), text='T', units='height', win=Window(...), wrapWidth=1)
12.6611 	EXP 	Created Tstim_9 = TextStim(__class__=<class 'psychopy.visual.text.TextStim'>, alignHoriz=method-wrapper(...), alignText='center', alignVert=method-wrapper(...), anchorHoriz='center', anchorVert='center', antialias=True, autoLog=True, bold=False, color='black', colorSpace='named', contrast=1.0, depth=-11.0, flipHoriz=False, flipVert=False, font='Arial', fontFiles=[], height=1.0, italic=False, languageStyle='LTR', name='Tstim_9', opacity=1.0, ori=0, pos=array([0., 0.]), rgb=array([0., 0., 0.]), text='T', units='height', win=Window(...), wrapWidth=1)
12.6627 	EXP 	Created Tstim_10 = TextStim(__class__=<class 'psychopy.visual.text.TextStim'>, alignHoriz=method-wrapper(...), alignText='center', alignVert=method-wrapper(...), anchorHoriz='center', anchorVert='center', antialias=True, autoLog=True, bold=False, color='black', colorSpace='named', contrast=1.0, depth=-12.0, flipHoriz=False, flipVert=False, font='Arial', fontFiles=[], height=1.0, italic=False, languageStyle='LTR', name='Tstim_10', opacity=1.0, ori=0, pos=array([0., 0.]), rgb=array([0., 0., 0.]), text='T', units='height', win=Window(...), wrapWidth=1)
12.6647 	EXP 	Created Tstim_11 = TextStim(__class__=<class 'psychopy.visual.text.TextStim'>, alignHoriz=method-wrapper(...), alignText='center', alignVert=method-wrapper(...), anchorHoriz='center', anchorVert='center', antialias=True, autoLog=True, bold=False, color='black', colorSpace='named', contrast=1.0, depth=-13.0, flipHoriz=False, flipVert=False, font='Arial', fontFiles=[], height=1.0, italic=False, languageStyle='LTR', name='Tstim_11', opacity=1.0, ori=0, pos=array([0., 0.]), rgb=array([0., 0., 0.]), text='T', units='height', win=Window(...), wrapWidth=1)
12.6667 	EXP 	Created Tstim_12 = TextStim(__class__=<class 'psychopy.visual.text.TextStim'>, alignHoriz=method-wrapper(...), alignText='center', alignVert=method-wrapper(...), anchorHoriz='center', anchorVert='center', antialias=True, autoLog=True, bold=False, color='black', colorSpace='named', contrast=1.0, depth=-14.0, flipHoriz=False, flipVert=False, font='Arial', fontFiles=[], height=1.0, italic=False, languageStyle='LTR', name='Tstim_12', opacity=1.0, ori=0, pos=array([0., 0.]), rgb=array([0., 0., 0.]), text='T', units='height', win=Window(...), wrapWidth=1)
12.6698 	EXP 	Created Tstim_13 = TextStim(__class__=<class 'psychopy.visual.text.TextStim'>, alignHoriz=method-wrapper(...), alignText='center', alignVert=method-wrapper(...), anchorHoriz='center', anchorVert='center', antialias=True, autoLog=True, bold=False, color='black', colorSpace='named', contrast=1.0, depth=-15.0, flipHoriz=False, flipVert=False, font='Arial', fontFiles=[], height=1.0, italic=False, languageStyle='LTR', name='Tstim_13', opacity=1.0, ori=0, pos=array([0., 0.]), rgb=array([0., 0., 0.]), text='T', units='height', win=Window(...), wrapWidth=1)
12.6739 	EXP 	Created Tstim_14 = TextStim(__class__=<class 'psychopy.visual.text.TextStim'>, alignHoriz=method-wrapper(...), alignText='center', alignVert=method-wrapper(...), anchorHoriz='center', anchorVert='center', antialias=True, autoLog=True, bold=False, color='black', colorSpace='named', contrast=1.0, depth=-16.0, flipHoriz=False, flipVert=False, font='Arial', fontFiles=[], height=1.0, italic=False, languageStyle='LTR', name='Tstim_14', opacity=1.0, ori=0, pos=array([0., 0.]), rgb=array([0., 0., 0.]), text='T', units='height', win=Window(...), wrapWidth=1)
12.6767 	EXP 	Created Tstim_15 = TextStim(__class__=<class 'psychopy.visual.text.TextStim'>, alignHoriz=method-wrapper(...), alignText='center', alignVert=method-wrapper(...), anchorHoriz='center', anchorVert='center', antialias=True, autoLog=True, bold=False, color='black', colorSpace='named', contrast=1.0, depth=-17.0, flipHoriz=False, flipVert=False, font='Arial', fontFiles=[], height=1.0, italic=False, languageStyle='LTR', name='Tstim_15', opacity=1.0, ori=0, pos=array([0., 0.]), rgb=array([0., 0., 0.]), text='T', units='height', win=Window(...), wrapWidth=1)
12.6792 	EXP 	Created Tstim_16 = TextStim(__class__=<class 'psychopy.visual.text.TextStim'>, alignHoriz=method-wrapper(...), alignText='center', alignVert=method-wrapper(...), anchorHoriz='center', anchorVert='center', antialias=True, autoLog=True, bold=False, color='black', colorSpace='named', contrast=1.0, depth=-18.0, flipHoriz=False, flipVert=False, font='Arial', fontFiles=[], height=1.0, italic=False, languageStyle='LTR', name='Tstim_16', opacity=1.0, ori=0, pos=array([0., 0.]), rgb=array([0., 0., 0.]), text='T', units='height', win=Window(...), wrapWidth=1)
12.6819 	EXP 	Created Tstim_17 = TextStim(__class__=<class 'psychopy.visual.text.TextStim'>, alignHoriz=method-wrapper(...), alignText='center', alignVert=method-wrapper(...), anchorHoriz='center', anchorVert='center', antialias=True, autoLog=True, bold=False, color='black', colorSpace='named', contrast=1.0, depth=-19.0, flipHoriz=False, flipVert=False, font='Arial', fontFiles=[], height=1.0, italic=False, languageStyle='LTR', name='Tstim_17', opacity=1.0, ori=0, pos=array([0., 0.]), rgb=array([0., 0., 0.]), text='T', units='height', win=Window(...), wrapWidth=1)
12.6851 	EXP 	Created Tstim_18 = TextStim(__class__=<class 'psychopy.visual.text.TextStim'>, alignHoriz=method-wrapper(...), alignText='center', alignVert=method-wrapper(...), anchorHoriz='center', anchorVert='center', antialias=True, autoLog=True, bold=False, color='black', colorSpace='named', contrast=1.0, depth=-20.0, flipHoriz=False, flipVert=False, font='Arial', fontFiles=[], height=1.0, italic=False, languageStyle='LTR', name='Tstim_18', opacity=1.0, ori=0, pos=array([0., 0.]), rgb=array([0., 0., 0.]), text='T', units='height', win=Window(...), wrapWidth=1)
12.6880 	EXP 	Created Tstim_19 = TextStim(__class__=<class 'psychopy.visual.text.TextStim'>, alignHoriz=method-wrapper(...), alignText='center', alignVert=method-wrapper(...), anchorHoriz='center', anchorVert='center', antialias=True, autoLog=True, bold=False, color='black', colorSpace='named', contrast=1.0, depth=-21.0, flipHoriz=False, flipVert=False, font='Arial', fontFiles=[], height=1.0, italic=False, languageStyle='LTR', name='Tstim_19', opacity=1.0, ori=0, pos=array([0., 0.]), rgb=array([0., 0., 0.]), text='T', units='height', win=Window(...), wrapWidth=1)
12.6907 	EXP 	Created Tstim_20 = TextStim(__class__=<class 'psychopy.visual.text.TextStim'>, alignHoriz=method-wrapper(...), alignText='center', alignVert=method-wrapper(...), anchorHoriz='center', anchorVert='center', antialias=True, autoLog=True, bold=False, color='black', colorSpace='named', contrast=1.0, depth=-22.0, flipHoriz=False, flipVert=False, font='Arial', fontFiles=[], height=1.0, italic=False, languageStyle='LTR', name='Tstim_20', opacity=1.0, ori=0, pos=array([0., 0.]), rgb=array([0., 0., 0.]), text='T', units='height', win=Window(...), wrapWidth=1)
12.8549 	EXP 	Created Lstim = TextStim(__class__=<class 'psychopy.visual.text.TextStim'>, alignHoriz=method-wrapper(...), alignText='center', alignVert=method-wrapper(...), anchorHoriz='center', anchorVert='center', antialias=True, autoLog=True, bold=False, color='black', colorSpace='named', contrast=1.0, depth=-23.0, flipHoriz=False, flipVert=False, font='Arial', fontFiles=[], height=1.0, italic=False, languageStyle='LTR', name='Lstim', opacity=1.0, ori=0, pos=array([0., 0.]), rgb=array([0., 0., 0.]), text='L', units='height', win=Window(...), wrapWidth=1)
12.8550 	EXP 	window1: mouseVisible = True
12.8621 	EXP 	Created text = TextStim(__class__=<class 'psychopy.visual.text.TextStim'>, alignHoriz=method-wrapper(...), alignText='center', alignVert=method-wrapper(...), anchorHoriz='center', anchorVert='center', antialias=True, autoLog=True, bold=False, color='white', colorSpace='named', contrast=1.0, depth=-1.0, flipHoriz=False, flipVert=False, font='Arial', fontFiles=[], height=0.1, italic=False, languageStyle='LTR', name='text', opacity=1.0, ori=0, pos=array([0., 0.]), rgb=array([255., 255., 255.]), text='default text', units='height', win=Window(...), wrapWidth=1)
12.9085 	EXP 	instrTxt: autoDraw = True
14.0095 	DATA 	Mouse: Right button down, pos=(968,594)
14.0615 	EXP 	Imported conditions.xlsx as conditions, 10 conditions, 4 params
14.0619 	EXP 	Created sequence: random, trialTypes=10, nReps=1, seed=None
14.0623 	EXP 	New trial (rep=0, index=0): OrderedDict([('targetCol', 'black'), ('distractorCol', 'black'), ('mixedOris', 1), ('setSize', 5)])
14.1052 	DATA 	Mouse:  Right button up, pos=(968,594)
14.1615 	EXP 	instrTxt: autoDraw = False
14.1615 	EXP 	Tstim_20: color = 'black'
14.1615 	EXP 	Tstim_19: color = 'black'
14.1615 	EXP 	Tstim_18: color = 'black'
14.1615 	EXP 	Tstim_17: color = 'black'
14.1615 	EXP 	Tstim_16: color = 'black'
14.1615 	EXP 	Tstim_15: color = 'grey'
14.1615 	EXP 	Tstim_14: color = 'grey'
14.1615 	EXP 	Tstim_13: color = 'grey'
14.1615 	EXP 	Tstim_12: color = 'grey'
14.1615 	EXP 	Tstim_11: color = 'grey'
14.1615 	EXP 	Tstim_10: color = 'grey'
14.1615 	EXP 	Tstim_9: color = 'grey'
14.1615 	EXP 	Tstim_8: color = 'grey'
14.1615 	EXP 	Tstim_7: color = 'grey'
14.1615 	EXP 	Tstim_6: color = 'grey'
14.1615 	EXP 	Tstim_5: color = 'grey'
14.1615 	EXP 	Tstim_4: color = 'grey'
14.1615 	EXP 	Tstim_3: color = 'grey'
14.1615 	EXP 	Tstim_2: color = 'grey'
14.1615 	EXP 	Tstim: color = 'grey'
14.1615 	EXP 	Lstim: color = 'black'
14.1615 	EXP 	Lstim: ori = 78.0
14.1615 	EXP 	Tstim: ori = 37.0
14.1615 	EXP 	Tstim_2: ori = 171.0
14.1615 	EXP 	Tstim_3: ori = 352.0
14.1615 	EXP 	Tstim_4: ori = 102.0
14.1615 	EXP 	Tstim_5: ori = 267.0
14.1615 	EXP 	Tstim_6: ori = 172.0
14.1615 	EXP 	Tstim_7: ori = 267.0
14.1615 	EXP 	Tstim_8: ori = 313.0
14.1615 	EXP 	Tstim_9: ori = 205.0
14.1615 	EXP 	Tstim_10: ori = 252.0
14.1615 	EXP 	Tstim_11: ori = 21.0
14.1615 	EXP 	Tstim_12: ori = 144.0
14.1615 	EXP 	Tstim_13: ori = 22.0
14.1615 	EXP 	Tstim_14: ori = 359.0
14.1615 	EXP 	Tstim_15: ori = 186.0
14.1615 	EXP 	Tstim_16: ori = 75.0
14.1615 	EXP 	Tstim_17: ori = 257.0
14.1615 	EXP 	Tstim_18: ori = 179.0
14.1615 	EXP 	Tstim_19: ori = 243.0
14.1615 	EXP 	Tstim_20: ori = 181.0
14.1615 	EXP 	Tstim: opacity = 0.5
14.1615 	EXP 	Tstim: pos = array([ 0.09, -0.03])
14.1615 	EXP 	Tstim: height = 0.1
14.1615 	EXP 	Tstim_2: opacity = 0.5
14.1615 	EXP 	Tstim_2: height = 0.1
14.1615 	EXP 	Tstim_3: opacity = 0.5
14.1615 	EXP 	Tstim_3: pos = array([-0.3 , -0.18])
14.1615 	EXP 	Tstim_3: height = 0.1
14.1615 	EXP 	Tstim_4: opacity = 0.5
14.1615 	EXP 	Tstim_4: pos = array([-0.15,  0.21])
14.1615 	EXP 	Tstim_4: height = 0.1
14.1615 	EXP 	Tstim_5: opacity = 0.5
14.1615 	EXP 	Tstim_5: pos = array([-0.18,  0.27])
14.1615 	EXP 	Tstim_5: height = 0.1
14.1615 	EXP 	Tstim_6: opacity = 0.5
14.1615 	EXP 	Tstim_6: pos = array([-0.09,  0.09])
14.1615 	EXP 	Tstim_6: height = 0.1
14.1615 	EXP 	Tstim_7: opacity = 0.5
14.1615 	EXP 	Tstim_7: pos = array([ 0.03, -0.24])
14.1615 	EXP 	Tstim_7: height = 0.1
14.1615 	EXP 	Tstim_8: opacity = 0.5
14.1615 	EXP 	Tstim_8: pos = array([0.18, 0.15])
14.1615 	EXP 	Tstim_8: height = 0.1
14.1615 	EXP 	Tstim_9: opacity = 0.5
14.1615 	EXP 	Tstim_9: pos = array([-0.27, -0.09])
14.1615 	EXP 	Tstim_9: height = 0.1
14.1615 	EXP 	Tstim_10: opacity = 0.5
14.1615 	EXP 	Tstim_10: pos = array([0.12, 0.3 ])
14.1615 	EXP 	Tstim_10: height = 0.1
14.1615 	EXP 	Tstim_11: opacity = 0.5
14.1615 	EXP 	Tstim_11: pos = array([-0.21,  0.  ])
14.1615 	EXP 	Tstim_11: height = 0.1
14.1615 	EXP 	Tstim_12: opacity = 0.5
14.1615 	EXP 	Tstim_12: pos = array([ 0.15, -0.12])
14.1615 	EXP 	Tstim_12: height = 0.1
14.1615 	EXP 	Tstim_13: opacity = 0.5
14.1615 	EXP 	Tstim_13: pos = array([-0.03, -0.06])
14.1615 	EXP 	Tstim_13: height = 0.1
14.1615 	EXP 	Tstim_14: opacity = 0.5
14.1615 	EXP 	Tstim_14: pos = array([-0.24,  0.06])
14.1615 	EXP 	Tstim_14: height = 0.1
14.1615 	EXP 	Tstim_15: opacity = 0.5
14.1615 	EXP 	Tstim_15: pos = array([ 0.06, -0.21])
14.1615 	EXP 	Tstim_15: height = 0.1
14.1615 	EXP 	Tstim_16: opacity = 0.5
14.1615 	EXP 	Tstim_16: pos = array([-0.12, -0.15])
14.1615 	EXP 	Tstim_16: height = 0.1
14.1615 	EXP 	Tstim_17: opacity = 0.5
14.1615 	EXP 	Tstim_17: pos = array([0.27, 0.24])
14.1615 	EXP 	Tstim_17: height = 0.1
14.1615 	EXP 	Tstim_18: opacity = 0.5
14.1615 	EXP 	Tstim_18: pos = array([ 0.21, -0.27])
14.1615 	EXP 	Tstim_18: height = 0.1
14.1615 	EXP 	Tstim_19: opacity = 0.5
14.1615 	EXP 	Tstim_19: pos = array([-0.06,  0.12])
14.1615 	EXP 	Tstim_19: height = 0.1
14.1615 	EXP 	Tstim_20: opacity = 0.5
14.1615 	EXP 	Tstim_20: pos = array([ 0.24, -0.3 ])
14.1615 	EXP 	Tstim_20: height = 0.1
14.1615 	EXP 	Lstim: opacity = 0.5
14.1615 	EXP 	Lstim: pos = array([0.  , 0.18])
14.1615 	EXP 	Lstim: height = 0.1
14.1615 	EXP 	Tstim: autoDraw = True
14.1615 	EXP 	Tstim_2: autoDraw = True
14.1615 	EXP 	Tstim_3: autoDraw = True
14.1615 	EXP 	Tstim_4: autoDraw = True
14.1615 	EXP 	Tstim_5: autoDraw = True
14.1615 	EXP 	Tstim_6: autoDraw = True
14.1615 	EXP 	Tstim_7: autoDraw = True
14.1615 	EXP 	Tstim_8: autoDraw = True
14.1615 	EXP 	Tstim_9: autoDraw = True
14.1615 	EXP 	Tstim_10: autoDraw = True
14.1615 	EXP 	Tstim_11: autoDraw = True
14.1615 	EXP 	Tstim_12: autoDraw = True
14.1615 	EXP 	Tstim_13: autoDraw = True
14.1615 	EXP 	Tstim_14: autoDraw = True
14.1615 	EXP 	Tstim_15: autoDraw = True
14.1615 	EXP 	Tstim_16: autoDraw = True
14.1615 	EXP 	Tstim_17: autoDraw = True
14.1615 	EXP 	Tstim_18: autoDraw = True
14.1615 	EXP 	Tstim_19: autoDraw = True
14.1615 	EXP 	Tstim_20: autoDraw = True
14.1615 	EXP 	Lstim: autoDraw = True
14.1615 	EXP 	Tstim: text = 'T'
14.1615 	EXP 	Tstim_2: text = 'T'
14.1615 	EXP 	Tstim_3: text = 'T'
14.1615 	EXP 	Tstim_4: text = 'T'
14.1615 	EXP 	Tstim_5: text = 'T'
14.1615 	EXP 	Tstim_6: text = 'T'
14.1615 	EXP 	Tstim_7: text = 'T'
14.1615 	EXP 	Tstim_8: text = 'T'
14.1615 	EXP 	Tstim_9: text = 'T'
14.1615 	EXP 	Tstim_10: text = 'T'
14.1615 	EXP 	Tstim_11: text = 'T'
14.1615 	EXP 	Tstim_12: text = 'T'
14.1615 	EXP 	Tstim_13: text = 'T'
14.1615 	EXP 	Tstim_14: text = 'T'
14.1615 	EXP 	Tstim_15: text = 'T'
14.1615 	EXP 	Tstim_16: text = 'T'
14.1615 	EXP 	Tstim_17: text = 'T'
14.1615 	EXP 	Tstim_18: text = 'T'
14.1615 	EXP 	Tstim_19: text = 'T'
14.1615 	EXP 	Tstim_20: text = 'T'
14.1615 	EXP 	Lstim: text = 'L'
15.3920 	DATA 	Mouse: Left button down, pos=(940,834)
15.4288 	EXP 	Tstim: autoDraw = False
15.4288 	EXP 	Tstim_2: autoDraw = False
15.4288 	EXP 	Tstim_3: autoDraw = False
15.4288 	EXP 	Tstim_4: autoDraw = False
15.4288 	EXP 	Tstim_5: autoDraw = False
15.4288 	EXP 	Tstim_6: autoDraw = False
15.4288 	EXP 	Tstim_7: autoDraw = False
15.4288 	EXP 	Tstim_8: autoDraw = False
15.4288 	EXP 	Tstim_9: autoDraw = False
15.4288 	EXP 	Tstim_10: autoDraw = False
15.4288 	EXP 	Tstim_11: autoDraw = False
15.4288 	EXP 	Tstim_12: autoDraw = False
15.4288 	EXP 	Tstim_13: autoDraw = False
15.4288 	EXP 	Tstim_14: autoDraw = False
15.4288 	EXP 	Tstim_15: autoDraw = False
15.4288 	EXP 	Tstim_16: autoDraw = False
15.4288 	EXP 	Tstim_17: autoDraw = False
15.4288 	EXP 	Tstim_18: autoDraw = False
15.4288 	EXP 	Tstim_19: autoDraw = False
15.4288 	EXP 	Tstim_20: autoDraw = False
15.4288 	EXP 	Lstim: autoDraw = False
15.4288 	EXP 	text: text = 'Target found!1.288'
15.4288 	EXP 	text: autoDraw = True
15.4625 	DATA 	Mouse:  Left button up, pos=(940,834)
16.4102 	EXP 	New trial (rep=0, index=1): OrderedDict([('targetCol', 'black'), ('distractorCol', 'black'), ('mixedOris', 1), ('setSize', 5)])
16.5473 	EXP 	text: autoDraw = False
16.5473 	EXP 	Tstim_20: color = 'black'
16.5473 	EXP 	Tstim_19: color = 'black'
16.5473 	EXP 	Tstim_18: color = 'black'
16.5473 	EXP 	Tstim_17: color = 'black'
16.5473 	EXP 	Tstim_16: color = 'black'
16.5473 	EXP 	Tstim_15: color = 'grey'
16.5473 	EXP 	Tstim_14: color = 'grey'
16.5473 	EXP 	Tstim_13: color = 'grey'
16.5473 	EXP 	Tstim_12: color = 'grey'
16.5473 	EXP 	Tstim_11: color = 'grey'
16.5473 	EXP 	Tstim_10: color = 'grey'
16.5473 	EXP 	Tstim_9: color = 'grey'
16.5473 	EXP 	Tstim_8: color = 'grey'
16.5473 	EXP 	Tstim_7: color = 'grey'
16.5473 	EXP 	Tstim_6: color = 'grey'
16.5473 	EXP 	Tstim_5: color = 'grey'
16.5473 	EXP 	Tstim_4: color = 'grey'
16.5473 	EXP 	Tstim_3: color = 'grey'
16.5473 	EXP 	Tstim_2: color = 'grey'
16.5473 	EXP 	Tstim: color = 'grey'
16.5473 	EXP 	Lstim: color = 'black'
16.5473 	EXP 	Lstim: ori = 234.0
16.5473 	EXP 	Tstim: ori = 301.0
16.5473 	EXP 	Tstim_2: ori = 42.0
16.5473 	EXP 	Tstim_3: ori = 114.0
16.5473 	EXP 	Tstim_4: ori = 132.0
16.5473 	EXP 	Tstim_5: ori = 10.0
16.5473 	EXP 	Tstim_6: ori = 288.0
16.5473 	EXP 	Tstim_7: ori = 339.0
16.5473 	EXP 	Tstim_8: ori = 284.0
16.5473 	EXP 	Tstim_9: ori = 198.0
16.5473 	EXP 	Tstim_10: ori = 302.0
16.5473 	EXP 	Tstim_11: ori = 311.0
16.5473 	EXP 	Tstim_12: ori = 302.0
16.5473 	EXP 	Tstim_13: ori = 187.0
16.5473 	EXP 	Tstim_14: ori = 315.0
16.5473 	EXP 	Tstim_15: ori = 154.0
16.5473 	EXP 	Tstim_16: ori = 80.0
16.5473 	EXP 	Tstim_17: ori = 26.0
16.5473 	EXP 	Tstim_18: ori = 260.0
16.5473 	EXP 	Tstim_19: ori = 350.0
16.5473 	EXP 	Tstim_20: ori = 95.0
16.5473 	EXP 	Tstim: opacity = 0.5
16.5473 	EXP 	Tstim: pos = array([0.12, 0.27])
16.5473 	EXP 	Tstim: height = 0.1
16.5473 	EXP 	Tstim_2: opacity = 0.5
16.5473 	EXP 	Tstim_2: height = 0.1
16.5473 	EXP 	Tstim_3: opacity = 0.5
16.5473 	EXP 	Tstim_3: pos = array([-0.03, -0.3 ])
16.5473 	EXP 	Tstim_3: height = 0.1
16.5473 	EXP 	Tstim_4: opacity = 0.5
16.5473 	EXP 	Tstim_4: pos = array([-0.3,  0. ])
16.5473 	EXP 	Tstim_4: height = 0.1
16.5473 	EXP 	Tstim_5: opacity = 0.5
16.5473 	EXP 	Tstim_5: pos = array([ 0.21, -0.15])
16.5473 	EXP 	Tstim_5: height = 0.1
16.5473 	EXP 	Tstim_6: opacity = 0.5
16.5473 	EXP 	Tstim_6: pos = array([ 0.18, -0.27])
16.5473 	EXP 	Tstim_6: height = 0.1
16.5473 	EXP 	Tstim_7: opacity = 0.5
16.5473 	EXP 	Tstim_7: pos = array([-0.06, -0.09])
16.5473 	EXP 	Tstim_7: height = 0.1
16.5473 	EXP 	Tstim_8: opacity = 0.5
16.5473 	EXP 	Tstim_8: pos = array([-0.12, -0.06])
16.5473 	EXP 	Tstim_8: height = 0.1
16.5473 	EXP 	Tstim_9: opacity = 0.5
16.5473 	EXP 	Tstim_9: pos = array([0.3 , 0.03])
16.5473 	EXP 	Tstim_9: height = 0.1
16.5473 	EXP 	Tstim_10: opacity = 0.5
16.5473 	EXP 	Tstim_10: pos = array([0.09, 0.18])
16.5473 	EXP 	Tstim_10: height = 0.1
16.5473 	EXP 	Tstim_11: opacity = 0.5
16.5473 	EXP 	Tstim_11: pos = array([-0.09,  0.06])
16.5473 	EXP 	Tstim_11: height = 0.1
16.5473 	EXP 	Tstim_12: opacity = 0.5
16.5473 	EXP 	Tstim_12: pos = array([-0.15, -0.18])
16.5473 	EXP 	Tstim_12: height = 0.1
16.5473 	EXP 	Tstim_13: opacity = 0.5
16.5473 	EXP 	Tstim_13: pos = array([0.06, 0.3 ])
16.5473 	EXP 	Tstim_13: height = 0.1
16.5473 	EXP 	Tstim_14: opacity = 0.5
16.5473 	EXP 	Tstim_14: pos = array([0.24, 0.15])
16.5473 	EXP 	Tstim_14: height = 0.1
16.5473 	EXP 	Tstim_15: opacity = 0.5
16.5473 	EXP 	Tstim_15: pos = array([ 0.15, -0.21])
16.5473 	EXP 	Tstim_15: height = 0.1
16.5473 	EXP 	Tstim_16: opacity = 0.5
16.5473 	EXP 	Tstim_16: pos = array([ 0.03, -0.12])
16.5473 	EXP 	Tstim_16: height = 0.1
16.5473 	EXP 	Tstim_17: opacity = 0.5
16.5473 	EXP 	Tstim_17: pos = array([-0.24,  0.12])
16.5473 	EXP 	Tstim_17: height = 0.1
16.5473 	EXP 	Tstim_18: opacity = 0.5
16.5473 	EXP 	Tstim_18: pos = array([-0.18, -0.03])
16.5473 	EXP 	Tstim_18: height = 0.1
16.5473 	EXP 	Tstim_19: opacity = 0.5
16.5473 	EXP 	Tstim_19: pos = array([0.  , 0.24])
16.5473 	EXP 	Tstim_19: height = 0.1
16.5473 	EXP 	Tstim_20: opacity = 0.5
16.5473 	EXP 	Tstim_20: pos = array([0.27, 0.09])
16.5473 	EXP 	Tstim_20: height = 0.1
16.5473 	EXP 	Lstim: opacity = 0.5
16.5473 	EXP 	Lstim: pos = array([-0.27,  0.21])
16.5473 	EXP 	Lstim: height = 0.1
16.5473 	EXP 	Tstim: autoDraw = True
16.5473 	EXP 	Tstim_2: autoDraw = True
16.5473 	EXP 	Tstim_3: autoDraw = True
16.5473 	EXP 	Tstim_4: autoDraw = True
16.5473 	EXP 	Tstim_5: autoDraw = True
16.5473 	EXP 	Tstim_6: autoDraw = True
16.5473 	EXP 	Tstim_7: autoDraw = True
16.5473 	EXP 	Tstim_8: autoDraw = True
16.5473 	EXP 	Tstim_9: autoDraw = True
16.5473 	EXP 	Tstim_10: autoDraw = True
16.5473 	EXP 	Tstim_11: autoDraw = True
16.5473 	EXP 	Tstim_12: autoDraw = True
16.5473 	EXP 	Tstim_13: autoDraw = True
16.5473 	EXP 	Tstim_14: autoDraw = True
16.5473 	EXP 	Tstim_15: autoDraw = True
16.5473 	EXP 	Tstim_16: autoDraw = True
16.5473 	EXP 	Tstim_17: autoDraw = True
16.5473 	EXP 	Tstim_18: autoDraw = True
16.5473 	EXP 	Tstim_19: autoDraw = True
16.5473 	EXP 	Tstim_20: autoDraw = True
16.5473 	EXP 	Lstim: autoDraw = True
16.5473 	EXP 	Tstim: text = 'T'
16.5473 	EXP 	Tstim_2: text = 'T'
16.5473 	EXP 	Tstim_3: text = 'T'
16.5473 	EXP 	Tstim_4: text = 'T'
16.5473 	EXP 	Tstim_5: text = 'T'
16.5473 	EXP 	Tstim_6: text = 'T'
16.5473 	EXP 	Tstim_7: text = 'T'
16.5473 	EXP 	Tstim_8: text = 'T'
16.5473 	EXP 	Tstim_9: text = 'T'
16.5473 	EXP 	Tstim_10: text = 'T'
16.5473 	EXP 	Tstim_11: text = 'T'
16.5473 	EXP 	Tstim_12: text = 'T'
16.5473 	EXP 	Tstim_13: text = 'T'
16.5473 	EXP 	Tstim_14: text = 'T'
16.5473 	EXP 	Tstim_15: text = 'T'
16.5473 	EXP 	Tstim_16: text = 'T'
16.5473 	EXP 	Tstim_17: text = 'T'
16.5473 	EXP 	Tstim_18: text = 'T'
16.5473 	EXP 	Tstim_19: text = 'T'
16.5473 	EXP 	Tstim_20: text = 'T'
16.5473 	EXP 	Lstim: text = 'L'
17.9775 	DATA 	Mouse: Left button down, pos=(689,881)
17.9996 	EXP 	Tstim: autoDraw = False
17.9996 	EXP 	Tstim_2: autoDraw = False
17.9996 	EXP 	Tstim_3: autoDraw = False
17.9996 	EXP 	Tstim_4: autoDraw = False
17.9996 	EXP 	Tstim_5: autoDraw = False
17.9996 	EXP 	Tstim_6: autoDraw = False
17.9996 	EXP 	Tstim_7: autoDraw = False
17.9996 	EXP 	Tstim_8: autoDraw = False
17.9996 	EXP 	Tstim_9: autoDraw = False
17.9996 	EXP 	Tstim_10: autoDraw = False
17.9996 	EXP 	Tstim_11: autoDraw = False
17.9996 	EXP 	Tstim_12: autoDraw = False
17.9996 	EXP 	Tstim_13: autoDraw = False
17.9996 	EXP 	Tstim_14: autoDraw = False
17.9996 	EXP 	Tstim_15: autoDraw = False
17.9996 	EXP 	Tstim_16: autoDraw = False
17.9996 	EXP 	Tstim_17: autoDraw = False
17.9996 	EXP 	Tstim_18: autoDraw = False
17.9996 	EXP 	Tstim_19: autoDraw = False
17.9996 	EXP 	Tstim_20: autoDraw = False
17.9996 	EXP 	Lstim: autoDraw = False
17.9996 	EXP 	text: text = 'Target found!1.489'
17.9996 	EXP 	text: autoDraw = True
18.0490 	DATA 	Mouse:  Left button up, pos=(689,881)
18.9954 	EXP 	New trial (rep=0, index=2): OrderedDict([('targetCol', 'black'), ('distractorCol', 'black'), ('mixedOris', 1), ('setSize', 5)])
19.1094 	EXP 	text: autoDraw = False
19.1094 	EXP 	Tstim_20: color = 'black'
19.1094 	EXP 	Tstim_19: color = 'black'
19.1094 	EXP 	Tstim_18: color = 'black'
19.1094 	EXP 	Tstim_17: color = 'black'
19.1094 	EXP 	Tstim_16: color = 'black'
19.1094 	EXP 	Tstim_15: color = 'grey'
19.1094 	EXP 	Tstim_14: color = 'grey'
19.1094 	EXP 	Tstim_13: color = 'grey'
19.1094 	EXP 	Tstim_12: color = 'grey'
19.1094 	EXP 	Tstim_11: color = 'grey'
19.1094 	EXP 	Tstim_10: color = 'grey'
19.1094 	EXP 	Tstim_9: color = 'grey'
19.1094 	EXP 	Tstim_8: color = 'grey'
19.1094 	EXP 	Tstim_7: color = 'grey'
19.1094 	EXP 	Tstim_6: color = 'grey'
19.1094 	EXP 	Tstim_5: color = 'grey'
19.1094 	EXP 	Tstim_4: color = 'grey'
19.1094 	EXP 	Tstim_3: color = 'grey'
19.1094 	EXP 	Tstim_2: color = 'grey'
19.1094 	EXP 	Tstim: color = 'grey'
19.1094 	EXP 	Lstim: color = 'black'
19.1094 	EXP 	Lstim: ori = 255.0
19.1094 	EXP 	Tstim: ori = 5.0
19.1094 	EXP 	Tstim_2: ori = 215.0
19.1094 	EXP 	Tstim_3: ori = 350.0
19.1094 	EXP 	Tstim_4: ori = 74.0
19.1094 	EXP 	Tstim_5: ori = 51.0
19.1094 	EXP 	Tstim_6: ori = 341.0
19.1094 	EXP 	Tstim_7: ori = 318.0
19.1094 	EXP 	Tstim_8: ori = 139.0
19.1094 	EXP 	Tstim_9: ori = 103.0
19.1094 	EXP 	Tstim_10: ori = 226.0
19.1094 	EXP 	Tstim_11: ori = 145.0
19.1094 	EXP 	Tstim_12: ori = 283.0
19.1094 	EXP 	Tstim_13: ori = 246.0
19.1094 	EXP 	Tstim_14: ori = 323.0
19.1094 	EXP 	Tstim_15: ori = 12.0
19.1094 	EXP 	Tstim_16: ori = 203.0
19.1094 	EXP 	Tstim_17: ori = 47.0
19.1094 	EXP 	Tstim_18: ori = 341.0
19.1094 	EXP 	Tstim_19: ori = 214.0
19.1094 	EXP 	Tstim_20: ori = 318.0
19.1094 	EXP 	Tstim: opacity = 0.5
19.1094 	EXP 	Tstim: pos = array([ 0.12, -0.15])
19.1094 	EXP 	Tstim: height = 0.1
19.1094 	EXP 	Tstim_2: opacity = 0.5
19.1094 	EXP 	Tstim_2: height = 0.1
19.1094 	EXP 	Tstim_3: opacity = 0.5
19.1094 	EXP 	Tstim_3: pos = array([-0.18, -0.21])
19.1094 	EXP 	Tstim_3: height = 0.1
19.1094 	EXP 	Tstim_4: opacity = 0.5
19.1094 	EXP 	Tstim_4: pos = array([ 0.15, -0.03])
19.1094 	EXP 	Tstim_4: height = 0.1
19.1094 	EXP 	Tstim_5: opacity = 0.5
19.1094 	EXP 	Tstim_5: pos = array([0.21, 0.06])
19.1094 	EXP 	Tstim_5: height = 0.1
19.1094 	EXP 	Tstim_6: opacity = 0.5
19.1094 	EXP 	Tstim_6: pos = array([-0.03,  0.24])
19.1094 	EXP 	Tstim_6: height = 0.1
19.1094 	EXP 	Tstim_7: opacity = 0.5
19.1094 	EXP 	Tstim_7: pos = array([-0.06,  0.09])
19.1094 	EXP 	Tstim_7: height = 0.1
19.1094 	EXP 	Tstim_8: opacity = 0.5
19.1094 	EXP 	Tstim_8: pos = array([ 0.09, -0.18])
19.1094 	EXP 	Tstim_8: height = 0.1
19.1094 	EXP 	Tstim_9: opacity = 0.5
19.1094 	EXP 	Tstim_9: pos = array([-0.12,  0.  ])
19.1094 	EXP 	Tstim_9: height = 0.1
19.1094 	EXP 	Tstim_10: opacity = 0.5
19.1094 	EXP 	Tstim_10: pos = array([-0.27, -0.09])
19.1094 	EXP 	Tstim_10: height = 0.1
19.1094 	EXP 	Tstim_11: opacity = 0.5
19.1094 	EXP 	Tstim_11: pos = array([-0.09,  0.27])
19.1094 	EXP 	Tstim_11: height = 0.1
19.1094 	EXP 	Tstim_12: opacity = 0.5
19.1094 	EXP 	Tstim_12: pos = array([0.03, 0.21])
19.1094 	EXP 	Tstim_12: height = 0.1
19.1094 	EXP 	Tstim_13: opacity = 0.5
19.1094 	EXP 	Tstim_13: pos = array([0.3 , 0.18])
19.1094 	EXP 	Tstim_13: height = 0.1
19.1094 	EXP 	Tstim_14: opacity = 0.5
19.1094 	EXP 	Tstim_14: pos = array([-0.21, -0.3 ])
19.1094 	EXP 	Tstim_14: height = 0.1
19.1094 	EXP 	Tstim_15: opacity = 0.5
19.1094 	EXP 	Tstim_15: pos = array([-0.15,  0.3 ])
19.1094 	EXP 	Tstim_15: height = 0.1
19.1094 	EXP 	Tstim_16: opacity = 0.5
19.1094 	EXP 	Tstim_16: pos = array([-0.24,  0.15])
19.1094 	EXP 	Tstim_16: height = 0.1
19.1094 	EXP 	Tstim_17: opacity = 0.5
19.1094 	EXP 	Tstim_17: pos = array([0.06, 0.03])
19.1094 	EXP 	Tstim_17: height = 0.1
19.1094 	EXP 	Tstim_18: opacity = 0.5
19.1094 	EXP 	Tstim_18: pos = array([-0.3 , -0.27])
19.1094 	EXP 	Tstim_18: height = 0.1
19.1094 	EXP 	Tstim_19: opacity = 0.5
19.1094 	EXP 	Tstim_19: pos = array([ 0.27, -0.24])
19.1094 	EXP 	Tstim_19: height = 0.1
19.1094 	EXP 	Tstim_20: opacity = 0.5
19.1094 	EXP 	Tstim_20: pos = array([0.  , 0.12])
19.1094 	EXP 	Tstim_20: height = 0.1
19.1094 	EXP 	Lstim: opacity = 0.5
19.1094 	EXP 	Lstim: pos = array([ 0.24, -0.12])
19.1094 	EXP 	Lstim: height = 0.1
19.1094 	EXP 	Tstim: autoDraw = True
19.1094 	EXP 	Tstim_2: autoDraw = True
19.1094 	EXP 	Tstim_3: autoDraw = True
19.1094 	EXP 	Tstim_4: autoDraw = True
19.1094 	EXP 	Tstim_5: autoDraw = True
19.1094 	EXP 	Tstim_6: autoDraw = True
19.1094 	EXP 	Tstim_7: autoDraw = True
19.1094 	EXP 	Tstim_8: autoDraw = True
19.1094 	EXP 	Tstim_9: autoDraw = True
19.1094 	EXP 	Tstim_10: autoDraw = True
19.1094 	EXP 	Tstim_11: autoDraw = True
19.1094 	EXP 	Tstim_12: autoDraw = True
19.1094 	EXP 	Tstim_13: autoDraw = True
19.1094 	EXP 	Tstim_14: autoDraw = True
19.1094 	EXP 	Tstim_15: autoDraw = True
19.1094 	EXP 	Tstim_16: autoDraw = True
19.1094 	EXP 	Tstim_17: autoDraw = True
19.1094 	EXP 	Tstim_18: autoDraw = True
19.1094 	EXP 	Tstim_19: autoDraw = True
19.1094 	EXP 	Tstim_20: autoDraw = True
19.1094 	EXP 	Lstim: autoDraw = True
19.1094 	EXP 	Tstim: text = 'T'
19.1094 	EXP 	Tstim_2: text = 'T'
19.1094 	EXP 	Tstim_3: text = 'T'
19.1094 	EXP 	Tstim_4: text = 'T'
19.1094 	EXP 	Tstim_5: text = 'T'
19.1094 	EXP 	Tstim_6: text = 'T'
19.1094 	EXP 	Tstim_7: text = 'T'
19.1094 	EXP 	Tstim_8: text = 'T'
19.1094 	EXP 	Tstim_9: text = 'T'
19.1094 	EXP 	Tstim_10: text = 'T'
19.1094 	EXP 	Tstim_11: text = 'T'
19.1094 	EXP 	Tstim_12: text = 'T'
19.1094 	EXP 	Tstim_13: text = 'T'
19.1094 	EXP 	Tstim_14: text = 'T'
19.1094 	EXP 	Tstim_15: text = 'T'
19.1094 	EXP 	Tstim_16: text = 'T'
19.1094 	EXP 	Tstim_17: text = 'T'
19.1094 	EXP 	Tstim_18: text = 'T'
19.1094 	EXP 	Tstim_19: text = 'T'
19.1094 	EXP 	Tstim_20: text = 'T'
19.1094 	EXP 	Lstim: text = 'L'
20.2924 	DATA 	Mouse: Left button down, pos=(1271,444)
20.3202 	EXP 	Tstim: autoDraw = False
20.3202 	EXP 	Tstim_2: autoDraw = False
20.3202 	EXP 	Tstim_3: autoDraw = False
20.3202 	EXP 	Tstim_4: autoDraw = False
20.3202 	EXP 	Tstim_5: autoDraw = False
20.3202 	EXP 	Tstim_6: autoDraw = False
20.3202 	EXP 	Tstim_7: autoDraw = False
20.3202 	EXP 	Tstim_8: autoDraw = False
20.3202 	EXP 	Tstim_9: autoDraw = False
20.3202 	EXP 	Tstim_10: autoDraw = False
20.3202 	EXP 	Tstim_11: autoDraw = False
20.3202 	EXP 	Tstim_12: autoDraw = False
20.3202 	EXP 	Tstim_13: autoDraw = False
20.3202 	EXP 	Tstim_14: autoDraw = False
20.3202 	EXP 	Tstim_15: autoDraw = False
20.3202 	EXP 	Tstim_16: autoDraw = False
20.3202 	EXP 	Tstim_17: autoDraw = False
20.3202 	EXP 	Tstim_18: autoDraw = False
20.3202 	EXP 	Tstim_19: autoDraw = False
20.3202 	EXP 	Tstim_20: autoDraw = False
20.3202 	EXP 	Lstim: autoDraw = False
20.3202 	EXP 	text: text = 'Target found!1.229'
20.3202 	EXP 	text: autoDraw = True
20.4155 	DATA 	Mouse:  Left button up, pos=(1271,444)
21.3139 	EXP 	New trial (rep=0, index=3): OrderedDict([('targetCol', 'black'), ('distractorCol', 'black'), ('mixedOris', 1), ('setSize', 20)])
21.4557 	EXP 	text: autoDraw = False
21.4557 	EXP 	Tstim_20: color = 'black'
21.4557 	EXP 	Tstim_19: color = 'black'
21.4557 	EXP 	Tstim_18: color = 'black'
21.4557 	EXP 	Tstim_17: color = 'black'
21.4557 	EXP 	Tstim_16: color = 'black'
21.4557 	EXP 	Tstim_15: color = 'black'
21.4557 	EXP 	Tstim_14: color = 'black'
21.4557 	EXP 	Tstim_13: color = 'black'
21.4557 	EXP 	Tstim_12: color = 'black'
21.4557 	EXP 	Tstim_11: color = 'black'
21.4557 	EXP 	Tstim_10: color = 'black'
21.4557 	EXP 	Tstim_9: color = 'black'
21.4557 	EXP 	Tstim_8: color = 'black'
21.4557 	EXP 	Tstim_7: color = 'black'
21.4557 	EXP 	Tstim_6: color = 'black'
21.4557 	EXP 	Tstim_5: color = 'black'
21.4557 	EXP 	Tstim_4: color = 'black'
21.4557 	EXP 	Tstim_3: color = 'black'
21.4557 	EXP 	Tstim_2: color = 'black'
21.4557 	EXP 	Tstim: color = 'black'
21.4557 	EXP 	Lstim: color = 'black'
21.4557 	EXP 	Lstim: ori = 283.0
21.4557 	EXP 	Tstim: ori = 318.0
21.4557 	EXP 	Tstim_2: ori = 275.0
21.4557 	EXP 	Tstim_3: ori = 9.0
21.4557 	EXP 	Tstim_4: ori = 101.0
21.4557 	EXP 	Tstim_5: ori = 344.0
21.4557 	EXP 	Tstim_6: ori = 358.0
21.4557 	EXP 	Tstim_7: ori = 12.0
21.4557 	EXP 	Tstim_8: ori = 82.0
21.4557 	EXP 	Tstim_9: ori = 312.0
21.4557 	EXP 	Tstim_10: ori = 7.0
21.4557 	EXP 	Tstim_11: ori = 202.0
21.4557 	EXP 	Tstim_12: ori = 131.0
21.4557 	EXP 	Tstim_13: ori = 243.0
21.4557 	EXP 	Tstim_14: ori = 97.0
21.4557 	EXP 	Tstim_15: ori = 333.0
21.4557 	EXP 	Tstim_16: ori = 351.0
21.4557 	EXP 	Tstim_17: ori = 6.0
21.4557 	EXP 	Tstim_18: ori = 183.0
21.4557 	EXP 	Tstim_19: ori = 14.0
21.4557 	EXP 	Tstim_20: ori = 211.0
21.4557 	EXP 	Tstim: opacity = 0.5
21.4557 	EXP 	Tstim: pos = array([ 0.18, -0.15])
21.4557 	EXP 	Tstim: height = 0.1
21.4557 	EXP 	Tstim_2: opacity = 0.5
21.4557 	EXP 	Tstim_2: height = 0.1
21.4557 	EXP 	Tstim_3: opacity = 0.5
21.4557 	EXP 	Tstim_3: pos = array([-0.3,  0.3])
21.4557 	EXP 	Tstim_3: height = 0.1
21.4557 	EXP 	Tstim_4: opacity = 0.5
21.4557 	EXP 	Tstim_4: pos = array([-0.18, -0.21])
21.4557 	EXP 	Tstim_4: height = 0.1
21.4557 	EXP 	Tstim_5: opacity = 0.5
21.4557 	EXP 	Tstim_5: pos = array([0.  , 0.06])
21.4557 	EXP 	Tstim_5: height = 0.1
21.4557 	EXP 	Tstim_6: opacity = 0.5
21.4557 	EXP 	Tstim_6: pos = array([0.09, 0.  ])
21.4557 	EXP 	Tstim_6: height = 0.1
21.4557 	EXP 	Tstim_7: opacity = 0.5
21.4557 	EXP 	Tstim_7: pos = array([-0.12, -0.09])
21.4557 	EXP 	Tstim_7: height = 0.1
21.4557 	EXP 	Tstim_8: opacity = 0.5
21.4557 	EXP 	Tstim_8: pos = array([0.15, 0.27])
21.4557 	EXP 	Tstim_8: height = 0.1
21.4557 	EXP 	Tstim_9: opacity = 0.5
21.4557 	EXP 	Tstim_9: pos = array([-0.27,  0.15])
21.4557 	EXP 	Tstim_9: height = 0.1
21.4557 	EXP 	Tstim_10: opacity = 0.5
21.4557 	EXP 	Tstim_10: pos = array([-0.03, -0.24])
21.4557 	EXP 	Tstim_10: height = 0.1
21.4557 	EXP 	Tstim_11: opacity = 0.5
21.4557 	EXP 	Tstim_11: pos = array([ 0.21, -0.12])
21.4557 	EXP 	Tstim_11: height = 0.1
21.4557 	EXP 	Tstim_12: opacity = 0.5
21.4557 	EXP 	Tstim_12: pos = array([0.03, 0.21])
21.4557 	EXP 	Tstim_12: height = 0.1
21.4557 	EXP 	Tstim_13: opacity = 0.5
21.4557 	EXP 	Tstim_13: pos = array([-0.21,  0.24])
21.4557 	EXP 	Tstim_13: height = 0.1
21.4557 	EXP 	Tstim_14: opacity = 0.5
21.4557 	EXP 	Tstim_14: pos = array([-0.24, -0.06])
21.4557 	EXP 	Tstim_14: height = 0.1
21.4557 	EXP 	Tstim_15: opacity = 0.5
21.4557 	EXP 	Tstim_15: pos = array([-0.15,  0.12])
21.4557 	EXP 	Tstim_15: height = 0.1
21.4557 	EXP 	Tstim_16: opacity = 0.5
21.4557 	EXP 	Tstim_16: pos = array([ 0.06, -0.03])
21.4557 	EXP 	Tstim_16: height = 0.1
21.4557 	EXP 	Tstim_17: opacity = 0.5
21.4557 	EXP 	Tstim_17: pos = array([-0.06,  0.03])
21.4557 	EXP 	Tstim_17: height = 0.1
21.4557 	EXP 	Tstim_18: opacity = 0.5
21.4557 	EXP 	Tstim_18: pos = array([ 0.12, -0.18])
21.4557 	EXP 	Tstim_18: height = 0.1
21.4557 	EXP 	Tstim_19: opacity = 0.5
21.4557 	EXP 	Tstim_19: pos = array([0.24, 0.09])
21.4557 	EXP 	Tstim_19: height = 0.1
21.4557 	EXP 	Tstim_20: opacity = 0.5
21.4557 	EXP 	Tstim_20: pos = array([0.3 , 0.18])
21.4557 	EXP 	Tstim_20: height = 0.1
21.4557 	EXP 	Lstim: opacity = 0.5
21.4557 	EXP 	Lstim: pos = array([-0.09, -0.27])
21.4557 	EXP 	Lstim: height = 0.1
21.4557 	EXP 	Tstim: autoDraw = True
21.4557 	EXP 	Tstim_2: autoDraw = True
21.4557 	EXP 	Tstim_3: autoDraw = True
21.4557 	EXP 	Tstim_4: autoDraw = True
21.4557 	EXP 	Tstim_5: autoDraw = True
21.4557 	EXP 	Tstim_6: autoDraw = True
21.4557 	EXP 	Tstim_7: autoDraw = True
21.4557 	EXP 	Tstim_8: autoDraw = True
21.4557 	EXP 	Tstim_9: autoDraw = True
21.4557 	EXP 	Tstim_10: autoDraw = True
21.4557 	EXP 	Tstim_11: autoDraw = True
21.4557 	EXP 	Tstim_12: autoDraw = True
21.4557 	EXP 	Tstim_13: autoDraw = True
21.4557 	EXP 	Tstim_14: autoDraw = True
21.4557 	EXP 	Tstim_15: autoDraw = True
21.4557 	EXP 	Tstim_16: autoDraw = True
21.4557 	EXP 	Tstim_17: autoDraw = True
21.4557 	EXP 	Tstim_18: autoDraw = True
21.4557 	EXP 	Tstim_19: autoDraw = True
21.4557 	EXP 	Tstim_20: autoDraw = True
21.4557 	EXP 	Lstim: autoDraw = True
21.4557 	EXP 	Tstim: text = 'T'
21.4557 	EXP 	Tstim_2: text = 'T'
21.4557 	EXP 	Tstim_3: text = 'T'
21.4557 	EXP 	Tstim_4: text = 'T'
21.4557 	EXP 	Tstim_5: text = 'T'
21.4557 	EXP 	Tstim_6: text = 'T'
21.4557 	EXP 	Tstim_7: text = 'T'
21.4557 	EXP 	Tstim_8: text = 'T'
21.4557 	EXP 	Tstim_9: text = 'T'
21.4557 	EXP 	Tstim_10: text = 'T'
21.4557 	EXP 	Tstim_11: text = 'T'
21.4557 	EXP 	Tstim_12: text = 'T'
21.4557 	EXP 	Tstim_13: text = 'T'
21.4557 	EXP 	Tstim_14: text = 'T'
21.4557 	EXP 	Tstim_15: text = 'T'
21.4557 	EXP 	Tstim_16: text = 'T'
21.4557 	EXP 	Tstim_17: text = 'T'
21.4557 	EXP 	Tstim_18: text = 'T'
21.4557 	EXP 	Tstim_19: text = 'T'
21.4557 	EXP 	Tstim_20: text = 'T'
21.4557 	EXP 	Lstim: text = 'L'
23.4760 	DATA 	Mouse: Left button down, pos=(856,270)
23.5229 	EXP 	Tstim: autoDraw = False
23.5229 	EXP 	Tstim_2: autoDraw = False
23.5229 	EXP 	Tstim_3: autoDraw = False
23.5229 	EXP 	Tstim_4: autoDraw = False
23.5229 	EXP 	Tstim_5: autoDraw = False
23.5229 	EXP 	Tstim_6: autoDraw = False
23.5229 	EXP 	Tstim_7: autoDraw = False
23.5229 	EXP 	Tstim_8: autoDraw = False
23.5229 	EXP 	Tstim_9: autoDraw = False
23.5229 	EXP 	Tstim_10: autoDraw = False
23.5229 	EXP 	Tstim_11: autoDraw = False
23.5229 	EXP 	Tstim_12: autoDraw = False
23.5229 	EXP 	Tstim_13: autoDraw = False
23.5229 	EXP 	Tstim_14: autoDraw = False
23.5229 	EXP 	Tstim_15: autoDraw = False
23.5229 	EXP 	Tstim_16: autoDraw = False
23.5229 	EXP 	Tstim_17: autoDraw = False
23.5229 	EXP 	Tstim_18: autoDraw = False
23.5229 	EXP 	Tstim_19: autoDraw = False
23.5229 	EXP 	Tstim_20: autoDraw = False
23.5229 	EXP 	Lstim: autoDraw = False
23.5229 	EXP 	text: text = 'Target found!2.075'
23.5229 	EXP 	text: autoDraw = True
23.6022 	DATA 	Mouse:  Left button up, pos=(856,270)
24.4998 	EXP 	New trial (rep=0, index=4): OrderedDict([('targetCol', 'black'), ('distractorCol', 'black'), ('mixedOris', 0), ('setSize', 20)])
24.6152 	EXP 	text: autoDraw = False
24.6152 	EXP 	Tstim_20: color = 'black'
24.6152 	EXP 	Tstim_19: color = 'black'
24.6152 	EXP 	Tstim_18: color = 'black'
24.6152 	EXP 	Tstim_17: color = 'black'
24.6152 	EXP 	Tstim_16: color = 'black'
24.6152 	EXP 	Tstim_15: color = 'black'
24.6152 	EXP 	Tstim_14: color = 'black'
24.6152 	EXP 	Tstim_13: color = 'black'
24.6152 	EXP 	Tstim_12: color = 'black'
24.6152 	EXP 	Tstim_11: color = 'black'
24.6152 	EXP 	Tstim_10: color = 'black'
24.6152 	EXP 	Tstim_9: color = 'black'
24.6152 	EXP 	Tstim_8: color = 'black'
24.6152 	EXP 	Tstim_7: color = 'black'
24.6152 	EXP 	Tstim_6: color = 'black'
24.6152 	EXP 	Tstim_5: color = 'black'
24.6152 	EXP 	Tstim_4: color = 'black'
24.6152 	EXP 	Tstim_3: color = 'black'
24.6152 	EXP 	Tstim_2: color = 'black'
24.6152 	EXP 	Tstim: color = 'black'
24.6152 	EXP 	Lstim: color = 'black'
24.6152 	EXP 	Lstim: ori = 0.0
24.6152 	EXP 	Tstim: ori = 0.0
24.6152 	EXP 	Tstim_2: ori = 0.0
24.6152 	EXP 	Tstim_3: ori = 0.0
24.6152 	EXP 	Tstim_4: ori = 0.0
24.6152 	EXP 	Tstim_5: ori = 0.0
24.6152 	EXP 	Tstim_6: ori = 0.0
24.6152 	EXP 	Tstim_7: ori = 0.0
24.6152 	EXP 	Tstim_8: ori = 0.0
24.6152 	EXP 	Tstim_9: ori = 0.0
24.6152 	EXP 	Tstim_10: ori = 0.0
24.6152 	EXP 	Tstim_11: ori = 0.0
24.6152 	EXP 	Tstim_12: ori = 0.0
24.6152 	EXP 	Tstim_13: ori = 0.0
24.6152 	EXP 	Tstim_14: ori = 0.0
24.6152 	EXP 	Tstim_15: ori = 0.0
24.6152 	EXP 	Tstim_16: ori = 0.0
24.6152 	EXP 	Tstim_17: ori = 0.0
24.6152 	EXP 	Tstim_18: ori = 0.0
24.6152 	EXP 	Tstim_19: ori = 0.0
24.6152 	EXP 	Tstim_20: ori = 0.0
24.6152 	EXP 	Tstim: opacity = 0.5
24.6152 	EXP 	Tstim: pos = array([-0.12, -0.12])
24.6152 	EXP 	Tstim: height = 0.1
24.6152 	EXP 	Tstim_2: opacity = 0.5
24.6152 	EXP 	Tstim_2: height = 0.1
24.6152 	EXP 	Tstim_3: opacity = 0.5
24.6152 	EXP 	Tstim_3: pos = array([ 0.06, -0.06])
24.6152 	EXP 	Tstim_3: height = 0.1
24.6152 	EXP 	Tstim_4: opacity = 0.5
24.6152 	EXP 	Tstim_4: pos = array([ 0.12, -0.24])
24.6152 	EXP 	Tstim_4: height = 0.1
24.6152 	EXP 	Tstim_5: opacity = 0.5
24.6152 	EXP 	Tstim_5: pos = array([-0.15,  0.12])
24.6152 	EXP 	Tstim_5: height = 0.1
24.6152 	EXP 	Tstim_6: opacity = 0.5
24.6152 	EXP 	Tstim_6: pos = array([0.27, 0.15])
24.6152 	EXP 	Tstim_6: height = 0.1
24.6152 	EXP 	Tstim_7: opacity = 0.5
24.6152 	EXP 	Tstim_7: pos = array([-0.21, -0.03])
24.6152 	EXP 	Tstim_7: height = 0.1
24.6152 	EXP 	Tstim_8: opacity = 0.5
24.6152 	EXP 	Tstim_8: pos = array([-0.3 , -0.21])
24.6152 	EXP 	Tstim_8: height = 0.1
24.6152 	EXP 	Tstim_9: opacity = 0.5
24.6152 	EXP 	Tstim_9: pos = array([-0.03,  0.  ])
24.6152 	EXP 	Tstim_9: height = 0.1
24.6152 	EXP 	Tstim_10: opacity = 0.5
24.6152 	EXP 	Tstim_10: pos = array([-0.18,  0.24])
24.6152 	EXP 	Tstim_10: height = 0.1
24.6152 	EXP 	Tstim_11: opacity = 0.5
24.6152 	EXP 	Tstim_11: pos = array([0.24, 0.06])
24.6152 	EXP 	Tstim_11: height = 0.1
24.6152 	EXP 	Tstim_12: opacity = 0.5
24.6152 	EXP 	Tstim_12: pos = array([0.3 , 0.03])
24.6152 	EXP 	Tstim_12: height = 0.1
24.6152 	EXP 	Tstim_13: opacity = 0.5
24.6152 	EXP 	Tstim_13: pos = array([-0.06,  0.3 ])
24.6152 	EXP 	Tstim_13: height = 0.1
24.6152 	EXP 	Tstim_14: opacity = 0.5
24.6152 	EXP 	Tstim_14: pos = array([0.  , 0.18])
24.6152 	EXP 	Tstim_14: height = 0.1
24.6152 	EXP 	Tstim_15: opacity = 0.5
24.6152 	EXP 	Tstim_15: pos = array([ 0.03, -0.27])
24.6152 	EXP 	Tstim_15: height = 0.1
24.6152 	EXP 	Tstim_16: opacity = 0.5
24.6152 	EXP 	Tstim_16: pos = array([0.09, 0.09])
24.6152 	EXP 	Tstim_16: height = 0.1
24.6152 	EXP 	Tstim_17: opacity = 0.5
24.6152 	EXP 	Tstim_17: pos = array([-0.24, -0.15])
24.6152 	EXP 	Tstim_17: height = 0.1
24.6152 	EXP 	Tstim_18: opacity = 0.5
24.6152 	EXP 	Tstim_18: pos = array([-0.09,  0.21])
24.6152 	EXP 	Tstim_18: height = 0.1
24.6152 	EXP 	Tstim_19: opacity = 0.5
24.6152 	EXP 	Tstim_19: pos = array([ 0.21, -0.18])
24.6152 	EXP 	Tstim_19: height = 0.1
24.6152 	EXP 	Tstim_20: opacity = 0.5
24.6152 	EXP 	Tstim_20: pos = array([0.15, 0.27])
24.6152 	EXP 	Tstim_20: height = 0.1
24.6152 	EXP 	Lstim: opacity = 0.5
24.6152 	EXP 	Lstim: pos = array([-0.27, -0.3 ])
24.6152 	EXP 	Lstim: height = 0.1
24.6152 	EXP 	Tstim: autoDraw = True
24.6152 	EXP 	Tstim_2: autoDraw = True
24.6152 	EXP 	Tstim_3: autoDraw = True
24.6152 	EXP 	Tstim_4: autoDraw = True
24.6152 	EXP 	Tstim_5: autoDraw = True
24.6152 	EXP 	Tstim_6: autoDraw = True
24.6152 	EXP 	Tstim_7: autoDraw = True
24.6152 	EXP 	Tstim_8: autoDraw = True
24.6152 	EXP 	Tstim_9: autoDraw = True
24.6152 	EXP 	Tstim_10: autoDraw = True
24.6152 	EXP 	Tstim_11: autoDraw = True
24.6152 	EXP 	Tstim_12: autoDraw = True
24.6152 	EXP 	Tstim_13: autoDraw = True
24.6152 	EXP 	Tstim_14: autoDraw = True
24.6152 	EXP 	Tstim_15: autoDraw = True
24.6152 	EXP 	Tstim_16: autoDraw = True
24.6152 	EXP 	Tstim_17: autoDraw = True
24.6152 	EXP 	Tstim_18: autoDraw = True
24.6152 	EXP 	Tstim_19: autoDraw = True
24.6152 	EXP 	Tstim_20: autoDraw = True
24.6152 	EXP 	Lstim: autoDraw = True
24.6152 	EXP 	Tstim: text = 'T'
24.6152 	EXP 	Tstim_2: text = 'T'
24.6152 	EXP 	Tstim_3: text = 'T'
24.6152 	EXP 	Tstim_4: text = 'T'
24.6152 	EXP 	Tstim_5: text = 'T'
24.6152 	EXP 	Tstim_6: text = 'T'
24.6152 	EXP 	Tstim_7: text = 'T'
24.6152 	EXP 	Tstim_8: text = 'T'
24.6152 	EXP 	Tstim_9: text = 'T'
24.6152 	EXP 	Tstim_10: text = 'T'
24.6152 	EXP 	Tstim_11: text = 'T'
24.6152 	EXP 	Tstim_12: text = 'T'
24.6152 	EXP 	Tstim_13: text = 'T'
24.6152 	EXP 	Tstim_14: text = 'T'
24.6152 	EXP 	Tstim_15: text = 'T'
24.6152 	EXP 	Tstim_16: text = 'T'
24.6152 	EXP 	Tstim_17: text = 'T'
24.6152 	EXP 	Tstim_18: text = 'T'
24.6152 	EXP 	Tstim_19: text = 'T'
24.6152 	EXP 	Tstim_20: text = 'T'
24.6152 	EXP 	Lstim: text = 'L'
25.9843 	DATA 	Mouse: Left button down, pos=(602,257)
26.0077 	EXP 	Tstim: autoDraw = False
26.0077 	EXP 	Tstim_2: autoDraw = False
26.0077 	EXP 	Tstim_3: autoDraw = False
26.0077 	EXP 	Tstim_4: autoDraw = False
26.0077 	EXP 	Tstim_5: autoDraw = False
26.0077 	EXP 	Tstim_6: autoDraw = False
26.0077 	EXP 	Tstim_7: autoDraw = False
26.0077 	EXP 	Tstim_8: autoDraw = False
26.0077 	EXP 	Tstim_9: autoDraw = False
26.0077 	EXP 	Tstim_10: autoDraw = False
26.0077 	EXP 	Tstim_11: autoDraw = False
26.0077 	EXP 	Tstim_12: autoDraw = False
26.0077 	EXP 	Tstim_13: autoDraw = False
26.0077 	EXP 	Tstim_14: autoDraw = False
26.0077 	EXP 	Tstim_15: autoDraw = False
26.0077 	EXP 	Tstim_16: autoDraw = False
26.0077 	EXP 	Tstim_17: autoDraw = False
26.0077 	EXP 	Tstim_18: autoDraw = False
26.0077 	EXP 	Tstim_19: autoDraw = False
26.0077 	EXP 	Tstim_20: autoDraw = False
26.0077 	EXP 	Lstim: autoDraw = False
26.0077 	EXP 	text: text = 'Target found!1.402'
26.0077 	EXP 	text: autoDraw = True
26.1715 	DATA 	Mouse:  Left button up, pos=(602,257)
27.0021 	EXP 	New trial (rep=0, index=5): OrderedDict([('targetCol', 'black'), ('distractorCol', 'black'), ('mixedOris', 1), ('setSize', 20)])
27.1091 	EXP 	text: autoDraw = False
27.1091 	EXP 	Tstim_20: color = 'black'
27.1091 	EXP 	Tstim_19: color = 'black'
27.1091 	EXP 	Tstim_18: color = 'black'
27.1091 	EXP 	Tstim_17: color = 'black'
27.1091 	EXP 	Tstim_16: color = 'black'
27.1091 	EXP 	Tstim_15: color = 'black'
27.1091 	EXP 	Tstim_14: color = 'black'
27.1091 	EXP 	Tstim_13: color = 'black'
27.1091 	EXP 	Tstim_12: color = 'black'
27.1091 	EXP 	Tstim_11: color = 'black'
27.1091 	EXP 	Tstim_10: color = 'black'
27.1091 	EXP 	Tstim_9: color = 'black'
27.1091 	EXP 	Tstim_8: color = 'black'
27.1091 	EXP 	Tstim_7: color = 'black'
27.1091 	EXP 	Tstim_6: color = 'black'
27.1091 	EXP 	Tstim_5: color = 'black'
27.1091 	EXP 	Tstim_4: color = 'black'
27.1091 	EXP 	Tstim_3: color = 'black'
27.1091 	EXP 	Tstim_2: color = 'black'
27.1091 	EXP 	Tstim: color = 'black'
27.1091 	EXP 	Lstim: color = 'black'
27.1091 	EXP 	Lstim: ori = 255.0
27.1091 	EXP 	Tstim: ori = 148.0
27.1091 	EXP 	Tstim_2: ori = 260.0
27.1091 	EXP 	Tstim_3: ori = 2.0
27.1091 	EXP 	Tstim_4: ori = 271.0
27.1091 	EXP 	Tstim_5: ori = 183.0
27.1091 	EXP 	Tstim_6: ori = 87.0
27.1091 	EXP 	Tstim_7: ori = 218.0
27.1091 	EXP 	Tstim_8: ori = 255.0
27.1091 	EXP 	Tstim_9: ori = 20.0
27.1091 	EXP 	Tstim_10: ori = 223.0
27.1091 	EXP 	Tstim_11: ori = 58.0
27.1091 	EXP 	Tstim_12: ori = 45.0
27.1091 	EXP 	Tstim_13: ori = 38.0
27.1091 	EXP 	Tstim_14: ori = 164.0
27.1091 	EXP 	Tstim_15: ori = 194.0
27.1091 	EXP 	Tstim_16: ori = 296.0
27.1091 	EXP 	Tstim_17: ori = 231.0
27.1091 	EXP 	Tstim_18: ori = 255.0
27.1091 	EXP 	Tstim_19: ori = 207.0
27.1091 	EXP 	Tstim_20: ori = 345.0
27.1091 	EXP 	Tstim: opacity = 0.5
27.1091 	EXP 	Tstim: pos = array([0.21, 0.12])
27.1091 	EXP 	Tstim: height = 0.1
27.1091 	EXP 	Tstim_2: opacity = 0.5
27.1091 	EXP 	Tstim_2: height = 0.1
27.1091 	EXP 	Tstim_3: opacity = 0.5
27.1091 	EXP 	Tstim_3: pos = array([-0.12, -0.12])
27.1091 	EXP 	Tstim_3: height = 0.1
27.1091 	EXP 	Tstim_4: opacity = 0.5
27.1091 	EXP 	Tstim_4: pos = array([0.18, 0.27])
27.1091 	EXP 	Tstim_4: height = 0.1
27.1091 	EXP 	Tstim_5: opacity = 0.5
27.1091 	EXP 	Tstim_5: pos = array([-0.24, -0.21])
27.1091 	EXP 	Tstim_5: height = 0.1
27.1091 	EXP 	Tstim_6: opacity = 0.5
27.1091 	EXP 	Tstim_6: pos = array([-0.15,  0.3 ])
27.1091 	EXP 	Tstim_6: height = 0.1
27.1091 	EXP 	Tstim_7: opacity = 0.5
27.1091 	EXP 	Tstim_7: pos = array([-0.3 , -0.27])
27.1091 	EXP 	Tstim_7: height = 0.1
27.1091 	EXP 	Tstim_8: opacity = 0.5
27.1091 	EXP 	Tstim_8: pos = array([-0.21, -0.03])
27.1091 	EXP 	Tstim_8: height = 0.1
27.1091 	EXP 	Tstim_9: opacity = 0.5
27.1091 	EXP 	Tstim_9: pos = array([0.3 , 0.21])
27.1091 	EXP 	Tstim_9: height = 0.1
27.1091 	EXP 	Tstim_10: opacity = 0.5
27.1091 	EXP 	Tstim_10: pos = array([-0.03,  0.15])
27.1091 	EXP 	Tstim_10: height = 0.1
27.1091 	EXP 	Tstim_11: opacity = 0.5
27.1091 	EXP 	Tstim_11: pos = array([-0.18,  0.03])
27.1091 	EXP 	Tstim_11: height = 0.1
27.1091 	EXP 	Tstim_12: opacity = 0.5
27.1091 	EXP 	Tstim_12: pos = array([ 0.15, -0.09])
27.1091 	EXP 	Tstim_12: height = 0.1
27.1091 	EXP 	Tstim_13: opacity = 0.5
27.1091 	EXP 	Tstim_13: pos = array([ 0.  , -0.15])
27.1091 	EXP 	Tstim_13: height = 0.1
27.1091 	EXP 	Tstim_14: opacity = 0.5
27.1091 	EXP 	Tstim_14: pos = array([-0.06,  0.09])
27.1091 	EXP 	Tstim_14: height = 0.1
27.1091 	EXP 	Tstim_15: opacity = 0.5
27.1091 	EXP 	Tstim_15: pos = array([-0.27, -0.06])
27.1091 	EXP 	Tstim_15: height = 0.1
27.1091 	EXP 	Tstim_16: opacity = 0.5
27.1091 	EXP 	Tstim_16: pos = array([ 0.24, -0.3 ])
27.1091 	EXP 	Tstim_16: height = 0.1
27.1091 	EXP 	Tstim_17: opacity = 0.5
27.1091 	EXP 	Tstim_17: pos = array([0.03, 0.06])
27.1091 	EXP 	Tstim_17: height = 0.1
27.1091 	EXP 	Tstim_18: opacity = 0.5
27.1091 	EXP 	Tstim_18: pos = array([0.12, 0.24])
27.1091 	EXP 	Tstim_18: height = 0.1
27.1091 	EXP 	Tstim_19: opacity = 0.5
27.1091 	EXP 	Tstim_19: pos = array([ 0.06, -0.24])
27.1091 	EXP 	Tstim_19: height = 0.1
27.1091 	EXP 	Tstim_20: opacity = 0.5
27.1091 	EXP 	Tstim_20: pos = array([0.27, 0.  ])
27.1091 	EXP 	Tstim_20: height = 0.1
27.1091 	EXP 	Lstim: opacity = 0.5
27.1091 	EXP 	Lstim: pos = array([0.09, 0.18])
27.1091 	EXP 	Lstim: height = 0.1
27.1091 	EXP 	Tstim: autoDraw = True
27.1091 	EXP 	Tstim_2: autoDraw = True
27.1091 	EXP 	Tstim_3: autoDraw = True
27.1091 	EXP 	Tstim_4: autoDraw = True
27.1091 	EXP 	Tstim_5: autoDraw = True
27.1091 	EXP 	Tstim_6: autoDraw = True
27.1091 	EXP 	Tstim_7: autoDraw = True
27.1091 	EXP 	Tstim_8: autoDraw = True
27.1091 	EXP 	Tstim_9: autoDraw = True
27.1091 	EXP 	Tstim_10: autoDraw = True
27.1091 	EXP 	Tstim_11: autoDraw = True
27.1091 	EXP 	Tstim_12: autoDraw = True
27.1091 	EXP 	Tstim_13: autoDraw = True
27.1091 	EXP 	Tstim_14: autoDraw = True
27.1091 	EXP 	Tstim_15: autoDraw = True
27.1091 	EXP 	Tstim_16: autoDraw = True
27.1091 	EXP 	Tstim_17: autoDraw = True
27.1091 	EXP 	Tstim_18: autoDraw = True
27.1091 	EXP 	Tstim_19: autoDraw = True
27.1091 	EXP 	Tstim_20: autoDraw = True
27.1091 	EXP 	Lstim: autoDraw = True
27.1091 	EXP 	Tstim: text = 'T'
27.1091 	EXP 	Tstim_2: text = 'T'
27.1091 	EXP 	Tstim_3: text = 'T'
27.1091 	EXP 	Tstim_4: text = 'T'
27.1091 	EXP 	Tstim_5: text = 'T'
27.1091 	EXP 	Tstim_6: text = 'T'
27.1091 	EXP 	Tstim_7: text = 'T'
27.1091 	EXP 	Tstim_8: text = 'T'
27.1091 	EXP 	Tstim_9: text = 'T'
27.1091 	EXP 	Tstim_10: text = 'T'
27.1091 	EXP 	Tstim_11: text = 'T'
27.1091 	EXP 	Tstim_12: text = 'T'
27.1091 	EXP 	Tstim_13: text = 'T'
27.1091 	EXP 	Tstim_14: text = 'T'
27.1091 	EXP 	Tstim_15: text = 'T'
27.1091 	EXP 	Tstim_16: text = 'T'
27.1091 	EXP 	Tstim_17: text = 'T'
27.1091 	EXP 	Tstim_18: text = 'T'
27.1091 	EXP 	Tstim_19: text = 'T'
27.1091 	EXP 	Tstim_20: text = 'T'
27.1091 	EXP 	Lstim: text = 'L'
30.1877 	DATA 	Mouse: Left button down, pos=(1113,799)
30.2125 	EXP 	Tstim: autoDraw = False
30.2125 	EXP 	Tstim_2: autoDraw = False
30.2125 	EXP 	Tstim_3: autoDraw = False
30.2125 	EXP 	Tstim_4: autoDraw = False
30.2125 	EXP 	Tstim_5: autoDraw = False
30.2125 	EXP 	Tstim_6: autoDraw = False
30.2125 	EXP 	Tstim_7: autoDraw = False
30.2125 	EXP 	Tstim_8: autoDraw = False
30.2125 	EXP 	Tstim_9: autoDraw = False
30.2125 	EXP 	Tstim_10: autoDraw = False
30.2125 	EXP 	Tstim_11: autoDraw = False
30.2125 	EXP 	Tstim_12: autoDraw = False
30.2125 	EXP 	Tstim_13: autoDraw = False
30.2125 	EXP 	Tstim_14: autoDraw = False
30.2125 	EXP 	Tstim_15: autoDraw = False
30.2125 	EXP 	Tstim_16: autoDraw = False
30.2125 	EXP 	Tstim_17: autoDraw = False
30.2125 	EXP 	Tstim_18: autoDraw = False
30.2125 	EXP 	Tstim_19: autoDraw = False
30.2125 	EXP 	Tstim_20: autoDraw = False
30.2125 	EXP 	Lstim: autoDraw = False
30.2125 	EXP 	text: text = 'Target found!3.114'
30.2125 	EXP 	text: autoDraw = True
30.2921 	DATA 	Mouse:  Left button up, pos=(1113,799)
31.2058 	EXP 	New trial (rep=0, index=6): OrderedDict([('targetCol', 'black'), ('distractorCol', 'black'), ('mixedOris', 1), ('setSize', 5)])
31.3690 	EXP 	text: autoDraw = False
31.3690 	EXP 	Tstim_20: color = 'black'
31.3690 	EXP 	Tstim_19: color = 'black'
31.3690 	EXP 	Tstim_18: color = 'black'
31.3690 	EXP 	Tstim_17: color = 'black'
31.3690 	EXP 	Tstim_16: color = 'black'
31.3690 	EXP 	Tstim_15: color = 'grey'
31.3690 	EXP 	Tstim_14: color = 'grey'
31.3690 	EXP 	Tstim_13: color = 'grey'
31.3690 	EXP 	Tstim_12: color = 'grey'
31.3690 	EXP 	Tstim_11: color = 'grey'
31.3690 	EXP 	Tstim_10: color = 'grey'
31.3690 	EXP 	Tstim_9: color = 'grey'
31.3690 	EXP 	Tstim_8: color = 'grey'
31.3690 	EXP 	Tstim_7: color = 'grey'
31.3690 	EXP 	Tstim_6: color = 'grey'
31.3690 	EXP 	Tstim_5: color = 'grey'
31.3690 	EXP 	Tstim_4: color = 'grey'
31.3690 	EXP 	Tstim_3: color = 'grey'
31.3690 	EXP 	Tstim_2: color = 'grey'
31.3690 	EXP 	Tstim: color = 'grey'
31.3690 	EXP 	Lstim: color = 'black'
31.3690 	EXP 	Lstim: ori = 122.0
31.3690 	EXP 	Tstim: ori = 286.0
31.3690 	EXP 	Tstim_2: ori = 91.0
31.3690 	EXP 	Tstim_3: ori = 78.0
31.3690 	EXP 	Tstim_4: ori = 94.0
31.3690 	EXP 	Tstim_5: ori = 61.0
31.3690 	EXP 	Tstim_6: ori = 194.0
31.3690 	EXP 	Tstim_7: ori = 10.0
31.3690 	EXP 	Tstim_8: ori = 263.0
31.3690 	EXP 	Tstim_9: ori = 105.0
31.3690 	EXP 	Tstim_10: ori = 198.0
31.3690 	EXP 	Tstim_11: ori = 322.0
31.3690 	EXP 	Tstim_12: ori = 89.0
31.3690 	EXP 	Tstim_13: ori = 164.0
31.3690 	EXP 	Tstim_14: ori = 32.0
31.3690 	EXP 	Tstim_15: ori = 204.0
31.3690 	EXP 	Tstim_16: ori = 4.0
31.3690 	EXP 	Tstim_17: ori = 147.0
31.3690 	EXP 	Tstim_18: ori = 201.0
31.3690 	EXP 	Tstim_19: ori = 268.0
31.3690 	EXP 	Tstim_20: ori = 347.0
31.3690 	EXP 	Tstim: opacity = 0.5
31.3690 	EXP 	Tstim: pos = array([-0.27, -0.06])
31.3690 	EXP 	Tstim: height = 0.1
31.3690 	EXP 	Tstim_2: opacity = 0.5
31.3690 	EXP 	Tstim_2: height = 0.1
31.3690 	EXP 	Tstim_3: opacity = 0.5
31.3690 	EXP 	Tstim_3: pos = array([-0.06, -0.24])
31.3690 	EXP 	Tstim_3: height = 0.1
31.3690 	EXP 	Tstim_4: opacity = 0.5
31.3690 	EXP 	Tstim_4: pos = array([-0.21,  0.06])
31.3690 	EXP 	Tstim_4: height = 0.1
31.3690 	EXP 	Tstim_5: opacity = 0.5
31.3690 	EXP 	Tstim_5: pos = array([ 0.12, -0.12])
31.3690 	EXP 	Tstim_5: height = 0.1
31.3690 	EXP 	Tstim_6: opacity = 0.5
31.3690 	EXP 	Tstim_6: pos = array([0.27, 0.03])
31.3690 	EXP 	Tstim_6: height = 0.1
31.3690 	EXP 	Tstim_7: opacity = 0.5
31.3690 	EXP 	Tstim_7: pos = array([-0.24,  0.3 ])
31.3690 	EXP 	Tstim_7: height = 0.1
31.3690 	EXP 	Tstim_8: opacity = 0.5
31.3690 	EXP 	Tstim_8: pos = array([-0.12,  0.09])
31.3690 	EXP 	Tstim_8: height = 0.1
31.3690 	EXP 	Tstim_9: opacity = 0.5
31.3690 	EXP 	Tstim_9: pos = array([ 0.21, -0.21])
31.3690 	EXP 	Tstim_9: height = 0.1
31.3690 	EXP 	Tstim_10: opacity = 0.5
31.3690 	EXP 	Tstim_10: pos = array([-0.09,  0.21])
31.3690 	EXP 	Tstim_10: height = 0.1
31.3690 	EXP 	Tstim_11: opacity = 0.5
31.3690 	EXP 	Tstim_11: pos = array([ 0.3, -0.3])
31.3690 	EXP 	Tstim_11: height = 0.1
31.3690 	EXP 	Tstim_12: opacity = 0.5
31.3690 	EXP 	Tstim_12: pos = array([-0.15,  0.12])
31.3690 	EXP 	Tstim_12: height = 0.1
31.3690 	EXP 	Tstim_13: opacity = 0.5
31.3690 	EXP 	Tstim_13: pos = array([0.15, 0.  ])
31.3690 	EXP 	Tstim_13: height = 0.1
31.3690 	EXP 	Tstim_14: opacity = 0.5
31.3690 	EXP 	Tstim_14: pos = array([0.18, 0.24])
31.3690 	EXP 	Tstim_14: height = 0.1
31.3690 	EXP 	Tstim_15: opacity = 0.5
31.3690 	EXP 	Tstim_15: pos = array([0.06, 0.18])
31.3690 	EXP 	Tstim_15: height = 0.1
31.3690 	EXP 	Tstim_16: opacity = 0.5
31.3690 	EXP 	Tstim_16: pos = array([-0.18,  0.27])
31.3690 	EXP 	Tstim_16: height = 0.1
31.3690 	EXP 	Tstim_17: opacity = 0.5
31.3690 	EXP 	Tstim_17: pos = array([-0.3 , -0.15])
31.3690 	EXP 	Tstim_17: height = 0.1
31.3690 	EXP 	Tstim_18: opacity = 0.5
31.3690 	EXP 	Tstim_18: pos = array([ 0.09, -0.18])
31.3690 	EXP 	Tstim_18: height = 0.1
31.3690 	EXP 	Tstim_19: opacity = 0.5
31.3690 	EXP 	Tstim_19: pos = array([0.  , 0.15])
31.3690 	EXP 	Tstim_19: height = 0.1
31.3690 	EXP 	Tstim_20: opacity = 0.5
31.3690 	EXP 	Tstim_20: pos = array([ 0.24, -0.09])
31.3690 	EXP 	Tstim_20: height = 0.1
31.3690 	EXP 	Lstim: opacity = 0.5
31.3690 	EXP 	Lstim: pos = array([ 0.03, -0.03])
31.3690 	EXP 	Lstim: height = 0.1
31.3690 	EXP 	Tstim: autoDraw = True
31.3690 	EXP 	Tstim_2: autoDraw = True
31.3690 	EXP 	Tstim_3: autoDraw = True
31.3690 	EXP 	Tstim_4: autoDraw = True
31.3690 	EXP 	Tstim_5: autoDraw = True
31.3690 	EXP 	Tstim_6: autoDraw = True
31.3690 	EXP 	Tstim_7: autoDraw = True
31.3690 	EXP 	Tstim_8: autoDraw = True
31.3690 	EXP 	Tstim_9: autoDraw = True
31.3690 	EXP 	Tstim_10: autoDraw = True
31.3690 	EXP 	Tstim_11: autoDraw = True
31.3690 	EXP 	Tstim_12: autoDraw = True
31.3690 	EXP 	Tstim_13: autoDraw = True
31.3690 	EXP 	Tstim_14: autoDraw = True
31.3690 	EXP 	Tstim_15: autoDraw = True
31.3690 	EXP 	Tstim_16: autoDraw = True
31.3690 	EXP 	Tstim_17: autoDraw = True
31.3690 	EXP 	Tstim_18: autoDraw = True
31.3690 	EXP 	Tstim_19: autoDraw = True
31.3690 	EXP 	Tstim_20: autoDraw = True
31.3690 	EXP 	Lstim: autoDraw = True
31.3690 	EXP 	Tstim: text = 'T'
31.3690 	EXP 	Tstim_2: text = 'T'
31.3690 	EXP 	Tstim_3: text = 'T'
31.3690 	EXP 	Tstim_4: text = 'T'
31.3690 	EXP 	Tstim_5: text = 'T'
31.3690 	EXP 	Tstim_6: text = 'T'
31.3690 	EXP 	Tstim_7: text = 'T'
31.3690 	EXP 	Tstim_8: text = 'T'
31.3690 	EXP 	Tstim_9: text = 'T'
31.3690 	EXP 	Tstim_10: text = 'T'
31.3690 	EXP 	Tstim_11: text = 'T'
31.3690 	EXP 	Tstim_12: text = 'T'
31.3690 	EXP 	Tstim_13: text = 'T'
31.3690 	EXP 	Tstim_14: text = 'T'
31.3690 	EXP 	Tstim_15: text = 'T'
31.3690 	EXP 	Tstim_16: text = 'T'
31.3690 	EXP 	Tstim_17: text = 'T'
31.3690 	EXP 	Tstim_18: text = 'T'
31.3690 	EXP 	Tstim_19: text = 'T'
31.3690 	EXP 	Tstim_20: text = 'T'
31.3690 	EXP 	Lstim: text = 'L'
32.1227 	DATA 	Mouse: Left button down, pos=(984,584)
32.1460 	EXP 	Tstim: autoDraw = False
32.1460 	EXP 	Tstim_2: autoDraw = False
32.1460 	EXP 	Tstim_3: autoDraw = False
32.1460 	EXP 	Tstim_4: autoDraw = False
32.1460 	EXP 	Tstim_5: autoDraw = False
32.1460 	EXP 	Tstim_6: autoDraw = False
32.1460 	EXP 	Tstim_7: autoDraw = False
32.1460 	EXP 	Tstim_8: autoDraw = False
32.1460 	EXP 	Tstim_9: autoDraw = False
32.1460 	EXP 	Tstim_10: autoDraw = False
32.1460 	EXP 	Tstim_11: autoDraw = False
32.1460 	EXP 	Tstim_12: autoDraw = False
32.1460 	EXP 	Tstim_13: autoDraw = False
32.1460 	EXP 	Tstim_14: autoDraw = False
32.1460 	EXP 	Tstim_15: autoDraw = False
32.1460 	EXP 	Tstim_16: autoDraw = False
32.1460 	EXP 	Tstim_17: autoDraw = False
32.1460 	EXP 	Tstim_18: autoDraw = False
32.1460 	EXP 	Tstim_19: autoDraw = False
32.1460 	EXP 	Tstim_20: autoDraw = False
32.1460 	EXP 	Lstim: autoDraw = False
32.1460 	EXP 	text: text = 'Target found!0.815'
32.1460 	EXP 	text: autoDraw = True
32.2941 	DATA 	Mouse:  Left button up, pos=(984,584)
33.1406 	EXP 	New trial (rep=0, index=7): OrderedDict([('targetCol', 'red'), ('distractorCol', 'black'), ('mixedOris', 1), ('setSize', 20)])
33.2801 	EXP 	text: autoDraw = False
33.2801 	EXP 	Tstim_20: color = 'black'
33.2801 	EXP 	Tstim_19: color = 'black'
33.2801 	EXP 	Tstim_18: color = 'black'
33.2801 	EXP 	Tstim_17: color = 'black'
33.2801 	EXP 	Tstim_16: color = 'black'
33.2801 	EXP 	Tstim_15: color = 'black'
33.2801 	EXP 	Tstim_14: color = 'black'
33.2801 	EXP 	Tstim_13: color = 'black'
33.2801 	EXP 	Tstim_12: color = 'black'
33.2801 	EXP 	Tstim_11: color = 'black'
33.2801 	EXP 	Tstim_10: color = 'black'
33.2801 	EXP 	Tstim_9: color = 'black'
33.2801 	EXP 	Tstim_8: color = 'black'
33.2801 	EXP 	Tstim_7: color = 'black'
33.2801 	EXP 	Tstim_6: color = 'black'
33.2801 	EXP 	Tstim_5: color = 'black'
33.2801 	EXP 	Tstim_4: color = 'black'
33.2801 	EXP 	Tstim_3: color = 'black'
33.2801 	EXP 	Tstim_2: color = 'black'
33.2801 	EXP 	Tstim: color = 'black'
33.2801 	EXP 	Lstim: color = 'red'
33.2801 	EXP 	Lstim: ori = 143.0
33.2801 	EXP 	Tstim: ori = 215.0
33.2801 	EXP 	Tstim_2: ori = 104.0
33.2801 	EXP 	Tstim_3: ori = 209.0
33.2801 	EXP 	Tstim_4: ori = 168.0
33.2801 	EXP 	Tstim_5: ori = 207.0
33.2801 	EXP 	Tstim_6: ori = 193.0
33.2801 	EXP 	Tstim_7: ori = 275.0
33.2801 	EXP 	Tstim_8: ori = 19.0
33.2801 	EXP 	Tstim_9: ori = 223.0
33.2801 	EXP 	Tstim_10: ori = 274.0
33.2801 	EXP 	Tstim_11: ori = 299.0
33.2801 	EXP 	Tstim_12: ori = 335.0
33.2801 	EXP 	Tstim_13: ori = 266.0
33.2801 	EXP 	Tstim_14: ori = 277.0
33.2801 	EXP 	Tstim_15: ori = 277.0
33.2801 	EXP 	Tstim_16: ori = 267.0
33.2801 	EXP 	Tstim_17: ori = 218.0
33.2801 	EXP 	Tstim_18: ori = 302.0
33.2801 	EXP 	Tstim_19: ori = 350.0
33.2801 	EXP 	Tstim_20: ori = 0.0
33.2801 	EXP 	Tstim: opacity = 0.5
33.2801 	EXP 	Tstim: pos = array([0.24, 0.27])
33.2801 	EXP 	Tstim: height = 0.1
33.2801 	EXP 	Tstim_2: opacity = 0.5
33.2801 	EXP 	Tstim_2: height = 0.1
33.2801 	EXP 	Tstim_3: opacity = 0.5
33.2801 	EXP 	Tstim_3: pos = array([ 0.12, -0.27])
33.2801 	EXP 	Tstim_3: height = 0.1
33.2801 	EXP 	Tstim_4: opacity = 0.5
33.2801 	EXP 	Tstim_4: pos = array([-0.12, -0.18])
33.2801 	EXP 	Tstim_4: height = 0.1
33.2801 	EXP 	Tstim_5: opacity = 0.5
33.2801 	EXP 	Tstim_5: pos = array([ 0.  , -0.06])
33.2801 	EXP 	Tstim_5: height = 0.1
33.2801 	EXP 	Tstim_6: opacity = 0.5
33.2801 	EXP 	Tstim_6: pos = array([ 0.09, -0.03])
33.2801 	EXP 	Tstim_6: height = 0.1
33.2801 	EXP 	Tstim_7: opacity = 0.5
33.2801 	EXP 	Tstim_7: pos = array([0.06, 0.3 ])
33.2801 	EXP 	Tstim_7: height = 0.1
33.2801 	EXP 	Tstim_8: opacity = 0.5
33.2801 	EXP 	Tstim_8: pos = array([0.3 , 0.09])
33.2801 	EXP 	Tstim_8: height = 0.1
33.2801 	EXP 	Tstim_9: opacity = 0.5
33.2801 	EXP 	Tstim_9: pos = array([-0.09,  0.12])
33.2801 	EXP 	Tstim_9: height = 0.1
33.2801 	EXP 	Tstim_10: opacity = 0.5
33.2801 	EXP 	Tstim_10: pos = array([ 0.15, -0.15])
33.2801 	EXP 	Tstim_10: height = 0.1
33.2801 	EXP 	Tstim_11: opacity = 0.5
33.2801 	EXP 	Tstim_11: pos = array([ 0.03, -0.12])
33.2801 	EXP 	Tstim_11: height = 0.1
33.2801 	EXP 	Tstim_12: opacity = 0.5
33.2801 	EXP 	Tstim_12: pos = array([-0.06, -0.3 ])
33.2801 	EXP 	Tstim_12: height = 0.1
33.2801 	EXP 	Tstim_13: opacity = 0.5
33.2801 	EXP 	Tstim_13: pos = array([0.27, 0.03])
33.2801 	EXP 	Tstim_13: height = 0.1
33.2801 	EXP 	Tstim_14: opacity = 0.5
33.2801 	EXP 	Tstim_14: pos = array([-0.3 , -0.24])
33.2801 	EXP 	Tstim_14: height = 0.1
33.2801 	EXP 	Tstim_15: opacity = 0.5
33.2801 	EXP 	Tstim_15: pos = array([0.21, 0.06])
33.2801 	EXP 	Tstim_15: height = 0.1
33.2801 	EXP 	Tstim_16: opacity = 0.5
33.2801 	EXP 	Tstim_16: pos = array([-0.03,  0.24])
33.2801 	EXP 	Tstim_16: height = 0.1
33.2801 	EXP 	Tstim_17: opacity = 0.5
33.2801 	EXP 	Tstim_17: pos = array([-0.27,  0.  ])
33.2801 	EXP 	Tstim_17: height = 0.1
33.2801 	EXP 	Tstim_18: opacity = 0.5
33.2801 	EXP 	Tstim_18: pos = array([-0.15, -0.09])
33.2801 	EXP 	Tstim_18: height = 0.1
33.2801 	EXP 	Tstim_19: opacity = 0.5
33.2801 	EXP 	Tstim_19: pos = array([-0.18,  0.15])
33.2801 	EXP 	Tstim_19: height = 0.1
33.2801 	EXP 	Tstim_20: opacity = 0.5
33.2801 	EXP 	Tstim_20: pos = array([ 0.18, -0.21])
33.2801 	EXP 	Tstim_20: height = 0.1
33.2801 	EXP 	Lstim: opacity = 0.5
33.2801 	EXP 	Lstim: pos = array([-0.24,  0.18])
33.2801 	EXP 	Lstim: height = 0.1
33.2801 	EXP 	Tstim: autoDraw = True
33.2801 	EXP 	Tstim_2: autoDraw = True
33.2801 	EXP 	Tstim_3: autoDraw = True
33.2801 	EXP 	Tstim_4: autoDraw = True
33.2801 	EXP 	Tstim_5: autoDraw = True
33.2801 	EXP 	Tstim_6: autoDraw = True
33.2801 	EXP 	Tstim_7: autoDraw = True
33.2801 	EXP 	Tstim_8: autoDraw = True
33.2801 	EXP 	Tstim_9: autoDraw = True
33.2801 	EXP 	Tstim_10: autoDraw = True
33.2801 	EXP 	Tstim_11: autoDraw = True
33.2801 	EXP 	Tstim_12: autoDraw = True
33.2801 	EXP 	Tstim_13: autoDraw = True
33.2801 	EXP 	Tstim_14: autoDraw = True
33.2801 	EXP 	Tstim_15: autoDraw = True
33.2801 	EXP 	Tstim_16: autoDraw = True
33.2801 	EXP 	Tstim_17: autoDraw = True
33.2801 	EXP 	Tstim_18: autoDraw = True
33.2801 	EXP 	Tstim_19: autoDraw = True
33.2801 	EXP 	Tstim_20: autoDraw = True
33.2801 	EXP 	Lstim: autoDraw = True
33.2801 	EXP 	Tstim: text = 'T'
33.2801 	EXP 	Tstim_2: text = 'T'
33.2801 	EXP 	Tstim_3: text = 'T'
33.2801 	EXP 	Tstim_4: text = 'T'
33.2801 	EXP 	Tstim_5: text = 'T'
33.2801 	EXP 	Tstim_6: text = 'T'
33.2801 	EXP 	Tstim_7: text = 'T'
33.2801 	EXP 	Tstim_8: text = 'T'
33.2801 	EXP 	Tstim_9: text = 'T'
33.2801 	EXP 	Tstim_10: text = 'T'
33.2801 	EXP 	Tstim_11: text = 'T'
33.2801 	EXP 	Tstim_12: text = 'T'
33.2801 	EXP 	Tstim_13: text = 'T'
33.2801 	EXP 	Tstim_14: text = 'T'
33.2801 	EXP 	Tstim_15: text = 'T'
33.2801 	EXP 	Tstim_16: text = 'T'
33.2801 	EXP 	Tstim_17: text = 'T'
33.2801 	EXP 	Tstim_18: text = 'T'
33.2801 	EXP 	Tstim_19: text = 'T'
33.2801 	EXP 	Tstim_20: text = 'T'
33.2801 	EXP 	Lstim: text = 'L'
34.2162 	DATA 	Mouse: Left button down, pos=(629,847)
34.2523 	EXP 	Tstim: autoDraw = False
34.2523 	EXP 	Tstim_2: autoDraw = False
34.2523 	EXP 	Tstim_3: autoDraw = False
34.2523 	EXP 	Tstim_4: autoDraw = False
34.2523 	EXP 	Tstim_5: autoDraw = False
34.2523 	EXP 	Tstim_6: autoDraw = False
34.2523 	EXP 	Tstim_7: autoDraw = False
34.2523 	EXP 	Tstim_8: autoDraw = False
34.2523 	EXP 	Tstim_9: autoDraw = False
34.2523 	EXP 	Tstim_10: autoDraw = False
34.2523 	EXP 	Tstim_11: autoDraw = False
34.2523 	EXP 	Tstim_12: autoDraw = False
34.2523 	EXP 	Tstim_13: autoDraw = False
34.2523 	EXP 	Tstim_14: autoDraw = False
34.2523 	EXP 	Tstim_15: autoDraw = False
34.2523 	EXP 	Tstim_16: autoDraw = False
34.2523 	EXP 	Tstim_17: autoDraw = False
34.2523 	EXP 	Tstim_18: autoDraw = False
34.2523 	EXP 	Tstim_19: autoDraw = False
34.2523 	EXP 	Tstim_20: autoDraw = False
34.2523 	EXP 	Lstim: autoDraw = False
34.2523 	EXP 	text: text = 'Target found!1.003'
34.2523 	EXP 	text: autoDraw = True
34.3612 	DATA 	Mouse:  Left button up, pos=(629,847)
35.2425 	EXP 	New trial (rep=0, index=8): OrderedDict([('targetCol', 'black'), ('distractorCol', 'black'), ('mixedOris', 1), ('setSize', 20)])
35.3934 	EXP 	text: autoDraw = False
35.3934 	EXP 	Tstim_20: color = 'black'
35.3934 	EXP 	Tstim_19: color = 'black'
35.3934 	EXP 	Tstim_18: color = 'black'
35.3934 	EXP 	Tstim_17: color = 'black'
35.3934 	EXP 	Tstim_16: color = 'black'
35.3934 	EXP 	Tstim_15: color = 'black'
35.3934 	EXP 	Tstim_14: color = 'black'
35.3934 	EXP 	Tstim_13: color = 'black'
35.3934 	EXP 	Tstim_12: color = 'black'
35.3934 	EXP 	Tstim_11: color = 'black'
35.3934 	EXP 	Tstim_10: color = 'black'
35.3934 	EXP 	Tstim_9: color = 'black'
35.3934 	EXP 	Tstim_8: color = 'black'
35.3934 	EXP 	Tstim_7: color = 'black'
35.3934 	EXP 	Tstim_6: color = 'black'
35.3934 	EXP 	Tstim_5: color = 'black'
35.3934 	EXP 	Tstim_4: color = 'black'
35.3934 	EXP 	Tstim_3: color = 'black'
35.3934 	EXP 	Tstim_2: color = 'black'
35.3934 	EXP 	Tstim: color = 'black'
35.3934 	EXP 	Lstim: color = 'black'
35.3934 	EXP 	Lstim: ori = 347.0
35.3934 	EXP 	Tstim: ori = 113.0
35.3934 	EXP 	Tstim_2: ori = 194.0
35.3934 	EXP 	Tstim_3: ori = 339.0
35.3934 	EXP 	Tstim_4: ori = 328.0
35.3934 	EXP 	Tstim_5: ori = 319.0
35.3934 	EXP 	Tstim_6: ori = 122.0
35.3934 	EXP 	Tstim_7: ori = 348.0
35.3934 	EXP 	Tstim_8: ori = 110.0
35.3934 	EXP 	Tstim_9: ori = 86.0
35.3934 	EXP 	Tstim_10: ori = 232.0
35.3934 	EXP 	Tstim_11: ori = 82.0
35.3934 	EXP 	Tstim_12: ori = 23.0
35.3934 	EXP 	Tstim_13: ori = 125.0
35.3934 	EXP 	Tstim_14: ori = 249.0
35.3934 	EXP 	Tstim_15: ori = 241.0
35.3934 	EXP 	Tstim_16: ori = 182.0
35.3934 	EXP 	Tstim_17: ori = 25.0
35.3934 	EXP 	Tstim_18: ori = 101.0
35.3934 	EXP 	Tstim_19: ori = 12.0
35.3934 	EXP 	Tstim_20: ori = 273.0
35.3934 	EXP 	Tstim: opacity = 0.5
35.3934 	EXP 	Tstim: pos = array([-0.06,  0.09])
35.3934 	EXP 	Tstim: height = 0.1
35.3934 	EXP 	Tstim_2: opacity = 0.5
35.3934 	EXP 	Tstim_2: height = 0.1
35.3934 	EXP 	Tstim_3: opacity = 0.5
35.3934 	EXP 	Tstim_3: pos = array([ 0.06, -0.06])
35.3934 	EXP 	Tstim_3: height = 0.1
35.3934 	EXP 	Tstim_4: opacity = 0.5
35.3934 	EXP 	Tstim_4: pos = array([0.3 , 0.06])
35.3934 	EXP 	Tstim_4: height = 0.1
35.3934 	EXP 	Tstim_5: opacity = 0.5
35.3934 	EXP 	Tstim_5: pos = array([ 0.  , -0.24])
35.3934 	EXP 	Tstim_5: height = 0.1
35.3934 	EXP 	Tstim_6: opacity = 0.5
35.3934 	EXP 	Tstim_6: pos = array([-0.12, -0.27])
35.3934 	EXP 	Tstim_6: height = 0.1
35.3934 	EXP 	Tstim_7: opacity = 0.5
35.3934 	EXP 	Tstim_7: pos = array([-0.21,  0.  ])
35.3934 	EXP 	Tstim_7: height = 0.1
35.3934 	EXP 	Tstim_8: opacity = 0.5
35.3934 	EXP 	Tstim_8: pos = array([0.15, 0.21])
35.3934 	EXP 	Tstim_8: height = 0.1
35.3934 	EXP 	Tstim_9: opacity = 0.5
35.3934 	EXP 	Tstim_9: pos = array([ 0.24, -0.18])
35.3934 	EXP 	Tstim_9: height = 0.1
35.3934 	EXP 	Tstim_10: opacity = 0.5
35.3934 	EXP 	Tstim_10: pos = array([-0.24, -0.21])
35.3934 	EXP 	Tstim_10: height = 0.1
35.3934 	EXP 	Tstim_11: opacity = 0.5
35.3934 	EXP 	Tstim_11: pos = array([-0.09,  0.18])
35.3934 	EXP 	Tstim_11: height = 0.1
35.3934 	EXP 	Tstim_12: opacity = 0.5
35.3934 	EXP 	Tstim_12: pos = array([ 0.18, -0.03])
35.3934 	EXP 	Tstim_12: height = 0.1
35.3934 	EXP 	Tstim_13: opacity = 0.5
35.3934 	EXP 	Tstim_13: pos = array([0.09, 0.27])
35.3934 	EXP 	Tstim_13: height = 0.1
35.3934 	EXP 	Tstim_14: opacity = 0.5
35.3934 	EXP 	Tstim_14: pos = array([-0.03,  0.03])
35.3934 	EXP 	Tstim_14: height = 0.1
35.3934 	EXP 	Tstim_15: opacity = 0.5
35.3934 	EXP 	Tstim_15: pos = array([-0.18,  0.24])
35.3934 	EXP 	Tstim_15: height = 0.1
35.3934 	EXP 	Tstim_16: opacity = 0.5
35.3934 	EXP 	Tstim_16: pos = array([0.27, 0.3 ])
35.3934 	EXP 	Tstim_16: height = 0.1
35.3934 	EXP 	Tstim_17: opacity = 0.5
35.3934 	EXP 	Tstim_17: pos = array([-0.15, -0.3 ])
35.3934 	EXP 	Tstim_17: height = 0.1
35.3934 	EXP 	Tstim_18: opacity = 0.5
35.3934 	EXP 	Tstim_18: pos = array([ 0.03, -0.15])
35.3934 	EXP 	Tstim_18: height = 0.1
35.3934 	EXP 	Tstim_19: opacity = 0.5
35.3934 	EXP 	Tstim_19: pos = array([-0.3 ,  0.12])
35.3934 	EXP 	Tstim_19: height = 0.1
35.3934 	EXP 	Tstim_20: opacity = 0.5
35.3934 	EXP 	Tstim_20: pos = array([ 0.12, -0.12])
35.3934 	EXP 	Tstim_20: height = 0.1
35.3934 	EXP 	Lstim: opacity = 0.5
35.3934 	EXP 	Lstim: pos = array([-0.27,  0.15])
35.3934 	EXP 	Lstim: height = 0.1
35.3934 	EXP 	Tstim: autoDraw = True
35.3934 	EXP 	Tstim_2: autoDraw = True
35.3934 	EXP 	Tstim_3: autoDraw = True
35.3934 	EXP 	Tstim_4: autoDraw = True
35.3934 	EXP 	Tstim_5: autoDraw = True
35.3934 	EXP 	Tstim_6: autoDraw = True
35.3934 	EXP 	Tstim_7: autoDraw = True
35.3934 	EXP 	Tstim_8: autoDraw = True
35.3934 	EXP 	Tstim_9: autoDraw = True
35.3934 	EXP 	Tstim_10: autoDraw = True
35.3934 	EXP 	Tstim_11: autoDraw = True
35.3934 	EXP 	Tstim_12: autoDraw = True
35.3934 	EXP 	Tstim_13: autoDraw = True
35.3934 	EXP 	Tstim_14: autoDraw = True
35.3934 	EXP 	Tstim_15: autoDraw = True
35.3934 	EXP 	Tstim_16: autoDraw = True
35.3934 	EXP 	Tstim_17: autoDraw = True
35.3934 	EXP 	Tstim_18: autoDraw = True
35.3934 	EXP 	Tstim_19: autoDraw = True
35.3934 	EXP 	Tstim_20: autoDraw = True
35.3934 	EXP 	Lstim: autoDraw = True
35.3934 	EXP 	Tstim: text = 'T'
35.3934 	EXP 	Tstim_2: text = 'T'
35.3934 	EXP 	Tstim_3: text = 'T'
35.3934 	EXP 	Tstim_4: text = 'T'
35.3934 	EXP 	Tstim_5: text = 'T'
35.3934 	EXP 	Tstim_6: text = 'T'
35.3934 	EXP 	Tstim_7: text = 'T'
35.3934 	EXP 	Tstim_8: text = 'T'
35.3934 	EXP 	Tstim_9: text = 'T'
35.3934 	EXP 	Tstim_10: text = 'T'
35.3934 	EXP 	Tstim_11: text = 'T'
35.3934 	EXP 	Tstim_12: text = 'T'
35.3934 	EXP 	Tstim_13: text = 'T'
35.3934 	EXP 	Tstim_14: text = 'T'
35.3934 	EXP 	Tstim_15: text = 'T'
35.3934 	EXP 	Tstim_16: text = 'T'
35.3934 	EXP 	Tstim_17: text = 'T'
35.3934 	EXP 	Tstim_18: text = 'T'
35.3934 	EXP 	Tstim_19: text = 'T'
35.3934 	EXP 	Tstim_20: text = 'T'
35.3934 	EXP 	Lstim: text = 'L'
36.8012 	DATA 	Mouse: Left button down, pos=(666,745)
36.8257 	EXP 	Tstim: autoDraw = False
36.8257 	EXP 	Tstim_2: autoDraw = False
36.8257 	EXP 	Tstim_3: autoDraw = False
36.8257 	EXP 	Tstim_4: autoDraw = False
36.8257 	EXP 	Tstim_5: autoDraw = False
36.8257 	EXP 	Tstim_6: autoDraw = False
36.8257 	EXP 	Tstim_7: autoDraw = False
36.8257 	EXP 	Tstim_8: autoDraw = False
36.8257 	EXP 	Tstim_9: autoDraw = False
36.8257 	EXP 	Tstim_10: autoDraw = False
36.8257 	EXP 	Tstim_11: autoDraw = False
36.8257 	EXP 	Tstim_12: autoDraw = False
36.8257 	EXP 	Tstim_13: autoDraw = False
36.8257 	EXP 	Tstim_14: autoDraw = False
36.8257 	EXP 	Tstim_15: autoDraw = False
36.8257 	EXP 	Tstim_16: autoDraw = False
36.8257 	EXP 	Tstim_17: autoDraw = False
36.8257 	EXP 	Tstim_18: autoDraw = False
36.8257 	EXP 	Tstim_19: autoDraw = False
36.8257 	EXP 	Tstim_20: autoDraw = False
36.8257 	EXP 	Lstim: autoDraw = False
36.8257 	EXP 	text: text = 'Target found!1.472'
36.8257 	EXP 	text: autoDraw = True
37.0290 	DATA 	Mouse:  Left button up, pos=(666,745)
37.8120 	EXP 	New trial (rep=0, index=9): OrderedDict([('targetCol', 'black'), ('distractorCol', 'black'), ('mixedOris', 1), ('setSize', 5)])
37.9170 	EXP 	text: autoDraw = False
37.9170 	EXP 	text: autoDraw = False
37.9170 	EXP 	Tstim_20: color = 'black'
37.9170 	EXP 	Tstim_19: color = 'black'
37.9170 	EXP 	Tstim_18: color = 'black'
37.9170 	EXP 	Tstim_17: color = 'black'
37.9170 	EXP 	Tstim_16: color = 'black'
37.9170 	EXP 	Tstim_15: color = 'grey'
37.9170 	EXP 	Tstim_14: color = 'grey'
37.9170 	EXP 	Tstim_13: color = 'grey'
37.9170 	EXP 	Tstim_12: color = 'grey'
37.9170 	EXP 	Tstim_11: color = 'grey'
37.9170 	EXP 	Tstim_10: color = 'grey'
37.9170 	EXP 	Tstim_9: color = 'grey'
37.9170 	EXP 	Tstim_8: color = 'grey'
37.9170 	EXP 	Tstim_7: color = 'grey'
37.9170 	EXP 	Tstim_6: color = 'grey'
37.9170 	EXP 	Tstim_5: color = 'grey'
37.9170 	EXP 	Tstim_4: color = 'grey'
37.9170 	EXP 	Tstim_3: color = 'grey'
37.9170 	EXP 	Tstim_2: color = 'grey'
37.9170 	EXP 	Tstim: color = 'grey'
37.9170 	EXP 	Lstim: color = 'black'
37.9170 	EXP 	Lstim: ori = 81.0
37.9170 	EXP 	Tstim: ori = 20.0
37.9170 	EXP 	Tstim_2: ori = 119.0
37.9170 	EXP 	Tstim_3: ori = 342.0
37.9170 	EXP 	Tstim_4: ori = 74.0
37.9170 	EXP 	Tstim_5: ori = 238.0
37.9170 	EXP 	Tstim_6: ori = 185.0
37.9170 	EXP 	Tstim_7: ori = 105.0
37.9170 	EXP 	Tstim_8: ori = 272.0
37.9170 	EXP 	Tstim_9: ori = 76.0
37.9170 	EXP 	Tstim_10: ori = 277.0
37.9170 	EXP 	Tstim_11: ori = 198.0
37.9170 	EXP 	Tstim_12: ori = 172.0
37.9170 	EXP 	Tstim_13: ori = 72.0
37.9170 	EXP 	Tstim_14: ori = 48.0
37.9170 	EXP 	Tstim_15: ori = 352.0
37.9170 	EXP 	Tstim_16: ori = 23.0
37.9170 	EXP 	Tstim_17: ori = 114.0
37.9170 	EXP 	Tstim_18: ori = 296.0
37.9170 	EXP 	Tstim_19: ori = 181.0
37.9170 	EXP 	Tstim_20: ori = 170.0
37.9170 	EXP 	Tstim: opacity = 0.5
37.9170 	EXP 	Tstim: pos = array([-0.27,  0.15])
37.9170 	EXP 	Tstim: height = 0.1
37.9170 	EXP 	Tstim_2: opacity = 0.5
37.9170 	EXP 	Tstim_2: height = 0.1
37.9170 	EXP 	Tstim_3: opacity = 0.5
37.9170 	EXP 	Tstim_3: pos = array([-0.09,  0.03])
37.9170 	EXP 	Tstim_3: height = 0.1
37.9170 	EXP 	Tstim_4: opacity = 0.5
37.9170 	EXP 	Tstim_4: pos = array([ 0.15, -0.18])
37.9170 	EXP 	Tstim_4: height = 0.1
37.9170 	EXP 	Tstim_5: opacity = 0.5
37.9170 	EXP 	Tstim_5: pos = array([0.21, 0.  ])
37.9170 	EXP 	Tstim_5: height = 0.1
37.9170 	EXP 	Tstim_6: opacity = 0.5
37.9170 	EXP 	Tstim_6: pos = array([ 0.06, -0.06])
37.9170 	EXP 	Tstim_6: height = 0.1
37.9170 	EXP 	Tstim_7: opacity = 0.5
37.9170 	EXP 	Tstim_7: pos = array([0.18, 0.12])
37.9170 	EXP 	Tstim_7: height = 0.1
37.9170 	EXP 	Tstim_8: opacity = 0.5
37.9170 	EXP 	Tstim_8: pos = array([ 0.09, -0.27])
37.9170 	EXP 	Tstim_8: height = 0.1
37.9170 	EXP 	Tstim_9: opacity = 0.5
37.9170 	EXP 	Tstim_9: pos = array([-0.18,  0.3 ])
37.9170 	EXP 	Tstim_9: height = 0.1
37.9170 	EXP 	Tstim_10: opacity = 0.5
37.9170 	EXP 	Tstim_10: pos = array([0.12, 0.09])
37.9170 	EXP 	Tstim_10: height = 0.1
37.9170 	EXP 	Tstim_11: opacity = 0.5
37.9170 	EXP 	Tstim_11: pos = array([-0.06,  0.21])
37.9170 	EXP 	Tstim_11: height = 0.1
37.9170 	EXP 	Tstim_12: opacity = 0.5
37.9170 	EXP 	Tstim_12: pos = array([-0.12,  0.24])
37.9170 	EXP 	Tstim_12: height = 0.1
37.9170 	EXP 	Tstim_13: opacity = 0.5
37.9170 	EXP 	Tstim_13: pos = array([-0.15, -0.12])
37.9170 	EXP 	Tstim_13: height = 0.1
37.9170 	EXP 	Tstim_14: opacity = 0.5
37.9170 	EXP 	Tstim_14: pos = array([0.24, 0.18])
37.9170 	EXP 	Tstim_14: height = 0.1
37.9170 	EXP 	Tstim_15: opacity = 0.5
37.9170 	EXP 	Tstim_15: pos = array([-0.24, -0.21])
37.9170 	EXP 	Tstim_15: height = 0.1
37.9170 	EXP 	Tstim_16: opacity = 0.5
37.9170 	EXP 	Tstim_16: pos = array([-0.3 , -0.24])
37.9170 	EXP 	Tstim_16: height = 0.1
37.9170 	EXP 	Tstim_17: opacity = 0.5
37.9170 	EXP 	Tstim_17: pos = array([ 0.03, -0.3 ])
37.9170 	EXP 	Tstim_17: height = 0.1
37.9170 	EXP 	Tstim_18: opacity = 0.5
37.9170 	EXP 	Tstim_18: pos = array([-0.03, -0.03])
37.9170 	EXP 	Tstim_18: height = 0.1
37.9170 	EXP 	Tstim_19: opacity = 0.5
37.9170 	EXP 	Tstim_19: pos = array([ 0.27, -0.09])
37.9170 	EXP 	Tstim_19: height = 0.1
37.9170 	EXP 	Tstim_20: opacity = 0.5
37.9170 	EXP 	Tstim_20: pos = array([0.3 , 0.27])
37.9170 	EXP 	Tstim_20: height = 0.1
37.9170 	EXP 	Lstim: opacity = 0.5
37.9170 	EXP 	Lstim: pos = array([0.  , 0.06])
37.9170 	EXP 	Lstim: height = 0.1
37.9170 	EXP 	Tstim: autoDraw = True
37.9170 	EXP 	Tstim_2: autoDraw = True
37.9170 	EXP 	Tstim_3: autoDraw = True
37.9170 	EXP 	Tstim_4: autoDraw = True
37.9170 	EXP 	Tstim_5: autoDraw = True
37.9170 	EXP 	Tstim_6: autoDraw = True
37.9170 	EXP 	Tstim_7: autoDraw = True
37.9170 	EXP 	Tstim_8: autoDraw = True
37.9170 	EXP 	Tstim_9: autoDraw = True
37.9170 	EXP 	Tstim_10: autoDraw = True
37.9170 	EXP 	Tstim_11: autoDraw = True
37.9170 	EXP 	Tstim_12: autoDraw = True
37.9170 	EXP 	Tstim_13: autoDraw = True
37.9170 	EXP 	Tstim_14: autoDraw = True
37.9170 	EXP 	Tstim_15: autoDraw = True
37.9170 	EXP 	Tstim_16: autoDraw = True
37.9170 	EXP 	Tstim_17: autoDraw = True
37.9170 	EXP 	Tstim_18: autoDraw = True
37.9170 	EXP 	Tstim_19: autoDraw = True
37.9170 	EXP 	Tstim_20: autoDraw = True
37.9170 	EXP 	Lstim: autoDraw = True
37.9170 	EXP 	Tstim: text = 'T'
37.9170 	EXP 	Tstim_2: text = 'T'
37.9170 	EXP 	Tstim_3: text = 'T'
37.9170 	EXP 	Tstim_4: text = 'T'
37.9170 	EXP 	Tstim_5: text = 'T'
37.9170 	EXP 	Tstim_6: text = 'T'
37.9170 	EXP 	Tstim_7: text = 'T'
37.9170 	EXP 	Tstim_8: text = 'T'
37.9170 	EXP 	Tstim_9: text = 'T'
37.9170 	EXP 	Tstim_10: text = 'T'
37.9170 	EXP 	Tstim_11: text = 'T'
37.9170 	EXP 	Tstim_12: text = 'T'
37.9170 	EXP 	Tstim_13: text = 'T'
37.9170 	EXP 	Tstim_14: text = 'T'
37.9170 	EXP 	Tstim_15: text = 'T'
37.9170 	EXP 	Tstim_16: text = 'T'
37.9170 	EXP 	Tstim_17: text = 'T'
37.9170 	EXP 	Tstim_18: text = 'T'
37.9170 	EXP 	Tstim_19: text = 'T'
37.9170 	EXP 	Tstim_20: text = 'T'
37.9170 	EXP 	Lstim: text = 'L'
38.6965 	DATA 	Mouse: Left button down, pos=(930,682)
38.7221 	EXP 	Tstim: autoDraw = False
38.7221 	EXP 	Tstim_2: autoDraw = False
38.7221 	EXP 	Tstim_3: autoDraw = False
38.7221 	EXP 	Tstim_4: autoDraw = False
38.7221 	EXP 	Tstim_5: autoDraw = False
38.7221 	EXP 	Tstim_6: autoDraw = False
38.7221 	EXP 	Tstim_7: autoDraw = False
38.7221 	EXP 	Tstim_8: autoDraw = False
38.7221 	EXP 	Tstim_9: autoDraw = False
38.7221 	EXP 	Tstim_10: autoDraw = False
38.7221 	EXP 	Tstim_11: autoDraw = False
38.7221 	EXP 	Tstim_12: autoDraw = False
38.7221 	EXP 	Tstim_13: autoDraw = False
38.7221 	EXP 	Tstim_14: autoDraw = False
38.7221 	EXP 	Tstim_15: autoDraw = False
38.7221 	EXP 	Tstim_16: autoDraw = False
38.7221 	EXP 	Tstim_17: autoDraw = False
38.7221 	EXP 	Tstim_18: autoDraw = False
38.7221 	EXP 	Tstim_19: autoDraw = False
38.7221 	EXP 	Tstim_20: autoDraw = False
38.7221 	EXP 	Lstim: autoDraw = False
38.7221 	EXP 	text: text = 'Target found!0.823'
38.7221 	EXP 	text: autoDraw = True
38.7857 	DATA 	Mouse:  Left button up, pos=(930,682)
39.7281 	EXP 	text: autoDraw = False
39.9947 	EXP 	window1: mouseVisible = True
