5.3479 	WARNING 	We strongly recommend you activate the PTB sound engine in PsychoPy prefs as the preferred audio engine. Its timing is vastly superior. Your prefs are currently set to use ['sounddevice', 'PTB', 'pyo', 'pygame'] (in that order).
8.6183 	WARNING 	User requested fullscreen with size [1024  768], but screen is actually [1920, 1200]. Using actual size
10.5391 	EXP 	Created window1 = Window(allowGUI=False, allowStencil=False, args=UNKNOWN, autoLog=True, bitsMode=UNKNOWN, blendMode='avg', bpc=(8, 8, 8), color=array([0., 0., 0.]), colorSpace='rgb', depthBits=8, fullscr=<method-wrapper '__getattribute__' of attributeSetter object at 0x000001D773E3FA58>, gamma=None, gammaErrorPolicy='raise', kwargs=UNKNOWN, lms=UNKNOWN, monitor=<psychopy.monitors.calibTools.Monitor object at 0x000001D773B13C88>, multiSample=False, name='window1', numSamples=2, pos=[0.0, 0.0], screen=0, size=array([1920, 1200]), stencilBits=0, stereo=False, units='height', useFBO=True, useRetina=False, viewOri=0.0, viewPos=None, viewScale=None, waitBlanking=True, winType='pyglet')
10.5395 	EXP 	window1: mouseVisible = True
10.5395 	EXP 	window1: recordFrameIntervals = False
10.7053 	EXP 	window1: recordFrameIntervals = True
10.8888 	EXP 	window1: recordFrameIntervals = False
11.1639 	EXP 	Created instrTxt = TextStim(__class__=<class 'psychopy.visual.text.TextStim'>, alignHoriz=method-wrapper(...), alignText='center', alignVert=method-wrapper(...), anchorHoriz='center', anchorVert='center', antialias=True, autoLog=True, bold=False, color='white', colorSpace='named', contrast=1.0, depth=0.0, flipHoriz=False, flipVert=False, font='Arial', fontFiles=[], height=0.1, italic=False, languageStyle='LTR', name='instrTxt', opacity=1.0, ori=0, pos=array([0., 0.]), rgb=array([255., 255., 255.]), text=str(...), units='height', win=Window(...), wrapWidth=1)
11.1640 	EXP 	window1: mouseVisible = True
12.0555 	EXP 	Created Tstim = TextStim(__class__=<class 'psychopy.visual.text.TextStim'>, alignHoriz=method-wrapper(...), alignText='center', alignVert=method-wrapper(...), anchorHoriz='center', anchorVert='center', antialias=True, autoLog=True, bold=False, color='black', colorSpace='named', contrast=1.0, depth=-2.0, flipHoriz=False, flipVert=False, font='Arial', fontFiles=[], height=1.0, italic=False, languageStyle='LTR', name='Tstim', opacity=1.0, ori=0, pos=array([0., 0.]), rgb=array([0., 0., 0.]), text='T', units='height', win=Window(...), wrapWidth=1)
12.0569 	EXP 	Created Tstim_2 = TextStim(__class__=<class 'psychopy.visual.text.TextStim'>, alignHoriz=method-wrapper(...), alignText='center', alignVert=method-wrapper(...), anchorHoriz='center', anchorVert='center', antialias=True, autoLog=True, bold=False, color='black', colorSpace='named', contrast=1.0, depth=-3.0, flipHoriz=False, flipVert=False, font='Arial', fontFiles=[], height=1.0, italic=False, languageStyle='LTR', name='Tstim_2', opacity=1.0, ori=0, pos=array([0., 0.]), rgb=array([0., 0., 0.]), text='T', units='height', win=Window(...), wrapWidth=1)
12.0581 	EXP 	Created Tstim_3 = TextStim(__class__=<class 'psychopy.visual.text.TextStim'>, alignHoriz=method-wrapper(...), alignText='center', alignVert=method-wrapper(...), anchorHoriz='center', anchorVert='center', antialias=True, autoLog=True, bold=False, color='black', colorSpace='named', contrast=1.0, depth=-4.0, flipHoriz=False, flipVert=False, font='Arial', fontFiles=[], height=1.0, italic=False, languageStyle='LTR', name='Tstim_3', opacity=1.0, ori=0, pos=array([0., 0.]), rgb=array([0., 0., 0.]), text='T', units='height', win=Window(...), wrapWidth=1)
12.0596 	EXP 	Created Tstim_4 = TextStim(__class__=<class 'psychopy.visual.text.TextStim'>, alignHoriz=method-wrapper(...), alignText='center', alignVert=method-wrapper(...), anchorHoriz='center', anchorVert='center', antialias=True, autoLog=True, bold=False, color='black', colorSpace='named', contrast=1.0, depth=-5.0, flipHoriz=False, flipVert=False, font='Arial', fontFiles=[], height=1.0, italic=False, languageStyle='LTR', name='Tstim_4', opacity=1.0, ori=0, pos=array([0., 0.]), rgb=array([0., 0., 0.]), text='T', units='height', win=Window(...), wrapWidth=1)
12.0607 	EXP 	Created Tstim_5 = TextStim(__class__=<class 'psychopy.visual.text.TextStim'>, alignHoriz=method-wrapper(...), alignText='center', alignVert=method-wrapper(...), anchorHoriz='center', anchorVert='center', antialias=True, autoLog=True, bold=False, color='black', colorSpace='named', contrast=1.0, depth=-6.0, flipHoriz=False, flipVert=False, font='Arial', fontFiles=[], height=1.0, italic=False, languageStyle='LTR', name='Tstim_5', opacity=1.0, ori=0, pos=array([0., 0.]), rgb=array([0., 0., 0.]), text='T', units='height', win=Window(...), wrapWidth=1)
12.0621 	EXP 	Created Tstim_6 = TextStim(__class__=<class 'psychopy.visual.text.TextStim'>, alignHoriz=method-wrapper(...), alignText='center', alignVert=method-wrapper(...), anchorHoriz='center', anchorVert='center', antialias=True, autoLog=True, bold=False, color='black', colorSpace='named', contrast=1.0, depth=-7.0, flipHoriz=False, flipVert=False, font='Arial', fontFiles=[], height=1.0, italic=False, languageStyle='LTR', name='Tstim_6', opacity=1.0, ori=0, pos=array([0., 0.]), rgb=array([0., 0., 0.]), text='T', units='height', win=Window(...), wrapWidth=1)
12.0633 	EXP 	Created Tstim_7 = TextStim(__class__=<class 'psychopy.visual.text.TextStim'>, alignHoriz=method-wrapper(...), alignText='center', alignVert=method-wrapper(...), anchorHoriz='center', anchorVert='center', antialias=True, autoLog=True, bold=False, color='black', colorSpace='named', contrast=1.0, depth=-8.0, flipHoriz=False, flipVert=False, font='Arial', fontFiles=[], height=1.0, italic=False, languageStyle='LTR', name='Tstim_7', opacity=1.0, ori=0, pos=array([0., 0.]), rgb=array([0., 0., 0.]), text='T', units='height', win=Window(...), wrapWidth=1)
12.0646 	EXP 	Created Tstim_8 = TextStim(__class__=<class 'psychopy.visual.text.TextStim'>, alignHoriz=method-wrapper(...), alignText='center', alignVert=method-wrapper(...), anchorHoriz='center', anchorVert='center', antialias=True, autoLog=True, bold=False, color='black', colorSpace='named', contrast=1.0, depth=-9.0, flipHoriz=False, flipVert=False, font='Arial', fontFiles=[], height=1.0, italic=False, languageStyle='LTR', name='Tstim_8', opacity=1.0, ori=0, pos=array([0., 0.]), rgb=array([0., 0., 0.]), text='T', units='height', win=Window(...), wrapWidth=1)
12.0656 	EXP 	Created Tstim_9 = TextStim(__class__=<class 'psychopy.visual.text.TextStim'>, alignHoriz=method-wrapper(...), alignText='center', alignVert=method-wrapper(...), anchorHoriz='center', anchorVert='center', antialias=True, autoLog=True, bold=False, color='black', colorSpace='named', contrast=1.0, depth=-10.0, flipHoriz=False, flipVert=False, font='Arial', fontFiles=[], height=1.0, italic=False, languageStyle='LTR', name='Tstim_9', opacity=1.0, ori=0, pos=array([0., 0.]), rgb=array([0., 0., 0.]), text='T', units='height', win=Window(...), wrapWidth=1)
12.0668 	EXP 	Created Tstim_10 = TextStim(__class__=<class 'psychopy.visual.text.TextStim'>, alignHoriz=method-wrapper(...), alignText='center', alignVert=method-wrapper(...), anchorHoriz='center', anchorVert='center', antialias=True, autoLog=True, bold=False, color='black', colorSpace='named', contrast=1.0, depth=-11.0, flipHoriz=False, flipVert=False, font='Arial', fontFiles=[], height=1.0, italic=False, languageStyle='LTR', name='Tstim_10', opacity=1.0, ori=0, pos=array([0., 0.]), rgb=array([0., 0., 0.]), text='T', units='height', win=Window(...), wrapWidth=1)
12.0679 	EXP 	Created Tstim_11 = TextStim(__class__=<class 'psychopy.visual.text.TextStim'>, alignHoriz=method-wrapper(...), alignText='center', alignVert=method-wrapper(...), anchorHoriz='center', anchorVert='center', antialias=True, autoLog=True, bold=False, color='black', colorSpace='named', contrast=1.0, depth=-12.0, flipHoriz=False, flipVert=False, font='Arial', fontFiles=[], height=1.0, italic=False, languageStyle='LTR', name='Tstim_11', opacity=1.0, ori=0, pos=array([0., 0.]), rgb=array([0., 0., 0.]), text='T', units='height', win=Window(...), wrapWidth=1)
12.0691 	EXP 	Created Tstim_12 = TextStim(__class__=<class 'psychopy.visual.text.TextStim'>, alignHoriz=method-wrapper(...), alignText='center', alignVert=method-wrapper(...), anchorHoriz='center', anchorVert='center', antialias=True, autoLog=True, bold=False, color='black', colorSpace='named', contrast=1.0, depth=-13.0, flipHoriz=False, flipVert=False, font='Arial', fontFiles=[], height=1.0, italic=False, languageStyle='LTR', name='Tstim_12', opacity=1.0, ori=0, pos=array([0., 0.]), rgb=array([0., 0., 0.]), text='T', units='height', win=Window(...), wrapWidth=1)
12.0702 	EXP 	Created Tstim_13 = TextStim(__class__=<class 'psychopy.visual.text.TextStim'>, alignHoriz=method-wrapper(...), alignText='center', alignVert=method-wrapper(...), anchorHoriz='center', anchorVert='center', antialias=True, autoLog=True, bold=False, color='black', colorSpace='named', contrast=1.0, depth=-14.0, flipHoriz=False, flipVert=False, font='Arial', fontFiles=[], height=1.0, italic=False, languageStyle='LTR', name='Tstim_13', opacity=1.0, ori=0, pos=array([0., 0.]), rgb=array([0., 0., 0.]), text='T', units='height', win=Window(...), wrapWidth=1)
12.0715 	EXP 	Created Tstim_14 = TextStim(__class__=<class 'psychopy.visual.text.TextStim'>, alignHoriz=method-wrapper(...), alignText='center', alignVert=method-wrapper(...), anchorHoriz='center', anchorVert='center', antialias=True, autoLog=True, bold=False, color='black', colorSpace='named', contrast=1.0, depth=-15.0, flipHoriz=False, flipVert=False, font='Arial', fontFiles=[], height=1.0, italic=False, languageStyle='LTR', name='Tstim_14', opacity=1.0, ori=0, pos=array([0., 0.]), rgb=array([0., 0., 0.]), text='T', units='height', win=Window(...), wrapWidth=1)
12.0734 	EXP 	Created Tstim_15 = TextStim(__class__=<class 'psychopy.visual.text.TextStim'>, alignHoriz=method-wrapper(...), alignText='center', alignVert=method-wrapper(...), anchorHoriz='center', anchorVert='center', antialias=True, autoLog=True, bold=False, color='black', colorSpace='named', contrast=1.0, depth=-16.0, flipHoriz=False, flipVert=False, font='Arial', fontFiles=[], height=1.0, italic=False, languageStyle='LTR', name='Tstim_15', opacity=1.0, ori=0, pos=array([0., 0.]), rgb=array([0., 0., 0.]), text='T', units='height', win=Window(...), wrapWidth=1)
12.0746 	EXP 	Created Tstim_16 = TextStim(__class__=<class 'psychopy.visual.text.TextStim'>, alignHoriz=method-wrapper(...), alignText='center', alignVert=method-wrapper(...), anchorHoriz='center', anchorVert='center', antialias=True, autoLog=True, bold=False, color='black', colorSpace='named', contrast=1.0, depth=-17.0, flipHoriz=False, flipVert=False, font='Arial', fontFiles=[], height=1.0, italic=False, languageStyle='LTR', name='Tstim_16', opacity=1.0, ori=0, pos=array([0., 0.]), rgb=array([0., 0., 0.]), text='T', units='height', win=Window(...), wrapWidth=1)
12.0766 	EXP 	Created Tstim_17 = TextStim(__class__=<class 'psychopy.visual.text.TextStim'>, alignHoriz=method-wrapper(...), alignText='center', alignVert=method-wrapper(...), anchorHoriz='center', anchorVert='center', antialias=True, autoLog=True, bold=False, color='black', colorSpace='named', contrast=1.0, depth=-18.0, flipHoriz=False, flipVert=False, font='Arial', fontFiles=[], height=1.0, italic=False, languageStyle='LTR', name='Tstim_17', opacity=1.0, ori=0, pos=array([0., 0.]), rgb=array([0., 0., 0.]), text='T', units='height', win=Window(...), wrapWidth=1)
12.0784 	EXP 	Created Tstim_18 = TextStim(__class__=<class 'psychopy.visual.text.TextStim'>, alignHoriz=method-wrapper(...), alignText='center', alignVert=method-wrapper(...), anchorHoriz='center', anchorVert='center', antialias=True, autoLog=True, bold=False, color='black', colorSpace='named', contrast=1.0, depth=-19.0, flipHoriz=False, flipVert=False, font='Arial', fontFiles=[], height=1.0, italic=False, languageStyle='LTR', name='Tstim_18', opacity=1.0, ori=0, pos=array([0., 0.]), rgb=array([0., 0., 0.]), text='T', units='height', win=Window(...), wrapWidth=1)
12.0804 	EXP 	Created Tstim_19 = TextStim(__class__=<class 'psychopy.visual.text.TextStim'>, alignHoriz=method-wrapper(...), alignText='center', alignVert=method-wrapper(...), anchorHoriz='center', anchorVert='center', antialias=True, autoLog=True, bold=False, color='black', colorSpace='named', contrast=1.0, depth=-20.0, flipHoriz=False, flipVert=False, font='Arial', fontFiles=[], height=1.0, italic=False, languageStyle='LTR', name='Tstim_19', opacity=1.0, ori=0, pos=array([0., 0.]), rgb=array([0., 0., 0.]), text='T', units='height', win=Window(...), wrapWidth=1)
12.0831 	EXP 	Created Tstim_20 = TextStim(__class__=<class 'psychopy.visual.text.TextStim'>, alignHoriz=method-wrapper(...), alignText='center', alignVert=method-wrapper(...), anchorHoriz='center', anchorVert='center', antialias=True, autoLog=True, bold=False, color='black', colorSpace='named', contrast=1.0, depth=-21.0, flipHoriz=False, flipVert=False, font='Arial', fontFiles=[], height=1.0, italic=False, languageStyle='LTR', name='Tstim_20', opacity=1.0, ori=0, pos=array([0., 0.]), rgb=array([0., 0., 0.]), text='T', units='height', win=Window(...), wrapWidth=1)
12.2283 	EXP 	Created Lstim = TextStim(__class__=<class 'psychopy.visual.text.TextStim'>, alignHoriz=method-wrapper(...), alignText='center', alignVert=method-wrapper(...), anchorHoriz='center', anchorVert='center', antialias=True, autoLog=True, bold=False, color='black', colorSpace='named', contrast=1.0, depth=-22.0, flipHoriz=False, flipVert=False, font='Arial', fontFiles=[], height=1.0, italic=False, languageStyle='LTR', name='Lstim', opacity=1.0, ori=0, pos=array([0., 0.]), rgb=array([0., 0., 0.]), text='L', units='height', win=Window(...), wrapWidth=1)
12.2284 	EXP 	window1: mouseVisible = True
12.2347 	EXP 	Created text = TextStim(__class__=<class 'psychopy.visual.text.TextStim'>, alignHoriz=method-wrapper(...), alignText='center', alignVert=method-wrapper(...), anchorHoriz='center', anchorVert='center', antialias=True, autoLog=True, bold=False, color='white', colorSpace='named', contrast=1.0, depth=-1.0, flipHoriz=False, flipVert=False, font='Arial', fontFiles=[], height=0.1, italic=False, languageStyle='LTR', name='text', opacity=1.0, ori=0, pos=array([0., 0.]), rgb=array([255., 255., 255.]), text='default text', units='height', win=Window(...), wrapWidth=1)
12.2804 	EXP 	instrTxt: autoDraw = True
12.8245 	DATA 	Mouse: Left button down, pos=(862,698)
12.8272 	EXP 	Created sequence: random, trialTypes=1, nReps=5, seed=None
12.8279 	EXP 	New trial (rep=0, index=0): None
12.9147 	DATA 	Mouse:  Left button up, pos=(862,698)
12.9599 	EXP 	instrTxt: autoDraw = False
12.9599 	EXP 	Lstim: ori = 123.0
12.9599 	EXP 	Tstim: ori = 233.0
12.9599 	EXP 	Tstim_2: ori = 280.0
12.9599 	EXP 	Tstim_3: ori = 231.0
12.9599 	EXP 	Tstim_4: ori = 197.0
12.9599 	EXP 	Tstim_5: ori = 221.0
12.9599 	EXP 	Tstim_6: ori = 288.0
12.9599 	EXP 	Tstim_7: ori = 109.0
12.9599 	EXP 	Tstim_8: ori = 205.0
12.9599 	EXP 	Tstim_9: ori = 12.0
12.9599 	EXP 	Tstim_10: ori = 164.0
12.9599 	EXP 	Tstim_11: ori = 17.0
12.9599 	EXP 	Tstim_12: ori = 161.0
12.9599 	EXP 	Tstim_13: ori = 84.0
12.9599 	EXP 	Tstim_14: ori = 240.0
12.9599 	EXP 	Tstim_15: ori = 77.0
12.9599 	EXP 	Tstim_16: ori = 81.0
12.9599 	EXP 	Tstim_17: ori = 285.0
12.9599 	EXP 	Tstim_18: ori = 40.0
12.9599 	EXP 	Tstim_19: ori = 115.0
12.9599 	EXP 	Tstim_20: ori = 113.0
12.9599 	EXP 	Tstim: opacity = 0.5
12.9599 	EXP 	Tstim: pos = array([-0.09, -0.24])
12.9599 	EXP 	Tstim: height = 0.1
12.9599 	EXP 	Tstim_2: opacity = 0.5
12.9599 	EXP 	Tstim_2: height = 0.1
12.9599 	EXP 	Tstim_3: opacity = 0.5
12.9599 	EXP 	Tstim_3: pos = array([ 0.09, -0.15])
12.9599 	EXP 	Tstim_3: height = 0.1
12.9599 	EXP 	Tstim_4: opacity = 0.5
12.9599 	EXP 	Tstim_4: pos = array([-0.24, -0.06])
12.9599 	EXP 	Tstim_4: height = 0.1
12.9599 	EXP 	Tstim_5: opacity = 0.5
12.9599 	EXP 	Tstim_5: pos = array([0.27, 0.24])
12.9599 	EXP 	Tstim_5: height = 0.1
12.9599 	EXP 	Tstim_6: opacity = 0.5
12.9599 	EXP 	Tstim_6: pos = array([ 0.03, -0.21])
12.9599 	EXP 	Tstim_6: height = 0.1
12.9599 	EXP 	Tstim_7: opacity = 0.5
12.9599 	EXP 	Tstim_7: pos = array([ 0.  , -0.09])
12.9599 	EXP 	Tstim_7: height = 0.1
12.9599 	EXP 	Tstim_8: opacity = 0.5
12.9599 	EXP 	Tstim_8: pos = array([-0.15,  0.3 ])
12.9599 	EXP 	Tstim_8: height = 0.1
12.9599 	EXP 	Tstim_9: opacity = 0.5
12.9599 	EXP 	Tstim_9: pos = array([ 0.15, -0.3 ])
12.9599 	EXP 	Tstim_9: height = 0.1
12.9599 	EXP 	Tstim_10: opacity = 0.5
12.9599 	EXP 	Tstim_10: pos = array([ 0.21, -0.27])
12.9599 	EXP 	Tstim_10: height = 0.1
12.9599 	EXP 	Tstim_11: opacity = 0.5
12.9599 	EXP 	Tstim_11: pos = array([-0.3 ,  0.15])
12.9599 	EXP 	Tstim_11: height = 0.1
12.9599 	EXP 	Tstim_12: opacity = 0.5
12.9599 	EXP 	Tstim_12: pos = array([0.06, 0.27])
12.9599 	EXP 	Tstim_12: height = 0.1
12.9599 	EXP 	Tstim_13: opacity = 0.5
12.9599 	EXP 	Tstim_13: pos = array([0.18, 0.06])
12.9599 	EXP 	Tstim_13: height = 0.1
12.9599 	EXP 	Tstim_14: opacity = 0.5
12.9599 	EXP 	Tstim_14: pos = array([0.3 , 0.09])
12.9599 	EXP 	Tstim_14: height = 0.1
12.9599 	EXP 	Tstim_15: opacity = 0.5
12.9599 	EXP 	Tstim_15: pos = array([0.12, 0.18])
12.9599 	EXP 	Tstim_15: height = 0.1
12.9599 	EXP 	Tstim_16: opacity = 0.5
12.9599 	EXP 	Tstim_16: pos = array([-0.06,  0.21])
12.9599 	EXP 	Tstim_16: height = 0.1
12.9599 	EXP 	Tstim_17: opacity = 0.5
12.9599 	EXP 	Tstim_17: pos = array([-0.03, -0.18])
12.9599 	EXP 	Tstim_17: height = 0.1
12.9599 	EXP 	Tstim_18: opacity = 0.5
12.9599 	EXP 	Tstim_18: pos = array([-0.18, -0.12])
12.9599 	EXP 	Tstim_18: height = 0.1
12.9599 	EXP 	Tstim_19: opacity = 0.5
12.9599 	EXP 	Tstim_19: pos = array([-0.21, -0.03])
12.9599 	EXP 	Tstim_19: height = 0.1
12.9599 	EXP 	Tstim_20: opacity = 0.5
12.9599 	EXP 	Tstim_20: pos = array([0.24, 0.03])
12.9599 	EXP 	Tstim_20: height = 0.1
12.9599 	EXP 	Lstim: opacity = 0.5
12.9599 	EXP 	Lstim: pos = array([-0.27,  0.12])
12.9599 	EXP 	Lstim: height = 0.1
12.9599 	EXP 	Tstim: autoDraw = True
12.9599 	EXP 	Tstim_2: autoDraw = True
12.9599 	EXP 	Tstim_3: autoDraw = True
12.9599 	EXP 	Tstim_4: autoDraw = True
12.9599 	EXP 	Tstim_5: autoDraw = True
12.9599 	EXP 	Tstim_6: autoDraw = True
12.9599 	EXP 	Tstim_7: autoDraw = True
12.9599 	EXP 	Tstim_8: autoDraw = True
12.9599 	EXP 	Tstim_9: autoDraw = True
12.9599 	EXP 	Tstim_10: autoDraw = True
12.9599 	EXP 	Tstim_11: autoDraw = True
12.9599 	EXP 	Tstim_12: autoDraw = True
12.9599 	EXP 	Tstim_13: autoDraw = True
12.9599 	EXP 	Tstim_14: autoDraw = True
12.9599 	EXP 	Tstim_15: autoDraw = True
12.9599 	EXP 	Tstim_16: autoDraw = True
12.9599 	EXP 	Tstim_17: autoDraw = True
12.9599 	EXP 	Tstim_18: autoDraw = True
12.9599 	EXP 	Tstim_19: autoDraw = True
12.9599 	EXP 	Tstim_20: autoDraw = True
12.9599 	EXP 	Lstim: autoDraw = True
12.9599 	EXP 	Tstim: text = 'T'
12.9599 	EXP 	Tstim_2: text = 'T'
12.9599 	EXP 	Tstim_3: text = 'T'
12.9599 	EXP 	Tstim_4: text = 'T'
12.9599 	EXP 	Tstim_5: text = 'T'
12.9599 	EXP 	Tstim_6: text = 'T'
12.9599 	EXP 	Tstim_7: text = 'T'
12.9599 	EXP 	Tstim_8: text = 'T'
12.9599 	EXP 	Tstim_9: text = 'T'
12.9599 	EXP 	Tstim_10: text = 'T'
12.9599 	EXP 	Tstim_11: text = 'T'
12.9599 	EXP 	Tstim_12: text = 'T'
12.9599 	EXP 	Tstim_13: text = 'T'
12.9599 	EXP 	Tstim_14: text = 'T'
12.9599 	EXP 	Tstim_15: text = 'T'
12.9599 	EXP 	Tstim_16: text = 'T'
12.9599 	EXP 	Tstim_17: text = 'T'
12.9599 	EXP 	Tstim_18: text = 'T'
12.9599 	EXP 	Tstim_19: text = 'T'
12.9599 	EXP 	Tstim_20: text = 'T'
12.9599 	EXP 	Lstim: text = 'L'
16.2795 	DATA 	Mouse: Left button down, pos=(658,757)
16.3033 	EXP 	Tstim: autoDraw = False
16.3033 	EXP 	Tstim_2: autoDraw = False
16.3033 	EXP 	Tstim_3: autoDraw = False
16.3033 	EXP 	Tstim_4: autoDraw = False
16.3033 	EXP 	Tstim_5: autoDraw = False
16.3033 	EXP 	Tstim_6: autoDraw = False
16.3033 	EXP 	Tstim_7: autoDraw = False
16.3033 	EXP 	Tstim_8: autoDraw = False
16.3033 	EXP 	Tstim_9: autoDraw = False
16.3033 	EXP 	Tstim_10: autoDraw = False
16.3033 	EXP 	Tstim_11: autoDraw = False
16.3033 	EXP 	Tstim_12: autoDraw = False
16.3033 	EXP 	Tstim_13: autoDraw = False
16.3033 	EXP 	Tstim_14: autoDraw = False
16.3033 	EXP 	Tstim_15: autoDraw = False
16.3033 	EXP 	Tstim_16: autoDraw = False
16.3033 	EXP 	Tstim_17: autoDraw = False
16.3033 	EXP 	Tstim_18: autoDraw = False
16.3033 	EXP 	Tstim_19: autoDraw = False
16.3033 	EXP 	Tstim_20: autoDraw = False
16.3033 	EXP 	Lstim: autoDraw = False
16.3033 	EXP 	text: text = 'Correct!'
16.3033 	EXP 	text: autoDraw = True
16.3299 	DATA 	Mouse:  Left button up, pos=(658,757)
17.2954 	EXP 	New trial (rep=1, index=0): None
17.4268 	EXP 	text: autoDraw = False
17.4268 	EXP 	Lstim: ori = 115.0
17.4268 	EXP 	Tstim: ori = 190.0
17.4268 	EXP 	Tstim_2: ori = 145.0
17.4268 	EXP 	Tstim_3: ori = 219.0
17.4268 	EXP 	Tstim_4: ori = 213.0
17.4268 	EXP 	Tstim_5: ori = 183.0
17.4268 	EXP 	Tstim_6: ori = 89.0
17.4268 	EXP 	Tstim_7: ori = 156.0
17.4268 	EXP 	Tstim_8: ori = 214.0
17.4268 	EXP 	Tstim_9: ori = 213.0
17.4268 	EXP 	Tstim_10: ori = 238.0
17.4268 	EXP 	Tstim_11: ori = 47.0
17.4268 	EXP 	Tstim_12: ori = 84.0
17.4268 	EXP 	Tstim_13: ori = 266.0
17.4268 	EXP 	Tstim_14: ori = 246.0
17.4268 	EXP 	Tstim_15: ori = 187.0
17.4268 	EXP 	Tstim_16: ori = 4.0
17.4268 	EXP 	Tstim_17: ori = 283.0
17.4268 	EXP 	Tstim_18: ori = 16.0
17.4268 	EXP 	Tstim_19: ori = 72.0
17.4268 	EXP 	Tstim_20: ori = 356.0
17.4268 	EXP 	Tstim: opacity = 0.5
17.4268 	EXP 	Tstim: pos = array([-0.27,  0.12])
17.4268 	EXP 	Tstim: height = 0.1
17.4268 	EXP 	Tstim_2: opacity = 0.5
17.4268 	EXP 	Tstim_2: height = 0.1
17.4268 	EXP 	Tstim_3: opacity = 0.5
17.4268 	EXP 	Tstim_3: pos = array([0.18, 0.  ])
17.4268 	EXP 	Tstim_3: height = 0.1
17.4268 	EXP 	Tstim_4: opacity = 0.5
17.4268 	EXP 	Tstim_4: pos = array([0.21, 0.03])
17.4268 	EXP 	Tstim_4: height = 0.1
17.4268 	EXP 	Tstim_5: opacity = 0.5
17.4268 	EXP 	Tstim_5: pos = array([-0.12,  0.24])
17.4268 	EXP 	Tstim_5: height = 0.1
17.4268 	EXP 	Tstim_6: opacity = 0.5
17.4268 	EXP 	Tstim_6: pos = array([-0.21,  0.3 ])
17.4268 	EXP 	Tstim_6: height = 0.1
17.4268 	EXP 	Tstim_7: opacity = 0.5
17.4268 	EXP 	Tstim_7: pos = array([ 0.12, -0.06])
17.4268 	EXP 	Tstim_7: height = 0.1
17.4268 	EXP 	Tstim_8: opacity = 0.5
17.4268 	EXP 	Tstim_8: pos = array([0.03, 0.21])
17.4268 	EXP 	Tstim_8: height = 0.1
17.4268 	EXP 	Tstim_9: opacity = 0.5
17.4268 	EXP 	Tstim_9: pos = array([-0.24, -0.18])
17.4268 	EXP 	Tstim_9: height = 0.1
17.4268 	EXP 	Tstim_10: opacity = 0.5
17.4268 	EXP 	Tstim_10: pos = array([-0.03, -0.24])
17.4268 	EXP 	Tstim_10: height = 0.1
17.4268 	EXP 	Tstim_11: opacity = 0.5
17.4268 	EXP 	Tstim_11: pos = array([0.  , 0.27])
17.4268 	EXP 	Tstim_11: height = 0.1
17.4268 	EXP 	Tstim_12: opacity = 0.5
17.4268 	EXP 	Tstim_12: pos = array([ 0.24, -0.21])
17.4268 	EXP 	Tstim_12: height = 0.1
17.4268 	EXP 	Tstim_13: opacity = 0.5
17.4268 	EXP 	Tstim_13: pos = array([-0.3 ,  0.15])
17.4268 	EXP 	Tstim_13: height = 0.1
17.4268 	EXP 	Tstim_14: opacity = 0.5
17.4268 	EXP 	Tstim_14: pos = array([0.3 , 0.09])
17.4268 	EXP 	Tstim_14: height = 0.1
17.4268 	EXP 	Tstim_15: opacity = 0.5
17.4268 	EXP 	Tstim_15: pos = array([-0.06, -0.12])
17.4268 	EXP 	Tstim_15: height = 0.1
17.4268 	EXP 	Tstim_16: opacity = 0.5
17.4268 	EXP 	Tstim_16: pos = array([-0.18,  0.18])
17.4268 	EXP 	Tstim_16: height = 0.1
17.4268 	EXP 	Tstim_17: opacity = 0.5
17.4268 	EXP 	Tstim_17: pos = array([ 0.15, -0.15])
17.4268 	EXP 	Tstim_17: height = 0.1
17.4268 	EXP 	Tstim_18: opacity = 0.5
17.4268 	EXP 	Tstim_18: pos = array([ 0.06, -0.03])
17.4268 	EXP 	Tstim_18: height = 0.1
17.4268 	EXP 	Tstim_19: opacity = 0.5
17.4268 	EXP 	Tstim_19: pos = array([ 0.27, -0.3 ])
17.4268 	EXP 	Tstim_19: height = 0.1
17.4268 	EXP 	Tstim_20: opacity = 0.5
17.4268 	EXP 	Tstim_20: pos = array([0.09, 0.06])
17.4268 	EXP 	Tstim_20: height = 0.1
17.4268 	EXP 	Lstim: opacity = 0.5
17.4268 	EXP 	Lstim: pos = array([-0.09, -0.09])
17.4268 	EXP 	Lstim: height = 0.1
17.4268 	EXP 	Tstim: autoDraw = True
17.4268 	EXP 	Tstim_2: autoDraw = True
17.4268 	EXP 	Tstim_3: autoDraw = True
17.4268 	EXP 	Tstim_4: autoDraw = True
17.4268 	EXP 	Tstim_5: autoDraw = True
17.4268 	EXP 	Tstim_6: autoDraw = True
17.4268 	EXP 	Tstim_7: autoDraw = True
17.4268 	EXP 	Tstim_8: autoDraw = True
17.4268 	EXP 	Tstim_9: autoDraw = True
17.4268 	EXP 	Tstim_10: autoDraw = True
17.4268 	EXP 	Tstim_11: autoDraw = True
17.4268 	EXP 	Tstim_12: autoDraw = True
17.4268 	EXP 	Tstim_13: autoDraw = True
17.4268 	EXP 	Tstim_14: autoDraw = True
17.4268 	EXP 	Tstim_15: autoDraw = True
17.4268 	EXP 	Tstim_16: autoDraw = True
17.4268 	EXP 	Tstim_17: autoDraw = True
17.4268 	EXP 	Tstim_18: autoDraw = True
17.4268 	EXP 	Tstim_19: autoDraw = True
17.4268 	EXP 	Tstim_20: autoDraw = True
17.4268 	EXP 	Lstim: autoDraw = True
17.4268 	EXP 	Tstim: text = 'T'
17.4268 	EXP 	Tstim_2: text = 'T'
17.4268 	EXP 	Tstim_3: text = 'T'
17.4268 	EXP 	Tstim_4: text = 'T'
17.4268 	EXP 	Tstim_5: text = 'T'
17.4268 	EXP 	Tstim_6: text = 'T'
17.4268 	EXP 	Tstim_7: text = 'T'
17.4268 	EXP 	Tstim_8: text = 'T'
17.4268 	EXP 	Tstim_9: text = 'T'
17.4268 	EXP 	Tstim_10: text = 'T'
17.4268 	EXP 	Tstim_11: text = 'T'
17.4268 	EXP 	Tstim_12: text = 'T'
17.4268 	EXP 	Tstim_13: text = 'T'
17.4268 	EXP 	Tstim_14: text = 'T'
17.4268 	EXP 	Tstim_15: text = 'T'
17.4268 	EXP 	Tstim_16: text = 'T'
17.4268 	EXP 	Tstim_17: text = 'T'
17.4268 	EXP 	Tstim_18: text = 'T'
17.4268 	EXP 	Tstim_19: text = 'T'
17.4268 	EXP 	Tstim_20: text = 'T'
17.4268 	EXP 	Lstim: text = 'L'
19.2649 	DATA 	Mouse: Left button down, pos=(823,528)
19.2790 	EXP 	Tstim: autoDraw = False
19.2790 	EXP 	Tstim_2: autoDraw = False
19.2790 	EXP 	Tstim_3: autoDraw = False
19.2790 	EXP 	Tstim_4: autoDraw = False
19.2790 	EXP 	Tstim_5: autoDraw = False
19.2790 	EXP 	Tstim_6: autoDraw = False
19.2790 	EXP 	Tstim_7: autoDraw = False
19.2790 	EXP 	Tstim_8: autoDraw = False
19.2790 	EXP 	Tstim_9: autoDraw = False
19.2790 	EXP 	Tstim_10: autoDraw = False
19.2790 	EXP 	Tstim_11: autoDraw = False
19.2790 	EXP 	Tstim_12: autoDraw = False
19.2790 	EXP 	Tstim_13: autoDraw = False
19.2790 	EXP 	Tstim_14: autoDraw = False
19.2790 	EXP 	Tstim_15: autoDraw = False
19.2790 	EXP 	Tstim_16: autoDraw = False
19.2790 	EXP 	Tstim_17: autoDraw = False
19.2790 	EXP 	Tstim_18: autoDraw = False
19.2790 	EXP 	Tstim_19: autoDraw = False
19.2790 	EXP 	Tstim_20: autoDraw = False
19.2790 	EXP 	Lstim: autoDraw = False
19.2790 	EXP 	text: text = 'Correct!'
19.2790 	EXP 	text: autoDraw = True
19.3168 	DATA 	Mouse:  Left button up, pos=(823,528)
20.2657 	EXP 	New trial (rep=2, index=0): None
20.4063 	EXP 	text: autoDraw = False
20.4063 	EXP 	text: autoDraw = False
20.4063 	EXP 	Lstim: ori = 93.0
20.4063 	EXP 	Tstim: ori = 256.0
20.4063 	EXP 	Tstim_2: ori = 233.0
20.4063 	EXP 	Tstim_3: ori = 233.0
20.4063 	EXP 	Tstim_4: ori = 321.0
20.4063 	EXP 	Tstim_5: ori = 292.0
20.4063 	EXP 	Tstim_6: ori = 234.0
20.4063 	EXP 	Tstim_7: ori = 226.0
20.4063 	EXP 	Tstim_8: ori = 28.0
20.4063 	EXP 	Tstim_9: ori = 136.0
20.4063 	EXP 	Tstim_10: ori = 141.0
20.4063 	EXP 	Tstim_11: ori = 135.0
20.4063 	EXP 	Tstim_12: ori = 263.0
20.4063 	EXP 	Tstim_13: ori = 204.0
20.4063 	EXP 	Tstim_14: ori = 287.0
20.4063 	EXP 	Tstim_15: ori = 190.0
20.4063 	EXP 	Tstim_16: ori = 300.0
20.4063 	EXP 	Tstim_17: ori = 243.0
20.4063 	EXP 	Tstim_18: ori = 135.0
20.4063 	EXP 	Tstim_19: ori = 288.0
20.4063 	EXP 	Tstim_20: ori = 245.0
20.4063 	EXP 	Tstim: opacity = 0.5
20.4063 	EXP 	Tstim: pos = array([-0.15,  0.15])
20.4063 	EXP 	Tstim: height = 0.1
20.4063 	EXP 	Tstim_2: opacity = 0.5
20.4063 	EXP 	Tstim_2: height = 0.1
20.4063 	EXP 	Tstim_3: opacity = 0.5
20.4063 	EXP 	Tstim_3: pos = array([-0.03,  0.  ])
20.4063 	EXP 	Tstim_3: height = 0.1
20.4063 	EXP 	Tstim_4: opacity = 0.5
20.4063 	EXP 	Tstim_4: pos = array([-0.09, -0.18])
20.4063 	EXP 	Tstim_4: height = 0.1
20.4063 	EXP 	Tstim_5: opacity = 0.5
20.4063 	EXP 	Tstim_5: pos = array([ 0.15, -0.15])
20.4063 	EXP 	Tstim_5: height = 0.1
20.4063 	EXP 	Tstim_6: opacity = 0.5
20.4063 	EXP 	Tstim_6: pos = array([0.3 , 0.18])
20.4063 	EXP 	Tstim_6: height = 0.1
20.4063 	EXP 	Tstim_7: opacity = 0.5
20.4063 	EXP 	Tstim_7: pos = array([-0.06,  0.09])
20.4063 	EXP 	Tstim_7: height = 0.1
20.4063 	EXP 	Tstim_8: opacity = 0.5
20.4063 	EXP 	Tstim_8: pos = array([ 0.12, -0.03])
20.4063 	EXP 	Tstim_8: height = 0.1
20.4063 	EXP 	Tstim_9: opacity = 0.5
20.4063 	EXP 	Tstim_9: pos = array([0.06, 0.27])
20.4063 	EXP 	Tstim_9: height = 0.1
20.4063 	EXP 	Tstim_10: opacity = 0.5
20.4063 	EXP 	Tstim_10: pos = array([-0.18, -0.21])
20.4063 	EXP 	Tstim_10: height = 0.1
20.4063 	EXP 	Tstim_11: opacity = 0.5
20.4063 	EXP 	Tstim_11: pos = array([-0.3 , -0.09])
20.4063 	EXP 	Tstim_11: height = 0.1
20.4063 	EXP 	Tstim_12: opacity = 0.5
20.4063 	EXP 	Tstim_12: pos = array([-0.24, -0.24])
20.4063 	EXP 	Tstim_12: height = 0.1
20.4063 	EXP 	Tstim_13: opacity = 0.5
20.4063 	EXP 	Tstim_13: pos = array([ 0.27, -0.12])
20.4063 	EXP 	Tstim_13: height = 0.1
20.4063 	EXP 	Tstim_14: opacity = 0.5
20.4063 	EXP 	Tstim_14: pos = array([0.03, 0.24])
20.4063 	EXP 	Tstim_14: height = 0.1
20.4063 	EXP 	Tstim_15: opacity = 0.5
20.4063 	EXP 	Tstim_15: pos = array([0.21, 0.06])
20.4063 	EXP 	Tstim_15: height = 0.1
20.4063 	EXP 	Tstim_16: opacity = 0.5
20.4063 	EXP 	Tstim_16: pos = array([0.18, 0.3 ])
20.4063 	EXP 	Tstim_16: height = 0.1
20.4063 	EXP 	Tstim_17: opacity = 0.5
20.4063 	EXP 	Tstim_17: pos = array([-0.27,  0.21])
20.4063 	EXP 	Tstim_17: height = 0.1
20.4063 	EXP 	Tstim_18: opacity = 0.5
20.4063 	EXP 	Tstim_18: pos = array([0.09, 0.12])
20.4063 	EXP 	Tstim_18: height = 0.1
20.4063 	EXP 	Tstim_19: opacity = 0.5
20.4063 	EXP 	Tstim_19: pos = array([-0.12,  0.03])
20.4063 	EXP 	Tstim_19: height = 0.1
20.4063 	EXP 	Tstim_20: opacity = 0.5
20.4063 	EXP 	Tstim_20: pos = array([ 0.  , -0.06])
20.4063 	EXP 	Tstim_20: height = 0.1
20.4063 	EXP 	Lstim: opacity = 0.5
20.4063 	EXP 	Lstim: pos = array([-0.21, -0.27])
20.4063 	EXP 	Lstim: height = 0.1
20.4063 	EXP 	Tstim: autoDraw = True
20.4063 	EXP 	Tstim_2: autoDraw = True
20.4063 	EXP 	Tstim_3: autoDraw = True
20.4063 	EXP 	Tstim_4: autoDraw = True
20.4063 	EXP 	Tstim_5: autoDraw = True
20.4063 	EXP 	Tstim_6: autoDraw = True
20.4063 	EXP 	Tstim_7: autoDraw = True
20.4063 	EXP 	Tstim_8: autoDraw = True
20.4063 	EXP 	Tstim_9: autoDraw = True
20.4063 	EXP 	Tstim_10: autoDraw = True
20.4063 	EXP 	Tstim_11: autoDraw = True
20.4063 	EXP 	Tstim_12: autoDraw = True
20.4063 	EXP 	Tstim_13: autoDraw = True
20.4063 	EXP 	Tstim_14: autoDraw = True
20.4063 	EXP 	Tstim_15: autoDraw = True
20.4063 	EXP 	Tstim_16: autoDraw = True
20.4063 	EXP 	Tstim_17: autoDraw = True
20.4063 	EXP 	Tstim_18: autoDraw = True
20.4063 	EXP 	Tstim_19: autoDraw = True
20.4063 	EXP 	Tstim_20: autoDraw = True
20.4063 	EXP 	Lstim: autoDraw = True
20.4063 	EXP 	Tstim: text = 'T'
20.4063 	EXP 	Tstim_2: text = 'T'
20.4063 	EXP 	Tstim_3: text = 'T'
20.4063 	EXP 	Tstim_4: text = 'T'
20.4063 	EXP 	Tstim_5: text = 'T'
20.4063 	EXP 	Tstim_6: text = 'T'
20.4063 	EXP 	Tstim_7: text = 'T'
20.4063 	EXP 	Tstim_8: text = 'T'
20.4063 	EXP 	Tstim_9: text = 'T'
20.4063 	EXP 	Tstim_10: text = 'T'
20.4063 	EXP 	Tstim_11: text = 'T'
20.4063 	EXP 	Tstim_12: text = 'T'
20.4063 	EXP 	Tstim_13: text = 'T'
20.4063 	EXP 	Tstim_14: text = 'T'
20.4063 	EXP 	Tstim_15: text = 'T'
20.4063 	EXP 	Tstim_16: text = 'T'
20.4063 	EXP 	Tstim_17: text = 'T'
20.4063 	EXP 	Tstim_18: text = 'T'
20.4063 	EXP 	Tstim_19: text = 'T'
20.4063 	EXP 	Tstim_20: text = 'T'
20.4063 	EXP 	Lstim: text = 'L'
20.7245 	DATA 	Keypress: escape
21.0331 	EXP 	window1: mouseVisible = True
