5.1643 	WARNING 	We strongly recommend you activate the PTB sound engine in PsychoPy prefs as the preferred audio engine. Its timing is vastly superior. Your prefs are currently set to use ['sounddevice', 'PTB', 'pyo', 'pygame'] (in that order).
7.8214 	WARNING 	User requested fullscreen with size [1024  768], but screen is actually [1920, 1200]. Using actual size
9.5135 	EXP 	Created window1 = Window(allowGUI=False, allowStencil=False, args=UNKNOWN, autoLog=True, bitsMode=UNKNOWN, blendMode='avg', bpc=(8, 8, 8), color=array([0., 0., 0.]), colorSpace='rgb', depthBits=8, fullscr=<method-wrapper '__getattribute__' of attributeSetter object at 0x000001687F7325C0>, gamma=None, gammaErrorPolicy='raise', kwargs=UNKNOWN, lms=UNKNOWN, monitor=<psychopy.monitors.calibTools.Monitor object at 0x000001687F5057F0>, multiSample=False, name='window1', numSamples=2, pos=[0.0, 0.0], screen=0, size=array([1920, 1200]), stencilBits=0, stereo=False, units='height', useFBO=True, useRetina=False, viewOri=0.0, viewPos=None, viewScale=None, waitBlanking=True, winType='pyglet')
9.5138 	EXP 	window1: mouseVisible = True
9.5138 	EXP 	window1: recordFrameIntervals = False
9.6798 	EXP 	window1: recordFrameIntervals = True
9.8640 	EXP 	window1: recordFrameIntervals = False
10.0135 	EXP 	Created Lstim = TextStim(__class__=<class 'psychopy.visual.text.TextStim'>, alignHoriz=method-wrapper(...), alignText='center', alignVert=method-wrapper(...), anchorHoriz='center', anchorVert='center', antialias=True, autoLog=True, bold=False, color='black', colorSpace='named', contrast=1.0, depth=-1.0, flipHoriz=False, flipVert=False, font='Arial', fontFiles=[], height=0.02, italic=False, languageStyle='LTR', name='Lstim', opacity=1.0, ori=0, pos=array([0., 0.]), rgb=array([0., 0., 0.]), text='L', units='height', win=Window(...), wrapWidth=1)
10.0165 	EXP 	Created Tstim = TextStim(__class__=<class 'psychopy.visual.text.TextStim'>, alignHoriz=method-wrapper(...), alignText='center', alignVert=method-wrapper(...), anchorHoriz='center', anchorVert='center', antialias=True, autoLog=True, bold=False, color='black', colorSpace='named', contrast=1.0, depth=-2.0, flipHoriz=False, flipVert=False, font='Arial', fontFiles=[], height=0.02, italic=False, languageStyle='LTR', name='Tstim', opacity=1.0, ori=0, pos=array([0., 0.]), rgb=array([0., 0., 0.]), text='T', units='height', win=Window(...), wrapWidth=1)
10.0177 	EXP 	Created Tstim_2 = TextStim(__class__=<class 'psychopy.visual.text.TextStim'>, alignHoriz=method-wrapper(...), alignText='center', alignVert=method-wrapper(...), anchorHoriz='center', anchorVert='center', antialias=True, autoLog=True, bold=False, color='black', colorSpace='named', contrast=1.0, depth=-3.0, flipHoriz=False, flipVert=False, font='Arial', fontFiles=[], height=0.02, italic=False, languageStyle='LTR', name='Tstim_2', opacity=1.0, ori=0, pos=array([0., 0.]), rgb=array([0., 0., 0.]), text='T', units='height', win=Window(...), wrapWidth=1)
10.0190 	EXP 	Created Tstim_3 = TextStim(__class__=<class 'psychopy.visual.text.TextStim'>, alignHoriz=method-wrapper(...), alignText='center', alignVert=method-wrapper(...), anchorHoriz='center', anchorVert='center', antialias=True, autoLog=True, bold=False, color='black', colorSpace='named', contrast=1.0, depth=-4.0, flipHoriz=False, flipVert=False, font='Arial', fontFiles=[], height=0.02, italic=False, languageStyle='LTR', name='Tstim_3', opacity=1.0, ori=0, pos=array([0., 0.]), rgb=array([0., 0., 0.]), text='T', units='height', win=Window(...), wrapWidth=1)
10.0200 	EXP 	Created Tstim_4 = TextStim(__class__=<class 'psychopy.visual.text.TextStim'>, alignHoriz=method-wrapper(...), alignText='center', alignVert=method-wrapper(...), anchorHoriz='center', anchorVert='center', antialias=True, autoLog=True, bold=False, color='black', colorSpace='named', contrast=1.0, depth=-5.0, flipHoriz=False, flipVert=False, font='Arial', fontFiles=[], height=0.02, italic=False, languageStyle='LTR', name='Tstim_4', opacity=1.0, ori=0, pos=array([0., 0.]), rgb=array([0., 0., 0.]), text='T', units='height', win=Window(...), wrapWidth=1)
10.0210 	EXP 	Created Tstim_5 = TextStim(__class__=<class 'psychopy.visual.text.TextStim'>, alignHoriz=method-wrapper(...), alignText='center', alignVert=method-wrapper(...), anchorHoriz='center', anchorVert='center', antialias=True, autoLog=True, bold=False, color='black', colorSpace='named', contrast=1.0, depth=-6.0, flipHoriz=False, flipVert=False, font='Arial', fontFiles=[], height=0.02, italic=False, languageStyle='LTR', name='Tstim_5', opacity=1.0, ori=0, pos=array([0., 0.]), rgb=array([0., 0., 0.]), text='T', units='height', win=Window(...), wrapWidth=1)
10.0222 	EXP 	Created Tstim_6 = TextStim(__class__=<class 'psychopy.visual.text.TextStim'>, alignHoriz=method-wrapper(...), alignText='center', alignVert=method-wrapper(...), anchorHoriz='center', anchorVert='center', antialias=True, autoLog=True, bold=False, color='black', colorSpace='named', contrast=1.0, depth=-7.0, flipHoriz=False, flipVert=False, font='Arial', fontFiles=[], height=0.02, italic=False, languageStyle='LTR', name='Tstim_6', opacity=1.0, ori=0, pos=array([0., 0.]), rgb=array([0., 0., 0.]), text='T', units='height', win=Window(...), wrapWidth=1)
10.0234 	EXP 	Created Tstim_7 = TextStim(__class__=<class 'psychopy.visual.text.TextStim'>, alignHoriz=method-wrapper(...), alignText='center', alignVert=method-wrapper(...), anchorHoriz='center', anchorVert='center', antialias=True, autoLog=True, bold=False, color='black', colorSpace='named', contrast=1.0, depth=-8.0, flipHoriz=False, flipVert=False, font='Arial', fontFiles=[], height=0.02, italic=False, languageStyle='LTR', name='Tstim_7', opacity=1.0, ori=0, pos=array([0., 0.]), rgb=array([0., 0., 0.]), text='T', units='height', win=Window(...), wrapWidth=1)
10.0244 	EXP 	Created Tstim_8 = TextStim(__class__=<class 'psychopy.visual.text.TextStim'>, alignHoriz=method-wrapper(...), alignText='center', alignVert=method-wrapper(...), anchorHoriz='center', anchorVert='center', antialias=True, autoLog=True, bold=False, color='black', colorSpace='named', contrast=1.0, depth=-9.0, flipHoriz=False, flipVert=False, font='Arial', fontFiles=[], height=0.02, italic=False, languageStyle='LTR', name='Tstim_8', opacity=1.0, ori=0, pos=array([0., 0.]), rgb=array([0., 0., 0.]), text='T', units='height', win=Window(...), wrapWidth=1)
10.0255 	EXP 	Created Tstim_9 = TextStim(__class__=<class 'psychopy.visual.text.TextStim'>, alignHoriz=method-wrapper(...), alignText='center', alignVert=method-wrapper(...), anchorHoriz='center', anchorVert='center', antialias=True, autoLog=True, bold=False, color='black', colorSpace='named', contrast=1.0, depth=-10.0, flipHoriz=False, flipVert=False, font='Arial', fontFiles=[], height=0.02, italic=False, languageStyle='LTR', name='Tstim_9', opacity=1.0, ori=0, pos=array([0., 0.]), rgb=array([0., 0., 0.]), text='T', units='height', win=Window(...), wrapWidth=1)
10.0265 	EXP 	Created Tstim_10 = TextStim(__class__=<class 'psychopy.visual.text.TextStim'>, alignHoriz=method-wrapper(...), alignText='center', alignVert=method-wrapper(...), anchorHoriz='center', anchorVert='center', antialias=True, autoLog=True, bold=False, color='black', colorSpace='named', contrast=1.0, depth=-11.0, flipHoriz=False, flipVert=False, font='Arial', fontFiles=[], height=0.02, italic=False, languageStyle='LTR', name='Tstim_10', opacity=1.0, ori=0, pos=array([0., 0.]), rgb=array([0., 0., 0.]), text='T', units='height', win=Window(...), wrapWidth=1)
10.0279 	EXP 	Created Tstim_11 = TextStim(__class__=<class 'psychopy.visual.text.TextStim'>, alignHoriz=method-wrapper(...), alignText='center', alignVert=method-wrapper(...), anchorHoriz='center', anchorVert='center', antialias=True, autoLog=True, bold=False, color='black', colorSpace='named', contrast=1.0, depth=-12.0, flipHoriz=False, flipVert=False, font='Arial', fontFiles=[], height=0.02, italic=False, languageStyle='LTR', name='Tstim_11', opacity=1.0, ori=0, pos=array([0., 0.]), rgb=array([0., 0., 0.]), text='T', units='height', win=Window(...), wrapWidth=1)
10.0292 	EXP 	Created Tstim_12 = TextStim(__class__=<class 'psychopy.visual.text.TextStim'>, alignHoriz=method-wrapper(...), alignText='center', alignVert=method-wrapper(...), anchorHoriz='center', anchorVert='center', antialias=True, autoLog=True, bold=False, color='black', colorSpace='named', contrast=1.0, depth=-13.0, flipHoriz=False, flipVert=False, font='Arial', fontFiles=[], height=0.02, italic=False, languageStyle='LTR', name='Tstim_12', opacity=1.0, ori=0, pos=array([0., 0.]), rgb=array([0., 0., 0.]), text='T', units='height', win=Window(...), wrapWidth=1)
10.0303 	EXP 	Created Tstim_13 = TextStim(__class__=<class 'psychopy.visual.text.TextStim'>, alignHoriz=method-wrapper(...), alignText='center', alignVert=method-wrapper(...), anchorHoriz='center', anchorVert='center', antialias=True, autoLog=True, bold=False, color='black', colorSpace='named', contrast=1.0, depth=-14.0, flipHoriz=False, flipVert=False, font='Arial', fontFiles=[], height=0.02, italic=False, languageStyle='LTR', name='Tstim_13', opacity=1.0, ori=0, pos=array([0., 0.]), rgb=array([0., 0., 0.]), text='T', units='height', win=Window(...), wrapWidth=1)
10.0313 	EXP 	Created Tstim_14 = TextStim(__class__=<class 'psychopy.visual.text.TextStim'>, alignHoriz=method-wrapper(...), alignText='center', alignVert=method-wrapper(...), anchorHoriz='center', anchorVert='center', antialias=True, autoLog=True, bold=False, color='black', colorSpace='named', contrast=1.0, depth=-15.0, flipHoriz=False, flipVert=False, font='Arial', fontFiles=[], height=0.02, italic=False, languageStyle='LTR', name='Tstim_14', opacity=1.0, ori=0, pos=array([0., 0.]), rgb=array([0., 0., 0.]), text='T', units='height', win=Window(...), wrapWidth=1)
10.0322 	EXP 	Created Tstim_15 = TextStim(__class__=<class 'psychopy.visual.text.TextStim'>, alignHoriz=method-wrapper(...), alignText='center', alignVert=method-wrapper(...), anchorHoriz='center', anchorVert='center', antialias=True, autoLog=True, bold=False, color='black', colorSpace='named', contrast=1.0, depth=-16.0, flipHoriz=False, flipVert=False, font='Arial', fontFiles=[], height=0.02, italic=False, languageStyle='LTR', name='Tstim_15', opacity=1.0, ori=0, pos=array([0., 0.]), rgb=array([0., 0., 0.]), text='T', units='height', win=Window(...), wrapWidth=1)
10.0333 	EXP 	Created Tstim_16 = TextStim(__class__=<class 'psychopy.visual.text.TextStim'>, alignHoriz=method-wrapper(...), alignText='center', alignVert=method-wrapper(...), anchorHoriz='center', anchorVert='center', antialias=True, autoLog=True, bold=False, color='black', colorSpace='named', contrast=1.0, depth=-17.0, flipHoriz=False, flipVert=False, font='Arial', fontFiles=[], height=0.02, italic=False, languageStyle='LTR', name='Tstim_16', opacity=1.0, ori=0, pos=array([0., 0.]), rgb=array([0., 0., 0.]), text='T', units='height', win=Window(...), wrapWidth=1)
10.0343 	EXP 	Created Tstim_17 = TextStim(__class__=<class 'psychopy.visual.text.TextStim'>, alignHoriz=method-wrapper(...), alignText='center', alignVert=method-wrapper(...), anchorHoriz='center', anchorVert='center', antialias=True, autoLog=True, bold=False, color='black', colorSpace='named', contrast=1.0, depth=-18.0, flipHoriz=False, flipVert=False, font='Arial', fontFiles=[], height=0.02, italic=False, languageStyle='LTR', name='Tstim_17', opacity=1.0, ori=0, pos=array([0., 0.]), rgb=array([0., 0., 0.]), text='T', units='height', win=Window(...), wrapWidth=1)
10.0352 	EXP 	Created Tstim_18 = TextStim(__class__=<class 'psychopy.visual.text.TextStim'>, alignHoriz=method-wrapper(...), alignText='center', alignVert=method-wrapper(...), anchorHoriz='center', anchorVert='center', antialias=True, autoLog=True, bold=False, color='black', colorSpace='named', contrast=1.0, depth=-19.0, flipHoriz=False, flipVert=False, font='Arial', fontFiles=[], height=0.02, italic=False, languageStyle='LTR', name='Tstim_18', opacity=1.0, ori=0, pos=array([0., 0.]), rgb=array([0., 0., 0.]), text='T', units='height', win=Window(...), wrapWidth=1)
10.0362 	EXP 	Created Tstim_19 = TextStim(__class__=<class 'psychopy.visual.text.TextStim'>, alignHoriz=method-wrapper(...), alignText='center', alignVert=method-wrapper(...), anchorHoriz='center', anchorVert='center', antialias=True, autoLog=True, bold=False, color='black', colorSpace='named', contrast=1.0, depth=-20.0, flipHoriz=False, flipVert=False, font='Arial', fontFiles=[], height=0.02, italic=False, languageStyle='LTR', name='Tstim_19', opacity=1.0, ori=0, pos=array([0., 0.]), rgb=array([0., 0., 0.]), text='T', units='height', win=Window(...), wrapWidth=1)
10.0372 	EXP 	Created Tstim_20 = TextStim(__class__=<class 'psychopy.visual.text.TextStim'>, alignHoriz=method-wrapper(...), alignText='center', alignVert=method-wrapper(...), anchorHoriz='center', anchorVert='center', antialias=True, autoLog=True, bold=False, color='black', colorSpace='named', contrast=1.0, depth=-21.0, flipHoriz=False, flipVert=False, font='Arial', fontFiles=[], height=0.02, italic=False, languageStyle='LTR', name='Tstim_20', opacity=1.0, ori=0, pos=array([0., 0.]), rgb=array([0., 0., 0.]), text='T', units='height', win=Window(...), wrapWidth=1)
10.0373 	EXP 	window1: mouseVisible = True
10.0820 	EXP 	Lstim: pos = array([ 0.4, -0.5])
10.0820 	EXP 	Tstim: pos = array([ 0.4, -0.5])
10.0820 	EXP 	Tstim_2: pos = array([ 0.4, -0.5])
10.0820 	EXP 	Tstim_3: pos = array([ 0.4, -0.5])
10.0820 	EXP 	Tstim_4: pos = array([ 0.4, -0.5])
10.0820 	EXP 	Tstim_5: pos = array([ 0.4, -0.5])
10.0820 	EXP 	Tstim_6: pos = array([ 0.4, -0.5])
10.0820 	EXP 	Tstim_7: pos = array([ 0.4, -0.5])
10.0820 	EXP 	Tstim_8: pos = array([ 0.4, -0.5])
10.0820 	EXP 	Tstim_9: pos = array([ 0.4, -0.5])
10.0820 	EXP 	Tstim_10: pos = array([ 0.4, -0.5])
10.0820 	EXP 	Tstim_11: pos = array([ 0.4, -0.5])
10.0820 	EXP 	Tstim_12: pos = array([ 0.4, -0.5])
10.0820 	EXP 	Tstim_13: pos = array([ 0.4, -0.5])
10.0820 	EXP 	Tstim_14: pos = array([ 0.4, -0.5])
10.0820 	EXP 	Tstim_15: pos = array([ 0.4, -0.5])
10.0820 	EXP 	Tstim_16: pos = array([ 0.4, -0.5])
10.0820 	EXP 	Tstim_17: pos = array([ 0.4, -0.5])
10.0820 	EXP 	Tstim_18: pos = array([ 0.4, -0.5])
10.0820 	EXP 	Tstim_19: pos = array([ 0.4, -0.5])
10.0820 	EXP 	Tstim_20: pos = array([ 0.4, -0.5])
10.0820 	EXP 	Lstim: autoDraw = True
10.0820 	EXP 	Tstim: autoDraw = True
10.0820 	EXP 	Tstim_2: autoDraw = True
10.0820 	EXP 	Tstim_3: autoDraw = True
10.0820 	EXP 	Tstim_4: autoDraw = True
10.0820 	EXP 	Tstim_5: autoDraw = True
10.0820 	EXP 	Tstim_6: autoDraw = True
10.0820 	EXP 	Tstim_7: autoDraw = True
10.0820 	EXP 	Tstim_8: autoDraw = True
10.0820 	EXP 	Tstim_9: autoDraw = True
10.0820 	EXP 	Tstim_10: autoDraw = True
10.0820 	EXP 	Tstim_11: autoDraw = True
10.0820 	EXP 	Tstim_12: autoDraw = True
10.0820 	EXP 	Tstim_13: autoDraw = True
10.0820 	EXP 	Tstim_14: autoDraw = True
10.0820 	EXP 	Tstim_15: autoDraw = True
10.0820 	EXP 	Tstim_16: autoDraw = True
10.0820 	EXP 	Tstim_17: autoDraw = True
10.0820 	EXP 	Tstim_18: autoDraw = True
10.0820 	EXP 	Tstim_19: autoDraw = True
10.0820 	EXP 	Tstim_20: autoDraw = True
12.6028 	DATA 	Mouse: Left button down, pos=(1153,761)
12.6156 	EXP 	Lstim: autoDraw = False
12.6156 	EXP 	Tstim: autoDraw = False
12.6156 	EXP 	Tstim_2: autoDraw = False
12.6156 	EXP 	Tstim_3: autoDraw = False
12.6156 	EXP 	Tstim_4: autoDraw = False
12.6156 	EXP 	Tstim_5: autoDraw = False
12.6156 	EXP 	Tstim_6: autoDraw = False
12.6156 	EXP 	Tstim_7: autoDraw = False
12.6156 	EXP 	Tstim_8: autoDraw = False
12.6156 	EXP 	Tstim_9: autoDraw = False
12.6156 	EXP 	Tstim_10: autoDraw = False
12.6156 	EXP 	Tstim_11: autoDraw = False
12.6156 	EXP 	Tstim_12: autoDraw = False
12.6156 	EXP 	Tstim_13: autoDraw = False
12.6156 	EXP 	Tstim_14: autoDraw = False
12.6156 	EXP 	Tstim_15: autoDraw = False
12.6156 	EXP 	Tstim_16: autoDraw = False
12.6156 	EXP 	Tstim_17: autoDraw = False
12.6156 	EXP 	Tstim_18: autoDraw = False
12.6156 	EXP 	Tstim_19: autoDraw = False
12.6156 	EXP 	Tstim_20: autoDraw = False
12.7901 	EXP 	window1: mouseVisible = True
