5.5070 	WARNING 	We strongly recommend you activate the PTB sound engine in PsychoPy prefs as the preferred audio engine. Its timing is vastly superior. Your prefs are currently set to use ['sounddevice', 'PTB', 'pyo', 'pygame'] (in that order).
9.1774 	WARNING 	User requested fullscreen with size [1024  768], but screen is actually [1920, 1200]. Using actual size
11.0035 	EXP 	Created window1 = Window(allowGUI=False, allowStencil=False, args=UNKNOWN, autoLog=True, bitsMode=UNKNOWN, blendMode='avg', bpc=(8, 8, 8), color=array([0., 0., 0.]), colorSpace='rgb', depthBits=8, fullscr=<method-wrapper '__getattribute__' of attributeSetter object at 0x00000286ED8B25C0>, gamma=None, gammaErrorPolicy='raise', kwargs=UNKNOWN, lms=UNKNOWN, monitor=<psychopy.monitors.calibTools.Monitor object at 0x00000286ED6857F0>, multiSample=False, name='window1', numSamples=2, pos=[0.0, 0.0], screen=0, size=array([1920, 1200]), stencilBits=0, stereo=False, units='height', useFBO=True, useRetina=False, viewOri=0.0, viewPos=None, viewScale=None, waitBlanking=True, winType='pyglet')
11.0039 	EXP 	window1: mouseVisible = True
11.0039 	EXP 	window1: recordFrameIntervals = False
11.1695 	EXP 	window1: recordFrameIntervals = True
11.3534 	EXP 	window1: recordFrameIntervals = False
12.1390 	EXP 	Created Tstim = TextStim(__class__=<class 'psychopy.visual.text.TextStim'>, alignHoriz=method-wrapper(...), alignText='center', alignVert=method-wrapper(...), anchorHoriz='center', anchorVert='center', antialias=True, autoLog=True, bold=False, color='black', colorSpace='named', contrast=1.0, depth=-1.0, flipHoriz=False, flipVert=False, font='Arial', fontFiles=[], height=1.0, italic=False, languageStyle='LTR', name='Tstim', opacity=1.0, ori=0, pos=array([0., 0.]), rgb=array([0., 0., 0.]), text='T', units='height', win=Window(...), wrapWidth=1)
12.1406 	EXP 	Created Tstim_2 = TextStim(__class__=<class 'psychopy.visual.text.TextStim'>, alignHoriz=method-wrapper(...), alignText='center', alignVert=method-wrapper(...), anchorHoriz='center', anchorVert='center', antialias=True, autoLog=True, bold=False, color='black', colorSpace='named', contrast=1.0, depth=-2.0, flipHoriz=False, flipVert=False, font='Arial', fontFiles=[], height=1.0, italic=False, languageStyle='LTR', name='Tstim_2', opacity=1.0, ori=0, pos=array([0., 0.]), rgb=array([0., 0., 0.]), text='T', units='height', win=Window(...), wrapWidth=1)
12.1420 	EXP 	Created Tstim_3 = TextStim(__class__=<class 'psychopy.visual.text.TextStim'>, alignHoriz=method-wrapper(...), alignText='center', alignVert=method-wrapper(...), anchorHoriz='center', anchorVert='center', antialias=True, autoLog=True, bold=False, color='black', colorSpace='named', contrast=1.0, depth=-3.0, flipHoriz=False, flipVert=False, font='Arial', fontFiles=[], height=1.0, italic=False, languageStyle='LTR', name='Tstim_3', opacity=1.0, ori=0, pos=array([0., 0.]), rgb=array([0., 0., 0.]), text='T', units='height', win=Window(...), wrapWidth=1)
12.1436 	EXP 	Created Tstim_4 = TextStim(__class__=<class 'psychopy.visual.text.TextStim'>, alignHoriz=method-wrapper(...), alignText='center', alignVert=method-wrapper(...), anchorHoriz='center', anchorVert='center', antialias=True, autoLog=True, bold=False, color='black', colorSpace='named', contrast=1.0, depth=-4.0, flipHoriz=False, flipVert=False, font='Arial', fontFiles=[], height=1.0, italic=False, languageStyle='LTR', name='Tstim_4', opacity=1.0, ori=0, pos=array([0., 0.]), rgb=array([0., 0., 0.]), text='T', units='height', win=Window(...), wrapWidth=1)
12.1448 	EXP 	Created Tstim_5 = TextStim(__class__=<class 'psychopy.visual.text.TextStim'>, alignHoriz=method-wrapper(...), alignText='center', alignVert=method-wrapper(...), anchorHoriz='center', anchorVert='center', antialias=True, autoLog=True, bold=False, color='black', colorSpace='named', contrast=1.0, depth=-5.0, flipHoriz=False, flipVert=False, font='Arial', fontFiles=[], height=1.0, italic=False, languageStyle='LTR', name='Tstim_5', opacity=1.0, ori=0, pos=array([0., 0.]), rgb=array([0., 0., 0.]), text='T', units='height', win=Window(...), wrapWidth=1)
12.1460 	EXP 	Created Tstim_6 = TextStim(__class__=<class 'psychopy.visual.text.TextStim'>, alignHoriz=method-wrapper(...), alignText='center', alignVert=method-wrapper(...), anchorHoriz='center', anchorVert='center', antialias=True, autoLog=True, bold=False, color='black', colorSpace='named', contrast=1.0, depth=-6.0, flipHoriz=False, flipVert=False, font='Arial', fontFiles=[], height=1.0, italic=False, languageStyle='LTR', name='Tstim_6', opacity=1.0, ori=0, pos=array([0., 0.]), rgb=array([0., 0., 0.]), text='T', units='height', win=Window(...), wrapWidth=1)
12.1475 	EXP 	Created Tstim_7 = TextStim(__class__=<class 'psychopy.visual.text.TextStim'>, alignHoriz=method-wrapper(...), alignText='center', alignVert=method-wrapper(...), anchorHoriz='center', anchorVert='center', antialias=True, autoLog=True, bold=False, color='black', colorSpace='named', contrast=1.0, depth=-7.0, flipHoriz=False, flipVert=False, font='Arial', fontFiles=[], height=1.0, italic=False, languageStyle='LTR', name='Tstim_7', opacity=1.0, ori=0, pos=array([0., 0.]), rgb=array([0., 0., 0.]), text='T', units='height', win=Window(...), wrapWidth=1)
12.1491 	EXP 	Created Tstim_8 = TextStim(__class__=<class 'psychopy.visual.text.TextStim'>, alignHoriz=method-wrapper(...), alignText='center', alignVert=method-wrapper(...), anchorHoriz='center', anchorVert='center', antialias=True, autoLog=True, bold=False, color='black', colorSpace='named', contrast=1.0, depth=-8.0, flipHoriz=False, flipVert=False, font='Arial', fontFiles=[], height=1.0, italic=False, languageStyle='LTR', name='Tstim_8', opacity=1.0, ori=0, pos=array([0., 0.]), rgb=array([0., 0., 0.]), text='T', units='height', win=Window(...), wrapWidth=1)
12.1504 	EXP 	Created Tstim_9 = TextStim(__class__=<class 'psychopy.visual.text.TextStim'>, alignHoriz=method-wrapper(...), alignText='center', alignVert=method-wrapper(...), anchorHoriz='center', anchorVert='center', antialias=True, autoLog=True, bold=False, color='black', colorSpace='named', contrast=1.0, depth=-9.0, flipHoriz=False, flipVert=False, font='Arial', fontFiles=[], height=1.0, italic=False, languageStyle='LTR', name='Tstim_9', opacity=1.0, ori=0, pos=array([0., 0.]), rgb=array([0., 0., 0.]), text='T', units='height', win=Window(...), wrapWidth=1)
12.1517 	EXP 	Created Tstim_10 = TextStim(__class__=<class 'psychopy.visual.text.TextStim'>, alignHoriz=method-wrapper(...), alignText='center', alignVert=method-wrapper(...), anchorHoriz='center', anchorVert='center', antialias=True, autoLog=True, bold=False, color='black', colorSpace='named', contrast=1.0, depth=-10.0, flipHoriz=False, flipVert=False, font='Arial', fontFiles=[], height=1.0, italic=False, languageStyle='LTR', name='Tstim_10', opacity=1.0, ori=0, pos=array([0., 0.]), rgb=array([0., 0., 0.]), text='T', units='height', win=Window(...), wrapWidth=1)
12.1534 	EXP 	Created Tstim_11 = TextStim(__class__=<class 'psychopy.visual.text.TextStim'>, alignHoriz=method-wrapper(...), alignText='center', alignVert=method-wrapper(...), anchorHoriz='center', anchorVert='center', antialias=True, autoLog=True, bold=False, color='black', colorSpace='named', contrast=1.0, depth=-11.0, flipHoriz=False, flipVert=False, font='Arial', fontFiles=[], height=1.0, italic=False, languageStyle='LTR', name='Tstim_11', opacity=1.0, ori=0, pos=array([0., 0.]), rgb=array([0., 0., 0.]), text='T', units='height', win=Window(...), wrapWidth=1)
12.1548 	EXP 	Created Tstim_12 = TextStim(__class__=<class 'psychopy.visual.text.TextStim'>, alignHoriz=method-wrapper(...), alignText='center', alignVert=method-wrapper(...), anchorHoriz='center', anchorVert='center', antialias=True, autoLog=True, bold=False, color='black', colorSpace='named', contrast=1.0, depth=-12.0, flipHoriz=False, flipVert=False, font='Arial', fontFiles=[], height=1.0, italic=False, languageStyle='LTR', name='Tstim_12', opacity=1.0, ori=0, pos=array([0., 0.]), rgb=array([0., 0., 0.]), text='T', units='height', win=Window(...), wrapWidth=1)
12.1563 	EXP 	Created Tstim_13 = TextStim(__class__=<class 'psychopy.visual.text.TextStim'>, alignHoriz=method-wrapper(...), alignText='center', alignVert=method-wrapper(...), anchorHoriz='center', anchorVert='center', antialias=True, autoLog=True, bold=False, color='black', colorSpace='named', contrast=1.0, depth=-13.0, flipHoriz=False, flipVert=False, font='Arial', fontFiles=[], height=1.0, italic=False, languageStyle='LTR', name='Tstim_13', opacity=1.0, ori=0, pos=array([0., 0.]), rgb=array([0., 0., 0.]), text='T', units='height', win=Window(...), wrapWidth=1)
12.1577 	EXP 	Created Tstim_14 = TextStim(__class__=<class 'psychopy.visual.text.TextStim'>, alignHoriz=method-wrapper(...), alignText='center', alignVert=method-wrapper(...), anchorHoriz='center', anchorVert='center', antialias=True, autoLog=True, bold=False, color='black', colorSpace='named', contrast=1.0, depth=-14.0, flipHoriz=False, flipVert=False, font='Arial', fontFiles=[], height=1.0, italic=False, languageStyle='LTR', name='Tstim_14', opacity=1.0, ori=0, pos=array([0., 0.]), rgb=array([0., 0., 0.]), text='T', units='height', win=Window(...), wrapWidth=1)
12.1589 	EXP 	Created Tstim_15 = TextStim(__class__=<class 'psychopy.visual.text.TextStim'>, alignHoriz=method-wrapper(...), alignText='center', alignVert=method-wrapper(...), anchorHoriz='center', anchorVert='center', antialias=True, autoLog=True, bold=False, color='black', colorSpace='named', contrast=1.0, depth=-15.0, flipHoriz=False, flipVert=False, font='Arial', fontFiles=[], height=1.0, italic=False, languageStyle='LTR', name='Tstim_15', opacity=1.0, ori=0, pos=array([0., 0.]), rgb=array([0., 0., 0.]), text='T', units='height', win=Window(...), wrapWidth=1)
12.1601 	EXP 	Created Tstim_16 = TextStim(__class__=<class 'psychopy.visual.text.TextStim'>, alignHoriz=method-wrapper(...), alignText='center', alignVert=method-wrapper(...), anchorHoriz='center', anchorVert='center', antialias=True, autoLog=True, bold=False, color='black', colorSpace='named', contrast=1.0, depth=-16.0, flipHoriz=False, flipVert=False, font='Arial', fontFiles=[], height=1.0, italic=False, languageStyle='LTR', name='Tstim_16', opacity=1.0, ori=0, pos=array([0., 0.]), rgb=array([0., 0., 0.]), text='T', units='height', win=Window(...), wrapWidth=1)
12.1612 	EXP 	Created Tstim_17 = TextStim(__class__=<class 'psychopy.visual.text.TextStim'>, alignHoriz=method-wrapper(...), alignText='center', alignVert=method-wrapper(...), anchorHoriz='center', anchorVert='center', antialias=True, autoLog=True, bold=False, color='black', colorSpace='named', contrast=1.0, depth=-17.0, flipHoriz=False, flipVert=False, font='Arial', fontFiles=[], height=1.0, italic=False, languageStyle='LTR', name='Tstim_17', opacity=1.0, ori=0, pos=array([0., 0.]), rgb=array([0., 0., 0.]), text='T', units='height', win=Window(...), wrapWidth=1)
12.1623 	EXP 	Created Tstim_18 = TextStim(__class__=<class 'psychopy.visual.text.TextStim'>, alignHoriz=method-wrapper(...), alignText='center', alignVert=method-wrapper(...), anchorHoriz='center', anchorVert='center', antialias=True, autoLog=True, bold=False, color='black', colorSpace='named', contrast=1.0, depth=-18.0, flipHoriz=False, flipVert=False, font='Arial', fontFiles=[], height=1.0, italic=False, languageStyle='LTR', name='Tstim_18', opacity=1.0, ori=0, pos=array([0., 0.]), rgb=array([0., 0., 0.]), text='T', units='height', win=Window(...), wrapWidth=1)
12.1634 	EXP 	Created Tstim_19 = TextStim(__class__=<class 'psychopy.visual.text.TextStim'>, alignHoriz=method-wrapper(...), alignText='center', alignVert=method-wrapper(...), anchorHoriz='center', anchorVert='center', antialias=True, autoLog=True, bold=False, color='black', colorSpace='named', contrast=1.0, depth=-19.0, flipHoriz=False, flipVert=False, font='Arial', fontFiles=[], height=1.0, italic=False, languageStyle='LTR', name='Tstim_19', opacity=1.0, ori=0, pos=array([0., 0.]), rgb=array([0., 0., 0.]), text='T', units='height', win=Window(...), wrapWidth=1)
12.1648 	EXP 	Created Tstim_20 = TextStim(__class__=<class 'psychopy.visual.text.TextStim'>, alignHoriz=method-wrapper(...), alignText='center', alignVert=method-wrapper(...), anchorHoriz='center', anchorVert='center', antialias=True, autoLog=True, bold=False, color='black', colorSpace='named', contrast=1.0, depth=-20.0, flipHoriz=False, flipVert=False, font='Arial', fontFiles=[], height=1.0, italic=False, languageStyle='LTR', name='Tstim_20', opacity=1.0, ori=0, pos=array([0., 0.]), rgb=array([0., 0., 0.]), text='T', units='height', win=Window(...), wrapWidth=1)
12.3350 	EXP 	Created Lstim = TextStim(__class__=<class 'psychopy.visual.text.TextStim'>, alignHoriz=method-wrapper(...), alignText='center', alignVert=method-wrapper(...), anchorHoriz='center', anchorVert='center', antialias=True, autoLog=True, bold=False, color='black', colorSpace='named', contrast=1.0, depth=-21.0, flipHoriz=False, flipVert=False, font='Arial', fontFiles=[], height=1.0, italic=False, languageStyle='LTR', name='Lstim', opacity=1.0, ori=0, pos=array([0., 0.]), rgb=array([0., 0., 0.]), text='L', units='height', win=Window(...), wrapWidth=1)
12.3351 	EXP 	window1: mouseVisible = True
12.3355 	EXP 	Created sequence: random, trialTypes=1, nReps=5, seed=None
12.3359 	EXP 	New trial (rep=0, index=0): None
12.4677 	EXP 	Tstim: pos = array([0.24, 0.03])
12.4677 	EXP 	Tstim: height = 0.1
12.4677 	EXP 	Tstim_2: height = 0.1
12.4677 	EXP 	Tstim_3: pos = array([-0.12, -0.15])
12.4677 	EXP 	Tstim_3: height = 0.1
12.4677 	EXP 	Tstim_4: pos = array([-0.06,  0.15])
12.4677 	EXP 	Tstim_4: height = 0.1
12.4677 	EXP 	Tstim_5: pos = array([0.21, 0.12])
12.4677 	EXP 	Tstim_5: height = 0.1
12.4677 	EXP 	Tstim_6: pos = array([ 0.15, -0.3 ])
12.4677 	EXP 	Tstim_6: height = 0.1
12.4677 	EXP 	Tstim_7: pos = array([0.3, 0. ])
12.4677 	EXP 	Tstim_7: height = 0.1
12.4677 	EXP 	Tstim_8: pos = array([-0.03,  0.3 ])
12.4677 	EXP 	Tstim_8: height = 0.1
12.4677 	EXP 	Tstim_9: pos = array([ 0.12, -0.24])
12.4677 	EXP 	Tstim_9: height = 0.1
12.4677 	EXP 	Tstim_10: pos = array([-0.24, -0.18])
12.4677 	EXP 	Tstim_10: height = 0.1
12.4677 	EXP 	Tstim_11: pos = array([0.  , 0.21])
12.4677 	EXP 	Tstim_11: height = 0.1
12.4677 	EXP 	Tstim_12: pos = array([-0.3 , -0.21])
12.4677 	EXP 	Tstim_12: height = 0.1
12.4677 	EXP 	Tstim_13: pos = array([ 0.18, -0.09])
12.4677 	EXP 	Tstim_13: height = 0.1
12.4677 	EXP 	Tstim_14: pos = array([-0.18, -0.03])
12.4677 	EXP 	Tstim_14: height = 0.1
12.4677 	EXP 	Tstim_15: pos = array([0.03, 0.18])
12.4677 	EXP 	Tstim_15: height = 0.1
12.4677 	EXP 	Tstim_16: pos = array([0.09, 0.09])
12.4677 	EXP 	Tstim_16: height = 0.1
12.4677 	EXP 	Tstim_17: pos = array([-0.15, -0.12])
12.4677 	EXP 	Tstim_17: height = 0.1
12.4677 	EXP 	Tstim_18: pos = array([-0.09, -0.27])
12.4677 	EXP 	Tstim_18: height = 0.1
12.4677 	EXP 	Tstim_19: pos = array([0.06, 0.06])
12.4677 	EXP 	Tstim_19: height = 0.1
12.4677 	EXP 	Tstim_20: pos = array([0.27, 0.27])
12.4677 	EXP 	Tstim_20: height = 0.1
12.4677 	EXP 	Lstim: pos = array([-0.21, -0.06])
12.4677 	EXP 	Lstim: height = 0.1
12.4677 	EXP 	Tstim: autoDraw = True
12.4677 	EXP 	Tstim_2: autoDraw = True
12.4677 	EXP 	Tstim_3: autoDraw = True
12.4677 	EXP 	Tstim_4: autoDraw = True
12.4677 	EXP 	Tstim_5: autoDraw = True
12.4677 	EXP 	Tstim_6: autoDraw = True
12.4677 	EXP 	Tstim_7: autoDraw = True
12.4677 	EXP 	Tstim_8: autoDraw = True
12.4677 	EXP 	Tstim_9: autoDraw = True
12.4677 	EXP 	Tstim_10: autoDraw = True
12.4677 	EXP 	Tstim_11: autoDraw = True
12.4677 	EXP 	Tstim_12: autoDraw = True
12.4677 	EXP 	Tstim_13: autoDraw = True
12.4677 	EXP 	Tstim_14: autoDraw = True
12.4677 	EXP 	Tstim_15: autoDraw = True
12.4677 	EXP 	Tstim_16: autoDraw = True
12.4677 	EXP 	Tstim_17: autoDraw = True
12.4677 	EXP 	Tstim_18: autoDraw = True
12.4677 	EXP 	Tstim_19: autoDraw = True
12.4677 	EXP 	Tstim_20: autoDraw = True
12.4677 	EXP 	Lstim: autoDraw = True
12.4677 	EXP 	Tstim: text = 'T'
12.4677 	EXP 	Tstim_2: text = 'T'
12.4677 	EXP 	Tstim_3: text = 'T'
12.4677 	EXP 	Tstim_4: text = 'T'
12.4677 	EXP 	Tstim_5: text = 'T'
12.4677 	EXP 	Tstim_6: text = 'T'
12.4677 	EXP 	Tstim_7: text = 'T'
12.4677 	EXP 	Tstim_8: text = 'T'
12.4677 	EXP 	Tstim_9: text = 'T'
12.4677 	EXP 	Tstim_10: text = 'T'
12.4677 	EXP 	Tstim_11: text = 'T'
12.4677 	EXP 	Tstim_12: text = 'T'
12.4677 	EXP 	Tstim_13: text = 'T'
12.4677 	EXP 	Tstim_14: text = 'T'
12.4677 	EXP 	Tstim_15: text = 'T'
12.4677 	EXP 	Tstim_16: text = 'T'
12.4677 	EXP 	Tstim_17: text = 'T'
12.4677 	EXP 	Tstim_18: text = 'T'
12.4677 	EXP 	Tstim_19: text = 'T'
12.4677 	EXP 	Tstim_20: text = 'T'
12.4677 	EXP 	Lstim: text = 'L'
14.7078 	DATA 	Mouse: Left button down, pos=(698,486)
14.7265 	EXP 	New trial (rep=1, index=0): None
14.7776 	EXP 	Tstim: autoDraw = False
14.7776 	EXP 	Tstim_2: autoDraw = False
14.7776 	EXP 	Tstim_3: autoDraw = False
14.7776 	EXP 	Tstim_4: autoDraw = False
14.7776 	EXP 	Tstim_5: autoDraw = False
14.7776 	EXP 	Tstim_6: autoDraw = False
14.7776 	EXP 	Tstim_7: autoDraw = False
14.7776 	EXP 	Tstim_8: autoDraw = False
14.7776 	EXP 	Tstim_9: autoDraw = False
14.7776 	EXP 	Tstim_10: autoDraw = False
14.7776 	EXP 	Tstim_11: autoDraw = False
14.7776 	EXP 	Tstim_12: autoDraw = False
14.7776 	EXP 	Tstim_13: autoDraw = False
14.7776 	EXP 	Tstim_14: autoDraw = False
14.7776 	EXP 	Tstim_15: autoDraw = False
14.7776 	EXP 	Tstim_16: autoDraw = False
14.7776 	EXP 	Tstim_17: autoDraw = False
14.7776 	EXP 	Tstim_18: autoDraw = False
14.7776 	EXP 	Tstim_19: autoDraw = False
14.7776 	EXP 	Tstim_20: autoDraw = False
14.7776 	EXP 	Lstim: autoDraw = False
14.7776 	EXP 	Tstim: pos = array([-0.06,  0.18])
14.7776 	EXP 	Tstim: height = 0.1
14.7776 	EXP 	Tstim_2: height = 0.1
14.7776 	EXP 	Tstim_3: pos = array([0.18, 0.03])
14.7776 	EXP 	Tstim_3: height = 0.1
14.7776 	EXP 	Tstim_4: pos = array([0.24, 0.09])
14.7776 	EXP 	Tstim_4: height = 0.1
14.7776 	EXP 	Tstim_5: pos = array([ 0.12, -0.03])
14.7776 	EXP 	Tstim_5: height = 0.1
14.7776 	EXP 	Tstim_6: pos = array([0.09, 0.27])
14.7776 	EXP 	Tstim_6: height = 0.1
14.7776 	EXP 	Tstim_7: pos = array([ 0.  , -0.12])
14.7776 	EXP 	Tstim_7: height = 0.1
14.7776 	EXP 	Tstim_8: pos = array([ 0.3 , -0.24])
14.7776 	EXP 	Tstim_8: height = 0.1
14.7776 	EXP 	Tstim_9: pos = array([-0.3 ,  0.15])
14.7776 	EXP 	Tstim_9: height = 0.1
14.7776 	EXP 	Tstim_10: pos = array([-0.18,  0.21])
14.7776 	EXP 	Tstim_10: height = 0.1
14.7776 	EXP 	Tstim_11: pos = array([-0.27, -0.27])
14.7776 	EXP 	Tstim_11: height = 0.1
14.7776 	EXP 	Tstim_12: pos = array([-0.03,  0.06])
14.7776 	EXP 	Tstim_12: height = 0.1
14.7776 	EXP 	Tstim_13: pos = array([-0.09, -0.18])
14.7776 	EXP 	Tstim_13: height = 0.1
14.7776 	EXP 	Tstim_14: pos = array([-0.24,  0.  ])
14.7776 	EXP 	Tstim_14: height = 0.1
14.7776 	EXP 	Tstim_15: pos = array([ 0.06, -0.3 ])
14.7776 	EXP 	Tstim_15: height = 0.1
14.7776 	EXP 	Tstim_16: pos = array([0.27, 0.12])
14.7776 	EXP 	Tstim_16: height = 0.1
14.7776 	EXP 	Tstim_17: pos = array([0.21, 0.24])
14.7776 	EXP 	Tstim_17: height = 0.1
14.7776 	EXP 	Tstim_18: pos = array([ 0.03, -0.15])
14.7776 	EXP 	Tstim_18: height = 0.1
14.7776 	EXP 	Tstim_19: pos = array([0.15, 0.3 ])
14.7776 	EXP 	Tstim_19: height = 0.1
14.7776 	EXP 	Tstim_20: pos = array([-0.21, -0.06])
14.7776 	EXP 	Tstim_20: height = 0.1
14.7776 	EXP 	Lstim: pos = array([-0.12, -0.09])
14.7776 	EXP 	Lstim: height = 0.1
14.7776 	EXP 	Tstim: autoDraw = True
14.7776 	EXP 	Tstim_2: autoDraw = True
14.7776 	EXP 	Tstim_3: autoDraw = True
14.7776 	EXP 	Tstim_4: autoDraw = True
14.7776 	EXP 	Tstim_5: autoDraw = True
14.7776 	EXP 	Tstim_6: autoDraw = True
14.7776 	EXP 	Tstim_7: autoDraw = True
14.7776 	EXP 	Tstim_8: autoDraw = True
14.7776 	EXP 	Tstim_9: autoDraw = True
14.7776 	EXP 	Tstim_10: autoDraw = True
14.7776 	EXP 	Tstim_11: autoDraw = True
14.7776 	EXP 	Tstim_12: autoDraw = True
14.7776 	EXP 	Tstim_13: autoDraw = True
14.7776 	EXP 	Tstim_14: autoDraw = True
14.7776 	EXP 	Tstim_15: autoDraw = True
14.7776 	EXP 	Tstim_16: autoDraw = True
14.7776 	EXP 	Tstim_17: autoDraw = True
14.7776 	EXP 	Tstim_18: autoDraw = True
14.7776 	EXP 	Tstim_19: autoDraw = True
14.7776 	EXP 	Tstim_20: autoDraw = True
14.7776 	EXP 	Lstim: autoDraw = True
14.7776 	EXP 	Tstim: text = 'T'
14.7776 	EXP 	Tstim_2: text = 'T'
14.7776 	EXP 	Tstim_3: text = 'T'
14.7776 	EXP 	Tstim_4: text = 'T'
14.7776 	EXP 	Tstim_5: text = 'T'
14.7776 	EXP 	Tstim_6: text = 'T'
14.7776 	EXP 	Tstim_7: text = 'T'
14.7776 	EXP 	Tstim_8: text = 'T'
14.7776 	EXP 	Tstim_9: text = 'T'
14.7776 	EXP 	Tstim_10: text = 'T'
14.7776 	EXP 	Tstim_11: text = 'T'
14.7776 	EXP 	Tstim_12: text = 'T'
14.7776 	EXP 	Tstim_13: text = 'T'
14.7776 	EXP 	Tstim_14: text = 'T'
14.7776 	EXP 	Tstim_15: text = 'T'
14.7776 	EXP 	Tstim_16: text = 'T'
14.7776 	EXP 	Tstim_17: text = 'T'
14.7776 	EXP 	Tstim_18: text = 'T'
14.7776 	EXP 	Tstim_19: text = 'T'
14.7776 	EXP 	Tstim_20: text = 'T'
14.7776 	EXP 	Lstim: text = 'L'
14.8066 	DATA 	Mouse:  Left button up, pos=(698,486)
16.5584 	DATA 	Mouse: Left button down, pos=(795,487)
16.5726 	EXP 	New trial (rep=2, index=0): None
16.6067 	EXP 	Tstim: autoDraw = False
16.6067 	EXP 	Tstim_2: autoDraw = False
16.6067 	EXP 	Tstim_3: autoDraw = False
16.6067 	EXP 	Tstim_4: autoDraw = False
16.6067 	EXP 	Tstim_5: autoDraw = False
16.6067 	EXP 	Tstim_6: autoDraw = False
16.6067 	EXP 	Tstim_7: autoDraw = False
16.6067 	EXP 	Tstim_8: autoDraw = False
16.6067 	EXP 	Tstim_9: autoDraw = False
16.6067 	EXP 	Tstim_10: autoDraw = False
16.6067 	EXP 	Tstim_11: autoDraw = False
16.6067 	EXP 	Tstim_12: autoDraw = False
16.6067 	EXP 	Tstim_13: autoDraw = False
16.6067 	EXP 	Tstim_14: autoDraw = False
16.6067 	EXP 	Tstim_15: autoDraw = False
16.6067 	EXP 	Tstim_16: autoDraw = False
16.6067 	EXP 	Tstim_17: autoDraw = False
16.6067 	EXP 	Tstim_18: autoDraw = False
16.6067 	EXP 	Tstim_19: autoDraw = False
16.6067 	EXP 	Tstim_20: autoDraw = False
16.6067 	EXP 	Lstim: autoDraw = False
16.6067 	EXP 	Tstim: pos = array([-0.18,  0.03])
16.6067 	EXP 	Tstim: height = 0.1
16.6067 	EXP 	Tstim_2: height = 0.1
16.6067 	EXP 	Tstim_3: pos = array([-0.27,  0.21])
16.6067 	EXP 	Tstim_3: height = 0.1
16.6067 	EXP 	Tstim_4: pos = array([-0.21, -0.12])
16.6067 	EXP 	Tstim_4: height = 0.1
16.6067 	EXP 	Tstim_5: pos = array([-0.09,  0.18])
16.6067 	EXP 	Tstim_5: height = 0.1
16.6067 	EXP 	Tstim_6: pos = array([0., 0.])
16.6067 	EXP 	Tstim_6: height = 0.1
16.6067 	EXP 	Tstim_7: pos = array([ 0.09, -0.03])
16.6067 	EXP 	Tstim_7: height = 0.1
16.6067 	EXP 	Tstim_8: pos = array([-0.3 , -0.06])
16.6067 	EXP 	Tstim_8: height = 0.1
16.6067 	EXP 	Tstim_9: pos = array([0.06, 0.24])
16.6067 	EXP 	Tstim_9: height = 0.1
16.6067 	EXP 	Tstim_10: pos = array([-0.12,  0.3 ])
16.6067 	EXP 	Tstim_10: height = 0.1
16.6067 	EXP 	Tstim_11: pos = array([-0.24,  0.27])
16.6067 	EXP 	Tstim_11: height = 0.1
16.6067 	EXP 	Tstim_12: pos = array([0.27, 0.12])
16.6067 	EXP 	Tstim_12: height = 0.1
16.6067 	EXP 	Tstim_13: pos = array([ 0.12, -0.18])
16.6067 	EXP 	Tstim_13: height = 0.1
16.6067 	EXP 	Tstim_14: pos = array([0.3 , 0.06])
16.6067 	EXP 	Tstim_14: height = 0.1
16.6067 	EXP 	Tstim_15: pos = array([-0.06,  0.15])
16.6067 	EXP 	Tstim_15: height = 0.1
16.6067 	EXP 	Tstim_16: pos = array([ 0.18, -0.15])
16.6067 	EXP 	Tstim_16: height = 0.1
16.6067 	EXP 	Tstim_17: pos = array([ 0.21, -0.3 ])
16.6067 	EXP 	Tstim_17: height = 0.1
16.6067 	EXP 	Tstim_18: pos = array([-0.15,  0.09])
16.6067 	EXP 	Tstim_18: height = 0.1
16.6067 	EXP 	Tstim_19: pos = array([ 0.15, -0.24])
16.6067 	EXP 	Tstim_19: height = 0.1
16.6067 	EXP 	Tstim_20: pos = array([ 0.24, -0.21])
16.6067 	EXP 	Tstim_20: height = 0.1
16.6067 	EXP 	Lstim: pos = array([-0.03, -0.09])
16.6067 	EXP 	Lstim: height = 0.1
16.6067 	EXP 	Tstim: autoDraw = True
16.6067 	EXP 	Tstim_2: autoDraw = True
16.6067 	EXP 	Tstim_3: autoDraw = True
16.6067 	EXP 	Tstim_4: autoDraw = True
16.6067 	EXP 	Tstim_5: autoDraw = True
16.6067 	EXP 	Tstim_6: autoDraw = True
16.6067 	EXP 	Tstim_7: autoDraw = True
16.6067 	EXP 	Tstim_8: autoDraw = True
16.6067 	EXP 	Tstim_9: autoDraw = True
16.6067 	EXP 	Tstim_10: autoDraw = True
16.6067 	EXP 	Tstim_11: autoDraw = True
16.6067 	EXP 	Tstim_12: autoDraw = True
16.6067 	EXP 	Tstim_13: autoDraw = True
16.6067 	EXP 	Tstim_14: autoDraw = True
16.6067 	EXP 	Tstim_15: autoDraw = True
16.6067 	EXP 	Tstim_16: autoDraw = True
16.6067 	EXP 	Tstim_17: autoDraw = True
16.6067 	EXP 	Tstim_18: autoDraw = True
16.6067 	EXP 	Tstim_19: autoDraw = True
16.6067 	EXP 	Tstim_20: autoDraw = True
16.6067 	EXP 	Lstim: autoDraw = True
16.6067 	EXP 	Tstim: text = 'T'
16.6067 	EXP 	Tstim_2: text = 'T'
16.6067 	EXP 	Tstim_3: text = 'T'
16.6067 	EXP 	Tstim_4: text = 'T'
16.6067 	EXP 	Tstim_5: text = 'T'
16.6067 	EXP 	Tstim_6: text = 'T'
16.6067 	EXP 	Tstim_7: text = 'T'
16.6067 	EXP 	Tstim_8: text = 'T'
16.6067 	EXP 	Tstim_9: text = 'T'
16.6067 	EXP 	Tstim_10: text = 'T'
16.6067 	EXP 	Tstim_11: text = 'T'
16.6067 	EXP 	Tstim_12: text = 'T'
16.6067 	EXP 	Tstim_13: text = 'T'
16.6067 	EXP 	Tstim_14: text = 'T'
16.6067 	EXP 	Tstim_15: text = 'T'
16.6067 	EXP 	Tstim_16: text = 'T'
16.6067 	EXP 	Tstim_17: text = 'T'
16.6067 	EXP 	Tstim_18: text = 'T'
16.6067 	EXP 	Tstim_19: text = 'T'
16.6067 	EXP 	Tstim_20: text = 'T'
16.6067 	EXP 	Lstim: text = 'L'
16.6587 	DATA 	Mouse:  Left button up, pos=(795,487)
19.7608 	DATA 	Keypress: escape
20.0824 	EXP 	window1: mouseVisible = True
