5.3637 	WARNING 	We strongly recommend you activate the PTB sound engine in PsychoPy prefs as the preferred audio engine. Its timing is vastly superior. Your prefs are currently set to use ['sounddevice', 'PTB', 'pyo', 'pygame'] (in that order).
13.3470 	WARNING 	User requested fullscreen with size [1024  768], but screen is actually [1920, 1200]. Using actual size
15.1961 	EXP 	Created window1 = Window(allowGUI=False, allowStencil=False, args=UNKNOWN, autoLog=True, bitsMode=UNKNOWN, blendMode='avg', bpc=(8, 8, 8), color=array([0., 0., 0.]), colorSpace='rgb', depthBits=8, fullscr=<method-wrapper '__getattribute__' of attributeSetter object at 0x0000026DDB73BB00>, gamma=None, gammaErrorPolicy='raise', kwargs=UNKNOWN, lms=UNKNOWN, monitor=<psychopy.monitors.calibTools.Monitor object at 0x0000026DDB464D30>, multiSample=False, name='window1', numSamples=2, pos=[0.0, 0.0], screen=0, size=array([1920, 1200]), stencilBits=0, stereo=False, units='height', useFBO=True, useRetina=False, viewOri=0.0, viewPos=None, viewScale=None, waitBlanking=True, winType='pyglet')
15.1965 	EXP 	window1: mouseVisible = True
15.1966 	EXP 	window1: recordFrameIntervals = False
15.3623 	EXP 	window1: recordFrameIntervals = True
15.5460 	EXP 	window1: recordFrameIntervals = False
15.8203 	EXP 	Created instrTxt = TextStim(__class__=<class 'psychopy.visual.text.TextStim'>, alignHoriz=method-wrapper(...), alignText='center', alignVert=method-wrapper(...), anchorHoriz='center', anchorVert='center', antialias=True, autoLog=True, bold=False, color='white', colorSpace='named', contrast=1.0, depth=0.0, flipHoriz=False, flipVert=False, font='Arial', fontFiles=[], height=0.1, italic=False, languageStyle='LTR', name='instrTxt', opacity=1.0, ori=0, pos=array([0., 0.]), rgb=array([255., 255., 255.]), text=str(...), units='height', win=Window(...), wrapWidth=1)
15.8204 	EXP 	window1: mouseVisible = True
16.6229 	EXP 	Created Tstim = TextStim(__class__=<class 'psychopy.visual.text.TextStim'>, alignHoriz=method-wrapper(...), alignText='center', alignVert=method-wrapper(...), anchorHoriz='center', anchorVert='center', antialias=True, autoLog=True, bold=False, color='black', colorSpace='named', contrast=1.0, depth=-3.0, flipHoriz=False, flipVert=False, font='Arial', fontFiles=[], height=1.0, italic=False, languageStyle='LTR', name='Tstim', opacity=1.0, ori=0, pos=array([0., 0.]), rgb=array([0., 0., 0.]), text='T', units='height', win=Window(...), wrapWidth=1)
16.6243 	EXP 	Created Tstim_2 = TextStim(__class__=<class 'psychopy.visual.text.TextStim'>, alignHoriz=method-wrapper(...), alignText='center', alignVert=method-wrapper(...), anchorHoriz='center', anchorVert='center', antialias=True, autoLog=True, bold=False, color='black', colorSpace='named', contrast=1.0, depth=-4.0, flipHoriz=False, flipVert=False, font='Arial', fontFiles=[], height=1.0, italic=False, languageStyle='LTR', name='Tstim_2', opacity=1.0, ori=0, pos=array([0., 0.]), rgb=array([0., 0., 0.]), text='T', units='height', win=Window(...), wrapWidth=1)
16.6254 	EXP 	Created Tstim_3 = TextStim(__class__=<class 'psychopy.visual.text.TextStim'>, alignHoriz=method-wrapper(...), alignText='center', alignVert=method-wrapper(...), anchorHoriz='center', anchorVert='center', antialias=True, autoLog=True, bold=False, color='black', colorSpace='named', contrast=1.0, depth=-5.0, flipHoriz=False, flipVert=False, font='Arial', fontFiles=[], height=1.0, italic=False, languageStyle='LTR', name='Tstim_3', opacity=1.0, ori=0, pos=array([0., 0.]), rgb=array([0., 0., 0.]), text='T', units='height', win=Window(...), wrapWidth=1)
16.6266 	EXP 	Created Tstim_4 = TextStim(__class__=<class 'psychopy.visual.text.TextStim'>, alignHoriz=method-wrapper(...), alignText='center', alignVert=method-wrapper(...), anchorHoriz='center', anchorVert='center', antialias=True, autoLog=True, bold=False, color='black', colorSpace='named', contrast=1.0, depth=-6.0, flipHoriz=False, flipVert=False, font='Arial', fontFiles=[], height=1.0, italic=False, languageStyle='LTR', name='Tstim_4', opacity=1.0, ori=0, pos=array([0., 0.]), rgb=array([0., 0., 0.]), text='T', units='height', win=Window(...), wrapWidth=1)
16.6278 	EXP 	Created Tstim_5 = TextStim(__class__=<class 'psychopy.visual.text.TextStim'>, alignHoriz=method-wrapper(...), alignText='center', alignVert=method-wrapper(...), anchorHoriz='center', anchorVert='center', antialias=True, autoLog=True, bold=False, color='black', colorSpace='named', contrast=1.0, depth=-7.0, flipHoriz=False, flipVert=False, font='Arial', fontFiles=[], height=1.0, italic=False, languageStyle='LTR', name='Tstim_5', opacity=1.0, ori=0, pos=array([0., 0.]), rgb=array([0., 0., 0.]), text='T', units='height', win=Window(...), wrapWidth=1)
16.6290 	EXP 	Created Tstim_6 = TextStim(__class__=<class 'psychopy.visual.text.TextStim'>, alignHoriz=method-wrapper(...), alignText='center', alignVert=method-wrapper(...), anchorHoriz='center', anchorVert='center', antialias=True, autoLog=True, bold=False, color='black', colorSpace='named', contrast=1.0, depth=-8.0, flipHoriz=False, flipVert=False, font='Arial', fontFiles=[], height=1.0, italic=False, languageStyle='LTR', name='Tstim_6', opacity=1.0, ori=0, pos=array([0., 0.]), rgb=array([0., 0., 0.]), text='T', units='height', win=Window(...), wrapWidth=1)
16.6301 	EXP 	Created Tstim_7 = TextStim(__class__=<class 'psychopy.visual.text.TextStim'>, alignHoriz=method-wrapper(...), alignText='center', alignVert=method-wrapper(...), anchorHoriz='center', anchorVert='center', antialias=True, autoLog=True, bold=False, color='black', colorSpace='named', contrast=1.0, depth=-9.0, flipHoriz=False, flipVert=False, font='Arial', fontFiles=[], height=1.0, italic=False, languageStyle='LTR', name='Tstim_7', opacity=1.0, ori=0, pos=array([0., 0.]), rgb=array([0., 0., 0.]), text='T', units='height', win=Window(...), wrapWidth=1)
16.6312 	EXP 	Created Tstim_8 = TextStim(__class__=<class 'psychopy.visual.text.TextStim'>, alignHoriz=method-wrapper(...), alignText='center', alignVert=method-wrapper(...), anchorHoriz='center', anchorVert='center', antialias=True, autoLog=True, bold=False, color='black', colorSpace='named', contrast=1.0, depth=-10.0, flipHoriz=False, flipVert=False, font='Arial', fontFiles=[], height=1.0, italic=False, languageStyle='LTR', name='Tstim_8', opacity=1.0, ori=0, pos=array([0., 0.]), rgb=array([0., 0., 0.]), text='T', units='height', win=Window(...), wrapWidth=1)
16.6325 	EXP 	Created Tstim_9 = TextStim(__class__=<class 'psychopy.visual.text.TextStim'>, alignHoriz=method-wrapper(...), alignText='center', alignVert=method-wrapper(...), anchorHoriz='center', anchorVert='center', antialias=True, autoLog=True, bold=False, color='black', colorSpace='named', contrast=1.0, depth=-11.0, flipHoriz=False, flipVert=False, font='Arial', fontFiles=[], height=1.0, italic=False, languageStyle='LTR', name='Tstim_9', opacity=1.0, ori=0, pos=array([0., 0.]), rgb=array([0., 0., 0.]), text='T', units='height', win=Window(...), wrapWidth=1)
16.6341 	EXP 	Created Tstim_10 = TextStim(__class__=<class 'psychopy.visual.text.TextStim'>, alignHoriz=method-wrapper(...), alignText='center', alignVert=method-wrapper(...), anchorHoriz='center', anchorVert='center', antialias=True, autoLog=True, bold=False, color='black', colorSpace='named', contrast=1.0, depth=-12.0, flipHoriz=False, flipVert=False, font='Arial', fontFiles=[], height=1.0, italic=False, languageStyle='LTR', name='Tstim_10', opacity=1.0, ori=0, pos=array([0., 0.]), rgb=array([0., 0., 0.]), text='T', units='height', win=Window(...), wrapWidth=1)
16.6361 	EXP 	Created Tstim_11 = TextStim(__class__=<class 'psychopy.visual.text.TextStim'>, alignHoriz=method-wrapper(...), alignText='center', alignVert=method-wrapper(...), anchorHoriz='center', anchorVert='center', antialias=True, autoLog=True, bold=False, color='black', colorSpace='named', contrast=1.0, depth=-13.0, flipHoriz=False, flipVert=False, font='Arial', fontFiles=[], height=1.0, italic=False, languageStyle='LTR', name='Tstim_11', opacity=1.0, ori=0, pos=array([0., 0.]), rgb=array([0., 0., 0.]), text='T', units='height', win=Window(...), wrapWidth=1)
16.6376 	EXP 	Created Tstim_12 = TextStim(__class__=<class 'psychopy.visual.text.TextStim'>, alignHoriz=method-wrapper(...), alignText='center', alignVert=method-wrapper(...), anchorHoriz='center', anchorVert='center', antialias=True, autoLog=True, bold=False, color='black', colorSpace='named', contrast=1.0, depth=-14.0, flipHoriz=False, flipVert=False, font='Arial', fontFiles=[], height=1.0, italic=False, languageStyle='LTR', name='Tstim_12', opacity=1.0, ori=0, pos=array([0., 0.]), rgb=array([0., 0., 0.]), text='T', units='height', win=Window(...), wrapWidth=1)
16.6390 	EXP 	Created Tstim_13 = TextStim(__class__=<class 'psychopy.visual.text.TextStim'>, alignHoriz=method-wrapper(...), alignText='center', alignVert=method-wrapper(...), anchorHoriz='center', anchorVert='center', antialias=True, autoLog=True, bold=False, color='black', colorSpace='named', contrast=1.0, depth=-15.0, flipHoriz=False, flipVert=False, font='Arial', fontFiles=[], height=1.0, italic=False, languageStyle='LTR', name='Tstim_13', opacity=1.0, ori=0, pos=array([0., 0.]), rgb=array([0., 0., 0.]), text='T', units='height', win=Window(...), wrapWidth=1)
16.6431 	EXP 	Created Tstim_14 = TextStim(__class__=<class 'psychopy.visual.text.TextStim'>, alignHoriz=method-wrapper(...), alignText='center', alignVert=method-wrapper(...), anchorHoriz='center', anchorVert='center', antialias=True, autoLog=True, bold=False, color='black', colorSpace='named', contrast=1.0, depth=-16.0, flipHoriz=False, flipVert=False, font='Arial', fontFiles=[], height=1.0, italic=False, languageStyle='LTR', name='Tstim_14', opacity=1.0, ori=0, pos=array([0., 0.]), rgb=array([0., 0., 0.]), text='T', units='height', win=Window(...), wrapWidth=1)
16.6468 	EXP 	Created Tstim_15 = TextStim(__class__=<class 'psychopy.visual.text.TextStim'>, alignHoriz=method-wrapper(...), alignText='center', alignVert=method-wrapper(...), anchorHoriz='center', anchorVert='center', antialias=True, autoLog=True, bold=False, color='black', colorSpace='named', contrast=1.0, depth=-17.0, flipHoriz=False, flipVert=False, font='Arial', fontFiles=[], height=1.0, italic=False, languageStyle='LTR', name='Tstim_15', opacity=1.0, ori=0, pos=array([0., 0.]), rgb=array([0., 0., 0.]), text='T', units='height', win=Window(...), wrapWidth=1)
16.6504 	EXP 	Created Tstim_16 = TextStim(__class__=<class 'psychopy.visual.text.TextStim'>, alignHoriz=method-wrapper(...), alignText='center', alignVert=method-wrapper(...), anchorHoriz='center', anchorVert='center', antialias=True, autoLog=True, bold=False, color='black', colorSpace='named', contrast=1.0, depth=-18.0, flipHoriz=False, flipVert=False, font='Arial', fontFiles=[], height=1.0, italic=False, languageStyle='LTR', name='Tstim_16', opacity=1.0, ori=0, pos=array([0., 0.]), rgb=array([0., 0., 0.]), text='T', units='height', win=Window(...), wrapWidth=1)
16.6539 	EXP 	Created Tstim_17 = TextStim(__class__=<class 'psychopy.visual.text.TextStim'>, alignHoriz=method-wrapper(...), alignText='center', alignVert=method-wrapper(...), anchorHoriz='center', anchorVert='center', antialias=True, autoLog=True, bold=False, color='black', colorSpace='named', contrast=1.0, depth=-19.0, flipHoriz=False, flipVert=False, font='Arial', fontFiles=[], height=1.0, italic=False, languageStyle='LTR', name='Tstim_17', opacity=1.0, ori=0, pos=array([0., 0.]), rgb=array([0., 0., 0.]), text='T', units='height', win=Window(...), wrapWidth=1)
16.6572 	EXP 	Created Tstim_18 = TextStim(__class__=<class 'psychopy.visual.text.TextStim'>, alignHoriz=method-wrapper(...), alignText='center', alignVert=method-wrapper(...), anchorHoriz='center', anchorVert='center', antialias=True, autoLog=True, bold=False, color='black', colorSpace='named', contrast=1.0, depth=-20.0, flipHoriz=False, flipVert=False, font='Arial', fontFiles=[], height=1.0, italic=False, languageStyle='LTR', name='Tstim_18', opacity=1.0, ori=0, pos=array([0., 0.]), rgb=array([0., 0., 0.]), text='T', units='height', win=Window(...), wrapWidth=1)
16.6607 	EXP 	Created Tstim_19 = TextStim(__class__=<class 'psychopy.visual.text.TextStim'>, alignHoriz=method-wrapper(...), alignText='center', alignVert=method-wrapper(...), anchorHoriz='center', anchorVert='center', antialias=True, autoLog=True, bold=False, color='black', colorSpace='named', contrast=1.0, depth=-21.0, flipHoriz=False, flipVert=False, font='Arial', fontFiles=[], height=1.0, italic=False, languageStyle='LTR', name='Tstim_19', opacity=1.0, ori=0, pos=array([0., 0.]), rgb=array([0., 0., 0.]), text='T', units='height', win=Window(...), wrapWidth=1)
16.6644 	EXP 	Created Tstim_20 = TextStim(__class__=<class 'psychopy.visual.text.TextStim'>, alignHoriz=method-wrapper(...), alignText='center', alignVert=method-wrapper(...), anchorHoriz='center', anchorVert='center', antialias=True, autoLog=True, bold=False, color='black', colorSpace='named', contrast=1.0, depth=-22.0, flipHoriz=False, flipVert=False, font='Arial', fontFiles=[], height=1.0, italic=False, languageStyle='LTR', name='Tstim_20', opacity=1.0, ori=0, pos=array([0., 0.]), rgb=array([0., 0., 0.]), text='T', units='height', win=Window(...), wrapWidth=1)
16.8499 	EXP 	Created Lstim = TextStim(__class__=<class 'psychopy.visual.text.TextStim'>, alignHoriz=method-wrapper(...), alignText='center', alignVert=method-wrapper(...), anchorHoriz='center', anchorVert='center', antialias=True, autoLog=True, bold=False, color='black', colorSpace='named', contrast=1.0, depth=-23.0, flipHoriz=False, flipVert=False, font='Arial', fontFiles=[], height=1.0, italic=False, languageStyle='LTR', name='Lstim', opacity=1.0, ori=0, pos=array([0., 0.]), rgb=array([0., 0., 0.]), text='L', units='height', win=Window(...), wrapWidth=1)
16.8500 	EXP 	window1: mouseVisible = True
16.8566 	EXP 	Created text = TextStim(__class__=<class 'psychopy.visual.text.TextStim'>, alignHoriz=method-wrapper(...), alignText='center', alignVert=method-wrapper(...), anchorHoriz='center', anchorVert='center', antialias=True, autoLog=True, bold=False, color='white', colorSpace='named', contrast=1.0, depth=-1.0, flipHoriz=False, flipVert=False, font='Arial', fontFiles=[], height=0.1, italic=False, languageStyle='LTR', name='text', opacity=1.0, ori=0, pos=array([0., 0.]), rgb=array([255., 255., 255.]), text='default text', units='height', win=Window(...), wrapWidth=1)
16.8988 	EXP 	instrTxt: autoDraw = True
17.6484 	DATA 	Mouse: Left button down, pos=(853,689)
17.6939 	EXP 	Imported conditions.xlsx as conditions, 10 conditions, 4 params
17.6942 	EXP 	Created sequence: random, trialTypes=10, nReps=1, seed=None
17.6945 	EXP 	New trial (rep=0, index=0): OrderedDict([('targetCol', 'black'), ('distractorCol', 'black'), ('mixedOris', 1), ('setSize', 20)])
17.7570 	DATA 	Mouse:  Left button up, pos=(853,689)
17.8060 	EXP 	instrTxt: autoDraw = False
17.8060 	EXP 	Tstim: color = 'black'
17.8060 	EXP 	Tstim_2: color = 'black'
17.8060 	EXP 	Tstim_3: color = 'black'
17.8060 	EXP 	Tstim_4: color = 'black'
17.8060 	EXP 	Tstim_5: color = 'black'
17.8060 	EXP 	Tstim_6: color = 'black'
17.8060 	EXP 	Tstim_7: color = 'black'
17.8060 	EXP 	Tstim_8: color = 'black'
17.8060 	EXP 	Tstim_9: color = 'black'
17.8060 	EXP 	Tstim_10: color = 'black'
17.8060 	EXP 	Tstim_11: color = 'black'
17.8060 	EXP 	Tstim_12: color = 'black'
17.8060 	EXP 	Tstim_13: color = 'black'
17.8060 	EXP 	Tstim_14: color = 'black'
17.8060 	EXP 	Tstim_15: color = 'black'
17.8060 	EXP 	Tstim_16: color = 'black'
17.8060 	EXP 	Tstim_17: color = 'black'
17.8060 	EXP 	Tstim_18: color = 'black'
17.8060 	EXP 	Tstim_19: color = 'black'
17.8060 	EXP 	Tstim_20: color = 'black'
17.8060 	EXP 	Lstim: color = 'black'
17.8060 	EXP 	Lstim: ori = 321.0
17.8060 	EXP 	Tstim: ori = 260.0
17.8060 	EXP 	Tstim_2: ori = 120.0
17.8060 	EXP 	Tstim_3: ori = 39.0
17.8060 	EXP 	Tstim_4: ori = 66.0
17.8060 	EXP 	Tstim_5: ori = 139.0
17.8060 	EXP 	Tstim_6: ori = 271.0
17.8060 	EXP 	Tstim_7: ori = 158.0
17.8060 	EXP 	Tstim_8: ori = 73.0
17.8060 	EXP 	Tstim_9: ori = 313.0
17.8060 	EXP 	Tstim_10: ori = 189.0
17.8060 	EXP 	Tstim_11: ori = 222.0
17.8060 	EXP 	Tstim_12: ori = 247.0
17.8060 	EXP 	Tstim_13: ori = 81.0
17.8060 	EXP 	Tstim_14: ori = 310.0
17.8060 	EXP 	Tstim_15: ori = 334.0
17.8060 	EXP 	Tstim_16: ori = 343.0
17.8060 	EXP 	Tstim_17: ori = 355.0
17.8060 	EXP 	Tstim_18: ori = 11.0
17.8060 	EXP 	Tstim_19: ori = 58.0
17.8060 	EXP 	Tstim_20: ori = 116.0
17.8060 	EXP 	Tstim: opacity = 0.5
17.8060 	EXP 	Tstim: pos = array([0.03, 0.09])
17.8060 	EXP 	Tstim: height = 0.1
17.8060 	EXP 	Tstim_2: opacity = 0.5
17.8060 	EXP 	Tstim_2: height = 0.1
17.8060 	EXP 	Tstim_3: opacity = 0.5
17.8060 	EXP 	Tstim_3: pos = array([ 0.15, -0.18])
17.8060 	EXP 	Tstim_3: height = 0.1
17.8060 	EXP 	Tstim_4: opacity = 0.5
17.8060 	EXP 	Tstim_4: pos = array([ 0.12, -0.15])
17.8060 	EXP 	Tstim_4: height = 0.1
17.8060 	EXP 	Tstim_5: opacity = 0.5
17.8060 	EXP 	Tstim_5: pos = array([-0.09, -0.03])
17.8060 	EXP 	Tstim_5: height = 0.1
17.8060 	EXP 	Tstim_6: opacity = 0.5
17.8060 	EXP 	Tstim_6: pos = array([-0.12,  0.06])
17.8060 	EXP 	Tstim_6: height = 0.1
17.8060 	EXP 	Tstim_7: opacity = 0.5
17.8060 	EXP 	Tstim_7: pos = array([0.09, 0.24])
17.8060 	EXP 	Tstim_7: height = 0.1
17.8060 	EXP 	Tstim_8: opacity = 0.5
17.8060 	EXP 	Tstim_8: pos = array([-0.21, -0.12])
17.8060 	EXP 	Tstim_8: height = 0.1
17.8060 	EXP 	Tstim_9: opacity = 0.5
17.8060 	EXP 	Tstim_9: pos = array([-0.06, -0.06])
17.8060 	EXP 	Tstim_9: height = 0.1
17.8060 	EXP 	Tstim_10: opacity = 0.5
17.8060 	EXP 	Tstim_10: pos = array([ 0.06, -0.27])
17.8060 	EXP 	Tstim_10: height = 0.1
17.8060 	EXP 	Tstim_11: opacity = 0.5
17.8060 	EXP 	Tstim_11: pos = array([ 0.3, -0.3])
17.8060 	EXP 	Tstim_11: height = 0.1
17.8060 	EXP 	Tstim_12: opacity = 0.5
17.8060 	EXP 	Tstim_12: pos = array([-0.27,  0.  ])
17.8060 	EXP 	Tstim_12: height = 0.1
17.8060 	EXP 	Tstim_13: opacity = 0.5
17.8060 	EXP 	Tstim_13: pos = array([-0.3 ,  0.03])
17.8060 	EXP 	Tstim_13: height = 0.1
17.8060 	EXP 	Tstim_14: opacity = 0.5
17.8060 	EXP 	Tstim_14: pos = array([0.21, 0.12])
17.8060 	EXP 	Tstim_14: height = 0.1
17.8060 	EXP 	Tstim_15: opacity = 0.5
17.8060 	EXP 	Tstim_15: pos = array([-0.24,  0.15])
17.8060 	EXP 	Tstim_15: height = 0.1
17.8060 	EXP 	Tstim_16: opacity = 0.5
17.8060 	EXP 	Tstim_16: pos = array([-0.18,  0.27])
17.8060 	EXP 	Tstim_16: height = 0.1
17.8060 	EXP 	Tstim_17: opacity = 0.5
17.8060 	EXP 	Tstim_17: pos = array([0.24, 0.3 ])
17.8060 	EXP 	Tstim_17: height = 0.1
17.8060 	EXP 	Tstim_18: opacity = 0.5
17.8060 	EXP 	Tstim_18: pos = array([ 0.18, -0.24])
17.8060 	EXP 	Tstim_18: height = 0.1
17.8060 	EXP 	Tstim_19: opacity = 0.5
17.8060 	EXP 	Tstim_19: pos = array([-0.15,  0.21])
17.8060 	EXP 	Tstim_19: height = 0.1
17.8060 	EXP 	Tstim_20: opacity = 0.5
17.8060 	EXP 	Tstim_20: pos = array([0.27, 0.18])
17.8060 	EXP 	Tstim_20: height = 0.1
17.8060 	EXP 	Lstim: opacity = 0.5
17.8060 	EXP 	Lstim: pos = array([-0.03, -0.21])
17.8060 	EXP 	Lstim: height = 0.1
17.8060 	EXP 	Tstim: autoDraw = True
17.8060 	EXP 	Tstim_2: autoDraw = True
17.8060 	EXP 	Tstim_3: autoDraw = True
17.8060 	EXP 	Tstim_4: autoDraw = True
17.8060 	EXP 	Tstim_5: autoDraw = True
17.8060 	EXP 	Tstim_6: autoDraw = True
17.8060 	EXP 	Tstim_7: autoDraw = True
17.8060 	EXP 	Tstim_8: autoDraw = True
17.8060 	EXP 	Tstim_9: autoDraw = True
17.8060 	EXP 	Tstim_10: autoDraw = True
17.8060 	EXP 	Tstim_11: autoDraw = True
17.8060 	EXP 	Tstim_12: autoDraw = True
17.8060 	EXP 	Tstim_13: autoDraw = True
17.8060 	EXP 	Tstim_14: autoDraw = True
17.8060 	EXP 	Tstim_15: autoDraw = True
17.8060 	EXP 	Tstim_16: autoDraw = True
17.8060 	EXP 	Tstim_17: autoDraw = True
17.8060 	EXP 	Tstim_18: autoDraw = True
17.8060 	EXP 	Tstim_19: autoDraw = True
17.8060 	EXP 	Tstim_20: autoDraw = True
17.8060 	EXP 	Lstim: autoDraw = True
17.8060 	EXP 	Tstim: text = 'T'
17.8060 	EXP 	Tstim_2: text = 'T'
17.8060 	EXP 	Tstim_3: text = 'T'
17.8060 	EXP 	Tstim_4: text = 'T'
17.8060 	EXP 	Tstim_5: text = 'T'
17.8060 	EXP 	Tstim_6: text = 'T'
17.8060 	EXP 	Tstim_7: text = 'T'
17.8060 	EXP 	Tstim_8: text = 'T'
17.8060 	EXP 	Tstim_9: text = 'T'
17.8060 	EXP 	Tstim_10: text = 'T'
17.8060 	EXP 	Tstim_11: text = 'T'
17.8060 	EXP 	Tstim_12: text = 'T'
17.8060 	EXP 	Tstim_13: text = 'T'
17.8060 	EXP 	Tstim_14: text = 'T'
17.8060 	EXP 	Tstim_15: text = 'T'
17.8060 	EXP 	Tstim_16: text = 'T'
17.8060 	EXP 	Tstim_17: text = 'T'
17.8060 	EXP 	Tstim_18: text = 'T'
17.8060 	EXP 	Tstim_19: text = 'T'
17.8060 	EXP 	Tstim_20: text = 'T'
17.8060 	EXP 	Lstim: text = 'L'
20.1437 	DATA 	Mouse: Left button down, pos=(907,340)
20.1816 	EXP 	Tstim: autoDraw = False
20.1816 	EXP 	Tstim_2: autoDraw = False
20.1816 	EXP 	Tstim_3: autoDraw = False
20.1816 	EXP 	Tstim_4: autoDraw = False
20.1816 	EXP 	Tstim_5: autoDraw = False
20.1816 	EXP 	Tstim_6: autoDraw = False
20.1816 	EXP 	Tstim_7: autoDraw = False
20.1816 	EXP 	Tstim_8: autoDraw = False
20.1816 	EXP 	Tstim_9: autoDraw = False
20.1816 	EXP 	Tstim_10: autoDraw = False
20.1816 	EXP 	Tstim_11: autoDraw = False
20.1816 	EXP 	Tstim_12: autoDraw = False
20.1816 	EXP 	Tstim_13: autoDraw = False
20.1816 	EXP 	Tstim_14: autoDraw = False
20.1816 	EXP 	Tstim_15: autoDraw = False
20.1816 	EXP 	Tstim_16: autoDraw = False
20.1816 	EXP 	Tstim_17: autoDraw = False
20.1816 	EXP 	Tstim_18: autoDraw = False
20.1816 	EXP 	Tstim_19: autoDraw = False
20.1816 	EXP 	Tstim_20: autoDraw = False
20.1816 	EXP 	Lstim: autoDraw = False
20.1816 	EXP 	text: text = 'Target found!'
20.1816 	EXP 	text: autoDraw = True
20.2530 	DATA 	Mouse:  Left button up, pos=(907,340)
21.1681 	EXP 	New trial (rep=0, index=1): OrderedDict([('targetCol', 'black'), ('distractorCol', 'black'), ('mixedOris', 1), ('setSize', 20)])
21.2901 	EXP 	text: autoDraw = False
21.2901 	EXP 	Tstim: color = 'black'
21.2901 	EXP 	Tstim_2: color = 'black'
21.2901 	EXP 	Tstim_3: color = 'black'
21.2901 	EXP 	Tstim_4: color = 'black'
21.2901 	EXP 	Tstim_5: color = 'black'
21.2901 	EXP 	Tstim_6: color = 'black'
21.2901 	EXP 	Tstim_7: color = 'black'
21.2901 	EXP 	Tstim_8: color = 'black'
21.2901 	EXP 	Tstim_9: color = 'black'
21.2901 	EXP 	Tstim_10: color = 'black'
21.2901 	EXP 	Tstim_11: color = 'black'
21.2901 	EXP 	Tstim_12: color = 'black'
21.2901 	EXP 	Tstim_13: color = 'black'
21.2901 	EXP 	Tstim_14: color = 'black'
21.2901 	EXP 	Tstim_15: color = 'black'
21.2901 	EXP 	Tstim_16: color = 'black'
21.2901 	EXP 	Tstim_17: color = 'black'
21.2901 	EXP 	Tstim_18: color = 'black'
21.2901 	EXP 	Tstim_19: color = 'black'
21.2901 	EXP 	Tstim_20: color = 'black'
21.2901 	EXP 	Lstim: color = 'black'
21.2901 	EXP 	Lstim: ori = 301.0
21.2901 	EXP 	Tstim: ori = 159.0
21.2901 	EXP 	Tstim_2: ori = 351.0
21.2901 	EXP 	Tstim_3: ori = 38.0
21.2901 	EXP 	Tstim_4: ori = 101.0
21.2901 	EXP 	Tstim_5: ori = 1.0
21.2901 	EXP 	Tstim_6: ori = 341.0
21.2901 	EXP 	Tstim_7: ori = 246.0
21.2901 	EXP 	Tstim_8: ori = 153.0
21.2901 	EXP 	Tstim_9: ori = 85.0
21.2901 	EXP 	Tstim_10: ori = 228.0
21.2901 	EXP 	Tstim_11: ori = 326.0
21.2901 	EXP 	Tstim_12: ori = 353.0
21.2901 	EXP 	Tstim_13: ori = 319.0
21.2901 	EXP 	Tstim_14: ori = 254.0
21.2901 	EXP 	Tstim_15: ori = 263.0
21.2901 	EXP 	Tstim_16: ori = 32.0
21.2901 	EXP 	Tstim_17: ori = 203.0
21.2901 	EXP 	Tstim_18: ori = 236.0
21.2901 	EXP 	Tstim_19: ori = 161.0
21.2901 	EXP 	Tstim_20: ori = 228.0
21.2901 	EXP 	Tstim: opacity = 0.5
21.2901 	EXP 	Tstim: pos = array([ 0.24, -0.09])
21.2901 	EXP 	Tstim: height = 0.1
21.2901 	EXP 	Tstim_2: opacity = 0.5
21.2901 	EXP 	Tstim_2: height = 0.1
21.2901 	EXP 	Tstim_3: opacity = 0.5
21.2901 	EXP 	Tstim_3: pos = array([ 0.15, -0.27])
21.2901 	EXP 	Tstim_3: height = 0.1
21.2901 	EXP 	Tstim_4: opacity = 0.5
21.2901 	EXP 	Tstim_4: pos = array([0.06, 0.03])
21.2901 	EXP 	Tstim_4: height = 0.1
21.2901 	EXP 	Tstim_5: opacity = 0.5
21.2901 	EXP 	Tstim_5: pos = array([ 0.27, -0.18])
21.2901 	EXP 	Tstim_5: height = 0.1
21.2901 	EXP 	Tstim_6: opacity = 0.5
21.2901 	EXP 	Tstim_6: pos = array([-0.24,  0.15])
21.2901 	EXP 	Tstim_6: height = 0.1
21.2901 	EXP 	Tstim_7: opacity = 0.5
21.2901 	EXP 	Tstim_7: pos = array([-0.09, -0.24])
21.2901 	EXP 	Tstim_7: height = 0.1
21.2901 	EXP 	Tstim_8: opacity = 0.5
21.2901 	EXP 	Tstim_8: pos = array([ 0.09, -0.21])
21.2901 	EXP 	Tstim_8: height = 0.1
21.2901 	EXP 	Tstim_9: opacity = 0.5
21.2901 	EXP 	Tstim_9: pos = array([-0.3,  0.3])
21.2901 	EXP 	Tstim_9: height = 0.1
21.2901 	EXP 	Tstim_10: opacity = 0.5
21.2901 	EXP 	Tstim_10: pos = array([0.03, 0.  ])
21.2901 	EXP 	Tstim_10: height = 0.1
21.2901 	EXP 	Tstim_11: opacity = 0.5
21.2901 	EXP 	Tstim_11: pos = array([0.3 , 0.21])
21.2901 	EXP 	Tstim_11: height = 0.1
21.2901 	EXP 	Tstim_12: opacity = 0.5
21.2901 	EXP 	Tstim_12: pos = array([0.18, 0.09])
21.2901 	EXP 	Tstim_12: height = 0.1
21.2901 	EXP 	Tstim_13: opacity = 0.5
21.2901 	EXP 	Tstim_13: pos = array([-0.06,  0.27])
21.2901 	EXP 	Tstim_13: height = 0.1
21.2901 	EXP 	Tstim_14: opacity = 0.5
21.2901 	EXP 	Tstim_14: pos = array([ 0.21, -0.15])
21.2901 	EXP 	Tstim_14: height = 0.1
21.2901 	EXP 	Tstim_15: opacity = 0.5
21.2901 	EXP 	Tstim_15: pos = array([-0.18,  0.06])
21.2901 	EXP 	Tstim_15: height = 0.1
21.2901 	EXP 	Tstim_16: opacity = 0.5
21.2901 	EXP 	Tstim_16: pos = array([-0.12,  0.18])
21.2901 	EXP 	Tstim_16: height = 0.1
21.2901 	EXP 	Tstim_17: opacity = 0.5
21.2901 	EXP 	Tstim_17: pos = array([-0.21, -0.12])
21.2901 	EXP 	Tstim_17: height = 0.1
21.2901 	EXP 	Tstim_18: opacity = 0.5
21.2901 	EXP 	Tstim_18: pos = array([-0.03, -0.03])
21.2901 	EXP 	Tstim_18: height = 0.1
21.2901 	EXP 	Tstim_19: opacity = 0.5
21.2901 	EXP 	Tstim_19: pos = array([-0.15, -0.3 ])
21.2901 	EXP 	Tstim_19: height = 0.1
21.2901 	EXP 	Tstim_20: opacity = 0.5
21.2901 	EXP 	Tstim_20: pos = array([-0.27,  0.24])
21.2901 	EXP 	Tstim_20: height = 0.1
21.2901 	EXP 	Lstim: opacity = 0.5
21.2901 	EXP 	Lstim: pos = array([ 0.  , -0.06])
21.2901 	EXP 	Lstim: height = 0.1
21.2901 	EXP 	Tstim: autoDraw = True
21.2901 	EXP 	Tstim_2: autoDraw = True
21.2901 	EXP 	Tstim_3: autoDraw = True
21.2901 	EXP 	Tstim_4: autoDraw = True
21.2901 	EXP 	Tstim_5: autoDraw = True
21.2901 	EXP 	Tstim_6: autoDraw = True
21.2901 	EXP 	Tstim_7: autoDraw = True
21.2901 	EXP 	Tstim_8: autoDraw = True
21.2901 	EXP 	Tstim_9: autoDraw = True
21.2901 	EXP 	Tstim_10: autoDraw = True
21.2901 	EXP 	Tstim_11: autoDraw = True
21.2901 	EXP 	Tstim_12: autoDraw = True
21.2901 	EXP 	Tstim_13: autoDraw = True
21.2901 	EXP 	Tstim_14: autoDraw = True
21.2901 	EXP 	Tstim_15: autoDraw = True
21.2901 	EXP 	Tstim_16: autoDraw = True
21.2901 	EXP 	Tstim_17: autoDraw = True
21.2901 	EXP 	Tstim_18: autoDraw = True
21.2901 	EXP 	Tstim_19: autoDraw = True
21.2901 	EXP 	Tstim_20: autoDraw = True
21.2901 	EXP 	Lstim: autoDraw = True
21.2901 	EXP 	Tstim: text = 'T'
21.2901 	EXP 	Tstim_2: text = 'T'
21.2901 	EXP 	Tstim_3: text = 'T'
21.2901 	EXP 	Tstim_4: text = 'T'
21.2901 	EXP 	Tstim_5: text = 'T'
21.2901 	EXP 	Tstim_6: text = 'T'
21.2901 	EXP 	Tstim_7: text = 'T'
21.2901 	EXP 	Tstim_8: text = 'T'
21.2901 	EXP 	Tstim_9: text = 'T'
21.2901 	EXP 	Tstim_10: text = 'T'
21.2901 	EXP 	Tstim_11: text = 'T'
21.2901 	EXP 	Tstim_12: text = 'T'
21.2901 	EXP 	Tstim_13: text = 'T'
21.2901 	EXP 	Tstim_14: text = 'T'
21.2901 	EXP 	Tstim_15: text = 'T'
21.2901 	EXP 	Tstim_16: text = 'T'
21.2901 	EXP 	Tstim_17: text = 'T'
21.2901 	EXP 	Tstim_18: text = 'T'
21.2901 	EXP 	Tstim_19: text = 'T'
21.2901 	EXP 	Tstim_20: text = 'T'
21.2901 	EXP 	Lstim: text = 'L'
24.5036 	DATA 	Mouse: Left button down, pos=(998,516)
24.5200 	EXP 	Tstim: autoDraw = False
24.5200 	EXP 	Tstim_2: autoDraw = False
24.5200 	EXP 	Tstim_3: autoDraw = False
24.5200 	EXP 	Tstim_4: autoDraw = False
24.5200 	EXP 	Tstim_5: autoDraw = False
24.5200 	EXP 	Tstim_6: autoDraw = False
24.5200 	EXP 	Tstim_7: autoDraw = False
24.5200 	EXP 	Tstim_8: autoDraw = False
24.5200 	EXP 	Tstim_9: autoDraw = False
24.5200 	EXP 	Tstim_10: autoDraw = False
24.5200 	EXP 	Tstim_11: autoDraw = False
24.5200 	EXP 	Tstim_12: autoDraw = False
24.5200 	EXP 	Tstim_13: autoDraw = False
24.5200 	EXP 	Tstim_14: autoDraw = False
24.5200 	EXP 	Tstim_15: autoDraw = False
24.5200 	EXP 	Tstim_16: autoDraw = False
24.5200 	EXP 	Tstim_17: autoDraw = False
24.5200 	EXP 	Tstim_18: autoDraw = False
24.5200 	EXP 	Tstim_19: autoDraw = False
24.5200 	EXP 	Tstim_20: autoDraw = False
24.5200 	EXP 	Lstim: autoDraw = False
24.5200 	EXP 	text: text = 'Target found!'
24.5200 	EXP 	text: autoDraw = True
24.6078 	DATA 	Mouse:  Left button up, pos=(998,516)
25.5066 	EXP 	New trial (rep=0, index=2): OrderedDict([('targetCol', 'black'), ('distractorCol', 'black'), ('mixedOris', 1), ('setSize', 20)])
25.6643 	EXP 	text: autoDraw = False
25.6643 	EXP 	text: autoDraw = False
25.6643 	EXP 	Tstim: color = 'black'
25.6643 	EXP 	Tstim_2: color = 'black'
25.6643 	EXP 	Tstim_3: color = 'black'
25.6643 	EXP 	Tstim_4: color = 'black'
25.6643 	EXP 	Tstim_5: color = 'black'
25.6643 	EXP 	Tstim_6: color = 'black'
25.6643 	EXP 	Tstim_7: color = 'black'
25.6643 	EXP 	Tstim_8: color = 'black'
25.6643 	EXP 	Tstim_9: color = 'black'
25.6643 	EXP 	Tstim_10: color = 'black'
25.6643 	EXP 	Tstim_11: color = 'black'
25.6643 	EXP 	Tstim_12: color = 'black'
25.6643 	EXP 	Tstim_13: color = 'black'
25.6643 	EXP 	Tstim_14: color = 'black'
25.6643 	EXP 	Tstim_15: color = 'black'
25.6643 	EXP 	Tstim_16: color = 'black'
25.6643 	EXP 	Tstim_17: color = 'black'
25.6643 	EXP 	Tstim_18: color = 'black'
25.6643 	EXP 	Tstim_19: color = 'black'
25.6643 	EXP 	Tstim_20: color = 'black'
25.6643 	EXP 	Lstim: color = 'black'
25.6643 	EXP 	Lstim: ori = 102.0
25.6643 	EXP 	Tstim: ori = 316.0
25.6643 	EXP 	Tstim_2: ori = 7.0
25.6643 	EXP 	Tstim_3: ori = 118.0
25.6643 	EXP 	Tstim_4: ori = 2.0
25.6643 	EXP 	Tstim_5: ori = 174.0
25.6643 	EXP 	Tstim_6: ori = 27.0
25.6643 	EXP 	Tstim_7: ori = 351.0
25.6643 	EXP 	Tstim_8: ori = 117.0
25.6643 	EXP 	Tstim_9: ori = 198.0
25.6643 	EXP 	Tstim_10: ori = 220.0
25.6643 	EXP 	Tstim_11: ori = 83.0
25.6643 	EXP 	Tstim_12: ori = 52.0
25.6643 	EXP 	Tstim_13: ori = 25.0
25.6643 	EXP 	Tstim_14: ori = 324.0
25.6643 	EXP 	Tstim_15: ori = 242.0
25.6643 	EXP 	Tstim_16: ori = 196.0
25.6643 	EXP 	Tstim_17: ori = 129.0
25.6643 	EXP 	Tstim_18: ori = 261.0
25.6643 	EXP 	Tstim_19: ori = 254.0
25.6643 	EXP 	Tstim_20: ori = 157.0
25.6643 	EXP 	Tstim: opacity = 0.5
25.6643 	EXP 	Tstim: pos = array([0.27, 0.03])
25.6643 	EXP 	Tstim: height = 0.1
25.6643 	EXP 	Tstim_2: opacity = 0.5
25.6643 	EXP 	Tstim_2: height = 0.1
25.6643 	EXP 	Tstim_3: opacity = 0.5
25.6643 	EXP 	Tstim_3: pos = array([-0.15, -0.3 ])
25.6643 	EXP 	Tstim_3: height = 0.1
25.6643 	EXP 	Tstim_4: opacity = 0.5
25.6643 	EXP 	Tstim_4: pos = array([ 0.12, -0.03])
25.6643 	EXP 	Tstim_4: height = 0.1
25.6643 	EXP 	Tstim_5: opacity = 0.5
25.6643 	EXP 	Tstim_5: pos = array([0.03, 0.3 ])
25.6643 	EXP 	Tstim_5: height = 0.1
25.6643 	EXP 	Tstim_6: opacity = 0.5
25.6643 	EXP 	Tstim_6: pos = array([ 0.21, -0.24])
25.6643 	EXP 	Tstim_6: height = 0.1
25.6643 	EXP 	Tstim_7: opacity = 0.5
25.6643 	EXP 	Tstim_7: pos = array([ 0.3 , -0.21])
25.6643 	EXP 	Tstim_7: height = 0.1
25.6643 	EXP 	Tstim_8: opacity = 0.5
25.6643 	EXP 	Tstim_8: pos = array([-0.21, -0.15])
25.6643 	EXP 	Tstim_8: height = 0.1
25.6643 	EXP 	Tstim_9: opacity = 0.5
25.6643 	EXP 	Tstim_9: pos = array([0.06, 0.06])
25.6643 	EXP 	Tstim_9: height = 0.1
25.6643 	EXP 	Tstim_10: opacity = 0.5
25.6643 	EXP 	Tstim_10: pos = array([-0.18,  0.15])
25.6643 	EXP 	Tstim_10: height = 0.1
25.6643 	EXP 	Tstim_11: opacity = 0.5
25.6643 	EXP 	Tstim_11: pos = array([0.15, 0.12])
25.6643 	EXP 	Tstim_11: height = 0.1
25.6643 	EXP 	Tstim_12: opacity = 0.5
25.6643 	EXP 	Tstim_12: pos = array([-0.24,  0.  ])
25.6643 	EXP 	Tstim_12: height = 0.1
25.6643 	EXP 	Tstim_13: opacity = 0.5
25.6643 	EXP 	Tstim_13: pos = array([0.09, 0.24])
25.6643 	EXP 	Tstim_13: height = 0.1
25.6643 	EXP 	Tstim_14: opacity = 0.5
25.6643 	EXP 	Tstim_14: pos = array([-0.12,  0.09])
25.6643 	EXP 	Tstim_14: height = 0.1
25.6643 	EXP 	Tstim_15: opacity = 0.5
25.6643 	EXP 	Tstim_15: pos = array([-0.06,  0.21])
25.6643 	EXP 	Tstim_15: height = 0.1
25.6643 	EXP 	Tstim_16: opacity = 0.5
25.6643 	EXP 	Tstim_16: pos = array([ 0.  , -0.12])
25.6643 	EXP 	Tstim_16: height = 0.1
25.6643 	EXP 	Tstim_17: opacity = 0.5
25.6643 	EXP 	Tstim_17: pos = array([-0.09, -0.06])
25.6643 	EXP 	Tstim_17: height = 0.1
25.6643 	EXP 	Tstim_18: opacity = 0.5
25.6643 	EXP 	Tstim_18: pos = array([-0.03,  0.27])
25.6643 	EXP 	Tstim_18: height = 0.1
25.6643 	EXP 	Tstim_19: opacity = 0.5
25.6643 	EXP 	Tstim_19: pos = array([-0.27, -0.09])
25.6643 	EXP 	Tstim_19: height = 0.1
25.6643 	EXP 	Tstim_20: opacity = 0.5
25.6643 	EXP 	Tstim_20: pos = array([ 0.24, -0.27])
25.6643 	EXP 	Tstim_20: height = 0.1
25.6643 	EXP 	Lstim: opacity = 0.5
25.6643 	EXP 	Lstim: pos = array([-0.3 ,  0.18])
25.6643 	EXP 	Lstim: height = 0.1
25.6643 	EXP 	Tstim: autoDraw = True
25.6643 	EXP 	Tstim_2: autoDraw = True
25.6643 	EXP 	Tstim_3: autoDraw = True
25.6643 	EXP 	Tstim_4: autoDraw = True
25.6643 	EXP 	Tstim_5: autoDraw = True
25.6643 	EXP 	Tstim_6: autoDraw = True
25.6643 	EXP 	Tstim_7: autoDraw = True
25.6643 	EXP 	Tstim_8: autoDraw = True
25.6643 	EXP 	Tstim_9: autoDraw = True
25.6643 	EXP 	Tstim_10: autoDraw = True
25.6643 	EXP 	Tstim_11: autoDraw = True
25.6643 	EXP 	Tstim_12: autoDraw = True
25.6643 	EXP 	Tstim_13: autoDraw = True
25.6643 	EXP 	Tstim_14: autoDraw = True
25.6643 	EXP 	Tstim_15: autoDraw = True
25.6643 	EXP 	Tstim_16: autoDraw = True
25.6643 	EXP 	Tstim_17: autoDraw = True
25.6643 	EXP 	Tstim_18: autoDraw = True
25.6643 	EXP 	Tstim_19: autoDraw = True
25.6643 	EXP 	Tstim_20: autoDraw = True
25.6643 	EXP 	Lstim: autoDraw = True
25.6643 	EXP 	Tstim: text = 'T'
25.6643 	EXP 	Tstim_2: text = 'T'
25.6643 	EXP 	Tstim_3: text = 'T'
25.6643 	EXP 	Tstim_4: text = 'T'
25.6643 	EXP 	Tstim_5: text = 'T'
25.6643 	EXP 	Tstim_6: text = 'T'
25.6643 	EXP 	Tstim_7: text = 'T'
25.6643 	EXP 	Tstim_8: text = 'T'
25.6643 	EXP 	Tstim_9: text = 'T'
25.6643 	EXP 	Tstim_10: text = 'T'
25.6643 	EXP 	Tstim_11: text = 'T'
25.6643 	EXP 	Tstim_12: text = 'T'
25.6643 	EXP 	Tstim_13: text = 'T'
25.6643 	EXP 	Tstim_14: text = 'T'
25.6643 	EXP 	Tstim_15: text = 'T'
25.6643 	EXP 	Tstim_16: text = 'T'
25.6643 	EXP 	Tstim_17: text = 'T'
25.6643 	EXP 	Tstim_18: text = 'T'
25.6643 	EXP 	Tstim_19: text = 'T'
25.6643 	EXP 	Tstim_20: text = 'T'
25.6643 	EXP 	Lstim: text = 'L'
28.4069 	DATA 	Mouse: Left button down, pos=(613,836)
28.4231 	EXP 	Tstim: autoDraw = False
28.4231 	EXP 	Tstim_2: autoDraw = False
28.4231 	EXP 	Tstim_3: autoDraw = False
28.4231 	EXP 	Tstim_4: autoDraw = False
28.4231 	EXP 	Tstim_5: autoDraw = False
28.4231 	EXP 	Tstim_6: autoDraw = False
28.4231 	EXP 	Tstim_7: autoDraw = False
28.4231 	EXP 	Tstim_8: autoDraw = False
28.4231 	EXP 	Tstim_9: autoDraw = False
28.4231 	EXP 	Tstim_10: autoDraw = False
28.4231 	EXP 	Tstim_11: autoDraw = False
28.4231 	EXP 	Tstim_12: autoDraw = False
28.4231 	EXP 	Tstim_13: autoDraw = False
28.4231 	EXP 	Tstim_14: autoDraw = False
28.4231 	EXP 	Tstim_15: autoDraw = False
28.4231 	EXP 	Tstim_16: autoDraw = False
28.4231 	EXP 	Tstim_17: autoDraw = False
28.4231 	EXP 	Tstim_18: autoDraw = False
28.4231 	EXP 	Tstim_19: autoDraw = False
28.4231 	EXP 	Tstim_20: autoDraw = False
28.4231 	EXP 	Lstim: autoDraw = False
28.4231 	EXP 	text: text = 'Target found!'
28.4231 	EXP 	text: autoDraw = True
28.4935 	DATA 	Mouse:  Left button up, pos=(613,836)
29.4100 	EXP 	New trial (rep=0, index=3): OrderedDict([('targetCol', 'black'), ('distractorCol', 'black'), ('mixedOris', 1), ('setSize', 20)])
29.5292 	EXP 	text: autoDraw = False
29.5292 	EXP 	text: autoDraw = False
29.5292 	EXP 	Tstim: color = 'black'
29.5292 	EXP 	Tstim_2: color = 'black'
29.5292 	EXP 	Tstim_3: color = 'black'
29.5292 	EXP 	Tstim_4: color = 'black'
29.5292 	EXP 	Tstim_5: color = 'black'
29.5292 	EXP 	Tstim_6: color = 'black'
29.5292 	EXP 	Tstim_7: color = 'black'
29.5292 	EXP 	Tstim_8: color = 'black'
29.5292 	EXP 	Tstim_9: color = 'black'
29.5292 	EXP 	Tstim_10: color = 'black'
29.5292 	EXP 	Tstim_11: color = 'black'
29.5292 	EXP 	Tstim_12: color = 'black'
29.5292 	EXP 	Tstim_13: color = 'black'
29.5292 	EXP 	Tstim_14: color = 'black'
29.5292 	EXP 	Tstim_15: color = 'black'
29.5292 	EXP 	Tstim_16: color = 'black'
29.5292 	EXP 	Tstim_17: color = 'black'
29.5292 	EXP 	Tstim_18: color = 'black'
29.5292 	EXP 	Tstim_19: color = 'black'
29.5292 	EXP 	Tstim_20: color = 'black'
29.5292 	EXP 	Lstim: color = 'black'
29.5292 	EXP 	Lstim: ori = 313.0
29.5292 	EXP 	Tstim: ori = 285.0
29.5292 	EXP 	Tstim_2: ori = 229.0
29.5292 	EXP 	Tstim_3: ori = 289.0
29.5292 	EXP 	Tstim_4: ori = 236.0
29.5292 	EXP 	Tstim_5: ori = 56.0
29.5292 	EXP 	Tstim_6: ori = 217.0
29.5292 	EXP 	Tstim_7: ori = 81.0
29.5292 	EXP 	Tstim_8: ori = 210.0
29.5292 	EXP 	Tstim_9: ori = 140.0
29.5292 	EXP 	Tstim_10: ori = 279.0
29.5292 	EXP 	Tstim_11: ori = 60.0
29.5292 	EXP 	Tstim_12: ori = 245.0
29.5292 	EXP 	Tstim_13: ori = 296.0
29.5292 	EXP 	Tstim_14: ori = 135.0
29.5292 	EXP 	Tstim_15: ori = 209.0
29.5292 	EXP 	Tstim_16: ori = 351.0
29.5292 	EXP 	Tstim_17: ori = 138.0
29.5292 	EXP 	Tstim_18: ori = 19.0
29.5292 	EXP 	Tstim_19: ori = 98.0
29.5292 	EXP 	Tstim_20: ori = 71.0
29.5292 	EXP 	Tstim: opacity = 0.5
29.5292 	EXP 	Tstim: pos = array([ 0.09, -0.06])
29.5292 	EXP 	Tstim: height = 0.1
29.5292 	EXP 	Tstim_2: opacity = 0.5
29.5292 	EXP 	Tstim_2: height = 0.1
29.5292 	EXP 	Tstim_3: opacity = 0.5
29.5292 	EXP 	Tstim_3: pos = array([ 0.  , -0.03])
29.5292 	EXP 	Tstim_3: height = 0.1
29.5292 	EXP 	Tstim_4: opacity = 0.5
29.5292 	EXP 	Tstim_4: pos = array([0.12, 0.15])
29.5292 	EXP 	Tstim_4: height = 0.1
29.5292 	EXP 	Tstim_5: opacity = 0.5
29.5292 	EXP 	Tstim_5: pos = array([-0.27,  0.3 ])
29.5292 	EXP 	Tstim_5: height = 0.1
29.5292 	EXP 	Tstim_6: opacity = 0.5
29.5292 	EXP 	Tstim_6: pos = array([-0.18, -0.09])
29.5292 	EXP 	Tstim_6: height = 0.1
29.5292 	EXP 	Tstim_7: opacity = 0.5
29.5292 	EXP 	Tstim_7: pos = array([-0.12, -0.15])
29.5292 	EXP 	Tstim_7: height = 0.1
29.5292 	EXP 	Tstim_8: opacity = 0.5
29.5292 	EXP 	Tstim_8: pos = array([-0.24, -0.18])
29.5292 	EXP 	Tstim_8: height = 0.1
29.5292 	EXP 	Tstim_9: opacity = 0.5
29.5292 	EXP 	Tstim_9: pos = array([-0.06,  0.12])
29.5292 	EXP 	Tstim_9: height = 0.1
29.5292 	EXP 	Tstim_10: opacity = 0.5
29.5292 	EXP 	Tstim_10: pos = array([ 0.24, -0.27])
29.5292 	EXP 	Tstim_10: height = 0.1
29.5292 	EXP 	Tstim_11: opacity = 0.5
29.5292 	EXP 	Tstim_11: pos = array([ 0.18, -0.3 ])
29.5292 	EXP 	Tstim_11: height = 0.1
29.5292 	EXP 	Tstim_12: opacity = 0.5
29.5292 	EXP 	Tstim_12: pos = array([-0.21, -0.21])
29.5292 	EXP 	Tstim_12: height = 0.1
29.5292 	EXP 	Tstim_13: opacity = 0.5
29.5292 	EXP 	Tstim_13: pos = array([-0.09,  0.06])
29.5292 	EXP 	Tstim_13: height = 0.1
29.5292 	EXP 	Tstim_14: opacity = 0.5
29.5292 	EXP 	Tstim_14: pos = array([0.27, 0.24])
29.5292 	EXP 	Tstim_14: height = 0.1
29.5292 	EXP 	Tstim_15: opacity = 0.5
29.5292 	EXP 	Tstim_15: pos = array([0.21, 0.21])
29.5292 	EXP 	Tstim_15: height = 0.1
29.5292 	EXP 	Tstim_16: opacity = 0.5
29.5292 	EXP 	Tstim_16: pos = array([-0.15,  0.18])
29.5292 	EXP 	Tstim_16: height = 0.1
29.5292 	EXP 	Tstim_17: opacity = 0.5
29.5292 	EXP 	Tstim_17: pos = array([-0.3 ,  0.27])
29.5292 	EXP 	Tstim_17: height = 0.1
29.5292 	EXP 	Tstim_18: opacity = 0.5
29.5292 	EXP 	Tstim_18: pos = array([-0.03, -0.12])
29.5292 	EXP 	Tstim_18: height = 0.1
29.5292 	EXP 	Tstim_19: opacity = 0.5
29.5292 	EXP 	Tstim_19: pos = array([ 0.15, -0.24])
29.5292 	EXP 	Tstim_19: height = 0.1
29.5292 	EXP 	Tstim_20: opacity = 0.5
29.5292 	EXP 	Tstim_20: pos = array([0.3, 0. ])
29.5292 	EXP 	Tstim_20: height = 0.1
29.5292 	EXP 	Lstim: opacity = 0.5
29.5292 	EXP 	Lstim: pos = array([0.06, 0.03])
29.5292 	EXP 	Lstim: height = 0.1
29.5292 	EXP 	Tstim: autoDraw = True
29.5292 	EXP 	Tstim_2: autoDraw = True
29.5292 	EXP 	Tstim_3: autoDraw = True
29.5292 	EXP 	Tstim_4: autoDraw = True
29.5292 	EXP 	Tstim_5: autoDraw = True
29.5292 	EXP 	Tstim_6: autoDraw = True
29.5292 	EXP 	Tstim_7: autoDraw = True
29.5292 	EXP 	Tstim_8: autoDraw = True
29.5292 	EXP 	Tstim_9: autoDraw = True
29.5292 	EXP 	Tstim_10: autoDraw = True
29.5292 	EXP 	Tstim_11: autoDraw = True
29.5292 	EXP 	Tstim_12: autoDraw = True
29.5292 	EXP 	Tstim_13: autoDraw = True
29.5292 	EXP 	Tstim_14: autoDraw = True
29.5292 	EXP 	Tstim_15: autoDraw = True
29.5292 	EXP 	Tstim_16: autoDraw = True
29.5292 	EXP 	Tstim_17: autoDraw = True
29.5292 	EXP 	Tstim_18: autoDraw = True
29.5292 	EXP 	Tstim_19: autoDraw = True
29.5292 	EXP 	Tstim_20: autoDraw = True
29.5292 	EXP 	Lstim: autoDraw = True
29.5292 	EXP 	Tstim: text = 'T'
29.5292 	EXP 	Tstim_2: text = 'T'
29.5292 	EXP 	Tstim_3: text = 'T'
29.5292 	EXP 	Tstim_4: text = 'T'
29.5292 	EXP 	Tstim_5: text = 'T'
29.5292 	EXP 	Tstim_6: text = 'T'
29.5292 	EXP 	Tstim_7: text = 'T'
29.5292 	EXP 	Tstim_8: text = 'T'
29.5292 	EXP 	Tstim_9: text = 'T'
29.5292 	EXP 	Tstim_10: text = 'T'
29.5292 	EXP 	Tstim_11: text = 'T'
29.5292 	EXP 	Tstim_12: text = 'T'
29.5292 	EXP 	Tstim_13: text = 'T'
29.5292 	EXP 	Tstim_14: text = 'T'
29.5292 	EXP 	Tstim_15: text = 'T'
29.5292 	EXP 	Tstim_16: text = 'T'
29.5292 	EXP 	Tstim_17: text = 'T'
29.5292 	EXP 	Tstim_18: text = 'T'
29.5292 	EXP 	Tstim_19: text = 'T'
29.5292 	EXP 	Tstim_20: text = 'T'
29.5292 	EXP 	Lstim: text = 'L'
31.0781 	DATA 	Mouse: Left button down, pos=(1068,612)
31.0920 	EXP 	Tstim: autoDraw = False
31.0920 	EXP 	Tstim_2: autoDraw = False
31.0920 	EXP 	Tstim_3: autoDraw = False
31.0920 	EXP 	Tstim_4: autoDraw = False
31.0920 	EXP 	Tstim_5: autoDraw = False
31.0920 	EXP 	Tstim_6: autoDraw = False
31.0920 	EXP 	Tstim_7: autoDraw = False
31.0920 	EXP 	Tstim_8: autoDraw = False
31.0920 	EXP 	Tstim_9: autoDraw = False
31.0920 	EXP 	Tstim_10: autoDraw = False
31.0920 	EXP 	Tstim_11: autoDraw = False
31.0920 	EXP 	Tstim_12: autoDraw = False
31.0920 	EXP 	Tstim_13: autoDraw = False
31.0920 	EXP 	Tstim_14: autoDraw = False
31.0920 	EXP 	Tstim_15: autoDraw = False
31.0920 	EXP 	Tstim_16: autoDraw = False
31.0920 	EXP 	Tstim_17: autoDraw = False
31.0920 	EXP 	Tstim_18: autoDraw = False
31.0920 	EXP 	Tstim_19: autoDraw = False
31.0920 	EXP 	Tstim_20: autoDraw = False
31.0920 	EXP 	Lstim: autoDraw = False
31.0920 	EXP 	text: text = 'Target found!'
31.0920 	EXP 	text: autoDraw = True
31.1624 	DATA 	Mouse:  Left button up, pos=(1068,612)
32.0792 	EXP 	New trial (rep=0, index=4): OrderedDict([('targetCol', 'red'), ('distractorCol', 'black'), ('mixedOris', 1), ('setSize', 20)])
32.2045 	EXP 	text: autoDraw = False
32.2045 	EXP 	text: autoDraw = False
32.2045 	EXP 	Tstim: color = 'black'
32.2045 	EXP 	Tstim_2: color = 'black'
32.2045 	EXP 	Tstim_3: color = 'black'
32.2045 	EXP 	Tstim_4: color = 'black'
32.2045 	EXP 	Tstim_5: color = 'black'
32.2045 	EXP 	Tstim_6: color = 'black'
32.2045 	EXP 	Tstim_7: color = 'black'
32.2045 	EXP 	Tstim_8: color = 'black'
32.2045 	EXP 	Tstim_9: color = 'black'
32.2045 	EXP 	Tstim_10: color = 'black'
32.2045 	EXP 	Tstim_11: color = 'black'
32.2045 	EXP 	Tstim_12: color = 'black'
32.2045 	EXP 	Tstim_13: color = 'black'
32.2045 	EXP 	Tstim_14: color = 'black'
32.2045 	EXP 	Tstim_15: color = 'black'
32.2045 	EXP 	Tstim_16: color = 'black'
32.2045 	EXP 	Tstim_17: color = 'black'
32.2045 	EXP 	Tstim_18: color = 'black'
32.2045 	EXP 	Tstim_19: color = 'black'
32.2045 	EXP 	Tstim_20: color = 'black'
32.2045 	EXP 	Lstim: color = 'red'
32.2045 	EXP 	Lstim: ori = 296.0
32.2045 	EXP 	Tstim: ori = 164.0
32.2045 	EXP 	Tstim_2: ori = 39.0
32.2045 	EXP 	Tstim_3: ori = 177.0
32.2045 	EXP 	Tstim_4: ori = 90.0
32.2045 	EXP 	Tstim_5: ori = 223.0
32.2045 	EXP 	Tstim_6: ori = 283.0
32.2045 	EXP 	Tstim_7: ori = 47.0
32.2045 	EXP 	Tstim_8: ori = 181.0
32.2045 	EXP 	Tstim_9: ori = 190.0
32.2045 	EXP 	Tstim_10: ori = 321.0
32.2045 	EXP 	Tstim_11: ori = 101.0
32.2045 	EXP 	Tstim_12: ori = 357.0
32.2045 	EXP 	Tstim_13: ori = 350.0
32.2045 	EXP 	Tstim_14: ori = 177.0
32.2045 	EXP 	Tstim_15: ori = 176.0
32.2045 	EXP 	Tstim_16: ori = 220.0
32.2045 	EXP 	Tstim_17: ori = 124.0
32.2045 	EXP 	Tstim_18: ori = 14.0
32.2045 	EXP 	Tstim_19: ori = 356.0
32.2045 	EXP 	Tstim_20: ori = 98.0
32.2045 	EXP 	Tstim: opacity = 0.5
32.2045 	EXP 	Tstim: pos = array([0.09, 0.27])
32.2045 	EXP 	Tstim: height = 0.1
32.2045 	EXP 	Tstim_2: opacity = 0.5
32.2045 	EXP 	Tstim_2: height = 0.1
32.2045 	EXP 	Tstim_3: opacity = 0.5
32.2045 	EXP 	Tstim_3: pos = array([0.03, 0.15])
32.2045 	EXP 	Tstim_3: height = 0.1
32.2045 	EXP 	Tstim_4: opacity = 0.5
32.2045 	EXP 	Tstim_4: pos = array([ 0.  , -0.09])
32.2045 	EXP 	Tstim_4: height = 0.1
32.2045 	EXP 	Tstim_5: opacity = 0.5
32.2045 	EXP 	Tstim_5: pos = array([0.06, 0.  ])
32.2045 	EXP 	Tstim_5: height = 0.1
32.2045 	EXP 	Tstim_6: opacity = 0.5
32.2045 	EXP 	Tstim_6: pos = array([ 0.21, -0.18])
32.2045 	EXP 	Tstim_6: height = 0.1
32.2045 	EXP 	Tstim_7: opacity = 0.5
32.2045 	EXP 	Tstim_7: pos = array([-0.24,  0.09])
32.2045 	EXP 	Tstim_7: height = 0.1
32.2045 	EXP 	Tstim_8: opacity = 0.5
32.2045 	EXP 	Tstim_8: pos = array([-0.06, -0.21])
32.2045 	EXP 	Tstim_8: height = 0.1
32.2045 	EXP 	Tstim_9: opacity = 0.5
32.2045 	EXP 	Tstim_9: pos = array([ 0.18, -0.03])
32.2045 	EXP 	Tstim_9: height = 0.1
32.2045 	EXP 	Tstim_10: opacity = 0.5
32.2045 	EXP 	Tstim_10: pos = array([0.24, 0.18])
32.2045 	EXP 	Tstim_10: height = 0.1
32.2045 	EXP 	Tstim_11: opacity = 0.5
32.2045 	EXP 	Tstim_11: pos = array([ 0.3 , -0.06])
32.2045 	EXP 	Tstim_11: height = 0.1
32.2045 	EXP 	Tstim_12: opacity = 0.5
32.2045 	EXP 	Tstim_12: pos = array([-0.18,  0.24])
32.2045 	EXP 	Tstim_12: height = 0.1
32.2045 	EXP 	Tstim_13: opacity = 0.5
32.2045 	EXP 	Tstim_13: pos = array([-0.27,  0.03])
32.2045 	EXP 	Tstim_13: height = 0.1
32.2045 	EXP 	Tstim_14: opacity = 0.5
32.2045 	EXP 	Tstim_14: pos = array([-0.3 , -0.24])
32.2045 	EXP 	Tstim_14: height = 0.1
32.2045 	EXP 	Tstim_15: opacity = 0.5
32.2045 	EXP 	Tstim_15: pos = array([0.27, 0.06])
32.2045 	EXP 	Tstim_15: height = 0.1
32.2045 	EXP 	Tstim_16: opacity = 0.5
32.2045 	EXP 	Tstim_16: pos = array([0.15, 0.21])
32.2045 	EXP 	Tstim_16: height = 0.1
32.2045 	EXP 	Tstim_17: opacity = 0.5
32.2045 	EXP 	Tstim_17: pos = array([-0.03,  0.12])
32.2045 	EXP 	Tstim_17: height = 0.1
32.2045 	EXP 	Tstim_18: opacity = 0.5
32.2045 	EXP 	Tstim_18: pos = array([-0.12, -0.15])
32.2045 	EXP 	Tstim_18: height = 0.1
32.2045 	EXP 	Tstim_19: opacity = 0.5
32.2045 	EXP 	Tstim_19: pos = array([-0.15, -0.12])
32.2045 	EXP 	Tstim_19: height = 0.1
32.2045 	EXP 	Tstim_20: opacity = 0.5
32.2045 	EXP 	Tstim_20: pos = array([-0.21, -0.27])
32.2045 	EXP 	Tstim_20: height = 0.1
32.2045 	EXP 	Lstim: opacity = 0.5
32.2045 	EXP 	Lstim: pos = array([0.12, 0.3 ])
32.2045 	EXP 	Lstim: height = 0.1
32.2045 	EXP 	Tstim: autoDraw = True
32.2045 	EXP 	Tstim_2: autoDraw = True
32.2045 	EXP 	Tstim_3: autoDraw = True
32.2045 	EXP 	Tstim_4: autoDraw = True
32.2045 	EXP 	Tstim_5: autoDraw = True
32.2045 	EXP 	Tstim_6: autoDraw = True
32.2045 	EXP 	Tstim_7: autoDraw = True
32.2045 	EXP 	Tstim_8: autoDraw = True
32.2045 	EXP 	Tstim_9: autoDraw = True
32.2045 	EXP 	Tstim_10: autoDraw = True
32.2045 	EXP 	Tstim_11: autoDraw = True
32.2045 	EXP 	Tstim_12: autoDraw = True
32.2045 	EXP 	Tstim_13: autoDraw = True
32.2045 	EXP 	Tstim_14: autoDraw = True
32.2045 	EXP 	Tstim_15: autoDraw = True
32.2045 	EXP 	Tstim_16: autoDraw = True
32.2045 	EXP 	Tstim_17: autoDraw = True
32.2045 	EXP 	Tstim_18: autoDraw = True
32.2045 	EXP 	Tstim_19: autoDraw = True
32.2045 	EXP 	Tstim_20: autoDraw = True
32.2045 	EXP 	Lstim: autoDraw = True
32.2045 	EXP 	Tstim: text = 'T'
32.2045 	EXP 	Tstim_2: text = 'T'
32.2045 	EXP 	Tstim_3: text = 'T'
32.2045 	EXP 	Tstim_4: text = 'T'
32.2045 	EXP 	Tstim_5: text = 'T'
32.2045 	EXP 	Tstim_6: text = 'T'
32.2045 	EXP 	Tstim_7: text = 'T'
32.2045 	EXP 	Tstim_8: text = 'T'
32.2045 	EXP 	Tstim_9: text = 'T'
32.2045 	EXP 	Tstim_10: text = 'T'
32.2045 	EXP 	Tstim_11: text = 'T'
32.2045 	EXP 	Tstim_12: text = 'T'
32.2045 	EXP 	Tstim_13: text = 'T'
32.2045 	EXP 	Tstim_14: text = 'T'
32.2045 	EXP 	Tstim_15: text = 'T'
32.2045 	EXP 	Tstim_16: text = 'T'
32.2045 	EXP 	Tstim_17: text = 'T'
32.2045 	EXP 	Tstim_18: text = 'T'
32.2045 	EXP 	Tstim_19: text = 'T'
32.2045 	EXP 	Tstim_20: text = 'T'
32.2045 	EXP 	Lstim: text = 'L'
33.5610 	DATA 	Mouse: Left button down, pos=(1129,927)
33.5771 	EXP 	Tstim: autoDraw = False
33.5771 	EXP 	Tstim_2: autoDraw = False
33.5771 	EXP 	Tstim_3: autoDraw = False
33.5771 	EXP 	Tstim_4: autoDraw = False
33.5771 	EXP 	Tstim_5: autoDraw = False
33.5771 	EXP 	Tstim_6: autoDraw = False
33.5771 	EXP 	Tstim_7: autoDraw = False
33.5771 	EXP 	Tstim_8: autoDraw = False
33.5771 	EXP 	Tstim_9: autoDraw = False
33.5771 	EXP 	Tstim_10: autoDraw = False
33.5771 	EXP 	Tstim_11: autoDraw = False
33.5771 	EXP 	Tstim_12: autoDraw = False
33.5771 	EXP 	Tstim_13: autoDraw = False
33.5771 	EXP 	Tstim_14: autoDraw = False
33.5771 	EXP 	Tstim_15: autoDraw = False
33.5771 	EXP 	Tstim_16: autoDraw = False
33.5771 	EXP 	Tstim_17: autoDraw = False
33.5771 	EXP 	Tstim_18: autoDraw = False
33.5771 	EXP 	Tstim_19: autoDraw = False
33.5771 	EXP 	Tstim_20: autoDraw = False
33.5771 	EXP 	Lstim: autoDraw = False
33.5771 	EXP 	text: text = 'Target found!'
33.5771 	EXP 	text: autoDraw = True
33.6484 	DATA 	Mouse:  Left button up, pos=(1129,927)
34.5645 	EXP 	New trial (rep=0, index=5): OrderedDict([('targetCol', 'black'), ('distractorCol', 'black'), ('mixedOris', 1), ('setSize', 20)])
34.6655 	EXP 	text: autoDraw = False
34.6655 	EXP 	text: autoDraw = False
34.6655 	EXP 	Tstim: color = 'black'
34.6655 	EXP 	Tstim_2: color = 'black'
34.6655 	EXP 	Tstim_3: color = 'black'
34.6655 	EXP 	Tstim_4: color = 'black'
34.6655 	EXP 	Tstim_5: color = 'black'
34.6655 	EXP 	Tstim_6: color = 'black'
34.6655 	EXP 	Tstim_7: color = 'black'
34.6655 	EXP 	Tstim_8: color = 'black'
34.6655 	EXP 	Tstim_9: color = 'black'
34.6655 	EXP 	Tstim_10: color = 'black'
34.6655 	EXP 	Tstim_11: color = 'black'
34.6655 	EXP 	Tstim_12: color = 'black'
34.6655 	EXP 	Tstim_13: color = 'black'
34.6655 	EXP 	Tstim_14: color = 'black'
34.6655 	EXP 	Tstim_15: color = 'black'
34.6655 	EXP 	Tstim_16: color = 'black'
34.6655 	EXP 	Tstim_17: color = 'black'
34.6655 	EXP 	Tstim_18: color = 'black'
34.6655 	EXP 	Tstim_19: color = 'black'
34.6655 	EXP 	Tstim_20: color = 'black'
34.6655 	EXP 	Lstim: color = 'black'
34.6655 	EXP 	Lstim: ori = 44.0
34.6655 	EXP 	Tstim: ori = 120.0
34.6655 	EXP 	Tstim_2: ori = 259.0
34.6655 	EXP 	Tstim_3: ori = 188.0
34.6655 	EXP 	Tstim_4: ori = 210.0
34.6655 	EXP 	Tstim_5: ori = 56.0
34.6655 	EXP 	Tstim_6: ori = 198.0
34.6655 	EXP 	Tstim_7: ori = 315.0
34.6655 	EXP 	Tstim_8: ori = 71.0
34.6655 	EXP 	Tstim_9: ori = 319.0
34.6655 	EXP 	Tstim_10: ori = 217.0
34.6655 	EXP 	Tstim_11: ori = 182.0
34.6655 	EXP 	Tstim_12: ori = 251.0
34.6655 	EXP 	Tstim_13: ori = 251.0
34.6655 	EXP 	Tstim_14: ori = 13.0
34.6655 	EXP 	Tstim_15: ori = 192.0
34.6655 	EXP 	Tstim_16: ori = 132.0
34.6655 	EXP 	Tstim_17: ori = 273.0
34.6655 	EXP 	Tstim_18: ori = 288.0
34.6655 	EXP 	Tstim_19: ori = 41.0
34.6655 	EXP 	Tstim_20: ori = 307.0
34.6655 	EXP 	Tstim: opacity = 0.5
34.6655 	EXP 	Tstim: pos = array([-0.21,  0.27])
34.6655 	EXP 	Tstim: height = 0.1
34.6655 	EXP 	Tstim_2: opacity = 0.5
34.6655 	EXP 	Tstim_2: height = 0.1
34.6655 	EXP 	Tstim_3: opacity = 0.5
34.6655 	EXP 	Tstim_3: pos = array([ 0.18, -0.18])
34.6655 	EXP 	Tstim_3: height = 0.1
34.6655 	EXP 	Tstim_4: opacity = 0.5
34.6655 	EXP 	Tstim_4: pos = array([0.09, 0.3 ])
34.6655 	EXP 	Tstim_4: height = 0.1
34.6655 	EXP 	Tstim_5: opacity = 0.5
34.6655 	EXP 	Tstim_5: pos = array([-0.24, -0.24])
34.6655 	EXP 	Tstim_5: height = 0.1
34.6655 	EXP 	Tstim_6: opacity = 0.5
34.6655 	EXP 	Tstim_6: pos = array([ 0.24, -0.15])
34.6655 	EXP 	Tstim_6: height = 0.1
34.6655 	EXP 	Tstim_7: opacity = 0.5
34.6655 	EXP 	Tstim_7: pos = array([-0.27,  0.03])
34.6655 	EXP 	Tstim_7: height = 0.1
34.6655 	EXP 	Tstim_8: opacity = 0.5
34.6655 	EXP 	Tstim_8: pos = array([-0.18,  0.18])
34.6655 	EXP 	Tstim_8: height = 0.1
34.6655 	EXP 	Tstim_9: opacity = 0.5
34.6655 	EXP 	Tstim_9: pos = array([ 0.03, -0.3 ])
34.6655 	EXP 	Tstim_9: height = 0.1
34.6655 	EXP 	Tstim_10: opacity = 0.5
34.6655 	EXP 	Tstim_10: pos = array([0.06, 0.  ])
34.6655 	EXP 	Tstim_10: height = 0.1
34.6655 	EXP 	Tstim_11: opacity = 0.5
34.6655 	EXP 	Tstim_11: pos = array([0.15, 0.24])
34.6655 	EXP 	Tstim_11: height = 0.1
34.6655 	EXP 	Tstim_12: opacity = 0.5
34.6655 	EXP 	Tstim_12: pos = array([-0.15,  0.06])
34.6655 	EXP 	Tstim_12: height = 0.1
34.6655 	EXP 	Tstim_13: opacity = 0.5
34.6655 	EXP 	Tstim_13: pos = array([-0.12,  0.15])
34.6655 	EXP 	Tstim_13: height = 0.1
34.6655 	EXP 	Tstim_14: opacity = 0.5
34.6655 	EXP 	Tstim_14: pos = array([-0.09, -0.12])
34.6655 	EXP 	Tstim_14: height = 0.1
34.6655 	EXP 	Tstim_15: opacity = 0.5
34.6655 	EXP 	Tstim_15: pos = array([ 0.27, -0.06])
34.6655 	EXP 	Tstim_15: height = 0.1
34.6655 	EXP 	Tstim_16: opacity = 0.5
34.6655 	EXP 	Tstim_16: pos = array([-0.3 , -0.09])
34.6655 	EXP 	Tstim_16: height = 0.1
34.6655 	EXP 	Tstim_17: opacity = 0.5
34.6655 	EXP 	Tstim_17: pos = array([ 0.12, -0.03])
34.6655 	EXP 	Tstim_17: height = 0.1
34.6655 	EXP 	Tstim_18: opacity = 0.5
34.6655 	EXP 	Tstim_18: pos = array([-0.03,  0.12])
34.6655 	EXP 	Tstim_18: height = 0.1
34.6655 	EXP 	Tstim_19: opacity = 0.5
34.6655 	EXP 	Tstim_19: pos = array([0.  , 0.09])
34.6655 	EXP 	Tstim_19: height = 0.1
34.6655 	EXP 	Tstim_20: opacity = 0.5
34.6655 	EXP 	Tstim_20: pos = array([0.3 , 0.21])
34.6655 	EXP 	Tstim_20: height = 0.1
34.6655 	EXP 	Lstim: opacity = 0.5
34.6655 	EXP 	Lstim: pos = array([-0.06, -0.21])
34.6655 	EXP 	Lstim: height = 0.1
34.6655 	EXP 	Tstim: autoDraw = True
34.6655 	EXP 	Tstim_2: autoDraw = True
34.6655 	EXP 	Tstim_3: autoDraw = True
34.6655 	EXP 	Tstim_4: autoDraw = True
34.6655 	EXP 	Tstim_5: autoDraw = True
34.6655 	EXP 	Tstim_6: autoDraw = True
34.6655 	EXP 	Tstim_7: autoDraw = True
34.6655 	EXP 	Tstim_8: autoDraw = True
34.6655 	EXP 	Tstim_9: autoDraw = True
34.6655 	EXP 	Tstim_10: autoDraw = True
34.6655 	EXP 	Tstim_11: autoDraw = True
34.6655 	EXP 	Tstim_12: autoDraw = True
34.6655 	EXP 	Tstim_13: autoDraw = True
34.6655 	EXP 	Tstim_14: autoDraw = True
34.6655 	EXP 	Tstim_15: autoDraw = True
34.6655 	EXP 	Tstim_16: autoDraw = True
34.6655 	EXP 	Tstim_17: autoDraw = True
34.6655 	EXP 	Tstim_18: autoDraw = True
34.6655 	EXP 	Tstim_19: autoDraw = True
34.6655 	EXP 	Tstim_20: autoDraw = True
34.6655 	EXP 	Lstim: autoDraw = True
34.6655 	EXP 	Tstim: text = 'T'
34.6655 	EXP 	Tstim_2: text = 'T'
34.6655 	EXP 	Tstim_3: text = 'T'
34.6655 	EXP 	Tstim_4: text = 'T'
34.6655 	EXP 	Tstim_5: text = 'T'
34.6655 	EXP 	Tstim_6: text = 'T'
34.6655 	EXP 	Tstim_7: text = 'T'
34.6655 	EXP 	Tstim_8: text = 'T'
34.6655 	EXP 	Tstim_9: text = 'T'
34.6655 	EXP 	Tstim_10: text = 'T'
34.6655 	EXP 	Tstim_11: text = 'T'
34.6655 	EXP 	Tstim_12: text = 'T'
34.6655 	EXP 	Tstim_13: text = 'T'
34.6655 	EXP 	Tstim_14: text = 'T'
34.6655 	EXP 	Tstim_15: text = 'T'
34.6655 	EXP 	Tstim_16: text = 'T'
34.6655 	EXP 	Tstim_17: text = 'T'
34.6655 	EXP 	Tstim_18: text = 'T'
34.6655 	EXP 	Tstim_19: text = 'T'
34.6655 	EXP 	Tstim_20: text = 'T'
34.6655 	EXP 	Lstim: text = 'L'
44.8718 	DATA 	Mouse: Left button down, pos=(878,370)
44.8868 	EXP 	Tstim: autoDraw = False
44.8868 	EXP 	Tstim_2: autoDraw = False
44.8868 	EXP 	Tstim_3: autoDraw = False
44.8868 	EXP 	Tstim_4: autoDraw = False
44.8868 	EXP 	Tstim_5: autoDraw = False
44.8868 	EXP 	Tstim_6: autoDraw = False
44.8868 	EXP 	Tstim_7: autoDraw = False
44.8868 	EXP 	Tstim_8: autoDraw = False
44.8868 	EXP 	Tstim_9: autoDraw = False
44.8868 	EXP 	Tstim_10: autoDraw = False
44.8868 	EXP 	Tstim_11: autoDraw = False
44.8868 	EXP 	Tstim_12: autoDraw = False
44.8868 	EXP 	Tstim_13: autoDraw = False
44.8868 	EXP 	Tstim_14: autoDraw = False
44.8868 	EXP 	Tstim_15: autoDraw = False
44.8868 	EXP 	Tstim_16: autoDraw = False
44.8868 	EXP 	Tstim_17: autoDraw = False
44.8868 	EXP 	Tstim_18: autoDraw = False
44.8868 	EXP 	Tstim_19: autoDraw = False
44.8868 	EXP 	Tstim_20: autoDraw = False
44.8868 	EXP 	Lstim: autoDraw = False
44.8868 	EXP 	text: text = 'Target found!'
44.8868 	EXP 	text: autoDraw = True
44.9580 	DATA 	Mouse:  Left button up, pos=(878,370)
45.8735 	EXP 	New trial (rep=0, index=6): OrderedDict([('targetCol', 'black'), ('distractorCol', 'black'), ('mixedOris', 1), ('setSize', 20)])
46.0119 	EXP 	text: autoDraw = False
46.0119 	EXP 	text: autoDraw = False
46.0119 	EXP 	Tstim: color = 'black'
46.0119 	EXP 	Tstim_2: color = 'black'
46.0119 	EXP 	Tstim_3: color = 'black'
46.0119 	EXP 	Tstim_4: color = 'black'
46.0119 	EXP 	Tstim_5: color = 'black'
46.0119 	EXP 	Tstim_6: color = 'black'
46.0119 	EXP 	Tstim_7: color = 'black'
46.0119 	EXP 	Tstim_8: color = 'black'
46.0119 	EXP 	Tstim_9: color = 'black'
46.0119 	EXP 	Tstim_10: color = 'black'
46.0119 	EXP 	Tstim_11: color = 'black'
46.0119 	EXP 	Tstim_12: color = 'black'
46.0119 	EXP 	Tstim_13: color = 'black'
46.0119 	EXP 	Tstim_14: color = 'black'
46.0119 	EXP 	Tstim_15: color = 'black'
46.0119 	EXP 	Tstim_16: color = 'black'
46.0119 	EXP 	Tstim_17: color = 'black'
46.0119 	EXP 	Tstim_18: color = 'black'
46.0119 	EXP 	Tstim_19: color = 'black'
46.0119 	EXP 	Tstim_20: color = 'black'
46.0119 	EXP 	Lstim: color = 'black'
46.0119 	EXP 	Lstim: ori = 218.0
46.0119 	EXP 	Tstim: ori = 206.0
46.0119 	EXP 	Tstim_2: ori = 348.0
46.0119 	EXP 	Tstim_3: ori = 201.0
46.0119 	EXP 	Tstim_4: ori = 258.0
46.0119 	EXP 	Tstim_5: ori = 278.0
46.0119 	EXP 	Tstim_6: ori = 7.0
46.0119 	EXP 	Tstim_7: ori = 55.0
46.0119 	EXP 	Tstim_8: ori = 237.0
46.0119 	EXP 	Tstim_9: ori = 346.0
46.0119 	EXP 	Tstim_10: ori = 132.0
46.0119 	EXP 	Tstim_11: ori = 23.0
46.0119 	EXP 	Tstim_12: ori = 339.0
46.0119 	EXP 	Tstim_13: ori = 346.0
46.0119 	EXP 	Tstim_14: ori = 15.0
46.0119 	EXP 	Tstim_15: ori = 160.0
46.0119 	EXP 	Tstim_16: ori = 139.0
46.0119 	EXP 	Tstim_17: ori = 183.0
46.0119 	EXP 	Tstim_18: ori = 352.0
46.0119 	EXP 	Tstim_19: ori = 124.0
46.0119 	EXP 	Tstim_20: ori = 50.0
46.0119 	EXP 	Tstim: opacity = 0.5
46.0119 	EXP 	Tstim: pos = array([0.24, 0.27])
46.0119 	EXP 	Tstim: height = 0.1
46.0119 	EXP 	Tstim_2: opacity = 0.5
46.0119 	EXP 	Tstim_2: height = 0.1
46.0119 	EXP 	Tstim_3: opacity = 0.5
46.0119 	EXP 	Tstim_3: pos = array([-0.09,  0.3 ])
46.0119 	EXP 	Tstim_3: height = 0.1
46.0119 	EXP 	Tstim_4: opacity = 0.5
46.0119 	EXP 	Tstim_4: pos = array([0.03, 0.09])
46.0119 	EXP 	Tstim_4: height = 0.1
46.0119 	EXP 	Tstim_5: opacity = 0.5
46.0119 	EXP 	Tstim_5: pos = array([ 0.21, -0.27])
46.0119 	EXP 	Tstim_5: height = 0.1
46.0119 	EXP 	Tstim_6: opacity = 0.5
46.0119 	EXP 	Tstim_6: pos = array([-0.03,  0.21])
46.0119 	EXP 	Tstim_6: height = 0.1
46.0119 	EXP 	Tstim_7: opacity = 0.5
46.0119 	EXP 	Tstim_7: pos = array([ 0.12, -0.06])
46.0119 	EXP 	Tstim_7: height = 0.1
46.0119 	EXP 	Tstim_8: opacity = 0.5
46.0119 	EXP 	Tstim_8: pos = array([-0.3 , -0.18])
46.0119 	EXP 	Tstim_8: height = 0.1
46.0119 	EXP 	Tstim_9: opacity = 0.5
46.0119 	EXP 	Tstim_9: pos = array([-0.24, -0.09])
46.0119 	EXP 	Tstim_9: height = 0.1
46.0119 	EXP 	Tstim_10: opacity = 0.5
46.0119 	EXP 	Tstim_10: pos = array([-0.18,  0.18])
46.0119 	EXP 	Tstim_10: height = 0.1
46.0119 	EXP 	Tstim_11: opacity = 0.5
46.0119 	EXP 	Tstim_11: pos = array([-0.21, -0.21])
46.0119 	EXP 	Tstim_11: height = 0.1
46.0119 	EXP 	Tstim_12: opacity = 0.5
46.0119 	EXP 	Tstim_12: pos = array([ 0.09, -0.12])
46.0119 	EXP 	Tstim_12: height = 0.1
46.0119 	EXP 	Tstim_13: opacity = 0.5
46.0119 	EXP 	Tstim_13: pos = array([0.06, 0.15])
46.0119 	EXP 	Tstim_13: height = 0.1
46.0119 	EXP 	Tstim_14: opacity = 0.5
46.0119 	EXP 	Tstim_14: pos = array([-0.06,  0.  ])
46.0119 	EXP 	Tstim_14: height = 0.1
46.0119 	EXP 	Tstim_15: opacity = 0.5
46.0119 	EXP 	Tstim_15: pos = array([ 0.15, -0.03])
46.0119 	EXP 	Tstim_15: height = 0.1
46.0119 	EXP 	Tstim_16: opacity = 0.5
46.0119 	EXP 	Tstim_16: pos = array([-0.27, -0.15])
46.0119 	EXP 	Tstim_16: height = 0.1
46.0119 	EXP 	Tstim_17: opacity = 0.5
46.0119 	EXP 	Tstim_17: pos = array([-0.12, -0.3 ])
46.0119 	EXP 	Tstim_17: height = 0.1
46.0119 	EXP 	Tstim_18: opacity = 0.5
46.0119 	EXP 	Tstim_18: pos = array([0.27, 0.24])
46.0119 	EXP 	Tstim_18: height = 0.1
46.0119 	EXP 	Tstim_19: opacity = 0.5
46.0119 	EXP 	Tstim_19: pos = array([ 0.18, -0.24])
46.0119 	EXP 	Tstim_19: height = 0.1
46.0119 	EXP 	Tstim_20: opacity = 0.5
46.0119 	EXP 	Tstim_20: pos = array([0.  , 0.06])
46.0119 	EXP 	Tstim_20: height = 0.1
46.0119 	EXP 	Lstim: opacity = 0.5
46.0119 	EXP 	Lstim: pos = array([-0.15,  0.12])
46.0119 	EXP 	Lstim: height = 0.1
46.0119 	EXP 	Tstim: autoDraw = True
46.0119 	EXP 	Tstim_2: autoDraw = True
46.0119 	EXP 	Tstim_3: autoDraw = True
46.0119 	EXP 	Tstim_4: autoDraw = True
46.0119 	EXP 	Tstim_5: autoDraw = True
46.0119 	EXP 	Tstim_6: autoDraw = True
46.0119 	EXP 	Tstim_7: autoDraw = True
46.0119 	EXP 	Tstim_8: autoDraw = True
46.0119 	EXP 	Tstim_9: autoDraw = True
46.0119 	EXP 	Tstim_10: autoDraw = True
46.0119 	EXP 	Tstim_11: autoDraw = True
46.0119 	EXP 	Tstim_12: autoDraw = True
46.0119 	EXP 	Tstim_13: autoDraw = True
46.0119 	EXP 	Tstim_14: autoDraw = True
46.0119 	EXP 	Tstim_15: autoDraw = True
46.0119 	EXP 	Tstim_16: autoDraw = True
46.0119 	EXP 	Tstim_17: autoDraw = True
46.0119 	EXP 	Tstim_18: autoDraw = True
46.0119 	EXP 	Tstim_19: autoDraw = True
46.0119 	EXP 	Tstim_20: autoDraw = True
46.0119 	EXP 	Lstim: autoDraw = True
46.0119 	EXP 	Tstim: text = 'T'
46.0119 	EXP 	Tstim_2: text = 'T'
46.0119 	EXP 	Tstim_3: text = 'T'
46.0119 	EXP 	Tstim_4: text = 'T'
46.0119 	EXP 	Tstim_5: text = 'T'
46.0119 	EXP 	Tstim_6: text = 'T'
46.0119 	EXP 	Tstim_7: text = 'T'
46.0119 	EXP 	Tstim_8: text = 'T'
46.0119 	EXP 	Tstim_9: text = 'T'
46.0119 	EXP 	Tstim_10: text = 'T'
46.0119 	EXP 	Tstim_11: text = 'T'
46.0119 	EXP 	Tstim_12: text = 'T'
46.0119 	EXP 	Tstim_13: text = 'T'
46.0119 	EXP 	Tstim_14: text = 'T'
46.0119 	EXP 	Tstim_15: text = 'T'
46.0119 	EXP 	Tstim_16: text = 'T'
46.0119 	EXP 	Tstim_17: text = 'T'
46.0119 	EXP 	Tstim_18: text = 'T'
46.0119 	EXP 	Tstim_19: text = 'T'
46.0119 	EXP 	Tstim_20: text = 'T'
46.0119 	EXP 	Lstim: text = 'L'
54.6907 	DATA 	Mouse: Left button down, pos=(803,763)
54.7118 	EXP 	Tstim: autoDraw = False
54.7118 	EXP 	Tstim_2: autoDraw = False
54.7118 	EXP 	Tstim_3: autoDraw = False
54.7118 	EXP 	Tstim_4: autoDraw = False
54.7118 	EXP 	Tstim_5: autoDraw = False
54.7118 	EXP 	Tstim_6: autoDraw = False
54.7118 	EXP 	Tstim_7: autoDraw = False
54.7118 	EXP 	Tstim_8: autoDraw = False
54.7118 	EXP 	Tstim_9: autoDraw = False
54.7118 	EXP 	Tstim_10: autoDraw = False
54.7118 	EXP 	Tstim_11: autoDraw = False
54.7118 	EXP 	Tstim_12: autoDraw = False
54.7118 	EXP 	Tstim_13: autoDraw = False
54.7118 	EXP 	Tstim_14: autoDraw = False
54.7118 	EXP 	Tstim_15: autoDraw = False
54.7118 	EXP 	Tstim_16: autoDraw = False
54.7118 	EXP 	Tstim_17: autoDraw = False
54.7118 	EXP 	Tstim_18: autoDraw = False
54.7118 	EXP 	Tstim_19: autoDraw = False
54.7118 	EXP 	Tstim_20: autoDraw = False
54.7118 	EXP 	Lstim: autoDraw = False
54.7118 	EXP 	text: text = 'Target found!'
54.7118 	EXP 	text: autoDraw = True
54.8170 	DATA 	Mouse:  Left button up, pos=(803,763)
55.6990 	EXP 	New trial (rep=0, index=7): OrderedDict([('targetCol', 'black'), ('distractorCol', 'black'), ('mixedOris', 1), ('setSize', 20)])
55.8441 	EXP 	text: autoDraw = False
55.8441 	EXP 	text: autoDraw = False
55.8441 	EXP 	Tstim: color = 'black'
55.8441 	EXP 	Tstim_2: color = 'black'
55.8441 	EXP 	Tstim_3: color = 'black'
55.8441 	EXP 	Tstim_4: color = 'black'
55.8441 	EXP 	Tstim_5: color = 'black'
55.8441 	EXP 	Tstim_6: color = 'black'
55.8441 	EXP 	Tstim_7: color = 'black'
55.8441 	EXP 	Tstim_8: color = 'black'
55.8441 	EXP 	Tstim_9: color = 'black'
55.8441 	EXP 	Tstim_10: color = 'black'
55.8441 	EXP 	Tstim_11: color = 'black'
55.8441 	EXP 	Tstim_12: color = 'black'
55.8441 	EXP 	Tstim_13: color = 'black'
55.8441 	EXP 	Tstim_14: color = 'black'
55.8441 	EXP 	Tstim_15: color = 'black'
55.8441 	EXP 	Tstim_16: color = 'black'
55.8441 	EXP 	Tstim_17: color = 'black'
55.8441 	EXP 	Tstim_18: color = 'black'
55.8441 	EXP 	Tstim_19: color = 'black'
55.8441 	EXP 	Tstim_20: color = 'black'
55.8441 	EXP 	Lstim: color = 'black'
55.8441 	EXP 	Lstim: ori = 132.0
55.8441 	EXP 	Tstim: ori = 356.0
55.8441 	EXP 	Tstim_2: ori = 48.0
55.8441 	EXP 	Tstim_3: ori = 304.0
55.8441 	EXP 	Tstim_4: ori = 231.0
55.8441 	EXP 	Tstim_5: ori = 297.0
55.8441 	EXP 	Tstim_6: ori = 16.0
55.8441 	EXP 	Tstim_7: ori = 157.0
55.8441 	EXP 	Tstim_8: ori = 7.0
55.8441 	EXP 	Tstim_9: ori = 172.0
55.8441 	EXP 	Tstim_10: ori = 266.0
55.8441 	EXP 	Tstim_11: ori = 166.0
55.8441 	EXP 	Tstim_12: ori = 202.0
55.8441 	EXP 	Tstim_13: ori = 171.0
55.8441 	EXP 	Tstim_14: ori = 195.0
55.8441 	EXP 	Tstim_15: ori = 159.0
55.8441 	EXP 	Tstim_16: ori = 281.0
55.8441 	EXP 	Tstim_17: ori = 45.0
55.8441 	EXP 	Tstim_18: ori = 206.0
55.8441 	EXP 	Tstim_19: ori = 287.0
55.8441 	EXP 	Tstim_20: ori = 183.0
55.8441 	EXP 	Tstim: opacity = 0.5
55.8441 	EXP 	Tstim: pos = array([0.18, 0.21])
55.8441 	EXP 	Tstim: height = 0.1
55.8441 	EXP 	Tstim_2: opacity = 0.5
55.8441 	EXP 	Tstim_2: height = 0.1
55.8441 	EXP 	Tstim_3: opacity = 0.5
55.8441 	EXP 	Tstim_3: pos = array([ 0.12, -0.21])
55.8441 	EXP 	Tstim_3: height = 0.1
55.8441 	EXP 	Tstim_4: opacity = 0.5
55.8441 	EXP 	Tstim_4: pos = array([0.  , 0.03])
55.8441 	EXP 	Tstim_4: height = 0.1
55.8441 	EXP 	Tstim_5: opacity = 0.5
55.8441 	EXP 	Tstim_5: pos = array([-0.09, -0.03])
55.8441 	EXP 	Tstim_5: height = 0.1
55.8441 	EXP 	Tstim_6: opacity = 0.5
55.8441 	EXP 	Tstim_6: pos = array([0.27, 0.  ])
55.8441 	EXP 	Tstim_6: height = 0.1
55.8441 	EXP 	Tstim_7: opacity = 0.5
55.8441 	EXP 	Tstim_7: pos = array([-0.12,  0.15])
55.8441 	EXP 	Tstim_7: height = 0.1
55.8441 	EXP 	Tstim_8: opacity = 0.5
55.8441 	EXP 	Tstim_8: pos = array([-0.18, -0.3 ])
55.8441 	EXP 	Tstim_8: height = 0.1
55.8441 	EXP 	Tstim_9: opacity = 0.5
55.8441 	EXP 	Tstim_9: pos = array([-0.21,  0.12])
55.8441 	EXP 	Tstim_9: height = 0.1
55.8441 	EXP 	Tstim_10: opacity = 0.5
55.8441 	EXP 	Tstim_10: pos = array([-0.06, -0.18])
55.8441 	EXP 	Tstim_10: height = 0.1
55.8441 	EXP 	Tstim_11: opacity = 0.5
55.8441 	EXP 	Tstim_11: pos = array([0.3 , 0.06])
55.8441 	EXP 	Tstim_11: height = 0.1
55.8441 	EXP 	Tstim_12: opacity = 0.5
55.8441 	EXP 	Tstim_12: pos = array([0.03, 0.09])
55.8441 	EXP 	Tstim_12: height = 0.1
55.8441 	EXP 	Tstim_13: opacity = 0.5
55.8441 	EXP 	Tstim_13: pos = array([ 0.09, -0.15])
55.8441 	EXP 	Tstim_13: height = 0.1
55.8441 	EXP 	Tstim_14: opacity = 0.5
55.8441 	EXP 	Tstim_14: pos = array([-0.15, -0.27])
55.8441 	EXP 	Tstim_14: height = 0.1
55.8441 	EXP 	Tstim_15: opacity = 0.5
55.8441 	EXP 	Tstim_15: pos = array([ 0.21, -0.24])
55.8441 	EXP 	Tstim_15: height = 0.1
55.8441 	EXP 	Tstim_16: opacity = 0.5
55.8441 	EXP 	Tstim_16: pos = array([-0.27,  0.24])
55.8441 	EXP 	Tstim_16: height = 0.1
55.8441 	EXP 	Tstim_17: opacity = 0.5
55.8441 	EXP 	Tstim_17: pos = array([-0.3 , -0.09])
55.8441 	EXP 	Tstim_17: height = 0.1
55.8441 	EXP 	Tstim_18: opacity = 0.5
55.8441 	EXP 	Tstim_18: pos = array([-0.03,  0.27])
55.8441 	EXP 	Tstim_18: height = 0.1
55.8441 	EXP 	Tstim_19: opacity = 0.5
55.8441 	EXP 	Tstim_19: pos = array([-0.24, -0.12])
55.8441 	EXP 	Tstim_19: height = 0.1
55.8441 	EXP 	Tstim_20: opacity = 0.5
55.8441 	EXP 	Tstim_20: pos = array([0.15, 0.18])
55.8441 	EXP 	Tstim_20: height = 0.1
55.8441 	EXP 	Lstim: opacity = 0.5
55.8441 	EXP 	Lstim: pos = array([0.06, 0.3 ])
55.8441 	EXP 	Lstim: height = 0.1
55.8441 	EXP 	Tstim: autoDraw = True
55.8441 	EXP 	Tstim_2: autoDraw = True
55.8441 	EXP 	Tstim_3: autoDraw = True
55.8441 	EXP 	Tstim_4: autoDraw = True
55.8441 	EXP 	Tstim_5: autoDraw = True
55.8441 	EXP 	Tstim_6: autoDraw = True
55.8441 	EXP 	Tstim_7: autoDraw = True
55.8441 	EXP 	Tstim_8: autoDraw = True
55.8441 	EXP 	Tstim_9: autoDraw = True
55.8441 	EXP 	Tstim_10: autoDraw = True
55.8441 	EXP 	Tstim_11: autoDraw = True
55.8441 	EXP 	Tstim_12: autoDraw = True
55.8441 	EXP 	Tstim_13: autoDraw = True
55.8441 	EXP 	Tstim_14: autoDraw = True
55.8441 	EXP 	Tstim_15: autoDraw = True
55.8441 	EXP 	Tstim_16: autoDraw = True
55.8441 	EXP 	Tstim_17: autoDraw = True
55.8441 	EXP 	Tstim_18: autoDraw = True
55.8441 	EXP 	Tstim_19: autoDraw = True
55.8441 	EXP 	Tstim_20: autoDraw = True
55.8441 	EXP 	Lstim: autoDraw = True
55.8441 	EXP 	Tstim: text = 'T'
55.8441 	EXP 	Tstim_2: text = 'T'
55.8441 	EXP 	Tstim_3: text = 'T'
55.8441 	EXP 	Tstim_4: text = 'T'
55.8441 	EXP 	Tstim_5: text = 'T'
55.8441 	EXP 	Tstim_6: text = 'T'
55.8441 	EXP 	Tstim_7: text = 'T'
55.8441 	EXP 	Tstim_8: text = 'T'
55.8441 	EXP 	Tstim_9: text = 'T'
55.8441 	EXP 	Tstim_10: text = 'T'
55.8441 	EXP 	Tstim_11: text = 'T'
55.8441 	EXP 	Tstim_12: text = 'T'
55.8441 	EXP 	Tstim_13: text = 'T'
55.8441 	EXP 	Tstim_14: text = 'T'
55.8441 	EXP 	Tstim_15: text = 'T'
55.8441 	EXP 	Tstim_16: text = 'T'
55.8441 	EXP 	Tstim_17: text = 'T'
55.8441 	EXP 	Tstim_18: text = 'T'
55.8441 	EXP 	Tstim_19: text = 'T'
55.8441 	EXP 	Tstim_20: text = 'T'
55.8441 	EXP 	Lstim: text = 'L'
57.5061 	DATA 	Mouse: Left button down, pos=(1020,995)
57.5309 	EXP 	Tstim: autoDraw = False
57.5309 	EXP 	Tstim_2: autoDraw = False
57.5309 	EXP 	Tstim_3: autoDraw = False
57.5309 	EXP 	Tstim_4: autoDraw = False
57.5309 	EXP 	Tstim_5: autoDraw = False
57.5309 	EXP 	Tstim_6: autoDraw = False
57.5309 	EXP 	Tstim_7: autoDraw = False
57.5309 	EXP 	Tstim_8: autoDraw = False
57.5309 	EXP 	Tstim_9: autoDraw = False
57.5309 	EXP 	Tstim_10: autoDraw = False
57.5309 	EXP 	Tstim_11: autoDraw = False
57.5309 	EXP 	Tstim_12: autoDraw = False
57.5309 	EXP 	Tstim_13: autoDraw = False
57.5309 	EXP 	Tstim_14: autoDraw = False
57.5309 	EXP 	Tstim_15: autoDraw = False
57.5309 	EXP 	Tstim_16: autoDraw = False
57.5309 	EXP 	Tstim_17: autoDraw = False
57.5309 	EXP 	Tstim_18: autoDraw = False
57.5309 	EXP 	Tstim_19: autoDraw = False
57.5309 	EXP 	Tstim_20: autoDraw = False
57.5309 	EXP 	Lstim: autoDraw = False
57.5309 	EXP 	text: text = 'Target found!'
57.5309 	EXP 	text: autoDraw = True
57.6030 	DATA 	Mouse:  Left button up, pos=(1020,995)
58.5176 	EXP 	New trial (rep=0, index=8): OrderedDict([('targetCol', 'black'), ('distractorCol', 'black'), ('mixedOris', 1), ('setSize', 20)])
58.6561 	EXP 	text: autoDraw = False
58.6561 	EXP 	text: autoDraw = False
58.6561 	EXP 	Tstim: color = 'black'
58.6561 	EXP 	Tstim_2: color = 'black'
58.6561 	EXP 	Tstim_3: color = 'black'
58.6561 	EXP 	Tstim_4: color = 'black'
58.6561 	EXP 	Tstim_5: color = 'black'
58.6561 	EXP 	Tstim_6: color = 'black'
58.6561 	EXP 	Tstim_7: color = 'black'
58.6561 	EXP 	Tstim_8: color = 'black'
58.6561 	EXP 	Tstim_9: color = 'black'
58.6561 	EXP 	Tstim_10: color = 'black'
58.6561 	EXP 	Tstim_11: color = 'black'
58.6561 	EXP 	Tstim_12: color = 'black'
58.6561 	EXP 	Tstim_13: color = 'black'
58.6561 	EXP 	Tstim_14: color = 'black'
58.6561 	EXP 	Tstim_15: color = 'black'
58.6561 	EXP 	Tstim_16: color = 'black'
58.6561 	EXP 	Tstim_17: color = 'black'
58.6561 	EXP 	Tstim_18: color = 'black'
58.6561 	EXP 	Tstim_19: color = 'black'
58.6561 	EXP 	Tstim_20: color = 'black'
58.6561 	EXP 	Lstim: color = 'black'
58.6561 	EXP 	Lstim: ori = 117.0
58.6561 	EXP 	Tstim: ori = 10.0
58.6561 	EXP 	Tstim_2: ori = 280.0
58.6561 	EXP 	Tstim_3: ori = 64.0
58.6561 	EXP 	Tstim_4: ori = 32.0
58.6561 	EXP 	Tstim_5: ori = 190.0
58.6561 	EXP 	Tstim_6: ori = 24.0
58.6561 	EXP 	Tstim_7: ori = 357.0
58.6561 	EXP 	Tstim_8: ori = 242.0
58.6561 	EXP 	Tstim_9: ori = 172.0
58.6561 	EXP 	Tstim_10: ori = 32.0
58.6561 	EXP 	Tstim_11: ori = 246.0
58.6561 	EXP 	Tstim_12: ori = 60.0
58.6561 	EXP 	Tstim_13: ori = 8.0
58.6561 	EXP 	Tstim_14: ori = 344.0
58.6561 	EXP 	Tstim_15: ori = 326.0
58.6561 	EXP 	Tstim_16: ori = 41.0
58.6561 	EXP 	Tstim_17: ori = 165.0
58.6561 	EXP 	Tstim_18: ori = 315.0
58.6561 	EXP 	Tstim_19: ori = 77.0
58.6561 	EXP 	Tstim_20: ori = 110.0
58.6561 	EXP 	Tstim: opacity = 0.5
58.6561 	EXP 	Tstim: pos = array([-0.03,  0.3 ])
58.6561 	EXP 	Tstim: height = 0.1
58.6561 	EXP 	Tstim_2: opacity = 0.5
58.6561 	EXP 	Tstim_2: height = 0.1
58.6561 	EXP 	Tstim_3: opacity = 0.5
58.6561 	EXP 	Tstim_3: pos = array([0.21, 0.06])
58.6561 	EXP 	Tstim_3: height = 0.1
58.6561 	EXP 	Tstim_4: opacity = 0.5
58.6561 	EXP 	Tstim_4: pos = array([-0.15, -0.24])
58.6561 	EXP 	Tstim_4: height = 0.1
58.6561 	EXP 	Tstim_5: opacity = 0.5
58.6561 	EXP 	Tstim_5: pos = array([0.09, 0.09])
58.6561 	EXP 	Tstim_5: height = 0.1
58.6561 	EXP 	Tstim_6: opacity = 0.5
58.6561 	EXP 	Tstim_6: pos = array([ 0.18, -0.27])
58.6561 	EXP 	Tstim_6: height = 0.1
58.6561 	EXP 	Tstim_7: opacity = 0.5
58.6561 	EXP 	Tstim_7: pos = array([-0.12,  0.03])
58.6561 	EXP 	Tstim_7: height = 0.1
58.6561 	EXP 	Tstim_8: opacity = 0.5
58.6561 	EXP 	Tstim_8: pos = array([-0.24,  0.21])
58.6561 	EXP 	Tstim_8: height = 0.1
58.6561 	EXP 	Tstim_9: opacity = 0.5
58.6561 	EXP 	Tstim_9: pos = array([-0.3 , -0.21])
58.6561 	EXP 	Tstim_9: height = 0.1
58.6561 	EXP 	Tstim_10: opacity = 0.5
58.6561 	EXP 	Tstim_10: pos = array([ 0.27, -0.12])
58.6561 	EXP 	Tstim_10: height = 0.1
58.6561 	EXP 	Tstim_11: opacity = 0.5
58.6561 	EXP 	Tstim_11: pos = array([0.06, 0.18])
58.6561 	EXP 	Tstim_11: height = 0.1
58.6561 	EXP 	Tstim_12: opacity = 0.5
58.6561 	EXP 	Tstim_12: pos = array([ 0.03, -0.18])
58.6561 	EXP 	Tstim_12: height = 0.1
58.6561 	EXP 	Tstim_13: opacity = 0.5
58.6561 	EXP 	Tstim_13: pos = array([0.24, 0.12])
58.6561 	EXP 	Tstim_13: height = 0.1
58.6561 	EXP 	Tstim_14: opacity = 0.5
58.6561 	EXP 	Tstim_14: pos = array([-0.09,  0.27])
58.6561 	EXP 	Tstim_14: height = 0.1
58.6561 	EXP 	Tstim_15: opacity = 0.5
58.6561 	EXP 	Tstim_15: pos = array([-0.18, -0.15])
58.6561 	EXP 	Tstim_15: height = 0.1
58.6561 	EXP 	Tstim_16: opacity = 0.5
58.6561 	EXP 	Tstim_16: pos = array([-0.27,  0.  ])
58.6561 	EXP 	Tstim_16: height = 0.1
58.6561 	EXP 	Tstim_17: opacity = 0.5
58.6561 	EXP 	Tstim_17: pos = array([0.3 , 0.24])
58.6561 	EXP 	Tstim_17: height = 0.1
58.6561 	EXP 	Tstim_18: opacity = 0.5
58.6561 	EXP 	Tstim_18: pos = array([0.12, 0.15])
58.6561 	EXP 	Tstim_18: height = 0.1
58.6561 	EXP 	Tstim_19: opacity = 0.5
58.6561 	EXP 	Tstim_19: pos = array([ 0.  , -0.06])
58.6561 	EXP 	Tstim_19: height = 0.1
58.6561 	EXP 	Tstim_20: opacity = 0.5
58.6561 	EXP 	Tstim_20: pos = array([ 0.15, -0.3 ])
58.6561 	EXP 	Tstim_20: height = 0.1
58.6561 	EXP 	Lstim: opacity = 0.5
58.6561 	EXP 	Lstim: pos = array([-0.21, -0.03])
58.6561 	EXP 	Lstim: height = 0.1
58.6561 	EXP 	Tstim: autoDraw = True
58.6561 	EXP 	Tstim_2: autoDraw = True
58.6561 	EXP 	Tstim_3: autoDraw = True
58.6561 	EXP 	Tstim_4: autoDraw = True
58.6561 	EXP 	Tstim_5: autoDraw = True
58.6561 	EXP 	Tstim_6: autoDraw = True
58.6561 	EXP 	Tstim_7: autoDraw = True
58.6561 	EXP 	Tstim_8: autoDraw = True
58.6561 	EXP 	Tstim_9: autoDraw = True
58.6561 	EXP 	Tstim_10: autoDraw = True
58.6561 	EXP 	Tstim_11: autoDraw = True
58.6561 	EXP 	Tstim_12: autoDraw = True
58.6561 	EXP 	Tstim_13: autoDraw = True
58.6561 	EXP 	Tstim_14: autoDraw = True
58.6561 	EXP 	Tstim_15: autoDraw = True
58.6561 	EXP 	Tstim_16: autoDraw = True
58.6561 	EXP 	Tstim_17: autoDraw = True
58.6561 	EXP 	Tstim_18: autoDraw = True
58.6561 	EXP 	Tstim_19: autoDraw = True
58.6561 	EXP 	Tstim_20: autoDraw = True
58.6561 	EXP 	Lstim: autoDraw = True
58.6561 	EXP 	Tstim: text = 'T'
58.6561 	EXP 	Tstim_2: text = 'T'
58.6561 	EXP 	Tstim_3: text = 'T'
58.6561 	EXP 	Tstim_4: text = 'T'
58.6561 	EXP 	Tstim_5: text = 'T'
58.6561 	EXP 	Tstim_6: text = 'T'
58.6561 	EXP 	Tstim_7: text = 'T'
58.6561 	EXP 	Tstim_8: text = 'T'
58.6561 	EXP 	Tstim_9: text = 'T'
58.6561 	EXP 	Tstim_10: text = 'T'
58.6561 	EXP 	Tstim_11: text = 'T'
58.6561 	EXP 	Tstim_12: text = 'T'
58.6561 	EXP 	Tstim_13: text = 'T'
58.6561 	EXP 	Tstim_14: text = 'T'
58.6561 	EXP 	Tstim_15: text = 'T'
58.6561 	EXP 	Tstim_16: text = 'T'
58.6561 	EXP 	Tstim_17: text = 'T'
58.6561 	EXP 	Tstim_18: text = 'T'
58.6561 	EXP 	Tstim_19: text = 'T'
58.6561 	EXP 	Tstim_20: text = 'T'
58.6561 	EXP 	Lstim: text = 'L'
60.6481 	DATA 	Mouse: Left button down, pos=(728,575)
60.6671 	EXP 	Tstim: autoDraw = False
60.6671 	EXP 	Tstim_2: autoDraw = False
60.6671 	EXP 	Tstim_3: autoDraw = False
60.6671 	EXP 	Tstim_4: autoDraw = False
60.6671 	EXP 	Tstim_5: autoDraw = False
60.6671 	EXP 	Tstim_6: autoDraw = False
60.6671 	EXP 	Tstim_7: autoDraw = False
60.6671 	EXP 	Tstim_8: autoDraw = False
60.6671 	EXP 	Tstim_9: autoDraw = False
60.6671 	EXP 	Tstim_10: autoDraw = False
60.6671 	EXP 	Tstim_11: autoDraw = False
60.6671 	EXP 	Tstim_12: autoDraw = False
60.6671 	EXP 	Tstim_13: autoDraw = False
60.6671 	EXP 	Tstim_14: autoDraw = False
60.6671 	EXP 	Tstim_15: autoDraw = False
60.6671 	EXP 	Tstim_16: autoDraw = False
60.6671 	EXP 	Tstim_17: autoDraw = False
60.6671 	EXP 	Tstim_18: autoDraw = False
60.6671 	EXP 	Tstim_19: autoDraw = False
60.6671 	EXP 	Tstim_20: autoDraw = False
60.6671 	EXP 	Lstim: autoDraw = False
60.6671 	EXP 	text: text = 'Target found!'
60.6671 	EXP 	text: autoDraw = True
60.7374 	DATA 	Mouse:  Left button up, pos=(728,575)
61.6531 	EXP 	New trial (rep=0, index=9): OrderedDict([('targetCol', 'black'), ('distractorCol', 'black'), ('mixedOris', 1), ('setSize', 20)])
61.7550 	EXP 	text: autoDraw = False
61.7550 	EXP 	text: autoDraw = False
61.7550 	EXP 	Tstim: color = 'black'
61.7550 	EXP 	Tstim_2: color = 'black'
61.7550 	EXP 	Tstim_3: color = 'black'
61.7550 	EXP 	Tstim_4: color = 'black'
61.7550 	EXP 	Tstim_5: color = 'black'
61.7550 	EXP 	Tstim_6: color = 'black'
61.7550 	EXP 	Tstim_7: color = 'black'
61.7550 	EXP 	Tstim_8: color = 'black'
61.7550 	EXP 	Tstim_9: color = 'black'
61.7550 	EXP 	Tstim_10: color = 'black'
61.7550 	EXP 	Tstim_11: color = 'black'
61.7550 	EXP 	Tstim_12: color = 'black'
61.7550 	EXP 	Tstim_13: color = 'black'
61.7550 	EXP 	Tstim_14: color = 'black'
61.7550 	EXP 	Tstim_15: color = 'black'
61.7550 	EXP 	Tstim_16: color = 'black'
61.7550 	EXP 	Tstim_17: color = 'black'
61.7550 	EXP 	Tstim_18: color = 'black'
61.7550 	EXP 	Tstim_19: color = 'black'
61.7550 	EXP 	Tstim_20: color = 'black'
61.7550 	EXP 	Lstim: color = 'black'
61.7550 	EXP 	Lstim: ori = 161.0
61.7550 	EXP 	Tstim: ori = 245.0
61.7550 	EXP 	Tstim_2: ori = 296.0
61.7550 	EXP 	Tstim_3: ori = 129.0
61.7550 	EXP 	Tstim_4: ori = 278.0
61.7550 	EXP 	Tstim_5: ori = 134.0
61.7550 	EXP 	Tstim_6: ori = 120.0
61.7550 	EXP 	Tstim_7: ori = 312.0
61.7550 	EXP 	Tstim_8: ori = 16.0
61.7550 	EXP 	Tstim_9: ori = 228.0
61.7550 	EXP 	Tstim_10: ori = 41.0
61.7550 	EXP 	Tstim_11: ori = 270.0
61.7550 	EXP 	Tstim_12: ori = 303.0
61.7550 	EXP 	Tstim_13: ori = 199.0
61.7550 	EXP 	Tstim_14: ori = 328.0
61.7550 	EXP 	Tstim_15: ori = 225.0
61.7550 	EXP 	Tstim_16: ori = 120.0
61.7550 	EXP 	Tstim_17: ori = 170.0
61.7550 	EXP 	Tstim_18: ori = 39.0
61.7550 	EXP 	Tstim_19: ori = 313.0
61.7550 	EXP 	Tstim_20: ori = 239.0
61.7550 	EXP 	Tstim: opacity = 0.5
61.7550 	EXP 	Tstim: pos = array([-0.12, -0.03])
61.7550 	EXP 	Tstim: height = 0.1
61.7550 	EXP 	Tstim_2: opacity = 0.5
61.7550 	EXP 	Tstim_2: height = 0.1
61.7550 	EXP 	Tstim_3: opacity = 0.5
61.7550 	EXP 	Tstim_3: pos = array([0.18, 0.03])
61.7550 	EXP 	Tstim_3: height = 0.1
61.7550 	EXP 	Tstim_4: opacity = 0.5
61.7550 	EXP 	Tstim_4: pos = array([-0.15,  0.24])
61.7550 	EXP 	Tstim_4: height = 0.1
61.7550 	EXP 	Tstim_5: opacity = 0.5
61.7550 	EXP 	Tstim_5: pos = array([-0.03, -0.3 ])
61.7550 	EXP 	Tstim_5: height = 0.1
61.7550 	EXP 	Tstim_6: opacity = 0.5
61.7550 	EXP 	Tstim_6: pos = array([-0.24,  0.06])
61.7550 	EXP 	Tstim_6: height = 0.1
61.7550 	EXP 	Tstim_7: opacity = 0.5
61.7550 	EXP 	Tstim_7: pos = array([-0.27, -0.27])
61.7550 	EXP 	Tstim_7: height = 0.1
61.7550 	EXP 	Tstim_8: opacity = 0.5
61.7550 	EXP 	Tstim_8: pos = array([ 0.  , -0.15])
61.7550 	EXP 	Tstim_8: height = 0.1
61.7550 	EXP 	Tstim_9: opacity = 0.5
61.7550 	EXP 	Tstim_9: pos = array([0.06, 0.15])
61.7550 	EXP 	Tstim_9: height = 0.1
61.7550 	EXP 	Tstim_10: opacity = 0.5
61.7550 	EXP 	Tstim_10: pos = array([-0.06,  0.18])
61.7550 	EXP 	Tstim_10: height = 0.1
61.7550 	EXP 	Tstim_11: opacity = 0.5
61.7550 	EXP 	Tstim_11: pos = array([ 0.24, -0.12])
61.7550 	EXP 	Tstim_11: height = 0.1
61.7550 	EXP 	Tstim_12: opacity = 0.5
61.7550 	EXP 	Tstim_12: pos = array([-0.3 ,  0.12])
61.7550 	EXP 	Tstim_12: height = 0.1
61.7550 	EXP 	Tstim_13: opacity = 0.5
61.7550 	EXP 	Tstim_13: pos = array([0.3 , 0.27])
61.7550 	EXP 	Tstim_13: height = 0.1
61.7550 	EXP 	Tstim_14: opacity = 0.5
61.7550 	EXP 	Tstim_14: pos = array([ 0.27, -0.21])
61.7550 	EXP 	Tstim_14: height = 0.1
61.7550 	EXP 	Tstim_15: opacity = 0.5
61.7550 	EXP 	Tstim_15: pos = array([ 0.09, -0.09])
61.7550 	EXP 	Tstim_15: height = 0.1
61.7550 	EXP 	Tstim_16: opacity = 0.5
61.7550 	EXP 	Tstim_16: pos = array([-0.09, -0.24])
61.7550 	EXP 	Tstim_16: height = 0.1
61.7550 	EXP 	Tstim_17: opacity = 0.5
61.7550 	EXP 	Tstim_17: pos = array([ 0.12, -0.06])
61.7550 	EXP 	Tstim_17: height = 0.1
61.7550 	EXP 	Tstim_18: opacity = 0.5
61.7550 	EXP 	Tstim_18: pos = array([ 0.21, -0.18])
61.7550 	EXP 	Tstim_18: height = 0.1
61.7550 	EXP 	Tstim_19: opacity = 0.5
61.7550 	EXP 	Tstim_19: pos = array([0.03, 0.  ])
61.7550 	EXP 	Tstim_19: height = 0.1
61.7550 	EXP 	Tstim_20: opacity = 0.5
61.7550 	EXP 	Tstim_20: pos = array([0.15, 0.21])
61.7550 	EXP 	Tstim_20: height = 0.1
61.7550 	EXP 	Lstim: opacity = 0.5
61.7550 	EXP 	Lstim: pos = array([-0.21,  0.09])
61.7550 	EXP 	Lstim: height = 0.1
61.7550 	EXP 	Tstim: autoDraw = True
61.7550 	EXP 	Tstim_2: autoDraw = True
61.7550 	EXP 	Tstim_3: autoDraw = True
61.7550 	EXP 	Tstim_4: autoDraw = True
61.7550 	EXP 	Tstim_5: autoDraw = True
61.7550 	EXP 	Tstim_6: autoDraw = True
61.7550 	EXP 	Tstim_7: autoDraw = True
61.7550 	EXP 	Tstim_8: autoDraw = True
61.7550 	EXP 	Tstim_9: autoDraw = True
61.7550 	EXP 	Tstim_10: autoDraw = True
61.7550 	EXP 	Tstim_11: autoDraw = True
61.7550 	EXP 	Tstim_12: autoDraw = True
61.7550 	EXP 	Tstim_13: autoDraw = True
61.7550 	EXP 	Tstim_14: autoDraw = True
61.7550 	EXP 	Tstim_15: autoDraw = True
61.7550 	EXP 	Tstim_16: autoDraw = True
61.7550 	EXP 	Tstim_17: autoDraw = True
61.7550 	EXP 	Tstim_18: autoDraw = True
61.7550 	EXP 	Tstim_19: autoDraw = True
61.7550 	EXP 	Tstim_20: autoDraw = True
61.7550 	EXP 	Lstim: autoDraw = True
61.7550 	EXP 	Tstim: text = 'T'
61.7550 	EXP 	Tstim_2: text = 'T'
61.7550 	EXP 	Tstim_3: text = 'T'
61.7550 	EXP 	Tstim_4: text = 'T'
61.7550 	EXP 	Tstim_5: text = 'T'
61.7550 	EXP 	Tstim_6: text = 'T'
61.7550 	EXP 	Tstim_7: text = 'T'
61.7550 	EXP 	Tstim_8: text = 'T'
61.7550 	EXP 	Tstim_9: text = 'T'
61.7550 	EXP 	Tstim_10: text = 'T'
61.7550 	EXP 	Tstim_11: text = 'T'
61.7550 	EXP 	Tstim_12: text = 'T'
61.7550 	EXP 	Tstim_13: text = 'T'
61.7550 	EXP 	Tstim_14: text = 'T'
61.7550 	EXP 	Tstim_15: text = 'T'
61.7550 	EXP 	Tstim_16: text = 'T'
61.7550 	EXP 	Tstim_17: text = 'T'
61.7550 	EXP 	Tstim_18: text = 'T'
61.7550 	EXP 	Tstim_19: text = 'T'
61.7550 	EXP 	Tstim_20: text = 'T'
61.7550 	EXP 	Lstim: text = 'L'
63.0024 	DATA 	Mouse: Left button down, pos=(727,715)
63.0186 	EXP 	Tstim: autoDraw = False
63.0186 	EXP 	Tstim_2: autoDraw = False
63.0186 	EXP 	Tstim_3: autoDraw = False
63.0186 	EXP 	Tstim_4: autoDraw = False
63.0186 	EXP 	Tstim_5: autoDraw = False
63.0186 	EXP 	Tstim_6: autoDraw = False
63.0186 	EXP 	Tstim_7: autoDraw = False
63.0186 	EXP 	Tstim_8: autoDraw = False
63.0186 	EXP 	Tstim_9: autoDraw = False
63.0186 	EXP 	Tstim_10: autoDraw = False
63.0186 	EXP 	Tstim_11: autoDraw = False
63.0186 	EXP 	Tstim_12: autoDraw = False
63.0186 	EXP 	Tstim_13: autoDraw = False
63.0186 	EXP 	Tstim_14: autoDraw = False
63.0186 	EXP 	Tstim_15: autoDraw = False
63.0186 	EXP 	Tstim_16: autoDraw = False
63.0186 	EXP 	Tstim_17: autoDraw = False
63.0186 	EXP 	Tstim_18: autoDraw = False
63.0186 	EXP 	Tstim_19: autoDraw = False
63.0186 	EXP 	Tstim_20: autoDraw = False
63.0186 	EXP 	Lstim: autoDraw = False
63.0186 	EXP 	text: text = 'Target found!'
63.0186 	EXP 	text: autoDraw = True
63.0909 	DATA 	Mouse:  Left button up, pos=(727,715)
64.0197 	EXP 	text: autoDraw = False
64.0197 	EXP 	text: autoDraw = False
64.2644 	EXP 	window1: mouseVisible = True
