5.3506 	WARNING 	We strongly recommend you activate the PTB sound engine in PsychoPy prefs as the preferred audio engine. Its timing is vastly superior. Your prefs are currently set to use ['sounddevice', 'PTB', 'pyo', 'pygame'] (in that order).
8.4166 	WARNING 	User requested fullscreen with size [1024  768], but screen is actually [1920, 1200]. Using actual size
10.3815 	EXP 	Created window1 = Window(allowGUI=False, allowStencil=False, args=UNKNOWN, autoLog=True, bitsMode=UNKNOWN, blendMode='avg', bpc=(8, 8, 8), color=array([0., 0., 0.]), colorSpace='rgb', depthBits=8, fullscr=<method-wrapper '__getattribute__' of attributeSetter object at 0x0000028A15B9A7B8>, gamma=None, gammaErrorPolicy='raise', kwargs=UNKNOWN, lms=UNKNOWN, monitor=<psychopy.monitors.calibTools.Monitor object at 0x0000028A158B49E8>, multiSample=False, name='window1', numSamples=2, pos=[0.0, 0.0], screen=0, size=array([1920, 1200]), stencilBits=0, stereo=False, units='height', useFBO=True, useRetina=False, viewOri=0.0, viewPos=None, viewScale=None, waitBlanking=True, winType='pyglet')
10.3819 	EXP 	window1: mouseVisible = True
10.3820 	EXP 	window1: recordFrameIntervals = False
10.5470 	EXP 	window1: recordFrameIntervals = True
10.7308 	EXP 	window1: recordFrameIntervals = False
11.0217 	EXP 	Created instrTxt = TextStim(__class__=<class 'psychopy.visual.text.TextStim'>, alignHoriz=method-wrapper(...), alignText='center', alignVert=method-wrapper(...), anchorHoriz='center', anchorVert='center', antialias=True, autoLog=True, bold=False, color='white', colorSpace='named', contrast=1.0, depth=0.0, flipHoriz=False, flipVert=False, font='Arial', fontFiles=[], height=0.1, italic=False, languageStyle='LTR', name='instrTxt', opacity=1.0, ori=0, pos=array([0., 0.]), rgb=array([255., 255., 255.]), text=str(...), units='height', win=Window(...), wrapWidth=1)
11.0218 	EXP 	window1: mouseVisible = True
11.8326 	EXP 	Created Tstim = TextStim(__class__=<class 'psychopy.visual.text.TextStim'>, alignHoriz=method-wrapper(...), alignText='center', alignVert=method-wrapper(...), anchorHoriz='center', anchorVert='center', antialias=True, autoLog=True, bold=False, color='black', colorSpace='named', contrast=1.0, depth=-2.0, flipHoriz=False, flipVert=False, font='Arial', fontFiles=[], height=1.0, italic=False, languageStyle='LTR', name='Tstim', opacity=1.0, ori=0, pos=array([0., 0.]), rgb=array([0., 0., 0.]), text='T', units='height', win=Window(...), wrapWidth=1)
11.8340 	EXP 	Created Tstim_2 = TextStim(__class__=<class 'psychopy.visual.text.TextStim'>, alignHoriz=method-wrapper(...), alignText='center', alignVert=method-wrapper(...), anchorHoriz='center', anchorVert='center', antialias=True, autoLog=True, bold=False, color='black', colorSpace='named', contrast=1.0, depth=-3.0, flipHoriz=False, flipVert=False, font='Arial', fontFiles=[], height=1.0, italic=False, languageStyle='LTR', name='Tstim_2', opacity=1.0, ori=0, pos=array([0., 0.]), rgb=array([0., 0., 0.]), text='T', units='height', win=Window(...), wrapWidth=1)
11.8352 	EXP 	Created Tstim_3 = TextStim(__class__=<class 'psychopy.visual.text.TextStim'>, alignHoriz=method-wrapper(...), alignText='center', alignVert=method-wrapper(...), anchorHoriz='center', anchorVert='center', antialias=True, autoLog=True, bold=False, color='black', colorSpace='named', contrast=1.0, depth=-4.0, flipHoriz=False, flipVert=False, font='Arial', fontFiles=[], height=1.0, italic=False, languageStyle='LTR', name='Tstim_3', opacity=1.0, ori=0, pos=array([0., 0.]), rgb=array([0., 0., 0.]), text='T', units='height', win=Window(...), wrapWidth=1)
11.8363 	EXP 	Created Tstim_4 = TextStim(__class__=<class 'psychopy.visual.text.TextStim'>, alignHoriz=method-wrapper(...), alignText='center', alignVert=method-wrapper(...), anchorHoriz='center', anchorVert='center', antialias=True, autoLog=True, bold=False, color='black', colorSpace='named', contrast=1.0, depth=-5.0, flipHoriz=False, flipVert=False, font='Arial', fontFiles=[], height=1.0, italic=False, languageStyle='LTR', name='Tstim_4', opacity=1.0, ori=0, pos=array([0., 0.]), rgb=array([0., 0., 0.]), text='T', units='height', win=Window(...), wrapWidth=1)
11.8373 	EXP 	Created Tstim_5 = TextStim(__class__=<class 'psychopy.visual.text.TextStim'>, alignHoriz=method-wrapper(...), alignText='center', alignVert=method-wrapper(...), anchorHoriz='center', anchorVert='center', antialias=True, autoLog=True, bold=False, color='black', colorSpace='named', contrast=1.0, depth=-6.0, flipHoriz=False, flipVert=False, font='Arial', fontFiles=[], height=1.0, italic=False, languageStyle='LTR', name='Tstim_5', opacity=1.0, ori=0, pos=array([0., 0.]), rgb=array([0., 0., 0.]), text='T', units='height', win=Window(...), wrapWidth=1)
11.8385 	EXP 	Created Tstim_6 = TextStim(__class__=<class 'psychopy.visual.text.TextStim'>, alignHoriz=method-wrapper(...), alignText='center', alignVert=method-wrapper(...), anchorHoriz='center', anchorVert='center', antialias=True, autoLog=True, bold=False, color='black', colorSpace='named', contrast=1.0, depth=-7.0, flipHoriz=False, flipVert=False, font='Arial', fontFiles=[], height=1.0, italic=False, languageStyle='LTR', name='Tstim_6', opacity=1.0, ori=0, pos=array([0., 0.]), rgb=array([0., 0., 0.]), text='T', units='height', win=Window(...), wrapWidth=1)
11.8396 	EXP 	Created Tstim_7 = TextStim(__class__=<class 'psychopy.visual.text.TextStim'>, alignHoriz=method-wrapper(...), alignText='center', alignVert=method-wrapper(...), anchorHoriz='center', anchorVert='center', antialias=True, autoLog=True, bold=False, color='black', colorSpace='named', contrast=1.0, depth=-8.0, flipHoriz=False, flipVert=False, font='Arial', fontFiles=[], height=1.0, italic=False, languageStyle='LTR', name='Tstim_7', opacity=1.0, ori=0, pos=array([0., 0.]), rgb=array([0., 0., 0.]), text='T', units='height', win=Window(...), wrapWidth=1)
11.8408 	EXP 	Created Tstim_8 = TextStim(__class__=<class 'psychopy.visual.text.TextStim'>, alignHoriz=method-wrapper(...), alignText='center', alignVert=method-wrapper(...), anchorHoriz='center', anchorVert='center', antialias=True, autoLog=True, bold=False, color='black', colorSpace='named', contrast=1.0, depth=-9.0, flipHoriz=False, flipVert=False, font='Arial', fontFiles=[], height=1.0, italic=False, languageStyle='LTR', name='Tstim_8', opacity=1.0, ori=0, pos=array([0., 0.]), rgb=array([0., 0., 0.]), text='T', units='height', win=Window(...), wrapWidth=1)
11.8421 	EXP 	Created Tstim_9 = TextStim(__class__=<class 'psychopy.visual.text.TextStim'>, alignHoriz=method-wrapper(...), alignText='center', alignVert=method-wrapper(...), anchorHoriz='center', anchorVert='center', antialias=True, autoLog=True, bold=False, color='black', colorSpace='named', contrast=1.0, depth=-10.0, flipHoriz=False, flipVert=False, font='Arial', fontFiles=[], height=1.0, italic=False, languageStyle='LTR', name='Tstim_9', opacity=1.0, ori=0, pos=array([0., 0.]), rgb=array([0., 0., 0.]), text='T', units='height', win=Window(...), wrapWidth=1)
11.8434 	EXP 	Created Tstim_10 = TextStim(__class__=<class 'psychopy.visual.text.TextStim'>, alignHoriz=method-wrapper(...), alignText='center', alignVert=method-wrapper(...), anchorHoriz='center', anchorVert='center', antialias=True, autoLog=True, bold=False, color='black', colorSpace='named', contrast=1.0, depth=-11.0, flipHoriz=False, flipVert=False, font='Arial', fontFiles=[], height=1.0, italic=False, languageStyle='LTR', name='Tstim_10', opacity=1.0, ori=0, pos=array([0., 0.]), rgb=array([0., 0., 0.]), text='T', units='height', win=Window(...), wrapWidth=1)
11.8446 	EXP 	Created Tstim_11 = TextStim(__class__=<class 'psychopy.visual.text.TextStim'>, alignHoriz=method-wrapper(...), alignText='center', alignVert=method-wrapper(...), anchorHoriz='center', anchorVert='center', antialias=True, autoLog=True, bold=False, color='black', colorSpace='named', contrast=1.0, depth=-12.0, flipHoriz=False, flipVert=False, font='Arial', fontFiles=[], height=1.0, italic=False, languageStyle='LTR', name='Tstim_11', opacity=1.0, ori=0, pos=array([0., 0.]), rgb=array([0., 0., 0.]), text='T', units='height', win=Window(...), wrapWidth=1)
11.8456 	EXP 	Created Tstim_12 = TextStim(__class__=<class 'psychopy.visual.text.TextStim'>, alignHoriz=method-wrapper(...), alignText='center', alignVert=method-wrapper(...), anchorHoriz='center', anchorVert='center', antialias=True, autoLog=True, bold=False, color='black', colorSpace='named', contrast=1.0, depth=-13.0, flipHoriz=False, flipVert=False, font='Arial', fontFiles=[], height=1.0, italic=False, languageStyle='LTR', name='Tstim_12', opacity=1.0, ori=0, pos=array([0., 0.]), rgb=array([0., 0., 0.]), text='T', units='height', win=Window(...), wrapWidth=1)
11.8467 	EXP 	Created Tstim_13 = TextStim(__class__=<class 'psychopy.visual.text.TextStim'>, alignHoriz=method-wrapper(...), alignText='center', alignVert=method-wrapper(...), anchorHoriz='center', anchorVert='center', antialias=True, autoLog=True, bold=False, color='black', colorSpace='named', contrast=1.0, depth=-14.0, flipHoriz=False, flipVert=False, font='Arial', fontFiles=[], height=1.0, italic=False, languageStyle='LTR', name='Tstim_13', opacity=1.0, ori=0, pos=array([0., 0.]), rgb=array([0., 0., 0.]), text='T', units='height', win=Window(...), wrapWidth=1)
11.8484 	EXP 	Created Tstim_14 = TextStim(__class__=<class 'psychopy.visual.text.TextStim'>, alignHoriz=method-wrapper(...), alignText='center', alignVert=method-wrapper(...), anchorHoriz='center', anchorVert='center', antialias=True, autoLog=True, bold=False, color='black', colorSpace='named', contrast=1.0, depth=-15.0, flipHoriz=False, flipVert=False, font='Arial', fontFiles=[], height=1.0, italic=False, languageStyle='LTR', name='Tstim_14', opacity=1.0, ori=0, pos=array([0., 0.]), rgb=array([0., 0., 0.]), text='T', units='height', win=Window(...), wrapWidth=1)
11.8496 	EXP 	Created Tstim_15 = TextStim(__class__=<class 'psychopy.visual.text.TextStim'>, alignHoriz=method-wrapper(...), alignText='center', alignVert=method-wrapper(...), anchorHoriz='center', anchorVert='center', antialias=True, autoLog=True, bold=False, color='black', colorSpace='named', contrast=1.0, depth=-16.0, flipHoriz=False, flipVert=False, font='Arial', fontFiles=[], height=1.0, italic=False, languageStyle='LTR', name='Tstim_15', opacity=1.0, ori=0, pos=array([0., 0.]), rgb=array([0., 0., 0.]), text='T', units='height', win=Window(...), wrapWidth=1)
11.8507 	EXP 	Created Tstim_16 = TextStim(__class__=<class 'psychopy.visual.text.TextStim'>, alignHoriz=method-wrapper(...), alignText='center', alignVert=method-wrapper(...), anchorHoriz='center', anchorVert='center', antialias=True, autoLog=True, bold=False, color='black', colorSpace='named', contrast=1.0, depth=-17.0, flipHoriz=False, flipVert=False, font='Arial', fontFiles=[], height=1.0, italic=False, languageStyle='LTR', name='Tstim_16', opacity=1.0, ori=0, pos=array([0., 0.]), rgb=array([0., 0., 0.]), text='T', units='height', win=Window(...), wrapWidth=1)
11.8517 	EXP 	Created Tstim_17 = TextStim(__class__=<class 'psychopy.visual.text.TextStim'>, alignHoriz=method-wrapper(...), alignText='center', alignVert=method-wrapper(...), anchorHoriz='center', anchorVert='center', antialias=True, autoLog=True, bold=False, color='black', colorSpace='named', contrast=1.0, depth=-18.0, flipHoriz=False, flipVert=False, font='Arial', fontFiles=[], height=1.0, italic=False, languageStyle='LTR', name='Tstim_17', opacity=1.0, ori=0, pos=array([0., 0.]), rgb=array([0., 0., 0.]), text='T', units='height', win=Window(...), wrapWidth=1)
11.8529 	EXP 	Created Tstim_18 = TextStim(__class__=<class 'psychopy.visual.text.TextStim'>, alignHoriz=method-wrapper(...), alignText='center', alignVert=method-wrapper(...), anchorHoriz='center', anchorVert='center', antialias=True, autoLog=True, bold=False, color='black', colorSpace='named', contrast=1.0, depth=-19.0, flipHoriz=False, flipVert=False, font='Arial', fontFiles=[], height=1.0, italic=False, languageStyle='LTR', name='Tstim_18', opacity=1.0, ori=0, pos=array([0., 0.]), rgb=array([0., 0., 0.]), text='T', units='height', win=Window(...), wrapWidth=1)
11.8539 	EXP 	Created Tstim_19 = TextStim(__class__=<class 'psychopy.visual.text.TextStim'>, alignHoriz=method-wrapper(...), alignText='center', alignVert=method-wrapper(...), anchorHoriz='center', anchorVert='center', antialias=True, autoLog=True, bold=False, color='black', colorSpace='named', contrast=1.0, depth=-20.0, flipHoriz=False, flipVert=False, font='Arial', fontFiles=[], height=1.0, italic=False, languageStyle='LTR', name='Tstim_19', opacity=1.0, ori=0, pos=array([0., 0.]), rgb=array([0., 0., 0.]), text='T', units='height', win=Window(...), wrapWidth=1)
11.8551 	EXP 	Created Tstim_20 = TextStim(__class__=<class 'psychopy.visual.text.TextStim'>, alignHoriz=method-wrapper(...), alignText='center', alignVert=method-wrapper(...), anchorHoriz='center', anchorVert='center', antialias=True, autoLog=True, bold=False, color='black', colorSpace='named', contrast=1.0, depth=-21.0, flipHoriz=False, flipVert=False, font='Arial', fontFiles=[], height=1.0, italic=False, languageStyle='LTR', name='Tstim_20', opacity=1.0, ori=0, pos=array([0., 0.]), rgb=array([0., 0., 0.]), text='T', units='height', win=Window(...), wrapWidth=1)
11.9715 	EXP 	Created Lstim = TextStim(__class__=<class 'psychopy.visual.text.TextStim'>, alignHoriz=method-wrapper(...), alignText='center', alignVert=method-wrapper(...), anchorHoriz='center', anchorVert='center', antialias=True, autoLog=True, bold=False, color='black', colorSpace='named', contrast=1.0, depth=-22.0, flipHoriz=False, flipVert=False, font='Arial', fontFiles=[], height=1.0, italic=False, languageStyle='LTR', name='Lstim', opacity=1.0, ori=0, pos=array([0., 0.]), rgb=array([0., 0., 0.]), text='L', units='height', win=Window(...), wrapWidth=1)
11.9716 	EXP 	window1: mouseVisible = True
12.0115 	EXP 	instrTxt: autoDraw = True
12.6507 	DATA 	Mouse: Left button down, pos=(826,656)
12.6536 	EXP 	Created sequence: random, trialTypes=1, nReps=5, seed=None
12.6540 	EXP 	New trial (rep=0, index=0): None
12.7647 	DATA 	Mouse:  Left button up, pos=(826,656)
12.7666 	EXP 	instrTxt: autoDraw = False
12.7666 	EXP 	Lstim: ori = 160.0
12.7666 	EXP 	Tstim: ori = 343.0
12.7666 	EXP 	Tstim_2: ori = 342.0
12.7666 	EXP 	Tstim_3: ori = 76.0
12.7666 	EXP 	Tstim_4: ori = 129.0
12.7666 	EXP 	Tstim_5: ori = 143.0
12.7666 	EXP 	Tstim_6: ori = 207.0
12.7666 	EXP 	Tstim_7: ori = 240.0
12.7666 	EXP 	Tstim_8: ori = 16.0
12.7666 	EXP 	Tstim_9: ori = 205.0
12.7666 	EXP 	Tstim_10: ori = 216.0
12.7666 	EXP 	Tstim_11: ori = 127.0
12.7666 	EXP 	Tstim_12: ori = 330.0
12.7666 	EXP 	Tstim_13: ori = 88.0
12.7666 	EXP 	Tstim_14: ori = 312.0
12.7666 	EXP 	Tstim_15: ori = 334.0
12.7666 	EXP 	Tstim_16: ori = 308.0
12.7666 	EXP 	Tstim_17: ori = 196.0
12.7666 	EXP 	Tstim_18: ori = 306.0
12.7666 	EXP 	Tstim_19: ori = 265.0
12.7666 	EXP 	Tstim_20: ori = 4.0
12.7666 	EXP 	Tstim: opacity = 0.5
12.7666 	EXP 	Tstim: pos = array([-0.24, -0.24])
12.7666 	EXP 	Tstim: height = 0.1
12.7666 	EXP 	Tstim_2: opacity = 0.5
12.7666 	EXP 	Tstim_2: height = 0.1
12.7666 	EXP 	Tstim_3: opacity = 0.5
12.7666 	EXP 	Tstim_3: pos = array([0.  , 0.09])
12.7666 	EXP 	Tstim_3: height = 0.1
12.7666 	EXP 	Tstim_4: opacity = 0.5
12.7666 	EXP 	Tstim_4: pos = array([ 0.21, -0.15])
12.7666 	EXP 	Tstim_4: height = 0.1
12.7666 	EXP 	Tstim_5: opacity = 0.5
12.7666 	EXP 	Tstim_5: pos = array([-0.18, -0.3 ])
12.7666 	EXP 	Tstim_5: height = 0.1
12.7666 	EXP 	Tstim_6: opacity = 0.5
12.7666 	EXP 	Tstim_6: pos = array([ 0.06, -0.06])
12.7666 	EXP 	Tstim_6: height = 0.1
12.7666 	EXP 	Tstim_7: opacity = 0.5
12.7666 	EXP 	Tstim_7: pos = array([ 0.18, -0.18])
12.7666 	EXP 	Tstim_7: height = 0.1
12.7666 	EXP 	Tstim_8: opacity = 0.5
12.7666 	EXP 	Tstim_8: pos = array([-0.27,  0.03])
12.7666 	EXP 	Tstim_8: height = 0.1
12.7666 	EXP 	Tstim_9: opacity = 0.5
12.7666 	EXP 	Tstim_9: pos = array([0.03, 0.  ])
12.7666 	EXP 	Tstim_9: height = 0.1
12.7666 	EXP 	Tstim_10: opacity = 0.5
12.7666 	EXP 	Tstim_10: pos = array([0.27, 0.21])
12.7666 	EXP 	Tstim_10: height = 0.1
12.7666 	EXP 	Tstim_11: opacity = 0.5
12.7666 	EXP 	Tstim_11: pos = array([-0.3 ,  0.24])
12.7666 	EXP 	Tstim_11: height = 0.1
12.7666 	EXP 	Tstim_12: opacity = 0.5
12.7666 	EXP 	Tstim_12: pos = array([-0.09,  0.15])
12.7666 	EXP 	Tstim_12: height = 0.1
12.7666 	EXP 	Tstim_13: opacity = 0.5
12.7666 	EXP 	Tstim_13: pos = array([-0.03, -0.21])
12.7666 	EXP 	Tstim_13: height = 0.1
12.7666 	EXP 	Tstim_14: opacity = 0.5
12.7666 	EXP 	Tstim_14: pos = array([ 0.09, -0.03])
12.7666 	EXP 	Tstim_14: height = 0.1
12.7666 	EXP 	Tstim_15: opacity = 0.5
12.7666 	EXP 	Tstim_15: pos = array([0.24, 0.3 ])
12.7666 	EXP 	Tstim_15: height = 0.1
12.7666 	EXP 	Tstim_16: opacity = 0.5
12.7666 	EXP 	Tstim_16: pos = array([-0.15, -0.27])
12.7666 	EXP 	Tstim_16: height = 0.1
12.7666 	EXP 	Tstim_17: opacity = 0.5
12.7666 	EXP 	Tstim_17: pos = array([-0.12,  0.18])
12.7666 	EXP 	Tstim_17: height = 0.1
12.7666 	EXP 	Tstim_18: opacity = 0.5
12.7666 	EXP 	Tstim_18: pos = array([-0.21, -0.12])
12.7666 	EXP 	Tstim_18: height = 0.1
12.7666 	EXP 	Tstim_19: opacity = 0.5
12.7666 	EXP 	Tstim_19: pos = array([ 0.15, -0.09])
12.7666 	EXP 	Tstim_19: height = 0.1
12.7666 	EXP 	Tstim_20: opacity = 0.5
12.7666 	EXP 	Tstim_20: pos = array([-0.06,  0.12])
12.7666 	EXP 	Tstim_20: height = 0.1
12.7666 	EXP 	Lstim: opacity = 0.5
12.7666 	EXP 	Lstim: pos = array([0.3 , 0.06])
12.7666 	EXP 	Lstim: height = 0.1
12.7666 	EXP 	Tstim: autoDraw = True
12.7666 	EXP 	Tstim_2: autoDraw = True
12.7666 	EXP 	Tstim_3: autoDraw = True
12.7666 	EXP 	Tstim_4: autoDraw = True
12.7666 	EXP 	Tstim_5: autoDraw = True
12.7666 	EXP 	Tstim_6: autoDraw = True
12.7666 	EXP 	Tstim_7: autoDraw = True
12.7666 	EXP 	Tstim_8: autoDraw = True
12.7666 	EXP 	Tstim_9: autoDraw = True
12.7666 	EXP 	Tstim_10: autoDraw = True
12.7666 	EXP 	Tstim_11: autoDraw = True
12.7666 	EXP 	Tstim_12: autoDraw = True
12.7666 	EXP 	Tstim_13: autoDraw = True
12.7666 	EXP 	Tstim_14: autoDraw = True
12.7666 	EXP 	Tstim_15: autoDraw = True
12.7666 	EXP 	Tstim_16: autoDraw = True
12.7666 	EXP 	Tstim_17: autoDraw = True
12.7666 	EXP 	Tstim_18: autoDraw = True
12.7666 	EXP 	Tstim_19: autoDraw = True
12.7666 	EXP 	Tstim_20: autoDraw = True
12.7666 	EXP 	Lstim: autoDraw = True
12.7666 	EXP 	Tstim: text = 'T'
12.7666 	EXP 	Tstim_2: text = 'T'
12.7666 	EXP 	Tstim_3: text = 'T'
12.7666 	EXP 	Tstim_4: text = 'T'
12.7666 	EXP 	Tstim_5: text = 'T'
12.7666 	EXP 	Tstim_6: text = 'T'
12.7666 	EXP 	Tstim_7: text = 'T'
12.7666 	EXP 	Tstim_8: text = 'T'
12.7666 	EXP 	Tstim_9: text = 'T'
12.7666 	EXP 	Tstim_10: text = 'T'
12.7666 	EXP 	Tstim_11: text = 'T'
12.7666 	EXP 	Tstim_12: text = 'T'
12.7666 	EXP 	Tstim_13: text = 'T'
12.7666 	EXP 	Tstim_14: text = 'T'
12.7666 	EXP 	Tstim_15: text = 'T'
12.7666 	EXP 	Tstim_16: text = 'T'
12.7666 	EXP 	Tstim_17: text = 'T'
12.7666 	EXP 	Tstim_18: text = 'T'
12.7666 	EXP 	Tstim_19: text = 'T'
12.7666 	EXP 	Tstim_20: text = 'T'
12.7666 	EXP 	Lstim: text = 'L'
13.7523 	DATA 	Mouse: Left button down, pos=(856,690)
13.7623 	EXP 	New trial (rep=1, index=0): None
13.8858 	DATA 	Mouse:  Left button up, pos=(856,690)
13.8876 	EXP 	Tstim: autoDraw = False
13.8876 	EXP 	Tstim_2: autoDraw = False
13.8876 	EXP 	Tstim_3: autoDraw = False
13.8876 	EXP 	Tstim_4: autoDraw = False
13.8876 	EXP 	Tstim_5: autoDraw = False
13.8876 	EXP 	Tstim_6: autoDraw = False
13.8876 	EXP 	Tstim_7: autoDraw = False
13.8876 	EXP 	Tstim_8: autoDraw = False
13.8876 	EXP 	Tstim_9: autoDraw = False
13.8876 	EXP 	Tstim_10: autoDraw = False
13.8876 	EXP 	Tstim_11: autoDraw = False
13.8876 	EXP 	Tstim_12: autoDraw = False
13.8876 	EXP 	Tstim_13: autoDraw = False
13.8876 	EXP 	Tstim_14: autoDraw = False
13.8876 	EXP 	Tstim_15: autoDraw = False
13.8876 	EXP 	Tstim_16: autoDraw = False
13.8876 	EXP 	Tstim_17: autoDraw = False
13.8876 	EXP 	Tstim_18: autoDraw = False
13.8876 	EXP 	Tstim_19: autoDraw = False
13.8876 	EXP 	Tstim_20: autoDraw = False
13.8876 	EXP 	Lstim: autoDraw = False
13.8876 	EXP 	Lstim: ori = 261.0
13.8876 	EXP 	Tstim: ori = 297.0
13.8876 	EXP 	Tstim_2: ori = 238.0
13.8876 	EXP 	Tstim_3: ori = 134.0
13.8876 	EXP 	Tstim_4: ori = 119.0
13.8876 	EXP 	Tstim_5: ori = 251.0
13.8876 	EXP 	Tstim_6: ori = 157.0
13.8876 	EXP 	Tstim_7: ori = 7.0
13.8876 	EXP 	Tstim_8: ori = 81.0
13.8876 	EXP 	Tstim_9: ori = 100.0
13.8876 	EXP 	Tstim_10: ori = 112.0
13.8876 	EXP 	Tstim_11: ori = 100.0
13.8876 	EXP 	Tstim_12: ori = 226.0
13.8876 	EXP 	Tstim_13: ori = 71.0
13.8876 	EXP 	Tstim_14: ori = 62.0
13.8876 	EXP 	Tstim_15: ori = 344.0
13.8876 	EXP 	Tstim_16: ori = 260.0
13.8876 	EXP 	Tstim_17: ori = 252.0
13.8876 	EXP 	Tstim_18: ori = 355.0
13.8876 	EXP 	Tstim_19: ori = 35.0
13.8876 	EXP 	Tstim_20: ori = 16.0
13.8876 	EXP 	Tstim: opacity = 0.5
13.8876 	EXP 	Tstim: pos = array([-0.3 ,  0.12])
13.8876 	EXP 	Tstim: height = 0.1
13.8876 	EXP 	Tstim_2: opacity = 0.5
13.8876 	EXP 	Tstim_2: height = 0.1
13.8876 	EXP 	Tstim_3: opacity = 0.5
13.8876 	EXP 	Tstim_3: pos = array([ 0.06, -0.3 ])
13.8876 	EXP 	Tstim_3: height = 0.1
13.8876 	EXP 	Tstim_4: opacity = 0.5
13.8876 	EXP 	Tstim_4: pos = array([-0.21,  0.09])
13.8876 	EXP 	Tstim_4: height = 0.1
13.8876 	EXP 	Tstim_5: opacity = 0.5
13.8876 	EXP 	Tstim_5: pos = array([-0.18, -0.12])
13.8876 	EXP 	Tstim_5: height = 0.1
13.8876 	EXP 	Tstim_6: opacity = 0.5
13.8876 	EXP 	Tstim_6: pos = array([0.15, 0.21])
13.8876 	EXP 	Tstim_6: height = 0.1
13.8876 	EXP 	Tstim_7: opacity = 0.5
13.8876 	EXP 	Tstim_7: pos = array([-0.24, -0.24])
13.8876 	EXP 	Tstim_7: height = 0.1
13.8876 	EXP 	Tstim_8: opacity = 0.5
13.8876 	EXP 	Tstim_8: pos = array([0.21, 0.15])
13.8876 	EXP 	Tstim_8: height = 0.1
13.8876 	EXP 	Tstim_9: opacity = 0.5
13.8876 	EXP 	Tstim_9: pos = array([ 0.24, -0.15])
13.8876 	EXP 	Tstim_9: height = 0.1
13.8876 	EXP 	Tstim_10: opacity = 0.5
13.8876 	EXP 	Tstim_10: pos = array([-0.03,  0.24])
13.8876 	EXP 	Tstim_10: height = 0.1
13.8876 	EXP 	Tstim_11: opacity = 0.5
13.8876 	EXP 	Tstim_11: pos = array([0.03, 0.27])
13.8876 	EXP 	Tstim_11: height = 0.1
13.8876 	EXP 	Tstim_12: opacity = 0.5
13.8876 	EXP 	Tstim_12: pos = array([-0.09,  0.  ])
13.8876 	EXP 	Tstim_12: height = 0.1
13.8876 	EXP 	Tstim_13: opacity = 0.5
13.8876 	EXP 	Tstim_13: pos = array([ 0.18, -0.06])
13.8876 	EXP 	Tstim_13: height = 0.1
13.8876 	EXP 	Tstim_14: opacity = 0.5
13.8876 	EXP 	Tstim_14: pos = array([-0.27, -0.27])
13.8876 	EXP 	Tstim_14: height = 0.1
13.8876 	EXP 	Tstim_15: opacity = 0.5
13.8876 	EXP 	Tstim_15: pos = array([ 0.12, -0.21])
13.8876 	EXP 	Tstim_15: height = 0.1
13.8876 	EXP 	Tstim_16: opacity = 0.5
13.8876 	EXP 	Tstim_16: pos = array([-0.12, -0.03])
13.8876 	EXP 	Tstim_16: height = 0.1
13.8876 	EXP 	Tstim_17: opacity = 0.5
13.8876 	EXP 	Tstim_17: pos = array([0.3 , 0.03])
13.8876 	EXP 	Tstim_17: height = 0.1
13.8876 	EXP 	Tstim_18: opacity = 0.5
13.8876 	EXP 	Tstim_18: pos = array([0.09, 0.06])
13.8876 	EXP 	Tstim_18: height = 0.1
13.8876 	EXP 	Tstim_19: opacity = 0.5
13.8876 	EXP 	Tstim_19: pos = array([-0.15, -0.09])
13.8876 	EXP 	Tstim_19: height = 0.1
13.8876 	EXP 	Tstim_20: opacity = 0.5
13.8876 	EXP 	Tstim_20: pos = array([0. , 0.3])
13.8876 	EXP 	Tstim_20: height = 0.1
13.8876 	EXP 	Lstim: opacity = 0.5
13.8876 	EXP 	Lstim: pos = array([-0.06, -0.18])
13.8876 	EXP 	Lstim: height = 0.1
13.8876 	EXP 	Tstim: autoDraw = True
13.8876 	EXP 	Tstim_2: autoDraw = True
13.8876 	EXP 	Tstim_3: autoDraw = True
13.8876 	EXP 	Tstim_4: autoDraw = True
13.8876 	EXP 	Tstim_5: autoDraw = True
13.8876 	EXP 	Tstim_6: autoDraw = True
13.8876 	EXP 	Tstim_7: autoDraw = True
13.8876 	EXP 	Tstim_8: autoDraw = True
13.8876 	EXP 	Tstim_9: autoDraw = True
13.8876 	EXP 	Tstim_10: autoDraw = True
13.8876 	EXP 	Tstim_11: autoDraw = True
13.8876 	EXP 	Tstim_12: autoDraw = True
13.8876 	EXP 	Tstim_13: autoDraw = True
13.8876 	EXP 	Tstim_14: autoDraw = True
13.8876 	EXP 	Tstim_15: autoDraw = True
13.8876 	EXP 	Tstim_16: autoDraw = True
13.8876 	EXP 	Tstim_17: autoDraw = True
13.8876 	EXP 	Tstim_18: autoDraw = True
13.8876 	EXP 	Tstim_19: autoDraw = True
13.8876 	EXP 	Tstim_20: autoDraw = True
13.8876 	EXP 	Lstim: autoDraw = True
13.8876 	EXP 	Tstim: text = 'T'
13.8876 	EXP 	Tstim_2: text = 'T'
13.8876 	EXP 	Tstim_3: text = 'T'
13.8876 	EXP 	Tstim_4: text = 'T'
13.8876 	EXP 	Tstim_5: text = 'T'
13.8876 	EXP 	Tstim_6: text = 'T'
13.8876 	EXP 	Tstim_7: text = 'T'
13.8876 	EXP 	Tstim_8: text = 'T'
13.8876 	EXP 	Tstim_9: text = 'T'
13.8876 	EXP 	Tstim_10: text = 'T'
13.8876 	EXP 	Tstim_11: text = 'T'
13.8876 	EXP 	Tstim_12: text = 'T'
13.8876 	EXP 	Tstim_13: text = 'T'
13.8876 	EXP 	Tstim_14: text = 'T'
13.8876 	EXP 	Tstim_15: text = 'T'
13.8876 	EXP 	Tstim_16: text = 'T'
13.8876 	EXP 	Tstim_17: text = 'T'
13.8876 	EXP 	Tstim_18: text = 'T'
13.8876 	EXP 	Tstim_19: text = 'T'
13.8876 	EXP 	Tstim_20: text = 'T'
13.8876 	EXP 	Lstim: text = 'L'
14.7934 	DATA 	Mouse: Left button down, pos=(860,619)
14.8075 	EXP 	New trial (rep=2, index=0): None
14.9113 	DATA 	Mouse:  Left button up, pos=(860,619)
14.9132 	EXP 	Tstim: autoDraw = False
14.9132 	EXP 	Tstim_2: autoDraw = False
14.9132 	EXP 	Tstim_3: autoDraw = False
14.9132 	EXP 	Tstim_4: autoDraw = False
14.9132 	EXP 	Tstim_5: autoDraw = False
14.9132 	EXP 	Tstim_6: autoDraw = False
14.9132 	EXP 	Tstim_7: autoDraw = False
14.9132 	EXP 	Tstim_8: autoDraw = False
14.9132 	EXP 	Tstim_9: autoDraw = False
14.9132 	EXP 	Tstim_10: autoDraw = False
14.9132 	EXP 	Tstim_11: autoDraw = False
14.9132 	EXP 	Tstim_12: autoDraw = False
14.9132 	EXP 	Tstim_13: autoDraw = False
14.9132 	EXP 	Tstim_14: autoDraw = False
14.9132 	EXP 	Tstim_15: autoDraw = False
14.9132 	EXP 	Tstim_16: autoDraw = False
14.9132 	EXP 	Tstim_17: autoDraw = False
14.9132 	EXP 	Tstim_18: autoDraw = False
14.9132 	EXP 	Tstim_19: autoDraw = False
14.9132 	EXP 	Tstim_20: autoDraw = False
14.9132 	EXP 	Lstim: autoDraw = False
14.9132 	EXP 	Lstim: ori = 220.0
14.9132 	EXP 	Tstim: ori = 260.0
14.9132 	EXP 	Tstim_2: ori = 257.0
14.9132 	EXP 	Tstim_3: ori = 164.0
14.9132 	EXP 	Tstim_4: ori = 31.0
14.9132 	EXP 	Tstim_5: ori = 163.0
14.9132 	EXP 	Tstim_6: ori = 46.0
14.9132 	EXP 	Tstim_7: ori = 346.0
14.9132 	EXP 	Tstim_8: ori = 332.0
14.9132 	EXP 	Tstim_9: ori = 38.0
14.9132 	EXP 	Tstim_10: ori = 92.0
14.9132 	EXP 	Tstim_11: ori = 245.0
14.9132 	EXP 	Tstim_12: ori = 309.0
14.9132 	EXP 	Tstim_13: ori = 260.0
14.9132 	EXP 	Tstim_14: ori = 156.0
14.9132 	EXP 	Tstim_15: ori = 355.0
14.9132 	EXP 	Tstim_16: ori = 264.0
14.9132 	EXP 	Tstim_17: ori = 184.0
14.9132 	EXP 	Tstim_18: ori = 312.0
14.9132 	EXP 	Tstim_19: ori = 186.0
14.9132 	EXP 	Tstim_20: ori = 221.0
14.9132 	EXP 	Tstim: opacity = 0.5
14.9132 	EXP 	Tstim: pos = array([ 0.12, -0.12])
14.9132 	EXP 	Tstim: height = 0.1
14.9132 	EXP 	Tstim_2: opacity = 0.5
14.9132 	EXP 	Tstim_2: height = 0.1
14.9132 	EXP 	Tstim_3: opacity = 0.5
14.9132 	EXP 	Tstim_3: pos = array([-0.03, -0.18])
14.9132 	EXP 	Tstim_3: height = 0.1
14.9132 	EXP 	Tstim_4: opacity = 0.5
14.9132 	EXP 	Tstim_4: pos = array([ 0.09, -0.27])
14.9132 	EXP 	Tstim_4: height = 0.1
14.9132 	EXP 	Tstim_5: opacity = 0.5
14.9132 	EXP 	Tstim_5: pos = array([ 0.15, -0.03])
14.9132 	EXP 	Tstim_5: height = 0.1
14.9132 	EXP 	Tstim_6: opacity = 0.5
14.9132 	EXP 	Tstim_6: pos = array([0.24, 0.12])
14.9132 	EXP 	Tstim_6: height = 0.1
14.9132 	EXP 	Tstim_7: opacity = 0.5
14.9132 	EXP 	Tstim_7: pos = array([-0.18,  0.09])
14.9132 	EXP 	Tstim_7: height = 0.1
14.9132 	EXP 	Tstim_8: opacity = 0.5
14.9132 	EXP 	Tstim_8: pos = array([-0.27,  0.15])
14.9132 	EXP 	Tstim_8: height = 0.1
14.9132 	EXP 	Tstim_9: opacity = 0.5
14.9132 	EXP 	Tstim_9: pos = array([-0.24, -0.3 ])
14.9132 	EXP 	Tstim_9: height = 0.1
14.9132 	EXP 	Tstim_10: opacity = 0.5
14.9132 	EXP 	Tstim_10: pos = array([0.18, 0.27])
14.9132 	EXP 	Tstim_10: height = 0.1
14.9132 	EXP 	Tstim_11: opacity = 0.5
14.9132 	EXP 	Tstim_11: pos = array([ 0.03, -0.15])
14.9132 	EXP 	Tstim_11: height = 0.1
14.9132 	EXP 	Tstim_12: opacity = 0.5
14.9132 	EXP 	Tstim_12: pos = array([-0.21,  0.3 ])
14.9132 	EXP 	Tstim_12: height = 0.1
14.9132 	EXP 	Tstim_13: opacity = 0.5
14.9132 	EXP 	Tstim_13: pos = array([ 0.3 , -0.24])
14.9132 	EXP 	Tstim_13: height = 0.1
14.9132 	EXP 	Tstim_14: opacity = 0.5
14.9132 	EXP 	Tstim_14: pos = array([-0.09, -0.09])
14.9132 	EXP 	Tstim_14: height = 0.1
14.9132 	EXP 	Tstim_15: opacity = 0.5
14.9132 	EXP 	Tstim_15: pos = array([0.  , 0.03])
14.9132 	EXP 	Tstim_15: height = 0.1
14.9132 	EXP 	Tstim_16: opacity = 0.5
14.9132 	EXP 	Tstim_16: pos = array([-0.06,  0.06])
14.9132 	EXP 	Tstim_16: height = 0.1
14.9132 	EXP 	Tstim_17: opacity = 0.5
14.9132 	EXP 	Tstim_17: pos = array([-0.3 ,  0.18])
14.9132 	EXP 	Tstim_17: height = 0.1
14.9132 	EXP 	Tstim_18: opacity = 0.5
14.9132 	EXP 	Tstim_18: pos = array([-0.15,  0.  ])
14.9132 	EXP 	Tstim_18: height = 0.1
14.9132 	EXP 	Tstim_19: opacity = 0.5
14.9132 	EXP 	Tstim_19: pos = array([ 0.06, -0.06])
14.9132 	EXP 	Tstim_19: height = 0.1
14.9132 	EXP 	Tstim_20: opacity = 0.5
14.9132 	EXP 	Tstim_20: pos = array([-0.12,  0.21])
14.9132 	EXP 	Tstim_20: height = 0.1
14.9132 	EXP 	Lstim: opacity = 0.5
14.9132 	EXP 	Lstim: pos = array([ 0.21, -0.21])
14.9132 	EXP 	Lstim: height = 0.1
14.9132 	EXP 	Tstim: autoDraw = True
14.9132 	EXP 	Tstim_2: autoDraw = True
14.9132 	EXP 	Tstim_3: autoDraw = True
14.9132 	EXP 	Tstim_4: autoDraw = True
14.9132 	EXP 	Tstim_5: autoDraw = True
14.9132 	EXP 	Tstim_6: autoDraw = True
14.9132 	EXP 	Tstim_7: autoDraw = True
14.9132 	EXP 	Tstim_8: autoDraw = True
14.9132 	EXP 	Tstim_9: autoDraw = True
14.9132 	EXP 	Tstim_10: autoDraw = True
14.9132 	EXP 	Tstim_11: autoDraw = True
14.9132 	EXP 	Tstim_12: autoDraw = True
14.9132 	EXP 	Tstim_13: autoDraw = True
14.9132 	EXP 	Tstim_14: autoDraw = True
14.9132 	EXP 	Tstim_15: autoDraw = True
14.9132 	EXP 	Tstim_16: autoDraw = True
14.9132 	EXP 	Tstim_17: autoDraw = True
14.9132 	EXP 	Tstim_18: autoDraw = True
14.9132 	EXP 	Tstim_19: autoDraw = True
14.9132 	EXP 	Tstim_20: autoDraw = True
14.9132 	EXP 	Lstim: autoDraw = True
14.9132 	EXP 	Tstim: text = 'T'
14.9132 	EXP 	Tstim_2: text = 'T'
14.9132 	EXP 	Tstim_3: text = 'T'
14.9132 	EXP 	Tstim_4: text = 'T'
14.9132 	EXP 	Tstim_5: text = 'T'
14.9132 	EXP 	Tstim_6: text = 'T'
14.9132 	EXP 	Tstim_7: text = 'T'
14.9132 	EXP 	Tstim_8: text = 'T'
14.9132 	EXP 	Tstim_9: text = 'T'
14.9132 	EXP 	Tstim_10: text = 'T'
14.9132 	EXP 	Tstim_11: text = 'T'
14.9132 	EXP 	Tstim_12: text = 'T'
14.9132 	EXP 	Tstim_13: text = 'T'
14.9132 	EXP 	Tstim_14: text = 'T'
14.9132 	EXP 	Tstim_15: text = 'T'
14.9132 	EXP 	Tstim_16: text = 'T'
14.9132 	EXP 	Tstim_17: text = 'T'
14.9132 	EXP 	Tstim_18: text = 'T'
14.9132 	EXP 	Tstim_19: text = 'T'
14.9132 	EXP 	Tstim_20: text = 'T'
14.9132 	EXP 	Lstim: text = 'L'
15.4514 	DATA 	Mouse: Left button down, pos=(997,601)
15.4567 	EXP 	New trial (rep=3, index=0): None
15.5546 	EXP 	Tstim: autoDraw = False
15.5546 	EXP 	Tstim_2: autoDraw = False
15.5546 	EXP 	Tstim_3: autoDraw = False
15.5546 	EXP 	Tstim_4: autoDraw = False
15.5546 	EXP 	Tstim_5: autoDraw = False
15.5546 	EXP 	Tstim_6: autoDraw = False
15.5546 	EXP 	Tstim_7: autoDraw = False
15.5546 	EXP 	Tstim_8: autoDraw = False
15.5546 	EXP 	Tstim_9: autoDraw = False
15.5546 	EXP 	Tstim_10: autoDraw = False
15.5546 	EXP 	Tstim_11: autoDraw = False
15.5546 	EXP 	Tstim_12: autoDraw = False
15.5546 	EXP 	Tstim_13: autoDraw = False
15.5546 	EXP 	Tstim_14: autoDraw = False
15.5546 	EXP 	Tstim_15: autoDraw = False
15.5546 	EXP 	Tstim_16: autoDraw = False
15.5546 	EXP 	Tstim_17: autoDraw = False
15.5546 	EXP 	Tstim_18: autoDraw = False
15.5546 	EXP 	Tstim_19: autoDraw = False
15.5546 	EXP 	Tstim_20: autoDraw = False
15.5546 	EXP 	Lstim: autoDraw = False
15.5546 	EXP 	Lstim: ori = 258.0
15.5546 	EXP 	Tstim: ori = 77.0
15.5546 	EXP 	Tstim_2: ori = 27.0
15.5546 	EXP 	Tstim_3: ori = 14.0
15.5546 	EXP 	Tstim_4: ori = 49.0
15.5546 	EXP 	Tstim_5: ori = 185.0
15.5546 	EXP 	Tstim_6: ori = 269.0
15.5546 	EXP 	Tstim_7: ori = 258.0
15.5546 	EXP 	Tstim_8: ori = 340.0
15.5546 	EXP 	Tstim_9: ori = 154.0
15.5546 	EXP 	Tstim_10: ori = 31.0
15.5546 	EXP 	Tstim_11: ori = 34.0
15.5546 	EXP 	Tstim_12: ori = 80.0
15.5546 	EXP 	Tstim_13: ori = 110.0
15.5546 	EXP 	Tstim_14: ori = 123.0
15.5546 	EXP 	Tstim_15: ori = 238.0
15.5546 	EXP 	Tstim_16: ori = 294.0
15.5546 	EXP 	Tstim_17: ori = 15.0
15.5546 	EXP 	Tstim_18: ori = 323.0
15.5546 	EXP 	Tstim_19: ori = 85.0
15.5546 	EXP 	Tstim_20: ori = 246.0
15.5546 	EXP 	Tstim: opacity = 0.5
15.5546 	EXP 	Tstim: pos = array([-0.06,  0.27])
15.5546 	EXP 	Tstim: height = 0.1
15.5546 	EXP 	Tstim_2: opacity = 0.5
15.5546 	EXP 	Tstim_2: height = 0.1
15.5546 	EXP 	Tstim_3: opacity = 0.5
15.5546 	EXP 	Tstim_3: pos = array([ 0.18, -0.18])
15.5546 	EXP 	Tstim_3: height = 0.1
15.5546 	EXP 	Tstim_4: opacity = 0.5
15.5546 	EXP 	Tstim_4: pos = array([-0.27,  0.24])
15.5546 	EXP 	Tstim_4: height = 0.1
15.5546 	EXP 	Tstim_5: opacity = 0.5
15.5546 	EXP 	Tstim_5: pos = array([-0.15,  0.03])
15.5546 	EXP 	Tstim_5: height = 0.1
15.5546 	EXP 	Tstim_6: opacity = 0.5
15.5546 	EXP 	Tstim_6: pos = array([0.03, 0.  ])
15.5546 	EXP 	Tstim_6: height = 0.1
15.5546 	EXP 	Tstim_7: opacity = 0.5
15.5546 	EXP 	Tstim_7: pos = array([-0.21, -0.06])
15.5546 	EXP 	Tstim_7: height = 0.1
15.5546 	EXP 	Tstim_8: opacity = 0.5
15.5546 	EXP 	Tstim_8: pos = array([-0.09, -0.12])
15.5546 	EXP 	Tstim_8: height = 0.1
15.5546 	EXP 	Tstim_9: opacity = 0.5
15.5546 	EXP 	Tstim_9: pos = array([ 0.09, -0.24])
15.5546 	EXP 	Tstim_9: height = 0.1
15.5546 	EXP 	Tstim_10: opacity = 0.5
15.5546 	EXP 	Tstim_10: pos = array([0.06, 0.09])
15.5546 	EXP 	Tstim_10: height = 0.1
15.5546 	EXP 	Tstim_11: opacity = 0.5
15.5546 	EXP 	Tstim_11: pos = array([ 0.15, -0.15])
15.5546 	EXP 	Tstim_11: height = 0.1
15.5546 	EXP 	Tstim_12: opacity = 0.5
15.5546 	EXP 	Tstim_12: pos = array([-0.18, -0.3 ])
15.5546 	EXP 	Tstim_12: height = 0.1
15.5546 	EXP 	Tstim_13: opacity = 0.5
15.5546 	EXP 	Tstim_13: pos = array([-0.03,  0.15])
15.5546 	EXP 	Tstim_13: height = 0.1
15.5546 	EXP 	Tstim_14: opacity = 0.5
15.5546 	EXP 	Tstim_14: pos = array([ 0.3 , -0.21])
15.5546 	EXP 	Tstim_14: height = 0.1
15.5546 	EXP 	Tstim_15: opacity = 0.5
15.5546 	EXP 	Tstim_15: pos = array([0.24, 0.18])
15.5546 	EXP 	Tstim_15: height = 0.1
15.5546 	EXP 	Tstim_16: opacity = 0.5
15.5546 	EXP 	Tstim_16: pos = array([-0.3 ,  0.12])
15.5546 	EXP 	Tstim_16: height = 0.1
15.5546 	EXP 	Tstim_17: opacity = 0.5
15.5546 	EXP 	Tstim_17: pos = array([ 0.  , -0.09])
15.5546 	EXP 	Tstim_17: height = 0.1
15.5546 	EXP 	Tstim_18: opacity = 0.5
15.5546 	EXP 	Tstim_18: pos = array([-0.24, -0.03])
15.5546 	EXP 	Tstim_18: height = 0.1
15.5546 	EXP 	Tstim_19: opacity = 0.5
15.5546 	EXP 	Tstim_19: pos = array([ 0.21, -0.27])
15.5546 	EXP 	Tstim_19: height = 0.1
15.5546 	EXP 	Tstim_20: opacity = 0.5
15.5546 	EXP 	Tstim_20: pos = array([-0.12,  0.21])
15.5546 	EXP 	Tstim_20: height = 0.1
15.5546 	EXP 	Lstim: opacity = 0.5
15.5546 	EXP 	Lstim: pos = array([0.12, 0.3 ])
15.5546 	EXP 	Lstim: height = 0.1
15.5546 	EXP 	Tstim: autoDraw = True
15.5546 	EXP 	Tstim_2: autoDraw = True
15.5546 	EXP 	Tstim_3: autoDraw = True
15.5546 	EXP 	Tstim_4: autoDraw = True
15.5546 	EXP 	Tstim_5: autoDraw = True
15.5546 	EXP 	Tstim_6: autoDraw = True
15.5546 	EXP 	Tstim_7: autoDraw = True
15.5546 	EXP 	Tstim_8: autoDraw = True
15.5546 	EXP 	Tstim_9: autoDraw = True
15.5546 	EXP 	Tstim_10: autoDraw = True
15.5546 	EXP 	Tstim_11: autoDraw = True
15.5546 	EXP 	Tstim_12: autoDraw = True
15.5546 	EXP 	Tstim_13: autoDraw = True
15.5546 	EXP 	Tstim_14: autoDraw = True
15.5546 	EXP 	Tstim_15: autoDraw = True
15.5546 	EXP 	Tstim_16: autoDraw = True
15.5546 	EXP 	Tstim_17: autoDraw = True
15.5546 	EXP 	Tstim_18: autoDraw = True
15.5546 	EXP 	Tstim_19: autoDraw = True
15.5546 	EXP 	Tstim_20: autoDraw = True
15.5546 	EXP 	Lstim: autoDraw = True
15.5546 	EXP 	Tstim: text = 'T'
15.5546 	EXP 	Tstim_2: text = 'T'
15.5546 	EXP 	Tstim_3: text = 'T'
15.5546 	EXP 	Tstim_4: text = 'T'
15.5546 	EXP 	Tstim_5: text = 'T'
15.5546 	EXP 	Tstim_6: text = 'T'
15.5546 	EXP 	Tstim_7: text = 'T'
15.5546 	EXP 	Tstim_8: text = 'T'
15.5546 	EXP 	Tstim_9: text = 'T'
15.5546 	EXP 	Tstim_10: text = 'T'
15.5546 	EXP 	Tstim_11: text = 'T'
15.5546 	EXP 	Tstim_12: text = 'T'
15.5546 	EXP 	Tstim_13: text = 'T'
15.5546 	EXP 	Tstim_14: text = 'T'
15.5546 	EXP 	Tstim_15: text = 'T'
15.5546 	EXP 	Tstim_16: text = 'T'
15.5546 	EXP 	Tstim_17: text = 'T'
15.5546 	EXP 	Tstim_18: text = 'T'
15.5546 	EXP 	Tstim_19: text = 'T'
15.5546 	EXP 	Tstim_20: text = 'T'
15.5546 	EXP 	Lstim: text = 'L'
15.5606 	DATA 	Mouse:  Left button up, pos=(997,601)
16.1164 	DATA 	Mouse: Left button down, pos=(1081,693)
16.1265 	EXP 	New trial (rep=4, index=0): None
16.2421 	DATA 	Mouse:  Left button up, pos=(1081,693)
16.2441 	EXP 	Tstim: autoDraw = False
16.2441 	EXP 	Tstim_2: autoDraw = False
16.2441 	EXP 	Tstim_3: autoDraw = False
16.2441 	EXP 	Tstim_4: autoDraw = False
16.2441 	EXP 	Tstim_5: autoDraw = False
16.2441 	EXP 	Tstim_6: autoDraw = False
16.2441 	EXP 	Tstim_7: autoDraw = False
16.2441 	EXP 	Tstim_8: autoDraw = False
16.2441 	EXP 	Tstim_9: autoDraw = False
16.2441 	EXP 	Tstim_10: autoDraw = False
16.2441 	EXP 	Tstim_11: autoDraw = False
16.2441 	EXP 	Tstim_12: autoDraw = False
16.2441 	EXP 	Tstim_13: autoDraw = False
16.2441 	EXP 	Tstim_14: autoDraw = False
16.2441 	EXP 	Tstim_15: autoDraw = False
16.2441 	EXP 	Tstim_16: autoDraw = False
16.2441 	EXP 	Tstim_17: autoDraw = False
16.2441 	EXP 	Tstim_18: autoDraw = False
16.2441 	EXP 	Tstim_19: autoDraw = False
16.2441 	EXP 	Tstim_20: autoDraw = False
16.2441 	EXP 	Lstim: autoDraw = False
16.2441 	EXP 	Lstim: ori = 263.0
16.2441 	EXP 	Tstim: ori = 67.0
16.2441 	EXP 	Tstim_2: ori = 71.0
16.2441 	EXP 	Tstim_3: ori = 148.0
16.2441 	EXP 	Tstim_4: ori = 32.0
16.2441 	EXP 	Tstim_5: ori = 147.0
16.2441 	EXP 	Tstim_6: ori = 231.0
16.2441 	EXP 	Tstim_7: ori = 13.0
16.2441 	EXP 	Tstim_8: ori = 15.0
16.2441 	EXP 	Tstim_9: ori = 244.0
16.2441 	EXP 	Tstim_10: ori = 168.0
16.2441 	EXP 	Tstim_11: ori = 238.0
16.2441 	EXP 	Tstim_12: ori = 315.0
16.2441 	EXP 	Tstim_13: ori = 223.0
16.2441 	EXP 	Tstim_14: ori = 99.0
16.2441 	EXP 	Tstim_15: ori = 328.0
16.2441 	EXP 	Tstim_16: ori = 354.0
16.2441 	EXP 	Tstim_17: ori = 150.0
16.2441 	EXP 	Tstim_18: ori = 149.0
16.2441 	EXP 	Tstim_19: ori = 247.0
16.2441 	EXP 	Tstim_20: ori = 45.0
16.2441 	EXP 	Tstim: opacity = 0.5
16.2441 	EXP 	Tstim: pos = array([-0.27,  0.03])
16.2441 	EXP 	Tstim: height = 0.1
16.2441 	EXP 	Tstim_2: opacity = 0.5
16.2441 	EXP 	Tstim_2: height = 0.1
16.2441 	EXP 	Tstim_3: opacity = 0.5
16.2441 	EXP 	Tstim_3: pos = array([0.3 , 0.27])
16.2441 	EXP 	Tstim_3: height = 0.1
16.2441 	EXP 	Tstim_4: opacity = 0.5
16.2441 	EXP 	Tstim_4: pos = array([ 0.24, -0.06])
16.2441 	EXP 	Tstim_4: height = 0.1
16.2441 	EXP 	Tstim_5: opacity = 0.5
16.2441 	EXP 	Tstim_5: pos = array([-0.21,  0.06])
16.2441 	EXP 	Tstim_5: height = 0.1
16.2441 	EXP 	Tstim_6: opacity = 0.5
16.2441 	EXP 	Tstim_6: pos = array([ 0.06, -0.18])
16.2441 	EXP 	Tstim_6: height = 0.1
16.2441 	EXP 	Tstim_7: opacity = 0.5
16.2441 	EXP 	Tstim_7: pos = array([-0.06,  0.09])
16.2441 	EXP 	Tstim_7: height = 0.1
16.2441 	EXP 	Tstim_8: opacity = 0.5
16.2441 	EXP 	Tstim_8: pos = array([0.  , 0.18])
16.2441 	EXP 	Tstim_8: height = 0.1
16.2441 	EXP 	Tstim_9: opacity = 0.5
16.2441 	EXP 	Tstim_9: pos = array([-0.18, -0.21])
16.2441 	EXP 	Tstim_9: height = 0.1
16.2441 	EXP 	Tstim_10: opacity = 0.5
16.2441 	EXP 	Tstim_10: pos = array([ 0.27, -0.12])
16.2441 	EXP 	Tstim_10: height = 0.1
16.2441 	EXP 	Tstim_11: opacity = 0.5
16.2441 	EXP 	Tstim_11: pos = array([ 0.15, -0.15])
16.2441 	EXP 	Tstim_11: height = 0.1
16.2441 	EXP 	Tstim_12: opacity = 0.5
16.2441 	EXP 	Tstim_12: pos = array([-0.03, -0.27])
16.2441 	EXP 	Tstim_12: height = 0.1
16.2441 	EXP 	Tstim_13: opacity = 0.5
16.2441 	EXP 	Tstim_13: pos = array([-0.3 ,  0.15])
16.2441 	EXP 	Tstim_13: height = 0.1
16.2441 	EXP 	Tstim_14: opacity = 0.5
16.2441 	EXP 	Tstim_14: pos = array([-0.15, -0.24])
16.2441 	EXP 	Tstim_14: height = 0.1
16.2441 	EXP 	Tstim_15: opacity = 0.5
16.2441 	EXP 	Tstim_15: pos = array([0.21, 0.24])
16.2441 	EXP 	Tstim_15: height = 0.1
16.2441 	EXP 	Tstim_16: opacity = 0.5
16.2441 	EXP 	Tstim_16: pos = array([ 0.18, -0.3 ])
16.2441 	EXP 	Tstim_16: height = 0.1
16.2441 	EXP 	Tstim_17: opacity = 0.5
16.2441 	EXP 	Tstim_17: pos = array([0.03, 0.3 ])
16.2441 	EXP 	Tstim_17: height = 0.1
16.2441 	EXP 	Tstim_18: opacity = 0.5
16.2441 	EXP 	Tstim_18: pos = array([-0.24, -0.03])
16.2441 	EXP 	Tstim_18: height = 0.1
16.2441 	EXP 	Tstim_19: opacity = 0.5
16.2441 	EXP 	Tstim_19: pos = array([0.12, 0.21])
16.2441 	EXP 	Tstim_19: height = 0.1
16.2441 	EXP 	Tstim_20: opacity = 0.5
16.2441 	EXP 	Tstim_20: pos = array([0.09, 0.  ])
16.2441 	EXP 	Tstim_20: height = 0.1
16.2441 	EXP 	Lstim: opacity = 0.5
16.2441 	EXP 	Lstim: pos = array([-0.12,  0.12])
16.2441 	EXP 	Lstim: height = 0.1
16.2441 	EXP 	Tstim: autoDraw = True
16.2441 	EXP 	Tstim_2: autoDraw = True
16.2441 	EXP 	Tstim_3: autoDraw = True
16.2441 	EXP 	Tstim_4: autoDraw = True
16.2441 	EXP 	Tstim_5: autoDraw = True
16.2441 	EXP 	Tstim_6: autoDraw = True
16.2441 	EXP 	Tstim_7: autoDraw = True
16.2441 	EXP 	Tstim_8: autoDraw = True
16.2441 	EXP 	Tstim_9: autoDraw = True
16.2441 	EXP 	Tstim_10: autoDraw = True
16.2441 	EXP 	Tstim_11: autoDraw = True
16.2441 	EXP 	Tstim_12: autoDraw = True
16.2441 	EXP 	Tstim_13: autoDraw = True
16.2441 	EXP 	Tstim_14: autoDraw = True
16.2441 	EXP 	Tstim_15: autoDraw = True
16.2441 	EXP 	Tstim_16: autoDraw = True
16.2441 	EXP 	Tstim_17: autoDraw = True
16.2441 	EXP 	Tstim_18: autoDraw = True
16.2441 	EXP 	Tstim_19: autoDraw = True
16.2441 	EXP 	Tstim_20: autoDraw = True
16.2441 	EXP 	Lstim: autoDraw = True
16.2441 	EXP 	Tstim: text = 'T'
16.2441 	EXP 	Tstim_2: text = 'T'
16.2441 	EXP 	Tstim_3: text = 'T'
16.2441 	EXP 	Tstim_4: text = 'T'
16.2441 	EXP 	Tstim_5: text = 'T'
16.2441 	EXP 	Tstim_6: text = 'T'
16.2441 	EXP 	Tstim_7: text = 'T'
16.2441 	EXP 	Tstim_8: text = 'T'
16.2441 	EXP 	Tstim_9: text = 'T'
16.2441 	EXP 	Tstim_10: text = 'T'
16.2441 	EXP 	Tstim_11: text = 'T'
16.2441 	EXP 	Tstim_12: text = 'T'
16.2441 	EXP 	Tstim_13: text = 'T'
16.2441 	EXP 	Tstim_14: text = 'T'
16.2441 	EXP 	Tstim_15: text = 'T'
16.2441 	EXP 	Tstim_16: text = 'T'
16.2441 	EXP 	Tstim_17: text = 'T'
16.2441 	EXP 	Tstim_18: text = 'T'
16.2441 	EXP 	Tstim_19: text = 'T'
16.2441 	EXP 	Tstim_20: text = 'T'
16.2441 	EXP 	Lstim: text = 'L'
17.1303 	DATA 	Mouse: Left button down, pos=(1077,597)
17.1524 	EXP 	Tstim: autoDraw = False
17.1524 	EXP 	Tstim_2: autoDraw = False
17.1524 	EXP 	Tstim_3: autoDraw = False
17.1524 	EXP 	Tstim_4: autoDraw = False
17.1524 	EXP 	Tstim_5: autoDraw = False
17.1524 	EXP 	Tstim_6: autoDraw = False
17.1524 	EXP 	Tstim_7: autoDraw = False
17.1524 	EXP 	Tstim_8: autoDraw = False
17.1524 	EXP 	Tstim_9: autoDraw = False
17.1524 	EXP 	Tstim_10: autoDraw = False
17.1524 	EXP 	Tstim_11: autoDraw = False
17.1524 	EXP 	Tstim_12: autoDraw = False
17.1524 	EXP 	Tstim_13: autoDraw = False
17.1524 	EXP 	Tstim_14: autoDraw = False
17.1524 	EXP 	Tstim_15: autoDraw = False
17.1524 	EXP 	Tstim_16: autoDraw = False
17.1524 	EXP 	Tstim_17: autoDraw = False
17.1524 	EXP 	Tstim_18: autoDraw = False
17.1524 	EXP 	Tstim_19: autoDraw = False
17.1524 	EXP 	Tstim_20: autoDraw = False
17.1524 	EXP 	Lstim: autoDraw = False
17.3533 	EXP 	window1: mouseVisible = True
