12.1187 	EXP 	Created window1 = Window(allowGUI=False, allowStencil=False, autoLog=True, backendConf=UNKNOWN, bitsMode=UNKNOWN, blendMode='avg', bpc=(8, 8, 8), color=array([1, 1, 1]), colorSpace='rgb', depthBits=8, fullscr=<method-wrapper '__getattribute__' of attributeSetter object at 0x000001D6CBA52860>, gamma=None, gammaErrorPolicy='raise', lms=UNKNOWN, monitor=<psychopy.monitors.calibTools.Monitor object at 0x000001D6CB9EEE10>, multiSample=False, name='window1', numSamples=2, pos=[0.0, 0.0], screen=0, size=array([1280,  800]), stencilBits=0, stereo=False, units='height', useFBO=True, useRetina=False, viewOri=0.0, viewPos=None, viewScale=None, waitBlanking=True, winType='pyglet')
12.1194 	EXP 	window1: mouseVisible = True
12.1194 	EXP 	window1: recordFrameIntervals = False
12.2845 	EXP 	window1: recordFrameIntervals = True
12.4683 	EXP 	window1: recordFrameIntervals = False
12.8117 	EXP 	Created instr = TextStim(__class__=<class 'psychopy.visual.text.TextStim'>, alignHoriz=method-wrapper(...), alignText='center', alignVert=method-wrapper(...), anchorHoriz='center', anchorVert='center', antialias=True, autoLog=True, bold=False, color=array([-1., -1., -1.]), colorSpace='rgb', contrast=1.0, depth=0.0, flipHoriz=False, flipVert=False, font='Arial', fontFiles=[], height=0.035, italic=False, languageStyle='LTR', name='instr', opacity=1, ori=0, pos=array([0. , 0.1]), rgb=UNKNOWN, text=str(...), units='height', win=Window(...), wrapWidth=1)
12.8118 	EXP 	window1: mouseVisible = True
12.9211 	EXP 	Created intro_square = ImageStim(__class__=<class 'psychopy.visual.image.ImageStim'>, autoLog=True, color=array([1., 1., 1.]), colorSpace='rgb', contrast=1.0, depth=-3.0, flipHoriz=False, flipVert=False, image='images/response_square.jpg', interpolate=True, mask=None, maskParams=None, name='intro_square', opacity=1, ori=0.0, pos=array([ 0.  , -0.25]), size=array([0.2, 0.1]), texRes=128.0, units='height', win=Window(...))
13.0271 	EXP 	Created intro_plus = ImageStim(__class__=<class 'psychopy.visual.image.ImageStim'>, autoLog=True, color=array([1., 1., 1.]), colorSpace='rgb', contrast=1.0, depth=-4.0, flipHoriz=False, flipVert=False, image='images/response_plus.jpg', interpolate=True, mask=None, maskParams=None, name='intro_plus', opacity=1, ori=0.0, pos=array([ 0.25, -0.25]), size=array([0.2, 0.1]), texRes=128.0, units='height', win=Window(...))
13.1229 	EXP 	Created intro_cross = ImageStim(__class__=<class 'psychopy.visual.image.ImageStim'>, autoLog=True, color=array([1., 1., 1.]), colorSpace='rgb', contrast=1.0, depth=-5.0, flipHoriz=False, flipVert=False, image='images/response_cross.jpg', interpolate=True, mask=None, maskParams=None, name='intro_cross', opacity=1, ori=0.0, pos=array([-0.25, -0.25]), size=array([0.2, 0.1]), texRes=128.0, units='height', win=Window(...))
13.3417 	EXP 	Created rightright_tile = ImageStim(__class__=<class 'psychopy.visual.image.ImageStim'>, autoLog=True, color=array([1., 1., 1.]), colorSpace='rgb', contrast=1.0, depth=-1.0, flipHoriz=False, flipVert=False, image='images/grey_square.jpg', interpolate=True, mask=None, maskParams=None, name='rightright_tile', opacity=1, ori=0.0, pos=array([0.375, 0.   ]), size=array([0.22, 0.22]), texRes=128.0, units='height', win=Window(...))
13.5684 	EXP 	Created right_tile = ImageStim(__class__=<class 'psychopy.visual.image.ImageStim'>, autoLog=True, color=array([1., 1., 1.]), colorSpace='rgb', contrast=1.0, depth=-2.0, flipHoriz=False, flipVert=False, image='images/grey_square.jpg', interpolate=True, mask=None, maskParams=None, name='right_tile', opacity=1, ori=0.0, pos=array([0.125, 0.   ]), size=array([0.22, 0.22]), texRes=128.0, units='height', win=Window(...))
13.7950 	EXP 	Created left_tile = ImageStim(__class__=<class 'psychopy.visual.image.ImageStim'>, autoLog=True, color=array([1., 1., 1.]), colorSpace='rgb', contrast=1.0, depth=-3.0, flipHoriz=False, flipVert=False, image='images/grey_square.jpg', interpolate=True, mask=None, maskParams=None, name='left_tile', opacity=1, ori=0.0, pos=array([-0.125,  0.   ]), size=array([0.22, 0.22]), texRes=128.0, units='height', win=Window(...))
14.0066 	EXP 	Created leftleft_tile = ImageStim(__class__=<class 'psychopy.visual.image.ImageStim'>, autoLog=True, color=array([1., 1., 1.]), colorSpace='rgb', contrast=1.0, depth=-4.0, flipHoriz=False, flipVert=False, image='images/grey_square.jpg', interpolate=True, mask=None, maskParams=None, name='leftleft_tile', opacity=1, ori=0.0, pos=array([-0.375,  0.   ]), size=array([0.22, 0.22]), texRes=128.0, units='height', win=Window(...))
14.1015 	EXP 	Created square_button = ImageStim(__class__=<class 'psychopy.visual.image.ImageStim'>, autoLog=True, color=array([1., 1., 1.]), colorSpace='rgb', contrast=1.0, depth=-5.0, flipHoriz=False, flipVert=False, image='images/response_square.jpg', interpolate=True, mask=None, maskParams=None, name='square_button', opacity=1, ori=0.0, pos=array([ 0.  , -0.25]), size=array([0.2, 0.1]), texRes=128.0, units='height', win=Window(...))
14.2203 	EXP 	Created plus_button = ImageStim(__class__=<class 'psychopy.visual.image.ImageStim'>, autoLog=True, color=array([1., 1., 1.]), colorSpace='rgb', contrast=1.0, depth=-6.0, flipHoriz=False, flipVert=False, image='images/response_plus.jpg', interpolate=True, mask=None, maskParams=None, name='plus_button', opacity=1, ori=0.0, pos=array([ 0.25, -0.25]), size=array([0.2, 0.1]), texRes=128.0, units='height', win=Window(...))
14.3325 	EXP 	Created cross_button = ImageStim(__class__=<class 'psychopy.visual.image.ImageStim'>, autoLog=True, color=array([1., 1., 1.]), colorSpace='rgb', contrast=1.0, depth=-7.0, flipHoriz=False, flipVert=False, image='images/response_cross.jpg', interpolate=True, mask=None, maskParams=None, name='cross_button', opacity=1, ori=0.0, pos=array([-0.25, -0.25]), size=array([0.2, 0.1]), texRes=128.0, units='height', win=Window(...))
14.3349 	EXP 	Created targetImage = ImageStim(__class__=<class 'psychopy.visual.image.ImageStim'>, autoLog=True, color=array([1., 1., 1.]), colorSpace='rgb', contrast=1.0, depth=-8.0, flipHoriz=False, flipVert=False, image='sin', interpolate=True, mask=None, maskParams=None, name='targetImage', opacity=1, ori=0.0, pos=array([0., 0.]), size=array([0.2, 0.2]), texRes=128, units='height', win=Window(...))
14.3350 	EXP 	window1: mouseVisible = True
14.3373 	EXP 	Created text_fb = TextStim(__class__=<class 'psychopy.visual.text.TextStim'>, alignHoriz=method-wrapper(...), alignText='center', alignVert=method-wrapper(...), anchorHoriz='center', anchorVert='center', antialias=True, autoLog=True, bold=False, color=array([-1., -1., -1.]), colorSpace='rgb', contrast=1.0, depth=0.0, flipHoriz=False, flipVert=False, font='Open Sans', fontFiles=[], height=0.05, italic=False, languageStyle='LTR', name='text_fb', opacity=1, ori=0.0, pos=array([0., 0.]), rgb=UNKNOWN, text='', units='height', win=Window(...), wrapWidth=1)
14.3373 	EXP 	window1: mouseVisible = True
14.3452 	EXP 	Created main_trial_instruct = TextStim(__class__=<class 'psychopy.visual.text.TextStim'>, alignHoriz=method-wrapper(...), alignText='center', alignVert=method-wrapper(...), anchorHoriz='center', anchorVert='center', antialias=True, autoLog=True, bold=False, color=array([-1., -1., -1.]), colorSpace='rgb', contrast=1.0, depth=0.0, flipHoriz=False, flipVert=False, font='Arial', fontFiles=[], height=0.035, italic=False, languageStyle='LTR', name='main_trial_instruct', opacity=1, ori=0.0, pos=array([0., 0.]), rgb=UNKNOWN, text=str(...), units='height', win=Window(...), wrapWidth=1)
14.3453 	EXP 	window1: mouseVisible = True
14.4215 	EXP 	Created ready_button = ImageStim(__class__=<class 'psychopy.visual.image.ImageStim'>, autoLog=True, color=array([1., 1., 1.]), colorSpace='rgb', contrast=1.0, depth=-3.0, flipHoriz=False, flipVert=False, image='images/response_ready.jpg', interpolate=True, mask=None, maskParams=None, name='ready_button', opacity=1, ori=0.0, pos=array([ 0.  , -0.25]), size=array([0.2, 0.1]), texRes=128.0, units='height', win=Window(...))
14.5770 	EXP 	Created rightright_tile = ImageStim(__class__=<class 'psychopy.visual.image.ImageStim'>, autoLog=True, color=array([1., 1., 1.]), colorSpace='rgb', contrast=1.0, depth=-1.0, flipHoriz=False, flipVert=False, image='images/grey_square.jpg', interpolate=True, mask=None, maskParams=None, name='rightright_tile', opacity=1, ori=0.0, pos=array([0.375, 0.   ]), size=array([0.22, 0.22]), texRes=128.0, units='height', win=Window(...))
14.7346 	EXP 	Created right_tile = ImageStim(__class__=<class 'psychopy.visual.image.ImageStim'>, autoLog=True, color=array([1., 1., 1.]), colorSpace='rgb', contrast=1.0, depth=-2.0, flipHoriz=False, flipVert=False, image='images/grey_square.jpg', interpolate=True, mask=None, maskParams=None, name='right_tile', opacity=1, ori=0.0, pos=array([0.125, 0.   ]), size=array([0.22, 0.22]), texRes=128.0, units='height', win=Window(...))
14.8900 	EXP 	Created left_tile = ImageStim(__class__=<class 'psychopy.visual.image.ImageStim'>, autoLog=True, color=array([1., 1., 1.]), colorSpace='rgb', contrast=1.0, depth=-3.0, flipHoriz=False, flipVert=False, image='images/grey_square.jpg', interpolate=True, mask=None, maskParams=None, name='left_tile', opacity=1, ori=0.0, pos=array([-0.125,  0.   ]), size=array([0.22, 0.22]), texRes=128.0, units='height', win=Window(...))
15.0469 	EXP 	Created leftleft_tile = ImageStim(__class__=<class 'psychopy.visual.image.ImageStim'>, autoLog=True, color=array([1., 1., 1.]), colorSpace='rgb', contrast=1.0, depth=-4.0, flipHoriz=False, flipVert=False, image='images/grey_square.jpg', interpolate=True, mask=None, maskParams=None, name='leftleft_tile', opacity=1, ori=0.0, pos=array([-0.375,  0.   ]), size=array([0.22, 0.22]), texRes=128.0, units='height', win=Window(...))
15.1288 	EXP 	Created square_button = ImageStim(__class__=<class 'psychopy.visual.image.ImageStim'>, autoLog=True, color=array([1., 1., 1.]), colorSpace='rgb', contrast=1.0, depth=-5.0, flipHoriz=False, flipVert=False, image='images/response_square.jpg', interpolate=True, mask=None, maskParams=None, name='square_button', opacity=1, ori=0.0, pos=array([ 0.  , -0.25]), size=array([0.2, 0.1]), texRes=128.0, units='height', win=Window(...))
15.2085 	EXP 	Created plus_button = ImageStim(__class__=<class 'psychopy.visual.image.ImageStim'>, autoLog=True, color=array([1., 1., 1.]), colorSpace='rgb', contrast=1.0, depth=-6.0, flipHoriz=False, flipVert=False, image='images/response_plus.jpg', interpolate=True, mask=None, maskParams=None, name='plus_button', opacity=1, ori=0.0, pos=array([ 0.25, -0.25]), size=array([0.2, 0.1]), texRes=128.0, units='height', win=Window(...))
15.2914 	EXP 	Created cross_button = ImageStim(__class__=<class 'psychopy.visual.image.ImageStim'>, autoLog=True, color=array([1., 1., 1.]), colorSpace='rgb', contrast=1.0, depth=-7.0, flipHoriz=False, flipVert=False, image='images/response_cross.jpg', interpolate=True, mask=None, maskParams=None, name='cross_button', opacity=1, ori=0.0, pos=array([-0.25, -0.25]), size=array([0.2, 0.1]), texRes=128.0, units='height', win=Window(...))
15.2936 	EXP 	Created targetImage = ImageStim(__class__=<class 'psychopy.visual.image.ImageStim'>, autoLog=True, color=array([1., 1., 1.]), colorSpace='rgb', contrast=1.0, depth=-8.0, flipHoriz=False, flipVert=False, image='sin', interpolate=True, mask=None, maskParams=None, name='targetImage', opacity=1, ori=0.0, pos=array([0., 0.]), size=array([0.2, 0.2]), texRes=128, units='height', win=Window(...))
15.2938 	EXP 	window1: mouseVisible = True
15.3018 	EXP 	Created end_text = TextStim(__class__=<class 'psychopy.visual.text.TextStim'>, alignHoriz=method-wrapper(...), alignText='center', alignVert=method-wrapper(...), anchorHoriz='center', anchorVert='center', antialias=True, autoLog=True, bold=False, color=array([-1., -1., -1.]), colorSpace='rgb', contrast=1.0, depth=0.0, flipHoriz=False, flipVert=False, font='Arial', fontFiles=[], height=0.035, italic=False, languageStyle='LTR', name='end_text', opacity=1, ori=0.0, pos=array([0., 0.]), rgb=UNKNOWN, text=str(...), units='height', win=Window(...), wrapWidth=1)
15.3739 	EXP 	instr: autoDraw = True
15.3739 	EXP 	intro_square: autoDraw = True
15.3739 	EXP 	intro_plus: autoDraw = True
15.3739 	EXP 	intro_cross: autoDraw = True
16.3044 	DATA 	Keypress: c
16.3139 	EXP 	Imported RTtimeConditions.xlsx as conditions, 9 conditions, 2 params
16.3143 	EXP 	Created sequence: random, trialTypes=9, nReps=1, seed=None
16.3145 	EXP 	New trial (rep=0, index=0): {'onsetTime': 1.1, 'thisImage': 'images/target_square.jpg'}
16.3695 	EXP 	instr: autoDraw = False
16.3695 	EXP 	intro_square: autoDraw = False
16.3695 	EXP 	intro_plus: autoDraw = False
16.3695 	EXP 	intro_cross: autoDraw = False
16.3695 	EXP 	targetImage: pos = array([-0.375,  0.   ])
16.3695 	EXP 	targetImage: image = 'images/target_square.jpg'
16.3695 	EXP 	square_button: autoDraw = True
16.3695 	EXP 	plus_button: autoDraw = True
16.3695 	EXP 	cross_button: autoDraw = True
16.8546 	EXP 	rightright_tile: autoDraw = True
16.8546 	EXP 	right_tile: autoDraw = True
16.8546 	EXP 	left_tile: autoDraw = True
16.8546 	EXP 	leftleft_tile: autoDraw = True
17.4361 	EXP 	targetImage: autoDraw = True
17.6352 	EXP 	targetImage: autoDraw = False
18.1380 	DATA 	Keypress: c
18.1692 	EXP 	rightright_tile: autoDraw = False
18.1692 	EXP 	right_tile: autoDraw = False
18.1692 	EXP 	left_tile: autoDraw = False
18.1692 	EXP 	leftleft_tile: autoDraw = False
18.1692 	EXP 	square_button: autoDraw = False
18.1692 	EXP 	plus_button: autoDraw = False
18.1692 	EXP 	cross_button: autoDraw = False
18.1692 	EXP 	targetImage: autoDraw = False
18.1692 	EXP 	text_fb: text = 'The duration of the last routine was: 1.8 \nThe last recorded RT was: 0.674 \nThe response type was: keyboard \nThe response was: incorrect \n\nPress or click to continue.'
18.1692 	EXP 	text_fb: autoDraw = True
20.2085 	DATA 	Keypress: c
20.2253 	EXP 	New trial (rep=0, index=1): {'onsetTime': 1.3, 'thisImage': 'images/target_cross.jpg'}
20.2862 	EXP 	text_fb: autoDraw = False
20.2862 	EXP 	targetImage: pos = array([-0.125,  0.   ])
20.2862 	EXP 	targetImage: image = 'images/target_cross.jpg'
20.2862 	EXP 	square_button: autoDraw = True
20.2862 	EXP 	plus_button: autoDraw = True
20.2862 	EXP 	cross_button: autoDraw = True
20.7691 	EXP 	rightright_tile: autoDraw = True
20.7691 	EXP 	right_tile: autoDraw = True
20.7691 	EXP 	left_tile: autoDraw = True
20.7691 	EXP 	leftleft_tile: autoDraw = True
21.5695 	EXP 	targetImage: autoDraw = True
21.7694 	EXP 	targetImage: autoDraw = False
22.0716 	DATA 	Keypress: v
22.0876 	EXP 	rightright_tile: autoDraw = False
22.0876 	EXP 	right_tile: autoDraw = False
22.0876 	EXP 	left_tile: autoDraw = False
22.0876 	EXP 	leftleft_tile: autoDraw = False
22.0876 	EXP 	square_button: autoDraw = False
22.0876 	EXP 	plus_button: autoDraw = False
22.0876 	EXP 	cross_button: autoDraw = False
22.0876 	EXP 	targetImage: autoDraw = False
22.0876 	EXP 	text_fb: text = 'The duration of the last routine was: 1.799 \nThe last recorded RT was: 0.492 \nThe response type was: keyboard \nThe response was: incorrect \n\nPress or click to continue.'
22.0876 	EXP 	text_fb: autoDraw = True
23.0881 	DATA 	Keypress: v
23.0911 	EXP 	New trial (rep=0, index=2): {'onsetTime': 1.3, 'thisImage': 'images/target_square.jpg'}
23.1420 	EXP 	text_fb: autoDraw = False
23.1420 	EXP 	targetImage: pos = array([0.125, 0.   ])
23.1420 	EXP 	targetImage: image = 'images/target_square.jpg'
23.1420 	EXP 	square_button: autoDraw = True
23.1420 	EXP 	plus_button: autoDraw = True
23.1420 	EXP 	cross_button: autoDraw = True
23.6362 	EXP 	rightright_tile: autoDraw = True
23.6362 	EXP 	right_tile: autoDraw = True
23.6362 	EXP 	left_tile: autoDraw = True
23.6362 	EXP 	leftleft_tile: autoDraw = True
24.4369 	EXP 	targetImage: autoDraw = True
24.6362 	EXP 	targetImage: autoDraw = False
24.8885 	DATA 	Keypress: b
24.9024 	EXP 	rightright_tile: autoDraw = False
24.9024 	EXP 	right_tile: autoDraw = False
24.9024 	EXP 	left_tile: autoDraw = False
24.9024 	EXP 	leftleft_tile: autoDraw = False
24.9024 	EXP 	square_button: autoDraw = False
24.9024 	EXP 	plus_button: autoDraw = False
24.9024 	EXP 	cross_button: autoDraw = False
24.9024 	EXP 	targetImage: autoDraw = False
24.9024 	EXP 	text_fb: text = 'The duration of the last routine was: 1.754 \nThe last recorded RT was: 0.452 \nThe response type was: keyboard \nThe response was: incorrect \n\nPress or click to continue.'
24.9024 	EXP 	text_fb: autoDraw = True
25.5547 	DATA 	Keypress: b
25.5578 	EXP 	New trial (rep=0, index=3): {'onsetTime': 1.5, 'thisImage': 'images/target_square.jpg'}
25.6055 	EXP 	text_fb: autoDraw = False
25.6055 	EXP 	targetImage: pos = array([0.125, 0.   ])
25.6055 	EXP 	targetImage: image = 'images/target_square.jpg'
25.6055 	EXP 	square_button: autoDraw = True
25.6055 	EXP 	plus_button: autoDraw = True
25.6055 	EXP 	cross_button: autoDraw = True
26.1029 	EXP 	rightright_tile: autoDraw = True
26.1029 	EXP 	right_tile: autoDraw = True
26.1029 	EXP 	left_tile: autoDraw = True
26.1029 	EXP 	leftleft_tile: autoDraw = True
27.1033 	EXP 	targetImage: autoDraw = True
27.3031 	EXP 	targetImage: autoDraw = False
27.7223 	DATA 	Keypress: v
27.7371 	EXP 	rightright_tile: autoDraw = False
27.7371 	EXP 	right_tile: autoDraw = False
27.7371 	EXP 	left_tile: autoDraw = False
27.7371 	EXP 	leftleft_tile: autoDraw = False
27.7371 	EXP 	square_button: autoDraw = False
27.7371 	EXP 	plus_button: autoDraw = False
27.7371 	EXP 	cross_button: autoDraw = False
27.7371 	EXP 	targetImage: autoDraw = False
27.7371 	EXP 	text_fb: text = 'The duration of the last routine was: 2.128 \nThe last recorded RT was: 0.613 \nThe response type was: keyboard \nThe response was: correct \n\nPress or click to continue.'
27.7371 	EXP 	text_fb: autoDraw = True
28.4389 	DATA 	Keypress: v
28.4421 	EXP 	New trial (rep=0, index=4): {'onsetTime': 1.5, 'thisImage': 'images/target_cross.jpg'}
28.4898 	EXP 	text_fb: autoDraw = False
28.4898 	EXP 	targetImage: pos = array([-0.375,  0.   ])
28.4898 	EXP 	targetImage: image = 'images/target_cross.jpg'
28.4898 	EXP 	square_button: autoDraw = True
28.4898 	EXP 	plus_button: autoDraw = True
28.4898 	EXP 	cross_button: autoDraw = True
28.9869 	EXP 	rightright_tile: autoDraw = True
28.9869 	EXP 	right_tile: autoDraw = True
28.9869 	EXP 	left_tile: autoDraw = True
28.9869 	EXP 	leftleft_tile: autoDraw = True
29.9871 	EXP 	targetImage: autoDraw = True
30.1872 	EXP 	targetImage: autoDraw = False
30.5224 	DATA 	Keypress: c
30.5360 	EXP 	rightright_tile: autoDraw = False
30.5360 	EXP 	right_tile: autoDraw = False
30.5360 	EXP 	left_tile: autoDraw = False
30.5360 	EXP 	leftleft_tile: autoDraw = False
30.5360 	EXP 	square_button: autoDraw = False
30.5360 	EXP 	plus_button: autoDraw = False
30.5360 	EXP 	cross_button: autoDraw = False
30.5360 	EXP 	targetImage: autoDraw = False
30.5360 	EXP 	text_fb: text = 'The duration of the last routine was: 2.043 \nThe last recorded RT was: 0.536 \nThe response type was: keyboard \nThe response was: correct \n\nPress or click to continue.'
30.5360 	EXP 	text_fb: autoDraw = True
30.9428 	DATA 	Keypress: c
30.9585 	EXP 	New trial (rep=0, index=5): {'onsetTime': 1.1, 'thisImage': 'images/target_cross.jpg'}
31.0084 	EXP 	text_fb: autoDraw = False
31.0084 	EXP 	targetImage: pos = array([0.375, 0.   ])
31.0084 	EXP 	targetImage: image = 'images/target_cross.jpg'
31.0084 	EXP 	square_button: autoDraw = True
31.0084 	EXP 	plus_button: autoDraw = True
31.0084 	EXP 	cross_button: autoDraw = True
31.5037 	EXP 	rightright_tile: autoDraw = True
31.5037 	EXP 	right_tile: autoDraw = True
31.5037 	EXP 	left_tile: autoDraw = True
31.5037 	EXP 	leftleft_tile: autoDraw = True
32.1040 	EXP 	targetImage: autoDraw = True
32.3037 	EXP 	targetImage: autoDraw = False
32.5766 	DATA 	Keypress: c
32.6031 	EXP 	rightright_tile: autoDraw = False
32.6031 	EXP 	right_tile: autoDraw = False
32.6031 	EXP 	left_tile: autoDraw = False
32.6031 	EXP 	leftleft_tile: autoDraw = False
32.6031 	EXP 	square_button: autoDraw = False
32.6031 	EXP 	plus_button: autoDraw = False
32.6031 	EXP 	cross_button: autoDraw = False
32.6031 	EXP 	targetImage: autoDraw = False
32.6031 	EXP 	text_fb: text = 'The duration of the last routine was: 1.59 \nThe last recorded RT was: 0.474 \nThe response type was: keyboard \nThe response was: correct \n\nPress or click to continue.'
32.6031 	EXP 	text_fb: autoDraw = True
32.9055 	DATA 	Keypress: c
32.9085 	EXP 	New trial (rep=0, index=6): {'onsetTime': 1.3, 'thisImage': 'images/target_plus.jpg'}
32.9571 	EXP 	text_fb: autoDraw = False
32.9571 	EXP 	targetImage: pos = array([0.125, 0.   ])
32.9571 	EXP 	targetImage: image = 'images/target_plus.jpg'
32.9571 	EXP 	square_button: autoDraw = True
32.9571 	EXP 	plus_button: autoDraw = True
32.9571 	EXP 	cross_button: autoDraw = True
33.4537 	EXP 	rightright_tile: autoDraw = True
33.4537 	EXP 	right_tile: autoDraw = True
33.4537 	EXP 	left_tile: autoDraw = True
33.4537 	EXP 	leftleft_tile: autoDraw = True
34.2541 	EXP 	targetImage: autoDraw = True
34.4539 	EXP 	targetImage: autoDraw = False
34.6724 	DATA 	Keypress: b
34.6866 	EXP 	rightright_tile: autoDraw = False
34.6866 	EXP 	right_tile: autoDraw = False
34.6866 	EXP 	left_tile: autoDraw = False
34.6866 	EXP 	leftleft_tile: autoDraw = False
34.6866 	EXP 	square_button: autoDraw = False
34.6866 	EXP 	plus_button: autoDraw = False
34.6866 	EXP 	cross_button: autoDraw = False
34.6866 	EXP 	targetImage: autoDraw = False
34.6866 	EXP 	text_fb: text = 'The duration of the last routine was: 1.726 \nThe last recorded RT was: 0.413 \nThe response type was: keyboard \nThe response was: correct \n\nPress or click to continue.'
34.6866 	EXP 	text_fb: autoDraw = True
35.0054 	DATA 	Keypress: b
35.0085 	EXP 	New trial (rep=0, index=7): {'onsetTime': 1.5, 'thisImage': 'images/target_plus.jpg'}
35.0563 	EXP 	text_fb: autoDraw = False
35.0563 	EXP 	targetImage: pos = array([0.375, 0.   ])
35.0563 	EXP 	targetImage: image = 'images/target_plus.jpg'
35.0563 	EXP 	square_button: autoDraw = True
35.0563 	EXP 	plus_button: autoDraw = True
35.0563 	EXP 	cross_button: autoDraw = True
35.5541 	EXP 	rightright_tile: autoDraw = True
35.5541 	EXP 	right_tile: autoDraw = True
35.5541 	EXP 	left_tile: autoDraw = True
35.5541 	EXP 	leftleft_tile: autoDraw = True
36.5545 	EXP 	targetImage: autoDraw = True
36.7539 	EXP 	targetImage: autoDraw = False
36.9732 	DATA 	Keypress: b
36.9870 	EXP 	rightright_tile: autoDraw = False
36.9870 	EXP 	right_tile: autoDraw = False
36.9870 	EXP 	left_tile: autoDraw = False
36.9870 	EXP 	leftleft_tile: autoDraw = False
36.9870 	EXP 	square_button: autoDraw = False
36.9870 	EXP 	plus_button: autoDraw = False
36.9870 	EXP 	cross_button: autoDraw = False
36.9870 	EXP 	targetImage: autoDraw = False
36.9870 	EXP 	text_fb: text = 'The duration of the last routine was: 1.928 \nThe last recorded RT was: 0.418 \nThe response type was: keyboard \nThe response was: correct \n\nPress or click to continue.'
36.9870 	EXP 	text_fb: autoDraw = True
37.2571 	DATA 	Keypress: b
37.2603 	EXP 	New trial (rep=0, index=8): {'onsetTime': 1.1, 'thisImage': 'images/target_plus.jpg'}
37.3082 	EXP 	text_fb: autoDraw = False
37.3082 	EXP 	targetImage: pos = array([-0.125,  0.   ])
37.3082 	EXP 	targetImage: image = 'images/target_plus.jpg'
37.3082 	EXP 	square_button: autoDraw = True
37.3082 	EXP 	plus_button: autoDraw = True
37.3082 	EXP 	cross_button: autoDraw = True
37.8042 	EXP 	rightright_tile: autoDraw = True
37.8042 	EXP 	right_tile: autoDraw = True
37.8042 	EXP 	left_tile: autoDraw = True
37.8042 	EXP 	leftleft_tile: autoDraw = True
38.4044 	EXP 	targetImage: autoDraw = True
38.6042 	EXP 	targetImage: autoDraw = False
38.8734 	DATA 	Keypress: b
38.8872 	EXP 	rightright_tile: autoDraw = False
38.8872 	EXP 	right_tile: autoDraw = False
38.8872 	EXP 	left_tile: autoDraw = False
38.8872 	EXP 	leftleft_tile: autoDraw = False
38.8872 	EXP 	square_button: autoDraw = False
38.8872 	EXP 	plus_button: autoDraw = False
38.8872 	EXP 	cross_button: autoDraw = False
38.8872 	EXP 	targetImage: autoDraw = False
38.8872 	EXP 	text_fb: text = 'The duration of the last routine was: 1.574 \nThe last recorded RT was: 0.469 \nThe response type was: keyboard \nThe response was: correct \n\nPress or click to continue.'
38.8872 	EXP 	text_fb: autoDraw = True
39.2064 	DATA 	Keypress: b
40.1234 	DATA 	Keypress: b
40.1374 	EXP 	text_fb: autoDraw = False
40.6208 	EXP 	main_trial_instruct: autoDraw = True
41.1213 	EXP 	ready_button: autoDraw = True
42.8565 	DATA 	Keypress: v
43.5902 	DATA 	Keypress: space
43.6164 	EXP 	Imported RTtimeConditions.xlsx as conditions, 9 conditions, 2 params
43.6168 	EXP 	Created sequence: random, trialTypes=9, nReps=2, seed=None
43.6169 	EXP 	New trial (rep=0, index=0): {'onsetTime': 1.5, 'thisImage': 'images/target_square.jpg'}
43.6605 	EXP 	main_trial_instruct: autoDraw = False
43.6605 	EXP 	ready_button: autoDraw = False
43.6605 	EXP 	targetImage: pos = array([0.125, 0.   ])
43.6605 	EXP 	targetImage: image = 'images/target_square.jpg'
43.6605 	EXP 	square_button: autoDraw = True
43.6605 	EXP 	plus_button: autoDraw = True
43.6605 	EXP 	cross_button: autoDraw = True
44.1549 	EXP 	rightright_tile: autoDraw = True
44.1549 	EXP 	right_tile: autoDraw = True
44.1549 	EXP 	left_tile: autoDraw = True
44.1549 	EXP 	leftleft_tile: autoDraw = True
45.1554 	EXP 	targetImage: autoDraw = True
45.3552 	EXP 	targetImage: autoDraw = False
46.0577 	DATA 	Keypress: b
46.0609 	EXP 	New trial (rep=0, index=1): {'onsetTime': 1.1, 'thisImage': 'images/target_cross.jpg'}
46.1093 	EXP 	rightright_tile: autoDraw = False
46.1093 	EXP 	right_tile: autoDraw = False
46.1093 	EXP 	left_tile: autoDraw = False
46.1093 	EXP 	leftleft_tile: autoDraw = False
46.1093 	EXP 	square_button: autoDraw = False
46.1093 	EXP 	plus_button: autoDraw = False
46.1093 	EXP 	cross_button: autoDraw = False
46.1093 	EXP 	targetImage: autoDraw = False
46.1093 	EXP 	targetImage: pos = array([-0.125,  0.   ])
46.1093 	EXP 	targetImage: image = 'images/target_cross.jpg'
46.1093 	EXP 	square_button: autoDraw = True
46.1093 	EXP 	plus_button: autoDraw = True
46.1093 	EXP 	cross_button: autoDraw = True
46.6059 	EXP 	rightright_tile: autoDraw = True
46.6059 	EXP 	right_tile: autoDraw = True
46.6059 	EXP 	left_tile: autoDraw = True
46.6059 	EXP 	leftleft_tile: autoDraw = True
47.2057 	EXP 	targetImage: autoDraw = True
47.4052 	EXP 	targetImage: autoDraw = False
47.9244 	DATA 	Keypress: v
47.9272 	EXP 	New trial (rep=0, index=2): {'onsetTime': 1.3, 'thisImage': 'images/target_cross.jpg'}
47.9752 	EXP 	rightright_tile: autoDraw = False
47.9752 	EXP 	right_tile: autoDraw = False
47.9752 	EXP 	left_tile: autoDraw = False
47.9752 	EXP 	leftleft_tile: autoDraw = False
47.9752 	EXP 	square_button: autoDraw = False
47.9752 	EXP 	plus_button: autoDraw = False
47.9752 	EXP 	cross_button: autoDraw = False
47.9752 	EXP 	targetImage: autoDraw = False
47.9752 	EXP 	targetImage: pos = array([0.375, 0.   ])
47.9752 	EXP 	targetImage: image = 'images/target_cross.jpg'
47.9752 	EXP 	square_button: autoDraw = True
47.9752 	EXP 	plus_button: autoDraw = True
47.9752 	EXP 	cross_button: autoDraw = True
48.4720 	EXP 	rightright_tile: autoDraw = True
48.4720 	EXP 	right_tile: autoDraw = True
48.4720 	EXP 	left_tile: autoDraw = True
48.4720 	EXP 	leftleft_tile: autoDraw = True
49.2723 	EXP 	targetImage: autoDraw = True
49.4720 	EXP 	targetImage: autoDraw = False
50.5124 	DATA 	Keypress: v
50.5274 	EXP 	New trial (rep=0, index=3): {'onsetTime': 1.3, 'thisImage': 'images/target_plus.jpg'}
50.5774 	EXP 	rightright_tile: autoDraw = False
50.5774 	EXP 	right_tile: autoDraw = False
50.5774 	EXP 	left_tile: autoDraw = False
50.5774 	EXP 	leftleft_tile: autoDraw = False
50.5774 	EXP 	square_button: autoDraw = False
50.5774 	EXP 	plus_button: autoDraw = False
50.5774 	EXP 	cross_button: autoDraw = False
50.5774 	EXP 	targetImage: autoDraw = False
50.5774 	EXP 	targetImage: pos = array([-0.125,  0.   ])
50.5774 	EXP 	targetImage: image = 'images/target_plus.jpg'
50.5774 	EXP 	square_button: autoDraw = True
50.5774 	EXP 	plus_button: autoDraw = True
50.5774 	EXP 	cross_button: autoDraw = True
51.0723 	EXP 	rightright_tile: autoDraw = True
51.0723 	EXP 	right_tile: autoDraw = True
51.0723 	EXP 	left_tile: autoDraw = True
51.0723 	EXP 	leftleft_tile: autoDraw = True
51.8727 	EXP 	targetImage: autoDraw = True
52.0724 	EXP 	targetImage: autoDraw = False
52.4917 	DATA 	Keypress: c
52.4944 	EXP 	New trial (rep=0, index=4): {'onsetTime': 1.1, 'thisImage': 'images/target_plus.jpg'}
52.5426 	EXP 	rightright_tile: autoDraw = False
52.5426 	EXP 	right_tile: autoDraw = False
52.5426 	EXP 	left_tile: autoDraw = False
52.5426 	EXP 	leftleft_tile: autoDraw = False
52.5426 	EXP 	square_button: autoDraw = False
52.5426 	EXP 	plus_button: autoDraw = False
52.5426 	EXP 	cross_button: autoDraw = False
52.5426 	EXP 	targetImage: autoDraw = False
52.5426 	EXP 	targetImage: pos = array([0.375, 0.   ])
52.5426 	EXP 	targetImage: image = 'images/target_plus.jpg'
52.5426 	EXP 	square_button: autoDraw = True
52.5426 	EXP 	plus_button: autoDraw = True
52.5426 	EXP 	cross_button: autoDraw = True
53.0392 	EXP 	rightright_tile: autoDraw = True
53.0392 	EXP 	right_tile: autoDraw = True
53.0392 	EXP 	left_tile: autoDraw = True
53.0392 	EXP 	leftleft_tile: autoDraw = True
53.6397 	EXP 	targetImage: autoDraw = True
53.8392 	EXP 	targetImage: autoDraw = False
54.3919 	DATA 	Keypress: b
54.3948 	EXP 	New trial (rep=0, index=5): {'onsetTime': 1.5, 'thisImage': 'images/target_cross.jpg'}
54.4427 	EXP 	rightright_tile: autoDraw = False
54.4427 	EXP 	right_tile: autoDraw = False
54.4427 	EXP 	left_tile: autoDraw = False
54.4427 	EXP 	leftleft_tile: autoDraw = False
54.4427 	EXP 	square_button: autoDraw = False
54.4427 	EXP 	plus_button: autoDraw = False
54.4427 	EXP 	cross_button: autoDraw = False
54.4427 	EXP 	targetImage: autoDraw = False
54.4427 	EXP 	targetImage: pos = array([0.125, 0.   ])
54.4427 	EXP 	targetImage: image = 'images/target_cross.jpg'
54.4427 	EXP 	square_button: autoDraw = True
54.4427 	EXP 	plus_button: autoDraw = True
54.4427 	EXP 	cross_button: autoDraw = True
54.9391 	EXP 	rightright_tile: autoDraw = True
54.9391 	EXP 	right_tile: autoDraw = True
54.9391 	EXP 	left_tile: autoDraw = True
54.9391 	EXP 	leftleft_tile: autoDraw = True
55.9398 	EXP 	targetImage: autoDraw = True
56.1393 	EXP 	targetImage: autoDraw = False
56.4421 	DATA 	Keypress: c
56.4450 	EXP 	New trial (rep=0, index=6): {'onsetTime': 1.5, 'thisImage': 'images/target_plus.jpg'}
56.4908 	EXP 	rightright_tile: autoDraw = False
56.4908 	EXP 	right_tile: autoDraw = False
56.4908 	EXP 	left_tile: autoDraw = False
56.4908 	EXP 	leftleft_tile: autoDraw = False
56.4908 	EXP 	square_button: autoDraw = False
56.4908 	EXP 	plus_button: autoDraw = False
56.4908 	EXP 	cross_button: autoDraw = False
56.4908 	EXP 	targetImage: autoDraw = False
56.4908 	EXP 	targetImage: pos = array([0.125, 0.   ])
56.4908 	EXP 	targetImage: image = 'images/target_plus.jpg'
56.4908 	EXP 	square_button: autoDraw = True
56.4908 	EXP 	plus_button: autoDraw = True
56.4908 	EXP 	cross_button: autoDraw = True
56.9894 	EXP 	rightright_tile: autoDraw = True
56.9894 	EXP 	right_tile: autoDraw = True
56.9894 	EXP 	left_tile: autoDraw = True
56.9894 	EXP 	leftleft_tile: autoDraw = True
57.9901 	EXP 	targetImage: autoDraw = True
58.1900 	EXP 	targetImage: autoDraw = False
58.6091 	DATA 	Keypress: b
58.6119 	EXP 	New trial (rep=0, index=7): {'onsetTime': 1.1, 'thisImage': 'images/target_square.jpg'}
58.6594 	EXP 	rightright_tile: autoDraw = False
58.6594 	EXP 	right_tile: autoDraw = False
58.6594 	EXP 	left_tile: autoDraw = False
58.6594 	EXP 	leftleft_tile: autoDraw = False
58.6594 	EXP 	square_button: autoDraw = False
58.6594 	EXP 	plus_button: autoDraw = False
58.6594 	EXP 	cross_button: autoDraw = False
58.6594 	EXP 	targetImage: autoDraw = False
58.6594 	EXP 	targetImage: pos = array([0.125, 0.   ])
58.6594 	EXP 	targetImage: image = 'images/target_square.jpg'
58.6594 	EXP 	square_button: autoDraw = True
58.6594 	EXP 	plus_button: autoDraw = True
58.6594 	EXP 	cross_button: autoDraw = True
59.1564 	EXP 	rightright_tile: autoDraw = True
59.1564 	EXP 	right_tile: autoDraw = True
59.1564 	EXP 	left_tile: autoDraw = True
59.1564 	EXP 	leftleft_tile: autoDraw = True
59.7573 	EXP 	targetImage: autoDraw = True
59.9564 	EXP 	targetImage: autoDraw = False
60.3130 	DATA 	Keypress: v
60.3304 	EXP 	New trial (rep=0, index=8): {'onsetTime': 1.3, 'thisImage': 'images/target_square.jpg'}
60.3769 	EXP 	rightright_tile: autoDraw = False
60.3769 	EXP 	right_tile: autoDraw = False
60.3769 	EXP 	left_tile: autoDraw = False
60.3769 	EXP 	leftleft_tile: autoDraw = False
60.3769 	EXP 	square_button: autoDraw = False
60.3769 	EXP 	plus_button: autoDraw = False
60.3769 	EXP 	cross_button: autoDraw = False
60.3769 	EXP 	targetImage: autoDraw = False
60.3769 	EXP 	targetImage: pos = array([-0.375,  0.   ])
60.3769 	EXP 	targetImage: image = 'images/target_square.jpg'
60.3769 	EXP 	square_button: autoDraw = True
60.3769 	EXP 	plus_button: autoDraw = True
60.3769 	EXP 	cross_button: autoDraw = True
60.8733 	EXP 	rightright_tile: autoDraw = True
60.8733 	EXP 	right_tile: autoDraw = True
60.8733 	EXP 	left_tile: autoDraw = True
60.8733 	EXP 	leftleft_tile: autoDraw = True
61.6738 	EXP 	targetImage: autoDraw = True
61.8735 	EXP 	targetImage: autoDraw = False
62.2591 	DATA 	Keypress: v
62.2620 	EXP 	New trial (rep=1, index=0): {'onsetTime': 1.5, 'thisImage': 'images/target_cross.jpg'}
62.3101 	EXP 	rightright_tile: autoDraw = False
62.3101 	EXP 	right_tile: autoDraw = False
62.3101 	EXP 	left_tile: autoDraw = False
62.3101 	EXP 	leftleft_tile: autoDraw = False
62.3101 	EXP 	square_button: autoDraw = False
62.3101 	EXP 	plus_button: autoDraw = False
62.3101 	EXP 	cross_button: autoDraw = False
62.3101 	EXP 	targetImage: autoDraw = False
62.3101 	EXP 	targetImage: pos = array([-0.375,  0.   ])
62.3101 	EXP 	targetImage: image = 'images/target_cross.jpg'
62.3101 	EXP 	square_button: autoDraw = True
62.3101 	EXP 	plus_button: autoDraw = True
62.3101 	EXP 	cross_button: autoDraw = True
62.8068 	EXP 	rightright_tile: autoDraw = True
62.8068 	EXP 	right_tile: autoDraw = True
62.8068 	EXP 	left_tile: autoDraw = True
62.8068 	EXP 	leftleft_tile: autoDraw = True
63.8073 	EXP 	targetImage: autoDraw = True
64.0069 	EXP 	targetImage: autoDraw = False
64.4094 	DATA 	Keypress: c
64.4123 	EXP 	New trial (rep=1, index=1): {'onsetTime': 1.3, 'thisImage': 'images/target_cross.jpg'}
64.4611 	EXP 	rightright_tile: autoDraw = False
64.4611 	EXP 	right_tile: autoDraw = False
64.4611 	EXP 	left_tile: autoDraw = False
64.4611 	EXP 	leftleft_tile: autoDraw = False
64.4611 	EXP 	square_button: autoDraw = False
64.4611 	EXP 	plus_button: autoDraw = False
64.4611 	EXP 	cross_button: autoDraw = False
64.4611 	EXP 	targetImage: autoDraw = False
64.4611 	EXP 	targetImage: pos = array([-0.125,  0.   ])
64.4611 	EXP 	targetImage: image = 'images/target_cross.jpg'
64.4611 	EXP 	square_button: autoDraw = True
64.4611 	EXP 	plus_button: autoDraw = True
64.4611 	EXP 	cross_button: autoDraw = True
64.9571 	EXP 	rightright_tile: autoDraw = True
64.9571 	EXP 	right_tile: autoDraw = True
64.9571 	EXP 	left_tile: autoDraw = True
64.9571 	EXP 	leftleft_tile: autoDraw = True
65.7581 	EXP 	targetImage: autoDraw = True
65.9572 	EXP 	targetImage: autoDraw = False
66.2094 	DATA 	Keypress: c
66.2123 	EXP 	New trial (rep=1, index=2): {'onsetTime': 1.1, 'thisImage': 'images/target_square.jpg'}
66.2603 	EXP 	rightright_tile: autoDraw = False
66.2603 	EXP 	right_tile: autoDraw = False
66.2603 	EXP 	left_tile: autoDraw = False
66.2603 	EXP 	leftleft_tile: autoDraw = False
66.2603 	EXP 	square_button: autoDraw = False
66.2603 	EXP 	plus_button: autoDraw = False
66.2603 	EXP 	cross_button: autoDraw = False
66.2603 	EXP 	targetImage: autoDraw = False
66.2603 	EXP 	targetImage: pos = array([0.375, 0.   ])
66.2603 	EXP 	targetImage: image = 'images/target_square.jpg'
66.2603 	EXP 	square_button: autoDraw = True
66.2603 	EXP 	plus_button: autoDraw = True
66.2603 	EXP 	cross_button: autoDraw = True
66.7573 	EXP 	rightright_tile: autoDraw = True
66.7573 	EXP 	right_tile: autoDraw = True
66.7573 	EXP 	left_tile: autoDraw = True
66.7573 	EXP 	leftleft_tile: autoDraw = True
67.3578 	EXP 	targetImage: autoDraw = True
67.5571 	EXP 	targetImage: autoDraw = False
67.9606 	DATA 	Keypress: v
67.9633 	EXP 	New trial (rep=1, index=3): {'onsetTime': 1.1, 'thisImage': 'images/target_plus.jpg'}
68.0092 	EXP 	rightright_tile: autoDraw = False
68.0092 	EXP 	right_tile: autoDraw = False
68.0092 	EXP 	left_tile: autoDraw = False
68.0092 	EXP 	leftleft_tile: autoDraw = False
68.0092 	EXP 	square_button: autoDraw = False
68.0092 	EXP 	plus_button: autoDraw = False
68.0092 	EXP 	cross_button: autoDraw = False
68.0092 	EXP 	targetImage: autoDraw = False
68.0092 	EXP 	targetImage: pos = array([-0.375,  0.   ])
68.0092 	EXP 	targetImage: image = 'images/target_plus.jpg'
68.0092 	EXP 	square_button: autoDraw = True
68.0092 	EXP 	plus_button: autoDraw = True
68.0092 	EXP 	cross_button: autoDraw = True
68.5075 	EXP 	rightright_tile: autoDraw = True
68.5075 	EXP 	right_tile: autoDraw = True
68.5075 	EXP 	left_tile: autoDraw = True
68.5075 	EXP 	leftleft_tile: autoDraw = True
69.1079 	EXP 	targetImage: autoDraw = True
69.3075 	EXP 	targetImage: autoDraw = False
69.6962 	DATA 	Keypress: b
69.7126 	EXP 	New trial (rep=1, index=4): {'onsetTime': 1.5, 'thisImage': 'images/target_plus.jpg'}
69.7598 	EXP 	rightright_tile: autoDraw = False
69.7598 	EXP 	right_tile: autoDraw = False
69.7598 	EXP 	left_tile: autoDraw = False
69.7598 	EXP 	leftleft_tile: autoDraw = False
69.7598 	EXP 	square_button: autoDraw = False
69.7598 	EXP 	plus_button: autoDraw = False
69.7598 	EXP 	cross_button: autoDraw = False
69.7598 	EXP 	targetImage: autoDraw = False
69.7598 	EXP 	targetImage: pos = array([0.125, 0.   ])
69.7598 	EXP 	targetImage: image = 'images/target_plus.jpg'
69.7598 	EXP 	square_button: autoDraw = True
69.7598 	EXP 	plus_button: autoDraw = True
69.7598 	EXP 	cross_button: autoDraw = True
70.2575 	EXP 	rightright_tile: autoDraw = True
70.2575 	EXP 	right_tile: autoDraw = True
70.2575 	EXP 	left_tile: autoDraw = True
70.2575 	EXP 	leftleft_tile: autoDraw = True
71.2580 	EXP 	targetImage: autoDraw = True
71.4578 	EXP 	targetImage: autoDraw = False
71.8765 	DATA 	Keypress: b
71.8793 	EXP 	New trial (rep=1, index=5): {'onsetTime': 1.3, 'thisImage': 'images/target_square.jpg'}
71.9264 	EXP 	rightright_tile: autoDraw = False
71.9264 	EXP 	right_tile: autoDraw = False
71.9264 	EXP 	left_tile: autoDraw = False
71.9264 	EXP 	leftleft_tile: autoDraw = False
71.9264 	EXP 	square_button: autoDraw = False
71.9264 	EXP 	plus_button: autoDraw = False
71.9264 	EXP 	cross_button: autoDraw = False
71.9264 	EXP 	targetImage: autoDraw = False
71.9264 	EXP 	targetImage: pos = array([0.125, 0.   ])
71.9264 	EXP 	targetImage: image = 'images/target_square.jpg'
71.9264 	EXP 	square_button: autoDraw = True
71.9264 	EXP 	plus_button: autoDraw = True
71.9264 	EXP 	cross_button: autoDraw = True
72.4243 	EXP 	rightright_tile: autoDraw = True
72.4243 	EXP 	right_tile: autoDraw = True
72.4243 	EXP 	left_tile: autoDraw = True
72.4243 	EXP 	leftleft_tile: autoDraw = True
73.2247 	EXP 	targetImage: autoDraw = True
73.4243 	EXP 	targetImage: autoDraw = False
73.6973 	DATA 	Keypress: v
73.7131 	EXP 	New trial (rep=1, index=6): {'onsetTime': 1.1, 'thisImage': 'images/target_cross.jpg'}
73.7612 	EXP 	rightright_tile: autoDraw = False
73.7612 	EXP 	right_tile: autoDraw = False
73.7612 	EXP 	left_tile: autoDraw = False
73.7612 	EXP 	leftleft_tile: autoDraw = False
73.7612 	EXP 	square_button: autoDraw = False
73.7612 	EXP 	plus_button: autoDraw = False
73.7612 	EXP 	cross_button: autoDraw = False
73.7612 	EXP 	targetImage: autoDraw = False
73.7612 	EXP 	targetImage: pos = array([0.375, 0.   ])
73.7612 	EXP 	targetImage: image = 'images/target_cross.jpg'
73.7612 	EXP 	square_button: autoDraw = True
73.7612 	EXP 	plus_button: autoDraw = True
73.7612 	EXP 	cross_button: autoDraw = True
74.2581 	EXP 	rightright_tile: autoDraw = True
74.2581 	EXP 	right_tile: autoDraw = True
74.2581 	EXP 	left_tile: autoDraw = True
74.2581 	EXP 	leftleft_tile: autoDraw = True
74.8583 	EXP 	targetImage: autoDraw = True
75.0580 	EXP 	targetImage: autoDraw = False
75.3276 	DATA 	Keypress: b
75.3303 	EXP 	New trial (rep=1, index=7): {'onsetTime': 1.3, 'thisImage': 'images/target_plus.jpg'}
75.3772 	EXP 	rightright_tile: autoDraw = False
75.3772 	EXP 	right_tile: autoDraw = False
75.3772 	EXP 	left_tile: autoDraw = False
75.3772 	EXP 	leftleft_tile: autoDraw = False
75.3772 	EXP 	square_button: autoDraw = False
75.3772 	EXP 	plus_button: autoDraw = False
75.3772 	EXP 	cross_button: autoDraw = False
75.3772 	EXP 	targetImage: autoDraw = False
75.3772 	EXP 	targetImage: pos = array([0.125, 0.   ])
75.3772 	EXP 	targetImage: image = 'images/target_plus.jpg'
75.3772 	EXP 	square_button: autoDraw = True
75.3772 	EXP 	plus_button: autoDraw = True
75.3772 	EXP 	cross_button: autoDraw = True
75.8749 	EXP 	rightright_tile: autoDraw = True
75.8749 	EXP 	right_tile: autoDraw = True
75.8749 	EXP 	left_tile: autoDraw = True
75.8749 	EXP 	leftleft_tile: autoDraw = True
76.6754 	EXP 	targetImage: autoDraw = True
76.8749 	EXP 	targetImage: autoDraw = False
77.2325 	DATA 	Keypress: b
77.2469 	EXP 	New trial (rep=1, index=8): {'onsetTime': 1.5, 'thisImage': 'images/target_square.jpg'}
77.2957 	EXP 	rightright_tile: autoDraw = False
77.2957 	EXP 	right_tile: autoDraw = False
77.2957 	EXP 	left_tile: autoDraw = False
77.2957 	EXP 	leftleft_tile: autoDraw = False
77.2957 	EXP 	square_button: autoDraw = False
77.2957 	EXP 	plus_button: autoDraw = False
77.2957 	EXP 	cross_button: autoDraw = False
77.2957 	EXP 	targetImage: autoDraw = False
77.2957 	EXP 	targetImage: pos = array([0.375, 0.   ])
77.2957 	EXP 	targetImage: image = 'images/target_square.jpg'
77.2957 	EXP 	square_button: autoDraw = True
77.2957 	EXP 	plus_button: autoDraw = True
77.2957 	EXP 	cross_button: autoDraw = True
77.7918 	EXP 	rightright_tile: autoDraw = True
77.7918 	EXP 	right_tile: autoDraw = True
77.7918 	EXP 	left_tile: autoDraw = True
77.7918 	EXP 	leftleft_tile: autoDraw = True
78.7925 	EXP 	targetImage: autoDraw = True
78.9918 	EXP 	targetImage: autoDraw = False
79.3942 	DATA 	Keypress: v
79.4082 	EXP 	rightright_tile: autoDraw = False
79.4082 	EXP 	right_tile: autoDraw = False
79.4082 	EXP 	left_tile: autoDraw = False
79.4082 	EXP 	leftleft_tile: autoDraw = False
79.4082 	EXP 	square_button: autoDraw = False
79.4082 	EXP 	plus_button: autoDraw = False
79.4082 	EXP 	cross_button: autoDraw = False
79.4082 	EXP 	targetImage: autoDraw = False
79.8916 	EXP 	end_text: autoDraw = True
82.3918 	EXP 	end_text: autoDraw = False
82.3918 	EXP 	end_text: autoDraw = False
82.4748 	EXP 	window1: mouseVisible = True
