6.3265 	EXP 	Created window1 = Window(allowGUI=False, allowStencil=False, autoLog=True, backendConf=UNKNOWN, bitsMode=UNKNOWN, blendMode='avg', bpc=(8, 8, 8), color=array([1, 1, 1]), colorSpace='rgb', depthBits=8, fullscr=<method-wrapper '__getattribute__' of attributeSetter object at 0x0000022C555C1860>, gamma=None, gammaErrorPolicy='raise', lms=UNKNOWN, monitor=<psychopy.monitors.calibTools.Monitor object at 0x0000022C5555FE48>, multiSample=False, name='window1', numSamples=2, pos=[0.0, 0.0], screen=0, size=array([1280,  800]), stencilBits=0, stereo=False, units='height', useFBO=True, useRetina=False, viewOri=0.0, viewPos=None, viewScale=None, waitBlanking=True, winType='pyglet')
6.3272 	EXP 	window1: mouseVisible = True
6.3273 	EXP 	window1: recordFrameIntervals = False
6.4924 	EXP 	window1: recordFrameIntervals = True
6.6761 	EXP 	window1: recordFrameIntervals = False
7.0202 	EXP 	Created instr = TextStim(__class__=<class 'psychopy.visual.text.TextStim'>, alignHoriz=method-wrapper(...), alignText='center', alignVert=method-wrapper(...), anchorHoriz='center', anchorVert='center', antialias=True, autoLog=True, bold=False, color=array([-1., -1., -1.]), colorSpace='rgb', contrast=1.0, depth=0.0, flipHoriz=False, flipVert=False, font='Arial', fontFiles=[], height=0.035, italic=False, languageStyle='LTR', name='instr', opacity=1, ori=0, pos=array([0. , 0.1]), rgb=UNKNOWN, text=str(...), units='height', win=Window(...), wrapWidth=1)
7.0203 	EXP 	window1: mouseVisible = True
7.1156 	EXP 	Created intro_square = ImageStim(__class__=<class 'psychopy.visual.image.ImageStim'>, autoLog=True, color=array([1., 1., 1.]), colorSpace='rgb', contrast=1.0, depth=-3.0, flipHoriz=False, flipVert=False, image='images/response_square.jpg', interpolate=True, mask=None, maskParams=None, name='intro_square', opacity=1, ori=0.0, pos=array([ 0.  , -0.25]), size=array([0.2, 0.1]), texRes=128.0, units='height', win=Window(...))
7.2120 	EXP 	Created intro_plus = ImageStim(__class__=<class 'psychopy.visual.image.ImageStim'>, autoLog=True, color=array([1., 1., 1.]), colorSpace='rgb', contrast=1.0, depth=-4.0, flipHoriz=False, flipVert=False, image='images/response_plus.jpg', interpolate=True, mask=None, maskParams=None, name='intro_plus', opacity=1, ori=0.0, pos=array([ 0.25, -0.25]), size=array([0.2, 0.1]), texRes=128.0, units='height', win=Window(...))
7.3022 	EXP 	Created intro_cross = ImageStim(__class__=<class 'psychopy.visual.image.ImageStim'>, autoLog=True, color=array([1., 1., 1.]), colorSpace='rgb', contrast=1.0, depth=-5.0, flipHoriz=False, flipVert=False, image='images/response_cross.jpg', interpolate=True, mask=None, maskParams=None, name='intro_cross', opacity=1, ori=0.0, pos=array([-0.25, -0.25]), size=array([0.2, 0.1]), texRes=128.0, units='height', win=Window(...))
7.5111 	EXP 	Created rightright_tile = ImageStim(__class__=<class 'psychopy.visual.image.ImageStim'>, autoLog=True, color=array([1., 1., 1.]), colorSpace='rgb', contrast=1.0, depth=-1.0, flipHoriz=False, flipVert=False, image='images/grey_square.jpg', interpolate=True, mask=None, maskParams=None, name='rightright_tile', opacity=1, ori=0.0, pos=array([0.375, 0.   ]), size=array([0.22, 0.22]), texRes=128.0, units='height', win=Window(...))
7.7331 	EXP 	Created right_tile = ImageStim(__class__=<class 'psychopy.visual.image.ImageStim'>, autoLog=True, color=array([1., 1., 1.]), colorSpace='rgb', contrast=1.0, depth=-2.0, flipHoriz=False, flipVert=False, image='images/grey_square.jpg', interpolate=True, mask=None, maskParams=None, name='right_tile', opacity=1, ori=0.0, pos=array([0.125, 0.   ]), size=array([0.22, 0.22]), texRes=128.0, units='height', win=Window(...))
7.9647 	EXP 	Created left_tile = ImageStim(__class__=<class 'psychopy.visual.image.ImageStim'>, autoLog=True, color=array([1., 1., 1.]), colorSpace='rgb', contrast=1.0, depth=-3.0, flipHoriz=False, flipVert=False, image='images/grey_square.jpg', interpolate=True, mask=None, maskParams=None, name='left_tile', opacity=1, ori=0.0, pos=array([-0.125,  0.   ]), size=array([0.22, 0.22]), texRes=128.0, units='height', win=Window(...))
8.1890 	EXP 	Created leftleft_tile = ImageStim(__class__=<class 'psychopy.visual.image.ImageStim'>, autoLog=True, color=array([1., 1., 1.]), colorSpace='rgb', contrast=1.0, depth=-4.0, flipHoriz=False, flipVert=False, image='images/grey_square.jpg', interpolate=True, mask=None, maskParams=None, name='leftleft_tile', opacity=1, ori=0.0, pos=array([-0.375,  0.   ]), size=array([0.22, 0.22]), texRes=128.0, units='height', win=Window(...))
8.2860 	EXP 	Created square_button = ImageStim(__class__=<class 'psychopy.visual.image.ImageStim'>, autoLog=True, color=array([1., 1., 1.]), colorSpace='rgb', contrast=1.0, depth=-5.0, flipHoriz=False, flipVert=False, image='images/response_square.jpg', interpolate=True, mask=None, maskParams=None, name='square_button', opacity=1, ori=0.0, pos=array([ 0.  , -0.25]), size=array([0.2, 0.1]), texRes=128.0, units='height', win=Window(...))
8.4081 	EXP 	Created plus_button = ImageStim(__class__=<class 'psychopy.visual.image.ImageStim'>, autoLog=True, color=array([1., 1., 1.]), colorSpace='rgb', contrast=1.0, depth=-6.0, flipHoriz=False, flipVert=False, image='images/response_plus.jpg', interpolate=True, mask=None, maskParams=None, name='plus_button', opacity=1, ori=0.0, pos=array([ 0.25, -0.25]), size=array([0.2, 0.1]), texRes=128.0, units='height', win=Window(...))
8.5170 	EXP 	Created cross_button = ImageStim(__class__=<class 'psychopy.visual.image.ImageStim'>, autoLog=True, color=array([1., 1., 1.]), colorSpace='rgb', contrast=1.0, depth=-7.0, flipHoriz=False, flipVert=False, image='images/response_cross.jpg', interpolate=True, mask=None, maskParams=None, name='cross_button', opacity=1, ori=0.0, pos=array([-0.25, -0.25]), size=array([0.2, 0.1]), texRes=128.0, units='height', win=Window(...))
8.5192 	EXP 	Created targetImage = ImageStim(__class__=<class 'psychopy.visual.image.ImageStim'>, autoLog=True, color=array([1., 1., 1.]), colorSpace='rgb', contrast=1.0, depth=-8.0, flipHoriz=False, flipVert=False, image='sin', interpolate=True, mask=None, maskParams=None, name='targetImage', opacity=1, ori=0.0, pos=array([0., 0.]), size=array([0.2, 0.2]), texRes=128, units='height', win=Window(...))
8.5193 	EXP 	window1: mouseVisible = True
8.5215 	EXP 	Created text_fb = TextStim(__class__=<class 'psychopy.visual.text.TextStim'>, alignHoriz=method-wrapper(...), alignText='center', alignVert=method-wrapper(...), anchorHoriz='center', anchorVert='center', antialias=True, autoLog=True, bold=False, color=array([-1., -1., -1.]), colorSpace='rgb', contrast=1.0, depth=0.0, flipHoriz=False, flipVert=False, font='Open Sans', fontFiles=[], height=0.05, italic=False, languageStyle='LTR', name='text_fb', opacity=1, ori=0.0, pos=array([0., 0.]), rgb=UNKNOWN, text='', units='height', win=Window(...), wrapWidth=1)
8.5215 	EXP 	window1: mouseVisible = True
8.5302 	EXP 	Created main_trial_instruct = TextStim(__class__=<class 'psychopy.visual.text.TextStim'>, alignHoriz=method-wrapper(...), alignText='center', alignVert=method-wrapper(...), anchorHoriz='center', anchorVert='center', antialias=True, autoLog=True, bold=False, color=array([-1., -1., -1.]), colorSpace='rgb', contrast=1.0, depth=0.0, flipHoriz=False, flipVert=False, font='Arial', fontFiles=[], height=0.035, italic=False, languageStyle='LTR', name='main_trial_instruct', opacity=1, ori=0.0, pos=array([0., 0.]), rgb=UNKNOWN, text=str(...), units='height', win=Window(...), wrapWidth=1)
8.5302 	EXP 	window1: mouseVisible = True
8.6076 	EXP 	Created ready_button = ImageStim(__class__=<class 'psychopy.visual.image.ImageStim'>, autoLog=True, color=array([1., 1., 1.]), colorSpace='rgb', contrast=1.0, depth=-3.0, flipHoriz=False, flipVert=False, image='images/response_ready.jpg', interpolate=True, mask=None, maskParams=None, name='ready_button', opacity=1, ori=0.0, pos=array([ 0.  , -0.25]), size=array([0.2, 0.1]), texRes=128.0, units='height', win=Window(...))
8.7619 	EXP 	Created rightright_tile = ImageStim(__class__=<class 'psychopy.visual.image.ImageStim'>, autoLog=True, color=array([1., 1., 1.]), colorSpace='rgb', contrast=1.0, depth=-1.0, flipHoriz=False, flipVert=False, image='images/grey_square.jpg', interpolate=True, mask=None, maskParams=None, name='rightright_tile', opacity=1, ori=0.0, pos=array([0.375, 0.   ]), size=array([0.22, 0.22]), texRes=128.0, units='height', win=Window(...))
8.9169 	EXP 	Created right_tile = ImageStim(__class__=<class 'psychopy.visual.image.ImageStim'>, autoLog=True, color=array([1., 1., 1.]), colorSpace='rgb', contrast=1.0, depth=-2.0, flipHoriz=False, flipVert=False, image='images/grey_square.jpg', interpolate=True, mask=None, maskParams=None, name='right_tile', opacity=1, ori=0.0, pos=array([0.125, 0.   ]), size=array([0.22, 0.22]), texRes=128.0, units='height', win=Window(...))
9.0727 	EXP 	Created left_tile = ImageStim(__class__=<class 'psychopy.visual.image.ImageStim'>, autoLog=True, color=array([1., 1., 1.]), colorSpace='rgb', contrast=1.0, depth=-3.0, flipHoriz=False, flipVert=False, image='images/grey_square.jpg', interpolate=True, mask=None, maskParams=None, name='left_tile', opacity=1, ori=0.0, pos=array([-0.125,  0.   ]), size=array([0.22, 0.22]), texRes=128.0, units='height', win=Window(...))
9.2291 	EXP 	Created leftleft_tile = ImageStim(__class__=<class 'psychopy.visual.image.ImageStim'>, autoLog=True, color=array([1., 1., 1.]), colorSpace='rgb', contrast=1.0, depth=-4.0, flipHoriz=False, flipVert=False, image='images/grey_square.jpg', interpolate=True, mask=None, maskParams=None, name='leftleft_tile', opacity=1, ori=0.0, pos=array([-0.375,  0.   ]), size=array([0.22, 0.22]), texRes=128.0, units='height', win=Window(...))
9.3108 	EXP 	Created square_button = ImageStim(__class__=<class 'psychopy.visual.image.ImageStim'>, autoLog=True, color=array([1., 1., 1.]), colorSpace='rgb', contrast=1.0, depth=-5.0, flipHoriz=False, flipVert=False, image='images/response_square.jpg', interpolate=True, mask=None, maskParams=None, name='square_button', opacity=1, ori=0.0, pos=array([ 0.  , -0.25]), size=array([0.2, 0.1]), texRes=128.0, units='height', win=Window(...))
9.3914 	EXP 	Created plus_button = ImageStim(__class__=<class 'psychopy.visual.image.ImageStim'>, autoLog=True, color=array([1., 1., 1.]), colorSpace='rgb', contrast=1.0, depth=-6.0, flipHoriz=False, flipVert=False, image='images/response_plus.jpg', interpolate=True, mask=None, maskParams=None, name='plus_button', opacity=1, ori=0.0, pos=array([ 0.25, -0.25]), size=array([0.2, 0.1]), texRes=128.0, units='height', win=Window(...))
9.4750 	EXP 	Created cross_button = ImageStim(__class__=<class 'psychopy.visual.image.ImageStim'>, autoLog=True, color=array([1., 1., 1.]), colorSpace='rgb', contrast=1.0, depth=-7.0, flipHoriz=False, flipVert=False, image='images/response_cross.jpg', interpolate=True, mask=None, maskParams=None, name='cross_button', opacity=1, ori=0.0, pos=array([-0.25, -0.25]), size=array([0.2, 0.1]), texRes=128.0, units='height', win=Window(...))
9.4773 	EXP 	Created targetImage = ImageStim(__class__=<class 'psychopy.visual.image.ImageStim'>, autoLog=True, color=array([1., 1., 1.]), colorSpace='rgb', contrast=1.0, depth=-8.0, flipHoriz=False, flipVert=False, image='sin', interpolate=True, mask=None, maskParams=None, name='targetImage', opacity=1, ori=0.0, pos=array([0., 0.]), size=array([0.2, 0.2]), texRes=128, units='height', win=Window(...))
9.4775 	EXP 	window1: mouseVisible = True
9.4854 	EXP 	Created end_text = TextStim(__class__=<class 'psychopy.visual.text.TextStim'>, alignHoriz=method-wrapper(...), alignText='center', alignVert=method-wrapper(...), anchorHoriz='center', anchorVert='center', antialias=True, autoLog=True, bold=False, color=array([-1., -1., -1.]), colorSpace='rgb', contrast=1.0, depth=0.0, flipHoriz=False, flipVert=False, font='Arial', fontFiles=[], height=0.035, italic=False, languageStyle='LTR', name='end_text', opacity=1, ori=0.0, pos=array([0., 0.]), rgb=UNKNOWN, text=str(...), units='height', win=Window(...), wrapWidth=1)
9.5554 	EXP 	instr: autoDraw = True
9.5554 	EXP 	intro_square: autoDraw = True
9.5554 	EXP 	intro_plus: autoDraw = True
9.5554 	EXP 	intro_cross: autoDraw = True
13.6423 	DATA 	Mouse: Left button down, pos=(943,399)
13.6486 	EXP 	Imported RTtimeConditions.xlsx as conditions, 9 conditions, 2 params
13.6490 	EXP 	Created sequence: random, trialTypes=9, nReps=1, seed=None
13.6491 	EXP 	New trial (rep=0, index=0): {'onsetTime': 1.5, 'thisImage': 'images/target_square.jpg'}
13.6993 	EXP 	instr: autoDraw = False
13.6993 	EXP 	intro_square: autoDraw = False
13.6993 	EXP 	intro_plus: autoDraw = False
13.6993 	EXP 	intro_cross: autoDraw = False
13.6993 	EXP 	targetImage: pos = array([0.125, 0.   ])
13.6993 	EXP 	targetImage: image = 'images/target_square.jpg'
13.6993 	EXP 	square_button: autoDraw = True
13.6993 	EXP 	plus_button: autoDraw = True
13.6993 	EXP 	cross_button: autoDraw = True
13.7293 	DATA 	Mouse:  Left button up, pos=(943,399)
14.2082 	EXP 	rightright_tile: autoDraw = True
14.2082 	EXP 	right_tile: autoDraw = True
14.2082 	EXP 	left_tile: autoDraw = True
14.2082 	EXP 	leftleft_tile: autoDraw = True
15.1943 	EXP 	targetImage: autoDraw = True
15.3933 	EXP 	targetImage: autoDraw = False
16.1840 	DATA 	Mouse: Left button down, pos=(667,208)
16.2312 	EXP 	rightright_tile: autoDraw = False
16.2312 	EXP 	right_tile: autoDraw = False
16.2312 	EXP 	left_tile: autoDraw = False
16.2312 	EXP 	leftleft_tile: autoDraw = False
16.2312 	EXP 	square_button: autoDraw = False
16.2312 	EXP 	plus_button: autoDraw = False
16.2312 	EXP 	cross_button: autoDraw = False
16.2312 	EXP 	targetImage: autoDraw = False
16.2312 	EXP 	text_fb: text = 'The duration of the last routine was: 2.511 \nThe last recorded RT was: 1.01 \nThe response type was: mouse \nThe response was: correct \n\nPress or click to continue.'
16.2312 	EXP 	text_fb: autoDraw = True
16.2630 	DATA 	Mouse:  Left button up, pos=(667,208)
19.1460 	DATA 	Mouse: Left button down, pos=(649,209)
19.1489 	EXP 	New trial (rep=0, index=1): {'onsetTime': 1.1, 'thisImage': 'images/target_square.jpg'}
19.1969 	EXP 	text_fb: autoDraw = False
19.1969 	EXP 	targetImage: pos = array([-0.125,  0.   ])
19.1969 	EXP 	targetImage: image = 'images/target_square.jpg'
19.1969 	EXP 	square_button: autoDraw = True
19.1969 	EXP 	plus_button: autoDraw = True
19.1969 	EXP 	cross_button: autoDraw = True
19.2292 	DATA 	Mouse:  Left button up, pos=(649,209)
19.6940 	EXP 	rightright_tile: autoDraw = True
19.6940 	EXP 	right_tile: autoDraw = True
19.6940 	EXP 	left_tile: autoDraw = True
19.6940 	EXP 	leftleft_tile: autoDraw = True
20.2945 	EXP 	targetImage: autoDraw = True
20.4941 	EXP 	targetImage: autoDraw = False
21.3802 	DATA 	Mouse: Left button down, pos=(772,209)
21.3961 	EXP 	rightright_tile: autoDraw = False
21.3961 	EXP 	right_tile: autoDraw = False
21.3961 	EXP 	left_tile: autoDraw = False
21.3961 	EXP 	leftleft_tile: autoDraw = False
21.3961 	EXP 	square_button: autoDraw = False
21.3961 	EXP 	plus_button: autoDraw = False
21.3961 	EXP 	cross_button: autoDraw = False
21.3961 	EXP 	targetImage: autoDraw = False
21.3961 	EXP 	text_fb: text = 'The duration of the last routine was: 2.194 \nThe last recorded RT was: 1.092 \nThe response type was: mouse \nThe response was: incorrect \n\nPress or click to continue.'
21.3961 	EXP 	text_fb: autoDraw = True
21.4625 	DATA 	Mouse:  Left button up, pos=(772,209)
24.1334 	DATA 	Mouse: Left button down, pos=(772,209)
24.1498 	EXP 	New trial (rep=0, index=2): {'onsetTime': 1.3, 'thisImage': 'images/target_plus.jpg'}
24.2108 	EXP 	text_fb: autoDraw = False
24.2108 	EXP 	targetImage: pos = array([0.125, 0.   ])
24.2108 	EXP 	targetImage: image = 'images/target_plus.jpg'
24.2108 	EXP 	square_button: autoDraw = True
24.2108 	EXP 	plus_button: autoDraw = True
24.2108 	EXP 	cross_button: autoDraw = True
24.2205 	DATA 	Mouse:  Left button up, pos=(772,209)
24.6946 	EXP 	rightright_tile: autoDraw = True
24.6946 	EXP 	right_tile: autoDraw = True
24.6946 	EXP 	left_tile: autoDraw = True
24.6946 	EXP 	leftleft_tile: autoDraw = True
25.4951 	EXP 	targetImage: autoDraw = True
25.6949 	EXP 	targetImage: autoDraw = False
26.0470 	DATA 	Mouse: Left button down, pos=(472,206)
26.0623 	EXP 	rightright_tile: autoDraw = False
26.0623 	EXP 	right_tile: autoDraw = False
26.0623 	EXP 	left_tile: autoDraw = False
26.0623 	EXP 	leftleft_tile: autoDraw = False
26.0623 	EXP 	square_button: autoDraw = False
26.0623 	EXP 	plus_button: autoDraw = False
26.0623 	EXP 	cross_button: autoDraw = False
26.0623 	EXP 	targetImage: autoDraw = False
26.0623 	EXP 	text_fb: text = 'The duration of the last routine was: 1.851 \nThe last recorded RT was: 0.545 \nThe response type was: mouse \nThe response was: incorrect \n\nPress or click to continue.'
26.0623 	EXP 	text_fb: autoDraw = True
26.1337 	DATA 	Mouse:  Left button up, pos=(472,206)
27.6485 	DATA 	Mouse: Left button down, pos=(482,259)
27.6506 	EXP 	New trial (rep=0, index=3): {'onsetTime': 1.1, 'thisImage': 'images/target_plus.jpg'}
27.6976 	EXP 	text_fb: autoDraw = False
27.6976 	EXP 	targetImage: pos = array([-0.125,  0.   ])
27.6976 	EXP 	targetImage: image = 'images/target_plus.jpg'
27.6976 	EXP 	square_button: autoDraw = True
27.6976 	EXP 	plus_button: autoDraw = True
27.6976 	EXP 	cross_button: autoDraw = True
27.7309 	DATA 	Mouse:  Left button up, pos=(482,259)
28.1949 	EXP 	rightright_tile: autoDraw = True
28.1949 	EXP 	right_tile: autoDraw = True
28.1949 	EXP 	left_tile: autoDraw = True
28.1949 	EXP 	leftleft_tile: autoDraw = True
28.7958 	EXP 	targetImage: autoDraw = True
28.9959 	EXP 	targetImage: autoDraw = False
29.9514 	DATA 	Mouse: Left button down, pos=(784,210)
29.9804 	EXP 	rightright_tile: autoDraw = False
29.9804 	EXP 	right_tile: autoDraw = False
29.9804 	EXP 	left_tile: autoDraw = False
29.9804 	EXP 	leftleft_tile: autoDraw = False
29.9804 	EXP 	square_button: autoDraw = False
29.9804 	EXP 	plus_button: autoDraw = False
29.9804 	EXP 	cross_button: autoDraw = False
29.9804 	EXP 	targetImage: autoDraw = False
29.9804 	EXP 	text_fb: text = 'The duration of the last routine was: 2.278 \nThe last recorded RT was: 1.175 \nThe response type was: mouse \nThe response was: correct \n\nPress or click to continue.'
29.9804 	EXP 	text_fb: autoDraw = True
30.0307 	DATA 	Mouse:  Left button up, pos=(784,210)
32.0136 	DATA 	Mouse: Left button down, pos=(784,210)
32.0166 	EXP 	New trial (rep=0, index=4): {'onsetTime': 1.5, 'thisImage': 'images/target_plus.jpg'}
32.0654 	EXP 	text_fb: autoDraw = False
32.0654 	EXP 	targetImage: pos = array([0.125, 0.   ])
32.0654 	EXP 	targetImage: image = 'images/target_plus.jpg'
32.0654 	EXP 	square_button: autoDraw = True
32.0654 	EXP 	plus_button: autoDraw = True
32.0654 	EXP 	cross_button: autoDraw = True
32.0972 	DATA 	Mouse:  Left button up, pos=(784,210)
32.5622 	EXP 	rightright_tile: autoDraw = True
32.5622 	EXP 	right_tile: autoDraw = True
32.5622 	EXP 	left_tile: autoDraw = True
32.5622 	EXP 	leftleft_tile: autoDraw = True
33.5625 	EXP 	targetImage: autoDraw = True
33.7622 	EXP 	targetImage: autoDraw = False
34.1812 	DATA 	Mouse: Left button down, pos=(784,210)
34.2008 	EXP 	rightright_tile: autoDraw = False
34.2008 	EXP 	right_tile: autoDraw = False
34.2008 	EXP 	left_tile: autoDraw = False
34.2008 	EXP 	leftleft_tile: autoDraw = False
34.2008 	EXP 	square_button: autoDraw = False
34.2008 	EXP 	plus_button: autoDraw = False
34.2008 	EXP 	cross_button: autoDraw = False
34.2008 	EXP 	targetImage: autoDraw = False
34.2008 	EXP 	text_fb: text = 'The duration of the last routine was: 2.127 \nThe last recorded RT was: 0.625 \nThe response type was: mouse \nThe response was: correct \n\nPress or click to continue.'
34.2008 	EXP 	text_fb: autoDraw = True
34.2479 	DATA 	Mouse:  Left button up, pos=(784,210)
34.9986 	DATA 	Mouse: Left button down, pos=(784,210)
35.0015 	EXP 	New trial (rep=0, index=5): {'onsetTime': 1.3, 'thisImage': 'images/target_square.jpg'}
35.0486 	EXP 	text_fb: autoDraw = False
35.0486 	EXP 	targetImage: pos = array([0.375, 0.   ])
35.0486 	EXP 	targetImage: image = 'images/target_square.jpg'
35.0486 	EXP 	square_button: autoDraw = True
35.0486 	EXP 	plus_button: autoDraw = True
35.0486 	EXP 	cross_button: autoDraw = True
35.1165 	DATA 	Mouse:  Left button up, pos=(784,210)
35.5456 	EXP 	rightright_tile: autoDraw = True
35.5456 	EXP 	right_tile: autoDraw = True
35.5456 	EXP 	left_tile: autoDraw = True
35.5456 	EXP 	leftleft_tile: autoDraw = True
36.3461 	EXP 	targetImage: autoDraw = True
36.5458 	EXP 	targetImage: autoDraw = False
37.2153 	DATA 	Mouse: Left button down, pos=(676,205)
37.2307 	EXP 	rightright_tile: autoDraw = False
37.2307 	EXP 	right_tile: autoDraw = False
37.2307 	EXP 	left_tile: autoDraw = False
37.2307 	EXP 	leftleft_tile: autoDraw = False
37.2307 	EXP 	square_button: autoDraw = False
37.2307 	EXP 	plus_button: autoDraw = False
37.2307 	EXP 	cross_button: autoDraw = False
37.2307 	EXP 	targetImage: autoDraw = False
37.2307 	EXP 	text_fb: text = 'The duration of the last routine was: 2.175 \nThe last recorded RT was: 0.875 \nThe response type was: mouse \nThe response was: correct \n\nPress or click to continue.'
37.2307 	EXP 	text_fb: autoDraw = True
37.2848 	DATA 	Mouse:  Left button up, pos=(676,205)
38.7355 	DATA 	Mouse: Left button down, pos=(676,205)
38.7509 	EXP 	New trial (rep=0, index=6): {'onsetTime': 1.5, 'thisImage': 'images/target_cross.jpg'}
38.7997 	EXP 	text_fb: autoDraw = False
38.7997 	EXP 	targetImage: pos = array([0.375, 0.   ])
38.7997 	EXP 	targetImage: image = 'images/target_cross.jpg'
38.7997 	EXP 	square_button: autoDraw = True
38.7997 	EXP 	plus_button: autoDraw = True
38.7997 	EXP 	cross_button: autoDraw = True
38.8312 	DATA 	Mouse:  Left button up, pos=(676,205)
39.2961 	EXP 	rightright_tile: autoDraw = True
39.2961 	EXP 	right_tile: autoDraw = True
39.2961 	EXP 	left_tile: autoDraw = True
39.2961 	EXP 	leftleft_tile: autoDraw = True
40.2965 	EXP 	targetImage: autoDraw = True
40.4964 	EXP 	targetImage: autoDraw = False
41.2155 	DATA 	Mouse: Left button down, pos=(486,202)
41.2291 	EXP 	rightright_tile: autoDraw = False
41.2291 	EXP 	right_tile: autoDraw = False
41.2291 	EXP 	left_tile: autoDraw = False
41.2291 	EXP 	leftleft_tile: autoDraw = False
41.2291 	EXP 	square_button: autoDraw = False
41.2291 	EXP 	plus_button: autoDraw = False
41.2291 	EXP 	cross_button: autoDraw = False
41.2291 	EXP 	targetImage: autoDraw = False
41.2291 	EXP 	text_fb: text = 'The duration of the last routine was: 2.427 \nThe last recorded RT was: 0.925 \nThe response type was: mouse \nThe response was: correct \n\nPress or click to continue.'
41.2291 	EXP 	text_fb: autoDraw = True
41.2852 	DATA 	Mouse:  Left button up, pos=(485,202)
42.3024 	DATA 	Mouse: Left button down, pos=(485,202)
42.3181 	EXP 	New trial (rep=0, index=7): {'onsetTime': 1.3, 'thisImage': 'images/target_cross.jpg'}
42.3631 	DATA 	Mouse:  Left button up, pos=(485,202)
42.3676 	EXP 	text_fb: autoDraw = False
42.3676 	EXP 	targetImage: pos = array([-0.125,  0.   ])
42.3676 	EXP 	targetImage: image = 'images/target_cross.jpg'
42.3676 	EXP 	square_button: autoDraw = True
42.3676 	EXP 	plus_button: autoDraw = True
42.3676 	EXP 	cross_button: autoDraw = True
42.8635 	EXP 	rightright_tile: autoDraw = True
42.8635 	EXP 	right_tile: autoDraw = True
42.8635 	EXP 	left_tile: autoDraw = True
42.8635 	EXP 	leftleft_tile: autoDraw = True
43.6640 	EXP 	targetImage: autoDraw = True
43.8635 	EXP 	targetImage: autoDraw = False
44.3327 	DATA 	Mouse: Left button down, pos=(485,202)
44.3488 	EXP 	rightright_tile: autoDraw = False
44.3488 	EXP 	right_tile: autoDraw = False
44.3488 	EXP 	left_tile: autoDraw = False
44.3488 	EXP 	leftleft_tile: autoDraw = False
44.3488 	EXP 	square_button: autoDraw = False
44.3488 	EXP 	plus_button: autoDraw = False
44.3488 	EXP 	cross_button: autoDraw = False
44.3488 	EXP 	targetImage: autoDraw = False
44.3488 	EXP 	text_fb: text = 'The duration of the last routine was: 1.975 \nThe last recorded RT was: 0.674 \nThe response type was: mouse \nThe response was: correct \n\nPress or click to continue.'
44.3488 	EXP 	text_fb: autoDraw = True
44.3992 	DATA 	Mouse:  Left button up, pos=(485,202)
45.1031 	DATA 	Mouse: Left button down, pos=(485,202)
45.1188 	EXP 	New trial (rep=0, index=8): {'onsetTime': 1.1, 'thisImage': 'images/target_cross.jpg'}
45.1689 	EXP 	text_fb: autoDraw = False
45.1689 	EXP 	targetImage: pos = array([0.375, 0.   ])
45.1689 	EXP 	targetImage: image = 'images/target_cross.jpg'
45.1689 	EXP 	square_button: autoDraw = True
45.1689 	EXP 	plus_button: autoDraw = True
45.1689 	EXP 	cross_button: autoDraw = True
45.1984 	DATA 	Mouse:  Left button up, pos=(485,202)
45.6637 	EXP 	rightright_tile: autoDraw = True
45.6637 	EXP 	right_tile: autoDraw = True
45.6637 	EXP 	left_tile: autoDraw = True
45.6637 	EXP 	leftleft_tile: autoDraw = True
46.2638 	EXP 	targetImage: autoDraw = True
46.4635 	EXP 	targetImage: autoDraw = False
46.8993 	DATA 	Mouse: Left button down, pos=(485,202)
46.9176 	EXP 	rightright_tile: autoDraw = False
46.9176 	EXP 	right_tile: autoDraw = False
46.9176 	EXP 	left_tile: autoDraw = False
46.9176 	EXP 	leftleft_tile: autoDraw = False
46.9176 	EXP 	square_button: autoDraw = False
46.9176 	EXP 	plus_button: autoDraw = False
46.9176 	EXP 	cross_button: autoDraw = False
46.9176 	EXP 	targetImage: autoDraw = False
46.9176 	EXP 	text_fb: text = 'The duration of the last routine was: 1.739 \nThe last recorded RT was: 0.64 \nThe response type was: mouse \nThe response was: correct \n\nPress or click to continue.'
46.9176 	EXP 	text_fb: autoDraw = True
46.9827 	DATA 	Mouse:  Left button up, pos=(485,202)
48.0993 	DATA 	Mouse: Left button down, pos=(485,202)
48.1132 	EXP 	text_fb: autoDraw = False
48.1989 	DATA 	Mouse:  Left button up, pos=(485,202)
48.5968 	EXP 	main_trial_instruct: autoDraw = True
49.0974 	EXP 	ready_button: autoDraw = True
49.9991 	DATA 	Mouse: Left button down, pos=(646,201)
50.0072 	EXP 	Imported RTtimeConditions.xlsx as conditions, 9 conditions, 2 params
50.0075 	EXP 	Created sequence: random, trialTypes=9, nReps=2, seed=None
50.0077 	EXP 	New trial (rep=0, index=0): {'onsetTime': 1.1, 'thisImage': 'images/target_cross.jpg'}
50.0530 	EXP 	main_trial_instruct: autoDraw = False
50.0530 	EXP 	ready_button: autoDraw = False
50.0530 	EXP 	targetImage: pos = array([0.375, 0.   ])
50.0530 	EXP 	targetImage: image = 'images/target_cross.jpg'
50.0530 	EXP 	square_button: autoDraw = True
50.0530 	EXP 	plus_button: autoDraw = True
50.0530 	EXP 	cross_button: autoDraw = True
50.0822 	DATA 	Mouse:  Left button up, pos=(646,201)
50.5471 	EXP 	rightright_tile: autoDraw = True
50.5471 	EXP 	right_tile: autoDraw = True
50.5471 	EXP 	left_tile: autoDraw = True
50.5471 	EXP 	leftleft_tile: autoDraw = True
51.1481 	EXP 	targetImage: autoDraw = True
51.3473 	EXP 	targetImage: autoDraw = False
51.6707 	DATA 	Mouse: Left button down, pos=(646,201)
51.6884 	EXP 	New trial (rep=0, index=1): {'onsetTime': 1.1, 'thisImage': 'images/target_square.jpg'}
51.7349 	EXP 	rightright_tile: autoDraw = False
51.7349 	EXP 	right_tile: autoDraw = False
51.7349 	EXP 	left_tile: autoDraw = False
51.7349 	EXP 	leftleft_tile: autoDraw = False
51.7349 	EXP 	square_button: autoDraw = False
51.7349 	EXP 	plus_button: autoDraw = False
51.7349 	EXP 	cross_button: autoDraw = False
51.7349 	EXP 	targetImage: autoDraw = False
51.7349 	EXP 	targetImage: pos = array([-0.375,  0.   ])
51.7349 	EXP 	targetImage: image = 'images/target_square.jpg'
51.7349 	EXP 	square_button: autoDraw = True
51.7349 	EXP 	plus_button: autoDraw = True
51.7349 	EXP 	cross_button: autoDraw = True
51.7663 	DATA 	Mouse:  Left button up, pos=(646,201)
52.2308 	EXP 	rightright_tile: autoDraw = True
52.2308 	EXP 	right_tile: autoDraw = True
52.2308 	EXP 	left_tile: autoDraw = True
52.2308 	EXP 	leftleft_tile: autoDraw = True
52.8313 	EXP 	targetImage: autoDraw = True
53.0308 	EXP 	targetImage: autoDraw = False
53.7669 	DATA 	Mouse: Left button down, pos=(841,194)
53.7692 	EXP 	New trial (rep=0, index=2): {'onsetTime': 1.5, 'thisImage': 'images/target_plus.jpg'}
53.8135 	EXP 	rightright_tile: autoDraw = False
53.8135 	EXP 	right_tile: autoDraw = False
53.8135 	EXP 	left_tile: autoDraw = False
53.8135 	EXP 	leftleft_tile: autoDraw = False
53.8135 	EXP 	square_button: autoDraw = False
53.8135 	EXP 	plus_button: autoDraw = False
53.8135 	EXP 	cross_button: autoDraw = False
53.8135 	EXP 	targetImage: autoDraw = False
53.8135 	EXP 	targetImage: pos = array([-0.375,  0.   ])
53.8135 	EXP 	targetImage: image = 'images/target_plus.jpg'
53.8135 	EXP 	square_button: autoDraw = True
53.8135 	EXP 	plus_button: autoDraw = True
53.8135 	EXP 	cross_button: autoDraw = True
53.8215 	DATA 	Mouse:  Left button up, pos=(841,194)
54.2976 	EXP 	rightright_tile: autoDraw = True
54.2976 	EXP 	right_tile: autoDraw = True
54.2976 	EXP 	left_tile: autoDraw = True
54.2976 	EXP 	leftleft_tile: autoDraw = True
55.2982 	EXP 	targetImage: autoDraw = True
55.4979 	EXP 	targetImage: autoDraw = False
56.0170 	DATA 	Mouse: Left button down, pos=(499,203)
56.0214 	EXP 	New trial (rep=0, index=3): {'onsetTime': 1.5, 'thisImage': 'images/target_square.jpg'}
56.0680 	EXP 	rightright_tile: autoDraw = False
56.0680 	EXP 	right_tile: autoDraw = False
56.0680 	EXP 	left_tile: autoDraw = False
56.0680 	EXP 	leftleft_tile: autoDraw = False
56.0680 	EXP 	square_button: autoDraw = False
56.0680 	EXP 	plus_button: autoDraw = False
56.0680 	EXP 	cross_button: autoDraw = False
56.0680 	EXP 	targetImage: autoDraw = False
56.0680 	EXP 	targetImage: pos = array([0.375, 0.   ])
56.0680 	EXP 	targetImage: image = 'images/target_square.jpg'
56.0680 	EXP 	square_button: autoDraw = True
56.0680 	EXP 	plus_button: autoDraw = True
56.0680 	EXP 	cross_button: autoDraw = True
56.0855 	DATA 	Mouse:  Left button up, pos=(499,203)
56.5646 	EXP 	rightright_tile: autoDraw = True
56.5646 	EXP 	right_tile: autoDraw = True
56.5646 	EXP 	left_tile: autoDraw = True
56.5646 	EXP 	leftleft_tile: autoDraw = True
57.5650 	EXP 	targetImage: autoDraw = True
57.7646 	EXP 	targetImage: autoDraw = False
58.4063 	DATA 	Mouse: Left button down, pos=(588,203)
58.4211 	EXP 	New trial (rep=0, index=4): {'onsetTime': 1.5, 'thisImage': 'images/target_cross.jpg'}
58.4684 	EXP 	rightright_tile: autoDraw = False
58.4684 	EXP 	right_tile: autoDraw = False
58.4684 	EXP 	left_tile: autoDraw = False
58.4684 	EXP 	leftleft_tile: autoDraw = False
58.4684 	EXP 	square_button: autoDraw = False
58.4684 	EXP 	plus_button: autoDraw = False
58.4684 	EXP 	cross_button: autoDraw = False
58.4684 	EXP 	targetImage: autoDraw = False
58.4684 	EXP 	targetImage: pos = array([0.375, 0.   ])
58.4684 	EXP 	targetImage: image = 'images/target_cross.jpg'
58.4684 	EXP 	square_button: autoDraw = True
58.4684 	EXP 	plus_button: autoDraw = True
58.4684 	EXP 	cross_button: autoDraw = True
58.5006 	DATA 	Mouse:  Left button up, pos=(588,203)
58.9652 	EXP 	rightright_tile: autoDraw = True
58.9652 	EXP 	right_tile: autoDraw = True
58.9652 	EXP 	left_tile: autoDraw = True
58.9652 	EXP 	leftleft_tile: autoDraw = True
59.9657 	EXP 	targetImage: autoDraw = True
60.1649 	EXP 	targetImage: autoDraw = False
60.7177 	DATA 	Mouse: Left button down, pos=(504,201)
60.7219 	EXP 	New trial (rep=0, index=5): {'onsetTime': 1.3, 'thisImage': 'images/target_cross.jpg'}
60.7683 	EXP 	rightright_tile: autoDraw = False
60.7683 	EXP 	right_tile: autoDraw = False
60.7683 	EXP 	left_tile: autoDraw = False
60.7683 	EXP 	leftleft_tile: autoDraw = False
60.7683 	EXP 	square_button: autoDraw = False
60.7683 	EXP 	plus_button: autoDraw = False
60.7683 	EXP 	cross_button: autoDraw = False
60.7683 	EXP 	targetImage: autoDraw = False
60.7683 	EXP 	targetImage: pos = array([-0.375,  0.   ])
60.7683 	EXP 	targetImage: image = 'images/target_cross.jpg'
60.7683 	EXP 	square_button: autoDraw = True
60.7683 	EXP 	plus_button: autoDraw = True
60.7683 	EXP 	cross_button: autoDraw = True
60.8001 	DATA 	Mouse:  Left button up, pos=(504,201)
61.2654 	EXP 	rightright_tile: autoDraw = True
61.2654 	EXP 	right_tile: autoDraw = True
61.2654 	EXP 	left_tile: autoDraw = True
61.2654 	EXP 	leftleft_tile: autoDraw = True
62.0655 	EXP 	targetImage: autoDraw = True
62.2651 	EXP 	targetImage: autoDraw = False
62.7676 	DATA 	Mouse: Left button down, pos=(489,203)
62.7716 	EXP 	New trial (rep=0, index=6): {'onsetTime': 1.3, 'thisImage': 'images/target_plus.jpg'}
62.8177 	EXP 	rightright_tile: autoDraw = False
62.8177 	EXP 	right_tile: autoDraw = False
62.8177 	EXP 	left_tile: autoDraw = False
62.8177 	EXP 	leftleft_tile: autoDraw = False
62.8177 	EXP 	square_button: autoDraw = False
62.8177 	EXP 	plus_button: autoDraw = False
62.8177 	EXP 	cross_button: autoDraw = False
62.8177 	EXP 	targetImage: autoDraw = False
62.8177 	EXP 	targetImage: pos = array([-0.125,  0.   ])
62.8177 	EXP 	targetImage: image = 'images/target_plus.jpg'
62.8177 	EXP 	square_button: autoDraw = True
62.8177 	EXP 	plus_button: autoDraw = True
62.8177 	EXP 	cross_button: autoDraw = True
62.8506 	DATA 	Mouse:  Left button up, pos=(489,203)
63.3154 	EXP 	rightright_tile: autoDraw = True
63.3154 	EXP 	right_tile: autoDraw = True
63.3154 	EXP 	left_tile: autoDraw = True
63.3154 	EXP 	leftleft_tile: autoDraw = True
64.1157 	EXP 	targetImage: autoDraw = True
64.3153 	EXP 	targetImage: autoDraw = False
65.3028 	DATA 	Mouse: Left button down, pos=(882,184)
65.3056 	EXP 	New trial (rep=0, index=7): {'onsetTime': 1.1, 'thisImage': 'images/target_plus.jpg'}
65.3504 	EXP 	rightright_tile: autoDraw = False
65.3504 	EXP 	right_tile: autoDraw = False
65.3504 	EXP 	left_tile: autoDraw = False
65.3504 	EXP 	leftleft_tile: autoDraw = False
65.3504 	EXP 	square_button: autoDraw = False
65.3504 	EXP 	plus_button: autoDraw = False
65.3504 	EXP 	cross_button: autoDraw = False
65.3504 	EXP 	targetImage: autoDraw = False
65.3504 	EXP 	targetImage: pos = array([0.125, 0.   ])
65.3504 	EXP 	targetImage: image = 'images/target_plus.jpg'
65.3504 	EXP 	square_button: autoDraw = True
65.3504 	EXP 	plus_button: autoDraw = True
65.3504 	EXP 	cross_button: autoDraw = True
65.3674 	DATA 	Mouse:  Left button up, pos=(882,184)
65.8489 	EXP 	rightright_tile: autoDraw = True
65.8489 	EXP 	right_tile: autoDraw = True
65.8489 	EXP 	left_tile: autoDraw = True
65.8489 	EXP 	leftleft_tile: autoDraw = True
66.4493 	EXP 	targetImage: autoDraw = True
66.6489 	EXP 	targetImage: autoDraw = False
67.1347 	DATA 	Mouse: Left button down, pos=(864,184)
67.1393 	EXP 	New trial (rep=0, index=8): {'onsetTime': 1.3, 'thisImage': 'images/target_square.jpg'}
67.1876 	EXP 	rightright_tile: autoDraw = False
67.1876 	EXP 	right_tile: autoDraw = False
67.1876 	EXP 	left_tile: autoDraw = False
67.1876 	EXP 	leftleft_tile: autoDraw = False
67.1876 	EXP 	square_button: autoDraw = False
67.1876 	EXP 	plus_button: autoDraw = False
67.1876 	EXP 	cross_button: autoDraw = False
67.1876 	EXP 	targetImage: autoDraw = False
67.1876 	EXP 	targetImage: pos = array([-0.125,  0.   ])
67.1876 	EXP 	targetImage: image = 'images/target_square.jpg'
67.1876 	EXP 	square_button: autoDraw = True
67.1876 	EXP 	plus_button: autoDraw = True
67.1876 	EXP 	cross_button: autoDraw = True
67.2345 	DATA 	Mouse:  Left button up, pos=(864,184)
67.6823 	EXP 	rightright_tile: autoDraw = True
67.6823 	EXP 	right_tile: autoDraw = True
67.6823 	EXP 	left_tile: autoDraw = True
67.6823 	EXP 	leftleft_tile: autoDraw = True
68.4826 	EXP 	targetImage: autoDraw = True
68.6823 	EXP 	targetImage: autoDraw = False
69.3516 	DATA 	Mouse: Left button down, pos=(650,190)
69.3561 	EXP 	New trial (rep=1, index=0): {'onsetTime': 1.5, 'thisImage': 'images/target_cross.jpg'}
69.4038 	EXP 	rightright_tile: autoDraw = False
69.4038 	EXP 	right_tile: autoDraw = False
69.4038 	EXP 	left_tile: autoDraw = False
69.4038 	EXP 	leftleft_tile: autoDraw = False
69.4038 	EXP 	square_button: autoDraw = False
69.4038 	EXP 	plus_button: autoDraw = False
69.4038 	EXP 	cross_button: autoDraw = False
69.4038 	EXP 	targetImage: autoDraw = False
69.4038 	EXP 	targetImage: pos = array([-0.375,  0.   ])
69.4038 	EXP 	targetImage: image = 'images/target_cross.jpg'
69.4038 	EXP 	square_button: autoDraw = True
69.4038 	EXP 	plus_button: autoDraw = True
69.4038 	EXP 	cross_button: autoDraw = True
69.4376 	DATA 	Mouse:  Left button up, pos=(650,190)
69.8991 	EXP 	rightright_tile: autoDraw = True
69.8991 	EXP 	right_tile: autoDraw = True
69.8991 	EXP 	left_tile: autoDraw = True
69.8991 	EXP 	leftleft_tile: autoDraw = True
70.9001 	EXP 	targetImage: autoDraw = True
71.0994 	EXP 	targetImage: autoDraw = False
71.6870 	DATA 	Mouse: Left button down, pos=(528,198)
71.7686 	DATA 	Mouse:  Left button up, pos=(528,198)
72.1021 	DATA 	Mouse: Left button down, pos=(415,197)
72.1062 	EXP 	New trial (rep=1, index=1): {'onsetTime': 1.3, 'thisImage': 'images/target_plus.jpg'}
72.1524 	EXP 	rightright_tile: autoDraw = False
72.1524 	EXP 	right_tile: autoDraw = False
72.1524 	EXP 	left_tile: autoDraw = False
72.1524 	EXP 	leftleft_tile: autoDraw = False
72.1524 	EXP 	square_button: autoDraw = False
72.1524 	EXP 	plus_button: autoDraw = False
72.1524 	EXP 	cross_button: autoDraw = False
72.1524 	EXP 	targetImage: autoDraw = False
72.1524 	EXP 	targetImage: pos = array([0.375, 0.   ])
72.1524 	EXP 	targetImage: image = 'images/target_plus.jpg'
72.1524 	EXP 	square_button: autoDraw = True
72.1524 	EXP 	plus_button: autoDraw = True
72.1524 	EXP 	cross_button: autoDraw = True
72.1569 	DATA 	Mouse:  Left button up, pos=(415,197)
72.6496 	EXP 	rightright_tile: autoDraw = True
72.6496 	EXP 	right_tile: autoDraw = True
72.6496 	EXP 	left_tile: autoDraw = True
72.6496 	EXP 	leftleft_tile: autoDraw = True
73.4503 	EXP 	targetImage: autoDraw = True
73.6497 	EXP 	targetImage: autoDraw = False
74.4067 	DATA 	Mouse: Left button down, pos=(770,197)
74.4222 	EXP 	New trial (rep=1, index=2): {'onsetTime': 1.1, 'thisImage': 'images/target_square.jpg'}
74.4680 	EXP 	rightright_tile: autoDraw = False
74.4680 	EXP 	right_tile: autoDraw = False
74.4680 	EXP 	left_tile: autoDraw = False
74.4680 	EXP 	leftleft_tile: autoDraw = False
74.4680 	EXP 	square_button: autoDraw = False
74.4680 	EXP 	plus_button: autoDraw = False
74.4680 	EXP 	cross_button: autoDraw = False
74.4680 	EXP 	targetImage: autoDraw = False
74.4680 	EXP 	targetImage: pos = array([-0.125,  0.   ])
74.4680 	EXP 	targetImage: image = 'images/target_square.jpg'
74.4680 	EXP 	square_button: autoDraw = True
74.4680 	EXP 	plus_button: autoDraw = True
74.4680 	EXP 	cross_button: autoDraw = True
74.4849 	DATA 	Mouse:  Left button up, pos=(770,197)
74.9664 	EXP 	rightright_tile: autoDraw = True
74.9664 	EXP 	right_tile: autoDraw = True
74.9664 	EXP 	left_tile: autoDraw = True
74.9664 	EXP 	leftleft_tile: autoDraw = True
75.5668 	EXP 	targetImage: autoDraw = True
75.7671 	EXP 	targetImage: autoDraw = False
76.3525 	DATA 	Mouse: Left button down, pos=(655,197)
76.3564 	EXP 	New trial (rep=1, index=3): {'onsetTime': 1.1, 'thisImage': 'images/target_cross.jpg'}
76.4032 	EXP 	rightright_tile: autoDraw = False
76.4032 	EXP 	right_tile: autoDraw = False
76.4032 	EXP 	left_tile: autoDraw = False
76.4032 	EXP 	leftleft_tile: autoDraw = False
76.4032 	EXP 	square_button: autoDraw = False
76.4032 	EXP 	plus_button: autoDraw = False
76.4032 	EXP 	cross_button: autoDraw = False
76.4032 	EXP 	targetImage: autoDraw = False
76.4032 	EXP 	targetImage: pos = array([0.375, 0.   ])
76.4032 	EXP 	targetImage: image = 'images/target_cross.jpg'
76.4032 	EXP 	square_button: autoDraw = True
76.4032 	EXP 	plus_button: autoDraw = True
76.4032 	EXP 	cross_button: autoDraw = True
76.4349 	DATA 	Mouse:  Left button up, pos=(655,197)
76.8999 	EXP 	rightright_tile: autoDraw = True
76.8999 	EXP 	right_tile: autoDraw = True
76.8999 	EXP 	left_tile: autoDraw = True
76.8999 	EXP 	leftleft_tile: autoDraw = True
77.5007 	EXP 	targetImage: autoDraw = True
77.7000 	EXP 	targetImage: autoDraw = False
78.4195 	DATA 	Mouse: Left button down, pos=(526,202)
78.4530 	DATA 	Mouse:  Left button up, pos=(526,202)
78.7739 	DATA 	Mouse: Left button down, pos=(473,200)
78.7893 	EXP 	New trial (rep=1, index=4): {'onsetTime': 1.5, 'thisImage': 'images/target_square.jpg'}
78.8335 	DATA 	Mouse:  Left button up, pos=(473,200)
78.8372 	EXP 	rightright_tile: autoDraw = False
78.8372 	EXP 	right_tile: autoDraw = False
78.8372 	EXP 	left_tile: autoDraw = False
78.8372 	EXP 	leftleft_tile: autoDraw = False
78.8372 	EXP 	square_button: autoDraw = False
78.8372 	EXP 	plus_button: autoDraw = False
78.8372 	EXP 	cross_button: autoDraw = False
78.8372 	EXP 	targetImage: autoDraw = False
78.8372 	EXP 	targetImage: pos = array([0.375, 0.   ])
78.8372 	EXP 	targetImage: image = 'images/target_square.jpg'
78.8372 	EXP 	square_button: autoDraw = True
78.8372 	EXP 	plus_button: autoDraw = True
78.8372 	EXP 	cross_button: autoDraw = True
79.3335 	EXP 	rightright_tile: autoDraw = True
79.3335 	EXP 	right_tile: autoDraw = True
79.3335 	EXP 	left_tile: autoDraw = True
79.3335 	EXP 	leftleft_tile: autoDraw = True
80.3340 	EXP 	targetImage: autoDraw = True
80.5335 	EXP 	targetImage: autoDraw = False
81.1028 	DATA 	Mouse: Left button down, pos=(627,205)
81.1070 	EXP 	New trial (rep=1, index=5): {'onsetTime': 1.3, 'thisImage': 'images/target_square.jpg'}
81.1548 	EXP 	rightright_tile: autoDraw = False
81.1548 	EXP 	right_tile: autoDraw = False
81.1548 	EXP 	left_tile: autoDraw = False
81.1548 	EXP 	leftleft_tile: autoDraw = False
81.1548 	EXP 	square_button: autoDraw = False
81.1548 	EXP 	plus_button: autoDraw = False
81.1548 	EXP 	cross_button: autoDraw = False
81.1548 	EXP 	targetImage: autoDraw = False
81.1548 	EXP 	targetImage: pos = array([-0.375,  0.   ])
81.1548 	EXP 	targetImage: image = 'images/target_square.jpg'
81.1548 	EXP 	square_button: autoDraw = True
81.1548 	EXP 	plus_button: autoDraw = True
81.1548 	EXP 	cross_button: autoDraw = True
81.1649 	DATA 	Mouse:  Left button up, pos=(627,205)
81.6507 	EXP 	rightright_tile: autoDraw = True
81.6507 	EXP 	right_tile: autoDraw = True
81.6507 	EXP 	left_tile: autoDraw = True
81.6507 	EXP 	leftleft_tile: autoDraw = True
82.4511 	EXP 	targetImage: autoDraw = True
82.6505 	EXP 	targetImage: autoDraw = False
83.4071 	DATA 	Mouse: Left button down, pos=(776,206)
83.4246 	EXP 	New trial (rep=1, index=6): {'onsetTime': 1.3, 'thisImage': 'images/target_cross.jpg'}
83.4719 	EXP 	rightright_tile: autoDraw = False
83.4719 	EXP 	right_tile: autoDraw = False
83.4719 	EXP 	left_tile: autoDraw = False
83.4719 	EXP 	leftleft_tile: autoDraw = False
83.4719 	EXP 	square_button: autoDraw = False
83.4719 	EXP 	plus_button: autoDraw = False
83.4719 	EXP 	cross_button: autoDraw = False
83.4719 	EXP 	targetImage: autoDraw = False
83.4719 	EXP 	targetImage: pos = array([-0.125,  0.   ])
83.4719 	EXP 	targetImage: image = 'images/target_cross.jpg'
83.4719 	EXP 	square_button: autoDraw = True
83.4719 	EXP 	plus_button: autoDraw = True
83.4719 	EXP 	cross_button: autoDraw = True
83.4768 	DATA 	Mouse:  Left button up, pos=(776,206)
83.9677 	EXP 	rightright_tile: autoDraw = True
83.9677 	EXP 	right_tile: autoDraw = True
83.9677 	EXP 	left_tile: autoDraw = True
83.9677 	EXP 	leftleft_tile: autoDraw = True
84.7682 	EXP 	targetImage: autoDraw = True
84.9676 	EXP 	targetImage: autoDraw = False
85.7432 	DATA 	Mouse: Left button down, pos=(357,195)
85.8066 	DATA 	Mouse:  Left button up, pos=(357,195)
86.4032 	DATA 	Mouse: Left button down, pos=(409,204)
86.4077 	EXP 	New trial (rep=1, index=7): {'onsetTime': 1.5, 'thisImage': 'images/target_plus.jpg'}
86.4533 	EXP 	rightright_tile: autoDraw = False
86.4533 	EXP 	right_tile: autoDraw = False
86.4533 	EXP 	left_tile: autoDraw = False
86.4533 	EXP 	leftleft_tile: autoDraw = False
86.4533 	EXP 	square_button: autoDraw = False
86.4533 	EXP 	plus_button: autoDraw = False
86.4533 	EXP 	cross_button: autoDraw = False
86.4533 	EXP 	targetImage: autoDraw = False
86.4533 	EXP 	targetImage: pos = array([0.375, 0.   ])
86.4533 	EXP 	targetImage: image = 'images/target_plus.jpg'
86.4533 	EXP 	square_button: autoDraw = True
86.4533 	EXP 	plus_button: autoDraw = True
86.4533 	EXP 	cross_button: autoDraw = True
86.4614 	DATA 	Mouse:  Left button up, pos=(409,205)
86.9511 	EXP 	rightright_tile: autoDraw = True
86.9511 	EXP 	right_tile: autoDraw = True
86.9511 	EXP 	left_tile: autoDraw = True
86.9511 	EXP 	leftleft_tile: autoDraw = True
87.9515 	EXP 	targetImage: autoDraw = True
88.1512 	EXP 	targetImage: autoDraw = False
88.8078 	DATA 	Mouse: Left button down, pos=(822,204)
88.8247 	EXP 	New trial (rep=1, index=8): {'onsetTime': 1.1, 'thisImage': 'images/target_plus.jpg'}
88.8702 	DATA 	Mouse:  Left button up, pos=(822,204)
88.8722 	EXP 	rightright_tile: autoDraw = False
88.8722 	EXP 	right_tile: autoDraw = False
88.8722 	EXP 	left_tile: autoDraw = False
88.8722 	EXP 	leftleft_tile: autoDraw = False
88.8722 	EXP 	square_button: autoDraw = False
88.8722 	EXP 	plus_button: autoDraw = False
88.8722 	EXP 	cross_button: autoDraw = False
88.8722 	EXP 	targetImage: autoDraw = False
88.8722 	EXP 	targetImage: pos = array([-0.375,  0.   ])
88.8722 	EXP 	targetImage: image = 'images/target_plus.jpg'
88.8722 	EXP 	square_button: autoDraw = True
88.8722 	EXP 	plus_button: autoDraw = True
88.8722 	EXP 	cross_button: autoDraw = True
89.3678 	EXP 	rightright_tile: autoDraw = True
89.3678 	EXP 	right_tile: autoDraw = True
89.3678 	EXP 	left_tile: autoDraw = True
89.3678 	EXP 	leftleft_tile: autoDraw = True
89.9685 	EXP 	targetImage: autoDraw = True
90.1680 	EXP 	targetImage: autoDraw = False
90.7037 	DATA 	Mouse: Left button down, pos=(811,204)
90.7179 	EXP 	rightright_tile: autoDraw = False
90.7179 	EXP 	right_tile: autoDraw = False
90.7179 	EXP 	left_tile: autoDraw = False
90.7179 	EXP 	leftleft_tile: autoDraw = False
90.7179 	EXP 	square_button: autoDraw = False
90.7179 	EXP 	plus_button: autoDraw = False
90.7179 	EXP 	cross_button: autoDraw = False
90.7179 	EXP 	targetImage: autoDraw = False
90.7540 	DATA 	Mouse:  Left button up, pos=(811,204)
91.2013 	EXP 	end_text: autoDraw = True
93.7014 	EXP 	end_text: autoDraw = False
93.7014 	EXP 	end_text: autoDraw = False
93.7844 	EXP 	window1: mouseVisible = True
